38
 energy: -64.695249637739 gnorm: 0.051274196339 xtb: 6.7.1 (edcfbbe)
C            5.35678249065164       -2.26926497097660       -1.10607477280135
C            4.11934317371501       -3.03945988107076       -1.50760970655176
O            3.11407574902578       -2.13646808775354       -2.07091697964002
C            2.37451023473043       -1.43963120968026       -1.20247198650475
O            2.42607438181234       -1.56575548897479        0.00913643556874
C            1.49005478386256       -0.45221580823145       -1.92201992532953
C            0.48000148347265        0.23233984242769       -1.00142406138057
H            0.00463404084480        1.04291694458211       -1.56699623630858
C            1.19574826139359        0.91365667290956        0.15906145628407
O            2.13366284317680        1.66275614883304       -0.05822162519545
O            0.68728231725223        0.65886716410323        1.35547210572281
C            1.27738762783981        1.37442292079837        2.49404815096321
C            0.69409633783700        2.76351331416103        2.60350233783859
S           -0.85397958042493       -0.96860739252633       -0.57623924769741
P           -2.33957970295862        0.29716379302548        0.23770951909554
S           -2.27576923449663        2.16841459455996       -0.29048316791056
O           -3.69946443289357       -0.49823962553083       -0.10505073702320
C           -4.35978660536643       -0.34842939231480       -1.38710748644841
O           -2.21932530872975       -0.04205003732785        1.80228498564412
C           -3.03887282870838        0.65971085249447        2.77680467154405
H            5.13045378354087       -1.53213588826647       -0.32942663105979
H            6.09976449874176       -2.96902684703534       -0.70882711122200
H            5.79034017973998       -1.75549963478034       -1.97013967902478
H            3.67657992276765       -3.57987670885182       -0.66797392784526
H            4.32295291229944       -3.73839386749074       -2.31892370325005
H            0.99002677696635       -0.94386866146686       -2.76194644857617
H            2.14327654833870        0.31431987269600       -2.35386368848453
H            1.01152334100299        0.75553904741740        3.35261697962791
H            2.36325425304551        1.38043787383689        2.37043776490725
H           -0.39886379725470        2.71875491524312        2.66855147405695
H            1.07712122017353        3.23908330955912        3.51263690205039
H            0.97537559923092        3.38210132058965        1.74473126944209
H           -5.33011000062281       -0.83555177135396       -1.27758548463751
H           -3.77765180634160       -0.84166529378642       -2.17401888436950
H           -4.49564877213460        0.71107722517691       -1.62415659335999
H           -2.94609472017334        1.74245042834800        2.64734528629212
H           -2.65061004715602        0.36411122356326        3.75245117085564
H           -4.08505872943392        0.35283149569388        2.67976008407994
38
 energy: -64.699180299777 gnorm: 0.021961958964 xtb: 6.7.1 (edcfbbe)
C            5.35943868650258       -2.27278573749549       -1.10332344478012
C            4.10956414396511       -3.02886323750985       -1.50457186331154
O            3.10927409116341       -2.12558788810038       -2.05001443762762
C            2.37354777031519       -1.42113854758429       -1.19814688816555
O            2.42236375150162       -1.53312504022303        0.00791796640282
C            1.48636171844007       -0.44448804789438       -1.93170438498693
C            0.47265402496043        0.23322881193221       -1.01137750907078
H           -0.02620113212158        1.03780802316805       -1.56555918019939
C            1.18588108902999        0.89907758824228        0.15497415087204
O            2.12894504272905        1.63269395137365       -0.05025337980803
O            0.66077683270202        0.66005077544879        1.33891558239258
C            1.24971848328298        1.35836322935431        2.47700024684949
C            0.69019978480466        2.75997135785736        2.60227987833106
S           -0.81432430737873       -0.98729230290618       -0.52345891092392
P           -2.30265189518722        0.27976141068815        0.24103350772773
S           -2.27898621495817        2.17567605056965       -0.27390307353686
O           -3.67789938792025       -0.48401668702852       -0.10116489386202
C           -4.33706092923954       -0.34079863592671       -1.37484904036435
O           -2.20671848047725       -0.03909552957698        1.80616069943098
C           -3.03246065235329        0.66032714076962        2.76321081351639
H            5.12934506272715       -1.54036563017852       -0.33057770400456
H            6.09674624070511       -2.97090449148543       -0.71157232046280
H            5.78269468081187       -1.75617788601531       -1.96288990673942
H            3.66923923858364       -3.55582169400888       -0.65469804468902
H            4.30731522686481       -3.72694177304231       -2.31875234920747
H            0.98433704156277       -0.95401092982844       -2.75628771443052
H            2.14085684044389        0.32159462226020       -2.35969371924327
H            0.98393832857429        0.73737811316463        3.33302115139477
H            2.33445956566382        1.36887784577781        2.34250236217417
H           -0.39666682437090        2.72582072583527        2.66096250957220
H            1.07806164665844        3.22742539337101        3.50550382493445
H            0.97361758374424        3.36806575948575        1.74405426128335
H           -5.30704651005709       -0.82102587457887       -1.25620067346802
H           -3.75987133983341       -0.84081258572234       -2.15338862438551
H           -4.46109118157632        0.71584475052046       -1.61693116664364
H           -2.94587705458907        1.73906915493094        2.62146658699065
H           -2.64666535133430        0.36998937309092        3.73866492125627
H           -4.07230841957297        0.35055683386488        2.65672327613460
38
 energy: -64.700826589083 gnorm: 0.009965500477 xtb: 6.7.1 (edcfbbe)
C            5.35921995676766       -2.27212720295113       -1.09868357344989
C            4.09433563310509       -3.01492198702368       -1.49572617120374
O            3.10662803742875       -2.10750731507463       -2.02969558592848
C            2.37222843243923       -1.39687990721149       -1.19416414146906
O            2.41753422908468       -1.48909743722991        0.01187947770348
C            1.47851115350027       -0.43536056241373       -1.94666280250419
C            0.46228941295691        0.22802896446284       -1.02136615457671
H           -0.06271297567263        1.02324968735020       -1.56455344378832
C            1.17243267791810        0.89303314269662        0.14605714588089
O            2.14056103513582        1.59558266057136       -0.04395630477390
O            0.62105726235312        0.67359445838734        1.31670994948283
C            1.21660617023870        1.33901316021378        2.45768657664411
C            0.68075316537911        2.75392506755294        2.59818988192913
S           -0.78997316225306       -1.00876658764210       -0.50132170052260
P           -2.26313560600855        0.26614107486343        0.25655788191068
S           -2.23464445468487        2.16098954800070       -0.27347429615592
O           -3.64890888915229       -0.46963257721772       -0.09147165904004
C           -4.30434963762618       -0.33415880471336       -1.35934121226159
O           -2.18828219574381       -0.03496398042070        1.81908566578476
C           -3.02505876119743        0.66071797471484        2.75577906417236
H            5.13256301400959       -1.54344548456344       -0.32480920245999
H            6.08848664261903       -2.97600564348915       -0.71527515658215
H            5.77577819556511       -1.75484473494060       -1.95691650415183
H            3.65925730816987       -3.53231322266179       -0.63626220523462
H            4.28318376603950       -3.71415473448729       -2.31074771156864
H            0.97881013957708       -0.96294980121897       -2.75836121612405
H            2.12811209129230        0.33443091774846       -2.37156448932555
H            0.94491020127814        0.71485601621968        3.30829700592927
H            2.30120356095386        1.34519900383159        2.31694016484430
H           -0.40369183302243        2.73770581769396        2.65344577544605
H            1.07934841702644        3.20501932652610        3.49949860521779
H            0.97439797202861        3.35461437192644        1.74157927666419
H           -5.27668091831459       -0.80431941950198       -1.23340253287821
H           -3.73443066586550       -0.84248080848140       -2.13384090186946
H           -4.41857497087332        0.72067241138245       -1.60904973623314
H           -2.94886978310254        1.73735662144953        2.59990648121101
H           -2.64563365235603        0.38324521900758        3.73550413629232
H           -4.05975377422671        0.34488315924320        2.63860212234106
38
 energy: -64.701398716210 gnorm: 0.006975572563 xtb: 6.7.1 (edcfbbe)
C            5.35818276682678       -2.27035665173756       -1.09384423696097
C            4.08373517623908       -3.00493311376232       -1.48591639320428
O            3.10654607091357       -2.09514361581261       -2.02209447437124
C            2.37132748690192       -1.37904728886984       -1.19723206998001
O            2.41297063125264       -1.45385106093678        0.01181055658395
C            1.47124417688300       -0.42954697820370       -1.96203587563818
C            0.45436402816573        0.22072309003674       -1.03143323312045
H           -0.08919052760082        1.01117136137555       -1.56358323875658
C            1.17143244550745        0.87837118297482        0.13589787614725
O            2.15600078188729        1.56197031406269       -0.04337877635526
O            0.58848937474170        0.68497352197800        1.29705513167264
C            1.18559743756799        1.32679530234154        2.44374628462222
C            0.67060185192555        2.75102398381833        2.59543953753833
S           -0.77600183713988       -1.02656985906564       -0.49342130413324
P           -2.23607307728909        0.26319325834617        0.27009488659228
S           -2.18939246101212        2.15511935627579       -0.27273520807068
O           -3.62667346913818       -0.45820727816541       -0.07946833089551
C           -4.27806858874428       -0.32937027317425       -1.34681615636842
O           -2.16803332348055       -0.03100502826492        1.82863832372367
C           -3.01804629650004        0.66064613652400        2.75289143084651
H            5.13875096042839       -1.54177673950046       -0.31729944159914
H            6.08318226854140       -2.98134789811088       -0.71627035608669
H            5.77228493722409       -1.75427630354818       -1.95407955994595
H            3.65128337589067       -3.51584245220155       -0.62074784764111
H            4.26642870526648       -3.70983834208691       -2.29700273529185
H            0.97572711289758       -0.96778562055952       -2.76781417090463
H            2.11312488277873        0.34529471440974       -2.38719354688925
H            0.90354068551892        0.70052543707066        3.28915327608927
H            2.27107053009707        1.32157355069113        2.30776902624814
H           -0.41440828727664        2.75111543246090        2.64873901223301
H            1.07760801071093        3.18799629129609        3.49963982246361
H            0.97631898465496        3.34943072934040        1.74092250151238
H           -5.25474104875787       -0.78977172158672       -1.21838252386551
H           -3.71215366479535       -0.84790372080419       -2.11826861717055
H           -4.38375069990592        0.72471684712594       -1.60707105883456
H           -2.95422291192191        1.73802863427681        2.59031014173332
H           -2.64580002377058        0.39709445763879        3.73916918378150
H           -4.04974927072162        0.33513873694725        2.62988467364793
38
 energy: -64.701576674917 gnorm: 0.005730680604 xtb: 6.7.1 (edcfbbe)
C            5.35770112278838       -2.26985488988564       -1.08988595023581
C            4.08015026374019       -3.00141133553628       -1.47783923024839
O            3.10863861027078       -2.09181257024445       -2.02364108884472
C            2.37166678949851       -1.37106071119488       -1.20543814850615
O            2.40878940164250       -1.43536291594957        0.00565699542754
C            1.46865570898663       -0.42805645917614       -1.97515291198845
C            0.45346566314622        0.21545878166359       -1.04054864754086
H           -0.09792568874854        1.00427923447589       -1.56581290727545
C            1.17068334466023        0.87347075340696        0.12659502952434
O            2.17007433873715        1.53841209907007       -0.04415043526572
O            0.56929002032127        0.69541432669373        1.28282607494346
C            1.16528052914511        1.32151823024233        2.43722366231939
C            0.66356010648954        2.74958331774122        2.59537736394074
S           -0.77228322872373       -1.03065305577154       -0.49753405076786
P           -2.22360500269629        0.26386151358091        0.28030814426296
S           -2.16655109863237        2.15260490418817       -0.26930778722607
O           -3.61718963539757       -0.45007216597270       -0.06784041675262
C           -4.26272430885008       -0.32581692826552       -1.33886846304344
O           -2.15489576626070       -0.02860578848878        1.83633336350502
C           -3.01532238830256        0.66128385630649        2.75410359486793
H            5.14439303179564       -1.53925755816046       -0.31247890005708
H            6.08170910698935       -2.98431208182174       -0.71412979469204
H            5.77192433274672       -1.75600791150028       -1.95249179520149
H            3.64550976930306       -3.50544507442247       -0.60971137616816
H            4.26061355597509       -3.71415687687811       -2.28254619601886
H            0.97700183460302       -0.97042437645583       -2.78028455301422
H            2.10469885774795        0.35033773312746       -2.40209917134009
H            0.87202410454350        0.69252725104019        3.27744035644245
H            2.25181112593586        1.30521715268394        2.30946913441975
H           -0.42218347215195        2.76089553929185        2.64717799514292
H            1.07370341763037        3.17735942317046        3.50352464613049
H            0.97735352326212        3.35007168301859        1.74423967707302
H           -5.24393330972524       -0.77771023203617       -1.21198993789670
H           -3.69713285275335       -0.85461248471124       -2.10535198480553
H           -4.35978296881114        0.72757723067106       -1.60900528638306
H           -2.95974848487053        1.73934234867166        2.58767420951520
H           -2.64730191135172        0.40755213675191        3.74501709005454
H           -4.04461124791637        0.32619429327519        2.62821420505489
38
 energy: -64.701636221144 gnorm: 0.002972210650 xtb: 6.7.1 (edcfbbe)
C            5.35741130322131       -2.27004613009517       -1.08757411216616
C            4.08028210184242       -3.00132561273579       -1.47329970170501
O            3.11048611614545       -2.09273127669507       -2.02819965757949
C            2.37115364593459       -1.37093310822250       -1.21254004946769
O            2.40451715186605       -1.43423071569902       -0.00109466988541
C            1.46751017647099       -0.42851144186080       -1.98141814670680
C            0.45331469838398        0.21338836454335       -1.04546296924552
H           -0.09884500526299        1.00363499740097       -1.56714785271433
C            1.17411118059951        0.86854643287860        0.12156930112443
O            2.17445904437517        1.53004960547754       -0.04539455326469
O            0.56437553467541        0.69917973606145        1.27559812342427
C            1.15547043834329        1.32141108398545        2.43498582517877
C            0.65922841341311        2.74953136246296        2.59584833975725
S           -0.77321452228609       -1.03152910951380       -0.50253385848769
P           -2.21892724320360        0.26753679479165        0.28444462213643
S           -2.16207026562416        2.15544776988977       -0.26553617397027
O           -3.61346445869706       -0.44512389957514       -0.06082305406001
C           -4.25478936377953       -0.32365940546759       -1.33545375320388
O           -2.14692757240560       -0.02643599435092        1.83960212809433
C           -3.01407279268591        0.66136598151126        2.75556836683613
H            5.14704488832742       -1.53732414467628       -0.31086946928982
H            6.08180480178947       -2.98480611615633       -0.71105534315037
H            5.77263512572949       -1.75829189887956       -1.95165541904286
H            3.64156612913908       -3.49940679824691       -0.60392979544733
H            4.26086381138537       -3.72036308101912       -2.27254934602351
H            0.97748677177530       -0.96992914380200       -2.78843249147954
H            2.10114149195869        0.35143880874372       -2.40960402692999
H            0.85392772569125        0.69056018444990        3.27137547739529
H            2.24272840581485        1.29839228774644        2.31458586766653
H           -0.42676198448529        2.76570890271855        2.64634801296368
H            1.06877258916801        3.17324999057515        3.50681936703944
H            0.97692482883417        3.35286798321475        1.74771757579397
H           -5.23882003476008       -0.77024291720114       -1.21055134076823
H           -3.68823901831700       -0.85904933866931       -2.09737218473327
H           -4.34589978149450        0.72899664686376       -1.61101091685469
H           -2.96324014146815        1.73946929234912        2.58749307316353
H           -2.64715391397533        0.41199907359222        3.74814674130483
H           -4.04128308167204        0.31949322620971        2.62847857364942
38
 energy: -64.701658298106 gnorm: 0.001951496468 xtb: 6.7.1 (edcfbbe)
C            5.35735046983945       -2.27041247663899       -1.08618243912131
C            4.08142846892915       -3.00246988033596       -1.47053975701699
O            3.11166471550300       -2.09496603381041       -2.03123584753211
C            2.36997154896480       -1.37374522681704       -1.21671718092275
O            2.40116400620781       -1.43847223494533       -0.00540821570494
C            1.46804036866489       -0.42950685430885       -1.98453559226512
C            0.45482432397294        0.21462988100877       -1.04906522192147
H           -0.09457840072358        1.00640517009275       -1.57087511646957
C            1.17476031057736        0.86955676473277        0.11892268462829
O            2.18044491747179        1.52422846134231       -0.04427411514697
O            0.56189860490271        0.70226021466564        1.27149144517859
C            1.15071169789463        1.32212421709055        2.43438116197674
C            0.65718485454702        2.74992760750877        2.59649625928748
S           -0.77508261380279       -1.02743933320836       -0.50627319624827
P           -2.21910352400228        0.26981270247834        0.28586495273861
S           -2.16306908004379        2.15820095628924       -0.26316092573044
O           -3.61453561575928       -0.44250849494527       -0.05685170778951
C           -4.25192182198177       -0.32246438532256       -1.33435947895792
O           -2.14385396567480       -0.02586160231632        1.84114480769384
C           -3.01363788155373        0.66079473172309        2.75710116146641
H            5.14753270194499       -1.53613332210083       -0.31088325334784
H            6.08233709565022       -2.98403710805454       -0.70819864596737
H            5.77300984321241       -1.76023808116163       -1.95108080850339
H            3.63913121077704       -3.49569688164351       -0.60037291494116
H            4.26251909956344       -3.72541923164715       -2.26623503640813
H            0.97757429098290       -0.96915440442258       -2.79294548272897
H            2.10233304364777        0.34976870587882       -2.41348387664951
H            0.84386475250790        0.68996037727169        3.26798694047027
H            2.23831276060328        1.29555263712779        2.31826291928157
H           -0.42875309507727        2.76825365220446        2.64572949487568
H            1.06552045636575        3.17173771365810        3.50901163375965
H            0.97661207267949        3.35524437912360        1.75048590815840
H           -5.23757788736151       -0.76564373040387       -1.21135447867808
H           -3.68395901911375       -0.86191966352954       -2.09211056512473
H           -4.33837676466370        0.72957524151496       -1.61249818513524
H           -2.96503734995836        1.73845418543146        2.58771403404748
H           -2.64596584770954        0.41265242058517        3.74954927215311
H           -4.03923155321752        0.31527731848426        2.62957187594734
38
 energy: -64.701666719470 gnorm: 0.001226966946 xtb: 6.7.1 (edcfbbe)
C            5.35712171407706       -2.27071567398368       -1.08539964821163
C            4.08193448878088       -3.00370185952833       -1.46883749146735
O            3.11233722588654       -2.09617997345745       -2.03196964444647
C            2.36830430657874       -1.37679998121203       -1.21775833476833
O            2.39646068998325       -1.44620691680641       -0.00685245786288
C            1.46874416848423       -0.43022143381046       -1.98534810077937
C            0.45604987006287        0.21680081468849       -1.05067331575434
H           -0.09055933308990        1.01014327206445       -1.57363686377416
C            1.17626801968292        0.86898790906521        0.11889353956866
O            2.18320928332670        1.52134575808168       -0.04218533716984
O            0.56111760354912        0.70363644655398        1.27000974355032
C            1.14821027718197        1.32326060874649        2.43446557575804
C            0.65588648566083        2.75112378471693        2.59630418506502
S           -0.77677147670769       -1.02451640930513       -0.51020120821844
P           -2.21887445491640        0.27188705421376        0.28497223159298
S           -2.16632654809434        2.16153079771741       -0.26105757596606
O           -3.61523427557533       -0.44044867954562       -0.05542319588202
C           -4.25014928202510       -0.32134025299432       -1.33451147286312
O           -2.14166557920724       -0.02542577078488        1.84099328300428
C           -3.01267381684519        0.65924038324208        2.75768046367762
H            5.14656457088277       -1.53536801637114       -0.31159392734059
H            6.08237067868376       -2.98302393912610       -0.70604117786886
H            5.77259292259293       -1.76173907948919       -1.95080806166128
H            3.63748989747795       -3.49339829907129       -0.59796687017289
H            4.26307371988578       -3.72838257770238       -2.26279302017412
H            0.97647417055122       -0.96801338346538       -2.79426674143886
H            2.10577041846650        0.34716978205786       -2.41398032778062
H            0.83832578424783        0.69083138589299        3.26644953860975
H            2.23584395893745        1.29525816038847        2.32019113127924
H           -0.42994771290806        2.77050855577092        2.64401408444520
H            1.06323311555558        3.17201790084027        3.50944879096758
H            0.97685326443740        3.35678113340022        1.75139112699205
H           -5.23675509309629       -0.76211168330403       -1.21235336729984
H           -3.68182860837531       -0.86353117778513       -2.08925292896979
H           -4.33335657559209        0.73010556243439       -1.61401570560085
H           -2.96618809174541        1.73651355323882        2.58789511391277
H           -2.64344559248994        0.41091863500623        3.74929287215974
H           -4.03695299953894        0.31139200222209        2.62999760424002
38
 energy: -64.701670096299 gnorm: 0.000598591367 xtb: 6.7.1 (edcfbbe)
C            5.35715504687153       -2.27076385516660       -1.08500536234149
C            4.08140495874289       -3.00366879784744       -1.46813919292744
O            3.11251706240028       -2.09555557925196       -2.03052895248049
C            2.36685483913282       -1.37767345163921       -1.21665638091501
O            2.39322538219571       -1.44860475846004       -0.00572537496486
C            1.46923779666780       -0.43002926850932       -1.98532063801712
C            0.45652429847029        0.21790420322755       -1.05116768217476
H           -0.08950892331150        1.01150049889050       -1.57453465722654
C            1.17610208928296        0.86885436805110        0.11927670831179
O            2.18550762518595        1.51821570033376       -0.04085025451045
O            0.55913236407769        0.70484235638472        1.26943890626577
C            1.14682870653115        1.32321573554810        2.43411951913378
C            0.65562379983301        2.75197854396494        2.59568908115715
S           -0.77711813829345       -1.02331546469180       -0.51184179772264
P           -2.21831653159846        0.27260531146630        0.28455954724193
S           -2.16531684888775        2.16243737782826       -0.26081846114258
O           -3.61506264764459       -0.43940103762643       -0.05559862786773
C           -4.24945365583017       -0.32078416906795       -1.33476630790373
O           -2.14094719454325       -0.02549862517975        1.84074558811022
C           -3.01200941171400        0.65784202927884        2.75768663443845
H            5.14626654261817       -1.53519253152075       -0.31150998506425
H            6.08219927360551       -2.98302287522403       -0.70551327536463
H            5.77219366148597       -1.76210525364076       -1.95069551345954
H            3.63754833752942       -3.49324425984046       -0.59698294393408
H            4.26206711813447       -3.72800657368069       -2.26236787219458
H            0.97616656260684       -0.96780926541236       -2.79357809588598
H            2.10794517622384        0.34604579375555       -2.41361492138478
H            0.83659428874307        0.69120620533547        3.26613794509488
H            2.23442676975293        1.29499442240108        2.31955889655314
H           -0.43021152341684        2.77222706140265        2.64250007470744
H            1.06302215386525        3.17239072428272        3.50892464535220
H            0.97783966283176        3.35674988529885        1.75066199904309
H           -5.23653112130213       -0.76048579172751       -1.21239644520880
H           -3.68164176342476       -0.86416180072455       -2.08897590271687
H           -4.33168120048224        0.73053114063207       -1.61523472444701
H           -2.96684583013020        1.73528123371595        2.58830160424802
H           -2.64215594549016        0.40959536774513        3.74910070748633
H           -4.03607558595276        0.30923379226783        2.63019402206269
38
 energy: -64.701669539311 gnorm: 0.001301040847 xtb: 6.7.1 (edcfbbe)
C            5.35719488695411       -2.27082170726960       -1.08459438172949
C            4.08086294661621       -3.00363541249867       -1.46742026410038
O            3.11271845552729       -2.09490259249116       -2.02904841298768
C            2.36537093017830       -1.37856973694634       -1.21552293114092
O            2.38986046872882       -1.45110655567461       -0.00456818297224
C            1.46974626664753       -0.42983338722287       -1.98528984416032
C            0.45701391333636        0.21903135864922       -1.05167105983207
H           -0.08843061113706        1.01289367215503       -1.57543918784938
C            1.17595064611804        0.86869448202277        0.11967315290766
O            2.18785394466087        1.51500174823598       -0.03948398250282
O            0.55710877541124        0.70608265464685        1.26885413690815
C            1.14541000445340        1.32318315326734        2.43376352228223
C            0.65535103267831        2.75286644216124        2.59504867333163
S           -0.77748013212904       -1.02208834511990       -0.51353982217714
P           -2.21774193327175        0.27335679373336        0.28413111989807
S           -2.16428580481683        2.16338211235990       -0.26056408792933
O           -3.61488408648945       -0.43831228722839       -0.05578627872605
C           -4.24874112201609       -0.32020232339756       -1.33503434145433
O           -2.14020756195154       -0.02557497485855        1.84048411562450
C           -3.01132754066049        0.65639123496528        2.75769346818620
H            5.14597117623972       -1.53501593585912       -0.31141874551653
H            6.08202378285239       -2.98303555873286       -0.70495952650462
H            5.77179908228400       -1.76249386903309       -1.95057390253877
H            3.63760961803700       -3.49309282536364       -0.59597315749099
H            4.26103350193811       -3.72762370557166       -2.26192947953876
H            0.97586026928554       -0.96759848486596       -2.79287465865486
H            2.11017553911268        0.34489336334062       -2.41323562318670
H            0.83481417189337        0.69160984434554        3.26582226883968
H            2.23297209998630        1.29473336240609        2.31891708842674
H           -0.43048527406162        2.77400406211171        2.64092891888992
H            1.06279199034320        3.17278786596031        3.50838152542403
H            0.97885843891718        3.35672637991998        1.74990611589055
H           -5.23630686225042       -0.75879789987542       -1.21244652939601
H           -3.68145617424506       -0.86480565632642       -2.08869961070197
H           -4.32995960984688        0.73097756254463       -1.61650222413161
H           -2.96753073245173        1.73400506680667        2.58873442220443
H           -2.64083097803769        0.40822215935999        3.74890467630194
H           -4.03517632406728        0.30699633194307        2.63040553945870
38
 energy: -64.701671333270 gnorm: 0.000320598205 xtb: 6.7.1 (edcfbbe)
C            5.35741341725765       -2.27111789383822       -1.08451594434490
C            4.08113195327372       -3.00365054280837       -1.46761475320040
O            3.11331734181829       -2.09465855627218       -2.02955307859103
C            2.36614636627751       -1.37813428781410       -1.21584328169989
O            2.38953056692423       -1.45147530429532       -0.00494624710088
C            1.46963848824227       -0.42996517276561       -1.98518862983020
C            0.45696229626932        0.21837538230278       -1.05134420191448
H           -0.08876257308655        1.01229098499757       -1.57448944586466
C            1.17646126038011        0.86826209582885        0.11955574067357
O            2.18667283045867        1.51610433861528       -0.04021268314373
O            0.55833202681594        0.70579327830908        1.26911027343787
C            1.14599140412509        1.32365937686377        2.43388896056075
C            0.65541790815435        2.75288953191964        2.59493506656326
S           -0.77765514425384       -1.02259923639152       -0.51343378063050
P           -2.21806742509855        0.27356842226840        0.28419986038108
S           -2.16463927576331        2.16338364861236       -0.26041504342221
O           -3.61498021554603       -0.43832014673256       -0.05601651200858
C           -4.24918876823055       -0.32005686854773       -1.33520711667690
O           -2.14055885343160       -0.02569330151235        1.84036535579890
C           -3.01164680617099        0.65639264278891        2.75778083793571
H            5.14658657288450       -1.53519520254713       -0.31123652839477
H            6.08215399150027       -2.98357556490394       -0.70473130387834
H            5.77257995656803       -1.76283202011175       -1.95041238075348
H            3.63769072233952       -3.49352496805083       -0.59640217815345
H            4.26143188683542       -3.72784318222441       -2.26205873294680
H            0.97647397027369       -0.96772617154081       -2.79327426908471
H            2.10914582201084        0.34541437123362       -2.41330185304086
H            0.83546442963091        0.69210955065123        3.26614922634630
H            2.23359686789924        1.29508846933024        2.31947642605839
H           -0.43043496439616        2.77381092993548        2.64086116186531
H            1.06244154082565        3.17312842333423        3.50842670031147
H            0.97882601534934        3.35705856236145        1.74990012863618
H           -5.23674271413087       -0.75879262937625       -1.21270970575253
H           -3.68185120501901       -0.86446370304823       -2.08920876394735
H           -4.33068997283567        0.73115292865623       -1.61668052952368
H           -2.96758156910132        1.73413229725756        2.58927422605379
H           -2.64140253571233        0.40821035413819        3.74913867584371
H           -4.03569841857073        0.30712755597624        2.63080683278947
38
 energy: -64.701671666509 gnorm: 0.000160584013 xtb: 6.7.1 (edcfbbe)
C            5.35778779992785       -2.27138564200593       -1.08420664666761
C            4.08152304867193       -3.00351222538654       -1.46767012968785
O            3.11381949392752       -2.09450722444205       -2.02979937787163
C            2.36581313270918       -1.37880518129477       -1.21605396899998
O            2.38884583900028       -1.45242113758552       -0.00519212748474
C            1.46959820845500       -0.43014785914774       -1.98510691424135
C            0.45701908210060        0.21833609427307       -1.05135865960170
H           -0.08841124863059        1.01248520415424       -1.57431177849103
C            1.17686704007841        0.86800338016713        0.11951569066856
O            2.18764188450021        1.51514537927609       -0.04008854875555
O            0.55838148739967        0.70616411843399        1.26905480587023
C            1.14591336643427        1.32415549534931        2.43385598532968
C            0.65547764949274        2.75329164147775        2.59474075798114
S           -0.77784829273348       -1.02244383899292       -0.51341650970593
P           -2.21835867707239        0.27375809897472        0.28413573706616
S           -2.16507806923490        2.16371319057198       -0.25998260111120
O           -3.61521911185680       -0.43811959012182       -0.05628752694818
C           -4.24954969745376       -0.31971944526366       -1.33543241942837
O           -2.14087890906551       -0.02593482832814        1.84018251004808
C           -3.01182451794493        0.65604452074140        2.75790125142486
H            5.14707248914045       -1.53535537850704       -0.31100129382199
H            6.08231717881650       -2.98398911312704       -0.70415893101371
H            5.77345430005454       -1.76324123958571       -1.94998076316054
H            3.63770124340927       -3.49353920106567       -0.59668626110787
H            4.26196847583473       -3.72784420816265       -2.26203301077848
H            0.97654270775781       -0.96776184919803       -2.79341606565049
H            2.10891592401362        0.34527850783874       -2.41348636408623
H            0.83509239130321        0.69263790839367        3.26611436224262
H            2.23357427515704        1.29518709622573        2.31988359097636
H           -0.43039267156586        2.77428480525088        2.64037872785619
H            1.06211356106618        3.17362781946264        3.50841366552132
H            0.97908012855615        3.35763615993360        1.74989779161619
H           -5.23712192318000       -0.75838777047044       -1.21296454367249
H           -3.68224102226598       -0.86410752799178       -2.08949697845569
H           -4.33097642602517        0.73148089065918       -1.61685451242563
H           -2.96766893797409        1.73382524759109        2.58966998827426
H           -2.64151460518935        0.40766358381560        3.74920774126814
H           -4.03592940284730        0.30683251068643        2.63110583637586
38
 energy: -64.701671866867 gnorm: 0.000155759496 xtb: 6.7.1 (edcfbbe)
C            5.35817367960887       -2.27173961531035       -1.08385881433741
C            4.08179440707374       -3.00338988889945       -1.46776679600930
O            3.11453636763108       -2.09395330119374       -2.02978528685543
C            2.36589437888724       -1.37892793470632       -1.21603798927691
O            2.38787213586978       -1.45354757008255       -0.00522823129923
C            1.46963831549965       -0.43025354573056       -1.98511498455692
C            0.45718650032980        0.21827105995607       -1.05128017834533
H           -0.08820107133241        1.01256024774480       -1.57407778532474
C            1.17710752586192        0.86773194162607        0.11967812480752
O            2.18848769820210        1.51400645263062       -0.03972064531593
O            0.55819129112657        0.70660243083214        1.26909297828536
C            1.14575848978389        1.32460642087740        2.43384321392236
C            0.65555756037911        2.75383497540546        2.59445558950144
S           -0.77789559968794       -1.02229635242500       -0.51329595125895
P           -2.21860291487314        0.27370834247502        0.28407332832829
S           -2.16493599197805        2.16377462412754       -0.25975315895993
O           -3.61549545350372       -0.43794038896747       -0.05672966178876
C           -4.24995910341321       -0.31928085916665       -1.33573578620528
O           -2.14138511393310       -0.02634643227482        1.84002267989670
C           -3.01198476258459        0.65556359901266        2.75803336907008
H            5.14746699110309       -1.53561881482392       -0.31074739167272
H            6.08228880314210       -2.98459785404088       -0.70353751517354
H            5.77436923617031       -1.76374803690894       -1.94945726326956
H            3.63764955871742       -3.49353564022480       -0.59696824319090
H            4.26223811947666       -3.72763579007069       -2.26224144274512
H            0.97650164944953       -0.96788871741685       -2.79342414994340
H            2.10897020969018        0.34510127933676       -2.41360509050510
H            0.83480176369859        0.69325831108883        3.26619540584172
H            2.23343347238996        1.29542351196282        2.32000274640018
H           -0.43033899672045        2.77499842288938        2.63965881475118
H            1.06190031861879        3.17422058888998        3.50824424274388
H            0.97953818099228        3.35809876645943        1.74970413412503
H           -5.23755350775827       -0.75785078979483       -1.21316403979962
H           -3.68284382247892       -0.86363209700138       -2.08995693935333
H           -4.33129074539839        0.73196094558959       -1.61699864520514
H           -2.96770223034079        1.73337132175849        2.59001152157718
H           -2.64149805192460        0.40686904943442        3.74920751034194
H           -4.03616209300803        0.30654972954148        2.63133484015109
38
 energy: -64.701671941844 gnorm: 0.000087666538 xtb: 6.7.1 (edcfbbe)
C            5.35849388176033       -2.27197510410973       -1.08349900238643
C            4.08199800034416       -3.00321309706509       -1.46789060326387
O            3.11506368366369       -2.09340218283537       -2.02980111449458
C            2.36567864506710       -1.37921976376346       -1.21603197648172
O            2.38713351872205       -1.45450579982616       -0.00523789964369
C            1.46955713963269       -0.43035317579884       -1.98507604885722
C            0.45721845780512        0.21814533720242       -1.05108153976676
H           -0.08824834653172        1.01248750465698       -1.57377707570455
C            1.17717422844994        0.86748658912101        0.11989638833442
O            2.18894272154380        1.51308377914565       -0.03936998463339
O            0.55794985687092        0.70696097665889        1.26918090365946
C            1.14559550125345        1.32496199446200        2.43388480790142
C            0.65558450173449        2.75432470141600        2.59421387329169
S           -0.77784483437018       -1.02257242829017       -0.51334347885246
P           -2.21848957750048        0.27367419896144        0.28393213574623
S           -2.16484532435585        2.16380936415824       -0.25959929798528
O           -3.61535935679527       -0.43785769267342       -0.05716634328634
C           -4.25012677942470       -0.31886935095038       -1.33597266607810
O           -2.14156512781837       -0.02662517785063        1.83980867907270
C           -3.01201248503163        0.65516736197719        2.75805280948821
H            5.14769657114884       -1.53583526529738       -0.31042495936912
H            6.08221347028632       -2.98510416524780       -0.70296435376381
H            5.77512726552573       -1.76407222607943       -1.94893372177780
H            3.63761071528219       -3.49351623612662       -0.59730893317772
H            4.26242692487184       -3.72722957808184       -2.26255510885594
H            0.97617421462573       -0.96799193928241       -2.79321446532294
H            2.10900319378024        0.34483877760317       -2.41366450859712
H            0.83456029902481        0.69381904358658        3.26633944263444
H            2.23325796910659        1.29567593834805        2.32000012060934
H           -0.43032794038239        2.77569201942254        2.63904705316987
H            1.06174957785594        3.17469070702971        3.50807863933260
H            0.97996611057369        3.35839530564095        1.74947737850174
H           -5.23773372165641       -0.75738781599860       -1.21321499452381
H           -3.68330575400721       -0.86311425662773       -2.09047914634363
H           -4.33147744375919        0.73244677205304       -1.61699192265943
H           -2.96766674653450        1.73300874119736        2.59026471915103
H           -2.64141604739278        0.40620423457890        3.74911675387599
H           -4.03624976860191        0.30630030128470        2.63137795040794
