----------------------------------------------- 
  Element       SASA      Sigma Z        Total  
     Z         Ang**2 cal/Ang**2/mol   kcal/mol 
----------------------------------------------- 
      H        130.853      48.690       6.371
      C         34.083     129.740       4.422
      N          2.684       0.000       0.000
      O         23.261       0.000       0.000

 Subtotal:     190.881                  10.793
 -----------------------------------------------

  Elements    COT*SASA   Sigma Z,Z'     Total   
    Z,Z'       Ang**2  cal/Ang**2/mol kcal/mol  
 ---------------------------------------------- 
  H   C         87.978     -60.770      -5.346
  H   O          0.000       0.000       0.000
  C   C         27.142     -72.950      -1.980
  O   C         13.236      68.690       0.909
  C   N          6.767       0.000       0.000
  N   C         28.150     -48.220      -1.357
  N  C(3)        0.000      84.100       0.000
  O   N          0.000     121.980       0.000

 Subtotal:                              -7.775
 ---------------------------------------------- 

 NONAQUEOUS SOLVENT CONTRIBUTION (kcal/mol):
 (proportional to SASA, atomic number independent)
 ---------------------------------------------- 
 Subtotal:                               0.000
 ---------------------------------------------- 

 CDS TOTAL (kcal/mol):                   3.019
...............................................................................
