#========================================================================================
#                     Free energy perturbation    
#----------------------------------------------------------------------------------------
#forward/backward          λ              ΔΔA                 ΔA                  δε   
#                                                 
#----------------------------------------------------------------------------------------
forward:               0.0000              0.0000              0.0000              0.0000  
forward:               0.0500              3.4362              3.4362              0.0388  
forward:               0.1000              1.9122              5.3483              0.0458  
forward:               0.1500              0.9242              6.2725              0.0499  
forward:               0.2000              0.4011              6.6736              0.0509  
forward:               0.2500              0.1331              6.8067              0.0514  
forward:               0.3000             -0.0234              6.7833              0.0519  
forward:               0.3500             -0.1176              6.6657              0.0521  
forward:               0.4000             -0.1801              6.4855              0.0523  
forward:               0.4500             -0.2389              6.2466              0.0525  
forward:               0.5000             -0.2798              5.9668              0.0526  
forward:               0.5500             -0.4886              5.4782              0.0529  
forward:               0.6000             -0.8292              4.6490              0.0532  
forward:               0.6500             -1.0882              3.5608              0.0538  
forward:               0.7000             -1.3025              2.2583              0.0541  
forward:               0.7500             -1.4460              0.8123              0.0544  
forward:               0.8000             -1.5011             -0.6888              0.0548  
forward:               0.8500             -1.5262             -2.2151              0.0551  
forward:               0.9000             -1.4902             -3.7053              0.0553  
forward:               0.9500             -1.4723             -5.1776              0.0555  
forward:               1.0000             -1.4397             -6.6173              0.0557  
backward:              1.0000              0.0000             -6.6173              0.0000  
backward:              0.9500              1.4519             -5.1654              0.0078  
backward:              0.9000              1.4648             -3.7006              0.0103  
backward:              0.8500              1.5249             -2.1757              0.0118  
backward:              0.8000              1.6471             -0.5286              0.0132  
backward:              0.7500              1.4881              0.9595              0.0167  
backward:              0.7000              1.4326              2.3921              0.0178  
backward:              0.6500              1.2919              3.6840              0.0195  
backward:              0.6000              1.0610              4.7450              0.0206  
backward:              0.5500              0.7984              5.5434              0.0219  
backward:              0.5000              0.4604              6.0038              0.0230  
backward:              0.4500              0.2732              6.2771              0.0235  
backward:              0.4000              0.2375              6.5145              0.0241  
backward:              0.3500              0.1858              6.7003              0.0249  
backward:              0.3000              0.1083              6.8086              0.0258  
backward:              0.2500             -0.0002              6.8084              0.0275  
backward:              0.2000             -0.1497              6.6587              0.0295  
backward:              0.1500             -0.4088              6.2498              0.0327  
backward:              0.1000             -0.9513              5.2985              0.0431  
backward:              0.0500             -1.8589              3.4396              0.0566  
backward:              0.0000             -3.2829              0.1567              0.0672  
Inaccuracy estimation
======================================================================================================
                   i        i+δi          P0_overlap_P1   δε(forward)/ε   δε(backward)/ε
======================================================================================================
inaccuracy:  0.00000        0.05000           19.35            0.39            4.75
inaccuracy:  0.05000        0.10000           27.49           -0.07            2.87
inaccuracy:  0.10000        0.15000           39.80           -0.09            1.38
inaccuracy:  0.15000        0.20000           51.25           -0.07            0.66
inaccuracy:  0.20000        0.25000           58.36           -0.05            0.38
inaccuracy:  0.25000        0.30000           62.27           -0.04            0.27
inaccuracy:  0.30000        0.35000           63.99           -0.04            0.21
inaccuracy:  0.35000        0.40000           64.89           -0.05            0.18
inaccuracy:  0.40000        0.45000           66.82           -0.04            0.16
inaccuracy:  0.45000        0.50000           67.56           -0.04            0.13
inaccuracy:  0.50000        0.55000           58.14           -0.15            0.20
inaccuracy:  0.55000        0.60000           60.27           -0.19            0.12
inaccuracy:  0.60000        0.65000           59.84           -0.23            0.08
inaccuracy:  0.65000        0.70000           58.71           -0.24            0.05
inaccuracy:  0.70000        0.75000           59.77           -0.23            0.03
inaccuracy:  0.75000        0.80000           59.30           -0.22            0.03
inaccuracy:  0.80000        0.85000           52.20           -0.39            0.02
inaccuracy:  0.85000        0.90000           56.54           -0.26            0.04
inaccuracy:  0.90000        0.95000           58.29           -0.23            0.05
inaccuracy:  0.95000        1.00000           56.41           -0.28            0.06
===================================================================================================================================
                BAR        
-----------------------------------------------------------------------------------------------------------------------------------
BAR-estimator:         λ             λ+δλ          ΔΔA             ΔA            C               Δδe            δe       
                          
-----------------------------------------------------------------------------------------------------------------------------------
BAR-estimator:      0.00000        0.05000        3.4580         3.4580         3.4580         0.0173         0.0173 
BAR-estimator:      0.05000        0.10000        1.9231         5.3812         1.9231         0.0104         0.0202 
BAR-estimator:      0.10000        0.15000        0.9369         6.3181         0.9369         0.0238         0.0312 
BAR-estimator:      0.15000        0.20000        0.4046         6.7226         0.4046         0.0059         0.0318 
BAR-estimator:      0.20000        0.25000        0.1413         6.8639         0.1413         0.0048         0.0321 
BAR-estimator:      0.25000        0.30000       -0.0151         6.8489        -0.0151         0.0044         0.0324 
BAR-estimator:      0.30000        0.35000       -0.1134         6.7354        -0.1134         0.0033         0.0326 
BAR-estimator:      0.35000        0.40000       -0.1833         6.5522        -0.1833         0.0034         0.0328 
BAR-estimator:      0.40000        0.45000       -0.2369         6.3153        -0.2369         0.0030         0.0329 
BAR-estimator:      0.45000        0.50000       -0.2759         6.0394        -0.2759         0.0027         0.0330 
BAR-estimator:      0.50000        0.55000       -0.4711         5.5684        -0.4711         0.0031         0.0332 
BAR-estimator:      0.55000        0.60000       -0.8124         4.7560        -0.8124         0.0033         0.0333 
BAR-estimator:      0.60000        0.65000       -1.0757         3.6803        -1.0757         0.0037         0.0335 
BAR-estimator:      0.65000        0.70000       -1.2972         2.3831        -1.2972         0.0035         0.0337 
BAR-estimator:      0.70000        0.75000       -1.4356         0.9475        -1.4356         0.0035         0.0339 
BAR-estimator:      0.75000        0.80000       -1.4968        -0.5493        -1.4968         0.0041         0.0341 
BAR-estimator:      0.80000        0.85000       -1.5932        -2.1425        -1.5932         0.0039         0.0343 
BAR-estimator:      0.85000        0.90000       -1.5104        -3.6529        -1.5104         0.0043         0.0346 
BAR-estimator:      0.90000        0.95000       -1.4717        -5.1246        -1.4717         0.0037         0.0348 
BAR-estimator:      0.95000        1.00000       -1.4522        -6.5768        -1.4522         0.0032         0.0350 
BAR-estimator: total free energy change is -6.576766270533997 , total error is 0.03495353722353229
