----------------------------------------------- 
  Element       SASA      Sigma Z        Total  
     Z         Ang**2 cal/Ang**2/mol   kcal/mol 
----------------------------------------------- 
      H        212.853      48.690      10.364
      C         57.914     129.740       7.514
      O         62.901       0.000       0.000
      P          1.071       0.000       0.000
      S         51.454      -9.100      -0.468

 Subtotal:     386.193                  17.409
 -----------------------------------------------

  Elements    COT*SASA   Sigma Z,Z'     Total   
    Z,Z'       Ang**2  cal/Ang**2/mol kcal/mol  
 ---------------------------------------------- 
  H   C        143.480     -60.770      -8.719
  H   O          0.000       0.000       0.000
  C   C         26.036     -72.950      -1.899
  O   C         26.724      68.690       1.836
  O   O          0.000       0.000       0.000
  O   P         11.464      68.850       0.789

 Subtotal:                              -7.994
 ---------------------------------------------- 

 NONAQUEOUS SOLVENT CONTRIBUTION (kcal/mol):
 (proportional to SASA, atomic number independent)
 ---------------------------------------------- 
 Subtotal:                               0.000
 ---------------------------------------------- 

 CDS TOTAL (kcal/mol):                   9.416
...............................................................................
