41
 energy: -2932.482669715272 gnorm: 0.000510719385 xtb: 6.7.1 (edcfbbe)
C            1.21454785102731        0.47398077896542        2.95704812272631
C            2.68280052255518        0.26482142782091        2.68186295445453
O            3.06753913994885        0.70025854180859        1.33205661722567
P            2.65477154726102       -0.12173525559858        0.00913224285586
S            2.40639346040009       -2.04360068337529        0.20581157853553
O            3.78828335209665        0.36730739113065       -1.02204417593590
C            5.11297303631521       -0.27879424256432       -1.06733425645691
C            5.95947465111224        0.04726381976227        0.13874893370212
S            0.99383821635571        0.98831884789911       -0.71732045228954
C           -0.03656290147870       -0.33072956100766       -1.47615848997930
S           -1.28539189913592       -1.08687406202484       -0.36022670285475
P           -2.86942066958723        0.30977963012190       -0.61710237274019
S           -3.42688796462781        0.64178184107754       -2.45055559898243
O           -2.40776909384477        1.67521872941680        0.09134962696036
C           -2.10497191729322        1.72969823077794        1.53300268610902
C           -1.45709811013312        3.06207247394577        1.80270997225946
O           -3.94174924670248       -0.28506531519107        0.41992860782510
C           -5.07681859090022       -1.13028463115853        0.01769182449276
C           -4.65604971629176       -2.55906100740971       -0.21457352343961
H            0.59348856075074       -0.17332801912659        2.33097976823802
H            1.01843102154825        0.22332381035047        4.00483083326341
H            0.92644263627330        1.51578639858886        2.79082377992058
H            2.97387879364604       -0.78377788185485        2.79567607373851
H            3.30625888378686        0.88039296121314        3.33322474021867
H            4.96135725432241       -1.35640209166440       -1.18404313268462
H            5.55198036074476        0.11929279088842       -1.98399826309739
H            5.56566607649202       -0.41036428505296        1.05062395496486
H            6.96644664846102       -0.34762020311362       -0.03243758946359
H            6.03467346641551        1.12866506478739        0.28465858094013
H            0.60318390033144       -1.14337020728087       -1.82716626548975
H           -0.54516783372442        0.11538692699691       -2.33659984237452
H           -3.04759244333946        1.61814385791924        2.07568018871286
H           -1.44101305440428        0.89552871891935        1.78167594718055
H           -0.51138059636804        3.15732358930685        1.26222817148273
H           -2.11964246177534        3.88250724657765        1.51247939202520
H           -1.25518122928854        3.14633142645149        2.87488106229010
H           -5.76716218842630       -1.04426757733719        0.85898916288730
H           -5.53638911965035       -0.68625814221140       -0.87003132444449
H           -5.55199265025434       -3.15780640103524       -0.40863970364416
H           -3.99451761250921       -2.64914531128830       -1.08111646497756
H           -4.15244990130351       -2.96823236829693        0.66609446273572
41
 energy: -2932.482673520137 gnorm: 0.000951491914 xtb: 6.7.1 (edcfbbe)
C            1.21647034204290        0.47475881452324        2.95737282135596
C            2.68457614474392        0.26582310196140        2.68126565473917
O            3.06868984599755        0.70081443859538        1.33112284740319
P            2.65528569299117       -0.12107559155757        0.00837640794005
S            2.40469162565990       -2.04244741784716        0.20601601984512
O            3.78940049865745        0.36696429367836       -1.02266745911475
C            5.11347683561565       -0.28023202452809       -1.06733787272166
C            5.95994074711026        0.04514944244482        0.13894733160002
S            0.99338349737654        0.99007071802150       -0.71512391311909
C           -0.03829963662704       -0.32848663788542       -1.47308036530627
S           -1.28564059982638       -1.08785697342434       -0.35732712738539
P           -2.86869819658003        0.31001459413856       -0.61839436676881
S           -3.42976324642145        0.64413668534959       -2.45044802582361
O           -2.40993635125303        1.67593792234910        0.09111923786004
C           -2.10745069665772        1.73040294278613        1.53291867647558
C           -1.45853223655650        3.06226351447002        1.80267115379320
O           -3.94045279971526       -0.28648047907905        0.41832174833933
C           -5.07586054997211       -1.13146514853270        0.01619937319283
C           -4.65555221845140       -2.56040037320484       -0.21579520315474
H            0.59516229542447       -0.17348024871518        2.33254390398339
H            1.02127327266669        0.22535492204476        4.00562642546062
H            0.92797404622869        1.51627294361266        2.79009093283703
H            2.97603781322410       -0.78261582445639        2.79562234195865
H            3.30812292438566        0.88178035122285        3.33220278942158
H            4.96086407603613       -1.35765472399329       -1.18400194585798
H            5.55288944423944        0.11755702141698       -1.98391291049710
H            5.56554673017169       -0.41188331645332        1.05083589000815
H            6.96640028839655       -0.35096637355688       -0.03210033454875
H            6.03645250423760        1.12644176615314        0.28470165585615
H            0.60119992412031       -1.14046063508484       -1.82605267970389
H           -0.54694232308758        0.11872896564030       -2.33293247895631
H           -3.05025004608426        1.61967017838673        2.07549921390608
H           -1.44406006648335        0.89582075881310        1.78187503849285
H           -0.51396243863435        3.15760266409748        1.26008761121575
H           -2.12138722422839        3.88334790624050        1.51482287117333
H           -1.25404617271150        3.14525471294533        2.87455419306443
H           -5.76631347472604       -1.04545826473140        0.85740518897841
H           -5.53562530346084       -0.68765623145433       -0.87150185355694
H           -5.55179081445119       -3.15937983492285       -0.40779833062594
H           -3.99552077401068       -2.65088246249637       -1.08341334879524
H           -4.15045621524314       -2.96881004368502        0.66436843266506
41
 energy: -2932.482673520137 gnorm: 0.000951491914 xtb: 6.7.1 (edcfbbe)
C            1.21647034204290        0.47475881452324        2.95737282135596
C            2.68457614474392        0.26582310196140        2.68126565473917
O            3.06868984599755        0.70081443859538        1.33112284740319
P            2.65528569299117       -0.12107559155757        0.00837640794005
S            2.40469162565990       -2.04244741784716        0.20601601984512
O            3.78940049865745        0.36696429367836       -1.02266745911475
C            5.11347683561565       -0.28023202452809       -1.06733787272166
C            5.95994074711026        0.04514944244482        0.13894733160002
S            0.99338349737654        0.99007071802150       -0.71512391311909
C           -0.03829963662704       -0.32848663788542       -1.47308036530627
S           -1.28564059982638       -1.08785697342434       -0.35732712738539
P           -2.86869819658003        0.31001459413856       -0.61839436676881
S           -3.42976324642145        0.64413668534959       -2.45044802582361
O           -2.40993635125303        1.67593792234910        0.09111923786004
C           -2.10745069665772        1.73040294278613        1.53291867647558
C           -1.45853223655650        3.06226351447002        1.80267115379320
O           -3.94045279971526       -0.28648047907905        0.41832174833933
C           -5.07586054997211       -1.13146514853270        0.01619937319283
C           -4.65555221845140       -2.56040037320484       -0.21579520315474
H            0.59516229542447       -0.17348024871518        2.33254390398339
H            1.02127327266669        0.22535492204476        4.00562642546062
H            0.92797404622869        1.51627294361266        2.79009093283703
H            2.97603781322410       -0.78261582445639        2.79562234195865
H            3.30812292438566        0.88178035122285        3.33220278942158
H            4.96086407603613       -1.35765472399329       -1.18400194585798
H            5.55288944423944        0.11755702141698       -1.98391291049710
H            5.56554673017169       -0.41188331645332        1.05083589000815
H            6.96640028839655       -0.35096637355688       -0.03210033454875
H            6.03645250423760        1.12644176615314        0.28470165585615
H            0.60119992412031       -1.14046063508484       -1.82605267970389
H           -0.54694232308758        0.11872896564030       -2.33293247895631
H           -3.05025004608426        1.61967017838673        2.07549921390608
H           -1.44406006648335        0.89582075881310        1.78187503849285
H           -0.51396243863435        3.15760266409748        1.26008761121575
H           -2.12138722422839        3.88334790624050        1.51482287117333
H           -1.25404617271150        3.14525471294533        2.87455419306443
H           -5.76631347472604       -1.04545826473140        0.85740518897841
H           -5.53562530346084       -0.68765623145433       -0.87150185355694
H           -5.55179081445119       -3.15937983492285       -0.40779833062594
H           -3.99552077401068       -2.65088246249637       -1.08341334879524
H           -4.15045621524314       -2.96881004368502        0.66436843266506
