2025-04-03 20:39:41,515 -     censo.parallel     -  DEBUG   - Free cores decreased 1 -> 0.
2025-04-03 20:39:41,519 -   censo.qm_processor   -  DEBUG   - worker3015156:Running on 1 cores.
2025-04-03 20:39:41,552 -   censo.qm_processor   -   INFO   - worker3015156:Running xtb_gsolv calculation in /srv/scratch/z5358697/.automated/3971/0_PRESCREENING/CONF1/xtb_gsolv.
2025-04-03 20:39:41,568 -   censo.qm_processor   -  DEBUG   - worker3015156:Running ['/srv/scratch/z5358697/.xtb/bin/xtb', 'gas.coord', '--gfn2', '--sp', '--chrg', '0', '--norestart', '--parallel', '1']...
2025-04-03 20:39:41,576 -   censo.qm_processor   -  DEBUG   - worker3015156:Started (PID: 3015163).
2025-04-03 20:39:41,626 -   censo.qm_processor   -  DEBUG   - worker3015156:Done.
2025-04-03 20:39:41,649 -   censo.qm_processor   -  DEBUG   - worker3015156:Running ['/srv/scratch/z5358697/.xtb/bin/xtb', 'solv.coord', '--gfn2', '--sp', '--chrg', '0', '--norestart', '--parallel', '1', '--alpb', 'water', 'reference', '-I', 'xtb_sp-xcontrol-inp']...
2025-04-03 20:39:41,652 -   censo.qm_processor   -  DEBUG   - worker3015156:Started (PID: 3015165).
2025-04-03 20:39:41,694 -   censo.qm_processor   -  DEBUG   - worker3015156:Done.
2025-04-03 20:39:41,696 -     censo.parallel     -  DEBUG   - Free cores increased 0 -> 1.
2025-04-03 20:39:41,702 -     censo.parallel     -  DEBUG   - Checking for failed jobs...
2025-04-03 20:39:41,702 -     censo.parallel     -   INFO   - All jobs executed successfully.
2025-04-03 20:39:41,707 -     censo.parallel     -  DEBUG   - Free cores decreased 1 -> 0.
2025-04-03 20:39:41,711 -   censo.qm_processor   -  DEBUG   - worker3015180:Running on 1 cores.
2025-04-03 20:39:41,716 -   censo.qm_processor   -   INFO   - worker3015180:Running sp calculation in /srv/scratch/z5358697/.automated/3971/0_PRESCREENING/CONF1/sp.
2025-04-03 20:39:41,731 -   censo.qm_processor   -  DEBUG   - worker3015180:Running ['/apps/z_install_tree/linux-rocky8-ivybridge/gcc-12.2.0/orca-6.0.0-srtngmq3qlimg2qxbl6avaaiffipurdx/bin/orca', 'sp.inp']...
2025-04-03 20:39:41,737 -   censo.qm_processor   -  DEBUG   - worker3015180:Started (PID: 3015185).
2025-04-03 20:39:49,901 -   censo.qm_processor   -  DEBUG   - worker3015180:Done.
2025-04-03 20:39:49,906 -     censo.parallel     -  DEBUG   - Free cores increased 0 -> 1.
2025-04-03 20:39:49,913 -     censo.parallel     -  DEBUG   - Checking for failed jobs...
2025-04-03 20:39:49,913 -     censo.parallel     -   INFO   - All jobs executed successfully.
2025-04-03 20:39:49,914 -censo.ensembleopt.prescreening-  DEBUG   - Writing to /srv/scratch/z5358697/.automated/3971/0_PRESCREENING.out.
2025-04-03 20:39:49,960 -     censo.parallel     -  DEBUG   - Free cores decreased 1 -> 0.
2025-04-03 20:39:49,964 -   censo.qm_processor   -  DEBUG   - worker3015221:Running on 1 cores.
2025-04-03 20:39:49,982 -   censo.qm_processor   -   INFO   - worker3015221:Running gsolv calculation in /srv/scratch/z5358697/.automated/3971/1_SCREENING/CONF1/gsolv.
2025-04-03 20:39:50,240 -  censo.orca_processor  -  DEBUG   - worker3015221:Copying .gbw file from /srv/scratch/z5358697/.automated/3971/0_PRESCREENING/CONF1/sp/sp.gbw.
2025-04-03 20:39:50,266 -   censo.qm_processor   -  DEBUG   - worker3015221:Running ['/apps/z_install_tree/linux-rocky8-ivybridge/gcc-12.2.0/orca-6.0.0-srtngmq3qlimg2qxbl6avaaiffipurdx/bin/orca', 'sp_gas.inp']...
2025-04-03 20:39:50,272 -   censo.qm_processor   -  DEBUG   - worker3015221:Started (PID: 3015226).
2025-04-03 20:40:15,052 -   censo.qm_processor   -  DEBUG   - worker3015221:Done.
2025-04-03 20:40:15,071 -  censo.orca_processor  -  DEBUG   - worker3015221:Copying .gbw file from /srv/scratch/z5358697/.automated/3971/0_PRESCREENING/CONF1/sp/sp.gbw.
2025-04-03 20:40:15,098 -   censo.qm_processor   -  DEBUG   - worker3015221:Running ['/apps/z_install_tree/linux-rocky8-ivybridge/gcc-12.2.0/orca-6.0.0-srtngmq3qlimg2qxbl6avaaiffipurdx/bin/orca', 'sp_solv.inp']...
2025-04-03 20:40:15,101 -   censo.qm_processor   -  DEBUG   - worker3015221:Started (PID: 3015484).
2025-04-03 20:40:46,089 -   censo.qm_processor   -  DEBUG   - worker3015221:Done.
2025-04-03 20:40:46,095 -     censo.parallel     -  DEBUG   - Free cores increased 0 -> 1.
2025-04-03 20:40:46,102 -     censo.parallel     -  DEBUG   - Checking for failed jobs...
2025-04-03 20:40:46,102 -     censo.parallel     -   INFO   - All jobs executed successfully.
2025-04-03 20:40:46,144 -     censo.parallel     -  DEBUG   - Free cores decreased 1 -> 0.
2025-04-03 20:40:46,148 -   censo.qm_processor   -  DEBUG   - worker3016271:Running on 1 cores.
2025-04-03 20:40:46,182 -   censo.qm_processor   -   INFO   - worker3016271:Running xtb_opt calculation in /srv/scratch/z5358697/.automated/3971/2_OPTIMIZATION/CONF1/xtb_opt.
2025-04-03 20:40:46,217 -  censo.orca_processor  -  DEBUG   - worker3016271:Copying .gbw file from /srv/scratch/z5358697/.automated/3971/1_SCREENING/CONF1/gsolv/sp_solv.gbw.
2025-04-03 20:40:46,245 -   censo.qm_processor   -  DEBUG   - worker3016271:Running ['/srv/scratch/z5358697/.xtb/bin/xtb', 'xtb_opt.coord', '--opt', 'normal', '--orca', '-I', 'xtb_opt-xcontrol-inp']...
2025-04-03 20:40:46,253 -   censo.qm_processor   -  DEBUG   - worker3016271:Started (PID: 3016276).
2025-04-03 20:43:12,094 -   censo.qm_processor   -  DEBUG   - worker3016271:Done.
2025-04-03 20:43:12,106 -     censo.parallel     -  DEBUG   - Free cores increased 0 -> 1.
2025-04-03 20:43:12,931 -     censo.parallel     -  DEBUG   - Checking for failed jobs...
2025-04-03 20:43:12,931 -     censo.parallel     -   INFO   - All jobs executed successfully.
2025-04-03 20:43:12,938 -     censo.parallel     -  DEBUG   - Free cores decreased 1 -> 0.
2025-04-03 20:43:12,942 -   censo.qm_processor   -  DEBUG   - worker3018833:Running on 1 cores.
2025-04-03 20:43:12,950 -   censo.qm_processor   -   INFO   - worker3018833:Running xtb_rrho calculation in /srv/scratch/z5358697/.automated/3971/2_OPTIMIZATION/CONF1/xtb_rrho.
2025-04-03 20:43:12,976 -   censo.qm_processor   -  DEBUG   - worker3018833:Running ['/srv/scratch/z5358697/.xtb/bin/xtb', 'xtb_rrho.coord', '--gfn2', '--ohess', 'vtight', '--chrg', '0', '--enso', '--norestart', '-I', 'rrho-xcontrol-inp', '--parallel', '1', '--alpb', 'water']...
2025-04-03 20:43:12,986 -   censo.qm_processor   -  DEBUG   - worker3018833:Started (PID: 3018838).
2025-04-03 20:43:13,704 -   censo.qm_processor   -  DEBUG   - worker3018833:Done.
2025-04-03 20:43:13,708 -     censo.parallel     -  DEBUG   - Free cores increased 0 -> 1.
2025-04-03 20:43:13,715 -     censo.parallel     -  DEBUG   - Checking for failed jobs...
2025-04-03 20:43:13,715 -     censo.parallel     -   INFO   - All jobs executed successfully.
2025-04-03 20:43:13,715 -censo.ensembleopt.optimization-  DEBUG   - Writing to /srv/scratch/z5358697/.automated/3971/2_OPTIMIZATION.out.
2025-04-03 20:43:13,726 -censo.ensembleopt.optimization-  DEBUG   - Writing to /srv/scratch/z5358697/.automated/3971/2_OPTIMIZATION.out.
2025-04-03 20:43:13,770 -     censo.parallel     -  DEBUG   - Free cores decreased 1 -> 0.
2025-04-03 20:43:13,775 -   censo.qm_processor   -  DEBUG   - worker3018857:Running on 1 cores.
2025-04-03 20:43:13,792 -   censo.qm_processor   -   INFO   - worker3018857:Running gsolv calculation in /srv/scratch/z5358697/.automated/3971/3_REFINEMENT/CONF1/gsolv.
2025-04-03 20:43:13,804 -  censo.orca_processor  -  DEBUG   - worker3018857:Copying .gbw file from /srv/scratch/z5358697/.automated/3971/2_OPTIMIZATION/CONF1/xtb_opt/xtb_opt.gbw.
2025-04-03 20:43:13,833 -   censo.qm_processor   -  DEBUG   - worker3018857:Running ['/apps/z_install_tree/linux-rocky8-ivybridge/gcc-12.2.0/orca-6.0.0-srtngmq3qlimg2qxbl6avaaiffipurdx/bin/orca', 'sp_gas.inp']...
2025-04-03 20:43:13,838 -   censo.qm_processor   -  DEBUG   - worker3018857:Started (PID: 3018862).
2025-04-03 20:46:41,913 -   censo.qm_processor   -  DEBUG   - worker3018857:Done.
2025-04-03 20:46:41,938 -  censo.orca_processor  -  DEBUG   - worker3018857:Copying .gbw file from /srv/scratch/z5358697/.automated/3971/2_OPTIMIZATION/CONF1/xtb_opt/xtb_opt.gbw.
2025-04-03 20:46:41,966 -   censo.qm_processor   -  DEBUG   - worker3018857:Running ['/apps/z_install_tree/linux-rocky8-ivybridge/gcc-12.2.0/orca-6.0.0-srtngmq3qlimg2qxbl6avaaiffipurdx/bin/orca', 'sp_solv.inp']...
2025-04-03 20:46:41,969 -   censo.qm_processor   -  DEBUG   - worker3018857:Started (PID: 3022286).
2025-04-03 20:50:00,392 -   censo.qm_processor   -  DEBUG   - worker3018857:Done.
2025-04-03 20:50:00,400 -     censo.parallel     -  DEBUG   - Free cores increased 0 -> 1.
2025-04-03 20:50:00,406 -     censo.parallel     -  DEBUG   - Checking for failed jobs...
2025-04-03 20:50:00,406 -     censo.parallel     -   INFO   - All jobs executed successfully.
2025-04-03 20:50:00,407 -censo.ensembleopt.refinement-  DEBUG   - Writing to /srv/scratch/z5358697/.automated/3971/3_REFINEMENT.out.
