 CONF#          E (xTB)          ΔE (xTB)          E (DFT)           ΔE (DFT)        ΔGsolv (xTB)           Gtot             ΔGtot          Boltzmann weight   
                  [Eh]          [kcal/mol]           [Eh]           [kcal/mol]        [kcal/mol]            [Eh]           [kcal/mol]        % at 298.15 K     
 CONF1         -65.015016          1.61          -2929.519745          5.72           -10.510453        -2929.536494          3.65                0.01         
 CONF4         -65.014648          1.84          -2929.519318          5.99           -10.616536        -2929.536237          3.82                0.01         
 CONF5         -65.015014          1.61          -2929.521147          4.84           -10.362463        -2929.537661          2.92                0.04         
 CONF6         -65.014643          1.84          -2929.521014          4.92           -10.507399        -2929.537759          2.86                0.05         
 CONF7         -65.014550          1.90          -2929.520640          5.16           -10.536796        -2929.537432          3.07                0.03         
 CONF9         -65.014830          1.72          -2929.521977          4.32           -10.313007        -2929.538412          2.45                0.09         
 CONF12        -65.017566          0.01          -2929.528044          0.51           -8.497331         -2929.541585          0.46                2.68         
 CONF13        -65.017575          0.00          -2929.527912          0.59           -8.487391         -2929.541437          0.55                2.29         
 CONF14        -65.014412          1.99          -2929.522008          4.30           -10.457078        -2929.538673          2.29                0.12         
 CONF26        -65.013580          2.51          -2929.519496          5.87           -10.567744        -2929.536337          3.75                0.01         
 CONF35        -65.013255          2.71          -2929.520456          5.27           -10.686409        -2929.537486          3.03                0.03         
 CONF46        -65.016692          0.55          -2929.527885          0.61           -8.386712         -2929.541250          0.67                1.88         
 CONF47        -65.013265          2.70          -2929.521594          4.56           -10.528303        -2929.538372          2.48                0.09         
 CONF61        -65.012866          2.96          -2929.521498          4.62           -10.695568        -2929.538543          2.37                0.11         
 CONF63        -65.010968          4.15          -2929.518125          6.74           -11.866988        -2929.537036          3.31                0.02         
 CONF64        -65.013019          2.86          -2929.519548          5.84           -10.573110        -2929.536397          3.72                0.01         
 CONF65        -65.013662          2.46          -2929.520054          5.52           -10.165405        -2929.536254          3.81                0.01         
 CONF66        -65.013674          2.45          -2929.520186          5.44           -10.153585        -2929.536367          3.73                0.01         
 CONF70        -65.015983          1.00          -2929.523636          3.28           -8.686226         -2929.537478          3.04                0.03         
 CONF72        -65.010888          4.20          -2929.517198          7.32           -11.878652        -2929.536128          3.88                0.01         
 CONF73        -65.015936          1.03          -2929.523603          3.30           -8.704305         -2929.537474          3.04                0.03         
 CONF74        -65.010892          4.19          -2929.517304          7.25           -11.876911        -2929.536231          3.82                0.01         
 CONF75        -65.015697          1.18          -2929.524937          2.46           -8.843334         -2929.539030          2.06                0.18         
 CONF76        -65.013094          2.81          -2929.522617          3.92           -10.475581        -2929.539311          1.89                0.24         
 CONF81        -65.013126          2.79          -2929.521094          4.87           -10.429767        -2929.537715          2.89                0.04         
 CONF83        -65.012850          2.97          -2929.521646          4.53           -10.580709        -2929.538507          2.39                0.10         
 CONF86        -65.012798          3.00          -2929.520968          4.95           -10.608818        -2929.537875          2.79                0.05         
 CONF87        -65.013038          2.85          -2929.520040          5.53           -10.451927        -2929.536696          3.53                0.02         
 CONF88        -65.013050          2.84          -2929.520069          5.52           -10.440769        -2929.536707          3.52                0.02         
 CONF89        -65.013706          2.43          -2929.521885          4.38           -10.018543        -2929.537851          2.80                0.05         
 CONF92        -65.013241          2.72          -2929.519852          5.65           -10.289877        -2929.536250          3.81                0.01         
 CONF94        -65.012403          3.25          -2929.519003          6.18           -10.799137        -2929.536212          3.83                0.01         
 CONF96        -65.013032          2.85          -2929.520269          5.39           -10.381120        -2929.536812          3.46                0.02         
 CONF99        -65.010346          4.54          -2929.517556          7.09           -12.037635        -2929.536739          3.50                0.02         
CONF101        -65.012872          2.95          -2929.522129          4.22           -10.444740        -2929.538774          2.22                0.14         
CONF104        -65.015758          1.14          -2929.526235          1.65           -8.631396         -2929.539990          1.46                0.50         
CONF106        -65.015794          1.12          -2929.526211          1.66           -8.605153         -2929.539924          1.50                0.46         
CONF107        -65.013041          2.85          -2929.521603          4.55           -10.314810        -2929.538041          2.68                0.06         
CONF108        -65.013036          2.85          -2929.521586          4.56           -10.308466        -2929.538013          2.70                0.06         
CONF112        -65.014833          1.72          -2929.522417          4.04           -9.162995         -2929.537019          3.33                0.02         
CONF113        -65.013506          2.55          -2929.522365          4.07           -9.983024         -2929.538274          2.54                0.08         
CONF114        -65.013053          2.84          -2929.520444          5.28           -10.251408        -2929.536781          3.47                0.02         
CONF119        -65.012655          3.09          -2929.521759          4.45           -10.469965        -2929.538444          2.43                0.10         
CONF121        -65.016187          0.87          -2929.527887          0.61           -8.244239         -2929.541025          0.81                1.48         
CONF123        -65.016277          0.81          -2929.527808          0.66           -8.181385         -2929.540845          0.92                1.23         
CONF126        -65.012457          3.21          -2929.520511          5.24           -10.524333        -2929.537283          3.16                0.03         
CONF127        -65.012459          3.21          -2929.520584          5.19           -10.522619        -2929.537353          3.12                0.03         
CONF128        -65.012866          2.96          -2929.522377          4.07           -10.267467        -2929.538740          2.25                0.13         
CONF132        -65.013882          2.32          -2929.521608          4.55           -9.615499         -2929.536931          3.38                0.02         
CONF139        -65.010087          4.70          -2929.517116          7.37           -11.947484        -2929.536155          3.87                0.01         
CONF147        -65.009569          5.02          -2929.516474          7.77           -12.237955        -2929.535976          3.98                0.01         
CONF154        -65.012492          3.19          -2929.522597          3.93           -10.385600        -2929.539148          1.99                0.20         
CONF159        -65.014337          2.03          -2929.522928          3.72           -9.190491         -2929.537573          2.98                0.04         
CONF163        -65.014371          2.01          -2929.522669          3.88           -9.156648         -2929.537261          3.17                0.03         
CONF164        -65.009500          5.07          -2929.517424          7.18           -12.220713        -2929.536899          3.40                0.02         
CONF167        -65.015748          1.15          -2929.527688          0.73           -8.283526         -2929.540888          0.90                1.28         
CONF168        -65.015743          1.15          -2929.527713          0.72           -8.286695         -2929.540919          0.88                1.32         
CONF169        -65.014358          2.02          -2929.522700          3.86           -9.167028         -2929.537309          3.14                0.03         
CONF173        -65.011830          3.61          -2929.520116          5.49           -10.713870        -2929.537190          3.22                0.03         
CONF177        -65.015331          1.41          -2929.528178          0.43           -8.505401         -2929.541732          0.37                3.13         
CONF178        -65.015152          1.52          -2929.523982          3.06           -8.603056         -2929.537692          2.90                0.04         
CONF184        -65.014649          1.84          -2929.522972          3.69           -8.884479         -2929.537131          3.26                0.02         
CONF189        -65.013693          2.44          -2929.522673          3.88           -9.460726         -2929.537750          2.87                0.05         
CONF197        -65.009343          5.17          -2929.517375          7.21           -12.164097        -2929.536760          3.49                0.02         
CONF198        -65.014979          1.63          -2929.523381          3.44           -8.621033         -2929.537120          3.26                0.02         
CONF203        -65.014362          2.02          -2929.524204          2.92           -8.970655         -2929.538500          2.40                0.10         
CONF209        -65.009874          4.83          -2929.518114          6.74           -11.742738        -2929.536828          3.45                0.02         
CONF211        -65.013807          2.36          -2929.521406          4.68           -9.266538         -2929.536173          3.86                0.01         
CONF213        -65.014686          1.81          -2929.523729          3.22           -8.708558         -2929.537607          2.96                0.04         
CONF214        -65.013830          2.35          -2929.521741          4.47           -9.242023         -2929.536469          3.67                0.01         
CONF218        -65.015335          1.41          -2929.525833          1.90           -8.277095         -2929.539023          2.07                0.18         
CONF223        -65.009333          5.17          -2929.519351          5.97           -11.986921        -2929.538453          2.43                0.10         
CONF225        -65.011275          3.95          -2929.520262          5.39           -10.747266        -2929.537389          3.09                0.03         
CONF230        -65.011612          3.74          -2929.520057          5.52           -10.525841        -2929.536831          3.44                0.02         
CONF231        -65.011622          3.74          -2929.520137          5.47           -10.518259        -2929.536899          3.40                0.02         
CONF236        -65.014686          1.81          -2929.525342          2.21           -8.561446         -2929.538986          2.09                0.17         
CONF238        -65.015376          1.38          -2929.527622          0.78           -8.109121         -2929.540545          1.11                0.89         
CONF239        -65.015372          1.38          -2929.527602          0.79           -8.112010         -2929.540529          1.12                0.88         
CONF240        -65.011400          3.87          -2929.521430          4.66           -10.605252        -2929.538331          2.50                0.09         
CONF241        -65.014306          2.05          -2929.523459          3.39           -8.768770         -2929.537432          3.07                0.03         
CONF242        -65.014652          1.83          -2929.525363          2.19           -8.578310         -2929.539033          2.06                0.18         
CONF250        -65.010906          4.18          -2929.520829          5.04           -10.867810        -2929.538148          2.62                0.07         
CONF251        -65.014379          2.01          -2929.523238          3.53           -8.685486         -2929.537079          3.29                0.02         
CONF255        -65.014289          2.06          -2929.523703          3.23           -8.719013         -2929.537598          2.96                0.04         
CONF257        -65.014307          2.05          -2929.523737          3.21           -8.699817         -2929.537601          2.96                0.04         
CONF260        -65.016259          0.83          -2929.528006          0.53           -7.469408         -2929.539910          1.51                0.45         
CONF264        -65.014516          1.92          -2929.525609          2.04           -8.519905         -2929.539186          1.97                0.21         
CONF265        -65.014942          1.65          -2929.524652          2.64           -8.250597         -2929.537800          2.84                0.05         
CONF267        -65.014932          1.66          -2929.524526          2.72           -8.257375         -2929.537685          2.91                0.04         
CONF268        -65.014935          1.66          -2929.524522          2.72           -8.256073         -2929.537679          2.91                0.04         
CONF269        -65.014940          1.65          -2929.524570          2.69           -8.252964         -2929.537722          2.88                0.04         
CONF271        -65.016218          0.85          -2929.528180          0.43           -7.483190         -2929.540106          1.39                0.56         
CONF273        -65.013864          2.33          -2929.525489          2.11           -8.958912         -2929.539766          1.60                0.39         
CONF274        -65.013870          2.33          -2929.525379          2.18           -8.954227         -2929.539648          1.68                0.34         
CONF277        -65.011125          4.05          -2929.522631          3.91           -10.626669        -2929.539566          1.73                0.32         
CONF285        -65.014117          2.17          -2929.524658          2.64           -8.722029         -2929.538557          2.36                0.11         
CONF289        -65.013909          2.30          -2929.524056          3.01           -8.836586         -2929.538138          2.62                0.07         
CONF300        -65.012930          2.91          -2929.522380          4.07           -9.397847         -2929.537356          3.11                0.03         
CONF301        -65.014593          1.87          -2929.523079          3.63           -8.350745         -2929.536387          3.72                0.01         
CONF302        -65.014058          2.21          -2929.523047          3.65           -8.689569         -2929.536895          3.40                0.02         
CONF303        -65.014764          1.76          -2929.528470          0.24           -8.238391         -2929.541599          0.45                2.72         
CONF304        -65.011809          3.62          -2929.521700          4.49           -10.089083        -2929.537778          2.85                0.05         
CONF305        -65.011816          3.61          -2929.521634          4.53           -10.081684        -2929.537700          2.90                0.04         
CONF311        -65.012415          3.24          -2929.520639          5.16           -9.684417         -2929.536072          3.92                0.01         
CONF315        -65.014459          1.96          -2929.528228          0.40           -8.388580         -2929.541596          0.45                2.71         
CONF316        -65.015007          1.61          -2929.527680          0.74           -8.031894         -2929.540480          1.15                0.83         
CONF318        -65.011415          3.87          -2929.521193          4.81           -10.283353        -2929.537580          2.97                0.04         
CONF320        -65.011035          4.10          -2929.519877          5.64           -10.517445        -2929.536638          3.56                0.01         
CONF322        -65.013286          2.69          -2929.521860          4.39           -9.099145         -2929.536360          3.74                0.01         
CONF323        -65.013316          2.67          -2929.521674          4.51           -9.077761         -2929.536140          3.88                0.01         
CONF329        -65.013937          2.28          -2929.523021          3.66           -8.664021         -2929.536828          3.45                0.02         
CONF330        -65.014207          2.11          -2929.525859          1.88           -8.487087         -2929.539385          1.84                0.26         
CONF332        -65.011258          3.96          -2929.520646          5.15           -10.336884        -2929.537119          3.26                0.02         
CONF337        -65.014732          1.78          -2929.525730          1.96           -8.141631         -2929.538705          2.27                0.13         
CONF338        -65.014293          2.06          -2929.528307          0.35           -8.413024         -2929.541714          0.38                3.07         
CONF339        -65.011145          4.04          -2929.521422          4.67           -10.387611        -2929.537976          2.72                0.06         
CONF345        -65.013678          2.45          -2929.522929          3.72           -8.786765         -2929.536931          3.38                0.02         
CONF352        -65.013626          2.48          -2929.524866          2.50           -8.794575         -2929.538881          2.16                0.15         
CONF361        -65.011016          4.12          -2929.522003          4.30           -10.416465        -2929.538603          2.33                0.11         
CONF362        -65.011413          3.87          -2929.522191          4.18           -10.166631        -2929.538392          2.46                0.09         
CONF366        -65.013648          2.46          -2929.523828          3.16           -8.749275         -2929.537771          2.85                0.05         
CONF367        -65.013386          2.63          -2929.525342          2.21           -8.912325         -2929.539544          1.74                0.31         
CONF370        -65.013409          2.61          -2929.524956          2.45           -8.878606         -2929.539105          2.02                0.19         
CONF371        -65.013396          2.62          -2929.525322          2.22           -8.904694         -2929.539513          1.76                0.30         
CONF374        -65.012939          2.91          -2929.523332          3.47           -9.144904         -2929.537906          2.77                0.05         
CONF376        -65.013290          2.69          -2929.523201          3.55           -8.918255         -2929.537413          3.08                0.03         
CONF377        -65.013326          2.67          -2929.523360          3.45           -8.895819         -2929.537536          3.00                0.04         
CONF380        -65.012675          3.08          -2929.522410          4.05           -9.302024         -2929.537233          3.19                0.03         
CONF386        -65.008144          5.92          -2929.516837          7.54           -12.125274        -2929.536160          3.86                0.01         
CONF390        -65.007299          6.45          -2929.515876          8.15           -12.638087        -2929.536016          3.95                0.01         
CONF392        -65.012234          3.35          -2929.521587          4.56           -9.557067         -2929.536817          3.45                0.02         
CONF397        -65.007636          6.24          -2929.517105          7.37           -12.396719        -2929.536861          3.42                0.02         
CONF398        -65.010440          4.48          -2929.520588          5.19           -10.639241        -2929.537543          3.00                0.04         
CONF399        -65.014085          2.19          -2929.527868          0.62           -8.341747         -2929.541161          0.73                1.71         
CONF401        -65.013588          2.50          -2929.522561          3.95           -8.642035         -2929.536333          3.76                0.01         
CONF402        -65.008163          5.91          -2929.517364          7.21           -12.056150        -2929.536577          3.60                0.01         
CONF409        -65.013996          2.25          -2929.527280          0.99           -8.361564         -2929.540605          1.08                0.95         
CONF411        -65.014031          2.22          -2929.527354          0.94           -8.337181         -2929.540640          1.05                0.99         
CONF412        -65.012933          2.91          -2929.521942          4.34           -9.025810         -2929.536326          3.76                0.01         
CONF415        -65.013590          2.50          -2929.522607          3.92           -8.630264         -2929.536360          3.74                0.01         
CONF416        -65.013450          2.59          -2929.526112          1.72           -8.696563         -2929.539970          1.47                0.49         
CONF420        -65.013953          2.27          -2929.525971          1.81           -8.370693         -2929.539310          1.89                0.24         
CONF422        -65.013107          2.80          -2929.523142          3.59           -8.900830         -2929.537326          3.13                0.03         
CONF435        -65.013976          2.26          -2929.524018          3.04           -8.338305         -2929.537305          3.15                0.03         
CONF439        -65.014622          1.85          -2929.524896          2.49           -7.919487         -2929.537516          3.01                0.04         
CONF444        -65.012714          3.05          -2929.522367          4.07           -9.101327         -2929.536871          3.42                0.02         
CONF446        -65.012545          3.16          -2929.521589          4.56           -9.204967         -2929.536258          3.80                0.01         
CONF448        -65.012889          2.94          -2929.525188          2.30           -8.983541         -2929.539504          1.77                0.30         
CONF461        -65.012566          3.14          -2929.522567          3.95           -9.145903         -2929.537142          3.25                0.02         
CONF465        -65.013520          2.54          -2929.523003          3.67           -8.539850         -2929.536612          3.58                0.01         
CONF467        -65.013546          2.53          -2929.524575          2.69           -8.511591         -2929.538139          2.62                0.07         
CONF468        -65.011338          3.91          -2929.520233          5.41           -9.896641         -2929.536004          3.96                0.01         
CONF469        -65.013800          2.37          -2929.523428          3.41           -8.349340         -2929.536733          3.50                0.02         
CONF470        -65.012556          3.15          -2929.522636          3.90           -9.127220         -2929.537181          3.22                0.03         
CONF474        -65.013271          2.70          -2929.522924          3.72           -8.661589         -2929.536728          3.51                0.02         
CONF475        -65.013868          2.33          -2929.523271          3.51           -8.280549         -2929.536467          3.67                0.01         
CONF485        -65.012867          2.95          -2929.522295          4.12           -8.875732         -2929.536440          3.69                0.01         
CONF491        -65.012379          3.26          -2929.522123          4.23           -9.158650         -2929.536718          3.51                0.02         
CONF492        -65.013252          2.71          -2929.522962          3.70           -8.620226         -2929.536699          3.53                0.02         
CONF505        -65.012374          3.26          -2929.522139          4.22           -9.161768         -2929.536739          3.50                0.02         
CONF511        -65.013111          2.80          -2929.523405          3.42           -8.659965         -2929.537205          3.21                0.03         
CONF514        -65.012841          2.97          -2929.523565          3.32           -8.823842         -2929.537626          2.94                0.04         
CONF518        -65.012812          2.99          -2929.523701          3.24           -8.835509         -2929.537782          2.85                0.05         
CONF522        -65.011578          3.76          -2929.522916          3.73           -9.605737         -2929.538224          2.57                0.08         
CONF525        -65.010883          4.20          -2929.520393          5.31           -10.037098        -2929.536388          3.72                0.01         
CONF526        -65.015205          1.49          -2929.527558          0.82           -7.326019         -2929.539233          1.94                0.22         
CONF529        -65.013529          2.54          -2929.522778          3.82           -8.369990         -2929.536117          3.89                0.01         
CONF530        -65.007660          6.22          -2929.519331          5.98           -12.051205        -2929.538536          2.37                0.11         
CONF538        -65.007874          6.09          -2929.519884          5.63           -11.903920        -2929.538854          2.17                0.15         
CONF542        -65.013713          2.42          -2929.524346          2.83           -8.224432         -2929.537453          3.05                0.03         
CONF544        -65.011782          3.64          -2929.523619          3.29           -9.430329         -2929.538647          2.30                0.12         
CONF545        -65.013909          2.30          -2929.526655          1.38           -8.091557         -2929.539550          1.74                0.31         
CONF546        -65.013710          2.43          -2929.524412          2.79           -8.209053         -2929.537493          3.03                0.04         
CONF547        -65.012050          3.47          -2929.523213          3.54           -9.251633         -2929.537957          2.74                0.06         
CONF551        -65.007227          6.49          -2929.517484          7.14           -12.267441        -2929.537033          3.32                0.02         
CONF553        -65.013403          2.62          -2929.523408          3.42           -8.389448         -2929.536777          3.48                0.02         
CONF554        -65.013384          2.63          -2929.524636          2.65           -8.400237         -2929.538023          2.70                0.06         
CONF555        -65.013377          2.63          -2929.524703          2.61           -8.403861         -2929.538095          2.65                0.07         
CONF556        -65.013427          2.60          -2929.523451          3.39           -8.371400         -2929.536792          3.47                0.02         
CONF559        -65.013262          2.71          -2929.522784          3.81           -8.468067         -2929.536279          3.79                0.01         
CONF560        -65.010095          4.69          -2929.519971          5.58           -10.455419        -2929.536633          3.57                0.01         
CONF562        -65.007925          6.06          -2929.518563          6.46           -11.815052        -2929.537391          3.09                0.03         
CONF568        -65.011396          3.88          -2929.521814          4.42           -9.618326         -2929.537142          3.25                0.02         
CONF570        -65.011447          3.85          -2929.522105          4.24           -9.596408         -2929.537398          3.09                0.03         
CONF571        -65.013055          2.84          -2929.524140          2.96           -8.576929         -2929.537808          2.83                0.05         
CONF572        -65.012228          3.36          -2929.523123          3.60           -9.104164         -2929.537632          2.94                0.04         
CONF573        -65.013042          2.84          -2929.524155          2.95           -8.583606         -2929.537834          2.81                0.05         
CONF576        -65.010752          4.28          -2929.520385          5.32           -10.016821        -2929.536348          3.75                0.01         
CONF581        -65.009639          4.98          -2929.518958          6.21           -10.703093        -2929.536014          3.96                0.01         
CONF586        -65.012687          3.07          -2929.522306          4.11           -8.779219         -2929.536297          3.78                0.01         
CONF587        -65.012678          3.07          -2929.522368          4.07           -8.785425         -2929.536369          3.73                0.01         
CONF588        -65.012668          3.08          -2929.522279          4.13           -8.790468         -2929.536287          3.78                0.01         
CONF589        -65.012669          3.08          -2929.522237          4.16           -8.790547         -2929.536245          3.81                0.01         
CONF590        -65.012671          3.08          -2929.522279          4.13           -8.788676         -2929.536285          3.79                0.01         
CONF592        -65.012996          2.87          -2929.523099          3.61           -8.571860         -2929.536759          3.49                0.02         
CONF595        -65.013120          2.80          -2929.528703          0.10           -8.488825         -2929.542231          0.05                5.32         
CONF596        -65.013129          2.79          -2929.528804          0.03           -8.480356         -2929.542318          0.00                5.83         
CONF597        -65.013403          2.62          -2929.524142          2.96           -8.305380         -2929.537378          3.10                0.03         
CONF599        -65.013373          2.64          -2929.524130          2.97           -8.318475         -2929.537386          3.09                0.03         
CONF602        -65.012419          3.24          -2929.523522          3.35           -8.912797         -2929.537726          2.88                0.05         
CONF616        -65.012172          3.39          -2929.521610          4.55           -9.039488         -2929.536015          3.96                0.01         
CONF621        -65.012702          3.06          -2929.525808          1.91           -8.700244         -2929.539673          1.66                0.35         
CONF623        -65.013317          2.67          -2929.527945          0.57           -8.309625         -2929.541187          0.71                1.76         
CONF630        -65.012177          3.39          -2929.522278          4.13           -9.007064         -2929.536632          3.57                0.01         
CONF635        -65.012192          3.38          -2929.522171          4.20           -8.990010         -2929.536498          3.65                0.01         
CONF642        -65.012582          3.13          -2929.523990          3.05           -8.731362         -2929.537904          2.77                0.05         
CONF645        -65.012152          3.40          -2929.523635          3.28           -8.994967         -2929.537969          2.73                0.06         
CONF654        -65.010085          4.70          -2929.521068          4.89           -10.274326        -2929.537441          3.06                0.03         
CONF656        -65.013582          2.51          -2929.523426          3.41           -8.072286         -2929.536290          3.78                0.01         
CONF667        -65.011504          3.81          -2929.521432          4.66           -9.352323         -2929.536335          3.75                0.01         
CONF669        -65.012499          3.19          -2929.523515          3.35           -8.725977         -2929.537421          3.07                0.03         
CONF670        -65.012809          2.99          -2929.523540          3.34           -8.530188         -2929.537134          3.25                0.02         
CONF675        -65.012582          3.13          -2929.523197          3.55           -8.664369         -2929.537005          3.33                0.02         
CONF681        -65.012948          2.90          -2929.527163          1.06           -8.429624         -2929.540596          1.08                0.94         
CONF685        -65.012561          3.15          -2929.523631          3.28           -8.664364         -2929.537439          3.06                0.03         
CONF691        -65.012792          3.00          -2929.523596          3.30           -8.540987         -2929.537207          3.21                0.03         
CONF695        -65.011003          4.12          -2929.520644          5.15           -9.617153         -2929.535970          3.98                0.01         
CONF697        -65.013263          2.71          -2929.526068          1.75           -8.198511         -2929.539133          2.00                0.20         
CONF705        -65.011651          3.72          -2929.521715          4.48           -9.192432         -2929.536365          3.74                0.01         
CONF709        -65.013090          2.81          -2929.524583          2.68           -8.279271         -2929.537777          2.85                0.05         
CONF719        -65.012369          3.27          -2929.524238          2.90           -8.716355         -2929.538129          2.63                0.07         
CONF727        -65.014264          2.08          -2929.526998          1.17           -7.514077         -2929.538972          2.10                0.17         
CONF728        -65.014225          2.10          -2929.526635          1.40           -7.535807         -2929.538644          2.31                0.12         
CONF729        -65.013473          2.57          -2929.524442          2.77           -8.013496         -2929.537212          3.20                0.03         
CONF734        -65.011588          3.76          -2929.521903          4.36           -9.169484         -2929.536516          3.64                0.01         
CONF735        -65.011571          3.77          -2929.521935          4.34           -9.176693         -2929.536559          3.61                0.01         
CONF738        -65.011178          4.01          -2929.523014          3.67           -9.410348         -2929.538010          2.70                0.06         
CONF739        -65.011529          3.79          -2929.521882          4.38           -9.189184         -2929.536526          3.63                0.01         
CONF742        -65.010194          4.63          -2929.521069          4.89           -10.018854        -2929.537036          3.32                0.02         
CONF743        -65.012474          3.20          -2929.524032          3.03           -8.607790         -2929.537749          2.87                0.05         
CONF746        -65.012087          3.44          -2929.522348          4.09           -8.824339         -2929.536410          3.71                0.01         
CONF759        -65.011056          4.09          -2929.522062          4.26           -9.452307         -2929.537126          3.26                0.02         
CONF760        -65.014280          2.07          -2929.528222          0.40           -7.427090         -2929.540058          1.42                0.53         
CONF761        -65.013038          2.85          -2929.523820          3.16           -8.208652         -2929.536902          3.40                0.02         
CONF763        -65.013369          2.64          -2929.528321          0.34           -7.991031         -2929.541055          0.79                1.53         
CONF764        -65.011571          3.77          -2929.522075          4.26           -9.119895         -2929.536608          3.58                0.01         
CONF768        -65.013366          2.64          -2929.528257          0.38           -7.993553         -2929.540995          0.83                1.44         
CONF777        -65.012495          3.19          -2929.525335          2.21           -8.511536         -2929.538899          2.15                0.16         
CONF779        -65.012659          3.09          -2929.525430          2.15           -8.406741         -2929.538827          2.19                0.14         
CONF780        -65.012207          3.37          -2929.523461          3.39           -8.689495         -2929.537309          3.14                0.03         
CONF781        -65.012207          3.37          -2929.523486          3.37           -8.688637         -2929.537332          3.13                0.03         
CONF787        -65.012325          3.29          -2929.523965          3.07           -8.609285         -2929.537685          2.91                0.04         
CONF789        -65.013129          2.79          -2929.526063          1.75           -8.101807         -2929.538974          2.10                0.17         
CONF800        -65.013036          2.85          -2929.527240          1.02           -8.143130         -2929.540217          1.32                0.63         
CONF815        -65.012059          3.46          -2929.526665          1.38           -8.734338         -2929.540585          1.09                0.93         
CONF821        -65.011242          3.97          -2929.521260          4.77           -9.240842         -2929.535987          3.97                0.01         
CONF825        -65.012505          3.18          -2929.522777          3.82           -8.443918         -2929.536234          3.82                0.01         
CONF828        -65.011181          4.01          -2929.521768          4.45           -9.269582         -2929.536540          3.63                0.01         
CONF829        -65.010016          4.74          -2929.522662          3.89           -10.001110        -2929.538600          2.33                0.11         
CONF833        -65.013391          2.63          -2929.526780          1.30           -7.875740         -2929.539331          1.87                0.25         
CONF834        -65.011513          3.80          -2929.525647          2.01           -9.054374         -2929.540076          1.41                0.54         
CONF837        -65.013540          2.53          -2929.526336          1.58           -7.781569         -2929.538736          2.25                0.13         
CONF840        -65.012947          2.90          -2929.528212          0.41           -8.147373         -2929.541195          0.70                1.78         
CONF841        -65.013615          2.49          -2929.526951          1.20           -7.725207         -2929.539261          1.92                0.23         
CONF842        -65.013704          2.43          -2929.526842          1.26           -7.668248         -2929.539062          2.04                0.19         
CONF843        -65.013713          2.42          -2929.527005          1.16           -7.661540         -2929.539214          1.95                0.22         
CONF856        -65.012343          3.28          -2929.522923          3.72           -8.496724         -2929.536464          3.67                0.01         
CONF865        -65.009807          4.87          -2929.520970          4.95           -10.079398        -2929.537033          3.32                0.02         
CONF866        -65.010586          4.39          -2929.521047          4.90           -9.589016         -2929.536328          3.76                0.01         
CONF868        -65.010060          4.72          -2929.520640          5.16           -9.913086         -2929.536437          3.69                0.01         
CONF869        -65.010070          4.71          -2929.520612          5.17           -9.906489         -2929.536399          3.71                0.01         
CONF870        -65.012719          3.05          -2929.524679          2.62           -8.245639         -2929.537819          2.82                0.05         
CONF875        -65.013943          2.28          -2929.528298          0.35           -7.462944         -2929.540191          1.33                0.61         
CONF892        -65.012469          3.20          -2929.524627          2.65           -8.360358         -2929.537951          2.74                0.06         
CONF893        -65.011769          3.64          -2929.524159          2.95           -8.798848         -2929.538181          2.60                0.07         
CONF897        -65.011745          3.66          -2929.524193          2.93           -8.812042         -2929.538236          2.56                0.08         
CONF908        -65.008646          5.60          -2929.520879          5.01           -10.737157        -2929.537989          2.72                0.06         
CONF912        -65.010662          4.34          -2929.520998          4.93           -9.463581         -2929.536079          3.92                0.01         
CONF915        -65.013036          2.85          -2929.525777          1.93           -7.970117         -2929.538478          2.41                0.10         
CONF919        -65.012943          2.91          -2929.523652          3.27           -8.023260         -2929.536438          3.69                0.01         
CONF923        -65.011294          3.94          -2929.522986          3.68           -9.051702         -2929.537411          3.08                0.03         
CONF927        -65.012148          3.41          -2929.524435          2.78           -8.510629         -2929.537997          2.71                0.06         
CONF928        -65.011482          3.82          -2929.522520          3.98           -8.929412         -2929.536750          3.49                0.02         
CONF933        -65.012783          3.01          -2929.523520          3.35           -8.101084         -2929.536430          3.70                0.01         
CONF953        -65.012550          3.15          -2929.528858          0.00           -8.220731         -2929.541959          0.23                3.98         
CONF956        -65.009747          4.91          -2929.520675          5.14           -9.977961         -2929.536576          3.60                0.01         
CONF964        -65.009737          4.92          -2929.520564          5.20           -9.978448         -2929.536466          3.67                0.01         
CONF965        -65.010562          4.40          -2929.520941          4.97           -9.459212         -2929.536015          3.96                0.01         
CONF966        -65.010711          4.31          -2929.521776          4.44           -9.362840         -2929.536696          3.53                0.02         
CONF968        -65.011993          3.50          -2929.523556          3.33           -8.552521         -2929.537186          3.22                0.03         
CONF969        -65.010813          4.24          -2929.522208          4.17           -9.294994         -2929.537020          3.32                0.02         
CONF973        -65.008881          5.46          -2929.522731          3.84           -10.502064        -2929.539467          1.79                0.28         
CONF976        -65.011211          3.99          -2929.523972          3.07           -9.028879         -2929.538360          2.48                0.09         
CONF977        -65.011258          3.96          -2929.524023          3.03           -8.995505         -2929.538358          2.49                0.09         
CONF979        -65.010711          4.31          -2929.521091          4.87           -9.338272         -2929.535972          3.98                0.01         
CONF987        -65.011488          3.82          -2929.526518          1.47           -8.833977         -2929.540596          1.08                0.94         
CONF988        -65.010694          4.32          -2929.522819          3.79           -9.327778         -2929.537684          2.91                0.04         
CONF994        -65.011305          3.93          -2929.524570          2.69           -8.963920         -2929.538855          2.17                0.15         
CONF996        -65.010995          4.13          -2929.522473          4.01           -9.128678         -2929.537020          3.32                0.02         
CONF1000       -65.010630          4.36          -2929.521889          4.37           -9.343883         -2929.536779          3.48                0.02         
CONF1013       -65.011627          3.73          -2929.523315          3.48           -8.704778         -2929.537187          3.22                0.03         
CONF1014       -65.011626          3.73          -2929.523266          3.51           -8.705539         -2929.537139          3.25                0.02         
CONF1017       -65.011037          4.10          -2929.521989          4.31           -9.067189         -2929.536438          3.69                0.01         
CONF1019       -65.010856          4.22          -2929.522693          3.87           -9.182127         -2929.537326          3.13                0.03         
CONF1028       -65.010511          4.43          -2929.521146          4.84           -9.384359         -2929.536100          3.90                0.01         
CONF1029       -65.012062          3.46          -2929.528695          0.10           -8.409818         -2929.542097          0.14                4.61         
CONF1030       -65.010517          4.43          -2929.521192          4.81           -9.377105         -2929.536135          3.88                0.01         
CONF1031       -65.012853          2.96          -2929.523685          3.25           -7.907867         -2929.536287          3.78                0.01         
CONF1037       -65.010828          4.23          -2929.521689          4.50           -9.177720         -2929.536315          3.77                0.01         
CONF1038       -65.012839          2.97          -2929.523552          3.33           -7.910474         -2929.536158          3.87                0.01         
CONF1039       -65.011389          3.88          -2929.523546          3.33           -8.817270         -2929.537598          2.96                0.04         
CONF1054       -65.012524          3.17          -2929.526735          1.33           -8.089933         -2929.539627          1.69                0.34         
CONF1056       -65.010310          4.56          -2929.522216          4.17           -9.507220         -2929.537367          3.11                0.03         
CONF1071       -65.011480          3.82          -2929.524032          3.03           -8.724769         -2929.537936          2.75                0.06         
CONF1073       -65.011944          3.53          -2929.523097          3.61           -8.425609         -2929.536525          3.64                0.01         
CONF1075       -65.011961          3.52          -2929.523174          3.57           -8.410601         -2929.536577          3.60                0.01         
CONF1105       -65.011448          3.85          -2929.522225          4.16           -8.694007         -2929.536080          3.91                0.01         
CONF1115       -65.012031          3.48          -2929.524324          2.84           -8.315514         -2929.537576          2.98                0.04         
CONF1116       -65.012032          3.48          -2929.524354          2.83           -8.314131         -2929.537603          2.96                0.04         
CONF1117       -65.010944          4.16          -2929.521891          4.37           -8.995532         -2929.536226          3.82                0.01         
CONF1127       -65.012043          3.47          -2929.527074          1.12           -8.291953         -2929.540288          1.27                0.68         
CONF1137       -65.011168          4.02          -2929.523069          3.63           -8.824404         -2929.537131          3.25                0.02         
CONF1141       -65.010197          4.63          -2929.522217          4.17           -9.426124         -2929.537239          3.19                0.03         
CONF1151       -65.010158          4.65          -2929.522066          4.26           -9.427774         -2929.537090          3.28                0.02         
CONF1159       -65.008869          5.46          -2929.519837          5.66           -10.230128        -2929.536140          3.88                0.01         
CONF1172       -65.011504          3.81          -2929.522388          4.06           -8.557479         -2929.536026          3.95                0.01         
CONF1176       -65.010116          4.68          -2929.521940          4.34           -9.423627         -2929.536958          3.36                0.02         
CONF1189       -65.011235          3.98          -2929.522327          4.10           -8.703786         -2929.536198          3.84                0.01         
CONF1196       -65.010578          4.39          -2929.521647          4.53           -9.105861         -2929.536158          3.87                0.01         
CONF1197       -65.010068          4.71          -2929.521847          4.40           -9.424267         -2929.536865          3.42                0.02         
CONF1201       -65.010745          4.29          -2929.522299          4.12           -8.996335         -2929.536636          3.57                0.01         
CONF1202       -65.010862          4.21          -2929.523556          3.33           -8.918081         -2929.537768          2.86                0.05         
CONF1211       -65.010445          4.47          -2929.522046          4.27           -9.160067         -2929.536643          3.56                0.01         
CONF1213       -65.011953          3.53          -2929.526040          1.77           -8.214512         -2929.539131          2.00                0.20         
CONF1216       -65.010693          4.32          -2929.522250          4.15           -9.000803         -2929.536594          3.59                0.01         
CONF1218       -65.012442          3.22          -2929.527053          1.13           -7.901658         -2929.539645          1.68                0.34         
CONF1221       -65.010723          4.30          -2929.521762          4.45           -8.971375         -2929.536059          3.93                0.01         
CONF1243       -65.012077          3.45          -2929.523315          3.48           -8.097211         -2929.536219          3.83                0.01         
CONF1244       -65.010615          4.37          -2929.523048          3.65           -9.013102         -2929.537412          3.08                0.03         
CONF1245       -65.010554          4.41          -2929.522044          4.28           -9.051011         -2929.536467          3.67                0.01         
CONF1246       -65.011637          3.73          -2929.524513          2.73           -8.362090         -2929.537839          2.81                0.05         
CONF1248       -65.010972          4.14          -2929.522255          4.14           -8.777817         -2929.536244          3.81                0.01         
CONF1263       -65.010995          4.13          -2929.522077          4.26           -8.744739         -2929.536012          3.96                0.01         
CONF1266       -65.008296          5.82          -2929.520537          5.22           -10.427968        -2929.537155          3.24                0.02         
CONF1282       -65.012380          3.26          -2929.525456          2.13           -7.842087         -2929.537953          2.74                0.06         
CONF1285       -65.011122          4.05          -2929.522234          4.16           -8.628077         -2929.535984          3.97                0.01         
CONF1286       -65.010305          4.56          -2929.522740          3.84           -9.140928         -2929.537307          3.14                0.03         
CONF1287       -65.010301          4.56          -2929.522712          3.86           -9.142524         -2929.537282          3.16                0.03         
CONF1288       -65.010759          4.28          -2929.522893          3.74           -8.853109         -2929.537001          3.34                0.02         
CONF1291       -65.011763          3.65          -2929.525477          2.12           -8.222658         -2929.538581          2.35                0.11         
CONF1298       -65.010826          4.24          -2929.522154          4.21           -8.800729         -2929.536179          3.85                0.01         
CONF1307       -65.011580          3.76          -2929.523261          3.51           -8.315216         -2929.536512          3.64                0.01         
CONF1319       -65.012171          3.39          -2929.523878          3.12           -7.928674         -2929.536513          3.64                0.01         
CONF1325       -65.010602          4.38          -2929.524009          3.04           -8.908696         -2929.538206          2.58                0.07         
CONF1326       -65.010623          4.36          -2929.524039          3.02           -8.894139         -2929.538213          2.58                0.08         
CONF1327       -65.012681          3.07          -2929.526220          1.66           -7.602114         -2929.538335          2.50                0.09         
CONF1328       -65.012712          3.05          -2929.526211          1.66           -7.582034         -2929.538294          2.53                0.08         
CONF1330       -65.010546          4.41          -2929.523738          3.21           -8.937632         -2929.537981          2.72                0.06         
CONF1338       -65.011023          4.11          -2929.522503          3.99           -8.635762         -2929.536265          3.80                0.01         
CONF1339       -65.010661          4.34          -2929.524049          3.02           -8.859683         -2929.538167          2.60                0.07         
CONF1365       -65.009948          4.79          -2929.522301          4.11           -9.271598         -2929.537076          3.29                0.02         
CONF1368       -65.010922          4.17          -2929.522470          4.01           -8.658367         -2929.536268          3.80                0.01         
CONF1392       -65.009728          4.92          -2929.521291          4.75           -9.371308         -2929.536225          3.82                0.01         
CONF1399       -65.010884          4.20          -2929.522610          3.92           -8.635380         -2929.536371          3.73                0.01         
CONF1417       -65.011802          3.62          -2929.524812          2.54           -8.025858         -2929.537603          2.96                0.04         
CONF1422       -65.011406          3.87          -2929.523812          3.17           -8.270020         -2929.536991          3.34                0.02         
CONF1423       -65.011792          3.63          -2929.524852          2.51           -8.027399         -2929.537645          2.93                0.04         
CONF1424       -65.011800          3.62          -2929.524917          2.47           -8.026265         -2929.537707          2.89                0.04         
CONF1436       -65.010705          4.31          -2929.523924          3.10           -8.697182         -2929.537783          2.85                0.05         
CONF1437       -65.010900          4.19          -2929.524022          3.03           -8.571297         -2929.537682          2.91                0.04         
CONF1438       -65.010672          4.33          -2929.523775          3.19           -8.713126         -2929.537660          2.92                0.04         
CONF1439       -65.009111          5.31          -2929.520937          4.97           -9.693108         -2929.536384          3.72                0.01         
CONF1452       -65.011391          3.88          -2929.523223          3.54           -8.237810         -2929.536351          3.74                0.01         
CONF1462       -65.011024          4.11          -2929.523028          3.66           -8.452865         -2929.536499          3.65                0.01         
CONF1465       -65.010377          4.52          -2929.522730          3.85           -8.858311         -2929.536847          3.43                0.02         
CONF1467       -65.011050          4.09          -2929.523131          3.59           -8.424318         -2929.536556          3.62                0.01         
CONF1469       -65.011035          4.10          -2929.523031          3.66           -8.432368         -2929.536468          3.67                0.01         
CONF1472       -65.010414          4.49          -2929.522489          4.00           -8.816180         -2929.536538          3.63                0.01         
CONF1474       -65.010432          4.48          -2929.522638          3.90           -8.803322         -2929.536667          3.55                0.01         
CONF1475       -65.010390          4.51          -2929.522486          4.00           -8.828476         -2929.536555          3.62                0.01         
CONF1477       -65.010491          4.45          -2929.523600          3.30           -8.798304         -2929.537621          2.95                0.04         
CONF1489       -65.010436          4.48          -2929.523919          3.10           -8.781834         -2929.537913          2.76                0.05         
CONF1494       -65.010985          4.14          -2929.523520          3.35           -8.424230         -2929.536945          3.37                0.02         
CONF1495       -65.011468          3.83          -2929.524758          2.57           -8.119965         -2929.537698          2.90                0.04         
CONF1496       -65.010162          4.65          -2929.522344          4.09           -8.937611         -2929.536587          3.60                0.01         
CONF1498       -65.009949          4.79          -2929.522560          3.95           -9.070977         -2929.537015          3.33                0.02         
CONF1500       -65.008046          5.98          -2929.519653          5.78           -10.261952        -2929.536006          3.96                0.01         
CONF1504       -65.011747          3.66          -2929.523322          3.47           -7.936122         -2929.535969          3.98                0.01         
CONF1509       -65.012215          3.36          -2929.527766          0.69           -7.637449         -2929.539937          1.49                0.47         
CONF1517       -65.010924          4.17          -2929.524847          2.52           -8.424092         -2929.538271          2.54                0.08         
CONF1525       -65.011938          3.54          -2929.523599          3.30           -7.780101         -2929.535997          3.97                0.01         
CONF1530       -65.009185          5.26          -2929.521246          4.78           -9.499016         -2929.536384          3.72                0.01         
CONF1531       -65.010431          4.48          -2929.524503          2.73           -8.717416         -2929.538395          2.46                0.09         
CONF1534       -65.009810          4.87          -2929.522698          3.87           -9.098536         -2929.537197          3.21                0.03         
CONF1536       -65.010803          4.25          -2929.522872          3.76           -8.476358         -2929.536380          3.73                0.01         
CONF1538       -65.009874          4.83          -2929.522753          3.83           -9.055312         -2929.537184          3.22                0.03         
CONF1544       -65.008902          5.44          -2929.521498          4.62           -9.659487         -2929.536891          3.41                0.02         
CONF1545       -65.008901          5.44          -2929.521326          4.73           -9.658785         -2929.536718          3.51                0.02         
CONF1546       -65.010540          4.41          -2929.523063          3.64           -8.630880         -2929.536817          3.45                0.02         
CONF1548       -65.010180          4.64          -2929.522277          4.13           -8.857804         -2929.536393          3.72                0.01         
CONF1549       -65.009372          5.15          -2929.522848          3.77           -9.360044         -2929.537765          2.86                0.05         
CONF1551       -65.009843          4.85          -2929.522848          3.77           -9.059600         -2929.537285          3.16                0.03         
CONF1555       -65.009273          5.21          -2929.521921          4.35           -9.414560         -2929.536924          3.39                0.02         
CONF1558       -65.009540          5.04          -2929.522861          3.76           -9.238609         -2929.537584          2.97                0.04         
CONF1571       -65.009466          5.09          -2929.521514          4.61           -9.265493         -2929.536279          3.79                0.01         
CONF1588       -65.010919          4.18          -2929.525194          2.30           -8.331236         -2929.538471          2.41                0.10         
CONF1595       -65.008317          5.81          -2929.520240          5.41           -9.957501         -2929.536108          3.90                0.01         
CONF1600       -65.011756          3.65          -2929.524953          2.45           -7.792220         -2929.537370          3.10                0.03         
CONF1602       -65.011845          3.60          -2929.524889          2.49           -7.731854         -2929.537210          3.21                0.03         
CONF1612       -65.010889          4.20          -2929.528718          0.09           -8.322271         -2929.541980          0.21                4.07         
CONF1613       -65.009116          5.31          -2929.522075          4.26           -9.437307         -2929.537114          3.27                0.02         
CONF1615       -65.007929          6.05          -2929.520496          5.25           -10.179443        -2929.536718          3.51                0.02         
CONF1626       -65.009924          4.80          -2929.522532          3.97           -8.917597         -2929.536743          3.50                0.02         
CONF1630       -65.009988          4.76          -2929.523683          3.25           -8.866466         -2929.537812          2.83                0.05         
CONF1640       -65.009573          5.02          -2929.521760          4.45           -9.112192         -2929.536281          3.79                0.01         
CONF1642       -65.009555          5.03          -2929.521869          4.39           -9.122477         -2929.536406          3.71                0.01         
CONF1646       -65.009856          4.84          -2929.524649          2.64           -8.927596         -2929.538876          2.16                0.15         
CONF1651       -65.009626          4.99          -2929.524362          2.82           -9.074652         -2929.538823          2.19                0.14         
CONF1665       -65.010018          4.74          -2929.523285          3.50           -8.796517         -2929.537303          3.15                0.03         
CONF1668       -65.009182          5.27          -2929.523869          3.13           -9.316091         -2929.538715          2.26                0.13         
CONF1675       -65.011310          3.93          -2929.526252          1.64           -7.975531         -2929.538961          2.11                0.17         
CONF1678       -65.011329          3.92          -2929.526203          1.67           -7.961748         -2929.538891          2.15                0.15         
CONF1686       -65.009364          5.15          -2929.524732          2.59           -9.182902         -2929.539366          1.85                0.26         
CONF1691       -65.011769          3.64          -2929.523971          3.07           -7.670382         -2929.536195          3.84                0.01         
CONF1699       -65.010759          4.28          -2929.527345          0.95           -8.296953         -2929.540567          1.10                0.91         
CONF1703       -65.010248          4.60          -2929.523738          3.21           -8.615287         -2929.537467          3.04                0.03         
CONF1704       -65.011016          4.12          -2929.524544          2.71           -8.127203         -2929.537495          3.03                0.04         
CONF1707       -65.009462          5.09          -2929.521620          4.54           -9.146896         -2929.536196          3.84                0.01         
CONF1766       -65.009221          5.24          -2929.523177          3.57           -9.155637         -2929.537767          2.86                0.05         
CONF1767       -65.008044          5.98          -2929.520860          5.02           -9.892803         -2929.536625          3.57                0.01         
CONF1774       -65.012010          3.49          -2929.528405          0.28           -7.397556         -2929.540194          1.33                0.61         
CONF1790       -65.010638          4.35          -2929.523759          3.20           -8.234901         -2929.536882          3.41                0.02         
CONF1796       -65.009080          5.33          -2929.521906          4.36           -9.195616         -2929.536561          3.61                0.01         
CONF1802       -65.009623          4.99          -2929.522893          3.74           -8.844508         -2929.536987          3.35                0.02         
CONF1804       -65.010487          4.45          -2929.523889          3.12           -8.298750         -2929.537114          3.27                0.02         
CONF1813       -65.009232          5.24          -2929.521917          4.36           -9.063742         -2929.536361          3.74                0.01         
CONF1815       -65.007679          6.21          -2929.520186          5.44           -10.034378        -2929.536177          3.85                0.01         
CONF1820       -65.008022          5.99          -2929.521700          4.49           -9.812030         -2929.537337          3.13                0.03         
CONF1835       -65.011629          3.73          -2929.528186          0.42           -7.535248         -2929.540194          1.33                0.61         
CONF1840       -65.009855          4.84          -2929.523257          3.51           -8.639349         -2929.537025          3.32                0.02         
CONF1843       -65.009308          5.19          -2929.522335          4.09           -8.993454         -2929.536667          3.55                0.01         
CONF1855       -65.010730          4.30          -2929.524884          2.49           -8.079010         -2929.537758          2.86                0.05         
CONF1857       -65.008149          5.92          -2929.520516          5.23           -9.699783         -2929.535974          3.98                0.01         
CONF1865       -65.010903          4.19          -2929.524422          2.78           -7.955287         -2929.537100          3.27                0.02         
CONF1876       -65.008394          5.76          -2929.522826          3.79           -9.513619         -2929.537987          2.72                0.06         
CONF1879       -65.009930          4.80          -2929.523245          3.52           -8.547670         -2929.536866          3.42                0.02         
CONF1883       -65.011236          3.98          -2929.523934          3.09           -7.721304         -2929.536238          3.82                0.01         
CONF1884       -65.008045          5.98          -2929.520572          5.20           -9.721176         -2929.536064          3.92                0.01         
CONF1888       -65.010244          4.60          -2929.525644          2.02           -8.339123         -2929.538933          2.12                0.16         
CONF1899       -65.009822          4.87          -2929.522850          3.77           -8.590496         -2929.536540          3.63                0.01         
CONF1908       -65.010127          4.67          -2929.523159          3.58           -8.390732         -2929.536530          3.63                0.01         
CONF1921       -65.011617          3.74          -2929.525288          2.24           -7.440653         -2929.537146          3.25                0.02         
CONF1922       -65.011616          3.74          -2929.525279          2.25           -7.440751         -2929.537137          3.25                0.02         
CONF1923       -65.011502          3.81          -2929.526470          1.50           -7.511202         -2929.538439          2.43                0.10         
CONF1931       -65.008768          5.53          -2929.521676          4.51           -9.205375         -2929.536345          3.75                0.01         
CONF1932       -65.008767          5.53          -2929.521689          4.50           -9.205793         -2929.536359          3.74                0.01         
CONF1934       -65.010385          4.51          -2929.526416          1.53           -8.188165         -2929.539464          1.79                0.28         
CONF1939       -65.007145          6.54          -2929.521336          4.72           -10.218933        -2929.537620          2.95                0.04         
CONF1940       -65.008747          5.54          -2929.521685          4.50           -9.209976         -2929.536362          3.74                0.01         
CONF1964       -65.008741          5.54          -2929.522678          3.88           -9.176450         -2929.537302          3.15                0.03         
CONF1965       -65.008707          5.56          -2929.523004          3.67           -9.190310         -2929.537650          2.93                0.04         
CONF1967       -65.011660          3.71          -2929.526428          1.52           -7.336577         -2929.538120          2.63                0.07         
CONF1969       -65.011654          3.72          -2929.526349          1.57           -7.337615         -2929.538042          2.68                0.06         
CONF1975       -65.009121          5.31          -2929.521763          4.45           -8.918632         -2929.535976          3.98                0.01         
CONF1987       -65.009420          5.12          -2929.523580          3.31           -8.708539         -2929.537458          3.05                0.03         
CONF1998       -65.009986          4.76          -2929.524153          2.95           -8.332854         -2929.537432          3.07                0.03         
CONF2004       -65.010527          4.42          -2929.526919          1.22           -7.979003         -2929.539635          1.68                0.34         
CONF2010       -65.010762          4.28          -2929.524182          2.93           -7.824540         -2929.536652          3.56                0.01         
CONF2028       -65.010735          4.29          -2929.527033          1.14           -7.822687         -2929.539500          1.77                0.29         
CONF2035       -65.010482          4.45          -2929.523519          3.35           -7.964832         -2929.536212          3.83                0.01         
CONF2042       -65.008764          5.53          -2929.522306          4.11           -9.034156         -2929.536703          3.52                0.02         
CONF2045       -65.008418          5.75          -2929.523478          3.38           -9.244980         -2929.538211          2.58                0.08         
CONF2046       -65.007496          6.32          -2929.520743          5.09           -9.824945         -2929.536400          3.71                0.01         
CONF2063       -65.008772          5.52          -2929.521618          4.54           -8.997034         -2929.535956          3.99                0.01         
CONF2068       -65.009324          5.18          -2929.522949          3.71           -8.645989         -2929.536727          3.51                0.02         
CONF2086       -65.009922          4.80          -2929.524486          2.74           -8.241532         -2929.537620          2.95                0.04         
CONF2089       -65.009131          5.30          -2929.523896          3.11           -8.726065         -2929.537802          2.83                0.05         
CONF2090       -65.009555          5.03          -2929.522769          3.82           -8.457720         -2929.536247          3.81                0.01         
CONF2106       -65.008456          5.72          -2929.522391          4.06           -9.113449         -2929.536915          3.39                0.02         
CONF2107       -65.007675          6.21          -2929.523658          3.26           -9.598427         -2929.538954          2.11                0.17         
CONF2108       -65.009779          4.89          -2929.524213          2.91           -8.275498         -2929.537401          3.09                0.03         
CONF2109       -65.008489          5.70          -2929.522474          4.01           -9.084167         -2929.536951          3.37                0.02         
CONF2114       -65.009367          5.15          -2929.523187          3.56           -8.524027         -2929.536771          3.48                0.02         
CONF2125       -65.008359          5.78          -2929.522295          4.12           -9.138759         -2929.536859          3.43                0.02         
CONF2143       -65.010479          4.45          -2929.524366          2.82           -7.769330         -2929.536747          3.50                0.02         
CONF2145       -65.010577          4.39          -2929.524248          2.89           -7.732602         -2929.536571          3.61                0.01         
CONF2168       -65.009111          5.31          -2929.524040          3.02           -8.584196         -2929.537720          2.89                0.04         
CONF2172       -65.008259          5.85          -2929.521995          4.31           -9.108050         -2929.536510          3.64                0.01         
CONF2173       -65.008265          5.84          -2929.521993          4.31           -9.102927         -2929.536499          3.65                0.01         
CONF2183       -65.008508          5.69          -2929.524008          3.04           -8.931636         -2929.538242          2.56                0.08         
CONF2184       -65.010498          4.44          -2929.524237          2.90           -7.679897         -2929.536475          3.67                0.01         
CONF2189       -65.006912          6.69          -2929.521091          4.87           -9.926655         -2929.536910          3.39                0.02         
CONF2199       -65.009221          5.24          -2929.524651          2.64           -8.463009         -2929.538138          2.62                0.07         
CONF2213       -65.009949          4.79          -2929.527343          0.95           -7.981291         -2929.540062          1.42                0.53         
CONF2216       -65.010065          4.71          -2929.527033          1.14           -7.902118         -2929.539626          1.69                0.34         
CONF2217       -65.008599          5.63          -2929.522079          4.25           -8.820528         -2929.536135          3.88                0.01         
CONF2221       -65.010026          4.74          -2929.527421          0.90           -7.920115         -2929.540043          1.43                0.52         
CONF2222       -65.009956          4.78          -2929.527332          0.96           -7.976172         -2929.540043          1.43                0.52         
CONF2254       -65.009409          5.12          -2929.524779          2.56           -8.244924         -2929.537918          2.76                0.06         
CONF2261       -65.007412          6.38          -2929.521435          4.66           -9.481191         -2929.536544          3.62                0.01         
CONF2273       -65.010351          4.53          -2929.527517          0.84           -7.604404         -2929.539635          1.68                0.34         
CONF2279       -65.007640          6.23          -2929.523493          3.37           -9.284360         -2929.538289          2.53                0.08         
CONF2280       -65.007651          6.23          -2929.523503          3.36           -9.277451         -2929.538288          2.53                0.08         
CONF2281       -65.007635          6.24          -2929.523497          3.36           -9.286701         -2929.538297          2.52                0.08         
CONF2283       -65.008643          5.61          -2929.522688          3.87           -8.650870         -2929.536474          3.67                0.01         
CONF2285       -65.009606          5.00          -2929.524266          2.88           -8.045754         -2929.537088          3.28                0.02         
CONF2287       -65.010909          4.18          -2929.528209          0.41           -7.223935         -2929.539721          1.63                0.37         
CONF2297       -65.009351          5.16          -2929.526835          1.27           -8.188074         -2929.539883          1.53                0.44         
CONF2312       -65.009336          5.17          -2929.526723          1.34           -8.161304         -2929.539729          1.62                0.38         
CONF2320       -65.008989          5.39          -2929.526160          1.69           -8.361546         -2929.539485          1.78                0.29         
CONF2321       -65.009004          5.38          -2929.526240          1.64           -8.350328         -2929.539547          1.74                0.31         
CONF2326       -65.009531          5.05          -2929.523470          3.38           -8.018333         -2929.536248          3.81                0.01         
CONF2349       -65.007936          6.05          -2929.522158          4.20           -8.976375         -2929.536463          3.67                0.01         

Boltzmann averaged free energy/enthalpy of ensemble on input geometries (not DFT optimized):
temperature /K:   avE(T) /a.u.   avG(T) /a.u.
    298.15       -2887.3501990   -2887.3634733     <<==part0==
----------------------------------------------------------------------------------------------------