----------------------------------------------- 
  Element       SASA      Sigma Z        Total  
     Z         Ang**2 cal/Ang**2/mol   kcal/mol 
----------------------------------------------- 
      H        228.179      48.690      11.110
      C         53.948     129.740       6.999
      O         29.151       0.000       0.000
      P          2.539       0.000       0.000
      S        112.709      -9.100      -1.026

 Subtotal:     426.526                  17.084
 -----------------------------------------------

  Elements    COT*SASA   Sigma Z,Z'     Total   
    Z,Z'       Ang**2  cal/Ang**2/mol kcal/mol  
 ---------------------------------------------- 
  H   C        153.447     -60.770      -9.325
  H   O          0.000       0.000       0.000
  C   C         31.219     -72.950      -2.277
  O   C          0.000      68.690       0.000
  O   O          0.000       0.000       0.000
  O   P         19.974      68.850       1.375

 Subtotal:                             -10.227
 ---------------------------------------------- 

 NONAQUEOUS SOLVENT CONTRIBUTION (kcal/mol):
 (proportional to SASA, atomic number independent)
 ---------------------------------------------- 
 Subtotal:                               0.000
 ---------------------------------------------- 

 CDS TOTAL (kcal/mol):                   6.856
...............................................................................
