----------------------------------------------- 
  Element       SASA      Sigma Z        Total  
     Z         Ang**2 cal/Ang**2/mol   kcal/mol 
----------------------------------------------- 
      H        233.186      48.690      11.354
      C         54.032     129.740       7.010
      O         34.487       0.000       0.000
      P          2.788       0.000       0.000
      S        108.848      -9.100      -0.991

 Subtotal:     433.340                  17.373
 -----------------------------------------------

  Elements    COT*SASA   Sigma Z,Z'     Total   
    Z,Z'       Ang**2  cal/Ang**2/mol kcal/mol  
 ---------------------------------------------- 
  H   C        156.830     -60.770      -9.531
  H   O          0.000       0.000       0.000
  C   C         31.521     -72.950      -2.299
  O   C          0.000      68.690       0.000
  O   O          0.000       0.000       0.000
  O   P         23.639      68.850       1.628

 Subtotal:                             -10.202
 ---------------------------------------------- 

 NONAQUEOUS SOLVENT CONTRIBUTION (kcal/mol):
 (proportional to SASA, atomic number independent)
 ---------------------------------------------- 
 Subtotal:                               0.000
 ---------------------------------------------- 

 CDS TOTAL (kcal/mol):                   7.171
...............................................................................
