41
 energy: -65.046732072307 gnorm: 0.050635540058 xtb: 6.7.1 (edcfbbe)
C            1.50021141339290        0.39408850311747       -2.66967890135641
C            2.51718543504498        0.68960606240964       -1.59468261059967
O            2.88686566341020       -0.53639448143517       -0.88538493999382
P            2.41811343250640       -0.79470526227267        0.63182497128075
S            2.60148385509504        0.68946573395252        1.88078867954769
O            3.27671763716061       -2.11174101448463        0.95131511503087
C            4.61901066611916       -2.00434852691736        1.54611432806528
C            5.63437234043090       -1.38687786288667        0.61071575564382
S            0.46482058480561       -1.59423544165124        0.36898310131360
C           -0.46331750854956       -0.79418798276429        1.76040723479090
S           -2.24518846491963       -0.65518317645391        1.39313519217066
P           -2.21323323679512        0.89354189191325       -0.08563315990923
S           -0.81081583996545        2.22163550125166        0.08084332994607
O           -3.74228068209116        1.35271262289505        0.12967067731069
C           -4.21793700478214        2.66216325135399       -0.34847132703767
C           -4.20427332785613        2.77753532327117       -1.85421677818514
O           -2.16192771159246        0.19321594015287       -1.52820613541971
C           -3.18018704843428       -0.78499607826468       -1.93903088094007
C           -2.54056264163504       -2.14392362767301       -2.09718023096649
H            0.56556398942482        0.02246639874577       -2.23716451106205
H            1.28379576912330        1.32666626565117       -3.19980088090340
H            1.88429590977153       -0.33528613379295       -3.38938014900902
H            2.13834782190244        1.42289612885571       -0.87626044402464
H            3.45283854285855        1.06617583215985       -2.01678666970086
H            4.53072944149367       -1.43199766196849        2.47523820728381
H            4.87257890670080       -3.03776109430757        1.78522786626715
H            6.61038979888738       -1.41631862022812        1.10923832222358
H            5.70706513445227       -1.94368895385231       -0.32796496479892
H            5.40165233908248       -0.34031317235739        0.39122321353249
H           -0.03646288304953        0.19767865188299        1.94721878026345
H           -0.39502378269098       -1.41412828347998        2.66175072554364
H           -5.23240236745224        2.71956899780772        0.04893658949771
H           -3.60191276036470        3.43551011118713        0.12379127021841
H           -3.18671419980716        2.73352445563558       -2.25569509959393
H           -4.81074036600645        1.99348457069347       -2.32010461375377
H           -4.63033060477145        3.75206148527449       -2.12391369971686
H           -4.00039432927871       -0.79975873969644       -1.21392184476353
H           -3.57380181847348       -0.40948734904266       -2.88794756443420
H           -1.68138216743363       -2.08836649719811       -2.77264598797395
H           -2.20973375163213       -2.53758201698106       -1.13114202748910
H           -3.27405792573077       -2.83596784883644       -2.52270581658421
41
 energy: -65.050123243634 gnorm: 0.024992466320 xtb: 6.7.1 (edcfbbe)
C            1.49706805763615        0.40249679055100       -2.66883453599555
C            2.51662332774384        0.69981515597103       -1.59356506763422
O            2.89018087708970       -0.51155583700630       -0.88669407373710
P            2.40192839314288       -0.79023164330006        0.61481651728553
S            2.58652822773091        0.70101566996919        1.87751885065592
O            3.26031353922474       -2.09775649895670        0.94343264479342
C            4.59059439057595       -2.00062567481772        1.54117388895312
C            5.61792308572919       -1.39125244858602        0.61456605573266
S            0.46566238298416       -1.60351790473145        0.37488007012407
C           -0.46074226465023       -0.78652395691164        1.74466479803564
S           -2.23225559610235       -0.66529628279379        1.36856478048755
P           -2.20037614491949        0.88121337613509       -0.08476494051674
S           -0.79574532388539        2.23086598851833        0.05962157405636
O           -3.72157585852222        1.35258001545287        0.12855761870347
C           -4.19915601962885        2.65110322919532       -0.33991145586389
C           -4.19777544542275        2.77435064566422       -1.84617137050356
O           -2.15381839179963        0.17841885156269       -1.52080459295994
C           -3.16735266622530       -0.78617474962369       -1.93453737566663
C           -2.53794784026977       -2.15056392419333       -2.09299037773461
H            0.57151490566422        0.02790575995221       -2.23272069295292
H            1.27716289916091        1.32526678102806       -3.20275380828088
H            1.88344651835289       -0.33430930975414       -3.37003386544467
H            2.13237756325934        1.42780141399204       -0.87214656464523
H            3.45063523238870        1.07350387138313       -2.01856461080566
H            4.50493718465721       -1.41953268238706        2.46412960790097
H            4.83506778330689       -3.03728377589671        1.77734113034467
H            6.59149998762465       -1.42308293849762        1.10414721952034
H            5.67381502444445       -1.94336807082448       -0.32148874993120
H            5.37505648906972       -0.35108190114703        0.39800975458437
H           -0.03789286202391        0.20624054987943        1.91953025079070
H           -0.39479081691458       -1.40675870507587        2.63797792530816
H           -5.21172491706811        2.70366418032561        0.06369977010414
H           -3.57732193425576        3.42401538105425        0.12064660554625
H           -3.18178903874790        2.71968343327832       -2.23843072477868
H           -4.79975863547340        1.98962468841835       -2.30150122825612
H           -4.62129952275583        3.74139918855195       -2.11763608031024
H           -3.97523210881336       -0.79450648746753       -1.19710883927254
H           -3.54794689309638       -0.40635690102849       -2.88600079520037
H           -1.68353909513961       -2.09292181696896       -2.76407757842271
H           -2.19943012873809       -2.53498093814275       -1.13199634375957
H           -3.27150610698264       -2.83653462110540       -2.51204126854054
41
 energy: -65.051617370757 gnorm: 0.009457750932 xtb: 6.7.1 (edcfbbe)
C            1.48999091695066        0.41087891156902       -2.66460471094923
C            2.51297537423977        0.71681210053893       -1.59006488839641
O            2.88767669341005       -0.47818294810345       -0.88112535842663
P            2.38220941254725       -0.77824063957488        0.60329580959110
S            2.55551470495025        0.71451846873726        1.87132211973574
O            3.23513549895651       -2.07709546003127        0.93999706512113
C            4.55212227101795       -1.99860328360152        1.53974688598010
C            5.58827417784682       -1.39724848570813        0.61421254101267
S            0.46113690870047       -1.60805621730019        0.35364688338467
C           -0.45255210509562       -0.78586231717783        1.72070143216175
S           -2.21861391602428       -0.66329945489163        1.36377739099641
P           -2.17792266091770        0.87105932580444       -0.09443160375224
S           -0.77049616731352        2.22005430095818        0.04434726201906
O           -3.68926416564919        1.35324132214473        0.12441281534893
C           -4.17309880839580        2.64013994316797       -0.32487431207619
C           -4.18642057731737        2.76569172239206       -1.83442277920957
O           -2.13691064202752        0.16639589656315       -1.52290767262049
C           -3.14769660222914       -0.78727379789856       -1.93172637913741
C           -2.52838972418624       -2.15931135663564       -2.08826813769604
H            0.56969303820585        0.03963442285326       -2.22116330718021
H            1.27041091879929        1.32388780642638       -3.20677071972016
H            1.87924040156777       -0.33659589080165       -3.34797944214556
H            2.12701796553479        1.45089895015112       -0.87484573719030
H            3.44252949926417        1.08858293636712       -2.02449673950742
H            4.47311106210269       -1.41030042747402        2.45832686125876
H            4.78485721212540       -3.03819067785333        1.77594422879304
H            6.55945319274107       -1.43611900215149        1.09686815504383
H            5.62866952257728       -1.94562682951792       -0.32163164238914
H            5.34296805561866       -0.35878127908025        0.40297922941314
H           -0.03046024274034        0.20820170992048        1.88085751271679
H           -0.38000142186093       -1.39803696012967        2.61426781068185
H           -5.18204697041567        2.68976260871413        0.08887798667989
H           -3.54642411012334        3.41600449445337        0.12179794069038
H           -3.17170899562836        2.70278492741892       -2.22284385942512
H           -4.78819533182733        1.97935537954349       -2.27915140383563
H           -4.60718560029404        3.72815184542054       -2.10465661468871
H           -3.94981577464095       -0.79369652080087       -1.18875872204081
H           -3.52234638875419       -0.41079590580223       -2.88526881443677
H           -1.67943078775506       -2.10435425547767       -2.76115994445290
H           -2.18362686074962       -2.53437540069969       -1.12892268603288
H           -3.26702071485944       -2.83926206076630       -2.49680033360588
41
 energy: -65.052063026097 gnorm: 0.005795433137 xtb: 6.7.1 (edcfbbe)
C            1.48316293707952        0.41751019140746       -2.66243152926172
C            2.51062773751887        0.73390957330593       -1.59247229174425
O            2.88741456514231       -0.45266579497388       -0.87919080420450
P            2.36963369372151       -0.76537881774998        0.59443654561386
S            2.52532824248004        0.72275423429076        1.87107296106115
O            3.21314929665625       -2.06253699009208        0.93704636074761
C            4.52357061566101       -1.99803992245137        1.54063847036793
C            5.56448279688129       -1.40253514218513        0.61377067888439
S            0.45328436266587       -1.60510456653828        0.33420244310015
C           -0.45321581774833       -0.79033069838389        1.70773709618540
S           -2.21845323920025       -0.66879384572122        1.36194454556537
P           -2.15741683399920        0.86625060306534       -0.09910436107587
S           -0.74437713350128        2.21003224650975        0.03395622324814
O           -3.66337798927995        1.35289967571805        0.12441342346811
C           -4.15169082550399        2.63504659065149       -0.31391580008752
C           -4.17650311572900        2.76004344801237       -1.82574864252196
O           -2.11866152681868        0.15849614559335       -1.52269559634032
C           -3.13114885976966       -0.79005333339162       -1.92947018783683
C           -2.51713754922998       -2.16690363827707       -2.08363330000967
H            0.56352919157324        0.05244855244030       -2.21123587074819
H            1.26405096914752        1.32429175906900       -3.21485567215807
H            1.87177820455524       -0.33950076328516       -3.33628423004131
H            2.12534815541496        1.47612814688987       -0.88434966629261
H            3.43634599989545        1.10621267273436       -2.03526459758839
H            4.45104305747215       -1.40820943383806        2.45924517265557
H            4.74905479195589       -3.03870702644178        1.77865753804674
H            6.53662028617982       -1.44965895007161        1.09290621714286
H            5.59525534943896       -1.94915045754612       -0.32400662130094
H            5.32375690855186       -0.36164711329182        0.40677373915402
H           -0.02977048458630        0.20517165098437        1.86057276133513
H           -0.36694255851424       -1.39863070353605        2.60335840912173
H           -5.15733797075405        2.68630604777105        0.10774222464792
H           -3.52336279575317        3.41493327890446        0.12457046575469
H           -3.16292907082177        2.69249841714936       -2.21765253973267
H           -4.78210156475166        1.97184596133005       -2.26316739996016
H           -4.59598894191002        3.72280420198554       -2.09588177547054
H           -3.93564095933789       -0.79610790002605       -1.18896145852007
H           -3.50574105491158       -0.41781025352814       -2.88451445452362
H           -1.67162508702767       -2.11826209795497       -2.76224346181571
H           -2.16858017419331       -2.53786954490259       -1.12359387504397
H           -3.26207535029862       -2.84493850195961       -2.48386701810857
41
 energy: -65.052224929711 gnorm: 0.004452612725 xtb: 6.7.1 (edcfbbe)
C            1.47625389758191        0.42327069852462       -2.66154620359844
C            2.50718418350430        0.74811754878926       -1.59693097755285
O            2.88646804659296       -0.43379434909903       -0.87704586099285
P            2.36010488087914       -0.75303919047164        0.59007658396714
S            2.50919453302233        0.72955645464809        1.87280394346686
O            3.19476554651760       -2.05164984357067        0.93642522997087
C            4.50383442657771       -1.99700058012185        1.54195001215173
C            5.54789847431540       -1.40679641696837        0.61430649171882
S            0.44706529310456       -1.59865067556710        0.31509325662425
C           -0.44990961773840       -0.79940372407196        1.70402385866099
S           -2.21418319531043       -0.67016138199934        1.36387187159165
P           -2.14791889188024        0.86167413411652       -0.10143564028412
S           -0.72707042833859        2.19485068152189        0.03449013383858
O           -3.65009743174387        1.35415659634011        0.12363989947660
C           -4.13708640682902        2.63693123870227       -0.30882419428910
C           -4.16912006543120        2.75934223992137       -1.82128369172877
O           -2.10657898558646        0.15251424789660       -1.52285790613558
C           -3.11969814192693       -0.79545788083021       -1.93020513295390
C           -2.50726992507614       -2.17401581988958       -2.08086433591664
H            0.55561895796153        0.06591380932535       -2.20427298230474
H            1.25820598109023        1.32515396793333       -3.22413224419380
H            1.86144067377268       -0.34199499619079       -3.32939405460308
H            2.12414520965632        1.49691897207196       -0.89408844172309
H            3.43092958163228        1.11925750768329       -2.04581182832471
H            4.43558446728504       -1.40808395017116        2.46199235371012
H            4.72364367513375       -3.03849919637811        1.78123286727923
H            6.52183423359344       -1.46259215652474        1.09096810939198
H            5.57210971001695       -1.95178597516337       -0.32554336046480
H            5.31487152373946       -0.36266403386890        0.41062216496914
H           -0.02679321807057        0.19640665169493        1.86091993033434
H           -0.35489294634817       -1.41148623147450        2.59746290615895
H           -5.13996289071820        2.69231495642338        0.11876018834466
H           -3.50552646134707        3.41709809185274        0.12612970692650
H           -3.15706236627332        2.68743295507165       -2.21870190339563
H           -4.78004174081220        1.97117084162269       -2.25377936172787
H           -4.58668014149135        3.72386272107414       -2.09205253080770
H           -3.92716946027892       -0.80037941643256       -1.19247813550573
H           -3.49477683951301       -0.42509050880890       -2.88617178917813
H           -1.66450143666532       -2.13144201407129       -2.76483458031079
H           -2.15511843690569       -2.54194476308668       -1.11998778877861
H           -3.25633600934121       -2.85326330878703       -2.47402244209833
41
 energy: -65.052290107322 gnorm: 0.003160649140 xtb: 6.7.1 (edcfbbe)
C            1.47113802189228        0.42764284983528       -2.66223428838062
C            2.50495186922751        0.75790456925630       -1.60289730879203
O            2.88819929152459       -0.42171254330157       -0.87805079219076
P            2.35652625737993       -0.74452052135735        0.58557141812942
S            2.50149852787543        0.73296063123726        1.87391211968139
O            3.18484640187723       -2.04543587918115        0.93483144822422
C            4.49394465239414       -1.99601780774116        1.54271205849976
C            5.53971996907247       -1.40938718573605        0.61548805413855
S            0.44252580467397       -1.58513077170713        0.30381654435455
C           -0.45679809660344       -0.80533716031116        1.70238648868216
S           -2.22264089909366       -0.67377361594842        1.36930893273002
P           -2.14146171447300        0.85703646732454       -0.09904729499501
S           -0.71785912046742        2.18717001951136        0.03533013366918
O           -3.64170102526839        1.35409850970268        0.12496379464014
C           -4.12601141638061        2.63934458501154       -0.30684180816533
C           -4.16352140204926        2.76056041720421       -1.81883272906852
O           -2.09820667005359        0.14742591785003       -1.52018558878232
C           -3.11190807578063       -0.80116476867917       -1.93009007528547
C           -2.49984297580581       -2.17959113501350       -2.07892997101850
H            0.54937741369583        0.07713172675427       -2.20097871699611
H            1.25437480639649        1.32618043581484       -3.23182694463338
H            1.85201943349995       -0.34339484046130       -3.32655602252341
H            2.12420085070103        1.50962804349653       -0.90205493043051
H            3.42770508894162        1.12726051652740       -2.05559496524337
H            4.42600460339947       -1.40820776821984        2.46372875724871
H            4.70935179167677       -3.03829115076746        1.78245104966541
H            6.51443398459754       -1.47207609904698        1.09119768239543
H            5.56044980302103       -1.95269913609583       -0.32584253001191
H            5.31357237273463       -0.36282841655092        0.41412039078862
H           -0.03294347510189        0.18864975212217        1.87166306314865
H           -0.35635963044294       -1.42756275849903        2.58892831778155
H           -5.12688489652097        2.69906670173820        0.12484586256837
H           -3.49079207491438        3.41795146426230        0.12646398852902
H           -3.15335393179278        2.68564607691342       -2.22167320235870
H           -4.77926398305601        1.97400217076309       -2.24871055052727
H           -4.57935726419469        3.72676180352308       -2.08949839600595
H           -3.92196987653352       -0.80517800588683       -1.19487250848410
H           -3.48600441985243       -0.43050535504880       -2.88671294354952
H           -1.65914415980351       -2.14061319749735       -2.76638616032561
H           -2.14478560072466       -2.54561080400960       -1.11788450633693
H           -3.25067197731700       -2.86063583612148       -2.46751374905678
41
 energy: -65.052327501631 gnorm: 0.002060052004 xtb: 6.7.1 (edcfbbe)
C            1.46733553137038        0.43136837376132       -2.66314773546453
C            2.50261969836478        0.76394195810613       -1.60720528863286
O            2.88799863560040       -0.41459171936065       -0.87856202226196
P            2.35304158043677       -0.73820396873801        0.58347672836987
S            2.49896197430158        0.73598840931775        1.87576836399500
O            3.17799203371097       -2.04130326442223        0.93367837345661
C            4.48820532241694       -1.99463482852521        1.54238517850415
C            5.53589591154917       -1.41094691740480        0.61666889531087
S            0.43888287431547       -1.57728176138904        0.29476531193965
C           -0.45630550514299       -0.81335617308374        1.70514533184609
S           -2.22141689714730       -0.67635489457312        1.37003712295850
P           -2.14161451251630        0.85493946799069       -0.09659438220743
S           -0.71610655326615        2.18300217021585        0.03985289957885
O           -3.64096948475538        1.35544961769293        0.12488821511165
C           -4.12066900068668        2.64365550146689       -0.30787688965865
C           -4.16032232447025        2.76352248315307       -1.81897501167766
O           -2.09570078360085        0.14448818250536       -1.51766100568560
C           -3.10809777233985       -0.80629742955124       -1.92994760697745
C           -2.49471923767240       -2.18345326990279       -2.07748360703093
H            0.54442158175678        0.08649551144494       -2.20017816125556
H            1.25292004091088        1.32785210052179       -3.23703057032751
H            1.84468306819204       -0.34370395973583       -3.32474050489062
H            2.12402764645219        1.51679977644718       -0.90681270575245
H            3.42548045882964        1.13029364175513       -2.06187727668525
H            4.41967620391105       -1.40751889997965        2.46378396273248
H            4.70020971581868       -3.03770134595156        1.78176858969633
H            6.51043666196810       -1.47895487008014        1.09234132555442
H            5.55485076329860       -1.95262498817075       -0.32557787510564
H            5.31520843463084       -0.36292518484556        0.41692396711322
H           -0.03183616142879        0.17845362469603        1.88730915617439
H           -0.35813233201973       -1.44722959694812        2.58369174685557
H           -5.12019924432241        2.70744586443423        0.12624229655546
H           -3.48067389598718        3.41868282578957        0.12489685685552
H           -3.15153316557085        2.68567713484965       -2.22471118178946
H           -4.77956205885133        1.97898948336184       -2.24749967153160
H           -4.57394414469757        3.73097481300106       -2.08938408747617
H           -3.91955735936713       -0.80983179702633       -1.19621900310701
H           -3.48014558525511       -0.43479314976710       -2.88714059992184
H           -1.65543260888247       -2.14539849129200       -2.76656285345251
H           -2.13727481075563       -2.54763652090353       -1.11660855634490
H           -3.24527644074744       -2.86653000719356       -2.46332360365810
41
 energy: -65.052342397311 gnorm: 0.001380998948 xtb: 6.7.1 (edcfbbe)
C            1.46575376665623        0.43393003317651       -2.66402401123144
C            2.50172859968319        0.76623213353642       -1.60927445922835
O            2.88772439941166       -0.41223715563343       -0.87974012489249
P            2.35143467511037       -0.73603046584205        0.58182930765112
S            2.49874080612264        0.73699726176172        1.87578515143671
O            3.17624392743509       -2.04002484770036        0.93169910933971
C            4.48660589861839       -1.99365622718901        1.54142270712643
C            5.53571720864849       -1.41106198810650        0.61738741767442
S            0.43728090944976       -1.57312792280941        0.29194273692560
C           -0.45842967058953       -0.81861786327947        1.70650233509806
S           -2.22379773215816       -0.67648642102774        1.37203519267606
P           -2.14270633630955        0.85380754523617       -0.09460447784563
S           -0.71825373009002        2.18316568151333        0.04390659975328
O           -3.64211249973650        1.35540450600516        0.12458979711570
C           -4.11813477804900        2.64573881310558       -0.30902113434984
C           -4.15855290149724        2.76545555449203       -1.81961453934370
O           -2.09591770348320        0.14338116064729       -1.51603693858571
C           -3.10697019169991       -0.80884059287920       -1.92946508503514
C           -2.49207247735387       -2.18495984860063       -2.07646854301982
H            0.54218587408417        0.09224010335220       -2.20075382344991
H            1.25361284759276        1.32960545029078       -3.23950391790781
H            1.84116870260306       -0.34330703753867       -3.32370209174776
H            2.12435844145125        1.51892462364782       -0.90832950164926
H            3.42482820053866        1.13044634987633       -2.06469613937434
H            4.41676008831441       -1.40648229894916        2.46250641359642
H            4.69701962993000       -3.03715465946107        1.78025573006894
H            6.50942549270350       -1.48165328968016        1.09368574011117
H            5.55432100719052       -1.95153098756454       -0.32526675821557
H            5.31728783832693       -0.36269690430490        0.41853076405351
H           -0.03196485022157        0.17050809585319        1.89760484371566
H           -0.36351820180496       -1.46071019578284        2.57904655406175
H           -5.11704389223584        2.71222000223162        0.12598234592018
H           -3.47458391228404        3.41783537814017        0.12321244595348
H           -3.15052504557311        2.68572008644471       -2.22607730344645
H           -4.77953439683190        1.98254640719194       -2.24779584621718
H           -4.57051282401023        3.73351611436366       -2.08932695788940
H           -3.91839544236189       -0.81254796742463       -1.19586797558593
H           -3.47733933108027       -0.43678219793106       -2.88692310093449
H           -1.65347136070307       -2.14603800480174       -2.76582800440779
H           -2.13324453392372       -2.54783468325625       -1.11589223377727
H           -3.24175824352203       -2.86914583943739       -2.46120810243007
41
 energy: -65.052347823576 gnorm: 0.000925512725 xtb: 6.7.1 (edcfbbe)
C            1.46490021440728        0.43660853076764       -2.66446604965200
C            2.50142163480250        0.76748755469216       -1.60959132282240
O            2.88627383276433       -0.41141890747774       -0.88062794136961
P            2.34919929402700       -0.73564877107277        0.58063195818521
S            2.49663704641387        0.73700299432265        1.87535152656891
O            3.17574217188558       -2.03969286175236        0.92900260619331
C            4.48536420213237       -1.99290688069456        1.54005424294374
C            5.53587720921201       -1.41039692828536        0.61751311370350
S            0.43536224958091       -1.57260770821295        0.28919990276455
C           -0.45980243769177       -0.82402281859059        1.70633745528399
S           -2.22557106201012       -0.67753460275166        1.37238906065903
P           -2.14342707577313        0.85364288640994       -0.09269384208372
S           -0.72097748674306        2.18544784676234        0.04662662520446
O           -3.64353727693904        1.35458833866713        0.12403562350215
C           -4.11620223639183        2.64647900348207       -0.30951469790101
C           -4.15709258156895        2.76644840407239       -1.82015849904704
O           -2.09637842813716        0.14345110387512       -1.51441279185415
C           -3.10627361308002       -0.80951814827283       -1.92829354796205
C           -2.48995246006212       -2.18513782734117       -2.07525978737545
H            0.54046181484639        0.09789771218150       -2.20118854674050
H            1.25573865470613        1.33182569536616       -3.24127152045503
H            1.83888621022833       -0.34278145106250       -3.32206189352519
H            2.12507651916983        1.52020630216748       -0.90817933462202
H            3.42477201575062        1.13013123007975       -2.06540972068575
H            4.41440427404179       -1.40534088767472        2.46062304985947
H            4.69530541521432       -3.03650725423757        1.77862255146566
H            6.50870635807470       -1.48273822853857        1.09462308272193
H            5.55454569378507       -1.94977254931972       -0.32558135335485
H            5.31853625331610       -0.36185810260279        0.41955478809327
H           -0.03139794336768        0.16262158079272        1.90387780895121
H           -0.36866711414423       -1.47201540284687        2.57446737526652
H           -5.11463310380686        2.71561272199361        0.12597553105906
H           -3.46956008886183        3.41612391720337        0.12180474094961
H           -3.14946107631131        2.68479854273726       -2.22656668397821
H           -4.77948328339355        1.98480700256229       -2.24800908392089
H           -4.56735622987739        3.73506534795461       -2.08919624072246
H           -3.91754198649587       -0.81405047418298       -1.19473886641261
H           -3.47570598271047       -0.43772728716526       -2.88595946330172
H           -1.65176745438561       -2.14493633975757       -2.76476148817123
H           -2.13012316503703       -2.54689686877345       -1.11489727001192
H           -3.23894071921866       -2.86998851380988       -2.45934697569305
41
 energy: -65.052349681879 gnorm: 0.000442387047 xtb: 6.7.1 (edcfbbe)
C            1.46500223725825        0.43777449133888       -2.66450002500766
C            2.50178846421993        0.76785177030283       -1.60922778669224
O            2.88580483405319       -0.41137779989979       -0.88114126562888
P            2.34862989229904       -0.73623693904365        0.57992608860447
S            2.49431149523614        0.73591294677515        1.87518189327178
O            3.17593384603893       -2.04007402997271        0.92754674308696
C            4.48472621381416       -1.99298666668447        1.53954633797237
C            5.53556794579303       -1.40988107606271        0.61731951946454
S            0.43519928048702       -1.57388478626697        0.28889569540113
C           -0.46014926555165       -0.82611282013576        1.70606321446788
S           -2.22600393859767       -0.67760793340772        1.37238074895135
P           -2.14352884868120        0.85356723289798       -0.09270225522006
S           -0.72105473319714        2.18485462019716        0.04791742242686
O           -3.64404425232717        1.35389524848055        0.12349878686073
C           -4.11572163759140        2.64611806273476       -0.30895393301941
C           -4.15678368136244        2.76624880994183       -1.81985956209270
O           -2.09615112974791        0.14391173393476       -1.51460204362269
C           -3.10593347558057       -0.80884305306268       -1.92819130475214
C           -2.48940095208579       -2.18463871361668       -2.07515215120516
H            0.54006929718973        0.10013725868273       -2.20121468195112
H            1.25693837935267        1.33293798070981       -3.24182671387657
H            1.83851443804281       -0.34233092308824       -3.32157936709737
H            2.12557015482092        1.52068005905328       -0.90776979745907
H            3.42513155294007        1.13078247505702       -2.06494574483814
H            4.41346539260052       -1.40534256540638        2.46008046197863
H            4.69525008024090       -3.03637497701703        1.77845647554884
H            6.50836348131838       -1.48225259764947        1.09464007920630
H            5.55448409053851       -1.94897395006470       -0.32601127791660
H            5.31805526719178       -0.36123621787792        0.41970973212409
H           -0.03147426680565        0.16027871600015        1.90387314225637
H           -0.36914126095872       -1.47428569184012        2.57413610578089
H           -5.11400284136700        2.71623185177869        0.12667781222348
H           -3.46845626375869        3.41540551388350        0.12209200286078
H           -3.14913641178078        2.68393017679486       -2.22627899997289
H           -4.77968951118127        1.98481429241923       -2.24754251418457
H           -4.56646804321471        3.73516913780090       -2.08886952242275
H           -3.91722451814928       -0.81372280298990       -1.19462658363446
H           -3.47592230469201       -0.43743284720708       -2.88579290240543
H           -1.65122306240843       -2.14431096001985       -2.76479043939158
H           -2.12948884903214       -2.54628683836916       -1.11471599198254
H           -3.23844883701288       -2.86956028743477       -2.45914327640075
41
 energy: -65.052350297253 gnorm: 0.000398200400 xtb: 6.7.1 (edcfbbe)
C            1.46509482023794        0.43920039023103       -2.66454572316108
C            2.50175821870187        0.76821206238760       -1.60864769626624
O            2.88463569346036       -0.41147980293842       -0.88113429619502
P            2.34769778187548       -0.73671632630671        0.57993690227334
S            2.49402047121181        0.73493341018704        1.87533481902350
O            3.17567837765056       -2.04047437815596        0.92655232026827
C            4.48399036915886       -1.99299623973865        1.53900895724355
C            5.53508574811258       -1.40926324364362        0.61716245610752
S            0.43460820739301       -1.57570270832066        0.28740630060916
C           -0.46041629729655       -0.82795394603886        1.70485109675038
S           -2.22653472709451       -0.67955421405276        1.37159748077051
P           -2.14309215914707        0.85309483902522       -0.09219241412847
S           -0.72089697489051        2.18449125164870        0.04882432037986
O           -3.64409389834585        1.35292558952214        0.12347394285861
C           -4.11502591131122        2.64543716000762       -0.30811444132514
C           -4.15653053610154        2.76608851693182       -1.81914553232349
O           -2.09535519087750        0.14417077809397       -1.51445232090681
C           -3.10533644735332       -0.80815790436994       -1.92806765326606
C           -2.48895938696487       -2.18410538150852       -2.07538174906202
H            0.53945894628062        0.10285122595296       -2.20156187308875
H            1.25839541255023        1.33443065449627       -3.24236698002454
H            1.83803617047235       -0.34155694496215       -3.32128284887486
H            2.12568011965146        1.52119592123959       -0.90720077323735
H            3.42531988851821        1.13128951369371       -2.06400450879993
H            4.41240498344317       -1.40546485888125        2.45966805749643
H            4.69525226767110       -3.03617745166613        1.77825275896730
H            6.50793412509901       -1.48143587801265        1.09466538896022
H            5.55443466647075       -1.94810588494615       -0.32638348124761
H            5.31735116523533       -0.36052642790338        0.41986461631561
H           -0.03190631619987        0.15852046703059        1.90319714084186
H           -0.36942498298206       -1.47616507025406        2.57307874936437
H           -5.11314744239134        2.71649911607546        0.12775109602906
H           -3.46732044996692        3.41449870208322        0.12285069712067
H           -3.14896844707685        2.68332110780777       -2.22587935346307
H           -4.77998501703040        1.98495377286609       -2.24679033489689
H           -4.56577428213517        3.73533386480975       -2.08806292433773
H           -3.91685141878202       -0.81331616081911       -1.19465588563714
H           -3.47589474715644       -0.43679173577962       -2.88555980409708
H           -1.65068227733779       -2.14376915067677       -2.76502524251258
H           -2.12919299107027       -2.54603583061773       -1.11492243535700
H           -3.23808927333120       -2.86895090283118       -2.45959470745877
41
 energy: -65.052350765629 gnorm: 0.000249619558 xtb: 6.7.1 (edcfbbe)
C            1.46522405663604        0.43990859562723       -2.66472596151711
C            2.50176935520604        0.76844579307391       -1.60865712943475
O            2.88463701279243       -0.41154114616699       -0.88155538619026
P            2.34784549778462       -0.73726016802607        0.57950791597361
S            2.49319987135152        0.73402154300496        1.87556490066816
O            3.17599460527468       -2.04100444888147        0.92590768717200
C            4.48408266289155       -1.99312047068631        1.53876642695410
C            5.53509520610100       -1.40896762384559        0.61719855919520
S            0.43468427454623       -1.57583502032855        0.28765619993054
C           -0.46064836862088       -0.82857661027602        1.70515912618436
S           -2.22659004508175       -0.68018825913980        1.37128054230630
P           -2.14323708219494        0.85269565507648       -0.09205099957156
S           -0.72096886913893        2.18395246904797        0.04983815160397
O           -3.64433861701700        1.35262521143501        0.12351606284492
C           -4.11497109328385        2.64530213148915       -0.30779280830371
C           -4.15656125495932        2.76625149718277       -1.81872949019728
O           -2.09522532752893        0.14414744829696       -1.51454339077754
C           -3.10520609714094       -0.80810972158349       -1.92831843919717
C           -2.48893579641482       -2.18399205110951       -2.07588833762078
H            0.53936990290903        0.10385458223017       -2.20202595204976
H            1.25897507876263        1.33528626434365       -3.24244594437162
H            1.83795912109147       -0.34086598113494       -3.32152222950796
H            2.12564339728421        1.52111279307675       -0.90690948995705
H            3.42544772021831        1.13163425929188       -2.06369712752144
H            4.41198680026666       -1.40568465154597        2.45946778392554
H            4.69561031965125       -3.03627248078446        1.77798924891963
H            6.50784749257494       -1.48083702990118        1.09488996413498
H            5.55481289140814       -1.94771676329851       -0.32636996390413
H            5.31705569233271       -0.36030526289045        0.41994304819032
H           -0.03216722384743        0.15794043324180        1.90352415196755
H           -0.36966738123882       -1.47690750276371        2.57331241936889
H           -5.11303526951139        2.71650924629699        0.12821222453283
H           -3.46702107870923        3.41409860021200        0.12334800288076
H           -3.14907846839616        2.68344345517043       -2.22560788773615
H           -4.78015901290348        1.98532600601440       -2.24649371162874
H           -4.56570019037409        3.73558776387292       -2.08741292473966
H           -3.91671504356403       -0.81328990759449       -1.19487947287973
H           -3.47576619292864       -0.43645745097981       -2.88572373436676
H           -1.65053723063805       -2.14354217637912       -2.76533746188620
H           -2.12935744193570       -2.54620694441784       -1.11547368556629
H           -3.23799561530366       -2.86871417458494       -2.46041676611545
41
 energy: -65.052351083058 gnorm: 0.000211922167 xtb: 6.7.1 (edcfbbe)
C            1.46533314587822        0.44069945589044       -2.66484622374143
C            2.50164941620674        0.76875361006726       -1.60849460235915
O            2.88441465886105       -0.41158016999152       -0.88173743771752
P            2.34785797021613       -0.73766454888866        0.57934686225198
S            2.49356908266675        0.73332065426066        1.87572611844883
O            3.17609560134761       -2.04143759337019        0.92545554054362
C            4.48415445368251       -1.99325748870531        1.53850494725318
C            5.53511506649614       -1.40862410073335        0.61730759056674
S            0.43485524947755       -1.57632470288166        0.28770111033668
C           -0.46080067035358       -0.82921780599698        1.70512233638345
S           -2.22663235702734       -0.68073319294111        1.37118730153230
P           -2.14330332301430        0.85214436908508       -0.09199719369797
S           -0.72111449832303        2.18340602154001        0.05082812336791
O           -3.64442337390563        1.35218399353785        0.12367957836976
C           -4.11493787424359        2.64504377837209       -0.30725731941200
C           -4.15665295230385        2.76647337079440       -1.81806983076675
O           -2.09515237158643        0.14408538887510       -1.51478485117673
C           -3.10514779977294       -0.80808455495224       -1.92881829109541
C           -2.48899629400313       -2.18390084871522       -2.07673760515498
H            0.53927193533438        0.10477182102258       -2.20253345794398
H            1.25952177465114        1.33627272996562       -3.24240358804267
H            1.83801646508215       -0.34001971813265       -3.32170830146850
H            2.12542263054979        1.52101276486237       -0.90638705373594
H            3.42549681868756        1.13197386519656       -2.06313954140497
H            4.41165363470091       -1.40601565412072        2.45929236190301
H            4.69590073743991       -3.03643115727560        1.77749965740586
H            6.50777446050683       -1.48013789733960        1.09517906581459
H            5.55521356176189       -1.94725595995153       -0.32629646201585
H            5.31664961564233       -0.36006582090165        0.42009707659528
H           -0.03237906393910        0.15729561138854        1.90345579839451
H           -0.36970118639057       -1.47755343316318        2.57318149852541
H           -5.11295047510089        2.71612750527002        0.12890465134235
H           -3.46682347325436        3.41356972935695        0.12411689573296
H           -3.14925258168168        2.68375021197079       -2.22509817133728
H           -4.78032791310600        1.98576613109565       -2.24604283927414
H           -4.56577608598493        3.73589772885966       -2.08631431984860
H           -3.91653420995480       -0.81330831625448       -1.19525317041663
H           -3.47558869942326       -0.43600349663064       -2.88609496001007
H           -1.65042898435871       -2.14324933824601       -2.76592586112040
H           -2.12967460781401       -2.54656359488015       -1.11640943045897
H           -3.23800922529605       -2.86837144567299       -2.46173188085594
41
 energy: -65.052351349332 gnorm: 0.000212824753 xtb: 6.7.1 (edcfbbe)
C            1.46544745411090        0.44138237311891       -2.66487785990533
C            2.50155733818076        0.76906385431019       -1.60824027672730
O            2.88427346332215       -0.41161680827389       -0.88185451366093
P            2.34790030399247       -0.73809461880298        0.57920840760037
S            2.49335943031186        0.73267151739054        1.87592896840564
O            3.17623884120438       -2.04185325228586        0.92507109978277
C            4.48427180225132       -1.99348066378999        1.53830281384365
C            5.53511800278965       -1.40831220460799        0.61736876067460
S            0.43486032667219       -1.57665371233640        0.28742785903292
C           -0.46081561437790       -0.82960434225725        1.70495656431359
S           -2.22656099926787       -0.68163091571675        1.37079293981672
P           -2.14320115564395        0.85175385590634       -0.09184772468211
S           -0.72109008170694        2.18312227956841        0.05118743154286
O           -3.64431719669794        1.35175212427253        0.12396633869268
C           -4.11492196120592        2.64473029688542       -0.30661491580553
C           -4.15677542525420        2.76666761960006       -1.81735272204741
O           -2.09501740277056        0.14402329407419       -1.51482736668912
C           -3.10509593193467       -0.80801180403500       -1.92922109172315
C           -2.48906992460962       -2.18381022126702       -2.07759379224365
H            0.53923764444843        0.10544894074577       -2.20286701486353
H            1.25989791921075        1.33713268129729       -3.24225731835568
H            1.83817583348323       -0.33921686599394       -3.32185291174879
H            2.12519887161533        1.52097743141108       -0.90584355030326
H            3.42549049558699        1.13243483886386       -2.06255976611458
H            4.41142935288240       -1.40650052136522        2.45921736650344
H            4.69620646569297       -3.03668149475250        1.77699625415673
H            6.50770274546306       -1.47948465878926        1.09541913273119
H            5.55562256069604       -1.94680383703535       -0.32630744557490
H            5.31624583074892       -0.35981973938035        0.42025432839809
H           -0.03253253853411        0.15696163359862        1.90328099405400
H           -0.36963061436150       -1.47798354258767        2.57294373962832
H           -5.11289661452849        2.71558118514570        0.12966524746337
H           -3.46679529870024        3.41311122702258        0.12497303273228
H           -3.14942247308106        2.68410471245950       -2.22451533355415
H           -4.78047685362264        1.98610818973343       -2.24554566580255
H           -4.56594043469333        3.73617696325783       -2.08519229101672
H           -3.91648256916787       -0.81337920032620       -1.19567808255078
H           -3.47539294868832       -0.43557766441115       -2.88640083431680
H           -1.65032177857934       -2.14296916049291       -2.76655089204496
H           -2.13004430439820       -2.54697719159601       -1.11734889970876
H           -3.23807430248775       -2.86799469689239       -2.46310688822074
41
 energy: -65.052351596717 gnorm: 0.000191485821 xtb: 6.7.1 (edcfbbe)
C            1.46554894229713        0.44187805781469       -2.66481150692597
C            2.50151578475032        0.76934560223793       -1.60795244194009
O            2.88421301876327       -0.41156017084998       -0.88186341332484
P            2.34789817175343       -0.73829452528633        0.57914760958438
S            2.49343328076226        0.73227985694130        1.87604611266490
O            3.17630241135849       -2.04204842968402        0.92480183761991
C            4.48434103277367       -1.99367942454948        1.53811935536216
C            5.53515348047207       -1.40807460261410        0.61740600145397
S            0.43492238522077       -1.57700808768625        0.28702165568333
C           -0.46079143176466       -0.83012222931333        1.70467712967637
S           -2.22653704524200       -0.68231546694614        1.37053813580123
P           -2.14319608237353        0.85147552052389       -0.09175416455239
S           -0.72111671635541        2.18286817543618        0.05142995368531
O           -3.64428796446769        1.35135588843991        0.12418438703889
C           -4.11500243588660        2.64445698396581       -0.30599490823672
C           -4.15689906009456        2.76683396856531       -1.81670740154756
O           -2.09499020262528        0.14403243666907       -1.51487021941533
C           -3.10509542296643       -0.80788017812160       -1.92961091777617
C           -2.48908256658742       -2.18366143147432       -2.07836380210097
H            0.53927580889313        0.10583382759874       -2.20298898625766
H            1.26006004137827        1.33775266959063       -3.24202248815113
H            1.83838824098298       -0.33856629637824       -3.32191370475487
H            2.12501827872477        1.52102396982441       -0.90538125176154
H            3.42546062314534        1.13293134712196       -2.06206552207371
H            4.41134986023525       -1.40698125028171        2.45919232754424
H            4.69640279720604       -3.03691235721575        1.77651680057464
H            6.50770285917150       -1.47904958887638        1.09558258881498
H            5.55595135170263       -1.94640634191635       -0.32636534371105
H            5.31602122268529       -0.35959808511706        0.42044360361618
H           -0.03258239622163        0.15646247857303        1.90310407010940
H           -0.36951946066715       -1.47857945201893        2.57261263042073
H           -5.11296793383014        2.71510020660786        0.13032359475312
H           -3.46692432330328        3.41275539154841        0.12579565221454
H           -3.14954728074440        2.68443091849912       -2.22392175483226
H           -4.78058477374842        1.98637445338105       -2.24512142872304
H           -4.56610364339817        3.73641772871624       -2.08425476113713
H           -3.91652554947741       -0.81345673324179       -1.19613270573266
H           -3.47531335392583       -0.43518127424450       -2.88670814055255
H           -1.65020238706281       -2.14261260261362       -2.76716095310349
H           -2.13027039776941       -2.54721641294667       -1.11818253193613
H           -3.23806090541302       -2.86765663901284       -2.46429097635859
41
 energy: -65.052351832626 gnorm: 0.000166585908 xtb: 6.7.1 (edcfbbe)
C            1.46564507961799        0.44220873534292       -2.66467743503986
C            2.50152222991450        0.76960449271667       -1.60767236556014
O            2.88431551412078       -0.41139749763733       -0.88183892470570
P            2.34793671837842       -0.73837757269655        0.57907443972408
S            2.49331698424392        0.73203182079690        1.87616769785619
O            3.17639899861150       -2.04211588029278        0.92457233505984
C            4.48442097612408       -1.99387919329841        1.53792753240331
C            5.53524218749405       -1.40789807132282        0.61742753438149
S            0.43502530530409       -1.57724035844311        0.28659068251980
C           -0.46073600320867       -0.83062596015774        1.70435721824256
S           -2.22651844555481       -0.68285096142914        1.37032117419289
P           -2.14327144689238        0.85126928119619       -0.09168851130445
S           -0.72120841382912        2.18265488623592        0.05161105060354
O           -3.64432353021361        1.35099289547589        0.12436108791686
C           -4.11517464306734        2.64418503152309       -0.30541338450837
C           -4.15702088039866        2.76700101481988       -1.81611818986376
O           -2.09505733741864        0.14406561391123       -1.51488943716007
C           -3.10512945302962       -0.80771703098413       -1.92997284651166
C           -2.48904603835222       -2.18346123135924       -2.07907683773890
H            0.53942502264332        0.10587642859243       -2.20294301795325
H            1.25999644797513        1.33817757932648       -3.24169159478488
H            1.83867304198417       -0.33802015360818       -3.32193735621013
H            2.12486810590389        1.52110133003740       -0.90498591560989
H            3.42541205747064        1.13346929663524       -2.06168063502335
H            4.41139904754172       -1.40748521218482        2.45918947999290
H            4.69654785907535       -3.03716883594425        1.77598669048324
H            6.50776779195788       -1.47880940003938        1.09568649690132
H            5.55622413320886       -1.94602276810672       -0.32646397987952
H            5.31594814330965       -0.35940922243104        0.42068751782038
H           -0.03256835514577        0.15593161228915        1.90303322021050
H           -0.36947038512769       -1.47925563139299        2.57217722796980
H           -5.11316214180121        2.71460407582627        0.13087880370946
H           -3.46719702728965        3.41243283392092        0.12660554174202
H           -3.14962903545569        2.68477436816528       -2.22328818531526
H           -4.78063018689175        1.98660436796745       -2.24477287399670
H           -4.56627413745320        3.73663683927705       -2.08343444404842
H           -3.91662176520962       -0.81354626735309       -1.19656820407704
H           -3.47529575071637       -0.43478472695150       -2.88699777244569
H           -1.65007857604508       -2.14215513025693       -2.76776173913182
H           -2.13035168492514       -2.54729587076391       -1.11895410809053
H           -3.23796214850232       -2.86735762573621       -2.46532385105837
41
 energy: -65.052352071537 gnorm: 0.000163420285 xtb: 6.7.1 (edcfbbe)
C            1.46573521852852        0.44248019333636       -2.66451481687520
C            2.50153361456030        0.76990702583888       -1.60741723981436
O            2.88450106091873       -0.41112582704727       -0.88178645022999
P            2.34798604607970       -0.73839319152665        0.57900332260266
S            2.49325548757047        0.73179562584544        1.87631037069807
O            3.17650155338342       -2.04212973635559        0.92433553041009
C            4.48450264351140       -1.99408739184867        1.53771539603296
C            5.53534831944154       -1.40773541845860        0.61744708834442
S            0.43515875210684       -1.57736989210911        0.28614552645989
C           -0.46069938774731       -0.83127517691710        1.70409209358515
S           -2.22650580605108       -0.68339573857538        1.37007065430972
P           -2.14340029949738        0.85107730244021       -0.09164088826754
S           -0.72137759957583        2.18247717707027        0.05188063323705
O           -3.64443274238506        1.35062252372987        0.12452704504982
C           -4.11541909443049        2.64390770162775       -0.30481784478767
C           -4.15713910478826        2.76718256576760       -1.81550525656024
O           -2.09515090752874        0.14415620915780       -1.51494804248783
C           -3.10514513038125       -0.80752655620982       -1.93036671258774
C           -2.48894877403634       -2.18320096490834       -2.07984033029355
H            0.53961829991715        0.10576028559464       -2.20284169031690
H            1.25980687072028        1.33853658612626       -3.24129441327907
H            1.83899091424475       -0.33747151895407       -3.32198352988271
H            2.12470455693129        1.52124739547941       -0.90464826199314
H            3.42534543043993        1.13407009602679       -2.06135876463243
H            4.41148358386752       -1.40804187116909        2.45920153595538
H            4.69667112253231       -3.03745121592022        1.77540435518635
H            6.50784951751078       -1.47868587849448        1.09576712558648
H            5.55647193625421       -1.94559108802937       -0.32659832645993
H            5.31597796421112       -0.35920409934014        0.42099419209966
H           -0.03258622566734        0.15524679989950        1.90307851002300
H           -0.36944802648352       -1.48014358465208        2.57175296169402
H           -5.11345215512435        2.71407024297722        0.13140618538915
H           -3.46757536034566        3.41210533674106        0.12749348935140
H           -3.14969156868197        2.68517177104161       -2.22259763259192
H           -4.78063860670948        1.98685371291895       -2.24445891654218
H           -4.56645244649873        3.73686741164960       -2.08257554712887
H           -3.91670277193695       -0.81365092006768       -1.19703212524624
H           -3.47530676646540       -0.43436009526922       -2.88730422692389
H           -1.64992889227356       -2.14161476247580       -2.76845390158126
H           -2.13030351528193       -2.54728082114597       -1.11978875500068
H           -3.23777945248828       -2.86705231212846       -2.46634822081959
41
 energy: -65.052352297947 gnorm: 0.000167629377 xtb: 6.7.1 (edcfbbe)
C            1.46580127807669        0.44273968581725       -2.66437539998549
C            2.50152483634341        0.77021351405001       -1.60721149155567
O            2.88470486330248       -0.41081711990067       -0.88173910811956
P            2.34805117531152       -0.73839789944149        0.57892773846881
S            2.49298514747076        0.73155096423790        1.87657156480624
O            3.17660334138256       -2.04215360603030        0.92408337207626
C            4.48457398768535       -1.99428566435846        1.53749471285230
C            5.53544540249152       -1.40759171863043        0.61746256694427
S            0.43530480914575       -1.57745840284440        0.28571391324306
C           -0.46068355685390       -0.83184819726067        1.70379301163042
S           -2.22653116297566       -0.68394956709775        1.36982313135012
P           -2.14349949850295        0.85085392968064       -0.09156421132082
S           -0.72153936070317        2.18227040792479        0.05229181636264
O           -3.64453980262980        1.35023049275906        0.12471788668663
C           -4.11564948890512        2.64359700501397       -0.30424787514987
C           -4.15723343436703        2.76735739860068       -1.81490664976955
O           -2.09520339515894        0.14426551395481       -1.51501332502114
C           -3.10511727319465       -0.80733204980333       -1.93074086977501
C           -2.48880222091450       -2.18292219524915       -2.08058060302508
H            0.53981055356533        0.10559800105291       -2.20275443456894
H            1.25955777289554        1.33888034026689       -3.24091595992941
H            1.83929203377336       -0.33692542985894       -3.32205594369329
H            2.12453895567078        1.52140718615860       -0.90436478621889
H            3.42526609657474        1.13463532993498       -2.06109575535326
H            4.41154474093289       -1.40856321675819        2.45918928721079
H            4.69677393126962       -3.03772452386882        1.77482889244012
H            6.50792622529486       -1.47863920382065        1.09581724657925
H            5.55664906639403       -1.94515427665947       -0.32674921204059
H            5.31603093015592       -0.35901120643236        0.42132300400385
H           -0.03262886294932        0.15462161466034        1.90317839393077
H           -0.36947944437730       -1.48101155809864        2.57124366448559
H           -5.11373710688247        2.71350313279351        0.13189423300982
H           -3.46795175151875        3.41174665651518        0.12837113946502
H           -3.14973115142868        2.68556823556350       -2.22191585939237
H           -4.78060990631053        1.98709611478692       -2.24416773698412
H           -4.56661405872959        3.73708618882127       -2.08172703660950
H           -3.91671110736633       -0.81373540170523       -1.19744173128171
H           -3.47529049117856       -0.43392082879162       -2.88758321210090
H           -1.64976975207385       -2.14106773997146       -2.76916517825770
H           -2.13014349451549       -2.54722271727006       -1.12061596564894
H           -3.23756056784916       -2.86674128707508       -2.46728910803181
41
 energy: -65.052352507504 gnorm: 0.000162361086 xtb: 6.7.1 (edcfbbe)
C            1.46585042096585        0.44298499022887       -2.66425912716200
C            2.50150607428931        0.77052353998480       -1.60705148288801
O            2.88487470479816       -0.41050295152472       -0.88168759839547
P            2.34807359598761       -0.73842234140254        0.57885476859170
S            2.49280467787795        0.73126600751131        1.87680105740504
O            3.17668291300290       -2.04219064038815        0.92383085727360
C            4.48462075631523       -1.99444559868244        1.53729053874015
C            5.53550745294434       -1.40745255375730        0.61746964360186
S            0.43539913958607       -1.57751758475274        0.28533601560187
C           -0.46069737089669       -0.83246138661282        1.70360232007456
S           -2.22652985727141       -0.68452380017523        1.36951344315853
P           -2.14359244288004        0.85065388992415       -0.09146750756996
S           -0.72170899981469        2.18211688598339        0.05274086985897
O           -3.64466995203166        1.34988386978833        0.12490385884981
C           -4.11586559873081        2.64331745671863       -0.30374286706123
C           -4.15729771577668        2.76750430716107       -1.81436673072935
O           -2.09522023660196        0.14441165393202       -1.51507983337821
C           -3.10504655514766       -0.80714513871857       -1.93107132678062
C           -2.48862497519400       -2.18264590696363       -2.08126009885030
H            0.53997299362438        0.10546439855244       -2.20269000082900
H            1.25932371948937        1.33920174059136       -3.24058052827150
H            1.83954263901999       -0.33641825059564       -3.32213745863594
H            2.12438612007690        1.52159198769225       -0.90414053631450
H            3.42519598428925        1.13513697601107       -2.06089072251205
H            4.41154826369739       -1.40900487341935        2.45916243399713
H            4.69685136765934       -3.03795007348321        1.77431930196126
H            6.50796918489122       -1.47862418975116        1.09583640039926
H            5.55675714573187       -1.94473031879240       -0.32690007441528
H            5.31607869245658       -0.35882091082570        0.42163347468740
H           -0.03272116006555        0.15397368563081        1.90330822459397
H           -0.36953407442541       -1.48188655439247        2.57085663648423
H           -5.11400780695494        2.71298987770225        0.13231697764096
H           -3.46828912809333        3.41140540577404        0.12917250764717
H           -3.14974526380601        2.68592256179322       -2.22129316140304
H           -4.78055977134765        1.98731270153963       -2.24392054473328
H           -4.56673587391617        3.73727237803329       -2.08094737067070
H           -3.91665527158251       -0.81380260187767       -1.19778728426681
H           -3.47523897404587       -0.43351088869808       -2.88782230557308
H           -1.64961281369611       -2.14055062414856       -2.76985215563800
H           -2.12990673047892       -2.54713390516385       -1.12138976756264
H           -3.23732701559431       -2.86644531876069       -2.46810672521421
41
 energy: -65.052352712797 gnorm: 0.000152241901 xtb: 6.7.1 (edcfbbe)
C            1.46587355199139        0.44326039750133       -2.66417087920877
C            2.50146500905435        0.77082881594896       -1.60692054076046
O            2.88498522123760       -0.41020537923340       -0.88164499247995
P            2.34807605844075       -0.73845922617639        0.57878588260808
S            2.49256104906743        0.73095577816326        1.87708862512839
O            3.17673342571494       -2.04225669920970        0.92355864315776
C            4.48463535035313       -1.99458213700396        1.53708821330787
C            5.53553228940755       -1.40731255168929        0.61746388202392
S            0.43549213795944       -1.57761172868033        0.28496561932736
C           -0.46075867874355       -0.83305148853068        1.70337832599978
S           -2.22659604067018       -0.68510893677369        1.36925932343056
P           -2.14363923099238        0.85042505745992       -0.09135055910114
S           -0.72184747467292        2.18193609098019        0.05331948987548
O           -3.64477756618793        1.34952259785197        0.12510699161528
C           -4.11602912573088        2.64302711827438       -0.30325533048648
C           -4.15732610901214        2.76761757310095       -1.81384370238241
O           -2.09518224001342        0.14458633890649       -1.51516775098116
C           -3.10493111409070       -0.80695257064999       -1.93138311811854
C           -2.48840647276796       -2.18236304627041       -2.08190455223495
H            0.54008476150172        0.10542406114669       -2.20265857269148
H            1.25912169072518        1.33955143789294       -3.24029582984070
H            1.83973340020618       -0.33591263615310       -3.32222679297400
H            2.12424667604326        1.52178505825400       -0.90394512818345
H            3.42512581899082        1.13557876655869       -2.06070605125246
H            4.41148463652617       -1.40936857872549        2.45909920934256
H            4.69691033256294       -3.03813434916621        1.77387639118036
H            6.50798253016136       -1.47862498324652        1.09582529345893
H            5.55679861833752       -1.94431225032150       -0.32706082585556
H            5.31610614179757       -0.35862637813390        0.42192666689324
H           -0.03285431078035        0.15334636013245        1.90342450605951
H           -0.36960948439565       -1.48274336639732        2.57043282306493
H           -5.11422382574122        2.71250066981137        0.13272250373813
H           -3.46856231534393        3.41105634057041        0.12993502325510
H           -3.14973264856812        2.68622747778158       -2.22070318110407
H           -4.78048736613608        1.98749899821843       -2.24367400163378
H           -4.56681684267937        3.73742497892352       -2.08019283391260
H           -3.91653349342466       -0.81384795348906       -1.19809190087076
H           -3.47516069780465       -0.43310472228596       -2.88803687263186
H           -1.64944670119732       -2.14005909557405       -2.77054485213272
H           -2.12959129144792       -2.54702495138485       -1.12213711323651
H           -3.23707741132666       -2.86614298671575       -2.46883790968116
41
 energy: -65.052352907626 gnorm: 0.000143105681 xtb: 6.7.1 (edcfbbe)
C            1.46588998225986        0.44356547845991       -2.66409561470037
C            2.50142100071561        0.77112340493896       -1.60679391477245
O            2.88505134079800       -0.40994488795951       -0.88161513060436
P            2.34804681678654       -0.73854277110076        0.57870646159483
S            2.49231007155594        0.73060189921552        1.87734731944769
O            3.17677821297182       -2.04235319707050        0.92327659350904
C            4.48463787431110       -1.99469076072786        1.53689609399638
C            5.53553644303343       -1.40716672253001        0.61744853776197
S            0.43554349001845       -1.57775759382358        0.28461728942530
C           -0.46081438362003       -0.83365801841656        1.70319712830306
S           -2.22661853995286       -0.68571646719749        1.36893840281781
P           -2.14368437265035        0.85021061370155       -0.09120760149579
S           -0.72197519965895        2.18176211533232        0.05390841849231
O           -3.64488956434640        1.34918682555332        0.12531716028832
C           -4.11617263255129        2.64275462367166       -0.30279782271614
C           -4.15734293991478        2.76771576683372       -1.81335156492689
O           -2.09512704969394        0.14476868485973       -1.51523054903171
C           -3.10480136064020       -0.80676141625695       -1.93166636137159
C           -2.48818335021049       -2.18208502494911       -2.08251180725850
H            0.54016274787719        0.10547419842815       -2.20265247341951
H            1.25897583552953        1.33993150810858       -3.24004584972228
H            1.83988188118846       -0.33541260481624       -3.32230593970786
H            2.12412178492145        1.52196816770486       -0.90374610390815
H            3.42506888374528        1.13597915344948       -2.06051685980761
H            4.41137876249494       -1.40966625049230        2.45901841764300
H            4.69697348204520       -3.03827684526605        1.77348703934205
H            6.50797771391924       -1.47860205809882        1.09579899800028
H            5.55681248703620       -1.94391267072889       -0.32721707588438
H            5.31610271264688       -0.35843383385408        0.42218529201042
H           -0.03297836426091        0.15270900312034        1.90352951071116
H           -0.36969284591384       -1.48358793239196        2.57006835039527
H           -5.11441187202354        2.71205801325478        0.13311092048233
H           -3.46879066157272        3.41071511671116        0.13064472947025
H           -3.14971234591009        2.68649254701061       -2.22014772999357
H           -4.78041632723493        1.98766560021752       -2.24342920776640
H           -4.56687468266270        3.73756127779810       -2.07948829022828
H           -3.91639542730848       -0.81387777465351       -1.19836815196913
H           -3.47505540775078       -0.43270983533786       -2.88823189360225
H           -1.64928362360449       -2.13958348128580       -2.77120860630862
H           -2.12926070590375       -2.54691064635924       -1.12284838994649
H           -3.23683160811832       -2.86584530338720       -2.46951560283691
41
 energy: -65.052355243508 gnorm: 0.000117928164 xtb: 6.7.1 (edcfbbe)
C            1.46598087563608        0.44202625982324       -2.66488532885401
C            2.50118484343683        0.77025505279580       -1.60746950472667
O            2.88501619656340       -0.41042527619409       -0.88174892906573
P            2.34764200034416       -0.73872069053032        0.57850103494863
S            2.49032281742669        0.73105889371065        1.87659865946849
O            3.17702466281410       -2.04188149998565        0.92396239693430
C            4.48457896474164       -1.99313274110516        1.53817224870352
C            5.53549906158680       -1.40523934994256        0.61899149801486
S            0.43573116038506       -1.57912631228862        0.28404385494929
C           -0.46089994453334       -0.83525370807789        1.70258388069709
S           -2.22663243534400       -0.68705641972273        1.36809550423991
P           -2.14343947937490        0.84966385571137       -0.09123067605377
S           -0.72159192698164        2.18099925643666        0.05453573335460
O           -3.64459411155526        1.34873370741298        0.12556248805099
C           -4.11571176070639        2.64255555199685       -0.30197887182422
C           -4.15692084444994        2.76815038358956       -1.81247742936452
O           -2.09498800068982        0.14495399174862       -1.51563096154773
C           -3.10479943934619       -0.80625690006518       -1.93249753205849
C           -2.48837308759134       -2.18160456713100       -2.08387785480867
H            0.54023327744684        0.10389068420147       -2.20352027918939
H            1.25898132620081        1.33812308092025       -3.24122055239347
H            1.84029882563961       -0.33711127883180       -3.32271433511553
H            2.12349689442439        1.52122632572985       -0.90476977908911
H            3.42483033455736        1.13522858618294       -2.06109690607795
H            4.41053040468637       -1.40783727872071        2.46005827546702
H            4.69747057802115       -3.03650482905254        1.77521026494657
H            6.50779896066610       -1.47603914010499        1.09772103695786
H            5.55741794784947       -1.94218500853664       -0.32554437686144
H            5.31556630740326       -0.35666815048083        0.42341296225630
H           -0.03295671141583        0.15100891109979        1.90321945352233
H           -0.36997487385442       -1.48539231652168        2.56931965692592
H           -5.11392722525721        2.71181019626625        0.13399164702464
H           -3.46821283871117        3.41024547267843        0.13176199905188
H           -3.14931259068253        2.68698649535533       -2.21933359446164
H           -4.78009041479321        1.98834438127179       -2.24284984026914
H           -4.56635773461229        3.73814559433126       -2.07820948690636
H           -3.91640138838158       -0.81355037770210       -1.19921385021070
H           -3.47497358175734       -0.43175449675302       -2.88891577211341
H           -1.64948080117065       -2.13896726922896       -2.77257237274032
H           -2.12948417516954       -2.54683679792957       -1.12435902579434
H           -3.23712381510030       -2.86511437069103       -2.47112121427543
41
 energy: -65.052357449014 gnorm: 0.000106985393 xtb: 6.7.1 (edcfbbe)
C            1.46640342532577        0.44034319735850       -2.66599949820761
C            2.50108708770212        0.76938281584627       -1.60832453675828
O            2.88517731218516       -0.41089261508656       -0.88206884439335
P            2.34728833246125       -0.73896115756894        0.57802939073700
S            2.48925563928476        0.73126988025027        1.87573743627153
O            3.17740479865304       -2.04137824009173        0.92452560073918
C            4.48442597038151       -1.99124966225271        1.53976657860630
C            5.53545768261474       -1.40255279904942        0.62123408255960
S            0.43605176449993       -1.58061821292921        0.28305651177871
C           -0.46132266057257       -0.83766621225667        1.70155925509591
S           -2.22691527265457       -0.68880406876239        1.36683875354100
P           -2.14311666373947        0.84885205966563       -0.09140156240729
S           -0.72100686947767        2.17985326280787        0.05462358740752
O           -3.64411342153688        1.34821424345345        0.12592077942611
C           -4.11491136277780        2.64239475368078       -0.30085916350229
C           -4.15632129914971        2.76879446408206       -1.81128488337218
O           -2.09505081125862        0.14499704931888       -1.51624562370845
C           -3.10515607092450       -0.80576443197349       -1.93342566267737
C           -2.48912689009619       -2.18121667958448       -2.08545989192133
H            0.54058832848234        0.10209366514892       -2.20484669686783
H            1.25934555370268        1.33611834388449       -3.24281644754006
H            1.84125828927443       -0.33894936037340       -3.32334417025841
H            2.12281813263287        1.52041839512150       -0.90599792037573
H            3.42475042027151        1.13456833058996       -2.06173747312752
H            4.40902989235433       -1.40573831299643        2.46140646523321
H            4.69813895163270       -3.03433844735589        1.77730167875389
H            6.50749224064320       -1.47241111179918        1.10064009179763
H            5.55848389870430       -1.93962827045345       -0.32320313363478
H            5.31472150763966       -0.35420535983060        0.42534190473847
H           -0.03328638380266        0.14844086070389        1.90279710371594
H           -0.37060070449286       -1.48827948347550        2.56795506610838
H           -5.11302858380162        2.71170739589532        0.13532621020798
H           -3.46710746900774        3.40965650209750        0.13318898024057
H           -3.14879132039183        2.68762610281702       -2.21833651364241
H           -4.77972421127492        1.98934245280092       -2.24196510447771
H           -4.56559224355803        3.73901857707976       -2.07643624422154
H           -3.91669497124692       -0.81314399577726       -1.20007230649789
H           -3.47529412892900       -0.43071601297339       -2.88964120615812
H           -1.65033228936975       -2.13852522360522       -2.77427298470571
H           -2.13020007095836       -2.54694509934574       -1.12613965041206
H           -3.23812727107343       -2.86435969339523       -2.47286583637892
41
 energy: -65.052358636290 gnorm: 0.000116882435 xtb: 6.7.1 (edcfbbe)
C            1.46678364650931        0.43877906103482       -2.66706393015882
C            2.50097943717425        0.76858594308388       -1.60915257151540
O            2.88537551025418       -0.41129154159211       -0.88239131001555
P            2.34717058225112       -0.73917243809481        0.57762122249171
S            2.48676133734080        0.73142068864589        1.87520682472410
O            3.17782733093797       -2.04104190787703        0.92490949511199
C            4.48430742688890       -1.98962928398693        1.54117639323350
C            5.53550914270838       -1.40009107026249        0.62338409180981
S            0.43636035734338       -1.58160842857257        0.28192897887007
C           -0.46106438777773       -0.83960867603153        1.70091695535585
S           -2.22650036334286       -0.69039759104537        1.36567210773998
P           -2.14303302610792        0.84805486002129       -0.09176240202203
S           -0.72032974084110        2.17834724515621        0.05523315122038
O           -3.64384543416814        1.34774770319509        0.12611311797591
C           -4.11424505982039        2.64231872718411       -0.29984774251831
C           -4.15579187961006        2.76953837936477       -1.81019384504728
O           -2.09528951524871        0.14500627143616       -1.51701574895153
C           -3.10561571714903       -0.80539445780980       -1.93443527169606
C           -2.48991832582591       -2.18093181520773       -2.08703188761875
H            0.54091552525815        0.10042515931706       -2.20610041517768
H            1.25965575915413        1.33423216322651       -3.24435525715272
H            1.84214470745848       -0.34067699104462       -3.32392947132717
H            2.12220336156259        1.51969925952057       -0.90718915848678
H            3.42463261769517        1.13400903071146       -2.06239247186338
H            4.40763875776847       -1.40399966199295        2.46264378438482
H            4.69880328119354       -3.03246592407521        1.77906360675250
H            6.50726036023531       -1.46900351453059        1.10349711240903
H            5.55969938569318       -1.93720970796262       -0.32100165879172
H            5.31393857367821       -0.35196026120603        0.42726739610861
H           -0.03295674411527        0.14628560541838        1.90318231562956
H           -0.37090286996981       -1.49104354927163        2.56675286523303
H           -5.11227303755814        2.71174020098217        0.13652011384117
H           -3.46609638288970        3.40910544530493        0.13453188562569
H           -3.14832427622164        2.68832863832664       -2.21739163828091
H           -4.77942668481133        1.99045623247991       -2.24120720219678
H           -4.56485069251317        3.74000202430486       -2.07478209641880
H           -3.91707775603744       -0.81286058518254       -1.20099380298676
H           -3.47576950289631       -0.42990344729615       -2.89046861553496
H           -1.65121806688729       -2.13819608710086       -2.77595571966065
H           -2.13094053680347       -2.54708559572655       -1.12789252654635
H           -3.23913884215895       -2.86376220117843       -2.47456255283725
41
 energy: -65.052359055124 gnorm: 0.000105754989 xtb: 6.7.1 (edcfbbe)
C            1.46697409620753        0.43773452448128       -2.66768883778673
C            2.50089248295795        0.76812550108146       -1.60968510124165
O            2.88546337617091       -0.41144834249255       -0.88250943122867
P            2.34713924098017       -0.73903411733085        0.57751109560491
S            2.48724679383567        0.73186156676658        1.87463326356356
O            3.17801075079593       -2.04067795608054        0.92517184073043
C            4.48422246507834       -1.98866637120394        1.54198567551974
C            5.53554819465292       -1.39863497870803        0.62464601261464
S            0.43652898078176       -1.58192390227709        0.28154097873999
C           -0.46175242023742       -0.84065328263976        1.70035157253085
S           -2.22723924755528       -0.69167124002957        1.36502378357331
P           -2.14269386174219        0.84744918907280       -0.09178020485526
S           -0.72013520941741        2.17790650263927        0.05510062921195
O           -3.64341890160355        1.34729806514356        0.12634715407539
C           -4.11368252401661        2.64208900551774       -0.29918486124236
C           -4.15539974072956        2.76991492610064       -1.80948357210133
O           -2.09525946877645        0.14493839580737       -1.51731001964366
C           -3.10578823171567       -0.80516964738241       -1.93496485034118
C           -2.49032385727672       -2.18076688839833       -2.08796698196066
H            0.54108648854454        0.09933083902265       -2.20680621099078
H            1.25976834627841        1.33295387582353       -3.24530950202656
H            1.84262392111697       -0.34185424954922       -3.32422955409198
H            2.12175399612525        1.51930123155970       -0.90799191778904
H            3.42452651237455        1.13369321566051       -2.06285601567425
H            4.40692666583927       -1.40307855953454        2.46342728728903
H            4.69911723637451       -3.03139751170657        1.77997228562552
H            6.50711371745225       -1.46701828233946        1.10520570089279
H            5.56046492218664       -1.93576759457128       -0.31971097220426
H            5.31352142119144       -0.35062111895665        0.42839206839250
H           -0.03376524691182        0.14514703735013        1.90325526788051
H           -0.37162192678950       -1.49245259068428        2.56591747704782
H           -5.11167522703228        2.71154220070507        0.13726624658047
H           -3.46542536825867        3.40867200095244        0.13538983964565
H           -3.14798676564560        2.68874185131421       -2.21681999678181
H           -4.77917570169941        1.99108295985703       -2.24074135532244
H           -4.56436843550696        3.74052520159676       -2.07368571572994
H           -3.91724136266475       -0.81272978859564       -1.20151332467288
H           -3.47593563323977       -0.42940256738366       -2.89089785258737
H           -1.65167152578391       -2.13799695496864       -2.77694534811898
H           -2.13133064067434       -2.54720558763965       -1.12894686780344
H           -3.23968005331598       -2.86338865631384       -2.47560556361177
41
 energy: -65.052359189613 gnorm: 0.000065503470 xtb: 6.7.1 (edcfbbe)
C            1.46693851939371        0.43719154279578       -2.66790442529677
C            2.50076875002316        0.76791986429395       -1.60991727461601
O            2.88547162157277       -0.41147757984665       -0.88252907767460
P            2.34711136731566       -0.73892307417724        0.57750585145102
S            2.48728907689484        0.73205531131509        1.87454238710092
O            3.17808957733528       -2.04047698484584        0.92529455169131
C            4.48421737500126       -1.98830715997486        1.54228020876627
C            5.53556479849699       -1.39811028750267        0.62506960429277
S            0.43664663276502       -1.58210949251759        0.28164530064115
C           -0.46164291505598       -0.84117836399774        1.70059705463380
S           -2.22698681539794       -0.69183434144125        1.36472141232590
P           -2.14286175587668        0.84733498314900       -0.09187496747848
S           -0.72019320423554        2.17757875082690        0.05538336322274
O           -3.64357017141175        1.34721173099838        0.12626717960240
C           -4.11371388760768        2.64210252913944       -0.29901531904613
C           -4.15529199321212        2.77012835795072       -1.80929665350908
O           -2.09534430173602        0.14500601463948       -1.51748372531079
C           -3.10580823732763       -0.80508845790553       -1.93528650333731
C           -2.49031103343825       -2.18065886187016       -2.08843244301198
H            0.54106964530608        0.09876742528168       -2.20699221341351
H            1.25965842392291        1.33227804582131       -3.24570604368798
H            1.84270803017405       -0.34248013537137       -3.32427923704088
H            2.12148023469938        1.51915610690006       -0.90836644179686
H            3.42437472625576        1.13353458268445       -2.06310671788723
H            4.40673182306486       -1.40275110909651        2.46372122637667
H            4.69922153264876       -3.03101960620038        1.78027160526316
H            6.50705925556943       -1.46629949445149        1.10580112501088
H            5.56074179283346       -1.93528625232564       -0.31925463763283
H            5.31338523565823       -0.35014356119802        0.42872371234003
H           -0.03373602980143        0.14463818318220        1.90352037494320
H           -0.37164115991886       -1.49305602315269        2.56612398300567
H           -5.11171275265181        2.71151278232159        0.13742588981936
H           -3.46538923175613        3.40852350425084        0.13574606235869
H           -3.14785831259888        2.68896768856601       -2.21659112691006
H           -4.77908568090441        1.99139393342160       -2.24070759098365
H           -4.56419592508007        3.74080560298551       -2.07333962873071
H           -3.91728241858611       -0.81272936286463       -1.20186105490724
H           -3.47590921300911       -0.42918249784099       -2.89118084056520
H           -1.65165067894042       -2.13779642920907       -2.77739762604582
H           -2.13133043291446       -2.54720866340984       -1.12944816262083
H           -3.23965400911922       -2.86324129965757       -2.47616505962998
41
 energy: -65.052359272181 gnorm: 0.000043854070 xtb: 6.7.1 (edcfbbe)
C            1.46679945469103        0.43675160807810       -2.66799883876660
C            2.50060008729174        0.76774398130432       -1.61006476209501
O            2.88546500042554       -0.41150712429266       -0.88252706451287
P            2.34713258442459       -0.73889808891002        0.57753195344524
S            2.48661334635756        0.73212734415658        1.87462237942362
O            3.17821370338519       -2.04038056787903        0.92538975909897
C            4.48430284911236       -1.98813558784565        1.54242433891776
C            5.53563172100099       -1.39787124950897        0.62524254468988
S            0.43665501206465       -1.58204727564646        0.28174797902409
C           -0.46164495908620       -0.84111291128904        1.70068587642545
S           -2.22702139449617       -0.69191385570132        1.36478245964347
P           -2.14288336051875        0.84726379582089       -0.09183216595372
S           -0.72018705003713        2.17750251615824        0.05564213668894
O           -3.64362544100907        1.34706685650099        0.12624499341492
C           -4.11375881804342        2.64200296620912       -0.29890838128534
C           -4.15522927675713        2.77023733268945       -1.80917356305468
O           -2.09526484905588        0.14505087254168       -1.51749311861677
C           -3.10567133289736       -0.80502091685045       -1.93548361865372
C           -2.49012059198783       -2.18055224917711       -2.08876109673450
H            0.54097046692959        0.09831172211438       -2.20701556243225
H            1.25942943162837        1.33172049636433       -3.24595335246235
H            1.84264762440398       -0.34299330766826       -3.32424256592202
H            2.12124689240045        1.51905276967427       -0.90862369368719
H            3.42415885060466        1.13339009792499       -2.06331873132434
H            4.40673409505433       -1.40257973281531        2.46385564541123
H            4.69934940409207       -3.03084074570245        1.78040966117096
H            6.50710327546208       -1.46592248573921        1.10604177558465
H            5.56091478177829       -1.93510000538978       -0.31904849850962
H            5.31333776094761       -0.34994373764453        0.42882591804362
H           -0.03375109514565        0.14469939744069        1.90369958081597
H           -0.37172688318930       -1.49305262909602        2.56617079642159
H           -5.11178861214117        2.71134305156557        0.13746998941224
H           -3.46547190310802        3.40837344302507        0.13599800204306
H           -3.14776427877564        2.68912869326738       -2.21639940566948
H           -4.77899029213761        1.99155829385893       -2.24073324459898
H           -4.56410888912987        3.74095350055535       -2.07311758295585
H           -3.91720357677691       -0.81277033710433       -1.20212374365233
H           -3.47570415505840       -0.42899676771627       -2.89135780489774
H           -1.65143136917067       -2.13757225731656       -2.77768615652966
H           -2.13117851631627       -2.54720822461560       -1.12980116315801
H           -3.23942143886551       -2.86311077967511       -2.47661755249061
