----------------------------------------------- 
  Element       SASA      Sigma Z        Total  
     Z         Ang**2 cal/Ang**2/mol   kcal/mol 
----------------------------------------------- 
      H        230.741      48.690      11.235
      C         56.615     129.740       7.345
      O         27.232       0.000       0.000
      P          2.547       0.000       0.000
      S         98.732      -9.100      -0.898

 Subtotal:     415.866                  17.682
 -----------------------------------------------

  Elements    COT*SASA   Sigma Z,Z'     Total   
    Z,Z'       Ang**2  cal/Ang**2/mol kcal/mol  
 ---------------------------------------------- 
  H   C        155.588     -60.770      -9.455
  H   O          0.000       0.000       0.000
  C   C         32.321     -72.950      -2.358
  O   C          0.000      68.690       0.000
  O   O          0.000       0.000       0.000
  O   P         18.832      68.850       1.297

 Subtotal:                             -10.516
 ---------------------------------------------- 

 NONAQUEOUS SOLVENT CONTRIBUTION (kcal/mol):
 (proportional to SASA, atomic number independent)
 ---------------------------------------------- 
 Subtotal:                               0.000
 ---------------------------------------------- 

 CDS TOTAL (kcal/mol):                   7.165
...............................................................................
