----------------------------------------------- 
  Element       SASA      Sigma Z        Total  
     Z         Ang**2 cal/Ang**2/mol   kcal/mol 
----------------------------------------------- 
      H        210.007      48.690      10.225
      C         58.459     129.740       7.585
      O         60.878       0.000       0.000
      P          0.989       0.000       0.000
      S         50.079      -9.100      -0.456

 Subtotal:     380.412                  17.354
 -----------------------------------------------

  Elements    COT*SASA   Sigma Z,Z'     Total   
    Z,Z'       Ang**2  cal/Ang**2/mol kcal/mol  
 ---------------------------------------------- 
  H   C        141.575     -60.770      -8.604
  H   O          0.000       0.000       0.000
  C   C         26.346     -72.950      -1.922
  O   C         25.426      68.690       1.747
  O   O          0.000       0.000       0.000
  O   P         11.389      68.850       0.784

 Subtotal:                              -7.995
 ---------------------------------------------- 

 NONAQUEOUS SOLVENT CONTRIBUTION (kcal/mol):
 (proportional to SASA, atomic number independent)
 ---------------------------------------------- 
 Subtotal:                               0.000
 ---------------------------------------------- 

 CDS TOTAL (kcal/mol):                   9.359
...............................................................................
