----------------------------------------------- 
  Element       SASA      Sigma Z        Total  
     Z         Ang**2 cal/Ang**2/mol   kcal/mol 
----------------------------------------------- 
      H        238.525      48.690      11.614
      C         55.873     129.740       7.249
      O         32.666       0.000       0.000
      P          3.662       0.000       0.000
      S        109.956      -9.100      -1.001

 Subtotal:     440.683                  17.862
 -----------------------------------------------

  Elements    COT*SASA   Sigma Z,Z'     Total   
    Z,Z'       Ang**2  cal/Ang**2/mol kcal/mol  
 ---------------------------------------------- 
  H   C        160.410     -60.770      -9.748
  H   O          0.000       0.000       0.000
  C   C         32.461     -72.950      -2.368
  O   C          0.000      68.690       0.000
  O   O          0.000       0.000       0.000
  O   P         22.393      68.850       1.542

 Subtotal:                             -10.574
 ---------------------------------------------- 

 NONAQUEOUS SOLVENT CONTRIBUTION (kcal/mol):
 (proportional to SASA, atomic number independent)
 ---------------------------------------------- 
 Subtotal:                               0.000
 ---------------------------------------------- 

 CDS TOTAL (kcal/mol):                   7.288
...............................................................................
