----------------------------------------------- 
  Element       SASA      Sigma Z        Total  
     Z         Ang**2 cal/Ang**2/mol   kcal/mol 
----------------------------------------------- 
      H        235.034      48.690      11.444
      C         59.520     129.740       7.722
      O         29.864       0.000       0.000
      P          2.090       0.000       0.000
      S         95.899      -9.100      -0.873

 Subtotal:     422.407                  18.293
 -----------------------------------------------

  Elements    COT*SASA   Sigma Z,Z'     Total   
    Z,Z'       Ang**2  cal/Ang**2/mol kcal/mol  
 ---------------------------------------------- 
  H   C        158.478     -60.770      -9.631
  H   O          0.000       0.000       0.000
  C   C         34.246     -72.950      -2.498
  O   C          0.000      68.690       0.000
  O   O          0.000       0.000       0.000
  O   P         20.683      68.850       1.424

 Subtotal:                             -10.705
 ---------------------------------------------- 

 NONAQUEOUS SOLVENT CONTRIBUTION (kcal/mol):
 (proportional to SASA, atomic number independent)
 ---------------------------------------------- 
 Subtotal:                               0.000
 ---------------------------------------------- 

 CDS TOTAL (kcal/mol):                   7.588
...............................................................................
