38
 energy: -64.694917926190 gnorm: 0.054887757087 xtb: 6.7.1 (edcfbbe)
C            4.28411158889226       -3.66181498891545       -1.01147502975135
C            2.78583951838329       -3.69822322471455       -0.81639452944500
O            2.32452559989125       -2.44600093462386       -0.20794336751056
C            2.07498551393039       -1.42438957469727       -1.03721843476399
O            2.14149870296547       -1.49062099027584       -2.25304237128470
C            1.72745752290736       -0.16780561991541       -0.28044161068687
C            0.61256743373696        0.59359496142040       -0.98368319548645
H            0.90081464816299        0.76169070980093       -2.03089437628657
C            0.30783397900111        1.98606837281001       -0.44595574289811
O           -0.69974970516756        2.61170190508941       -0.71659235335303
O            1.32110700886399        2.46091716210945        0.27527842919977
C            1.16945482389334        3.83096914092533        0.78053553784212
C            2.41931477547524        4.15593290392699        1.55518129918765
S           -0.91715635140900       -0.44504848312888       -1.15597755283406
P           -1.94819842205404       -0.14986408842467        0.67923167037041
S           -0.88227830527469        0.35371081072593        2.22117915577780
O           -3.13506486588336        0.89835579709183        0.42628768454786
C           -3.98454773121883        0.82079964018060       -0.75670399543921
O           -2.78694848406024       -1.52522343047249        0.75736555014922
C           -2.12556974804342       -2.76872455367859        1.12469471655476
H            4.61409416160268       -4.61689599090082       -1.43164109886808
H            4.57289586000350       -2.86437459583702       -1.70235685106043
H            4.79570315089727       -3.50957385517445       -0.05653228241129
H            2.48761341265718       -4.46478176788512       -0.09900960520381
H            2.24896433090388       -3.85147928650119       -1.75595112885154
H            2.63540401357315        0.44779284156391       -0.27462682876506
H            1.46690596293026       -0.39707703380910        0.75332277739064
H            1.02855588308181        4.49293818251934       -0.07742435172586
H            0.27390792495520        3.85791134135432        1.40732063113290
H            2.56849163123051        3.44547365730443        2.37378414852270
H            3.30034018345468        4.14633359239237        0.90658969326938
H            2.31705838086332        5.15777035624042        1.98393807994109
H           -4.76489192759342        1.56562275058821       -0.60114729647576
H           -4.42765370909808       -0.17392925490305       -0.84808577668811
H           -3.40207413780682        1.06799936460594       -1.64773592743496
H           -1.46100086300306       -3.09530990222107        0.31964961467593
H           -2.92609654200531       -3.49459511305994        1.26987349051817
H           -1.56319862361968       -2.63684344269649        2.05363872295353
38
 energy: -64.698995304476 gnorm: 0.026161435036 xtb: 6.7.1 (edcfbbe)
C            4.28511603117997       -3.66533172749772       -1.01220834865715
C            2.78405915846486       -3.68930768820197       -0.81215171149468
O            2.32328272458532       -2.44267178521004       -0.22048726773073
C            2.08126947447886       -1.42480485386860       -1.03767421512324
O            2.14364712567899       -1.48871476356535       -2.24571090274697
C            1.72649163223448       -0.16905427866333       -0.27500245619447
C            0.62195094834780        0.58876593976869       -0.99350412754125
H            0.90645285181825        0.75054400339534       -2.04173900717543
C            0.29439284787172        1.95927098503214       -0.42508819816452
O           -0.73310229613631        2.55497236869584       -0.66764498072582
O            1.30111054909409        2.45234019709835        0.27298692738533
C            1.16277762178679        3.81161290819384        0.78113085913398
C            2.41403317053749        4.15416799265532        1.55602913088607
S           -0.90296430526580       -0.42924268915050       -1.18520605823989
P           -1.92555062797124       -0.13556138166736        0.65091044258160
S           -0.87928130816817        0.35317922544158        2.22487260072805
O           -3.11333432895680        0.90212190590033        0.40406078964549
C           -3.97704559544140        0.82004964623499       -0.75527242038936
O           -2.76455862813262       -1.50540652922419        0.75939780155045
C           -2.11944198703662       -2.74576361883681        1.12122154525609
H            4.61087949717528       -4.61635689176122       -1.42871755529274
H            4.56493963767199       -2.87038447665606       -1.70189179486646
H            4.79107956408171       -3.50383815851694       -0.06222198709846
H            2.48550741628590       -4.45268690744082       -0.09265838437112
H            2.25608900380923       -3.83264575712411       -1.75816160827263
H            2.62349084811869        0.45824618448403       -0.25496083300824
H            1.45443792120755       -0.41027482255875        0.75320420335360
H            1.01337926460133        4.47390427551866       -0.07553796206934
H            0.26952100102565        3.84018291744500        1.41024053037927
H            2.56150674663231        3.44300847322180        2.36566137608714
H            3.28628294511053        4.13593489402813        0.90644038212012
H            2.31274449034898        5.15154326984224        1.97994106306652
H           -4.75049725150526        1.56610179150732       -0.58566949522112
H           -4.41049836300089       -0.17615311928786       -0.83324903441595
H           -3.40166527948651        1.06232210156299       -1.64848630635249
H           -1.46366446558505       -3.07114667426620        0.31349020950555
H           -2.92685811029715       -3.46072752350527        1.26803424041821
H           -1.55096332914432       -2.61518807420886        2.04266004786383
38
 energy: -64.700908724956 gnorm: 0.012701287876 xtb: 6.7.1 (edcfbbe)
C            4.28669917311714       -3.66667506816579       -1.01300983690551
C            2.78090192113418       -3.68156338270729       -0.80952088002374
O            2.33057711327745       -2.43975020479023       -0.23103358722400
C            2.09281172185109       -1.42689956762581       -1.03850217168110
O            2.15255183609484       -1.48423010683172       -2.24411360906252
C            1.72680768047748       -0.17342478512969       -0.26792792982969
C            0.62863847134835        0.57958263263358       -0.99787514842789
H            0.92303659268596        0.74124340593383       -2.04240783611198
C            0.28274138229059        1.93405752920531       -0.40753357126276
O           -0.78881554828534        2.48207503580631       -0.58973119661230
O            1.28563799102544        2.44849515086317        0.26091599192745
C            1.14392205724854        3.78945227999823        0.78285179474361
C            2.40175784026925        4.14100533480991        1.55338078784419
S           -0.88722641096026       -0.42723219409005       -1.20208812027705
P           -1.90267666690077       -0.10694056422792        0.63041137675682
S           -0.84878509655023        0.36692881443703        2.20496731298043
O           -3.08950625676146        0.91593278021253        0.38429885437609
C           -3.96649267049601        0.82441320172206       -0.75373746809429
O           -2.73651676792896       -1.47369404187842        0.76159115267846
C           -2.10844038294490       -2.71347857326402        1.11207779982002
H            4.60430451768025       -4.61770333004872       -1.42341720843010
H            4.55987314441177       -2.87618639459977       -1.70655688386963
H            4.79009270647193       -3.49651596134125       -0.06685489677426
H            2.48299904499685       -4.44190192442392       -0.08825834476150
H            2.26131998121045       -3.82290071104383       -1.76123177617517
H            2.61281892972497        0.46554176970105       -0.22695867112302
H            1.43749385033358       -0.42955131570087        0.75224397090066
H            0.98366662707116        4.46075101421872       -0.06640334583105
H            0.25560740243475        3.81517816264883        1.42027262942736
H            2.55120719102006        3.42990037617878        2.35798363258598
H            3.26565878526666        4.12052632920553        0.89855116764501
H            2.29556784846623        5.13496424005959        1.97171780381815
H           -4.73659320580347        1.56908370338854       -0.57430444756609
H           -4.39426761447577       -0.17312162050968       -0.81871950632332
H           -3.40645310307456        1.06075955417996       -1.65691101614966
H           -1.45991275208290       -3.04393685632330        0.30286692990134
H           -2.92249072537809       -3.41854083177330        1.26084884862879
H           -1.53350001224654       -2.59263652191265        2.02915489329170
38
 energy: -64.701521047425 gnorm: 0.010492656998 xtb: 6.7.1 (edcfbbe)
C            4.28973905279305       -3.66924928948600       -1.01518121065852
C            2.78149456047623       -3.68031885805431       -0.81035825078201
O            2.33769440047725       -2.44029096018348       -0.23486249913686
C            2.10181071104639       -1.42794145894874       -1.03901415469247
O            2.16564371682250       -1.47616924255187       -2.24651487654993
C            1.72607038098769       -0.17918625490461       -0.26232826067084
C            0.63051365320306        0.57199293081513       -0.99902484598215
H            0.94367248422602        0.74841136630606       -2.03596168426337
C            0.26729913068152        1.91073040914915       -0.38232659382359
O           -0.82315963667319        2.43120390699070       -0.53674519886612
O            1.27956973066481        2.44887267371692        0.24666770621368
C            1.12644180134851        3.77776037741485        0.78275259570837
C            2.38883189242748        4.13010137905722        1.54887248498899
S           -0.87911792614829       -0.43295130891346       -1.21736048887296
P           -1.88728671947561       -0.08310758694160        0.61820973939946
S           -0.82270063113163        0.38854596869754        2.18704385977479
O           -3.07372941708847        0.93039906241706        0.37486550118310
C           -3.96203330587578        0.83103669693134       -0.75157691236670
O           -2.71915638697598       -1.44747444267927        0.76490905942208
C           -2.09908303110437       -2.68990377553081        1.10525192700605
H            4.60424461085469       -4.62337160584509       -1.42008495704481
H            4.56101984052991       -2.88222866561894       -1.71393686266250
H            4.79293483346486       -3.49299102111086       -0.06986622465915
H            2.48381214475538       -4.44058388923275       -0.08943925366610
H            2.26503333895807       -3.82526567816739       -1.76369099245915
H            2.60732484595906        0.46411923696872       -0.20233532985456
H            1.42335787929172       -0.44835831460545        0.75086793321000
H            0.95419678260143        4.46086316741191       -0.05589381167129
H            0.24366000556919        3.79211416534913        1.42957889444131
H            2.54253497592948        3.41725139765049        2.35167997112755
H            3.24831262511088        4.11099433244438        0.88784454917129
H            2.28066126114729        5.12323318331155        1.96784307275711
H           -4.73261216251023        1.57414639944584       -0.56857682847807
H           -4.38818971284051       -0.16824817081586       -0.80832944038064
H           -3.41480373270003        1.06341786282085       -1.66462302774904
H           -1.45673272090500       -3.02465801862853        0.29181308869811
H           -2.91634346428388       -3.39065352911103        1.25728123103648
H           -1.51590921559374       -2.57923508675401        2.01958758596204
38
 energy: -64.701779402621 gnorm: 0.009381438199 xtb: 6.7.1 (edcfbbe)
C            4.29362952527542       -3.67357168357790       -1.01830630369995
C            2.78504712800522       -3.68430894003888       -0.81322102524808
O            2.34244276715386       -2.44488048158537       -0.23565299755271
C            2.10819268914302       -1.43036632096606       -1.03896667097754
O            2.17790732438800       -1.47162481257280       -2.24796268729778
C            1.72592891229126       -0.18593792779101       -0.25931171094115
C            0.63346453742273        0.56873182272462       -0.99956153479261
H            0.95912084826450        0.75558151818165       -2.03068744577237
C            0.26707946145610        1.90418802199018       -0.38041141936654
O           -0.83786004864768        2.40279837935078       -0.50523105308802
O            1.28414651991875        2.45711762842930        0.22541266931587
C            1.11358757211967        3.77418102026844        0.78470044742396
C            2.37729874021285        4.12497840080480        1.54844294937898
S           -0.87466427807076       -0.43503249331997       -1.22065970322206
P           -1.88430712061509       -0.06790343796822        0.61268269774135
S           -0.80728470899888        0.40854089198575        2.17205250834765
O           -3.07222021445328        0.93933606930189        0.37331117155581
C           -3.96565554245175        0.83666847796630       -0.74957848508535
O           -2.71371310611493       -1.43184332045627        0.77207854203705
C           -2.09241095260387       -2.67621022952140        1.10226644252779
H            4.60882150821752       -4.63054138768640       -1.41872769644523
H            4.56539173500907       -2.88935903259086       -1.72125086395160
H            4.79740799991642       -3.49312948762740       -0.07308216845022
H            2.48705808246170       -4.44598795387632       -0.09355855445035
H            2.26824074334219       -3.83146906296050       -1.76612569135114
H            2.60602329741835        0.45689760781584       -0.18726043204707
H            1.41533770115414       -0.46204818183876        0.74940255881078
H            0.93131469602254        4.47026658204702       -0.04150767597009
H            0.23326144162758        3.76828256424851        1.43592031009512
H            2.53620005697979        3.40810354035274        2.34815960047060
H            3.23441475463018        4.11019279398894        0.88256973793007
H            2.26955747794408        5.11698241424031        1.97283580427662
H           -4.73763843952152        1.57863555327048       -0.56555276735843
H           -4.39031572416397       -0.16421955382097       -0.80318093487598
H           -3.42382107758065        1.06837372045210       -1.66667974715635
H           -1.45602336210082       -3.00981444470463        0.28219350489132
H           -2.90915469696011       -3.37704986955759        1.25833471386117
H           -1.50078965207184       -2.57155102614346        2.01315140524631
38
 energy: -64.701897154096 gnorm: 0.004631745547 xtb: 6.7.1 (edcfbbe)
C            4.29748478121459       -3.67787952255559       -1.02173846923692
C            2.78979638088688       -3.69012379993559       -0.81743345874146
O            2.34466794407318       -2.45112676223434       -0.23562157486204
C            2.11151871194824       -1.43343216856745       -1.03849311189598
O            2.18736214577535       -1.47044002295033       -2.24780581194990
C            1.72387936518906       -0.19301753378068       -0.25699865647114
C            0.63401723156076        0.56638942817633       -0.99865366814390
H            0.96782068404864        0.75858139256228       -2.02591009470931
C            0.26818407840636        1.90198218024351       -0.38008006813587
O           -0.83635591791654        2.39266176523168       -0.49419764619165
O            1.29032580186178        2.46605206369990        0.20668764377602
C            1.10736753486813        3.77540698022245        0.78471435933256
C            2.36918819922787        4.12409826212222        1.54977498370795
S           -0.87746259533948       -0.43245530857336       -1.22241727966023
P           -1.88496083649388       -0.05722460932906        0.61254238558844
S           -0.80696854012227        0.42143613096150        2.17075661963898
O           -3.07771149383929        0.94366335035126        0.37630387575674
C           -3.97166442731353        0.84054109828112       -0.74811421068510
O           -2.71081053092225       -1.42277645209428        0.77697075380964
C           -2.08525784994804       -2.66834515404578        1.10026090911933
H            4.61472440947507       -4.63667096491766       -1.41883489287912
H            4.57084434509791       -2.89596533463642       -1.72741551815093
H            4.80181300458722       -3.49511831145568       -0.07643914802727
H            2.49143763580570       -4.45364726340089       -0.09925286015560
H            2.27123894482038       -3.83712738645170       -1.76932910354684
H            2.60437249747222        0.44822336527002       -0.17752049268230
H            1.40852748195736       -0.47247030014305        0.74890845968745
H            0.91732811434064        4.48165154929377       -0.03055309120250
H            0.22767385062927        3.74855661683773        1.43640192156055
H            2.53113848527526        3.40397516401937        2.34702892140440
H            3.22610881740495        4.11378553942502        0.88236459915766
H            2.26221104622264        5.11478302293465        1.97989756059551
H           -4.74549331187721        1.58111553525838       -0.56394926124663
H           -4.39518013940995       -0.16117863214961       -0.80244360270084
H           -3.43049505759621        1.07427954545810       -1.66511590789254
H           -1.45257330591121       -2.99814803108656        0.27518871532352
H           -2.90010899623976       -3.37113783649755        1.25888255059088
H           -1.48897189320004       -2.56589023672882        2.00867116492846
38
 energy: -64.701949778511 gnorm: 0.004639487444 xtb: 6.7.1 (edcfbbe)
C            4.30011125702461       -3.68107206363060       -1.02424703413995
C            2.79333066314924       -3.69422128585815       -0.82078771447926
O            2.34508731399481       -2.45562887529945       -0.23655810568724
C            2.11288162090912       -1.43599490822750       -1.03886085935977
O            2.19218059966766       -1.47226903739240       -2.24736606600005
C            1.72333953692898       -0.19721232792503       -0.25690230889238
C            0.63629036198976        0.56592757409128       -0.99984085274416
H            0.96920148677777        0.75635477338256       -2.02701724488848
C            0.27127056245386        1.90300181996714       -0.38261586937670
O           -0.84283856466494        2.38294497644213       -0.47332859490675
O            1.29802612157758        2.47539159897789        0.18908595364626
C            1.10703518439943        3.77814281232493        0.78322666366685
C            2.36593233493660        4.12587939266876        1.55176053578512
S           -0.87945863805629       -0.42697069809847       -1.22055074599332
P           -1.88798669845679       -0.05278281056588        0.61413696639898
S           -0.81181849127516        0.42819251470602        2.17340590499208
O           -3.08457200547685        0.94417118460497        0.37856084962982
C           -3.97642920741563        0.84255522289172       -0.74859782476451
O           -2.71085324328596       -1.42017726254116        0.78050400205787
C           -2.08083120304639       -2.66522834441248        1.10005822161573
H            4.61871224074370       -4.64040850793507       -1.41939296778945
H            4.57450539785321       -2.90062111607036       -1.73097604920828
H            4.80417282459365       -3.49703225059522       -0.07903148136062
H            2.49466463964182       -4.45879442699561       -0.10352132095794
H            2.27387061339609       -3.83935950891373       -1.77237304268835
H            2.60433332969932        0.44292753705795       -0.17410603022438
H            1.40519857274732       -0.47761515320694        0.74774977766817
H            0.91137998502035        4.49178853452634       -0.02353861497649
H            0.22734954314297        3.73477725864218        1.43375955757338
H            2.52851736436964        3.40320391564883        2.34649568099913
H            3.22370674969371        4.11952911014346        0.88547586167279
H            2.25807140446705        5.11470424867153        1.98624247577263
H           -4.75095201656737        1.58249204941113       -0.56425512931143
H           -4.39930992631046       -0.15916473593595       -0.80485880673888
H           -3.43300667761881        1.07831730747180       -1.66334316931382
H           -1.44985414130513       -2.99062068116446        0.27227773955167
H           -2.89347641132993       -3.37025215326546        1.25964814629842
H           -1.48276588834874       -2.56186832478176        2.00671899128347
38
 energy: -64.701978314943 gnorm: 0.002097893315 xtb: 6.7.1 (edcfbbe)
C            4.30066359753205       -3.68122656605465       -1.02528893174319
C            2.79428123625349       -3.69505275488650       -0.82251677723112
O            2.34396411004589       -2.45697681693616       -0.23709964336434
C            2.11132449868489       -1.43660544782437       -1.03855130451603
O            2.19137462853949       -1.47357747299865       -2.24634079324371
C            1.72107590190646       -0.19828366445863       -0.25598165578779
C            0.63549225445837        0.56582004881883       -0.99958120640587
H            0.96701006933771        0.75196275399818       -2.02794191322784
C            0.27307549066189        1.90434152928305       -0.38272360945042
O           -0.84040667969305        2.38400039598093       -0.46802672260258
O            1.30069584309344        2.47863771619340        0.18399816895209
C            1.11056217240610        3.78023564959959        0.78109825891989
C            2.36717819890535        4.12748677110138        1.55323645170840
S           -0.88235475879446       -0.42480095582462       -1.21960391054921
P           -1.89046261145712       -0.05340961754823        0.61562680321158
S           -0.81655181444377        0.42586958280414        2.17707169481752
O           -3.08985465201682        0.94195893154201        0.38023907198821
C           -3.97867122728336        0.84248855059429       -0.74957311770169
O           -2.71151953285668       -1.42247312116914        0.78031646164574
C           -2.07864169494282       -2.66608661470109        1.10058521556697
H            4.61948330917020       -4.64029096729032       -1.42020629186912
H            4.57535455006514       -2.90105119531579       -1.73177531112714
H            4.80423076006810       -3.49721751412783       -0.08009559543981
H            2.49567868299283       -4.45997904969677       -0.10568170781873
H            2.27490052157116       -3.83833496227474       -1.77436846234998
H            2.60230206590867        0.44194717469341       -0.17337595987069
H            1.40251464238782       -0.47860504101153        0.74864433695002
H            0.91583192319277        4.49485862200811       -0.02385399587601
H            0.22988897957840        3.73390687751496        1.42877686733361
H            2.52765522937762        3.40490426011907        2.34789746656219
H            3.22672604597428        4.12207503947909        0.88970921070919
H            2.25765728297309        5.11576083190511        1.98771638865568
H           -4.75318923550631        1.58225362729976       -0.56522751827392
H           -4.40138899548391       -0.15889312584562       -0.80822356163907
H           -3.43227278874256        1.07978720363324       -1.66189293679299
H           -1.44706670942453       -2.98945975521136        0.27311104451795
H           -2.88986087582082       -3.37263908673758        1.25978188359413
H           -1.48166382259924       -2.56032447784005        2.00715909655830
38
 energy: -64.701994016006 gnorm: 0.001558920432 xtb: 6.7.1 (edcfbbe)
C            4.30073041768009       -3.68054546127017       -1.02610358309394
C            2.79426292616814       -3.69486193915554       -0.82399402022355
O            2.34308236408357       -2.45741673436294       -0.23781890654711
C            2.10999391517177       -1.43657569722299       -1.03817724136215
O            2.19012480752534       -1.47359967644576       -2.24567452038031
C            1.71875039148763       -0.19881413921303       -0.25462386466681
C            0.63428271154639        0.56547163360248       -0.99896286559694
H            0.96531983494577        0.74864778490317       -2.02826276125276
C            0.27339682348163        1.90368751232950       -0.37968877244653
O           -0.84174286447043        2.38047869776465       -0.45586723763247
O            1.30394754922032        2.48209800904604        0.17704641514341
C            1.11426913020913        3.78196219854298        0.77767808575127
C            2.36914778713088        4.12812597875202        1.55364872022171
S           -0.88515405727410       -0.42306368482345       -1.21958304657524
P           -1.89205345416199       -0.05412093266921        0.61633869879862
S           -0.82040976243919        0.42213782267433        2.18029791517483
O           -3.09383471935191        0.93974462500429        0.38118012348872
C           -3.97971613865142        0.84225862335968       -0.75086443002937
O           -2.71182909046762       -1.42454139431675        0.77953209642289
C           -2.07665074196094       -2.66649157908448        1.10108075399508
H            4.61942856693085       -4.63947948793372       -1.42071403232715
H            4.57536762650020       -2.90052929635829       -1.73249590462994
H            4.80366367288834       -3.49624341791885       -0.08087215431933
H            2.49567819282201       -4.46007085093437       -0.10768310671554
H            2.27558124498618       -3.83664362406853       -1.77641638767004
H            2.59978828680748        0.44193099489681       -0.17121783541773
H            1.39937082210611       -0.48013589832826        0.74957460343920
H            0.92101371684219        4.49878728326844       -0.02538402104562
H            0.23288331740901        3.73413069390235        1.42382977344210
H            2.52717415125856        3.40529405172106        2.34820857763400
H            3.23060250547431        4.12361978232178        0.89293516272705
H            2.25736580009590        5.11585423252827        1.98811112115781
H           -4.75406702707952        1.58207105602964       -0.56689946000882
H           -4.40260571232374       -0.15876600311182       -0.81189591466509
H           -3.43084608764707        1.08055668089548       -1.66140400988902
H           -1.44414236648247       -2.98893149607956        0.27430157255270
H           -2.88657169424523       -3.37445858687480        1.26005295396818
H           -1.48058625019639       -2.55856040255552        2.00782499738812
38
 energy: -64.702005991086 gnorm: 0.001299596515 xtb: 6.7.1 (edcfbbe)
C            4.29998744682323       -3.67867249535243       -1.02653323466479
C            2.79303489983047       -3.69357882420155       -0.82510639251406
O            2.34184394035943       -2.45696503504495       -0.23817483618502
C            2.10785951709414       -1.43594012586751       -1.03744055812167
O            2.18735686619709       -1.47220912490704       -2.24514321053509
C            1.71629385684125       -0.19865945200812       -0.25284086058547
C            0.63292318511047        0.56609027009659       -0.99769511672726
H            0.96450969712053        0.74748002992611       -2.02741938881708
C            0.27401817233816        1.90360796943869       -0.37647698818681
O           -0.84382803605483        2.37555575488867       -0.43982437870462
O            1.30743998869738        2.48658474698129        0.16847704162718
C            1.11927291003304        3.78473658023037        0.77223455122624
C            2.37249866790312        4.12782799732123        1.55333870523773
S           -0.88739804421684       -0.42143745970797       -1.21874460205771
P           -1.89470531479778       -0.05644735270152        0.61730964389246
S           -0.82422067260909        0.41430527336230        2.18378367150080
O           -3.09890570012587        0.93607580880916        0.38305337510281
C           -3.98016270924050        0.84134287454472       -0.75232002099916
O           -2.71340575189991       -1.42849020543630        0.77754412229837
C           -2.07553966367054       -2.66803423720917        1.10193516542952
H            4.61881710723762       -4.63742885076568       -1.42111991637764
H            4.57422179386021       -2.89833154508398       -1.73267713660305
H            4.80213220997843       -3.49406086351259       -0.08103669943961
H            2.49444724154373       -4.45936445691433       -0.10968804744120
H            2.27549052145375       -3.83434931457995       -1.77825377332252
H            2.59711016232397        0.44230499194204       -0.16828702069706
H            1.39625057535036       -0.48149190269103        0.75073312169153
H            0.93083029533670        4.50422519206137       -0.02975464521001
H            0.23608064832400        3.73843838829908        1.41611317730844
H            2.52669877761419        3.40409269541860        2.34779765821978
H            3.23646550455426        4.12340393625326        0.89598303557318
H            2.25908644440056        5.11520211175968        1.98802543634727
H           -4.75443754507164        1.58149187221084       -0.57003305330567
H           -4.40362749994946       -0.15926838626045       -0.81699845021816
H           -3.42792508911931        1.08055396664299       -1.66075304392699
H           -1.44091957947257       -2.99047122795102        0.27669934385280
H           -2.88372531242392       -3.37798047722593        1.26092438010860
H           -1.48085291565411       -2.55713176395057        2.00940644003419
38
 energy: -64.702012699209 gnorm: 0.000805258278 xtb: 6.7.1 (edcfbbe)
C            4.29923050740325       -3.67761209723353       -1.02616366811786
C            2.79203233465021       -3.69268754895477       -0.82488338806393
O            2.34157690292560       -2.45624092548248       -0.23779935380926
C            2.10735440222801       -1.43527579367506       -1.03699967775495
O            2.18563903589780       -1.47066382720623       -2.24506269901362
C            1.71603895621580       -0.19825190674350       -0.25213713495238
C            0.63210581475279        0.56691995444597       -0.99622110552122
H            0.96472973459987        0.75066257145601       -2.02509042560765
C            0.27260908276403        1.90349531170029       -0.37400323547715
O           -0.84704301711776        2.37192046221957       -0.43107208202465
O            1.30797622921512        2.48918848922983        0.16467680935307
C            1.12115463949038        3.78722278048383        0.76873082070604
C            2.37405257588062        4.12675391210882        1.55208287002855
S           -0.88739204827405       -0.42158419727399       -1.21883999502433
P           -1.89511925778430       -0.05770882401625        0.61751173834164
S           -0.82573983958483        0.40976484995015        2.18558563469962
O           -3.09981214203338        0.93441087352920        0.38425090764314
C           -3.97921303912054        0.84059400319252       -0.75255584359213
O           -2.71392778146019       -1.43029734366412        0.77495980998070
C           -2.07613047345469       -2.66912181449665        1.10187233202080
H            4.61860480121993       -4.63620156507541       -1.42108253990171
H            4.57329219554928       -2.89677415307455       -1.73201887603339
H            4.80120001829616       -3.49315646215915       -0.08040627826162
H            2.49334378307075       -4.45899653826303       -0.10996939052815
H            2.27469285183366       -3.83377471073593       -1.77809697089805
H            2.59686377520558        0.44237841280600       -0.16689527604706
H            1.39594001746775       -0.48172009049679        0.75116331520895
H            0.93656874293912        4.50768209815108       -0.03360999116055
H            0.23637820572954        3.74338330685224        1.41108505975724
H            2.52588466051616        3.40175112604936        2.34611739815682
H            3.23890676525500        4.12110256542913        0.89571924689998
H            2.26242257338342        5.11402957571490        1.98790557815486
H           -4.75366171550152        1.58111299564767       -0.57179566890012
H           -4.40338471453992       -0.15982999179209       -0.81862343467662
H           -3.42568652693394        1.07974536246841       -1.66037426758093
H           -1.43994303013267       -2.99270640226074        0.27797947226580
H           -2.88399838877604       -3.37954100848179        1.26095762780856
H           -1.48253003575627       -2.55696609153400        2.01014017673184
38
 energy: -64.702014550304 gnorm: 0.000593533128 xtb: 6.7.1 (edcfbbe)
C            4.29852555287243       -3.67687097965999       -1.02540236781150
C            2.79138278539747       -3.69189136408415       -0.82407689058176
O            2.34109006779596       -2.45539176446151       -0.23718938136818
C            2.10630273510712       -1.43476855324043       -1.03670952616633
O            2.18411369556981       -1.46996495416368       -2.24484126547317
C            1.71662118561703       -0.19732953216191       -0.25185730805008
C            0.63257220349829        0.56830383567276       -0.99579378933615
H            0.96554176823563        0.75398563271515       -2.02405221717161
C            0.27217967490658        1.90438068128443       -0.37336688058999
O           -0.84790702437893        2.37118111895446       -0.42806937216527
O            1.30777728026074        2.49074245801278        0.16365785952813
C            1.12266784070493        3.78982356089759        0.76619087215671
C            2.37531739007404        4.12595244467682        1.55108295217805
S           -0.88633414091137       -0.42072838775786       -1.21784773213278
P           -1.89628080126027       -0.05968801083588        0.61781867627516
S           -0.82633417947937        0.40554212117773        2.18610838829627
O           -3.10080846645593        0.93257177442847        0.38550347921482
C           -3.97874241313930        0.83964577014042       -0.75243523586577
O           -2.71520526386930       -1.43275002051617        0.77276630722386
C           -2.07779032341487       -2.67112769388424        1.10193855669277
H            4.61815179058188       -4.63516411329757       -1.42102442411026
H            4.57263212886537       -2.89549816348373       -1.73072179681519
H            4.80054015963603       -3.49311248218491       -0.07946816637000
H            2.49265294164102       -4.45834397617731       -0.10918883345743
H            2.27381485337499       -3.83341572566490       -1.77714312530672
H            2.59788998282556        0.44260705318134       -0.16708405108988
H            1.39665243988056       -0.48026605171722        0.75167599205780
H            0.94208656962808        4.51004934993380       -0.03738270547161
H            0.23618682812623        3.74930566408589        1.40657101322687
H            2.52473023547602        3.39984114625814        2.34466316223919
H            3.24070890243146        4.11853639891249        0.89533253341654
H            2.26624265986817        5.11319980564789        1.98778387090249
H           -4.75306320658395        1.58066456824749       -0.57271310094596
H           -4.40345914040197       -0.16055172371785       -0.81916663661672
H           -3.42387526265578        1.07859705354413       -1.65950511307811
H           -1.44058091668970       -2.99583675336583        0.27914290888996
H           -2.88582750975897       -3.38136447792722        1.26104394384789
H           -1.48515642735596       -2.55785835065452        2.01079689863815
38
 energy: -64.702015216357 gnorm: 0.000334898535 xtb: 6.7.1 (edcfbbe)
C            4.29846149073535       -3.67704247873477       -1.02505721361748
C            2.79146174488669       -3.69189727873958       -0.82364581106913
O            2.34124053299640       -2.45516588873335       -0.23686718213143
C            2.10657976878226       -1.43454864021965       -1.03655883365431
O            2.18383598898463       -1.47022581986005       -2.24459657930453
C            1.71651586167785       -0.19706499864288       -0.25184003731322
C            0.63191487870835        0.56823470301084       -0.99542779784195
H            0.96482114988157        0.75418679681646       -2.02360641686009
C            0.27173896546699        1.90456766163559       -0.37308752402573
O           -0.84895640492864        2.37058665905764       -0.42625041900505
O            1.30790220612036        2.49143718448944        0.16272811110108
C            1.12304018103938        3.79073152944342        0.76545891971829
C            2.37543878254072        4.12586642416135        1.55094582109644
S           -0.88647445045559       -0.42133650637615       -1.21885514785181
P           -1.89553884287370       -0.05954413859023        0.61747008736008
S           -0.82682553304048        0.40497272406675        2.18692511054594
O           -3.10019499325651        0.93243259077326        0.38549355752321
C           -3.97850588912975        0.83948887320933       -0.75232512795472
O           -2.71452412373229       -1.43270152228883        0.77162891190874
C           -2.07797862451440       -2.67137750903585        1.10151495191165
H            4.61790290189674       -4.63528561687551       -1.42092867971013
H            4.57275838731086       -2.89560694838192       -1.73020180457897
H            4.80062624061085       -3.49364081919902       -0.07914549533998
H            2.49266735172996       -4.45817179852109       -0.10855340717882
H            2.27365602594208       -3.83342587135528       -1.77660520459629
H            2.59779950127182        0.44298497802599       -0.16759606520814
H            1.39687797006924       -0.47962821171159        0.75189780262947
H            0.94321745327006        4.51099241529835       -0.03821546423056
H            0.23609547440511        3.75038158308756        1.40516670913626
H            2.52403888528861        3.39931374989851        2.34422062049095
H            3.24099794776398        4.11800094100429        0.89544633877439
H            2.26716232391776        5.11298978514411        1.98805624655769
H           -4.75261050541517        1.58071100281856       -0.57252465522503
H           -4.40347088808801       -0.16058069825479       -0.81870093547053
H           -3.42366597056391        1.07817211214183       -1.65943867750739
H           -1.44084059717717       -2.99671523558396        0.27901049616061
H           -2.88654958622780       -3.38100233579381        1.26063322780163
H           -1.48559900987446       -2.55808203837006        2.01046906176904
38
 energy: -64.702015471486 gnorm: 0.000187600338 xtb: 6.7.1 (edcfbbe)
C            4.29860307040388       -3.67733398242418       -1.02496305793386
C            2.79162897487905       -3.69206235370179       -0.82344964871221
O            2.34141181395573       -2.45522204430350       -0.23675828354923
C            2.10680502946044       -1.43465208164603       -1.03655605318268
O            2.18431362254512       -1.47055768866701       -2.24457372484650
C            1.71666562027077       -0.19706335302528       -0.25201011643881
C            0.63224811004160        0.56819801415392       -0.99581565183575
H            0.96520619498066        0.75389579083911       -2.02407000414706
C            0.27183317628011        1.90439276549910       -0.37308157186643
O           -0.84872621826728        2.37051536062301       -0.42671846935087
O            1.30808509105427        2.49142500382079        0.16250887112236
C            1.12284569705936        3.79058984715512        0.76556840842124
C            2.37515370747997        4.12598465168951        1.55112030989603
S           -0.88642681434637       -0.42085649156493       -1.21879314606093
P           -1.89553144251972       -0.05923022040635        0.61739375484816
S           -0.82644237629016        0.40561473967111        2.18640408302593
O           -3.10012754581136        0.93265398882180        0.38536551561146
C           -3.97885626300186        0.83962848184751       -0.75217108263993
O           -2.71441729914225       -1.43235520977929        0.77202582544370
C           -2.07800356810017       -2.67125111048286        1.10132208654806
H            4.61781294619616       -4.63565930674268       -1.42080520085652
H            4.57296357684766       -2.89599594142363       -1.73018794731793
H            4.80089611851188       -3.49395064859105       -0.07912111240007
H            2.49283226172897       -4.45814012239615       -0.10818589532501
H            2.27376164219447       -3.83361253935681       -1.77636450699779
H            2.59795345963047        0.44304280845060       -0.16784172416478
H            1.39699155688545       -0.47956629564584        0.75174195748065
H            0.94257387342817        4.51091667607628       -0.03792637072122
H            0.23603282613971        3.74956650047791        1.40539701038591
H            2.52385458244016        3.39951595505423        2.34443170601045
H            3.24076675783617        4.11832634460644        0.89571028507345
H            2.26651436452512        5.11308255522054        1.98814670042408
H           -4.75278709145187        1.58091933624346       -0.57209722351377
H           -4.40384485701819       -0.16042057779861       -0.81823519504292
H           -3.42433551078965        1.07816667381837       -1.65949892581007
H           -1.44136263788428       -2.99656885633733        0.27844641736609
H           -2.88670720153008       -3.38065200162668        1.26068124727567
H           -1.48516865260239       -2.55827730933392        2.00999822859126
38
 energy: -64.702015574302 gnorm: 0.000100019519 xtb: 6.7.1 (edcfbbe)
C            4.29858748267553       -3.67747566775074       -1.02469179612279
C            2.79161583328864       -3.69203479710498       -0.82302622645261
O            2.34146434479021       -2.45506946304454       -0.23652105759527
C            2.10673817368385       -1.43466814483701       -1.03649469950516
O            2.18441126331703       -1.47080547675446       -2.24451875280622
C            1.71680107060245       -0.19687051794272       -0.25219131391496
C            0.63238266509444        0.56825908095014       -0.99608581379180
H            0.96532056801158        0.75372196408149       -2.02440423635942
C            0.27215872930040        1.90458853570838       -0.37355139476553
O           -0.84829264970656        2.37082707505477       -0.42737675465493
O            1.30810629980939        2.49136818753942        0.16247491655363
C            1.12291183125647        3.79059535543233        0.76545271126906
C            2.37508279339730        4.12601384546086        1.55126186529541
S           -0.88631672899578       -0.42078553726585       -1.21890084370717
P           -1.89545178017718       -0.05922714614829        0.61731906944423
S           -0.82622180833207        0.40560495845492        2.18628568101958
O           -3.09998956813412        0.93265417107358        0.38532750593618
C           -3.97903862396528        0.83962372994440       -0.75197966671100
O           -2.71434635094256       -1.43233091074205        0.77200233861223
C           -2.07821734491524       -2.67140963417521        1.10109135855589
H            4.61758832523973       -4.63582896301454       -1.42063499428548
H            4.57294576572136       -2.89612917196461       -1.72991306828058
H            4.80101233134900       -3.49420821707780       -0.07889765727570
H            2.49283431573358       -4.45792107817949       -0.10757675851348
H            2.27368918237542       -3.83370181981846       -1.77588136034877
H            2.59812402853180        0.44324893618028       -0.16831293498581
H            1.39728141797746       -0.47919338515957        0.75165773473051
H            0.94289708359446        4.51087902230387       -0.03813226812005
H            0.23600127058980        3.74969262174906        1.40511138917951
H            2.52358459672128        3.39960396202368        2.34466258408051
H            3.24086202951339        4.11834460543134        0.89606992892070
H            2.26624788468506        5.11314706010974        1.98815634316414
H           -4.75276788674029        1.58107265730479       -0.57177113816528
H           -4.40416928105693       -0.16037751159056       -0.81778281549024
H           -3.42471405964905        1.07792945402845       -1.65948751974333
H           -1.44194794473473       -2.99693614747631        0.27800866977127
H           -2.88710749053564       -3.38053652789472        1.26070560205126
H           -1.48505117335448       -2.55865774607470        2.00958286782164
38
 energy: -64.702015620174 gnorm: 0.000071396918 xtb: 6.7.1 (edcfbbe)
C            4.29851747339055       -3.67762259455644       -1.02441884413349
C            2.79156022372715       -3.69203262780885       -0.82265513101454
O            2.34156690744519       -2.45491977034486       -0.23633984203208
C            2.10696019504480       -1.43461509603515       -1.03647184690874
O            2.18441900195125       -1.47100758570168       -2.24448652310445
C            1.71701137021864       -0.19671033821167       -0.25236259069469
C            0.63249177915865        0.56832407447275       -0.99622229047500
H            0.96529279708452        0.75378548163072       -2.02457237117941
C            0.27223849515489        1.90467214582294       -0.37371300812034
O           -0.84828185818740        2.37084753937408       -0.42747873590348
O            1.30821070501736        2.49148729134508        0.16226336707048
C            1.12299937862705        3.79072337667172        0.76524368290054
C            2.37503202697782        4.12604490084709        1.55129513122267
S           -0.88611141303561       -0.42089409554894       -1.21889587521443
P           -1.89538787936515       -0.05925958098335        0.61724648470181
S           -0.82606040173214        0.40557564348745        2.18615485460973
O           -3.09986933754829        0.93265083293890        0.38531215125341
C           -3.97913488976332        0.83961647911526       -0.75181887963424
O           -2.71430914682374       -1.43234544266210        0.77187317084180
C           -2.07842554523370       -2.67156348324071        1.10084775581130
H            4.61740698812215       -4.63597169451285       -1.42045040193355
H            4.57289611563067       -2.89626625196529       -1.72961089606878
H            4.80104359758590       -3.49446229832050       -0.07866283094748
H            2.49276348934482       -4.45778741728153       -0.10706447540102
H            2.27357050066762       -3.83380670418454       -1.77546089417049
H            2.59832699225746        0.44344266750632       -0.16873067305492
H            1.39763180216119       -0.47882716322742        0.75159588905356
H            0.94321593808145        4.51100107557000       -0.03838210719533
H            0.23595831467453        3.74991332213787        1.40471475226501
H            2.52331821434896        3.39961238124778        2.34471462371707
H            3.24094372051584        4.11832043670858        0.89628529544082
H            2.26619617663195        5.11317688229756        1.98819546847437
H           -4.75270452925612        1.58122258696194       -0.57155860666080
H           -4.40442395372959       -0.16033182954568       -0.81738620597288
H           -3.42490838359764        1.07770454796908       -1.65943665065679
H           -1.44246344024125       -2.99727416912402        0.27760659686277
H           -2.88747037625968       -3.38046304765968        1.26068323075460
H           -1.48500445302704       -2.55895311637497        2.00918472030716
