41
 energy: -2932.482334383421 gnorm: 0.000803695065 xtb: 6.7.1 (edcfbbe)
C            5.16278559521523       -0.04197742600324       -1.81996608493446
C            4.87560165972997        0.78477535539668       -0.59269718700990
O            3.80889128467457        0.19731213617475        0.23284343802928
P            2.24684011817542        0.31755408532879       -0.12947570122015
S            1.64137616700611        1.85309098131050       -1.15195948207266
O            1.54721704142543        0.26558454116620        1.31059380909770
C            1.90452401782463       -0.74402624682031        2.32477576239826
C            2.74970295399407       -0.10702805176440        3.39881245609342
S            1.96604849493557       -1.58356068807419       -1.04910292913307
C            0.21474018638242       -1.48030023665530       -1.57252766933206
S           -1.00666654655805       -1.89098840663566       -0.24660929287944
P           -2.22216356174693       -0.15837379740319       -0.20832867370849
S           -2.62586298158870        0.64689743075826       -1.93553948149492
O           -1.49570460364023        0.77211539742123        0.87704829286079
C           -1.73972211703092        2.22146483982002        0.94579650679751
C           -3.09630830530578        2.52943270020773        1.52992831054055
O           -3.45990282683822       -0.71111470611191        0.66217579832568
C           -4.54203553807639       -1.48624180813806        0.03349195324112
C           -5.79462062803986       -0.64884866670896       -0.00294918303496
H            5.39074427606044       -1.07759073287884       -1.55090000244261
H            4.32315423771915       -0.03004007319959       -2.52058745520590
H            6.03527987666991        0.38252318551416       -2.32752427533034
H            4.58557818867639        1.80889880801721       -0.84459590034652
H            5.73175909344527        0.81211990940913        0.08413222293285
H            0.94665985931600       -1.09614222245401        2.71440715981640
H            2.41544022849246       -1.58274404596230        1.84308826676093
H            3.70739106573840        0.23599162179690        2.99840691107872
H            2.22784805741269        0.73939126882242        3.85410902668020
H            2.94629450722743       -0.85004845652219        4.17895519718895
H            0.10531808933312       -2.22394231909935       -2.36536444444337
H           -0.00495404080797       -0.48902721501442       -1.98336789410597
H           -0.93026327756947        2.58477266853576        1.58216339988832
H           -1.61766669852125        2.63688822224503       -0.05875144615948
H           -3.21515793710099        2.06412987921310        2.51262299924154
H           -3.18931683511235        3.61411047716744        1.64710446069907
H           -3.90334590557163        2.18844572716838        0.87396155934329
H           -4.23395883146957       -1.80028530372716       -0.96856732520652
H           -4.65801271471391       -2.37322266740029        0.66085271801689
H           -6.07617433914452       -0.32540141525996        1.00318163407432
H           -5.65732191843839        0.23168855576451       -0.63665492533753
H           -6.61274495736585       -1.24847905315304       -0.41505179610829
41
 energy: -2932.482340105486 gnorm: 0.001021341461 xtb: 6.7.1 (edcfbbe)
C            5.16586114864185       -0.04204967958775       -1.82147798161497
C            4.87806025664241        0.78446077542378       -0.59407864984099
O            3.81129659168469        0.19644530426971        0.23118014237432
P            2.24914721874181        0.31826148783398       -0.13038986168586
S            1.64371262945723        1.85362932512204       -1.15319737808473
O            1.54947487654482        0.26858107950678        1.30958218787169
C            1.90382767272930       -0.74190833316051        2.32421584070206
C            2.74748240131579       -0.10630546790037        3.40028642364045
S            1.96178879958146       -1.58516045944786       -1.04304015990527
C            0.21270766365249       -1.47978326839921       -1.57260507369550
S           -1.00719950754481       -1.89296958613307       -0.24598130887336
P           -2.22208890195521       -0.15924255302095       -0.20825832313913
S           -2.62611157156790        0.64663002114606       -1.93531696887774
O           -1.49599736671945        0.77084765037061        0.87770368637021
C           -1.73969409416835        2.22017583856598        0.94610091627053
C           -3.09578674691253        2.52903246368659        1.53106740407641
O           -3.46027672619178       -0.71263840861111        0.66118189969070
C           -4.54327385786099       -1.48679311923143        0.03199131522880
C           -5.79606238745169       -0.64910326810609       -0.00248047646577
H            5.39484040094124       -1.07748780726489       -1.55306950039918
H            4.32647350910914       -0.03041508680878       -2.52254863432199
H            6.03808070405238        0.38308732765606       -2.32860477200808
H            4.58747562435428        1.80846338482675       -0.84609386023602
H            5.73399002685144        0.81207131385395        0.08298156090872
H            0.94520766246490       -1.09373631890726        2.71237474205518
H            2.41523788312138       -1.58134700456873        1.84392990583909
H            3.70568040501745        0.23718895310239        3.00173139279698
H            2.22498988121298        0.73931145419033        3.85620218248753
H            2.94342536599798       -0.85011613609710        4.17953307576655
H            0.10403342550259       -2.22246830263879       -2.36661515167567
H           -0.00494380039942       -0.48739360757724       -1.98212255105553
H           -0.92921401355429        2.58318710590200        1.58135704092977
H           -1.61876666373321        2.63580268882614       -0.05851073518010
H           -3.21458058181271        2.06409989977505        2.51392499010734
H           -3.18783589380110        3.61381152335721        1.64820157581157
H           -3.90357465957207        2.18879736707633        0.87562259825678
H           -4.23602166742670       -1.79988761207513       -0.97055018861492
H           -4.65964057411211       -2.37427574808639        0.65846461508515
H           -6.07584003518565       -0.32567518050155        1.00423328223812
H           -5.65960618708945        0.23154219397848       -0.63641742311903
H           -6.61493955441163       -1.24888060796499       -0.41284561576997
41
 energy: -2932.482353078493 gnorm: 0.000929679087 xtb: 6.7.1 (edcfbbe)
C            5.17147448262662       -0.04241701809473       -1.82454449637346
C            4.88128956757937        0.78295238739813       -0.59683140216746
O            3.81419575829299        0.19328953474286        0.22743610957953
P            2.25168739843716        0.31782702144493       -0.13189546086975
S            1.64859151490231        1.85223139225518       -1.15768005161563
O            1.55301714685918        0.27397438704925        1.30865626217175
C            1.90207862332909       -0.73784219747887        2.32395929300360
C            2.74306660077409       -0.10446284513903        3.40344050611001
S            1.96376007168879       -1.58754671398372       -1.04120766226199
C            0.21497356828129       -1.47812324529641       -1.57093235192110
S           -1.00800646783376       -1.89307080550019       -0.24746772681728
P           -2.22473633077366       -0.16090150743277       -0.20749814528879
S           -2.62677244228096        0.64561272480308       -1.93482968771465
O           -1.49785026551254        0.76804852092411        0.87895062820445
C           -1.73972375599231        2.21760244860624        0.94675886066577
C           -3.09463162253090        2.52835827143299        1.53362300011259
O           -3.46345152441738       -0.71494063381284        0.66063807952526
C           -4.54702006495013       -1.48779636885993        0.03009006084237
C           -5.79986937642310       -0.64947479196603       -0.00129929674594
H            5.40246329630033       -1.07753930847184       -1.55719270034284
H            4.33279126338248       -0.03147177076659       -2.52662565402812
H            6.04333161999848        0.38453292925267       -2.33045384755073
H            4.58990981232132        1.80679195279399       -0.84884401046218
H            5.73664884406854        0.81119380985421        0.08088536534774
H            0.94176203669491       -1.08884299363951        2.70883363505936
H            2.41415509876769       -1.57812772974972        1.84546148198011
H            3.70211451741393        0.24007112330765        3.00798097500947
H            2.21937871189807        0.73971682184287        3.86050748797443
H            2.93776555832021       -0.85001807162533        4.18101394806910
H            0.10500226734100       -2.21812071973742       -2.36748317692470
H           -0.00108356781090       -0.48426407879376       -1.97798890330838
H           -0.92731024079650        2.57995409629155        1.57995467236029
H           -1.62071131284177        2.63301806611602       -0.05819940953658
H           -3.21315112498105        2.06403713262122        2.51678691710348
H           -3.18472069728166        3.61334398744870        1.65057978606109
H           -3.90383731915961        2.18946216060324        0.87920503293447
H           -4.24034846357853       -1.79857028347278       -0.97328620997529
H           -4.66354599298616       -2.37642889241372        0.65475626571409
H           -6.07644643842242       -0.32605112143921        1.00638593526076
H           -5.66484496991785        0.23124055562031       -0.63565061476123
H           -6.61997189509842       -1.24948196329232       -0.40879970506347
41
 energy: -2932.482359531145 gnorm: 0.001220328201 xtb: 6.7.1 (edcfbbe)
C            5.18245194558556       -0.04320847107746       -1.82944312325387
C            4.88907694508470        0.78046429013116       -0.60129021465438
O            3.82228109270629        0.18798610371515        0.22193294651501
P            2.25926469686779        0.31706034500439       -0.13373473548236
S            1.65901585209496        1.84648512738406       -1.16885534802363
O            1.56115594933583        0.28356829120551        1.30745692518042
C            1.89896335982550       -0.73057037903841        2.32403987931028
C            2.73382198038885       -0.09994017585822        3.40985261742003
S            1.96405299190656       -1.58681132600894       -1.04232031498302
C            0.21426589974549       -1.47591671490894       -1.56765637043659
S           -1.01165495106788       -1.89717495862538       -0.24810897876160
P           -2.22824533096486       -0.16511388848584       -0.20936207603567
S           -2.63131504203084        0.64717481459993       -1.93357695618046
O           -1.50045176956826        0.76226307171427        0.87822772842393
C           -1.73960131810486        2.21226105157574        0.94720546150661
C           -3.09165932134176        2.52623725209912        1.53896765783126
O           -3.46726897906690       -0.71960864899167        0.65771634542873
C           -4.55314150727294       -1.48911662726035        0.02625943248003
C           -5.80590540267069       -0.65010302522554        0.00169411319025
H            5.41670509328545       -1.07788139877136       -1.56310927651530
H            4.34449142155621       -0.03403311838130       -2.53239343204697
H            6.05347442572009        0.38744985699914       -2.33406584461256
H            4.59565823552335        1.80363015829653       -0.85331325012943
H            5.74361887190941        0.81025705971933        0.07732165185323
H            0.93446732366620       -1.07933573388446        2.70059864737467
H            2.41266494032882       -1.57101242087875        1.84786067463034
H            3.69443496358874        0.24709936450895        3.01995683990536
H            2.20732933149039        0.74182086107726        3.86823486935905
H            2.92554924069126       -0.84906907226524        4.18491035424807
H            0.10381365982621       -2.21002648813383       -2.36950458291011
H           -0.00025091823505       -0.47920675953193       -1.96849122539081
H           -0.92425979919995        2.57370237246734        1.57717827594967
H           -1.62380896928953        2.62692294016250       -0.05846604833375
H           -3.20845501169634        2.06234381856454        2.52254838125396
H           -3.17860314690890        3.61151804920955        1.65598670571084
H           -3.90362346130061        2.18937481984524        0.88687476873196
H           -4.24851588562218       -1.79494664317596       -0.97920861904179
H           -4.66851277284804       -2.38044621882798        0.64729183553063
H           -6.07645876516305       -0.32702049417216        1.01111320534854
H           -5.67469966367453        0.23066390617038       -0.63320171939213
H           -6.62853817194160       -1.25001698683569       -0.40085481424261
41
 energy: -2932.482366751841 gnorm: 0.000603679687 xtb: 6.7.1 (edcfbbe)
C            5.18535098168151       -0.04389998651481       -1.83035904318537
C            4.89086910635433        0.77934449298150       -0.60234714518916
O            3.82330472555418        0.18580446187566        0.21912097282738
P            2.26062976058379        0.31695222758731       -0.13710231722395
S            1.66400448070494        1.85024979358180       -1.16894481067675
O            1.56274256805325        0.28520736943801        1.30439305647467
C            1.89782212189731       -0.72852725678279        2.32242650911469
C            2.72949545013454       -0.09775168742613        3.41056841831469
S            1.96383665528898       -1.59022085334740       -1.03830816626173
C            0.21559324204157       -1.47488895989139       -1.56803387000386
S           -1.01228754643905       -1.89752133831473       -0.25088424247340
P           -2.22973593872070       -0.16632782256085       -0.20934261828545
S           -2.63140601341619        0.64437791298730       -1.93439730775188
O           -1.50100919651233        0.76092619686413        0.87797462293350
C           -1.73915118477965        2.21111598641145        0.94747111731207
C           -3.09026264229789        2.52507834542968        1.54113425211692
O           -3.46880072897958       -0.72043204912842        0.65777928534737
C           -4.55491858070025       -1.48899083909348        0.02598280392308
C           -5.80741865233439       -0.65020288111456        0.00359543514896
H            5.42013627487101       -1.07849050768666       -1.56362256642961
H            4.34749593020260       -0.03545065447683       -2.53323744885523
H            6.05626216860350        0.38785191538438       -2.33477730417081
H            4.59730890165433        1.80240547089789       -0.85407543091996
H            5.74479232894851        0.80917602101124        0.07709889286452
H            0.93212627362152       -1.07691007514553        2.69602907481121
H            2.41304554512508       -1.56859648075468        1.84786441208783
H            3.69060609025428        0.25043756241032        3.02261280684850
H            2.20144336298438        0.74347965518212        3.86824833107236
H            2.92009185765717       -0.84729986333923        4.18593495714177
H            0.10574236833782       -2.20745677370416       -2.37105024449671
H            0.00190430762631       -0.47715525036890       -1.96653518466218
H           -0.92326466375554        2.57218179760492        1.57689527214822
H           -1.62409681079873        2.62520038772859       -0.05849944046480
H           -3.20532563898433        2.06073062719669        2.52472174993381
H           -3.17689789155670        3.61030670565150        1.65855468890218
H           -3.90316914711147        2.18821659916265        0.89021778074399
H           -4.25114790382081       -1.79297578603047       -0.98037336648116
H           -4.66921543040580       -2.38162408761751        0.64544839570903
H           -6.07681931306064       -0.32763483599063        1.01336606294358
H           -5.67742949118924        0.23071472628740       -0.63104772640092
H           -6.63061316620784       -1.24968495358199       -0.39850418299692
41
 energy: -2932.482370315681 gnorm: 0.000397247978 xtb: 6.7.1 (edcfbbe)
C            5.18517779002836       -0.04460883110588       -1.82916409710808
C            4.89091042069108        0.77896651832053       -0.60135287896671
O            3.82278076280784        0.18614789457158        0.21974742913950
P            2.26041313399060        0.31791329371279       -0.13760025822547
S            1.66439251569574        1.85035853123664       -1.17077771142672
O            1.56152159816132        0.28497672969119        1.30338152653548
C            1.89708784938908       -0.72850510069465        2.32157466580213
C            2.72741404945737       -0.09651814371494        3.40989887938276
S            1.96318650227207       -1.58888208461915       -1.04004912543251
C            0.21499751821291       -1.47424304539791       -1.57041838367593
S           -1.01128842959732       -1.89727531311085       -0.25197352527854
P           -2.22908962044169       -0.16614649256644       -0.20960656521631
S           -2.63080768444499        0.64317809463569       -1.93562630322335
O           -1.49964711200161        0.76103648884504        0.87728768923693
C           -1.73838263104949        2.21115744003734        0.94732948034341
C           -3.08946399573167        2.52385622924282        1.54165392951622
O           -3.46797913224545       -0.71997616524303        0.65797440024240
C           -4.55416233757288       -1.48857705445538        0.02653395933472
C           -5.80665776352393       -0.65012975997325        0.00510759416119
H            5.41964384405984       -1.07914102381646       -1.56208548260969
H            4.34710711957904       -0.03625789172545       -2.53180663889729
H            6.05597889218157        0.38633766843841       -2.33418422791272
H            4.59807182031931        1.80227596715537       -0.85307975472573
H            5.74472441383178        0.80832727308202        0.07828549661528
H            0.93189628033113       -1.07801575304724        2.69513406668080
H            2.41382032399447       -1.56843650006516        1.84825791426873
H            3.68856663820408        0.25189961177088        3.02250136384178
H            2.19833135020795        0.74484810806183        3.86603816627853
H            2.91801237841637       -0.84476245200758        4.18636592558770
H            0.10529424953506       -2.20744649158912       -2.37279840422430
H            0.00099146546055       -0.47682519749499       -1.96931891782782
H           -0.92235678636948        2.57179691551952        1.57680860831881
H           -1.62376390028502        2.62623890785722       -0.05825195004211
H           -3.20304952499185        2.05886245096445        2.52509627204956
H           -3.17690120934796        3.60889706161196        1.65990151031389
H           -3.90284658913937        2.18665078113032        0.89153179551232
H           -4.25132560772653       -1.79247736202346       -0.98015101358585
H           -4.66811426787455       -2.38155771014389        0.64554243430419
H           -6.07660435427205       -0.32836962507438        1.01500059495338
H           -5.67654866042104        0.23139177602570       -0.62880976461795
H           -6.62970079754774       -1.24924389253316       -0.39790450884836
41
 energy: -2932.482370315681 gnorm: 0.000397247978 xtb: 6.7.1 (edcfbbe)
C            5.18517779002836       -0.04460883110588       -1.82916409710808
C            4.89091042069108        0.77896651832053       -0.60135287896671
O            3.82278076280784        0.18614789457158        0.21974742913950
P            2.26041313399060        0.31791329371279       -0.13760025822547
S            1.66439251569574        1.85035853123664       -1.17077771142672
O            1.56152159816132        0.28497672969119        1.30338152653548
C            1.89708784938908       -0.72850510069465        2.32157466580213
C            2.72741404945737       -0.09651814371494        3.40989887938276
S            1.96318650227207       -1.58888208461915       -1.04004912543251
C            0.21499751821291       -1.47424304539791       -1.57041838367593
S           -1.01128842959732       -1.89727531311085       -0.25197352527854
P           -2.22908962044169       -0.16614649256644       -0.20960656521631
S           -2.63080768444499        0.64317809463569       -1.93562630322335
O           -1.49964711200161        0.76103648884504        0.87728768923693
C           -1.73838263104949        2.21115744003734        0.94732948034341
C           -3.08946399573167        2.52385622924282        1.54165392951622
O           -3.46797913224545       -0.71997616524303        0.65797440024240
C           -4.55416233757288       -1.48857705445538        0.02653395933472
C           -5.80665776352393       -0.65012975997325        0.00510759416119
H            5.41964384405984       -1.07914102381646       -1.56208548260969
H            4.34710711957904       -0.03625789172545       -2.53180663889729
H            6.05597889218157        0.38633766843841       -2.33418422791272
H            4.59807182031931        1.80227596715537       -0.85307975472573
H            5.74472441383178        0.80832727308202        0.07828549661528
H            0.93189628033113       -1.07801575304724        2.69513406668080
H            2.41382032399447       -1.56843650006516        1.84825791426873
H            3.68856663820408        0.25189961177088        3.02250136384178
H            2.19833135020795        0.74484810806183        3.86603816627853
H            2.91801237841637       -0.84476245200758        4.18636592558770
H            0.10529424953506       -2.20744649158912       -2.37279840422430
H            0.00099146546055       -0.47682519749499       -1.96931891782782
H           -0.92235678636948        2.57179691551952        1.57680860831881
H           -1.62376390028502        2.62623890785722       -0.05825195004211
H           -3.20304952499185        2.05886245096445        2.52509627204956
H           -3.17690120934796        3.60889706161196        1.65990151031389
H           -3.90284658913937        2.18665078113032        0.89153179551232
H           -4.25132560772653       -1.79247736202346       -0.98015101358585
H           -4.66811426787455       -2.38155771014389        0.64554243430419
H           -6.07660435427205       -0.32836962507438        1.01500059495338
H           -5.67654866042104        0.23139177602570       -0.62880976461795
H           -6.62970079754774       -1.24924389253316       -0.39790450884836
