41
 energy: -65.032739975467 gnorm: 0.054547813062 xtb: 6.7.1 (edcfbbe)
C            5.29637481899738       -2.39000837309960       -1.69184825042633
C            4.29754950170470       -1.26270270950792       -1.76388742975910
O            3.34969366593339       -1.46043770258618       -0.66212187650863
P            2.43150696686317       -0.27121967941353       -0.08671446285109
S            3.29596111348623        1.42842557903063        0.30877360677210
O            1.72992977483221       -1.03304681800888        1.13657758794161
C            2.15050839094382       -0.85108137015707        2.53063008338800
C            3.43488929417414       -1.58621821976667        2.82718866015693
S            0.87987789886151       -0.20789598767712       -1.53106467284676
C            0.03996404585100        1.34661396886678       -1.03283141056374
S           -0.84931127255371        1.34675687504358        0.57041771928904
P           -2.72888953848654        0.45462396045736        0.09649929215690
S           -3.23479596038442        0.59702594987034       -1.77831237277216
O           -3.69745826121688        1.12886066547783        1.18742753016855
C           -4.27801589596950        2.46098637676576        0.96919737451094
C           -5.74732435361189        2.32682338115318        0.65000932228503
O           -2.74459695978941       -0.99819293458940        0.77910864773165
C           -1.72882085656985       -2.02364718969207        0.50606478643053
C           -1.98927950880765       -2.76085776538209       -0.78591123011300
H            5.84776937419665       -2.35979452957530       -0.74729944123399
H            4.79781623292979       -3.35943406977482       -1.78460775488930
H            6.00997316791366       -2.28760137353350       -2.51530531205692
H            3.73298763899030       -1.27830746779687       -2.70180243223422
H            4.77912731577221       -0.28672230055605       -1.64639101555368
H            2.23643421468647        0.22180694252882        2.72840377327806
H            1.31323703260009       -1.25284443967227        3.10430821797661
H            3.34664099989047       -2.64784873207627        2.57839362729163
H            4.27954528830292       -1.15804533892029        2.27958366143779
H            3.64442874277815       -1.49858179973488        3.89809191512068
H           -0.67429824278354        1.57026117065423       -1.83314821892884
H            0.77885861986430        2.15127752643284       -0.97022659214874
H           -4.11425829822906        2.99566153280879        1.90803078739363
H           -3.73390960940683        2.97508566952906        0.17055665066860
H           -6.27562712994348        1.80395781362803        1.45287524249641
H           -6.17795566524905        3.32874819658233        0.54874303801655
H           -5.89755678350671        1.78694916264377       -0.28930453111151
H           -0.74065767560344       -1.55099232745955        0.52025704508361
H           -1.80537190250528       -2.69255035741680        1.36667997849684
H           -1.81600867638689       -2.12716425504763       -1.65907599020847
H           -1.30408237260591       -3.61427898919239       -0.83722227514466
H           -3.01641690859169       -3.13956206724987       -0.81693125519001
41
 energy: -65.036764010638 gnorm: 0.029703613933 xtb: 6.7.1 (edcfbbe)
C            5.29523156160791       -2.38452196524339       -1.69044627103964
C            4.28654574701032       -1.25956347993646       -1.74845187927987
O            3.34516465040487       -1.45260263889121       -0.65498287527854
P            2.41453579687731       -0.27674244719096       -0.09054191372833
S            3.30062422142543        1.42606202151973        0.31352162153812
O            1.72122582924875       -1.02944891032932        1.13490907980586
C            2.14601155100302       -0.84794646898917        2.51626371849918
C            3.43027475338778       -1.58251085381590        2.81950366255714
S            0.82612142816673       -0.23249907993653       -1.48936262452802
C            0.03023230336117        1.34375898219390       -1.03042985106043
S           -0.78855200566932        1.30007029036758        0.59975873111931
P           -2.69647786965623        0.46516604180224        0.09987998084411
S           -3.22319861521297        0.61235869915865       -1.78430631959022
O           -3.67798375339050        1.12794354642517        1.17451857446914
C           -4.26603489902955        2.44472496231131        0.96127562482844
C           -5.73957969448124        2.32433226439813        0.64428233829320
O           -2.72557979002290       -0.98446157255860        0.77231118601364
C           -1.73145665951989       -2.01386574632378        0.50798721713957
C           -1.98784384012544       -2.75387247190193       -0.78475158414094
H            5.84191679665067       -2.35782650351493       -0.75016247442785
H            4.79408919714880       -3.34622189874234       -1.77786365855095
H            6.00160620856877       -2.27927961975349       -2.51177394436295
H            3.72030877739047       -1.27570200408585       -2.68345099506391
H            4.76172068056328       -0.28135840582216       -1.62937768025562
H            2.24451054230637        0.22483397538638        2.70701516053425
H            1.30930805313425       -1.24763067500094        3.09150733235688
H            3.33890495070248       -2.63614606183696        2.56269359334333
H            4.26109808158477       -1.15253228079582        2.26040351427543
H            3.64469225456695       -1.49473517422517        3.88401773626718
H           -0.70034945673043        1.55490950994586       -1.81485248466591
H            0.78567500670594        2.12808576165451       -0.96406185270608
H           -4.10291214151874        2.97638463499385        1.90128159281419
H           -3.72682184677911        2.95462711317536        0.15805966333527
H           -6.25742080623713        1.79628171774679        1.44244650893832
H           -6.16803447828998        3.32061874870054        0.54458010202364
H           -5.88633749032499        1.78343115848447       -0.28912927294153
H           -0.73897325983261       -1.55298605940058        0.51758785018905
H           -1.82407941367348       -2.67905859639638        1.36907001584842
H           -1.81927803248170       -2.11366011310198       -1.64932203299772
H           -1.30786818504087       -3.60271769201709       -0.84228043329456
H           -3.01257792642809       -3.12087073486731       -0.81351463357007
41
 energy: -65.038518987849 gnorm: 0.012142012567 xtb: 6.7.1 (edcfbbe)
C            5.28405794217350       -2.37411779037907       -1.68320431272445
C            4.26631271340816       -1.25049276445754       -1.73104923873856
O            3.33129616825835       -1.44273693114181       -0.64687657472034
P            2.38561343199224       -0.28600189439681       -0.09162625791790
S            3.27328441152358        1.42411715045137        0.29604556917616
O            1.70528114528021       -1.02617156070752        1.13849448774525
C            2.13596394880570       -0.84241625430613        2.50453095808853
C            3.42369000373830       -1.57842683942599        2.80274932888215
S            0.80425335117300       -0.25915157752236       -1.49638406809563
C            0.04190698439685        1.31813848759480       -1.01514262104895
S           -0.75177211175626        1.27901689921565        0.61800481676537
P           -2.66704145074495        0.46644201865835        0.11315418747985
S           -3.16422982794200        0.65250557400328       -1.77920745782592
O           -3.66115645927270        1.12410206131779        1.16355172190300
C           -4.24642131615560        2.42913751961578        0.95372833652414
C           -5.72437219202951        2.31279646943379        0.63788326123985
O           -2.71192463867242       -0.97967216459283        0.76980822977373
C           -1.73706992752813       -2.00954921962755        0.51812006871496
C           -1.98921747713979       -2.74333892090803       -0.78241719509396
H            5.82991190759432       -2.34920052961098       -0.74658833563754
H            4.78152769264652       -3.33104759293088       -1.76893326062747
H            5.98204005553013       -2.26148917023553       -2.50475232893177
H            3.70423416728306       -1.26684808353906       -2.66757701627098
H            4.74039359974680       -0.27171382132831       -1.61079895147869
H            2.24854321462080        0.23033931486618        2.68881346784970
H            1.30284808367261       -1.23662119505668        3.08807590961164
H            3.32840611457039       -2.62667637667720        2.54007526224154
H            4.24130283646338       -1.14518937899955        2.23072315550921
H            3.64627881653891       -1.48970662185235        3.86090007578967
H           -0.70775456283051        1.52721884135510       -1.77876660451445
H            0.80401711745846        2.09295248906350       -0.96124618421963
H           -4.08608170951812        2.96287652797807        1.89258225215765
H           -3.71576957564921        2.93773625818079        0.14428440731422
H           -6.23495907374155        1.78069303320215        1.43308681225581
H           -6.14810293897202        3.30589443561530        0.54035558702351
H           -5.86789975349382        1.77251746677012       -0.29317067948071
H           -0.73684666132250       -1.56608511017430        0.52910331392522
H           -1.84654902792593       -2.67671897653673        1.37504138835202
H           -1.82192818141903       -2.08993336752891       -1.63519995967297
H           -1.31089923321982       -3.58635859886013       -0.84878522698306
H           -3.01272936017054       -3.10199183293949       -0.81357430078967
41
 energy: -65.039035699508 gnorm: 0.007040307387 xtb: 6.7.1 (edcfbbe)
C            5.27477421635040       -2.36761292139547       -1.67607775593700
C            4.25395970624570       -1.24512660670191       -1.72103540549348
O            3.32668716196948       -1.44439233698791       -0.63827507016480
P            2.37237802319149       -0.29840537023970       -0.09121392028582
S            3.23773200176206        1.42600649158396        0.27718449996529
O            1.69140569718221       -1.02611827033871        1.13926428863672
C            2.12464341688402       -0.83674972638246        2.49874763162676
C            3.41637053306672       -1.57484541232207        2.78569004403945
S            0.78927352882902       -0.27323028951311       -1.49040275313775
C            0.03797088414464        1.30394334577473       -1.00150594855756
S           -0.72886689375317        1.26805061717708        0.64240614838136
P           -2.64522144432975        0.46714038688597        0.11728363155348
S           -3.12695699545575        0.67285304382941       -1.77670122987524
O           -3.64070011493523        1.12547001756495        1.15523645002725
C           -4.22590403691443        2.42517669018858        0.94630842535812
C           -5.70611148168410        2.29950866717132        0.63352148369087
O           -2.70151546041059       -0.97490416805698        0.76762743045149
C           -1.73999256848463       -2.01198513852166        0.52733414816509
C           -1.99123893334593       -2.73531012237674       -0.78202534692626
H            5.82294891205405       -2.34082566985982       -0.74009698552949
H            4.77178910197603       -3.32493476017078       -1.76217754189259
H            5.96778008816398       -2.24841583596884       -2.50074655650473
H            3.69392701902328       -1.25986270646201       -2.65943409339943
H            4.72842908047578       -0.26574248501468       -1.60032595737336
H            2.24466498214576        0.23604194515773        2.68121331271909
H            1.29642475943681       -1.22482604049401        3.09338518612212
H            3.31783302696151       -2.62298349225936        2.52174337692181
H            4.22741093045281       -1.13963658825949        2.20457943473782
H            3.64906591883259       -1.48577023127907        3.84120458557658
H           -0.72203526911274        1.52337663530562       -1.75288114165813
H            0.80958334513322        2.07057664791415       -0.96152542245104
H           -4.06707084432174        2.96590104840617        1.88139152693730
H           -3.70460993638558        2.93602033364677        0.13145601016239
H           -6.21259587880943        1.76376525836047        1.42966906656678
H           -6.13204214772409        3.29161558020319        0.53750637751230
H           -5.84735846530538        1.75946306020801       -0.29889577201676
H           -0.73101565796493       -1.58653426870337        0.54711810476821
H           -1.86302917065774       -2.68429106942386        1.37876108782785
H           -1.82126844462838       -2.06967534432140       -1.62598730102268
H           -1.31273011231677       -3.57721961812138       -0.85700929483292
H           -3.01635025037037       -3.09068332261709       -0.81850273113849
41
 energy: -65.039209281609 gnorm: 0.005375768712 xtb: 6.7.1 (edcfbbe)
C            5.26562112503392       -2.36101167516267       -1.67160779867121
C            4.24378367862937       -1.23978948401679       -1.71497573860185
O            3.31759715911502       -1.44314512745669       -0.63209400622934
P            2.36020969984369       -0.29997492385327       -0.09155184024236
S            3.22175012229104        1.42689115292752        0.27297814154660
O            1.67639011937798       -1.02043499088922        1.13899080021318
C            2.11705239507473       -0.83125499333381        2.49644249334572
C            3.41060605018000       -1.57171628997116        2.77245483962206
S            0.77926496299922       -0.28999313314254       -1.49534474063742
C            0.05127761958802        1.29716784307707       -0.99775659473957
S           -0.71629150294584        1.26267899982421        0.64330651952071
P           -2.63529134323314        0.46517552213583        0.12556943385169
S           -3.11100235210073        0.67785753866156       -1.76860991851677
O           -3.62864345804129        1.12739793403479        1.15790416618941
C           -4.21379226977935        2.42572674484091        0.94316876920597
C           -5.69357852252901        2.29057335344475        0.63119474097648
O           -2.69757173919253       -0.97520634450149        0.77259067752846
C           -1.74406010401834       -2.02035318656860        0.53526709660298
C           -1.99235259739639       -2.73144282875896       -0.78237749731813
H            5.81609900492101       -2.33306033684057       -0.73568671443158
H            4.76416679333080       -3.32035672122394       -1.75784511976190
H            5.95797948520251       -2.24033659479834       -2.49801477282003
H            3.68478545828865       -1.25182226529061       -2.65464463783224
H            4.71868400060287       -0.26016572767782       -1.59368905610110
H            2.23944645896619        0.24139998848938        2.67949455090732
H            1.29324589285181       -1.21585004183611        3.09955875003635
H            3.30831445086034       -2.62055772855603        2.50806881806853
H            4.21779264161193       -1.13633040394354        2.18461211903248
H            3.65395251972189       -1.48455509208839        3.82681783467863
H           -0.71236563330818        1.52857037418438       -1.74287855738323
H            0.82937276366681        2.05882860899562       -0.96438591517559
H           -4.05490687659392        2.97427786886660        1.87372938191802
H           -3.69597488661116        2.93518010549587        0.12456799296774
H           -6.19704006865207        1.75196202799091        1.42872320467494
H           -6.12600315654657        3.28112981226601        0.53426026054322
H           -5.83109057803201        1.74859133105262       -0.30189074738560
H           -0.72968577618730       -1.60687742681628        0.56674495196892
H           -1.87837557528178       -2.69811024283952        1.38108862015097
H           -1.81878494924079       -2.05622121838554       -1.61918043929527
H           -1.31349381286458       -3.57384288301208       -0.86536899742950
H           -3.01864897223208       -3.08617157173779       -0.82581904742707
41
 energy: -65.039300197961 gnorm: 0.003827723779 xtb: 6.7.1 (edcfbbe)
C            5.26127653919374       -2.35779936113199       -1.66966561859676
C            4.23869841977596       -1.23864200834853       -1.71094915211695
O            3.31335433274323       -1.44654268066616       -0.62599558702386
P            2.35383735142042       -0.30339157266846       -0.09058910328841
S            3.21359311625571        1.42514736859794        0.26911881173871
O            1.66545064276045       -1.01802665124905        1.14065988519115
C            2.11309669873753       -0.82849756466140        2.49769774958325
C            3.40738473680318       -1.56963090968955        2.76479837332947
S            0.77802332091054       -0.28726344900620       -1.49941089275789
C            0.05098480692511        1.29919282169050       -0.99866279410133
S           -0.71108340654320        1.26502425629152        0.64505631936591
P           -2.62882760899802        0.46385255947172        0.12930544927939
S           -3.10905401275099        0.67467442933709       -1.76367108982741
O           -3.61685141263812        1.13103456560599        1.16225547824449
C           -4.20532218779717        2.42838582729060        0.94048339004308
C           -5.68394487091247        2.28524818153546        0.63000789404707
O           -2.69336869623291       -0.97521446373171        0.77768259690960
C           -1.74632727159077       -2.02875869501614        0.53967174872564
C           -1.99234877047640       -2.72966591847773       -0.78334933861286
H            5.81325104660705       -2.32921032136333       -0.73405237881963
H            4.76168105707872       -3.31873028898069       -1.75541707837280
H            5.95369499628222       -2.23730749700562       -2.49694432865989
H            3.67773016354871       -1.24840681724806       -2.64975764650035
H            4.71167458728817       -0.25813416603620       -1.58808991722574
H            2.23468728556458        0.24449994226394        2.67950274822877
H            1.29217726221908       -1.21216043110062        3.10516951947452
H            3.30218103746536       -2.61883323320304        2.50073066537849
H            4.21171987779454       -1.13486459784899        2.17203963530868
H            3.65879477606665       -1.48403588955253        3.81809333588814
H           -0.71030064987867        1.53862291095032       -1.74363719547493
H            0.83360097130472        2.05662825026188       -0.96570241938859
H           -4.04572876510368        2.98313679510304        1.86729950036421
H           -3.68857601518527        2.93437853549133        0.11885337902125
H           -6.18428573663037        1.74482181514414        1.42889094001705
H           -6.12394617538103        3.27323810905616        0.53147742649620
H           -5.81881862480385        1.74077182932886       -0.30248357379448
H           -0.72922575237449       -1.62296420489756        0.58144938725827
H           -1.89179814089428       -2.70975156010785        1.38133821870418
H           -1.81537159400939       -2.04913667224228       -1.61527801506993
H           -1.31413280908692       -3.57299602987618       -0.87133574357285
H           -3.01914229808697       -3.08386523972434       -0.83277855584220
41
 energy: -65.039359244716 gnorm: 0.002623395658 xtb: 6.7.1 (edcfbbe)
C            5.25662105201473       -2.35511715041914       -1.66817873802915
C            4.23324001931610       -1.23818920902464       -1.70699256231691
O            3.30810731062662       -1.44937522305864       -0.61984777492156
P            2.34936421154709       -0.30332955250534       -0.08881918544469
S            3.21379006579985        1.42329166714818        0.27041149157363
O            1.65364381763312       -1.01276017318890        1.14219837858146
C            2.10960871994822       -0.82611068788289        2.49916727602794
C            3.40417216105481       -1.56758239493571        2.75705652448455
S            0.77647945075026       -0.28509885044749       -1.50047587021937
C            0.05247658307778        1.30355305280274       -1.00232031185600
S           -0.70701444946868        1.26827629594364        0.64220648207016
P           -2.62449391626377        0.46222257149005        0.13293883096623
S           -3.11192662932483        0.66767158330251       -1.75904568275013
O           -3.60523708391797        1.13527791291363        1.16950689881183
C           -4.19778188100131        2.43114833697187        0.93816336290138
C           -5.67466800101136        2.28016617022423        0.62890602420650
O           -2.68767352560705       -0.97530830263143        0.78521646747604
C           -1.74788976495209       -2.03744316973869        0.54351275138190
C           -1.99160825249911       -2.72730844706151       -0.78449194191070
H            5.81014504398507       -2.32635722934844       -0.73346366360882
H            4.75896328435324       -3.31710960684953       -1.75339374116765
H            5.94850874999004       -2.23453834774261       -2.49608230114441
H            3.66926386464378       -1.24583180036651       -2.64395602135082
H            4.70349946924381       -0.25685620313582       -1.58130003187471
H            2.23024866627659        0.24701119294894        2.68039752389176
H            1.29119324581138       -1.21094734676032        3.10890626417896
H            3.29636521666593       -2.61652392241272        2.49300137473633
H            4.20534502879945       -1.13332777901602        2.15997056391999
H            3.66280751631438       -1.48373709006087        3.80875979696694
H           -0.70636177837606        1.54605737404187       -1.74831055660967
H            0.83747027118631        2.05843768377261       -0.96768830276522
H           -4.03796680033781        2.99198227211718        1.86121179852441
H           -3.68049970475148        2.93120319517440        0.11330047210317
H           -6.17138671653485        1.73868368468589        1.42925097981221
H           -6.12176958196816        3.26485376489732        0.52818464071552
H           -5.80693765112449        1.73267781663606       -0.30212321590395
H           -0.72870114179132       -1.63935098542356        0.59591666666091
H           -1.90701972157975       -2.72149209339105        1.38018958691029
H           -1.81064883586542       -2.04233681257857       -1.61142031973547
H           -1.31477075629775       -3.57146592500190       -0.87631414655670
H           -3.01851932899467       -3.08018829850255       -0.84033776518548
41
 energy: -65.039378302646 gnorm: 0.001957597664 xtb: 6.7.1 (edcfbbe)
C            5.25405913446377       -2.35441909281149       -1.66733980741088
C            4.22986405868649       -1.23847536647260       -1.70421869175589
O            3.30479621906970       -1.45074729091915       -0.61648601536807
P            2.34692204818826       -0.30257767544769       -0.08752301361689
S            3.21542604682997        1.42238020020585        0.27203472318561
O            1.64751565771851       -1.00940116194999        1.14365328843953
C            2.10785651073305       -0.82550262969561        2.50005879098534
C            3.40290277658777       -1.56672214450227        2.75315039992548
S            0.77651622972841       -0.28335720606498       -1.50170334894057
C            0.05299349199173        1.30570608203042       -1.00506020188630
S           -0.70413569859693        1.27198042213533        0.64049898697141
P           -2.62129057280545        0.46204886166013        0.13509488959283
S           -3.11363156156971        0.66353215542768       -1.75625199890728
O           -3.59938522266380        1.13719642547829        1.17385819999096
C           -4.19432193491501        2.43142057034946        0.93691016388807
C           -5.67045754682383        2.27726456904547        0.62781906690910
O           -2.68267763063545       -0.97452344342039        0.79032080598947
C           -1.74789960547372       -2.04089438246650        0.54562111161967
C           -1.99047730175500       -2.72457092201270       -0.78523527035666
H            5.80848627540363       -2.32585725133803       -0.73348755205216
H            4.75697854815813       -3.31639849132742       -1.75239581131520
H            5.94462019954876       -2.23275555029725       -2.49581885900483
H            3.66460188665346       -1.24584167388309       -2.64014164208738
H            4.69882006883658       -0.25685027175983       -1.57724104087750
H            2.22834070473065        0.24739647340155        2.68207508303894
H            1.29079114354894       -1.21238464350875        3.11015822471679
H            3.29436465723193       -2.61512721755730        2.48846222847750
H            4.20165769579713       -1.13188529922495        2.15365745378576
H            3.66473590458979       -1.48352983527422        3.80372837743571
H           -0.70663655598987        1.54586714245664       -1.75077435055707
H            0.83757071737193        2.06082964272691       -0.97093362433608
H           -4.03563437344351        2.99502233141126        1.85829949397278
H           -3.67644529419699        2.92824738661228        0.11068547477536
H           -6.16517961253058        1.73570072170841        1.42895594959018
H           -6.11974276844249        3.26032844860363        0.52591910514770
H           -5.80154475207633        1.72810815190924       -0.30209013569875
H           -0.72744845817924       -1.64782848337136        0.60305000359878
H           -1.91507498733990       -2.72674384691637        1.37887646816944
H           -1.80657725801539       -2.03719199618428       -1.60916553153087
H           -1.31517233567095       -3.56941819787662       -0.87852234598513
H           -3.01764827737385       -3.07519753729345       -0.84468702496816
41
 energy: -65.039389298939 gnorm: 0.001179347156 xtb: 6.7.1 (edcfbbe)
C            5.25139885510439       -2.35490119619065       -1.66621250235075
C            4.22618704656479       -1.23940421811166       -1.70098473177412
O            3.30180034768576       -1.45211147064611       -0.61300516153994
P            2.34517313735088       -0.30145568870761       -0.08569123469395
S            3.21679788989637        1.42197553223011        0.27420540349497
O            1.64237759495789       -1.00606352790690        1.14559857699496
C            2.10584948886201       -0.82597322821995        2.50106534255266
C            3.40236719235884       -1.56621103064492        2.74935769640089
S            0.77661362010972       -0.28216302984375       -1.50108030568201
C            0.05295300913096        1.30812829401616       -1.00959053918597
S           -0.70156240219698        1.27739619852868        0.63715179684860
P           -2.61783066002925        0.46234519765322        0.13787133645530
S           -3.11407335355966        0.65993635696808       -1.75284270883352
O           -3.59505136845446        1.13822102216653        1.17860102851236
C           -4.19173364839644        2.43028712254910        0.93632330686782
C           -5.66745807420928        2.27365520048972        0.62611300904870
O           -2.67561343021328       -0.97294576937796        0.79707915110437
C           -1.74664887708007       -2.04271956813323        0.54854786779815
C           -1.98843181834565       -2.71920379773519       -0.78616717636429
H            5.80712388701689       -2.32671802737130       -0.73349086407398
H            4.75441164414724       -3.31657610793688       -1.75125939170806
H            5.93968055617385       -2.23124497224660       -2.49576194045408
H            3.66023705294773       -1.24727916535932       -2.63620436663683
H            4.69457126894682       -0.25773144132926       -1.57360605063381
H            2.22609008912451        0.24634732478180        2.68587023495149
H            1.29040274450248       -1.21630349118448        3.11114160753363
H            3.29424999006319       -2.61402320957370        2.48342725153721
H            4.19813119627535       -1.12952487683260        2.14755784961926
H            3.66706736891008       -1.48348188101194        3.79879931869327
H           -0.70932471576232        1.54253423106105       -1.75432620393316
H            0.83575768038331        2.06498636597803       -0.97851714004739
H           -4.03575556474414        2.99658792196847        1.85635596993064
H           -3.67333239318797        2.92478938257274        0.10928953504819
H           -6.16109137739449        1.73258224975410        1.42787042218428
H           -6.11727649595333        3.25569923255712        0.52271757907624
H           -5.79731107725842        1.72280793979851       -0.30269372971448
H           -0.72441698645636       -1.65595258878576        0.61054967223525
H           -1.92160541085327       -2.73138226823382        1.37726660336699
H           -1.79981147323290       -2.02894257890279       -1.60645330868121
H           -1.31594117144266       -3.56569806061710       -0.88096226769414
H           -3.01653313437158       -3.06544040458370       -0.85009891270277
41
 energy: -65.039394115607 gnorm: 0.000603413208 xtb: 6.7.1 (edcfbbe)
C            5.25054053849110       -2.35578925845385       -1.66571806134654
C            4.22532447765817       -1.23981916240955       -1.70039973187952
O            3.30118194713067       -1.45168278946950       -0.61261893823901
P            2.34469425215321       -0.30057870361535       -0.08517999440598
S            3.21632207915803        1.42263146268701        0.27480042069729
O            1.64250495642428       -1.00569699139241        1.14626765711933
C            2.10558748089725       -0.82716973996489        2.50148192547252
C            3.40323344480545       -1.56640146349556        2.74909253573556
S            0.77652815907960       -0.28335052117830       -1.50137778468782
C            0.05221538298640        1.30712965320885       -1.01060720449127
S           -0.70121243201182        1.28028200556834        0.63707644488988
P           -2.61678960446798        0.46318343171906        0.13776530670699
S           -3.11605243065942        0.65875215980294       -1.75221347380599
O           -3.59499634932752        1.13793132816457        1.17884166703894
C           -4.19211988884172        2.42931483017936        0.93678608843692
C           -5.66801157206046        2.27249907007707        0.62541541450774
O           -2.67256578263273       -0.97140615927601        0.79899935827723
C           -1.74511678603190       -2.04148229394021        0.54941274428976
C           -1.98715628126487       -2.71599819358651       -0.78661299045409
H            5.80670736781042       -2.32770673898313       -0.73318534052624
H            4.75333756568395       -3.31744383102201       -1.75072867427979
H            5.93841511727236       -2.23199311086076       -2.49563592265677
H            3.65986675831205       -1.24812943165333       -2.63599517463832
H            4.69456099974137       -0.25839327851294       -1.57397884886049
H            2.22497999485967        0.24486422309065        2.68858319717760
H            1.29081882433836       -1.21920582583294        3.11148896836573
H            3.29624597771436       -2.61426405862889        2.48253393537029
H            4.19828428218339       -1.12831562107310        2.14724892489109
H            3.66827383733861       -1.48390140613453        3.79856500510186
H           -0.71108877283773        1.53980396136552       -1.75499196371658
H            0.83417783045943        2.06503407163855       -0.98245962251709
H           -4.03754641508287        2.99590819553083        1.85691144912972
H           -3.67396881455131        2.92489809524099        0.11021377671654
H           -6.16259752613725        1.73184558766605        1.42701308430188
H           -6.11738257236457        3.25484043154413        0.52128288421299
H           -5.79730510184941        1.72136265237163       -0.30338927023477
H           -0.72216542738946       -1.65656342186758        0.61195424041943
H           -1.92063696679155       -2.73152607526773        1.37680172713485
H           -1.79572631374143       -2.02513179516240       -1.60581757754911
H           -1.31670076210483       -3.56416535355072       -0.88175717918933
H           -3.01622324697876       -3.05933796093715       -0.85205697896468
41
 energy: -65.039396289519 gnorm: 0.000846424931 xtb: 6.7.1 (edcfbbe)
C            5.24978960144213       -2.35709350527062       -1.66516307130819
C            4.22496860918578       -1.24055023895802       -1.70004563996372
O            3.30169494324950       -1.45170391869294       -0.61200736433424
P            2.34465904578882       -0.30076095014886       -0.08448477244693
S            3.21387016701639        1.42369767723779        0.27417516200878
O            1.64329709993981       -1.00649649582315        1.14701062148548
C            2.10542121774813       -0.82904284985430        2.50214095946058
C            3.40453426473803       -1.56657161928650        2.74901653143528
S            0.77627216067817       -0.28367255430178       -1.49993359296188
C            0.05135318613115        1.30803264933103       -1.01369995241826
S           -0.70218085105365        1.28369555074165        0.63387342057218
P           -2.61701554725235        0.46332879773733        0.13889663430037
S           -3.11581805690185        0.65819463395369       -1.75117218811508
O           -3.59635411129524        1.13712277763222        1.17976657880620
C           -4.19329033025536        2.42819105650821        0.93815670087627
C           -5.66903503480839        2.27120983643220        0.62465173968731
O           -2.67004260100564       -0.97056333358237        0.80198429281095
C           -1.74353571329833       -2.04037115892957        0.55072604139643
C           -1.98556778673615       -2.71206049310499       -0.78709080469332
H            5.80625857833811       -2.32890302655324       -0.73265995312185
H            4.75219487537697       -3.31874780953294       -1.74981403210820
H            5.93761867836275       -2.23387511338973       -2.49539580337966
H            3.65956824379162       -1.24908514927036       -2.63587025230751
H            4.69510523314962       -0.25928299376719       -1.57484080686127
H            2.22309596657031        0.24287053695282        2.69159622337131
H            1.29147886574132       -1.22315997198146        3.11203250869257
H            3.29917901972121       -2.61457810737966        2.48174036208924
H            4.19892475157528       -1.12670184374872        2.14742527003200
H            3.66976073021110       -1.48451023905883        3.79865763370347
H           -0.71220231775242        1.53921324805860       -1.75831519347816
H            0.83320912058851        2.06616020374341       -0.98788696065912
H           -4.04016879785343        2.99483058983674        1.85858080602898
H           -3.67498428949386        2.92523077973159        0.11239364839441
H           -6.16530411399586        1.73106273618838        1.42574615140727
H           -6.11811374348715        3.25385387509040        0.51925244448794
H           -5.79694300525789        1.71968535840648       -0.30427016691265
H           -0.72002492888058       -1.65677505729379        0.61434491155594
H           -1.91913557047571       -2.73238162330231        1.37662381718701
H           -1.79022843140028       -2.02043807916924       -1.60485199310947
H           -1.31797510391063       -3.56261238914105       -0.88277079290219
H           -3.01589579685941       -3.05161381245472       -0.85470709515751
41
 energy: -65.039397638500 gnorm: 0.000456762911 xtb: 6.7.1 (edcfbbe)
C            5.24917393769759       -2.35716233722712       -1.66490961056262
C            4.22473485615533       -1.24050254674138       -1.70006312602949
O            3.30135074509670       -1.45126886991933       -0.61184040687468
P            2.34410821151833       -0.30041658354240       -0.08447557035589
S            3.21377418105223        1.42377125002908        0.27451714246920
O            1.64291712379751       -1.00635081582277        1.14699577153933
C            2.10553777264389       -0.82940887254337        2.50228470070585
C            3.40484588530608       -1.56641557254418        2.74871345231828
S            0.77567113982698       -0.28435432867657       -1.50012223818929
C            0.05126131470870        1.30762098728980       -1.01375538371596
S           -0.70206220716852        1.28440933669650        0.63393470275133
P           -2.61694475432393        0.46351149119445        0.13856760965534
S           -3.11753570418902        0.65687462966094       -1.75117477719954
O           -3.59564426514442        1.13748719483794        1.17976722427230
C           -4.19334339747285        2.42843260283706        0.93829173456009
C           -5.66878253038565        2.27081671775515        0.62444881507419
O           -2.66931464247905       -0.97003548783868        0.80247304902385
C           -1.74309437367828       -2.04032203875325        0.55071567442507
C           -1.98509504285371       -2.71120322577104       -0.78727521908598
H            5.80553352815004       -2.32889057409211       -0.73234659655233
H            4.75145450028076       -3.31875957396565       -1.74930760504371
H            5.93732351950785       -2.23460910630343       -2.49499773221183
H            3.65906117450726       -1.24885334680868       -2.63571976701837
H            4.69494430479233       -0.25926729734732       -1.57485871647751
H            2.22251509256203        0.24256132797126        2.69196798725022
H            1.29181542638958       -1.22420264043639        3.11201276843923
H            3.29987186472664       -2.61436883082245        2.48115214038232
H            4.19911652066966       -1.12613532674851        2.14733286654518
H            3.67006689522512       -1.48472733634526        3.79836800502185
H           -0.71181671012608        1.53911160754574       -1.75876211345761
H            0.83351000150226        2.06533248428218       -0.98788324698786
H           -4.04038934599652        2.99474044275743        1.85894447538703
H           -3.67483673765485        2.92573646202220        0.11279150731636
H           -6.16516553584374        1.73062787537120        1.42541892565739
H           -6.11841233032393        3.25313044516469        0.51867888408035
H           -5.79611872195365        1.71910841516673       -0.30440533496716
H           -0.71958453291022       -1.65685924423692        0.61500676016675
H           -1.91930515516614       -2.73255656927920        1.37641073135537
H           -1.78841320366279       -2.01970125624888       -1.60471214151081
H           -1.31854756689979       -3.56254035750906       -0.88276363008493
H           -3.01574301051317       -3.04953315747222       -0.85560968852053
41
 energy: -65.039397495315 gnorm: 0.000507583247 xtb: 6.7.1 (edcfbbe)
C            5.24857847613717       -2.35722356740535       -1.66466628473578
C            4.22450616761518       -1.24045303549758       -1.70008088832736
O            3.30101199899166       -1.45084391340396       -0.61168286359975
P            2.34357363630331       -0.30007404111113       -0.08446977929337
S            3.21369689579522        1.42383927937279        0.27485539564466
O            1.64254848481143       -1.00620237004538        1.14697870151945
C            2.10565023185061       -0.82975805498653        2.50242031792587
C            3.40514304525635       -1.56626600396290        2.74842209993304
S            0.77508393761528       -0.28502505610257       -1.50030982898666
C            0.05117096611425        1.30720948234464       -1.01379301256587
S           -0.70194111571059        1.28509235742918        0.63401704044776
P           -2.61687133635839        0.46369106899122        0.13823564059457
S           -3.11922533849035        0.65558767524610       -1.75118226136659
O           -3.59495009666913        1.13784116243154        1.17976042572860
C           -4.19338857527714        2.42866643638713        0.93841537803684
C           -5.66853583358347        2.27043934099251        0.62425670457744
O           -2.66860511413690       -0.96952022788805        0.80293787326232
C           -1.74266547402528       -2.04027350602864        0.55070171435449
C           -1.98464086066244       -2.71038022154222       -0.78745319852342
H            5.80483295893436       -2.32887415549162       -0.73204546014048
H            4.75074261974311       -3.31876788741147       -1.74882187883322
H            5.93703927557695       -2.23531212517985       -2.49461382155582
H            3.65857065873362       -1.24862455495160       -2.63557716722117
H            4.69478595740650       -0.25924863446340       -1.57487583503514
H            2.22195749817327        0.24226697011362        2.69232448692391
H            1.29213930804861       -1.22520000159744        3.11199275377230
H            3.30053151605356       -2.61416910321559        2.48059196537958
H            4.19930034771212       -1.12559704496298        2.14724305137322
H            3.67035998825176       -1.48493500626358        3.79808918000404
H           -0.71144291878112        1.53900864224027       -1.75917851414105
H            0.83379999161256        2.06451897819049       -0.98786528574872
H           -4.04058818542034        2.99466022401052        1.85928397253383
H           -3.67469417198016        2.92622167477026        0.11316221351752
H           -6.16502712861495        1.73021144777545        1.42510908528178
H           -6.11869847064841        3.25243475326459        0.51813156278044
H           -5.79532686436869        1.71855523809310       -0.30453202670473
H           -0.71915504625444       -1.65694138970819        0.61563766926964
H           -1.91946441234945       -2.73272318735399        1.37620470598431
H           -1.78667372518757       -2.01899481784298       -1.60457889968501
H           -1.31909586308167       -3.56246989978785       -0.88275921905657
H           -3.01559520176588       -3.04753895186236       -0.85647368977416
41
 energy: -65.039398163465 gnorm: 0.000180913534 xtb: 6.7.1 (edcfbbe)
C            5.24866098122679       -2.35743534744126       -1.66461534071553
C            4.22464452216581       -1.24052096809720       -1.70005176862906
O            3.30125657761014       -1.45089439957476       -0.61167319576051
P            2.34362096521511       -0.30049076107143       -0.08440090691730
S            3.21297276903948        1.42402570197158        0.27446593640975
O            1.64280270619300       -1.00660038776153        1.14705855505532
C            2.10568888429617       -0.82991508805750        2.50244119836506
C            3.40531962617977       -1.56625364965759        2.74848213112073
S            0.77524853440143       -0.28480048060689       -1.50021686588717
C            0.05120168741886        1.30735923864465       -1.01403384104759
S           -0.70194074223301        1.28505651985298        0.63366396962856
P           -2.61689151414997        0.46367827469598        0.13869811272443
S           -3.11775810084479        0.65638292397678       -1.75111198893995
O           -3.59537004896846        1.13770718542805        1.17972049057079
C           -4.19366080579673        2.42856332872892        0.93861360525662
C           -5.66877805229291        2.27046791162479        0.62409179993871
O           -2.66894873950524       -0.96966462062812        0.80290002423659
C           -1.74278369752903       -2.04008302499437        0.55074905500783
C           -1.98458767233465       -2.71031233905093       -0.78742702944879
H            5.80484828696032       -2.32908831917321       -0.73197907286771
H            4.75058910841101       -3.31883541295315       -1.74874051851540
H            5.93701216616333       -2.23545378970188       -2.49459142073114
H            3.65879708562229       -1.24880905253033       -2.63556899067746
H            4.69500945478096       -0.25935636619475       -1.57492861156270
H            2.22203217514401        0.24209525169994        2.69224591133155
H            1.29216680779843       -1.22543342784648        3.11194928587446
H            3.30095148912358       -2.61409444653892        2.48036150795525
H            4.19939173108315       -1.12525983460580        2.14739475904976
H            3.67036668300006       -1.48496036713119        3.79818423171755
H           -0.71176662376446        1.53878149090724       -1.75919191550594
H            0.83373827461278        2.06474367786849       -0.98823598275869
H           -4.04123180727227        2.99418809039031        1.85975993566210
H           -3.67482635713517        2.92644408561937        0.11368884872905
H           -6.16531011679795        1.73016461617245        1.42484775047464
H           -6.11874698876641        3.25251382806214        0.51797876695918
H           -5.79541406318972        1.71858997961929       -0.30471755401677
H           -0.71934525934692       -1.65657661446906        0.61548414350010
H           -1.91932796238633       -2.73244010871630        1.37623960011047
H           -1.78625100233551       -2.01900680897525       -1.60458804981493
H           -1.31928850613680       -3.56261041541626       -0.88252007685779
H           -3.01565422828963       -3.04703810048262       -0.85661446547330
41
 energy: -65.039398334716 gnorm: 0.000069697310 xtb: 6.7.1 (edcfbbe)
C            5.24858739579509       -2.35774941696951       -1.66450535386763
C            4.22479543006769       -1.24060666532689       -1.70006546679589
O            3.30141148325290       -1.45081594456079       -0.61160899387808
P            2.34374079999307       -0.30056849287200       -0.08432767978503
S            3.21276080909325        1.42404275551311        0.27464928160684
O            1.64290487808136       -1.00675017329938        1.14703999997379
C            2.10575650082597       -0.83011784235350        2.50251509391988
C            3.40559327138079       -1.56615681305765        2.74838793840265
S            0.77520270829746       -0.28482580056956       -1.49984798959366
C            0.05111301448743        1.30745378580503       -1.01421857083472
S           -0.70199842667013        1.28494590460934        0.63348328196729
P           -2.61703716851784        0.46379203090060        0.13879403119557
S           -3.11760890295218        0.65648739003470       -1.75108397831114
O           -3.59541931778241        1.13786108718017        1.17975676241440
C           -4.19392248698568        2.42873430445167        0.93888768993442
C           -5.66889603232385        2.27035098800620        0.62383616757147
O           -2.66910722246601       -0.96958077809644        0.80291414791629
C           -1.74274326389753       -2.03989992330182        0.55073928192826
C           -1.98443497509412       -2.71001948794581       -0.78751867026977
H            5.80475722592586       -2.32944658993861       -0.73185171082470
H            4.75026547597688       -3.31902810368349       -1.74857700339057
H            5.93693702010557       -2.23591871273530       -2.49449573472291
H            3.65891820113796       -1.24891390082111       -2.63554872208013
H            4.69529152001690       -0.25951393460350       -1.57499157213935
H            2.22185564989507        0.24187243629724        2.69243873679742
H            1.29231987554828       -1.22596075149462        3.11191870280801
H            3.30162039980098       -2.61393802044463        2.47986018011700
H            4.19960769131420       -1.12466520586397        2.14757768544510
H            3.67049439428219       -1.48514652802989        3.79815931233862
H           -0.71196168587260        1.53863262796290       -1.75933699018521
H            0.83356402593194        2.06491971939250       -0.98851801803167
H           -4.04198326871991        2.99395620405221        1.86036645457096
H           -3.67488289937739        2.92703836136682        0.11437392629839
H           -6.16558524872954        1.72995303560838        1.42443963610207
H           -6.11896616656220        3.25233877988632        0.51759384140867
H           -5.79516982354083        1.71845417754105       -0.30502275517724
H           -0.71935194668896       -1.65628756484283        0.61556375781700
H           -1.91934082206782       -2.73230395605516        1.37612825737167
H           -1.78511106532562       -2.01899027503430       -1.60469769494816
H           -1.31979021881271       -3.56289320189490       -0.88218173724595
H           -3.01574860145297       -3.04590753122638       -0.85721350227316
41
 energy: -65.039398421929 gnorm: 0.000095158823 xtb: 6.7.1 (edcfbbe)
C            5.24846395724567       -2.35806916313762       -1.66438364425092
C            4.22489248860410       -1.24071247614443       -1.69996533324672
O            3.30147285104397       -1.45073330035685       -0.61146628677427
P            2.34374114060762       -0.30061718330354       -0.08422532383906
S            3.21261898918483        1.42413867638645        0.27474756853331
O            1.64290264106482       -1.00684802532750        1.14709454520194
C            2.10582963770903       -0.83034043562025        2.50260210056746
C            3.40591123714634       -1.56601217558536        2.74822473955721
S            0.77535507451163       -0.28476971212984       -1.49997075594336
C            0.05109234268931        1.30738178083989       -1.01429852440694
S           -0.70196321733070        1.28499477946748        0.63343373996687
P           -2.61712288221822        0.46395691955235        0.13891666757683
S           -3.11766763751314        0.65674267567166       -1.75100915432875
O           -3.59533744271793        1.13807440048566        1.17990623202960
C           -4.19416887023454        2.42887343352329        0.93921038977095
C           -5.66895887545345        2.27019449899207        0.62350028618419
O           -2.66929683009539       -0.96947117639154        0.80290785042801
C           -1.74282302848674       -2.03974030204816        0.55072042712784
C           -1.98427297710960       -2.70970578843011       -0.78765811796660
H            5.80463133886823       -2.32985407769124       -0.73173613808133
H            4.74992168944583       -3.31922928791981       -1.74840471200798
H            5.93683700667566       -2.23643725870588       -2.49437907499271
H            3.65897916473863       -1.24895922655151       -2.63542155327887
H            4.69554755727667       -0.25970554896244       -1.57490177041292
H            2.22159269622405        0.24164758815713        2.69268203697748
H            1.29254640782873       -1.22657685070533        3.11194263394488
H            3.30232955959932       -2.61369587386571        2.47919424109410
H            4.19981659446766       -1.12394717754529        2.14768997149280
H            3.67069627406419       -1.48541331644187        3.79805613294637
H           -0.71205013702036        1.53847262177130       -1.75936533415226
H            0.83347741244748        2.06490847409611       -0.98867240101533
H           -4.04277462920070        2.99372145429843        1.86100723748716
H           -3.67489034664305        2.92761620449178        0.11512276483978
H           -6.16587874578647        1.72965741474192        1.42385611849525
H           -6.11921266390001        3.25207895284553        0.51708937109830
H           -5.79469466317589        1.71831238369138       -0.30543501078983
H           -0.71948150645177       -1.65604500648043        0.61576761793480
H           -1.91957641514793       -2.73224921030738        1.37598843990718
H           -1.78380116592569       -2.01895202325260       -1.60479430301383
H           -1.32039651496169       -3.56323467840226       -0.88183058557707
H           -3.01584928469996       -3.04462501011931       -0.85793106553279
