----------------------------------------------- 
  Element       SASA      Sigma Z        Total  
     Z         Ang**2 cal/Ang**2/mol   kcal/mol 
----------------------------------------------- 
      H        208.227      48.690      10.139
      C         56.693     129.740       7.355
      O         63.268       0.000       0.000
      P          1.252       0.000       0.000
      S         54.971      -9.100      -0.500

 Subtotal:     384.410                  16.994
 -----------------------------------------------

  Elements    COT*SASA   Sigma Z,Z'     Total   
    Z,Z'       Ang**2  cal/Ang**2/mol kcal/mol  
 ---------------------------------------------- 
  H   C        140.385     -60.770      -8.531
  H   O          0.000       0.000       0.000
  C   C         25.429     -72.950      -1.855
  O   C         25.466      68.690       1.749
  O   O          0.000       0.000       0.000
  O   P         12.144      68.850       0.836

 Subtotal:                              -7.801
 ---------------------------------------------- 

 NONAQUEOUS SOLVENT CONTRIBUTION (kcal/mol):
 (proportional to SASA, atomic number independent)
 ---------------------------------------------- 
 Subtotal:                               0.000
 ---------------------------------------------- 

 CDS TOTAL (kcal/mol):                   9.193
...............................................................................
