----------------------------------------------- 
  Element       SASA      Sigma Z        Total  
     Z         Ang**2 cal/Ang**2/mol   kcal/mol 
----------------------------------------------- 
      H        114.590      48.690       5.579
      C          8.225     129.740       1.067
      O         73.632       0.000       0.000

 Subtotal:     196.446                   6.646
 -----------------------------------------------

  Elements    COT*SASA   Sigma Z,Z'     Total   
    Z,Z'       Ang**2  cal/Ang**2/mol kcal/mol  
 ---------------------------------------------- 
  H   C         44.658     -60.770      -2.714
  H   O         34.204       0.000       0.000
  C   C          6.350     -72.950      -0.463
  O   C          2.121      68.690       0.146
  O   O          0.000       0.000       0.000

 Subtotal:                              -3.031
 ---------------------------------------------- 

 NONAQUEOUS SOLVENT CONTRIBUTION (kcal/mol):
 (proportional to SASA, atomic number independent)
 ---------------------------------------------- 
 Subtotal:                               0.000
 ---------------------------------------------- 

 CDS TOTAL (kcal/mol):                   3.615
...............................................................................
