----------------------------------------------- 
  Element       SASA      Sigma Z        Total  
     Z         Ang**2 cal/Ang**2/mol   kcal/mol 
----------------------------------------------- 
      H        243.178      48.690      11.840
      C         56.146     129.740       7.284
      O         30.483       0.000       0.000
      P          2.107       0.000       0.000
      S        112.650      -9.100      -1.025

 Subtotal:     444.564                  18.100
 -----------------------------------------------

  Elements    COT*SASA   Sigma Z,Z'     Total   
    Z,Z'       Ang**2  cal/Ang**2/mol kcal/mol  
 ---------------------------------------------- 
  H   C        163.532     -60.770      -9.938
  H   O          0.000       0.000       0.000
  C   C         32.578     -72.950      -2.377
  O   C          0.000      68.690       0.000
  O   O          0.000       0.000       0.000
  O   P         20.888      68.850       1.438

 Subtotal:                             -10.876
 ---------------------------------------------- 

 NONAQUEOUS SOLVENT CONTRIBUTION (kcal/mol):
 (proportional to SASA, atomic number independent)
 ---------------------------------------------- 
 Subtotal:                               0.000
 ---------------------------------------------- 

 CDS TOTAL (kcal/mol):                   7.223
...............................................................................
