2025-04-03 19:41:17,337 -     censo.parallel     -  DEBUG   - Free cores decreased 1 -> 0.
2025-04-03 19:41:17,342 -   censo.qm_processor   -  DEBUG   - worker3634375:Running on 1 cores.
2025-04-03 19:41:18,463 -   censo.qm_processor   -   INFO   - worker3634375:Running xtb_gsolv calculation in /srv/scratch/z5358697/.automated/3868/0_PRESCREENING/CONF1/xtb_gsolv.
2025-04-03 19:41:18,480 -   censo.qm_processor   -  DEBUG   - worker3634375:Running ['/srv/scratch/z5358697/.xtb/bin/xtb', 'gas.coord', '--gfn2', '--sp', '--chrg', '0', '--norestart', '--parallel', '1']...
2025-04-03 19:41:18,491 -   censo.qm_processor   -  DEBUG   - worker3634375:Started (PID: 3634380).
2025-04-03 19:41:18,545 -   censo.qm_processor   -  DEBUG   - worker3634375:Done.
2025-04-03 19:41:18,573 -   censo.qm_processor   -  DEBUG   - worker3634375:Running ['/srv/scratch/z5358697/.xtb/bin/xtb', 'solv.coord', '--gfn2', '--sp', '--chrg', '0', '--norestart', '--parallel', '1', '--alpb', 'water', 'reference', '-I', 'xtb_sp-xcontrol-inp']...
2025-04-03 19:41:18,576 -   censo.qm_processor   -  DEBUG   - worker3634375:Started (PID: 3634381).
2025-04-03 19:41:18,637 -   censo.qm_processor   -  DEBUG   - worker3634375:Done.
2025-04-03 19:41:18,639 -     censo.parallel     -  DEBUG   - Free cores increased 0 -> 1.
2025-04-03 19:41:18,646 -     censo.parallel     -  DEBUG   - Checking for failed jobs...
2025-04-03 19:41:18,646 -     censo.parallel     -   INFO   - All jobs executed successfully.
2025-04-03 19:41:18,653 -     censo.parallel     -  DEBUG   - Free cores decreased 1 -> 0.
2025-04-03 19:41:18,657 -   censo.qm_processor   -  DEBUG   - worker3634395:Running on 1 cores.
2025-04-03 19:41:18,662 -   censo.qm_processor   -   INFO   - worker3634395:Running sp calculation in /srv/scratch/z5358697/.automated/3868/0_PRESCREENING/CONF1/sp.
2025-04-03 19:41:18,676 -   censo.qm_processor   -  DEBUG   - worker3634395:Running ['/apps/z_install_tree/linux-rocky8-ivybridge/gcc-12.2.0/orca-6.0.0-srtngmq3qlimg2qxbl6avaaiffipurdx/bin/orca', 'sp.inp']...
2025-04-03 19:41:18,682 -   censo.qm_processor   -  DEBUG   - worker3634395:Started (PID: 3634400).
2025-04-03 19:41:26,394 -   censo.qm_processor   -  DEBUG   - worker3634395:Done.
2025-04-03 19:41:26,401 -     censo.parallel     -  DEBUG   - Free cores increased 0 -> 1.
2025-04-03 19:41:26,408 -     censo.parallel     -  DEBUG   - Checking for failed jobs...
2025-04-03 19:41:26,408 -     censo.parallel     -   INFO   - All jobs executed successfully.
2025-04-03 19:41:26,408 -censo.ensembleopt.prescreening-  DEBUG   - Writing to /srv/scratch/z5358697/.automated/3868/0_PRESCREENING.out.
2025-04-03 19:41:26,461 -     censo.parallel     -  DEBUG   - Free cores decreased 1 -> 0.
2025-04-03 19:41:26,466 -   censo.qm_processor   -  DEBUG   - worker3634425:Running on 1 cores.
2025-04-03 19:41:27,338 -   censo.qm_processor   -   INFO   - worker3634425:Running gsolv calculation in /srv/scratch/z5358697/.automated/3868/1_SCREENING/CONF1/gsolv.
2025-04-03 19:41:27,349 -  censo.orca_processor  -  DEBUG   - worker3634425:Copying .gbw file from /srv/scratch/z5358697/.automated/3868/0_PRESCREENING/CONF1/sp/sp.gbw.
2025-04-03 19:41:27,375 -   censo.qm_processor   -  DEBUG   - worker3634425:Running ['/apps/z_install_tree/linux-rocky8-ivybridge/gcc-12.2.0/orca-6.0.0-srtngmq3qlimg2qxbl6avaaiffipurdx/bin/orca', 'sp_gas.inp']...
2025-04-03 19:41:27,381 -   censo.qm_processor   -  DEBUG   - worker3634425:Started (PID: 3634430).
2025-04-03 19:41:48,664 -   censo.qm_processor   -  DEBUG   - worker3634425:Done.
2025-04-03 19:41:48,683 -  censo.orca_processor  -  DEBUG   - worker3634425:Copying .gbw file from /srv/scratch/z5358697/.automated/3868/0_PRESCREENING/CONF1/sp/sp.gbw.
2025-04-03 19:41:48,711 -   censo.qm_processor   -  DEBUG   - worker3634425:Running ['/apps/z_install_tree/linux-rocky8-ivybridge/gcc-12.2.0/orca-6.0.0-srtngmq3qlimg2qxbl6avaaiffipurdx/bin/orca', 'sp_solv.inp']...
2025-04-03 19:41:48,715 -   censo.qm_processor   -  DEBUG   - worker3634425:Started (PID: 3634550).
2025-04-03 19:42:16,849 -   censo.qm_processor   -  DEBUG   - worker3634425:Done.
2025-04-03 19:42:16,854 -     censo.parallel     -  DEBUG   - Free cores increased 0 -> 1.
2025-04-03 19:42:16,861 -     censo.parallel     -  DEBUG   - Checking for failed jobs...
2025-04-03 19:42:16,861 -     censo.parallel     -   INFO   - All jobs executed successfully.
2025-04-03 19:42:16,909 -     censo.parallel     -  DEBUG   - Free cores decreased 1 -> 0.
2025-04-03 19:42:16,914 -   censo.qm_processor   -  DEBUG   - worker3634619:Running on 1 cores.
2025-04-03 19:42:17,022 -   censo.qm_processor   -   INFO   - worker3634619:Running xtb_opt calculation in /srv/scratch/z5358697/.automated/3868/2_OPTIMIZATION/CONF1/xtb_opt.
2025-04-03 19:42:17,081 -  censo.orca_processor  -  DEBUG   - worker3634619:Copying .gbw file from /srv/scratch/z5358697/.automated/3868/1_SCREENING/CONF1/gsolv/sp_solv.gbw.
2025-04-03 19:42:17,108 -   censo.qm_processor   -  DEBUG   - worker3634619:Running ['/srv/scratch/z5358697/.xtb/bin/xtb', 'xtb_opt.coord', '--opt', 'normal', '--orca', '-I', 'xtb_opt-xcontrol-inp']...
2025-04-03 19:42:17,119 -   censo.qm_processor   -  DEBUG   - worker3634619:Started (PID: 3634624).
2025-04-03 19:44:24,170 -   censo.qm_processor   -  DEBUG   - worker3634619:Done.
2025-04-03 19:44:24,181 -     censo.parallel     -  DEBUG   - Free cores increased 0 -> 1.
2025-04-03 19:44:24,189 -     censo.parallel     -  DEBUG   - Checking for failed jobs...
2025-04-03 19:44:24,189 -     censo.parallel     -   INFO   - All jobs executed successfully.
2025-04-03 19:44:24,196 -     censo.parallel     -  DEBUG   - Free cores decreased 1 -> 0.
2025-04-03 19:44:24,201 -   censo.qm_processor   -  DEBUG   - worker3635254:Running on 1 cores.
2025-04-03 19:44:24,211 -   censo.qm_processor   -   INFO   - worker3635254:Running xtb_rrho calculation in /srv/scratch/z5358697/.automated/3868/2_OPTIMIZATION/CONF1/xtb_rrho.
2025-04-03 19:44:24,272 -   censo.qm_processor   -  DEBUG   - worker3635254:Running ['/srv/scratch/z5358697/.xtb/bin/xtb', 'xtb_rrho.coord', '--gfn2', '--ohess', 'vtight', '--chrg', '0', '--enso', '--norestart', '-I', 'rrho-xcontrol-inp', '--parallel', '1', '--alpb', 'water']...
2025-04-03 19:44:24,280 -   censo.qm_processor   -  DEBUG   - worker3635254:Started (PID: 3635259).
2025-04-03 19:44:24,978 -   censo.qm_processor   -  DEBUG   - worker3635254:Done.
2025-04-03 19:44:24,982 -     censo.parallel     -  DEBUG   - Free cores increased 0 -> 1.
2025-04-03 19:44:24,989 -     censo.parallel     -  DEBUG   - Checking for failed jobs...
2025-04-03 19:44:24,989 -     censo.parallel     -   INFO   - All jobs executed successfully.
2025-04-03 19:44:24,989 -censo.ensembleopt.optimization-  DEBUG   - Writing to /srv/scratch/z5358697/.automated/3868/2_OPTIMIZATION.out.
2025-04-03 19:44:25,001 -censo.ensembleopt.optimization-  DEBUG   - Writing to /srv/scratch/z5358697/.automated/3868/2_OPTIMIZATION.out.
2025-04-03 19:44:25,038 -     censo.parallel     -  DEBUG   - Free cores decreased 1 -> 0.
2025-04-03 19:44:25,044 -   censo.qm_processor   -  DEBUG   - worker3635274:Running on 1 cores.
2025-04-03 19:44:25,059 -   censo.qm_processor   -   INFO   - worker3635274:Running gsolv calculation in /srv/scratch/z5358697/.automated/3868/3_REFINEMENT/CONF1/gsolv.
2025-04-03 19:44:25,071 -  censo.orca_processor  -  DEBUG   - worker3635274:Copying .gbw file from /srv/scratch/z5358697/.automated/3868/2_OPTIMIZATION/CONF1/xtb_opt/xtb_opt.gbw.
2025-04-03 19:44:25,100 -   censo.qm_processor   -  DEBUG   - worker3635274:Running ['/apps/z_install_tree/linux-rocky8-ivybridge/gcc-12.2.0/orca-6.0.0-srtngmq3qlimg2qxbl6avaaiffipurdx/bin/orca', 'sp_gas.inp']...
2025-04-03 19:44:25,106 -   censo.qm_processor   -  DEBUG   - worker3635274:Started (PID: 3635279).
2025-04-03 19:47:05,334 -   censo.qm_processor   -  DEBUG   - worker3635274:Done.
2025-04-03 19:47:06,111 -  censo.orca_processor  -  DEBUG   - worker3635274:Copying .gbw file from /srv/scratch/z5358697/.automated/3868/2_OPTIMIZATION/CONF1/xtb_opt/xtb_opt.gbw.
2025-04-03 19:47:06,146 -   censo.qm_processor   -  DEBUG   - worker3635274:Running ['/apps/z_install_tree/linux-rocky8-ivybridge/gcc-12.2.0/orca-6.0.0-srtngmq3qlimg2qxbl6avaaiffipurdx/bin/orca', 'sp_solv.inp']...
2025-04-03 19:47:06,149 -   censo.qm_processor   -  DEBUG   - worker3635274:Started (PID: 3635830).
2025-04-03 19:49:57,008 -   censo.qm_processor   -  DEBUG   - worker3635274:Done.
2025-04-03 19:49:57,016 -     censo.parallel     -  DEBUG   - Free cores increased 0 -> 1.
2025-04-03 19:49:57,033 -     censo.parallel     -  DEBUG   - Checking for failed jobs...
2025-04-03 19:49:57,033 -     censo.parallel     -   INFO   - All jobs executed successfully.
2025-04-03 19:49:57,034 -censo.ensembleopt.refinement-  DEBUG   - Writing to /srv/scratch/z5358697/.automated/3868/3_REFINEMENT.out.
