41
 energy: -65.050237571446 gnorm: 0.051461026054 xtb: 6.7.1 (edcfbbe)
C            3.29592039151191        2.05997227119765        2.65085353565996
C            1.92466484746144        1.50022068610935        2.36454773552770
O            1.78112551858169        1.10533107763209        0.95880734978084
P            2.42802732418747       -0.23421334295684        0.35820252666986
S            2.70874702770112       -1.70975825039245        1.59741215896949
O            3.71831219574898        0.36006294742084       -0.39546093918043
C            4.89651480881139       -0.44550099092160       -0.74768031958995
C            4.65285554169063       -1.33472777081167       -1.94232731207937
S            1.13338376353405       -0.61799110390833       -1.27949276326188
C           -0.17872380651651       -1.58525036744877       -0.44044143282718
S           -1.34744183165667       -0.67833722012741        0.64705806629469
P           -2.62581747964622        0.23018556804840       -0.79099140963911
S           -3.01350977202595       -0.83513618645617       -2.37305335725178
O           -2.00120438899990        1.65365166531419       -1.18334305867660
C           -1.18880714592385        2.50193916490429       -0.29411764914815
C           -1.94897652996580        3.01008157862562        0.90749082948651
O           -3.87043278076786        0.65786032523038        0.13482162870660
C           -5.09077795485315       -0.15331537454797        0.26169344849902
C           -4.89540027626954       -1.35052503508910        1.15871879929830
H            3.31180069538634        2.42910542174368        3.68118727495911
H            4.07103663280578        1.29402410648068        2.55228732425943
H            3.52769336083615        2.89358047456785        1.98162317078826
H            1.14280702872648        2.25148611054835        2.49760983379498
H            1.69632345032643        0.63242643797103        2.99112586024392
H            5.65936835002833        0.30594024395362       -0.95951063885335
H            5.19618419851933       -1.01876058354244        0.13529792706183
H            3.94794054299616       -2.13871402354754       -1.71453622465201
H            4.27873664140664       -0.75794307785780       -2.79366919789404
H            5.60647505208995       -1.78962274271339       -2.22923163195556
H            0.28681226769855       -2.34862106351083        0.19101859767663
H           -0.74747076998864       -2.07634563347391       -1.23683966010402
H           -0.30004848136597        1.93543343011090       -0.00505869169934
H           -0.88952597694907        3.32297993309573       -0.94944421655316
H           -2.17259036797422        2.21118003362006        1.62196083943808
H           -1.32270803470947        3.75038746660502        1.41626415022631
H           -2.88425534827806        3.49396973024070        0.61013807493844
H           -5.81617375211979        0.54702593805332        0.68010090481852
H           -5.41274401015798       -0.44269181457417       -0.74339587345905
H           -4.49310015844909       -1.05113750894431        2.13135948227496
H           -5.87030470138955       -1.82249966919422        1.31956203027440
H           -4.22904802653437       -2.09037484996554        0.70708649830334
41
 energy: -65.054444910430 gnorm: 0.028270374283 xtb: 6.7.1 (edcfbbe)
C            3.29188856747564        2.05273129515625        2.64248796674233
C            1.92286320227245        1.48752758077808        2.34724039178940
O            1.77430825296704        1.09418875417160        0.95145855510987
P            2.41804207585277       -0.23720077812094        0.34444930926320
S            2.71815545216785       -1.70290268769545        1.61138243073716
O            3.71563761686755        0.35518151009781       -0.38540922352506
C            4.88193610491125       -0.44266361703795       -0.73702068508262
C            4.64508515376186       -1.33187000508638       -1.93516987624171
S            1.08233821792305       -0.56275170734868       -1.27019394520068
C           -0.17684820451952       -1.58634059490738       -0.43782837583058
S           -1.27912438110000       -0.64104624116175        0.66515638329757
P           -2.61034824306505        0.22055284365823       -0.75895506282457
S           -3.01606202957848       -0.82996290221911       -2.35618637666746
O           -1.98460711200283        1.63303106091603       -1.16060082228491
C           -1.18788075624582        2.49585462242513       -0.29255463618314
C           -1.94924065795396        3.00605029976991        0.90740767411094
O           -3.87022713490888        0.65580691052084        0.13240285093108
C           -5.07740861531931       -0.14938160964948        0.25467857685187
C           -4.88801759578133       -1.34709440954356        1.15516987295624
H            3.31070816635210        2.41915704080101        3.66823916001651
H            4.05770833727880        1.28489557586045        2.53415018198323
H            3.52052695258621        2.87675023802214        1.96926300894580
H            1.14199800174558        2.23832460710072        2.48225734696931
H            1.70745910443042        0.61661845286690        2.97311623078233
H            5.64415074753168        0.31030405566396       -0.94527073454566
H            5.16930393138841       -1.02847937184741        0.14090578872551
H            3.93231223941606       -2.12217325547874       -1.70230724864135
H            4.26626245077437       -0.75335604460116       -2.77595786854770
H            5.59046445144625       -1.79071034938573       -2.22268515010631
H            0.30847390188859       -2.33452970226209        0.19128007691041
H           -0.76442571800214       -2.05233607671894       -1.23172296424206
H           -0.29710647908634        1.93822843819143        0.00574876560799
H           -0.89897706348085        3.30961016533400       -0.96036754294406
H           -2.17469348536909        2.19911162361176        1.60424055162206
H           -1.33374517985719        3.74737990647592        1.41624720976088
H           -2.88181812002216        3.47488335853763        0.59925656471775
H           -5.80224534589758        0.55319516869367        0.66946873593020
H           -5.38748174215220       -0.45102495313283       -0.74992145847497
H           -4.48313539770978       -1.04468644650127        2.11921955209066
H           -5.85539191197246       -1.82198369460555        1.31330541728828
H           -4.21516970950573       -2.07351105985975        0.70125303932851
41
 energy: -65.056195865008 gnorm: 0.011337107620 xtb: 6.7.1 (edcfbbe)
C            3.28852268694246        2.04233908637064        2.62639064280232
C            1.91569876790709        1.47669942447712        2.33411342597385
O            1.76090453322853        1.09068909315514        0.94909328164441
P            2.39785318301197       -0.23013171968485        0.33021415432173
S            2.69489134208211       -1.70729665756945        1.58858669444574
O            3.70507033387671        0.35342265756149       -0.37385801700351
C            4.85916177585103       -0.43803634332259       -0.72084353134417
C            4.62481015953472       -1.32608614358727       -1.92435620044605
S            1.06331583111846       -0.54359071411794       -1.28603266533201
C           -0.17529917801668       -1.55998166316242       -0.42792409268263
S           -1.25409125522054       -0.63797014868514        0.70259704039439
P           -2.58530546799018        0.21771178246472       -0.73100614514924
S           -2.98758388481778       -0.85243668715836       -2.31749678297008
O           -1.96044220682756        1.61820502502186       -1.14073685473408
C           -1.18047890405767        2.49476392283378       -0.29419533022369
C           -1.95107044253363        3.00011023676327        0.90441344252591
O           -3.85692792305052        0.65315367494720        0.13120950776298
C           -5.05255219957729       -0.14328554928069        0.24710297524005
C           -4.86928611275977       -1.34318293534356        1.15098502190616
H            3.31195153220866        2.40496830219084        3.64880725243599
H            4.04574330894708        1.27045468499703        2.50824765568240
H            3.51318904783879        2.86016691870044        1.94943176396610
H            1.13609242355100        2.22616615656418        2.47755874223466
H            1.71400532382992        0.60145654687038        2.95848456175200
H            5.62589723422033        0.31120286051742       -0.92504696145406
H            5.13885653147024       -1.03700284630205        0.15086442115673
H            3.90364495124414       -2.10487208386867       -1.68627778263666
H            4.24581208317642       -0.74409800804234       -2.75848568866458
H            5.56316844446143       -1.79050585668032       -2.20985218549072
H            0.32751763008088       -2.30643435251309        0.18496127231020
H           -0.77985079960081       -2.01514976838593       -1.21213625659047
H           -0.28193561456307        1.95464347596494        0.01494606240177
H           -0.90465459476075        3.30507850298142       -0.97062528430943
H           -2.17516736443624        2.18236789334557        1.58470891402647
H           -1.34861943320970        3.74203598884294        1.41869379846029
H           -2.88366429718220        3.45505023681878        0.58640854451276
H           -5.78124087991366        0.55768335252350        0.65733906897898
H           -5.35631002914397       -0.45639446726019       -0.75609180756412
H           -4.46511593137197       -1.03765365164606        2.11044454701194
H           -5.83126477650740       -1.82087932967122        1.30352140923603
H           -4.18957778353334       -2.05800289614133        0.69347505653801
41
 energy: -65.056717348727 gnorm: 0.006252302460 xtb: 6.7.1 (edcfbbe)
C            3.28427439635344        2.03310272861707        2.60979699022183
C            1.90582073033912        1.46947899063635        2.32877172975926
O            1.74548866324767        1.08766419832515        0.94834866674622
P            2.38594305107222       -0.22386466228029        0.32528602711888
S            2.66576854427519       -1.71782764886813        1.56693716509519
O            3.69664829634695        0.35679532533604       -0.36428227934794
C            4.84413812120875       -0.43403696744825       -0.70873211162912
C            4.60243432822851       -1.32010688970743       -1.91523910514913
S            1.04958123532135       -0.52626220886871       -1.28936596671287
C           -0.17429621838187       -1.54960228083540       -0.42008596363639
S           -1.23832202358642       -0.62956374362718        0.72021218889924
P           -2.56913697285856        0.21854302751870       -0.71934483656024
S           -2.95400832496333       -0.87701058642644       -2.29282108009331
O           -1.93891255277146        1.60848592454417       -1.13394401853347
C           -1.17141338385972        2.49743642597077       -0.29722462310165
C           -1.95318591610695        2.99579908882953        0.90016393137399
O           -3.84389070861083        0.65555142749795        0.12917342218575
C           -5.03417950371640       -0.13792051704969        0.24284170490251
C           -4.84801348975325       -1.33932850852501        1.14824638836509
H            3.31571351403540        2.39508462555600        3.63183531884780
H            4.03767826955878        1.25755383586880        2.48560277374735
H            3.50526609265894        2.84972654148910        1.92934588923158
H            1.12753792574959        2.21791577911392        2.48387490741879
H            1.71240075473601        0.59342134750643        2.95543053331357
H            5.61844994890023        0.30797974339879       -0.91058883433828
H            5.12254052652541       -1.04062505815058        0.15891917493322
H            3.87406196717090       -2.09256071389631       -1.67462139556313
H            4.22678864358877       -0.73330298936533       -2.74828346553043
H            5.53642674537361       -1.79249473803163       -2.20037416872079
H            0.34195846452422       -2.29869250443196        0.17921124518473
H           -0.79147369193875       -2.00394336651078       -1.19544652225932
H           -0.26280259834971        1.97675657511583        0.01953681246163
H           -0.90541503378281        3.30987923095960       -0.97490540072687
H           -2.17416855358059        2.17103969933854        1.57388300575702
H           -1.36114879070058        3.73964663586289        1.42293838964508
H           -2.88842430076552        3.44312196474949        0.57671197457845
H           -5.76983101542134        0.55791179529531        0.64966316415294
H           -5.33788229861533       -0.45760470356750       -0.75895902072305
H           -4.44695759609868       -1.03142529316789        2.10887711433585
H           -5.80751534057352       -1.82258695444623        1.29672958211594
H           -4.16227385927221       -2.04875657483660        0.68951436336056
41
 energy: -65.056896068985 gnorm: 0.005029429373 xtb: 6.7.1 (edcfbbe)
C            3.28113127178136        2.02645702060261        2.59869328008418
C            1.89892617946637        1.46458497398627        2.33012974695460
O            1.72875400569724        1.08319581047718        0.95096131419736
P            2.37372230907481       -0.22222000153626        0.32450875937221
S            2.65061854215889       -1.72236652908982        1.55894769173116
O            3.68604628861075        0.36035507279914       -0.35583471702770
C            4.83168225601270       -0.43268627174753       -0.70094436067105
C            4.58401906923842       -1.31617594652097       -1.90884555296421
S            1.04315866225801       -0.52105865183838       -1.29684931854419
C           -0.17304986552917       -1.54481896809082       -0.41499636121862
S           -1.23092493736590       -0.62850946294958        0.73301594010621
P           -2.55426680837603        0.21803774968570       -0.71624648376561
S           -2.93690053882286       -0.88447001154589       -2.28511682187708
O           -1.92035337349121        1.60168360998274       -1.13591142608719
C           -1.16532110457533        2.50357771893853       -0.30077516140700
C           -1.95495745812144        2.99389417142481        0.89597926641500
O           -3.83030795873585        0.65841109704071        0.12488653539452
C           -5.01969642117851       -0.13624905062356        0.23965858137717
C           -4.82953056082560       -1.33679566828549        1.14656175016669
H            3.32304168919611        2.39048698411611        3.62066958094036
H            4.03239962309349        1.24859567204523        2.46935499848952
H            3.49786336690856        2.84237459199810        1.91445281445978
H            1.12234030079512        2.21304507569648        2.49447925513040
H            1.70897986485433        0.58924629277809        2.95933510892300
H            5.61130923786250        0.30423961043836       -0.90154073479364
H            5.11053477719647       -1.04235996643671        0.16489835344608
H            3.85001285496085       -2.08430875947002       -1.66836649185558
H            4.21235994550215       -0.72527331714908       -2.74203924923953
H            5.51490617611061       -1.79592706375224       -2.19510597496649
H            0.35117502240849       -2.29524717708628        0.17692674208137
H           -0.79652996337451       -2.00454555072799       -1.18311148447798
H           -0.24917486926305        1.99739485401732        0.01856616951493
H           -0.90808066802145        3.31921578155016       -0.97836833983452
H           -2.17186562766575        2.16551664269724        1.56804851729609
H           -1.37014534384453        3.74024261563636        1.42500203043191
H           -2.89295029951902        3.43649623755508        0.57104256282079
H           -5.75962762051351        0.55621290103284        0.64493070413709
H           -5.32507101046818       -0.45869682301870       -0.76119432485263
H           -4.43198405341028       -1.02671500536028        2.10913504750082
H           -5.78748038471552       -1.82568110025392        1.29328726490702
H           -4.13909452986227       -2.04378115752653        0.68940845883134
41
 energy: -65.056992413516 gnorm: 0.003729727430 xtb: 6.7.1 (edcfbbe)
C            3.27893023353817        2.02151454699802        2.59083265855092
C            1.89419103770830        1.46166115446531        2.33432317733965
O            1.71457073580227        1.07930005160997        0.95523628400625
P            2.36765073172128       -0.22053525955926        0.32701647812640
S            2.64240942180235       -1.72548283197380        1.55581653162743
O            3.68052468121127        0.36598270531408       -0.34701009429466
C            4.82366002542972       -0.43184984685973       -0.69575447790441
C            4.56879113161051       -1.31265236480728       -1.90364089781102
S            1.04046019815642       -0.52579287723506       -1.29477395286600
C           -0.17332460766780       -1.55198999625213       -0.41237777770579
S           -1.23011825927601       -0.63234286771151        0.73219706510448
P           -2.54639267390933        0.22152469608468       -0.71817925895812
S           -2.92495609170990       -0.88629275233057       -2.28427862865552
O           -1.90534337973048        1.59967025516298       -1.14073108714162
C           -1.16124459884399        2.51151977096626       -0.30345272322740
C           -1.95660790200846        2.99325025188486        0.89259625601146
O           -3.82265244121654        0.66505198464570        0.11922784774788
C           -5.00993710016903       -0.13520183801474        0.23784334208066
C           -4.81316892971908       -1.33376098942267        1.14547571665323
H            3.33064559254556        2.38827402349879        3.61208182532437
H            4.02852194347843        1.24230529784975        2.45735357602815
H            3.49146930603125        2.83623332225980        1.90305254849567
H            1.11916212741439        2.21056961954870        2.50433195817122
H            1.70612429503558        0.58676495210705        2.96490123281859
H            5.60631855655523        0.30179127456947       -0.89629144578309
H            5.10168862959433       -1.04268192129201        0.16970184291952
H            3.82977110920286       -2.07652478136224       -1.66363488284144
H            4.20080879413983       -0.71867420687297       -2.73690031869514
H            5.49626466020209       -1.79931946866514       -2.19166820363494
H            0.35401044406377       -2.30051775099885        0.17910390657286
H           -0.79697073772914       -2.01634393042043       -1.17771945935956
H           -0.23969833213635        2.01564445349494        0.01500228436482
H           -0.91314603238671        3.33015608413157       -0.98116881617720
H           -2.16918069826253        2.16259566944864        1.56398350874340
H           -1.37681167118237        3.74180634974424        1.42512465505995
H           -2.89691519507042        3.43206931940347        0.56808275933034
H           -5.75198203081917        0.55490299254497        0.64317584077878
H           -5.31586372068806       -0.45897095549878       -0.76255253286529
H           -4.41873981123589       -1.02139604522486        2.10921157944590
H           -5.76886206516411       -1.82862689251222        1.29184131100111
H           -4.11838933081099       -2.03825319723014        0.69025404274485
41
 energy: -65.057044639403 gnorm: 0.002116671417 xtb: 6.7.1 (edcfbbe)
C            3.27743705033346        2.01779380578337        2.58566129755615
C            1.89139262687095        1.45924142979261        2.33909386495291
O            1.70186868048260        1.07271260259949        0.96056242122081
P            2.36274063758555       -0.22361513256776        0.33223078560998
S            2.64373608172082       -1.72670534921056        1.56227557349547
O            3.67455077766470        0.36855109038084       -0.33901286483652
C            4.81661996647029       -0.43223185085962       -0.69257897493638
C            4.55644969109119       -1.31052954474039       -1.89994127419639
S            1.03974742891903       -0.53064571827742       -1.29359653819900
C           -0.17365775553125       -1.55647195609893       -0.41005613826863
S           -1.23124276827959       -0.63467656449149        0.73185613839232
P           -2.54069324474729        0.22277873125275       -0.72368686574930
S           -2.92187311615519       -0.88095195521767       -2.29216372014640
O           -1.89277726218184        1.59757591259977       -1.14640304525263
C           -1.15888551207239        2.51774685320109       -0.30554125451071
C           -1.95770380182199        2.99225709398192        0.88983907519113
O           -3.81624937760581        0.66998406986643        0.11261900618014
C           -5.00221712709980       -0.13515615066001        0.23641067142429
C           -4.79924546006158       -1.33105413772141        1.14466446796766
H            3.33638699937634        2.38768713164458        3.60545117838918
H            4.02565530291366        1.23784056831654        2.45003066113754
H            3.48660120724414        2.83059518274324        1.89459644019260
H            1.11800259134891        2.20929217379161        2.51087185558482
H            1.70453012940464        0.58554924363661        2.97154820395958
H            5.59923329999312        0.30093001813661       -0.89414045699958
H            5.09446687788401       -1.04303100396400        0.17277247010424
H            3.81431048083790       -2.07122652053903       -1.66028391298843
H            4.19084250894628       -0.71463501053356       -2.73284031568374
H            5.48132054434391       -1.80141918711543       -2.18929858742819
H            0.35346825900648       -2.30313537506977        0.18382838503138
H           -0.79504536728963       -2.02388411405237       -1.17537895972010
H           -0.23316004118783        2.02961143608648        0.01081672883174
H           -0.91990374396593        3.33877498050671       -0.98378663440846
H           -2.16578439549058        2.16041735137034        1.56104866006735
H           -1.38148054512712        3.74326875777409        1.42308581193295
H           -2.90008446700005        3.42723763792001        0.56642031503764
H           -5.74381752130718        0.55436003187926        0.64316150770545
H           -5.30885334808446       -0.45955482135978       -0.76337516988946
H           -4.40659400797672       -1.01637727190825        2.10836326958282
H           -5.75278995414207       -1.83009076515360        1.29167823770570
H           -4.10163427980242       -2.03343567223455        0.69083135708690
41
 energy: -65.057057963337 gnorm: 0.001302365523 xtb: 6.7.1 (edcfbbe)
C            3.27723314665663        2.01687106636300        2.58518368599297
C            1.89094129204859        1.45898730936424        2.34143569382915
O            1.69837226874384        1.07023877007491        0.96348798226880
P            2.36251792431475       -0.22507551942683        0.33521502888119
S            2.64567645864872       -1.72722953356495        1.56639441980740
O            3.67407086867185        0.36948603866252       -0.33537212773392
C            4.81501613230740       -0.43238888540768       -0.69188541513946
C            4.55232256096892       -1.30989315161422       -1.89877882936958
S            1.04063015347146       -0.53561060647385       -1.29038353910730
C           -0.17476580830707       -1.56071465300513       -0.40969089613592
S           -1.23391610964070       -0.63744102623457        0.72949633192973
P           -2.54023088844891        0.22403207859124       -0.72644379411757
S           -2.92125671816798       -0.87756774603385       -2.29657988500392
O           -1.88880641741457        1.59773970546804       -1.14849074678370
C           -1.15838788297588        2.52021140023885       -0.30667384161857
C           -1.95759284793522        2.99138881616754        0.88904803373958
O           -3.81616923803555        0.67315728143219        0.10891519819902
C           -5.00062788817659       -0.13455493683734        0.23569579616736
C           -4.79404306091656       -1.32914715109627        1.14418339888254
H            3.33749926422351        2.38808290528598        3.60397307399998
H            4.02456348422906        1.23639904893438        2.44961329417802
H            3.48579539420101        2.82818815347888        1.89270898048522
H            1.11845655151020        2.21010774188318        2.51181829107922
H            1.70432552108312        0.58613261481528        2.97487292837465
H            5.59666893171542        0.30130067113526       -0.89474647106091
H            5.09311880632350       -1.04345494673471        0.17299597825366
H            3.80924920115370       -2.06916757095404       -1.65848939085089
H            4.18665427301055       -0.71361196986755       -2.73097386516823
H            5.47595220560211       -1.80196065203505       -2.18892215336512
H            0.35041177930956       -2.30643719848438        0.18694151245384
H           -0.79431302151920       -2.02720820499118       -1.17686097713203
H           -0.23127510034348        2.03425889253229        0.00818293889556
H           -0.92359388566560        3.34182482817961       -0.98539747059158
H           -2.16308856064396        2.15900227497170        1.55985663091637
H           -1.38279763248648        3.74385138779946        1.42134349161901
H           -2.90114531797909        3.42373328252651        0.56639413585508
H           -5.74150702642884        0.55481633686982        0.64374065656164
H           -5.30765388373344       -0.45983865839478       -0.76346821261614
H           -4.40095089247505       -1.01320461317961        2.10690426016851
H           -5.74615762513327       -1.82989608879224        1.29237690019102
H           -4.09552836625920       -2.03002949015796        0.69001264419222
41
 energy: -65.057062393088 gnorm: 0.000729978993 xtb: 6.7.1 (edcfbbe)
C            3.27748486957879        2.01651056807671        2.58615425934318
C            1.89088704971973        1.45918751580572        2.34266168894308
O            1.69757411844206        1.06808718220585        0.96565698639464
P            2.36268969406035       -0.22753117749028        0.33787292038036
S            2.64757746121962       -1.72807888893323        1.57067545737407
O            3.67409328242295        0.36839000136535       -0.33302481548855
C            4.81462081805107       -0.43268662920663       -0.69172039978652
C            4.55064345569682       -1.31011684809332       -1.89841680243484
S            1.04168412020007       -0.53747293899069       -1.28849095875205
C           -0.17531974529230       -1.56183376202373       -0.40938132956772
S           -1.23607825031621       -0.63799841779258        0.72845637499832
P           -2.54084669532320        0.22409257937820       -0.72857757060169
S           -2.92176293334274       -0.87574837114396       -2.29997007174969
O           -1.88741104237666        1.59756586727814       -1.14951728288862
C           -1.15831133115501        2.52072019399181       -0.30803722096968
C           -1.95706726105239        2.98994956609798        0.88866107613227
O           -3.81746688474618        0.67520214353590        0.10556719883932
C           -5.00079751570259       -0.13328847021785        0.23487130083022
C           -4.79162987908484       -1.32723073188888        1.14363495892540
H            3.33718050856215        2.38880125653381        3.60426874070702
H            4.02412965143440        1.23533873918672        2.45188416795072
H            3.48685664017523        2.82643791355347        1.89267542506545
H            1.11916851948325        2.21154315377341        2.51082890481579
H            1.70393228315660        0.58765997862871        2.97759272198218
H            5.59501274143271        0.30192445220482       -0.89605243110686
H            5.09431840374788       -1.04399338727300        0.17229578968314
H            3.80775261230450       -2.06903645243573       -1.65703099591261
H            4.18389788735257       -0.71392137540669       -2.72994245845664
H            5.47377824400034       -1.80206750848582       -2.18926016606732
H            0.34751797693672       -2.30793268576449        0.18893718699492
H           -0.79393119886449       -2.02663007421731       -1.17826079967445
H           -0.23001941214399        2.03609657296490        0.00579355445423
H           -0.92613502848909        3.34275227167768       -0.98679303616910
H           -2.15961790948801        2.15702509480335        1.55928669895068
H           -1.38365673907559        3.74404568325301        1.41974017472366
H           -2.90208175796272        3.41940503151636        0.56690078536360
H           -5.74106872180911        0.55596247603589        0.64414701439939
H           -5.30907102845165       -0.45958079831552       -0.76340918095039
H           -4.39696400703555       -1.01030253800527        2.10512048319581
H           -5.74273090924533       -1.82874147376406        1.29358296543469
H           -4.09316404151283       -2.02712771093015        0.68825235582155
41
 energy: -65.057064218543 gnorm: 0.000404241326 xtb: 6.7.1 (edcfbbe)
C            3.27776058061715        2.01622767172790        2.58709680406194
C            1.89075587377888        1.45955249825817        2.34294125214013
O            1.69827423761645        1.06797713084313        0.96632480659617
P            2.36294746779182       -0.22798491042573        0.33863391985514
S            2.64650534351030       -1.72916842427604        1.57082609425261
O            3.67481003924297        0.36777689041846       -0.33197612525410
C            4.81502329713954       -0.43274394277730       -0.69146922756741
C            4.55036706351245       -1.31046222083063       -1.89811264482077
S            1.04175107027998       -0.53795981500783       -1.28734188181198
C           -0.17647205646079       -1.56165885700332       -0.40925801453705
S           -1.23705678911634       -0.63766036508510        0.72908678421557
P           -2.54084404113161        0.22387555673739       -0.72920945381731
S           -2.92140270000095       -0.87651218193187       -2.30021732632709
O           -1.88722589183433        1.59727619834975       -1.15008098471653
C           -1.15825905557771        2.52053995100816       -0.30923872333276
C           -1.95665491834289        2.98889755525670        0.88837061864842
O           -3.81802893005521        0.67608711439810        0.10373408466736
C           -5.00103169475867       -0.13207908352562        0.23420574597017
C           -4.79102678365931       -1.32602831719571        1.14312585914490
H            3.33692543298114        2.38905001896647        3.60514130920356
H            4.02399529313717        1.23439330927579        2.45381649601579
H            3.48818905287780        2.82561893152705        1.89322982232517
H            1.11946432800638        2.21257928207895        2.51039179853692
H            1.70300529311531        0.58874709420819        2.97863581652992
H            5.59525849266107        0.30190378892522       -0.89651763365089
H            5.09605212462176       -1.04419712004980        0.17204353700333
H            3.80775674581970       -2.06953098065469       -1.65601824188698
H            4.18286877113803       -0.71434451676552       -2.72943774922289
H            5.47340997130778       -1.80233808385685       -2.18957634368451
H            0.34594062865667       -2.30820445817909        0.18893337658463
H           -0.79516865318583       -2.02611069526892       -1.17829872526020
H           -0.22928921662264        2.03669283212115        0.00420665396206
H           -0.92682335822742        3.34305080209137       -0.98764669698425
H           -2.15721774236243        2.15562649290545        1.55923562337411
H           -1.38415990629468        3.74397796906019        1.41903476929491
H           -2.90268368894213        3.41670847467957        0.56727072007121
H           -5.74129583721330        0.55694608350805        0.64398313154683
H           -5.31061232950395       -0.45882065105755       -0.76355576045907
H           -4.39521850930906       -1.00879848921240        2.10411339599936
H           -5.74192186988474       -1.82761565088373        1.29426627687348
H           -4.09299908982102       -2.02590888086897        0.68694050758714
41
 energy: -65.057064670688 gnorm: 0.000568207968 xtb: 6.7.1 (edcfbbe)
C            3.27794124834485        2.01558262956495        2.58814307278233
C            1.89048788408025        1.45986640018371        2.34324409290218
O            1.69858948039384        1.06762340482025        0.96697367768488
P            2.36236950119225       -0.22893802227892        0.33960316628981
S            2.64525847516143       -1.73020682921535        1.57168716337630
O            3.67460765552020        0.36654895197778       -0.33082072030249
C            4.81487311128823       -0.43317809182440       -0.69105481331205
C            4.54983466082963       -1.31124373699324       -1.89753420211564
S            1.04197558626470       -0.53730824714704       -1.28751630609891
C           -0.17573752809376       -1.56144220269815       -0.40874840105028
S           -1.23779722384047       -0.63741699581011        0.72815348841278
P           -2.54127630833290        0.22429777497466       -0.73002878270666
S           -2.92055933753915       -0.87792612861267       -2.30000219268241
O           -1.88730114635890        1.59738895713947       -1.15115924109751
C           -1.15819040994235        2.52051826448553       -0.31071753283342
C           -1.95604534792508        2.98784765780047        0.88790649418116
O           -3.81894529902369        0.67764207805883        0.10163194603030
C           -5.00154670124079       -0.13046760812603        0.23357331837125
C           -4.79050189040902       -1.32446370532613        1.14245745019092
H            3.33669328375898        2.38916434152878        3.60609764057453
H            4.02370184676748        1.23297347062095        2.45611709772016
H            3.48968398788542        2.82442994294067        1.89387615632053
H            1.11976899285681        2.21369664659584        2.51012079413569
H            1.70147839605912        0.58985384378645        2.97974554121068
H            5.59485141048865        0.30161275926198       -0.89685618952287
H            5.09750246528889       -1.04442424128808        0.17216217725161
H            3.80779343769467       -2.07075056342368       -1.65481949944026
H            4.18154903766873       -0.71530997687491       -2.72877108318857
H            5.47297929150001       -1.80276740652587       -2.18966774151522
H            0.34640269527832       -2.30831214887341        0.18929721963584
H           -0.79459735071949       -2.02604596557878       -1.17759812662323
H           -0.22858030293348        2.03736932114221        0.00194947730456
H           -0.92750731050372        3.34370767303123       -0.98864706852112
H           -2.15431294345850        2.15434604150800        1.55933308455396
H           -1.38434126845820        3.74398543093378        1.41798496467996
H           -2.90321624352528        3.41397826918239        0.56777558836406
H           -5.74174622923507        0.55830989346848        0.64399599563151
H           -5.31261618827261       -0.45742556207504       -0.76374328623577
H           -4.39335278489974       -1.00711225144118        2.10298588889908
H           -5.74131697212151       -1.82598643719643        1.29506366476274
H           -4.09318561598133       -2.02463963020850        0.68543969710671
41
 energy: -65.057065353563 gnorm: 0.000268907426 xtb: 6.7.1 (edcfbbe)
C            3.27787033803435        2.01527823907603        2.58848528020101
C            1.89043538395055        1.45993283934325        2.34335395195107
O            1.69868604478195        1.06784997373138        0.96691994365797
P            2.36243549817038       -0.22874447786733        0.33968139220999
S            2.64495446986608       -1.73007502491791        1.57179363629910
O            3.67474000411943        0.36656705642293       -0.33064905577859
C            4.81493291807514       -0.43340511114662       -0.69094602053791
C            4.54977674354512       -1.31154472198157       -1.89722074816196
S            1.04171959924364       -0.53750894444755       -1.28704617738468
C           -0.17648304824615       -1.56124774409864       -0.40868136192454
S           -1.23782583801900       -0.63683664134924        0.72861623195908
P           -2.54097505583144        0.22413267554450       -0.73051225479062
S           -2.92084568139061       -0.87769692734868       -2.30066748644210
O           -1.88705845603905        1.59720985079980       -1.15173105897367
C           -1.15806674795659        2.52042750503074       -0.31097795448505
C           -1.95577674090947        2.98773935069620        0.88762182971094
O           -3.81842516973165        0.67760469711347        0.10126132171656
C           -5.00130712967187       -0.13027995976514        0.23348543550024
C           -4.79048059889119       -1.32423891628581        1.14226493704028
H            3.33652930533239        2.38892448451811        3.60638826075015
H            4.02351892674283        1.23256836034494        2.45665583666531
H            3.48989369323943        2.82407290179269        1.89426802576291
H            1.11982214390621        2.21388020586939        2.51012691345899
H            1.70102391185829        0.58981121545389        2.97962565418915
H            5.59485592535184        0.30140458446121       -0.89684640243396
H            5.09744998923972       -1.04443800595541        0.17247641490630
H            3.80786637171268       -2.07113929274998       -1.65446989540201
H            4.18138774217907       -0.71574200154281       -2.72848536615854
H            5.47294796993528       -1.80296115895512       -2.18943877194178
H            0.34585255267489       -2.30778179743391        0.18957589967792
H           -0.79509011733795       -2.02625708604364       -1.17750141408274
H           -0.22843315618121        2.03729834439152        0.00145099083988
H           -0.92757109320650        3.34371999101034       -0.98889632049241
H           -2.15381785489095        2.15439689930088        1.55929216077670
H           -1.38398893286809        3.74402954928913        1.41741519580640
H           -2.90304118123200        3.41374933156787        0.56768033021525
H           -5.74111876504977        0.55878518793762        0.64411369571567
H           -5.31259715195390       -0.45697082554012       -0.76385405131753
H           -4.39306940217111       -1.00705229144114        2.10272539647029
H           -5.74148821430023       -1.82533345523386        1.29508036998845
H           -4.09357115057314       -2.02475085810294        0.68519890596567
41
 energy: -65.057065609940 gnorm: 0.000135224378 xtb: 6.7.1 (edcfbbe)
C            3.27774888472919        2.01487563668507        2.58894754515017
C            1.89028129248363        1.45996969249362        2.34342544785662
O            1.69879364063457        1.06816273202006        0.96680718771240
P            2.36243790887631       -0.22847411294068        0.33967167746812
S            2.64454245690740       -1.72983157200368        1.57194832258740
O            3.67487503790346        0.36653820359152       -0.33047796602816
C            4.81497865006515       -0.43370547143586       -0.69068713214408
C            4.54976744247192       -1.31201674535259       -1.89674674681941
S            1.04169802759262       -0.53777564209705       -1.28690325871152
C           -0.17664345889909       -1.56128066370339       -0.40855943555559
S           -1.23790796736984       -0.63676065307905        0.72855474315043
P           -2.54090617740289        0.22431129253449       -0.73066848664030
S           -2.92080035588921       -0.87770709451230       -2.30070414339897
O           -1.88690915704059        1.59722651595539       -1.15223306550224
C           -1.15780907450716        2.52045163151658       -0.31139895801486
C           -1.95535471132123        2.98771154730011        0.88723910529397
O           -3.81832173660844        0.67793868042314        0.10091211588093
C           -5.00136597670427       -0.12980507905747        0.23334706447972
C           -4.79066710385296       -1.32378667417222        1.14200992882863
H            3.33622081325269        2.38851869366895        3.60682528535768
H            4.02318918623652        1.23196021458200        2.45730512947910
H            3.49019915470091        2.82355078866030        1.89475677493274
H            1.11979835717586        2.21407533495064        2.50998240406872
H            1.70046638765507        0.58971119502478        2.97939378164675
H            5.59487901091770        0.30108849345220       -0.89669164580138
H            5.09728384404772       -1.04458709059499        0.17290729944178
H            3.80796144209594       -2.07165556227652       -1.65383843591542
H            4.18118045518019       -0.71638690743983       -2.72801817603718
H            5.47295889936160       -1.80333997195509       -2.18900509956859
H            0.34575002761458       -2.30757059070395        0.18993982053854
H           -0.79512813511191       -2.02640207520806       -1.17740542912428
H           -0.22821786529878        2.03715548702648        0.00083940842282
H           -0.92742639052511        3.34369659974003       -0.98939267153310
H           -2.15324160210183        2.15447541661147        1.55905159426552
H           -1.38350603689126        3.74415860941380        1.41674277389973
H           -2.90269860736442        3.41356916028810        0.56741348205790
H           -5.74083157550564        0.55951255274660        0.64415647406441
H           -5.31278120912797       -0.45635468778106       -0.76398537936441
H           -4.39284166761720       -1.00677874069157        2.10232360466585
H           -5.74181917563528       -1.82449569415093        1.29509313021377
H           -4.09416488962049       -2.02456544804062        0.68475559982296
41
 energy: -65.057065816714 gnorm: 0.000131144605 xtb: 6.7.1 (edcfbbe)
C            3.27755062377321        2.01434579930669        2.58945759157011
C            1.88999027852397        1.45994543652410        2.34344398297165
O            1.69880231440767        1.06831603713697        0.96664928005799
P            2.36236751108473       -0.22842763867396        0.33978020678705
S            2.64422547755607       -1.72959475465886        1.57236906814745
O            3.67486131106720        0.36629120785393       -0.33028384770694
C            4.81497672611193       -0.43414156731004       -0.69027289141973
C            4.54974880497258       -1.31268704016325       -1.89612307792646
S            1.04172162353822       -0.53768327298514       -1.28693312414311
C           -0.17665429619703       -1.56102004432256       -0.40841010728338
S           -1.23783532502750       -0.63626464972624        0.72850038132430
P           -2.54086676576149        0.22444427358028       -0.73094038590475
S           -2.92084515616292       -0.87787444501047       -2.30078800903488
O           -1.88667131920426        1.59715570826388       -1.15280806344246
C           -1.15740578357440        2.52040117867142       -0.31196276112617
C           -1.95481882806973        2.98774590095701        0.88668490335040
O           -3.81814420670421        0.67831659749999        0.10052515772501
C           -5.00144941121082       -0.12912934067982        0.23316037091035
C           -4.79094408505325       -1.32319042449037        1.14171386094856
H            3.33579317072674        2.38797982907581        3.60733932332084
H            4.02274862636759        1.23115733043574        2.45810118057908
H            3.49055478039441        2.82291697279167        1.89532159652716
H            1.11967784683562        2.21425499718603        2.50978929181074
H            1.69970334421998        0.58961949328429        2.97916889650369
H            5.59489027515761        0.30059092342457       -0.89639611842506
H            5.09711411674220       -1.04481063292798        0.17350919395699
H            3.80809957882361       -2.07240631505188       -1.65300279979697
H            4.18096540084200       -0.71727596006478       -2.72745897235536
H            5.47298143700877       -1.80390526037951       -2.18838956379050
H            0.34571986195271       -2.30720360270053        0.19024605603638
H           -0.79507965969006       -2.02627056157271       -1.17722765518609
H           -0.22783163472215        2.03697503875630        0.00014607307258
H           -0.92707151852438        3.34357311626341       -0.99002935829860
H           -2.15254120466573        2.15460993219642        1.55865809901866
H           -1.38294519470290        3.74434047598913        1.41595800305376
H           -2.90224489425613        3.41347704925367        0.56693617664940
H           -5.74056050826781        0.56045387635446        0.64414501951106
H           -5.31307654636079       -0.45550894932235       -0.76414367678903
H           -4.39262203604705       -1.00639007618829        2.10188289982401
H           -5.74227661337909       -1.82345264941353        1.29512491377603
H           -4.09494007701756       -2.02429598767518        0.68419255632346
41
 energy: -65.057065971893 gnorm: 0.000142961191 xtb: 6.7.1 (edcfbbe)
C            3.27737465286909        2.01393086948351        2.58988400662454
C            1.88971777859032        1.45992652455793        2.34346500138703
O            1.69883315605424        1.06840137682109        0.96657464895927
P            2.36235789734904       -0.22844712802443        0.33990473830447
S            2.64397112109497       -1.72953462638893        1.57265159740045
O            3.67492828999650        0.36606653213976       -0.33009052962403
C            4.81502973815425       -0.43452055717967       -0.68986184288845
C            4.54979101717464       -1.31327087922932       -1.89557433452447
S            1.04187039256656       -0.53779397298950       -1.28694888482673
C           -0.17661721667142       -1.56096762508560       -0.40834720929383
S           -1.23789630827908       -0.63609734146575        0.72835030873366
P           -2.54087808933514        0.22462178701420       -0.73110562540944
S           -2.92091844006673       -0.87798677042178       -2.30072722885902
O           -1.88650325889801        1.59716750077321       -1.15323183588829
C           -1.15707082225775        2.52041377855560       -0.31250620393166
C           -1.95438293612093        2.98788416099119        0.88616310045908
O           -3.81809218135526        0.67873183597012        0.10024704569045
C           -5.00155997734026       -0.12848929507386        0.23298233011993
C           -4.79119404845875       -1.32263192168507        1.14148528081537
H            3.33541976706250        2.38755713795439        3.60778520706696
H            4.02237447407275        1.23050736637704        2.45877009077324
H            3.49082985614785        2.82243452961539        1.89580182920271
H            1.11956419467926        2.21443257897189        2.50961881424851
H            1.69902007810029        0.58962351538753        2.97908494140570
H            5.59501967310250        0.30010141759904       -0.89606756989226
H            5.09705814524474       -1.04505792799301        0.17404157085329
H            3.80820552875422       -2.07300384393337       -1.65228891154918
H            4.18091956626264       -0.71800262625854       -2.72697868223676
H            5.47303624145994       -1.80447929459697       -2.18782826779332
H            0.34564850844440       -2.30718543913291        0.19036207697619
H           -0.79506340451919       -2.02620452133201       -1.17715380219964
H           -0.22753643966131        2.03689528343090       -0.00042706926659
H           -0.92668624818929        3.34349839223701       -0.99064734619996
H           -2.15204717539827        2.15481230952626        1.55823745830586
H           -1.38248376017697        3.74452744613153        1.41532902971803
H           -2.90182845257902        3.41358755988565        0.56643165211667
H           -5.74048461461700        0.56123525812752        0.64406115316903
H           -5.31335783406674       -0.45478068177614       -0.76429218910009
H           -4.39253030151532       -1.00596056942951        2.10155979349222
H           -5.74264510805517       -1.82260480505367        1.29514126730774
H           -4.09552541411148       -2.02395933301248        0.68377826148060
41
 energy: -65.057066100406 gnorm: 0.000113286336 xtb: 6.7.1 (edcfbbe)
C            3.27722282071970        2.01362341879518        2.59018964712806
C            1.88949551070419        1.45987986184710        2.34347187184856
O            1.69883365448091        1.06834004999147        0.96657086378867
P            2.36233095402308       -0.22861464934271        0.34005048592115
S            2.64379022908798       -1.72962276679511        1.57291051001001
O            3.67497852423806        0.36579979721901       -0.32989617092025
C            4.81507110938780       -0.43486568369225       -0.68947290426153
C            4.54986985279070       -1.31374912203695       -1.89511983986934
S            1.04199780370693       -0.53788067802081       -1.28697710117877
C           -0.17661054535281       -1.56094915999088       -0.40838032380942
S           -1.23792009553824       -0.63595767457635        0.72822796223445
P           -2.54088592186683        0.22473918021359       -0.73124559777379
S           -2.92099558918411       -0.87806375409846       -2.30071965041845
O           -1.88635633513130        1.59717147131129       -1.15351912455044
C           -1.15681734513805        2.52042858912796       -0.31295283190280
C           -1.95408420248929        2.98809795905151        0.88569460741056
O           -3.81804592244527        0.67907237015112        0.10007463808595
C           -5.00160902507482       -0.12796528359215        0.23284624008820
C           -4.79137387480070       -1.32215632165779        1.14134887438440
H            3.33512347721174        2.38725552416081        3.60810912905181
H            4.02209355472313        1.23004162350480        2.45925158010051
H            3.49098958324235        2.82207981553506        1.89613811097484
H            1.11946377531718        2.21455182604654        2.50945442599078
H            1.69848795718817        0.58965777019709        2.97910972084527
H            5.59514242331052        0.29966354479212       -0.89570651745726
H            5.09702650214816       -1.04533013257337        0.17450841261133
H            3.80827840700154       -2.07345639909203       -1.65176506183629
H            4.18102029218394       -0.71855144677576       -2.72659296590485
H            5.47312168875365       -1.80499275771242       -2.18730974249144
H            0.34551910741387       -2.30725544441394        0.19034071398340
H           -0.79509766323351       -2.02611075135581       -1.17720130486148
H           -0.22730513324854        2.03689338423760       -0.00081221172596
H           -0.92634939908511        3.34343564179379       -0.99116868358856
H           -2.15181018756000        2.15508333348368        1.55783151853451
H           -1.38213471479079        3.74473169403811        1.41482015951290
H           -2.90149933337854        3.41384928894093        0.56592006470740
H           -5.74044903550427        0.56184006240254        0.64394630341269
H           -5.31351424251213       -0.45423032728464       -0.76440835827646
H           -4.39253667939786       -1.00553589297510        2.10137592667154
H           -5.74290538501006       -1.82194963319074        1.29512856214470
H           -4.09588855138370       -2.02362032617576        0.68356173251276
41
 energy: -65.057066236111 gnorm: 0.000082539664 xtb: 6.7.1 (edcfbbe)
C            3.27705670416625        2.01332441571348        2.59046914866810
C            1.88926913207977        1.45980755668183        2.34349059706748
O            1.69882633687962        1.06821286547901        0.96660835302087
P            2.36230351414958       -0.22885000264056        0.34022260873445
S            2.64353254765684       -1.72983421558592        1.57314570904723
O            3.67506660748136        0.36548442287286       -0.32964358588535
C            4.81513333049943       -0.43527125861766       -0.68901014309314
C            4.55000869880162       -1.31424442970820       -1.89462714698485
S            1.04215289315584       -0.53807627703459       -1.28694174136533
C           -0.17665441273948       -1.56100544948054       -0.40845638331919
S           -1.23799600885102       -0.63591968225181        0.72807981520733
P           -2.54086138591471        0.22485758533025       -0.73140290305782
S           -2.92115668895902       -0.87801143018272       -2.30075708744240
O           -1.88618102576017        1.59718537637049       -1.15380583153679
C           -1.15657393649434        2.52047453543250       -0.31341707991955
C           -1.95382011369112        2.98843201660599        0.88515528475992
O           -3.81797259321837        0.67942962771463        0.09991837486668
C           -5.00161898842244       -0.12743363762568        0.23269741895917
C           -4.79153929188525       -1.32163102418938        1.14125718425852
H            3.33482219226632        2.38695555000607        3.60840004372005
H            4.02181881777025        1.22961086384339        2.45968685102139
H            3.49109693891351        2.82174201812039        1.89645352159101
H            1.11934814124016        2.21464287614130        2.50927236044856
H            1.69796896683531        0.58969155071045        2.97919022128117
H            5.59529936293014        0.29916628388187       -0.89522225269967
H            5.09698084792356       -1.04569785430669        0.17503819713910
H            3.80833997642602       -2.07387883373111       -1.65127850380049
H            4.18128322834540       -0.71908302423917       -2.72618452950279
H            5.47325727682717       -1.80557468559725       -2.18668552013705
H            0.34529721420354       -2.30743517539918        0.19026298259272
H           -0.79517810477188       -2.02602600980892       -1.17733060788386
H           -0.22711552799716        2.03691908397075       -0.00114416839723
H           -0.92596886122648        3.34335613307685       -0.99174563191510
H           -2.15173825407462        2.15550658037834        1.55734998139520
H           -1.38176753683559        3.74499839799098        1.41425702841660
H           -2.90113643390395        3.41432848339785        0.56528005157892
H           -5.74040812908722        0.56245165020281        0.64376265844797
H           -5.31358448767340       -0.45371187744280       -0.76453942755471
H           -4.39263387517748       -1.00501859725867        2.10126192839776
H           -5.74313331838311       -1.82129227111391        1.29508541496532
H           -4.09615570797717       -2.02320413621912        0.68348048003721
41
 energy: -65.057066363012 gnorm: 0.000078033684 xtb: 6.7.1 (edcfbbe)
C            3.27689761667071        2.01305228814264        2.59070440794973
C            1.88907533991566        1.45969805150805        2.34352839836806
O            1.69878216574010        1.06801950124634        0.96667116823105
P            2.36223695743838       -0.22913353464252        0.34039745526443
S            2.64327382087128       -1.73007461251685        1.57340742360921
O            3.67512473134626        0.36513552819518       -0.32935887409807
C            4.81518110201195       -0.43569463370774       -0.68853240252710
C            4.55016740675482       -1.31470340049057       -1.89415391659585
S            1.04224234257492       -0.53826283047425       -1.28693249845905
C           -0.17676966757732       -1.56105141878689       -0.40857280125465
S           -1.23803055858339       -0.63582287533659        0.72796374614788
P           -2.54083088660849        0.22497117902574       -0.73158498620925
S           -2.92123505977159       -0.87799614178678       -2.30087011718363
O           -1.88598463795481        1.59719675825193       -1.15408081775684
C           -1.15633143549514        2.52052975583445       -0.31383064263691
C           -1.95360171580132        2.98881648267398        0.88460862588980
O           -3.81787947205117        0.67976165922982        0.09977475047394
C           -5.00159953460731       -0.12695974887642        0.23254937024087
C           -4.79168722603103       -1.32111751813122        1.14120831553620
H            3.33456846873133        2.38668124661632        3.60864440845946
H            4.02157912149737        1.22924380810747        2.46002524274957
H            3.49113229297638        2.82143855073686        1.89671057002380
H            1.11923555849073        2.21465984043229        2.50913706149531
H            1.69755484687108        0.58967394603349        2.97929187193368
H            5.59543243554420        0.29867653809535       -0.89467055982363
H            5.09688815848553       -1.04611216409549        0.17557097936716
H            3.80837874975642       -2.07424596321976       -1.65088660392872
H            4.18163866770883       -0.71953953642780       -2.72579768763233
H            5.47341179615729       -1.80614449931073       -2.18603840244217
H            0.34503465104407       -2.30756759257685        0.19017126362007
H           -0.79531063965494       -2.02597273288612       -1.17749491300404
H           -0.22694474212865        2.03694137892075       -0.00138430950396
H           -0.92557198880421        3.34327188152508       -0.99228429649628
H           -2.15179032080716        2.15600216026652        1.55686279536216
H           -1.38142354569429        3.74530077680305        1.41369544275121
H           -2.90078704755022        3.41490258415015        0.56458905429790
H           -5.74035432935659        0.56301930387845        0.64352309762021
H           -5.31355779133349       -0.45328942692909       -0.76467717221116
H           -4.39281771170631       -1.00446225616360        2.10121492499131
H           -5.74333241782667       -1.82068841091882        1.29500895267244
H           -4.09632745573540       -2.02277592090765        0.68352534583568
41
 energy: -65.057066477589 gnorm: 0.000077385689 xtb: 6.7.1 (edcfbbe)
C            3.27675523236060        2.01281498098001        2.59088577462389
C            1.88891059187443        1.45956775127007        2.34359722371344
O            1.69872988617840        1.06782902304349        0.96675116857285
P            2.36217635469055       -0.22938261310218        0.34057144661198
S            2.64296284708203       -1.73034133976007        1.57360901241623
O            3.67518060437709        0.36481017621644       -0.32906948882082
C            4.81522550924325       -0.43609664662944       -0.68808166187274
C            4.55032390851417       -1.31509390514748       -1.89373358213377
S            1.04233923164814       -0.53847859776962       -1.28684892512964
C           -0.17687528646491       -1.56112030145589       -0.40861518627867
S           -1.23810735753314       -0.63578354487780        0.72785843059732
P           -2.54076502518419        0.22506668473964       -0.73176349603787
S           -2.92137676337749       -0.87784522212535       -2.30099281729110
O           -1.88578839646912        1.59719847730468       -1.15435366030132
C           -1.15610747790470        2.52058388606717       -0.31419649474790
C           -1.95341825368183        2.98919397075269        0.88408969089294
O           -3.81777270863199        0.68004684524903        0.09960155058930
C           -5.00157069523914       -0.12655639751647        0.23236762597696
C           -4.79181914821647       -1.32062550196087        1.14117665623332
H            3.33436606509656        2.38643868561091        3.60882831760512
H            4.02139078317228        1.22895346625733        2.46027418704774
H            3.49111521736633        2.82118487893004        1.89691377496163
H            1.11911859410536        2.21460975837278        2.50907300107851
H            1.69724264033031        0.58960338353805        2.97940218545889
H            5.59554934658626        0.29822641528240       -0.89411951023855
H            5.09678042197134       -1.04652650472574        0.17606428644992
H            3.80839468541912       -2.07453640890287       -1.65058651958474
H            4.18202339081227       -0.71990543810914       -2.72545907413785
H            5.47356128529013       -1.80665564772776       -2.18543252475634
H            0.34478071877068       -2.30771779912854        0.19015130517483
H           -0.79542147831134       -2.02593931433495       -1.17759425915302
H           -0.22680860827736        2.03694138524953       -0.00157220443405
H           -0.92518168863834        3.34317754932403       -0.99277605561228
H           -2.15189155275354        2.15650103521722        1.55640876823879
H           -1.38111866964099        3.74559807839306        1.41316238699152
H           -2.90046270858872        3.41547630711877        0.56391311657781
H           -5.74030547976792        0.56352237391668        0.64321167452028
H           -5.31348337606342       -0.45297049838059       -0.76484641336400
H           -4.39305627615218       -1.00389134971053        2.10120009085649
H           -5.74350004131956       -1.82014537435270        1.29490830263891
H           -4.09642827716508       -2.02235470562790        0.68365556719353
41
 energy: -65.057066576510 gnorm: 0.000072735740 xtb: 6.7.1 (edcfbbe)
C            3.27663859084050        2.01261572105006        2.59104185587147
C            1.88879045323910        1.45942394187779        2.34368510417264
O            1.69867403326089        1.06763901243162        0.96684284300121
P            2.36210983656412       -0.22960984827691        0.34073141028931
S            2.64270892480038       -1.73056928716962        1.57381626054719
O            3.67521520639444        0.36451184315757       -0.32879183263176
C            4.81525761552324       -0.43645475092219       -0.68767904998261
C            4.55045980283194       -1.31541689257058       -1.89337276395954
S            1.04237785165375       -0.53866930685325       -1.28678423040603
C           -0.17702223150509       -1.56116553023757       -0.40865234297102
S           -1.23817615005998       -0.63569411667356        0.72778784159039
P           -2.54071718072110        0.22517410216177       -0.73194534826386
S           -2.92139173033236       -0.87781850506808       -2.30112869532236
O           -1.88560669309468        1.59721770640960       -1.15460627746658
C           -1.15589283126518        2.52063178220539       -0.31450444986740
C           -1.95325629284640        2.98952115278054        0.88363086065994
O           -3.81769060766371        0.68030640461015        0.09941429609705
C           -5.00154895828804       -0.12621259427401        0.23217971732339
C           -4.79194906982723       -1.32017667260697        1.14115222214786
H            3.33421482012289        2.38623791234649        3.60898422249122
H            4.02124791928234        1.22872499913825        2.46046506432746
H            3.49106408546553        2.82097369139370        1.89707875865525
H            1.11902049364421        2.21450783052830        2.50907449850801
H            1.69703946433988        0.58949048796459        2.97950844521490
H            5.59564054526202        0.29783662105691       -0.89360815172757
H            5.09666757998567       -1.04691267072143        0.17649435054369
H            3.80839678363177       -2.07476983383112       -1.65035910621683
H            4.18237641953560       -0.72018837689159       -2.72516275099329
H            5.47368974964230       -1.80708757922621       -2.18490622282434
H            0.34453550179752       -2.30779383468741        0.19016386718710
H           -0.79555285826894       -2.02594417124159       -1.17766810088122
H           -0.22669047013799        2.03691210103174       -0.00172206768011
H           -0.92480284757324        3.34309243994229       -0.99318893067334
H           -2.15198837854987        2.15694116772388        1.55601106050450
H           -1.38085580057833        3.74586114425806        1.41268822397056
H           -2.90017305713180        3.41597182851892        0.56330299660021
H           -5.74027283975457        0.56396738116291        0.64287330360375
H           -5.31338586001790       -0.45272704336861       -0.76502488590135
H           -4.39331893325411       -1.00333979944323        2.10119491545777
H           -5.74365996495387       -1.81966033135686        1.29480266615350
H           -4.09650487648583       -2.02197012484164        0.68381409397843
