41
 energy: -65.053562775732 gnorm: 0.053884619691 xtb: 6.7.1 (edcfbbe)
C            5.71751240731070       -0.16295337471466       -0.76435669581369
C            4.67054316400234       -1.01276069434925       -0.08321413692990
O            3.62368821451101       -0.16106285772897        0.50021852946087
P            2.21113146871871        0.06325544416016       -0.24130622633391
S            2.25367276695848        0.46134328154927       -2.14633747506736
O            1.55479953326240        1.15719530797899        0.73001157187472
C            1.60250015132686        2.59144119399039        0.41743479618635
C            2.97939168684678        3.16794199046679        0.64453924940818
S            1.21037401581262       -1.72299105167838        0.31696534373292
C           -0.15545938380774       -1.80742921068347       -0.92401569727390
S           -1.84536646823404       -1.90451024570353       -0.22194186340989
P           -2.26660987613920        0.14712519981102        0.17162668031022
S           -1.67599657954634        1.40801596448339       -1.18141888484650
O           -1.65783730836355        0.50388736661623        1.61379490478258
C           -1.54539233244831       -0.42610805353605        2.74860814510582
C           -2.88027796171274       -0.83901919346972        3.31839336916383
O           -3.84628600601020        0.05696849078804        0.46644132297862
C           -4.86768122392325        0.43731172740937       -0.51980645858334
C           -5.06385595702379       -0.61629200603416       -1.58094879093744
H            6.13483134672289        0.57349551744924       -0.07025224155586
H            6.52967193693595       -0.81430638483219       -1.10553124570475
H            5.30182720109050        0.35738398411210       -1.63192549324076
H            5.08562909678577       -1.55981702607002        0.76798161729629
H            4.21550693035136       -1.73197366283971       -0.77340486807988
H            1.26342403666336        2.72839750853689       -0.61339298805574
H            0.86333680594036        3.02664350349737        1.09343315972855
H            2.93256657710864        4.25096428790150        0.49165360005550
H            3.32314364997079        2.97650561742639        1.66558154971006
H            3.70937188231583        2.75643398276803       -0.06087545377306
H           -0.02641397328208       -2.72985072142872       -1.49722286174990
H           -0.08372156106488       -0.95034349244516       -1.60455432302905
H           -0.95898545060637       -1.28975083847905        2.42277533555098
H           -0.96041045113367        0.14201439300400        3.47466280912820
H           -3.43901983955157       -1.48127344330778        2.63144431610742
H           -2.69185089456994       -1.40874062876318        4.23386689655017
H           -3.49171119603947        0.03072472839442        3.57392134829724
H           -5.76636235533875        0.56975713802068        0.08550863404587
H           -4.58298148488852        1.40170813480654       -0.95245878000197
H           -5.89608062197252       -0.30525568436945       -2.22105839849757
H           -4.17584517071484       -0.72564966522227       -2.21008238132118
H           -5.31359277252085       -1.58441446874847       -1.13811665464437
41
 energy: -65.057422435406 gnorm: 0.028110249560 xtb: 6.7.1 (edcfbbe)
C            5.71144825513348       -0.16422274274927       -0.76534925357714
C            4.65667776429167       -1.00330776485054       -0.07991156151717
O            3.61772687610054       -0.15709436818232        0.49372846048887
P            2.20360750694956        0.05844105543212       -0.23290804454814
S            2.23718170905936        0.46989606798182       -2.14990485601397
O            1.55034687830057        1.15383013819449        0.72777481118770
C            1.59939204862547        2.57598087389529        0.41649320782430
C            2.97392756903110        3.15995678167578        0.64108897080703
S            1.16736725805526       -1.68739674262055        0.33899793631204
C           -0.15187267841528       -1.79163968707379       -0.93450572673343
S           -1.81312095346937       -1.91620079946016       -0.20462094983980
P           -2.26558550693665        0.12088913477481        0.17218405904134
S           -1.66569103291970        1.42043975608802       -1.16182053511212
O           -1.64977971163282        0.47682897689091        1.60295976430495
C           -1.54204774310379       -0.43226572235344        2.74009981750967
C           -2.87823409149778       -0.84016263446295        3.31186775381410
O           -3.84157798097631        0.07200001055119        0.46589359391910
C           -4.85086301748947        0.44222041082114       -0.51570498312603
C           -5.05375441640789       -0.61533023739078       -1.57466717827224
H            6.12038466624537        0.56948369208721       -0.07314866824839
H            6.51682975167903       -0.81258925055400       -1.10670390505874
H            5.29127717706216        0.35514898272512       -1.62532562783718
H            5.06848974344594       -1.54521455485370        0.77426780348742
H            4.19754972515346       -1.71374905326098       -0.77302042485015
H            1.26801350989847        2.71086249253960       -0.61756271085268
H            0.85849758715482        3.00775451059734        1.09164139336877
H            2.92954132801078        4.23743886068859        0.48718657648353
H            3.31347309366387        2.95934903776250        1.65566477743159
H            3.69139390238249        2.73635820846324       -0.06231337534592
H           -0.01080462993490       -2.71904344361493       -1.48822549317709
H           -0.08820666676505       -0.92229893591748       -1.59477367931475
H           -0.96341069706541       -1.30291071196061        2.42024090464614
H           -0.95817331678795        0.14786726155623        3.45730968667325
H           -3.42970692176080       -1.46781848889495        2.61332740625953
H           -2.70017418302610       -1.40668600846041        4.22527214545894
H           -3.47986036176387        0.03443767504202        3.55155789968781
H           -5.74775922100386        0.57805792645061        0.09108698915906
H           -4.55696584032281        1.39690890084210       -0.96121678261822
H           -5.88059597786711       -0.31152506684618       -2.21574426080302
H           -4.16145700989860       -0.72394635911679       -2.19027309074910
H           -5.29230038745518       -1.57673612366966       -1.12430158964548
41
 energy: -65.059001168499 gnorm: 0.011676800608 xtb: 6.7.1 (edcfbbe)
C            5.69608055931956       -0.16260641408366       -0.76434957333038
C            4.63240170473299       -0.99463950646646       -0.07656387696563
O            3.60218848209250       -0.14872670341939        0.48237310496654
P            2.18722404427466        0.06148946239846       -0.22566791787468
S            2.21067634768638        0.46671946321809       -2.14765908322509
O            1.53865738516437        1.15759725931104        0.72334880362263
C            1.58865022666899        2.56592930378468        0.41532916410444
C            2.96704286962241        3.14719324625835        0.63774127064469
S            1.14360132987670       -1.66680077948300        0.35991439036935
C           -0.15994339171251       -1.77038344489160       -0.92210036294625
S           -1.82432117882668       -1.92914574349563       -0.23105585314987
P           -2.25049579392666        0.10748653093698        0.17595537286674
S           -1.63841080970637        1.41334627328531       -1.15109458120370
O           -1.63047875018290        0.45100704541536        1.59706383164016
C           -1.53055516376293       -0.44092891095773        2.73307929138823
C           -2.87535799482918       -0.83942233503780        3.29814267182905
O           -3.82105733673045        0.08987414311377        0.46410532127505
C           -4.82204808104468        0.44741008127762       -0.50924190256654
C           -5.02994869653666       -0.61850859974201       -1.56392407420727
H            6.10097915178764        0.56935424397805       -0.07351258982582
H            6.49437150658256       -0.81226668006702       -1.10443072921746
H            5.27340153469676        0.35552389260485       -1.62074006489690
H            5.04306220460570       -1.53270925077863        0.77937548688332
H            4.17729165106608       -1.70164529917857       -0.77390587067482
H            1.26477965283276        2.70200389758580       -0.62178280990289
H            0.84700241687408        2.99967348356902        1.08753155919225
H            2.92803773828289        4.22013165180500        0.48232877625238
H            3.30376707857956        2.93835728993882        1.64809396911857
H            3.67224797081686        2.71123579020940       -0.06661086834434
H            0.00281600057660       -2.68823492725046       -1.47953069365350
H           -0.09696742104627       -0.89099909651434       -1.56563069232097
H           -0.95855971985544       -1.32124263812916        2.42660148216137
H           -0.95003808759618        0.14513142083075        3.44758622675116
H           -3.41955448570972       -1.45403086370312        2.58617940524486
H           -2.71253197911987       -1.40619478640346        4.20926252376743
H           -3.46755676024646        0.04176931869445        3.52504385625429
H           -5.71950235421213        0.58796255857087        0.09551900617267
H           -4.52808992626035        1.39430549139646       -0.97098044118418
H           -5.85395959204898       -0.32166615677981       -2.20458909026037
H           -4.13406444941936       -0.72525362837829       -2.17083766707699
H           -5.25965387962376       -1.57408402465637       -1.10372551105313
41
 energy: -65.059515937164 gnorm: 0.007182931718 xtb: 6.7.1 (edcfbbe)
C            5.67891118625068       -0.15996563755202       -0.76248788464004
C            4.61059673875545       -0.99002086673627       -0.07395886854115
O            3.58368517660691       -0.14142959191289        0.47557340744075
P            2.16791979165717        0.06481905443837       -0.22079827407100
S            2.18575785114242        0.45777007078262       -2.14503603683712
O            1.52209524860982        1.16189617225484        0.72045762323362
C            1.57552783274088        2.56439940830030        0.41388487555322
C            2.95997628813537        3.13708431886651        0.63501118717423
S            1.12701489250660       -1.66338469731740        0.38116063814956
C           -0.15888306377751       -1.76878434794381       -0.91937296431810
S           -1.82250155420251       -1.92694333807371       -0.23896204799171
P           -2.23831471930906        0.11198137358969        0.17769174499713
S           -1.60927042885973        1.40865838553673       -1.14902907616116
O           -1.60815322899670        0.43439173926747        1.59246202511213
C           -1.51827157758922       -0.45093039994723        2.72913503322474
C           -2.87283718585184       -0.83844899207986        3.28481412224561
O           -3.80430225329662        0.11359273709435        0.46679634916994
C           -4.80274762036033        0.45709477524638       -0.50519078681731
C           -5.00550935218560       -0.62179224629617       -1.55156083300837
H            6.08505612614389        0.57188668813165       -0.07168991344781
H            6.47440830361671       -0.81315841988108       -1.10192024246778
H            5.25596312651871        0.35806064806451       -1.61951194707033
H            5.02102507965809       -1.52772221378691        0.78236161124171
H            4.16185344296921       -1.69938135025703       -0.77357171664771
H            1.25461682720919        2.70594640155659       -0.62417754432892
H            0.83608970804122        3.00616138260381        1.08339224787778
H            2.92974489362337        4.20970742593409        0.47892581495078
H            3.29643554405392        2.92362197349453        1.64486643844824
H            3.65857485547562        2.69303794274482       -0.07165731537768
H            0.01643243180233       -2.67668976024665       -1.48953005740756
H           -0.09710900366838       -0.87946494101373       -1.55080427728111
H           -0.95064044600262       -1.33905022482346        2.43517648967965
H           -0.93957361371293        0.13196083033674        3.44748885607450
H           -3.41501486782898       -1.44607262870619        2.56480778062944
H           -2.72453583659266       -1.40863175120824        4.19574535746402
H           -3.45821864354380        0.04917385810028        3.50644404174013
H           -5.70343801764412        0.60280781813704        0.09369409508035
H           -4.51399279005785        1.39933290933515       -0.98127791847565
H           -5.82982884037003       -0.33432759957518       -2.19536417001407
H           -4.10731217667822       -0.72888823011218       -2.15587870212634
H           -5.23004612124643       -1.57428661757976       -1.08146790183216
41
 energy: -65.059748326742 gnorm: 0.006560110904 xtb: 6.7.1 (edcfbbe)
C            5.66425712860197       -0.15745061745459       -0.76089675865680
C            4.59454488593214       -0.98584433947715       -0.07075834405918
O            3.56958459369069       -0.13285644004018        0.47400677028367
P            2.15286373412166        0.06845071077186       -0.21577208662547
S            2.16500272732524        0.44692588649787       -2.14251804713429
O            1.50557767561116        1.16554654548546        0.71981364289137
C            1.56363641490170        2.56725090663138        0.41323416788163
C            2.95316196772835        3.13091643366037        0.63264721834464
S            1.11285478434115       -1.66123433002484        0.38637626044969
C           -0.17117134050415       -1.77022563372122       -0.91676591607577
S           -1.83889637457430       -1.93490910424009       -0.24959665544294
P           -2.21974652879394        0.11497544772636        0.17632384782437
S           -1.58233020504452        1.41108549091936       -1.14640612070049
O           -1.58048005871940        0.42021104740669        1.58690851664429
C           -1.50711095428694       -0.46071530635946        2.72842328110503
C           -2.87041681647143       -0.83731866403830        3.27293385410419
O           -3.78247260132668        0.13629906604431        0.46978040569475
C           -4.78272483114881        0.46637529472557       -0.50434690069471
C           -4.98086772242180       -0.62523701881873       -1.53989185281409
H            6.07357822403292        0.57460777372242       -0.07052172733556
H            6.45854217227208       -0.81373925786798       -1.10103747658913
H            5.24106799489138        0.36102126232803       -1.61876432274626
H            5.00373168858651       -1.52420881974386        0.78613486077404
H            4.14775474937894       -1.69787688362861       -0.77007633206669
H            1.24232969315359        2.71343686352404       -0.62453683836733
H            0.82755494386401        3.01665475144735        1.08184533118197
H            2.93219564868065        4.20470702701470        0.47674882665683
H            3.29019229972023        2.91452454680310        1.64280790745391
H            3.64784993005242        2.68158046322618       -0.07593177992706
H            0.01644009765535       -2.67157225529351       -1.49503228446476
H           -0.10690434325480       -0.87832943388418       -1.54589627663610
H           -0.94287876978270       -1.35464018600328        2.44463352398348
H           -0.93007153135409        0.11780163790876        3.45183764432171
H           -3.41190144094102       -1.44097647986268        2.54796724004825
H           -2.73576578236548       -1.41091587871714        4.18487587799989
H           -3.45041958019168        0.05564233801099        3.49140692185409
H           -5.68595980802073        0.61650860356110        0.08999932398451
H           -4.50071540858280        1.40538836006421       -0.99219400202088
H           -5.80746340960191       -0.34861485167454       -2.18721201380621
H           -4.08212247762533       -0.73443536625189       -2.14434797561312
H           -5.20111736578736       -1.57479753161118       -1.05956045108096
41
 energy: -65.059859431846 gnorm: 0.004676896158 xtb: 6.7.1 (edcfbbe)
C            5.65326548052811       -0.15649240985320       -0.75910749320106
C            4.58317608144286       -0.98368843328648       -0.06933634884528
O            3.55654029800495       -0.12883623326920        0.47365105273506
P            2.14028005522021        0.07006399584756       -0.21676869060421
S            2.15706102054352        0.44509434558048       -2.14367021202877
O            1.49103759384940        1.16703111757981        0.71703885367501
C            1.55629055995745        2.57114820212448        0.41232663765816
C            2.94844268958101        3.12785181323298        0.63100167912472
S            1.10924089878550       -1.66515260514934        0.38771644185286
C           -0.17125109700680       -1.77652631066199       -0.92055402513592
S           -1.84173150235615       -1.92917266556529       -0.25960027738358
P           -2.21115951679344        0.12022745632788        0.17843284772077
S           -1.56365269909787        1.40778658164038       -1.14639596799023
O           -1.56211919697402        0.41312583144882        1.58603415545919
C           -1.50142308240562       -0.46782391522029        2.73080482448127
C           -2.86944803602089       -0.83717740592619        3.26642348190475
O           -3.77230730386171        0.15782324475847        0.47630974513887
C           -4.77285928559178        0.47480828901988       -0.50490694337553
C           -4.96401201510521       -0.62654202473450       -1.53081261551574
H            6.06493995686781        0.57544247679009       -0.06910817610675
H            6.44762126673603       -0.81379484074268       -1.09981361031275
H            5.23112594548911        0.36261819389790       -1.61758320169744
H            4.99038987608940       -1.52226758022368        0.78868361511246
H            4.13621767665996       -1.69701983302059       -0.76781073144841
H            1.23287125465020        2.71994298853100       -0.62437115016787
H            0.82323383818735        3.02355239401396        1.08246848688769
H            2.93309184997053        4.20268481516277        0.47643101206300
H            3.28583118395051        2.90995083511992        1.64133114720025
H            3.64176394098120        2.67725895856369       -0.07859998429225
H            0.01585412703439       -2.67907212666908       -1.49657996143388
H           -0.10354425052176       -0.88785621207862       -1.55429457381673
H           -0.93865089281483       -1.36352732839463        2.45068459964869
H           -0.92578122581528        0.10841623633773        3.45736103695042
H           -3.41069559200245       -1.43921674158486        2.53951629312705
H           -2.74243419038560       -1.41247180152426        4.17905861011397
H           -3.44660540263104        0.05825246546707        3.48369397092920
H           -5.67777387214348        0.62708751960071        0.08629728739743
H           -4.49366581197116        1.41131592883103       -0.99915177127472
H           -5.79218775220749       -0.35976668790593       -2.18164000276777
H           -4.06499810089464       -0.73732729253143       -2.13528320248411
H           -5.18079076418612       -1.57373918276766       -1.04323557867322
41
 energy: -65.059917736917 gnorm: 0.002318043489 xtb: 6.7.1 (edcfbbe)
C            5.64629947625013       -0.15598902147923       -0.75770001393109
C            4.57673196587975       -0.98181539038972       -0.06803285374285
O            3.54942221433225       -0.12527324229622        0.47534107855591
P            2.13389799193019        0.07209853007262       -0.21859568232465
S            2.15510190858079        0.44613877737372       -2.14567516802059
O            1.48134742483984        1.16833126841100        0.71495168994146
C            1.55200410488239        2.57503390337915        0.41203910286670
C            2.94516710512813        3.12674535839484        0.62983827381973
S            1.10461733945186       -1.66526817494742        0.38149621803457
C           -0.17652744163663       -1.78332687048626       -0.92539758192267
S           -1.84695730621209       -1.92684009095782       -0.26209052546555
P           -2.20307964183793        0.12388189393651        0.17827617328324
S           -1.55119772972855        1.41139318197957       -1.14506225744758
O           -1.54855122292271        0.40845631103514        1.58496806049358
C           -1.49872802871988       -0.47333496037225        2.73244571623510
C           -2.86901383952244       -0.83778214714732        3.26176064414698
O           -3.76304257245610        0.17276323610070        0.48047962898335
C           -4.76487897060846        0.48008181242008       -0.50581629758749
C           -4.95102302469776       -0.62702944980128       -1.52438014808291
H            6.05934938344695        0.57553675056449       -0.06812594912690
H            6.44031523361592       -0.81362289090573       -1.09890463808896
H            5.22475403297017        0.36355503860640       -1.61609534027656
H            4.98209843839174       -1.51985824619745        0.79118464200071
H            4.12733042608547       -1.69493843185588       -0.76514640984147
H            1.22600627320951        2.72442260165472       -0.62346848549587
H            0.82134853102140        3.02669216073220        1.08515680852365
H            2.93171609445423        4.20193078907288        0.47677424561309
H            3.28293466691053        2.90781598179582        1.63981466732144
H            3.63769006535671        2.67663326745824       -0.08062763194406
H            0.00750730739856       -2.69180438538901       -1.49264231218645
H           -0.10472326711025       -0.90023987798270       -1.56667184043036
H           -0.93611748002063       -1.36931565825807        2.45417652704770
H           -0.92524935471125        0.10309478803556        3.46062123181366
H           -3.40969212317598       -1.43943439149731        2.53433897108200
H           -2.74628625464609       -1.41275202226037        4.17526724125742
H           -3.44480579483122        0.05874921036762        3.47741890212674
H           -5.66990913969183        0.63203264316772        0.08504225913057
H           -4.48700004554053        1.41494934280042       -1.00280922412555
H           -5.78084429021529       -0.36744580413872       -2.17611155932966
H           -4.05258963188508       -0.73792868263420       -2.12950779776974
H           -5.16423882022373       -1.57232504959566       -1.03188910451195
41
 energy: -65.059932274466 gnorm: 0.001417061505 xtb: 6.7.1 (edcfbbe)
C            5.64367752039360       -0.15597023257912       -0.75694605435134
C            4.57401661170415       -0.98109243263355       -0.06760030704465
O            3.54633116444032       -0.12458095142927        0.47630687503456
P            2.13157697347918        0.07274481537152       -0.22104656192639
S            2.15632701005157        0.44923481060763       -2.14789866633865
O            1.47760292295585        1.16849930288260        0.71323171300836
C            1.55064019918540        2.57618049942062        0.41203483456384
C            2.94377246601544        3.12653751709531        0.62911362722007
S            1.10294743561820       -1.66447314057568        0.37891530244414
C           -0.17748079050801       -1.78645806035223       -0.92796177280510
S           -1.84858015893930       -1.92573270982711       -0.26432546770373
P           -2.20003501291770        0.12471499501472        0.17881720680290
S           -1.54687438650356        1.41234385868285       -1.14444823978145
O           -1.54486869402402        0.40789013231656        1.58556539001321
C           -1.49847973706881       -0.47447692921738        2.73346205065639
C           -2.86922893017911       -0.83855318678704        3.25989019101147
O           -3.75948719497967        0.17828234865892        0.48232338113333
C           -4.76163006519957        0.48210498683567       -0.50559235877058
C           -4.94578314444701       -0.62647072034781       -1.52177375992898
H            6.05652178477952        0.57519504164471       -0.06734488237279
H            6.43733846764135       -0.81352080359927       -1.09803245191407
H            5.22250238979880        0.36376009443529       -1.61509158256734
H            4.97877698747926       -1.51845072134828        0.79213452615654
H            4.12353937350916       -1.69352694468818       -0.76434530012866
H            1.22342304041169        2.72617204193975       -0.62279249128791
H            0.82112417217690        3.02609207861431        1.08733722346064
H            2.93003725104153        4.20164397123502        0.47707658735528
H            3.28202584055120        2.90651375483746        1.63836930184182
H            3.63541168603534        2.67690142069915       -0.08213973053844
H            0.00376695013446       -2.70018548730950       -1.48786044930268
H           -0.10321663987511       -0.90744851659456       -1.57441289305248
H           -0.93535466026274       -1.36996825188966        2.45518651203783
H           -0.92663446203884        0.10303289005606        3.46193350654693
H           -3.40874757943909       -1.44035889936968        2.53202992463773
H           -2.74780363384155       -1.41252764386147        4.17396900453095
H           -3.44524566772054        0.05798035371426        3.47371687949537
H           -5.66639933741560        0.63292476672717        0.08580433436779
H           -4.48392881772084        1.41635737960323       -1.00316243931284
H           -5.77651659864815       -0.36995875780967       -2.17294817921675
H           -4.04773122132821       -0.73620040213269       -2.12725317597364
H           -5.15614951060347       -1.57114020927384       -1.02760034737597
41
 energy: -65.059935832427 gnorm: 0.000816279254 xtb: 6.7.1 (edcfbbe)
C            5.64288908722778       -0.15578419506406       -0.75663714942437
C            4.57300880011357       -0.98063223928355       -0.06703508723484
O            3.54593752701152       -0.12411476785406        0.47738675950739
P            2.13122297095470        0.07324464557837       -0.22166205877496
S            2.15643343464247        0.44967592168414       -2.14845836221196
O            1.47689765938017        1.16911540507906        0.71299797939376
C            1.54982554110822        2.57651835020462        0.41241049426511
C            2.94322897604340        3.12653239745458        0.62831367111479
S            1.10248478226003       -1.66359364693154        0.37677118345767
C           -0.17761931560141       -1.78925161318101       -0.92919245263995
S           -1.84863661092311       -1.92508517629324       -0.26354596560904
P           -2.19879045117318        0.12509020445630        0.17882711877098
S           -1.54500149243055        1.41252903513370       -1.14467113713533
O           -1.54473850405755        0.40866028476434        1.58609551923033
C           -1.49865292985013       -0.47400423964149        2.73350042505611
C           -2.86969010220726       -0.83920490988101        3.25858066578012
O           -3.75783147588638        0.18025435003609        0.48261621675574
C           -4.76032151308261        0.48307491643054       -0.50471786213416
C           -4.94363524104985       -0.62569633753297       -1.52080993115115
H            6.05537232333746        0.57527881870857       -0.06699598977248
H            6.43612566155834       -0.81353163860889       -1.09743157150510
H            5.22172986450858        0.36389796502946       -1.61467385360647
H            4.97810744422725       -1.51756379038288        0.79264898836444
H            4.12221977613054       -1.69271369588683       -0.76366512464340
H            1.22180918579747        2.72710100174091       -0.62202149590056
H            0.82103988637071        3.02550659832859        1.08902862538288
H            2.92910073963992        4.20151455850302        0.47684080776440
H            3.28247378546853        2.90554941617370        1.63680985834937
H            3.63368683091731        2.67694758927481       -0.08397280865325
H            0.00181524010111       -2.70607657648064       -1.48478574212688
H           -0.10259711865834       -0.91260923298156       -1.57846338443422
H           -0.93470194402399       -1.36909885060481        2.45544918486852
H           -0.92819125708922        0.10414558244221        3.46240319261635
H           -3.40751741879791       -1.44172311792788        2.53023570916896
H           -2.74902089724408       -1.41212040676414        4.17323501205731
H           -3.44673019868527        0.05703615081973        3.47043029907266
H           -5.66491167827993        0.63276020631560        0.08722333798630
H           -4.48328627243474        1.41736353853284       -1.00244898433582
H           -5.77541539638232       -0.37098526745121       -2.17089985930749
H           -4.04589273261287       -0.73341383993167       -2.12692576737506
H           -5.15104296258637       -1.57058133524096       -1.02614920036202
41
 energy: -65.059937233034 gnorm: 0.000387208947 xtb: 6.7.1 (edcfbbe)
C            5.64255398125318       -0.15560932414217       -0.75650169060955
C            4.57244119926430       -0.98057210734927       -0.06681030318330
O            3.54534820772146       -0.12438146464325        0.47741105211124
P            2.13056147667556        0.07294269258046       -0.22221911999332
S            2.15665212541492        0.45010887908664       -2.14877417209822
O            1.47667488562498        1.16901636056500        0.71273902519302
C            1.54934844836387        2.57611276059693        0.41259293980095
C            2.94304955895499        3.12636715297584        0.62763191822821
S            1.10271861189248       -1.66410688210842        0.37862497084579
C           -0.17684686617909       -1.78969022055396       -0.92769419043293
S           -1.84856450275625       -1.92570339855154       -0.26259332451634
P           -2.19809332466844        0.12509800487213        0.17844577843565
S           -1.54403806377124        1.41208092166061       -1.14534252033050
O           -1.54510435307025        0.40953345330233        1.58616887329878
C           -1.49867615200520       -0.47309583189577        2.73324550871763
C           -2.86992888144444       -0.83944511386303        3.25778172970491
O           -3.75702026425486        0.18060520628621        0.48209935139157
C           -4.75999271655949        0.48334757230698       -0.50426505745071
C           -4.94321100395457       -0.62529083632810       -1.52091984692483
H            6.05487087786406        0.57562433122214       -0.06687455459753
H            6.43586008676468       -0.81344913971452       -1.09702959153676
H            5.22145270938752        0.36389602206852       -1.61471495398552
H            4.97793229412959       -1.51753607844557        0.79270454537603
H            4.12212524519010       -1.69283238467125       -0.76357189519422
H            1.22082869829183        2.72746475768887       -0.62161868478015
H            0.82103793226432        3.02539555213566        1.08958625492120
H            2.92902922289018        4.20141457598376        0.47647957250449
H            3.28314168911342        2.90492314704659        1.63577095910762
H            3.63279644281873        2.67683875703874       -0.08542332730739
H            0.00233466157619       -2.70691786588549       -1.48270010515015
H           -0.10179695608830       -0.91383843803258       -1.57800440925910
H           -0.93415069106810       -1.36800406691998        2.45557105126780
H           -0.92889547123116        0.10496221677080        3.46273882024995
H           -3.40654201032108       -1.44289442196935        2.52928025553384
H           -2.74956212841745       -1.41174109990752        4.17283874847771
H           -3.44792084188670        0.05647638626851        3.46858253617311
H           -5.66460039664065        0.63247073488119        0.08784352971064
H           -4.48402077206119        1.41798657864939       -1.00208797967435
H           -5.77593782774032       -0.37137191813927       -2.17011267683485
H           -4.04580668788750       -0.73152158398801       -2.12788797362071
H           -5.14886443970807       -1.57065182811144       -1.02634978294502
41
 energy: -65.059937771975 gnorm: 0.000304603268 xtb: 6.7.1 (edcfbbe)
C            5.64257868973669       -0.15542777068816       -0.75650138826816
C            4.57262356025875       -0.98040936109689       -0.06642485762191
O            3.54579664860574       -0.12410621592283        0.47780462061511
P            2.13066346218263        0.07291126605006       -0.22144775179157
S            2.15574393306774        0.44849956928184       -2.14822022153736
O            1.47692283870050        1.16916284606523        0.71339416287190
C            1.54906576323321        2.57601970928986        0.41286479455517
C            2.94300969898475        3.12638139222890        0.62704049542878
S            1.10294629796611       -1.66424313935035        0.37887580546237
C           -0.17675929091406       -1.79078809370142       -0.92705750254532
S           -1.84878207589148       -1.92568233533585       -0.26212203826817
P           -2.19807720582835        0.12527394133800        0.17844910774446
S           -1.54301940545236        1.41057992746207       -1.14622807726878
O           -1.54522507914574        0.41020709893172        1.58630691926745
C           -1.49862549507154       -0.47240994894791        2.73322335830748
C           -2.86998368532693       -0.83949706602473        3.25731448933348
O           -3.75704237493069        0.18140324569349        0.48193407555141
C           -4.76022961257777        0.48364028115091       -0.50423035733675
C           -4.94307771981503       -0.62506375301834       -1.52112608683668
H            6.05499363639906        0.57605621422894       -0.06707239100300
H            6.43600895841666       -0.81332156163543       -1.09699247133531
H            5.22129963196313        0.36383793549145       -1.61484630537138
H            4.97837664817307       -1.51752160220600        0.79295007474482
H            4.12235244341776       -1.69294193830482       -0.76307355041983
H            1.21997699389872        2.72742810889650       -0.62121665597222
H            0.82112529616994        3.02581819582841        1.08998849473479
H            2.92906374183526        4.20150246041654        0.47596636828527
H            3.28375264990402        2.90492532119753        1.63504602210346
H            3.63238444903810        2.67692189989817       -0.08650176402284
H            0.00260304940883       -2.70769348750855       -1.48249831505893
H           -0.10196939278252       -0.91487215852212       -1.57740239786610
H           -0.93368755567929       -1.36712707148494        2.45577800847497
H           -0.92920876740110        0.10548935240134        3.46317174800373
H           -3.40583716309184       -1.44379522543953        2.52887777265752
H           -2.74965054500561       -1.41137665671216        4.17267221368583
H           -3.44869480291190        0.05613805445064        3.46756632249460
H           -5.66496526947135        0.63242959648278        0.08780102093856
H           -4.48510167080391        1.41855076847943       -1.00214065471884
H           -5.77650910757790       -0.37172601973310       -2.16978798246001
H           -4.04596181047615       -0.73037449238959       -2.12880573209552
H           -5.14769635746318       -1.57078722847429       -1.02668811283779
41
 energy: -65.059937973105 gnorm: 0.000165496194 xtb: 6.7.1 (edcfbbe)
C            5.64253630649652       -0.15543160114439       -0.75644860417166
C            4.57269476832973       -0.98040897188314       -0.06636798215358
O            3.54573560109691       -0.12418312644143        0.47784879592738
P            2.13057699693132        0.07276733018629       -0.22131057752227
S            2.15585642079339        0.44832130172373       -2.14805899166080
O            1.47689805064330        1.16907266772766        0.71348849842367
C            1.54911478786877        2.57598327259583        0.41284217436243
C            2.94301338207688        3.12638107224396        0.62677281750012
S            1.10292948729118       -1.66436063813364        0.37927436459210
C           -0.17685019687099       -1.79080599103150       -0.92659733817698
S           -1.84863957275124       -1.92571584250710       -0.26125119500212
P           -2.19797911288774        0.12528937694483        0.17826106612857
S           -1.54287560930312        1.41066898877271       -1.14636092829018
O           -1.54514685730945        0.41036633333777        1.58616957595163
C           -1.49868794908109       -0.47221714261255        2.73318001857144
C           -2.86994348302588       -0.83944299760863        3.25720304232329
O           -3.75697036316792        0.18158494408211        0.48171941083427
C           -4.76028914295873        0.48355490897516       -0.50448673331796
C           -4.94298475233139       -0.62505789890093       -1.52135404815121
H            6.05490825212120        0.57615383704103       -0.06712022306984
H            6.43606865377794       -0.81321626891296       -1.09689563288354
H            5.22124069387182        0.36371057961799       -1.61484002502920
H            4.97842096955013       -1.51746325861522        0.79306376133414
H            4.12241333162856       -1.69301222746788       -0.76295457975870
H            1.21976575680065        2.72717456762607       -0.62118190769891
H            0.82129138765426        3.02573720487212        1.09011500947535
H            2.92886062495808        4.20149689974114        0.47572965103421
H            3.28391793291797        2.90501350004476        1.63473795269950
H            3.63237311902882        2.67706441819370       -0.08685004059598
H            0.00235337601705       -2.70787072201631       -1.48182648408579
H           -0.10208557107164       -0.91497773593007       -1.57711605531169
H           -0.93350178387180       -1.36681188442925        2.45585500985459
H           -0.92947883900764        0.10591386881801        3.46312541556149
H           -3.40563056077371       -1.44406925242395        2.52892318476913
H           -2.74947730270583       -1.41106100191541        4.17272416512535
H           -3.44891688972561        0.05606620205827        3.46722294341162
H           -5.66498219740869        0.63203267322059        0.08768813453928
H           -4.48535608332326        1.41856726699859       -1.00225824282473
H           -5.77663610962815       -0.37181723883370       -2.16975435540480
H           -4.04603496453564       -0.73012770907733       -2.12928367653159
H           -5.14731855437298       -1.57085764617012       -1.02698611015334
41
 energy: -65.059937949802 gnorm: 0.000227563792 xtb: 6.7.1 (edcfbbe)
C            5.64248963815521       -0.15543792136704       -0.75637710198505
C            4.57279856288218       -0.98041523698818       -0.06627951925653
O            3.54567580640855       -0.12428217667591        0.47791823567483
P            2.13049099062234        0.07258188252118       -0.22111973573803
S            2.15597219201188        0.44806771412017       -2.14786029273288
O            1.47687830390561        1.16895150396585        0.71361414006389
C            1.54917473425348        2.57593074415552        0.41281015672724
C            2.94301586869222        3.12638134881631        0.62641656549272
S            1.10289549373636       -1.66448657044639        0.37979938287437
C           -0.17696479681598       -1.79086385470089       -0.92601358552229
S           -1.84851751760625       -1.92576577908066       -0.26028613282555
P           -2.19788004960894        0.12531128376298        0.17806517546231
S           -1.54268854477206        1.41069293414422       -1.14655980650899
O           -1.54507544799118        0.41061756044773        1.58602584724080
C           -1.49876791629418       -0.47191527403390        2.73315513297047
C           -2.86989979529052       -0.83935133235103        3.25706447752980
O           -3.75690507745988        0.18182712154679        0.48146633201677
C           -4.76037708401363        0.48344392533772       -0.50481101809807
C           -4.94285324407851       -0.62506384536615       -1.52164744859263
H            6.05479760022106        0.57628174358322       -0.06717640595576
H            6.43614893500775       -0.81308908089740       -1.09676163904579
H            5.22116881579626        0.36354237605924       -1.61483053291353
H            4.97849541383116       -1.51738311447143        0.79322733163256
H            4.12250279888119       -1.69310847440514       -0.76278243967842
H            1.21950003707917        2.72684633414691       -0.62114200166020
H            0.82150051120360        3.02562920374013        1.09027037220092
H            2.92860299474591        4.20149159242926        0.47540944588176
H            3.28413699787494        2.90512003549832        1.63432450062886
H            3.63234524937930        2.67723831139261       -0.08731590819957
H            0.00207730392166       -2.70812235220412       -1.48097785083790
H           -0.10220238164950       -0.91514746052197       -1.57674156598320
H           -0.93325572404034       -1.36634809417727        2.45598262575284
H           -0.92983363087730        0.10652000507445        3.46309358793676
H           -3.40535622210498       -1.44440386972056        2.52897470770482
H           -2.74927396484905       -1.41062900618812        4.17279861521793
H           -3.44922034243484        0.05599309088502        3.46676972617436
H           -5.66502537761304        0.63152045760340        0.08753392229130
H           -4.48569606136760        1.41858644443456       -1.00241324394451
H           -5.77678348655047       -0.37197098934569       -2.16973028974810
H           -4.04610416181607       -0.72981268023065       -2.12988558288603
H           -5.14680341763349       -1.57096644172629       -1.02736691873762
41
 energy: -65.059938080596 gnorm: 0.000106248077 xtb: 6.7.1 (edcfbbe)
C            5.64251377262348       -0.15544733306450       -0.75635647957670
C            4.57281813092898       -0.98043782685584       -0.06620455188087
O            3.54572487352034       -0.12429067916273        0.47794947776944
P            2.13057761795381        0.07256231796070       -0.22110200410064
S            2.15584037389297        0.44806538104870       -2.14794617061545
O            1.47691729581122        1.16890397194897        0.71359662205497
C            1.54914544768099        2.57586572851848        0.41279297117581
C            2.94299387619531        3.12635681080734        0.62634450680624
S            1.10276874569259       -1.66434551829843        0.37999919188128
C           -0.17692079787582       -1.79098300582469       -0.92600857164789
S           -1.84875549326075       -1.92585447676311       -0.26095463989484
P           -2.19799784272813        0.12528223857146        0.17824995597769
S           -1.54271410444998        1.41035403257628       -1.14667131192598
O           -1.54522923794360        0.41081519725674        1.58614929026919
C           -1.49876926049035       -0.47164952615009        2.73327550316706
C           -2.86993875914672       -0.83926103637767        3.25706885507750
O           -3.75700990146512        0.18186976916220        0.48155992236338
C           -4.76040401482059        0.48344701786737       -0.50476416453833
C           -4.94275530236654       -0.62511620605340       -1.52164152930949
H            6.05476041869630        0.57629730654992       -0.06715285626478
H            6.43614471083279       -0.81312912690852       -1.09670524038040
H            5.22116401957592        0.36350533193785       -1.61481684511397
H            4.97853215686780       -1.51734463722111        0.79331664299330
H            4.12252246275640       -1.69310572167129       -0.76270485302397
H            1.21952244540137        2.72682158626864       -0.62116761490721
H            0.82146634115575        3.02556260547017        1.09023998368997
H            2.92862545046387        4.20146555678876        0.47530867422152
H            3.28416241691004        2.90504094315290        1.63421368877263
H            3.63223943389851        2.67713038095497       -0.08741800439606
H            0.00234527752465       -2.70821363962816       -1.48095776242905
H           -0.10201004690411       -0.91526906266449       -1.57666765304120
H           -0.93321442445110       -1.36606365408594        2.45611095441792
H           -0.92988858967578        0.10683612306853        3.46319613025741
H           -3.40527653199852       -1.44433797292565        2.52890448005662
H           -2.74939138656765       -1.41050153584267        4.17282576936109
H           -3.44932035379201        0.05606976991521        3.46664550365735
H           -5.66510594772717        0.63150829682709        0.08750913261834
H           -4.48573040880876        1.41857919995326       -1.00242417823828
H           -5.77665497625967       -0.37214965839408       -2.16982245121859
H           -4.04592523010670       -0.72978691264057       -2.12978772576263
H           -5.14658865380201       -1.57103997730582       -1.02734138769775
41
 energy: -65.059938128711 gnorm: 0.000060357724 xtb: 6.7.1 (edcfbbe)
C            5.64251402703277       -0.15547307675468       -0.75630421289363
C            4.57281990604392       -0.98047722518749       -0.06606978891561
O            3.54574037179910       -0.12428950682886        0.47802979859675
P            2.13059098699865        0.07252549164178       -0.22092594613561
S            2.15565974459318        0.44771729826289       -2.14780744990475
O            1.47694493629457        1.16893789505165        0.71364883385098
C            1.54909111436183        2.57585768141276        0.41273966163543
C            2.94300048106937        3.12631946279563        0.62617626215284
S            1.10281998287222       -1.66437810578448        0.38015666845569
C           -0.17690788307759       -1.79109415729862       -0.92581527072647
S           -1.84874967740867       -1.92582725129041       -0.26079558370101
P           -2.19807969810886        0.12533798325026        0.17821766198809
S           -1.54279569689306        1.41020534868050       -1.14685890736096
O           -1.54534749037873        0.41101236249721        1.58607554730170
C           -1.49878751150485       -0.47130461897383        2.73329843806157
C           -2.86999891802600       -0.83905118031372        3.25701962383137
O           -3.75704839610788        0.18189435622128        0.48150417085503
C           -4.76044826387900        0.48337205043191       -0.50480846170106
C           -4.94259451741398       -0.62526760381497       -1.52171728133088
H            6.05471773902570        0.57634252381651       -0.06713621957420
H            6.43615113152734       -0.81318616838952       -1.09659158243261
H            5.22113106819252        0.36340157834437       -1.61481001360859
H            4.97859627412229       -1.51729718184292        0.79346711059058
H            4.12257857853121       -1.69320430684673       -0.76253197341626
H            1.21946042811972        2.72678455136940       -0.62122247493641
H            0.82143584815244        3.02562606883344        1.09016326854205
H            2.92870094053321        4.20142495636298        0.47507556841238
H            3.28425813321622        2.90501178763828        1.63402228726130
H            3.63214400579314        2.67699909503439       -0.08764247585956
H            0.00241764758087       -2.70829392889909       -1.48076811438379
H           -0.10195104513079       -0.91540687866412       -1.57646946639568
H           -0.93310350717172       -1.36569700917999        2.45629931512599
H           -0.93003294222404        0.10728788391834        3.46322189565478
H           -3.40515204678948       -1.44427525734096        2.52883585826020
H           -2.74952945621247       -1.41018309952106        4.17284660391033
H           -3.44950816643318        0.05625171318688        3.46641492228147
H           -5.66521626700896        0.63136090967620        0.08738451500587
H           -4.48589382605335        1.41852845970871       -1.00251712576666
H           -5.77650337270880       -0.37248286217438       -2.16996914702307
H           -4.04568654068548       -0.72976656050927       -2.12980380547670
H           -5.14625411890136       -1.57123141975347       -1.02739144960627
