----------------------------------------------- 
  Element       SASA      Sigma Z        Total  
     Z         Ang**2 cal/Ang**2/mol   kcal/mol 
----------------------------------------------- 
      H        239.374      48.690      11.655
      C         57.449     129.740       7.453
      O         27.622       0.000       0.000
      P          2.140       0.000       0.000
      S         98.492      -9.100      -0.896

 Subtotal:     425.077                  18.212
 -----------------------------------------------

  Elements    COT*SASA   Sigma Z,Z'     Total   
    Z,Z'       Ang**2  cal/Ang**2/mol kcal/mol  
 ---------------------------------------------- 
  H   C        161.401     -60.770      -9.808
  H   O          0.000       0.000       0.000
  C   C         32.905     -72.950      -2.400
  O   C          0.000      68.690       0.000
  O   O          0.000       0.000       0.000
  O   P         19.123      68.850       1.317

 Subtotal:                             -10.892
 ---------------------------------------------- 

 NONAQUEOUS SOLVENT CONTRIBUTION (kcal/mol):
 (proportional to SASA, atomic number independent)
 ---------------------------------------------- 
 Subtotal:                               0.000
 ---------------------------------------------- 

 CDS TOTAL (kcal/mol):                   7.320
...............................................................................
