41
 energy: -65.031288220673 gnorm: 0.056849699177 xtb: 6.7.1 (edcfbbe)
C            6.19961047047965        0.14993768776180       -1.53871552274053
C            4.82078973976692        0.63360532030166       -1.16830851211882
O            4.11943161673704       -0.48643498699610       -0.52786041992973
P            2.74364609496580       -0.22966323372322        0.26577378179292
S            2.75120607396132        1.07648710618669        1.71090156033547
O            2.51942270665436       -1.76578946265795        0.67111504949122
C            1.44795794194998       -2.16427389939069        1.59573749709184
C            0.36781993991693       -2.90743254824471        0.84791535920672
S            1.36827408922250        0.17391976981522       -1.31170888219513
C            0.25694998408616        1.41818127902471       -0.55309218524902
S           -0.92829171516935        0.81020932477593        0.71994093218146
P           -2.55610886049670        0.20340504102008       -0.50513778217303
S           -2.13943661018234       -0.99606266806081       -1.97527867684224
O           -3.27316823332675        1.53113426559314       -1.04687036538089
C           -3.75113108273379        2.60767462314950       -0.16149704528793
C           -5.25526710568082        2.56177493983354       -0.05531096566055
O           -3.58397428927753       -0.30173596682663        0.62370117450147
C           -3.54889023060759       -1.66378583366153        1.18148254498263
C           -2.93948280302136       -1.65393709382358        2.56137827357214
H            6.76902500604510       -0.13280936271659       -0.64910328980543
H            6.14862439416904       -0.70308882316669       -2.22144211045552
H            6.72877090992947        0.96427966925833       -2.04340385145388
H            4.24592842517789        0.93432981948140       -2.04963563638503
H            4.86608000796043        1.46908555872882       -0.46222608644007
H            1.93942960352556       -2.79896761237974        2.33683892274652
H            1.05630844554792       -1.27732646600963        2.10356905536778
H            0.78043772945174       -3.77677768192137        0.32683891417353
H           -0.37557708134921       -3.26052262141017        1.57066859094347
H           -0.13425551224744       -2.25825590016388        0.12400964386882
H           -0.28397542513393        1.88977140145704       -1.37896031937710
H            0.86339736201880        2.17774058960479       -0.05031567323261
H           -3.26981449433773        2.51924452993817        0.81723406345137
H           -3.40835794938756        3.52885805634188       -0.63844986169734
H           -5.58337486615093        3.41815076861470        0.54296876651787
H           -5.72181034242205        2.63463869966654       -1.04197452777469
H           -5.59376911450367        1.64657899458718        0.43778459415816
H           -4.59562595670701       -1.97533370029320        1.20747307149154
H           -3.00473797607442       -2.31686408853167        0.49189990869197
H           -3.03460965044175       -2.65579347728805        2.99250950978645
H           -1.87743708669793       -1.39465523427989        2.53077071509474
H           -3.46351137389239       -0.94818156651645        3.21283698154510
41
 energy: -65.035331878941 gnorm: 0.030081846604 xtb: 6.7.1 (edcfbbe)
C            6.19061444468924        0.15243665808826       -1.53286956545158
C            4.80491956037100        0.62671863795918       -1.15783618083604
O            4.09768790748306       -0.48085827105976       -0.52630299140011
P            2.71672725069409       -0.22880993872123        0.24179530170710
S            2.74564212677723        1.08600884979436        1.69682149181515
O            2.51209309575000       -1.75342583344520        0.67176847842280
C            1.45376337284992       -2.15242963025113        1.59017817668801
C            0.36882795537312       -2.90268728750232        0.84994882062164
S            1.31960946739220        0.15807204991073       -1.32875570868235
C            0.26834251794569        1.42979898762108       -0.55099205928287
S           -0.89058573565360        0.80893051868210        0.71733191349489
P           -2.54720340234697        0.20334895508153       -0.48472277681324
S           -2.14279530470640       -1.01479482818266       -1.95783246503339
O           -3.24442693889857        1.53304831388536       -1.02398947199143
C           -3.73926259557681        2.60054575972635       -0.15536887795693
C           -5.24620293138903        2.55845028189498       -0.05162003062835
O           -3.59150355299740       -0.31118781744296        0.61581765236077
C           -3.55023535894523       -1.65778976174865        1.17309068238004
C           -2.93949620571341       -1.65113829829652        2.55592614754464
H            6.74969427341300       -0.13773568615211       -0.64612263072612
H            6.13252153749891       -0.69998848545712       -2.20612849028364
H            6.71985072446034        0.96140495975532       -2.03419818718864
H            4.23464407678032        0.92700294434485       -2.04114133480263
H            4.84538599154989        1.46068161278277       -0.45023793991690
H            1.94869498358008       -2.78991053708826        2.32586672203287
H            1.06318967472552       -1.26103737777800        2.09206199734528
H            0.78838802023980       -3.75812848157321        0.32507269051318
H           -0.36992525556336       -3.25843690836629        1.56672029790281
H           -0.12755141731459       -2.26219887343140        0.12111901510724
H           -0.29596561362571        1.87874252324788       -1.36792893351582
H            0.89092649556227        2.16729891693974       -0.04244954155218
H           -3.26646897868041        2.50170894800319        0.82467035860900
H           -3.40024430380001        3.52064648034206       -0.63654827385009
H           -5.58140359727893        3.40811935470239        0.54207275203463
H           -5.70007488037850        2.62027648750020       -1.03882600331517
H           -5.57551252643367        1.64016782222147        0.43007421877789
H           -4.59603907642186       -1.96936029053030        1.20006651040370
H           -2.99827634124913       -2.30227959301448        0.48284860089974
H           -3.02810288251345       -2.64795633389009        2.98536271846119
H           -1.88664833363405       -1.37514481949888        2.52064566908999
H           -3.46309546229028       -0.94679479197464        3.19866844380855
41
 energy: -65.037078154952 gnorm: 0.011757777454 xtb: 6.7.1 (edcfbbe)
C            6.17129801558642        0.14987334328294       -1.52288769851957
C            4.77951154266298        0.62326524306681       -1.15056152372132
O            4.07098803713464       -0.47526966328894       -0.53217583646312
P            2.69524825362469       -0.23159661177420        0.22211090403339
S            2.72081336432978        1.10937794648421        1.65788880293307
O            2.50589832084895       -1.74171487608725        0.67356380136559
C            1.45980192727290       -2.13973136589488        1.58354331632628
C            0.37069500182929       -2.89570936293247        0.84742072870169
S            1.28151459586298        0.14691552981550       -1.33423129337360
C            0.24895478174119        1.41641765094430       -0.54376272147893
S           -0.87484553661443        0.80711539409958        0.74690308845340
P           -2.52768570085066        0.20489551183028       -0.47472604519422
S           -2.14130994660492       -1.03114628313652       -1.94136779321325
O           -3.20033405584298        1.53934314161499       -1.00200320049708
C           -3.71330314052453        2.59383955334897       -0.14518727476429
C           -5.22493404143276        2.54281230619514       -0.05148420155355
O           -3.58150761439016       -0.31324719729849        0.60274162740184
C           -3.54366153202486       -1.64387144002167        1.15997226430849
C           -2.93259688269099       -1.63943257533809        2.54689357298333
H            6.71949284239588       -0.14603738101301       -0.63499120984596
H            6.10731113501067       -0.70114301823497       -2.19181919643993
H            6.69982276729393        0.95689902794331       -2.01787070697779
H            4.21873559735935        0.93074143909250       -2.03741164621475
H            4.81992535143570        1.45440606448232       -0.43915066227973
H            1.95355433009979       -2.78219494571786        2.31493523130968
H            1.06656093880592       -1.24961104861194        2.08726406507723
H            0.79958222260400       -3.74009921305523        0.31920857759704
H           -0.36193043254220       -3.25442650552786        1.56136352330550
H           -0.12324082257198       -2.25900507903005        0.11696052117538
H           -0.32403885569266        1.86553699439526       -1.34983565534165
H            0.89281155099416        2.13468178672546       -0.03890366117661
H           -3.25414839248674        2.49495692841299        0.84040550592140
H           -3.38439841117687        3.51744345269632       -0.62575972923859
H           -5.56852056000835        3.38647435905281        0.53762679086933
H           -5.66639302602014        2.59698516933191       -1.04146559291779
H           -5.54601166910808        1.62082004679008        0.42225636676703
H           -4.58915848443988       -1.95478136208875        1.19349813707525
H           -2.99199543138940       -2.29270977969638        0.47387920996056
H           -3.01479262870512       -2.63347229112759        2.97232860310452
H           -1.88664654033273       -1.34878765139081        2.50595654310447
H           -3.46056408971850       -0.93749802126004        3.18293166423080
41
 energy: -65.037641079155 gnorm: 0.007821265228 xtb: 6.7.1 (edcfbbe)
C            6.15001899149964        0.14641680882837       -1.51493129226612
C            4.75716996227657        0.62803941020718       -1.15046381558281
O            4.04347409233663       -0.46714931775889       -0.54360960444981
P            2.67738353555940       -0.22610941117371        0.21257017939307
S            2.70565963438712        1.12824453963709        1.63614081627497
O            2.49826048012309       -1.72791218332457        0.67557939876437
C            1.45923388217453       -2.13092335699849        1.58271891928577
C            0.37134626867120       -2.88948101556718        0.84369832403462
S            1.26040648291334        0.12835200662487       -1.34879132609514
C            0.25023951276249        1.40428067783815       -0.53847615236243
S           -0.86294594890766        0.78689693844432        0.75203170495629
P           -2.52185019477176        0.20065991736897       -0.46762529094902
S           -2.11848307357733       -1.03162572294198       -1.92990246262659
O           -3.16669093283840        1.54392815607165       -0.98886776522052
C           -3.68932194760792        2.59146596181194       -0.13530748187124
C           -5.20326980014043        2.52527826880258       -0.05337851943176
O           -3.58547484196463       -0.31635584988898        0.59364513121355
C           -3.54641723966430       -1.63909410633551        1.15367663276973
C           -2.92838069859153       -1.62738257897152        2.53979645467277
H            6.68959108593987       -0.15355339505792       -0.62237975197183
H            6.08333724190777       -0.70377961905795       -2.18532926117776
H            6.68409852881946        0.95241828588934       -2.00458398417255
H            4.20641172726634        0.94589444686650       -2.04055827251113
H            4.80034820979718        1.45706425893686       -0.43585105077520
H            1.95201145733660       -2.77649168786874        2.31230463851305
H            1.06019829516144       -1.24676984806303        2.09356460914511
H            0.80719102638788       -3.72923528231860        0.31218797195687
H           -0.35819691740068       -3.25377033505443        1.55723718116977
H           -0.12529751882779       -2.25116423408440        0.11570409019283
H           -0.33376126597873        1.86060970804248       -1.33277882539116
H            0.90512901410395        2.11916165733666       -0.04234760604779
H           -3.24003391563917        2.49813082135220        0.85577625154130
H           -3.36701927436131        3.51989339146048       -0.61069818476747
H           -5.55698543696266        3.36566754920088        0.53389995525165
H           -5.63620268517870        2.57622163720630       -1.04781853350229
H           -5.51843701558309        1.59915406742040        0.41748493784401
H           -4.59050296044344       -1.95459656349470        1.19436232928019
H           -2.99596060851062       -2.29485727962456        0.47206270656679
H           -2.99862839303225       -2.62194146604587        2.96512480410714
H           -1.88525075323425       -1.32554328350359        2.49236918392129
H           -3.46189522448360       -0.92872675513390        3.17582015711099
41
 energy: -65.037915201820 gnorm: 0.006547537775 xtb: 6.7.1 (edcfbbe)
C            6.13493089674232        0.14441679501075       -1.50985295350480
C            4.74294547753715        0.63262931328856       -1.15305735184517
O            4.02633388530997       -0.46436303874996       -0.55498519552574
P            2.66744144954805       -0.22547354458806        0.20639305777271
S            2.69596893596744        1.14163260709618        1.61739895791173
O            2.49518849799520       -1.72125690629818        0.68174511839070
C            1.45593002248304       -2.12840112987072        1.58617422558633
C            0.37086686422854       -2.88624622398654        0.84149372519161
S            1.24371592067565        0.12662429472421       -1.34966633380618
C            0.23234220358214        1.39852427149868       -0.53598299025980
S           -0.85705196303291        0.76915847331512        0.77015738234665
P           -2.50976066618008        0.19748862978447       -0.46559840484458
S           -2.10557595534626       -1.03020897776342       -1.93207195334294
O           -3.13236663333995        1.54895059079524       -0.98383006430016
C           -3.66724223026423        2.58937396923869       -0.12854783396087
C           -5.18133022834807        2.50801188913339       -0.05605321420075
O           -3.58459561614673       -0.31574117941815        0.58309085340438
C           -3.54745872286197       -1.63529020697612        1.14993167548170
C           -2.92389320187800       -1.61515801876893        2.53410979808940
H            6.66650128102568       -0.15935113664015       -0.61251288389038
H            6.06705317325364       -0.70520043009090       -2.18259541719244
H            6.67712538569220        0.94888501427079       -1.99530942925004
H            4.19876028136699        0.95782983091068       -2.04503856759339
H            4.78529679657832        1.46004633922042       -0.43581515899299
H            1.94731544336891       -2.77499336254637        2.31624280683049
H            1.05211970163486       -1.24847361582631        2.10130265289820
H            0.80991390014983       -3.72340937660537        0.30620543080369
H           -0.35903069802121       -3.25639541675232        1.55328576986051
H           -0.12805076501893       -2.24443133111638        0.11687488137501
H           -0.36032168751558        1.86129219600733       -1.32191034083535
H            0.89415531518578        2.11466149756506       -0.04956230022174
H           -3.22302564380449        2.50072375706805        0.86579169670636
H           -3.34986752487303        3.52292107718509       -0.59721517260710
H           -5.54794973471847        3.34488496216246        0.53069829986439
H           -5.60801936400664        2.55668061745712       -1.05428982275959
H           -5.49030285006203        1.57756142416125        0.41258405852112
H           -4.59126772274053       -1.95229532392090        1.19637984136013
H           -3.00017756298951       -2.29926803954292        0.47251516495505
H           -2.98163704440140       -2.61060708058141        2.96203162981088
H           -1.88267993898333       -1.30441500646529        2.48124966838844
H           -3.46179689606814       -0.92000298630639        3.17229589017803
41
 energy: -65.038032137572 gnorm: 0.004132474352 xtb: 6.7.1 (edcfbbe)
C            6.12621303492710        0.14476527299847       -1.50782935207669
C            4.73556636536002        0.63734306811181       -1.15725085885454
O            4.01436045724133       -0.46132465248996       -0.56390272480514
P            2.66079855324719       -0.22082095842970        0.20589904526371
S            2.69652762014953        1.15043858714722        1.61188308465415
O            2.49152967653771       -1.71450309779648        0.68766186917119
C            1.44961282955829       -2.12747585447425        1.58998175613021
C            0.36831940036568       -2.88473706135601        0.84079399016948
S            1.23894159578432        0.12781673468058       -1.35243697820928
C            0.22598569293134        1.39447627289396       -0.53200499915577
S           -0.85598302457751        0.75777980384325        0.77726637710319
P           -2.50392743963067        0.19291028926414       -0.46589893252024
S           -2.09985135692258       -1.02844771791924       -1.93769761354566
O           -3.10945338941345        1.55217890801342       -0.98349738962476
C           -3.65236329174793        2.58769589522416       -0.12447261836810
C           -5.16482263282600        2.49539630547251       -0.05746758265081
O           -3.58863419513761       -0.31643449925693        0.57448307377781
C           -3.55026475647219       -1.63498501085638        1.14981948549773
C           -2.92190312179875       -1.60679335266861        2.53092836786093
H            6.65242759950672       -0.16220262356148       -0.60795124751953
H            6.05873628043310       -0.70397527468953       -2.18258350013142
H            6.67609282720748        0.94693243063567       -1.99022377215011
H            4.19456159001592        0.96575448017683       -2.04994402620757
H            4.77537331931690        1.46311083126532       -0.43783406560405
H            1.94254667767948       -2.77410250845575        2.31923630071048
H            1.04376524059981       -1.24988958573615        2.10719785946594
H            0.80848945285098       -3.71977622337499        0.30217918733955
H           -0.36238077707813       -3.26027620112506        1.55041605238081
H           -0.13251277526153       -2.24039077264054        0.11926307314415
H           -0.37443041086161        1.85647308921398       -1.31344055902023
H            0.88502530144406        2.11758854288386       -0.05213070108314
H           -3.20792080888011        2.49916789048611        0.86995659472137
H           -3.33735110400736        3.52420091864389       -0.58898116572722
H           -5.54125665630988        3.32888894289976        0.52927857741892
H           -5.58839037428683        2.54283690144993       -1.05744532454262
H           -5.46893889743834        1.56202148624420        0.40933384841255
H           -4.59435764314370       -1.95060553202597        1.20025971943037
H           -3.00606393085614       -2.30316671354327        0.47377233967234
H           -2.96931400244631       -2.60225899758148        2.96226140010245
H           -1.88245603643956       -1.28957986737275        2.47357334521587
H           -3.46179410789656       -0.91471492911578        3.17160526094710
41
 energy: -65.038078512178 gnorm: 0.002070988984 xtb: 6.7.1 (edcfbbe)
C            6.12362697722882        0.14587754950714       -1.50725445425234
C            4.73345454508390        0.63896093037979       -1.16045746364733
O            4.01028006956102       -0.46114992580971       -0.56851170227808
P            2.65896252801040       -0.21780837206681        0.20678067961011
S            2.69871905569263        1.15662444548853        1.60947148732841
O            2.48907552129491       -1.71058716956182        0.69243116435958
C            1.44380588548022       -2.12683392307644        1.59262253570090
C            0.36526974869704       -2.88339236807299        0.84060672589968
S            1.23655549010087        0.13357677473248       -1.34970232218759
C            0.22017525534701        1.39583547226484       -0.52890609167530
S           -0.85454848447359        0.74626790728520        0.77956173081495
P           -2.50213415674227        0.18915818101349       -0.46718151285815
S           -2.09678539493148       -1.02954504934252       -1.94088870558560
O           -3.09678691444992        1.55356884079560       -0.98542584841497
C           -3.64334097945144        2.58592321861283       -0.12313409523778
C           -5.15383018205101        2.48696942561726       -0.05722905038355
O           -3.59358933406371       -0.31752948196182        0.56801499902461
C           -3.55302137638553       -1.63526419532631        1.15068252010630
C           -2.92080476179583       -1.60090114071411        2.52880238458277
H            6.64668994772174       -0.16295000837430       -0.60648379611363
H            6.05713693273009       -0.70193633286265       -2.18321465354762
H            6.67698116690972        0.94695454309541       -1.98742329189851
H            4.19331907902534        0.96644961694546       -2.05372704724472
H            4.76958008796715        1.46402320305073       -0.44020730844308
H            1.93824992308429       -2.77371967160483        2.32053424950899
H            1.03768310245807       -1.24989266156216        2.11004048875563
H            0.80605936962698       -3.71644229317366        0.29983530414085
H           -0.36557254359661       -3.26241947164794        1.54847668012287
H           -0.13667739795985       -2.23810321518661        0.12085624006516
H           -0.38542089356189        1.85339731272727       -1.30890242071616
H            0.87482784718933        2.12333923912859       -0.04979265070941
H           -3.19601535232107        2.49524812664000        0.86977930886904
H           -3.33015552151838        3.52358441079505       -0.58653825835959
H           -5.53563979354372        3.31769914785170        0.52956957413669
H           -5.57624343683761        2.53322896081936       -1.05757030834224
H           -5.45383127297867        1.55175960459931        0.40810998400744
H           -4.59770697836155       -1.94778951061900        1.20461065516665
H           -3.01165364368745       -2.30521483185766        0.47456524481365
H           -2.96149799876330       -2.59567681932721        2.96242360675206
H           -1.88315413915089       -1.27900041191758        2.46804164980147
H           -3.46153919485958       -0.91097484020514        3.17079096512128
41
 energy: -65.038091239714 gnorm: 0.001208768231 xtb: 6.7.1 (edcfbbe)
C            6.12436251365779        0.14666933200062       -1.50707111632510
C            4.73361133259082        0.63859144673739       -1.16161532284658
O            4.00971240198819       -0.46130789146087       -0.56885800694571
P            2.65800310852259       -0.21503675300429        0.20706140870529
S            2.70197625522973        1.15872264095918        1.61046471355014
O            2.48673574500400       -1.70786605939991        0.69339206409802
C            1.44063095666549       -2.12520746146922        1.59308804585142
C            0.36314787510741       -2.88199210199771        0.84048935508746
S            1.23717536984112        0.13714981692119       -1.35089018964590
C            0.21896039760309        1.39503928173242       -0.52590279499997
S           -0.85521198845223        0.74373340368508        0.78135430658593
P           -2.50134916847329        0.18703057219079       -0.46830227340387
S           -2.09807994299581       -1.03305088587143       -1.94190137318633
O           -3.09316930709110        1.55267523493984       -0.98727799310437
C           -3.64034448569642        2.58415162868034       -0.12382906568824
C           -5.15009601356102        2.48372255391888       -0.05618772905111
O           -3.59529421170809       -0.31819058977932        0.56518820289602
C           -3.55451690005552       -1.63529465098264        1.15103382820983
C           -2.92052664997267       -1.59856362831667        2.52774573172645
H            6.64657484078569       -0.16261403906753       -0.60631398845920
H            6.05899133787613       -0.70063519076345       -2.18345229107774
H            6.67765368711933        0.94804403844155       -1.98612717693406
H            4.19366043335013        0.96381200696217       -2.05569347590115
H            4.76788973388325        1.46417283646461       -0.44209068744138
H            1.93595063513362       -2.77241572975907        2.31994529523604
H            1.03463797214142       -1.24825131971887        2.11018648224178
H            0.80479117360029       -3.71374659132649        0.29896653746457
H           -0.36699045534753       -3.26236771190982        1.54794625636436
H           -0.13949864950140       -2.23712094275083        0.12115259692840
H           -0.38795607150084        1.85088803173087       -1.30541865320307
H            0.87138139899792        2.12350299974501       -0.04516967389622
H           -3.19090493873954        2.49251476553265        0.86800056697868
H           -3.32853800698730        3.52186359533202       -0.58797285830694
H           -5.53278997454156        3.31342559172468        0.53068183824031
H           -5.57300193818933        2.52915082410831       -1.05614894470783
H           -5.44816745842881        1.54803465037756        0.40876927630524
H           -4.59969618912186       -1.94533163812311        1.20707383175387
H           -3.01484897720188       -2.30592587790211        0.47469118220189
H           -2.95910259185846       -2.59276314653727        2.96199781141435
H           -1.88387935936928       -1.27472062672549        2.46529877691310
H           -3.46138110857983       -0.90917719824028        3.16975270316507
41
 energy: -65.038097855512 gnorm: 0.001003238569 xtb: 6.7.1 (edcfbbe)
C            6.12691827010051        0.14703453919159       -1.50686238517886
C            4.73473083714920        0.63656514532625       -1.16245668015488
O            4.01210463347901       -0.46287752823516       -0.56735904838009
P            2.65899070191730       -0.21350763522361        0.20721768999369
S            2.70358474875802        1.16055634403186        1.61032887824141
O            2.48469333937975       -1.70637649816712        0.69319374898463
C            1.43824422956727       -2.12283191900396        1.59275000469708
C            0.36085262422092       -2.87993079022806        0.84028142879733
S            1.23934875032431        0.14279874722938       -1.35012986347783
C            0.21875827218818        1.39725176542241       -0.52331919682870
S           -0.85563580504133        0.74061101855933        0.78011175650585
P           -2.50239818977267        0.18411973780191       -0.46917612691397
S           -2.09757263779514       -1.03827946795491       -1.94045537977781
O           -3.09275009568051        1.54999774822682       -0.98944659485616
C           -3.63860241236664        2.58180327127549       -0.12575499035873
C           -5.14825790592112        2.48102587139731       -0.05459549813829
O           -3.59797054668716       -0.31958736095755        0.56312277615327
C           -3.55730468740107       -1.63553427190239        1.15140771616821
C           -2.92098464957756       -1.59685669155081        2.52690493157491
H            6.64875223439866       -0.16199076761679       -0.60600718124201
H            6.06352465464374       -0.69986283738949       -2.18365986011861
H            6.67851978961734        0.94992107685292       -1.98468587367781
H            4.19471162955678        0.95831079335404       -2.05775036893050
H            4.76748330653902        1.46372011759594       -0.44484047724851
H            1.93340450249852       -2.77033680871358        2.31920015571255
H            1.03263617600155       -1.24546723452417        2.10923642595681
H            0.80347885575754       -3.71054483526445        0.29824045026025
H           -0.36826767851578       -3.26110460970196        1.54781554451002
H           -0.14245234716452       -2.23563135887882        0.12109612496820
H           -0.38793987067768        1.85309323933779       -1.30251473325805
H            0.86983831016875        2.12440609712963       -0.03874285751770
H           -3.18698323665640        2.49039899897506        0.86508578397481
H           -3.32846404821405        3.51910549617469       -0.59169404713109
H           -5.52993186663676        3.31049446785698        0.53253026735589
H           -5.57299311025683        2.52552857154855       -1.05371481312541
H           -5.44470604982738        1.54533423637819        0.41090526570888
H           -4.60280436252594       -1.94352266059968        1.21000431046808
H           -3.01942095373187       -2.30722894142300        0.47504442663930
H           -2.95764803056853       -2.59053175295880        2.96170499117218
H           -1.88525263475942       -1.27123750545178        2.46230802543858
H           -3.46173196476376       -0.90752059084126        3.16873246982652
41
 energy: -65.038101399003 gnorm: 0.000524169901 xtb: 6.7.1 (edcfbbe)
C            6.12779733933791        0.14692150228509       -1.50642083975491
C            4.73465119693893        0.63551526213345       -1.16302779099168
O            4.01282538272314       -0.46319895344324       -0.56637075947287
P            2.65929104542702       -0.21231799176752        0.20727132207694
S            2.70533441362339        1.16055689857384        1.61140341090418
O            2.48330749004356       -1.70526227999486        0.69214442910293
C            1.43753157691174       -2.12089914564525        1.59220283669384
C            0.35981580134015       -2.87846326609197        0.84012159216811
S            1.24055624876563        0.14475412571807       -1.35096631291461
C            0.21890613340621        1.39744855857618       -0.52174928809284
S           -0.85563830286068        0.73904355298312        0.78089959775729
P           -2.50196511452905        0.18266026469504       -0.46977133982420
S           -2.09679068350979       -1.04134190422950       -1.93960872005155
O           -3.09264959678192        1.54789715899634       -0.99089204678942
C           -3.63784875465899        2.58022734148504       -0.12764580989842
C           -5.14781355838971        2.47929264306171       -0.05393692243127
O           -3.59802148894435       -0.32016185809456        0.56210321458008
C           -3.55880704286460       -1.63530470337578        1.15127035365099
C           -2.92137882513039       -1.59608643585916        2.52651952393788
H            6.64920940857469       -0.16165705429199       -0.60501513673211
H            6.06604023305410       -0.69993059240340       -2.18350275586621
H            6.67887540348219        0.95079092867323       -1.98346552492039
H            4.19487506342206        0.95562824095820       -2.05911432694181
H            4.76719355746404        1.46406891204387       -0.44697236412180
H            1.93218314844854       -2.76819758639326        2.31920455352505
H            1.03179722026749       -1.24339801906908        2.10848286120666
H            0.80280307527079       -3.70877982627184        0.29774829583119
H           -0.36878630797030       -3.26008993195305        1.54798436417539
H           -0.14409053946226       -2.23421182392725        0.12121595684657
H           -0.38699093484898        1.85569636587679       -1.30028354281290
H            0.87031482595331        2.12340012410585       -0.03561409060898
H           -3.18533806577226        2.49051637854720        0.86296003380448
H           -3.32892211342998        3.51733188165128       -0.59473950618288
H           -5.52826495613864        3.30925199210091        0.53354238385833
H           -5.57441710189043        2.52334769820488       -1.05236903216161
H           -5.44351252809661        1.54385123390203        0.41273496668851
H           -4.60448874738228       -1.94248189652591        1.21121200237272
H           -3.02222065757920       -2.30879856993646        0.47550993339615
H           -2.95713068624063       -2.58965643420727        2.96176182416789
H           -1.88582609345264       -1.27005613884977        2.46069501512543
H           -3.46190368279694       -0.90659143516224        3.16853483549325
41
 energy: -65.038102706003 gnorm: 0.000415564654 xtb: 6.7.1 (edcfbbe)
C            6.12820048873216        0.14687687014903       -1.50600132588768
C            4.73451346299794        0.63490825676186       -1.16394861081900
O            4.01349139174427       -0.46342236023636       -0.56598695479927
P            2.66002295566078       -0.21218051444898        0.20749626929030
S            2.70559960326141        1.16070153833363        1.61152306529981
O            2.48274053164428       -1.70517955248479        0.69160254172301
C            1.43713725325933       -2.11973885535798        1.59204932182790
C            0.35914437925314       -2.87746662713555        0.84031163100196
S            1.24192562481525        0.14737761841359       -1.35048504035500
C            0.21924296172964        1.39911192519493       -0.52044900420191
S           -0.85679563557987        0.73968459458932        0.78053757347902
P           -2.50162894478677        0.18078356870748       -0.47040150244105
S           -2.09546655778110       -1.04343850661061       -1.93972286930465
O           -3.09229883505644        1.54575101021440       -0.99222615733755
C           -3.63706561349569        2.57877604214159       -0.12958644342887
C           -5.14704100003348        2.47750783684099       -0.05363791018231
O           -3.59814918269364       -0.32116877137445        0.56125053702416
C           -3.56024010132621       -1.63553965395483        1.15153543379328
C           -2.92193577228351       -1.59577848995811        2.52651784704727
H            6.64889096612248       -0.16116650056716       -0.60387015687814
H            6.06789254799717       -0.70009409126466       -2.18317888262036
H            6.67948097168337        0.95112773622418       -1.98251491438415
H            4.19488595676058        0.95362974561568       -2.06063375728398
H            4.76657496159159        1.46473982379389       -0.44922344781076
H            1.93122585786258       -2.76638932995288        2.32011392185720
H            1.03125400212419       -1.24187130252650        2.10773566759195
H            0.80189269913749       -3.70786485834901        0.29771091780982
H           -0.36935624913519       -3.25924337171962        1.54839355556226
H           -0.14512286536227       -2.23302024362404        0.12173184037997
H           -0.38588349947121        1.85900339613799       -1.29876133903603
H            0.87057427503082        2.12452931346121       -0.03342525585054
H           -3.18354903786752        2.49091360201835        0.86075008752624
H           -3.32917760720955        3.51559789721636       -0.59795379061148
H           -5.52640482135472        3.30806203429823        0.53410275214364
H           -5.57557035471199        2.52107569082621       -1.05133901661349
H           -5.44207269106875        1.54247615471050        0.41445430004984
H           -4.60618414103364       -1.94185660667660        1.21222864080356
H           -3.02476945785993       -2.31071472649008        0.47639224967478
H           -2.95709461445769       -2.58924744607004        2.96230599114759
H           -1.88633563748339       -1.26983301456184        2.45980386913715
H           -3.46204548963164       -0.90610461520654        3.16885556246893
41
 energy: -65.038103336875 gnorm: 0.000268247209 xtb: 6.7.1 (edcfbbe)
C            6.12812175438285        0.14704811058166       -1.50569553330408
C            4.73432453619984        0.63509709427514       -1.16463109203473
O            4.01319717426455       -0.46294805210560       -0.56614801100422
P            2.66008908976273       -0.21165299286672        0.20774820053684
S            2.70660604127051        1.16033353520072        1.61256825852505
O            2.48239324461386       -1.70478411695446        0.69139385806969
C            1.43680785477560       -2.11907467776213        1.59208187258991
C            0.35885948957248       -2.87704782100525        0.84066479262422
S            1.24183577849104        0.14804775039413       -1.35024141401161
C            0.21920456889618        1.39965469988258       -0.51992929900523
S           -0.85644958543538        0.73902807405722        0.78091010450864
P           -2.50113529348311        0.18038810332622       -0.47071716666844
S           -2.09429353140948       -1.04413992037102       -1.93952718543547
O           -3.09226149138620        1.54492709285154       -0.99323306204503
C           -3.63682131008317        2.57832369913928       -0.13097090172683
C           -5.14656286077165        2.47656805334232       -0.05360530258409
O           -3.59783330986752       -0.32161160054245        0.56080493347914
C           -3.56053937334547       -1.63571945289555        1.15174460305084
C           -2.92216024116366       -1.59584181059492        2.52661792331731
H            6.64825719953738       -0.16074903478855       -0.60317629463164
H            6.06831887097156       -0.70009475214065       -2.18270438960203
H            6.67982290556875        0.95107419619438       -1.98209635081532
H            4.19483408425132        0.95306708247755       -2.06165864656781
H            4.76586417610688        1.46545180808081       -0.45045442386090
H            1.93094849371610       -2.76531673134094        2.32052229708317
H            1.03090150281972       -1.24097266664781        2.10738336485759
H            0.80146670199156       -3.70752945541634        0.29807845974671
H           -0.36956328569102       -3.25881117291820        1.54887455597242
H           -0.14556766881475       -2.23268657872666        0.12212611131139
H           -0.38580935719325        1.85987225528995       -1.29820367578870
H            0.87035904343136        2.12491278787101       -0.03242535577390
H           -3.18228923695594        2.49130673303594        0.85899181106753
H           -3.32956964283904        3.51485116046561       -0.60036541526020
H           -5.52553522483618        3.30734129149923        0.53412220317824
H           -5.57610252890246        2.51957172953005       -1.05088177851633
H           -5.44095844062984        1.54173054857873        0.41526382556976
H           -4.60670741414754       -1.94132449396367        1.21260776487783
H           -3.02558920521793       -2.31158130963355        0.47687782001581
H           -2.95749427654875       -2.58922092788253        2.96259405391734
H           -1.88647711618153       -1.27018711920369        2.45976897531984
H           -3.46198933399616       -0.90598590123459        3.16897670581070
41
 energy: -65.038103770278 gnorm: 0.000138234349 xtb: 6.7.1 (edcfbbe)
C            6.12802118195973        0.14727818766369       -1.50528664953111
C            4.73408739703658        0.63541958216396       -1.16526000672650
O            4.01274295179599       -0.46237444298124       -0.56641386361081
P            2.65992324705912       -0.21128480028195        0.20768767664541
S            2.70672929268330        1.16041917332290        1.61291521578305
O            2.48219827531157       -1.70448567156807        0.69123267367792
C            1.43667334804195       -2.11842915574069        1.59223418644850
C            0.35876541641254       -2.87677543915214        0.84127687974775
S            1.24143522956524        0.14877539224906       -1.35011887162085
C            0.21914976561335        1.40020113904313       -0.51932013330509
S           -0.85672077151093        0.73984346671773        0.78138165698318
P           -2.50055754078015        0.17994712827704       -0.47083152474024
S           -2.09316051835914       -1.04506138711090       -1.93915514300084
O           -3.09208408397865        1.54407644697610       -0.99406974560911
C           -3.63654209362983        2.57802347231208       -0.13241917890676
C           -5.14609791673568        2.47571952512473       -0.05369281255139
O           -3.59743579801335       -0.32219027620038        0.56051737481100
C           -3.56063479763747       -1.63609172253773        1.15189710460135
C           -2.92238984074351       -1.59616264456533        2.52676796908424
H            6.64755869558218       -0.16021025105587       -0.60236409707656
H            6.06848329299609       -0.70017283894672       -2.18190535147596
H            6.68004798567463        0.95097697153515       -1.98173703713737
H            4.19489895334365        0.95259041545982       -2.06275754197628
H            4.76497868224374        1.46622094983577       -0.45158200591948
H            1.93098837416078       -2.76427982826464        2.32089182101246
H            1.03082647396364       -1.24003586664114        2.10708828082718
H            0.80139273786503       -3.70737790904951        0.29894774123085
H           -0.36950973326276       -3.25831252069539        1.54969958351046
H           -0.14576587493325       -2.23279504799533        0.12249798675355
H           -0.38580699357631        1.86047838301962       -1.29755368025360
H            0.87037473500905        2.12521137572326       -0.03152280922156
H           -3.18109334934596        2.49209124908261        0.85724020722728
H           -3.33008122333179        3.51419956262398       -0.60306286553089
H           -5.52499824460723        3.30667362196822        0.53376507924372
H           -5.57647516090793        2.51778363522236       -1.05063438302172
H           -5.43969126173950        1.54105984104271        0.41596863279972
H           -4.60699185842044       -1.94105431268241        1.21276479048151
H           -3.02593087960092       -2.31226129818566        0.47720639598811
H           -2.95824500964096       -2.58944766933243        2.96285205006623
H           -1.88658426021423       -1.27090110527596        2.45999660475708
H           -3.46197604362393       -0.90597011402167        3.16891498632897
41
 energy: -65.038104036057 gnorm: 0.000140833038 xtb: 6.7.1 (edcfbbe)
C            6.12788122118263        0.14748116699615       -1.50484976581641
C            4.73379314261977        0.63584010597934       -1.16583576087816
O            4.01221635306241       -0.46178139437299       -0.56679389680734
P            2.65971257196255       -0.21090435582726        0.20757704219308
S            2.70652009900835        1.16067206628817        1.61290108161347
O            2.48213978477585       -1.70414361079295        0.69111635120364
C            1.43676859511696       -2.11783059841434        1.59251577797497
C            0.35887432055680       -2.87665910877919        0.84205897545057
S            1.24077439438530        0.14918315192057       -1.34975984925580
C            0.21903017350761        1.40089439097815       -0.51897465372194
S           -0.85701111618423        0.74058845763238        0.78161474771166
P           -2.50020120806364        0.17952356305807       -0.47071093027816
S           -2.09196924163256       -1.04585335895009       -1.93848113746637
O           -3.09198188974567        1.54328952990941       -0.99474005325950
C           -3.63634147227118        2.57792891791669       -0.13383171102435
C           -5.14579313484350        2.47495945087028       -0.05400618430935
O           -3.59725288521499       -0.32270688081549        0.56045671534705
C           -3.56064365887207       -1.63657571473514        1.15195143803717
C           -2.92263000918356       -1.59663479948443        2.52693167272707
H            6.64690744515399       -0.15953412070335       -0.60148259387271
H            6.06859794962222       -0.70037454808204       -2.18099033153963
H            6.68019225451395        0.95085685975895       -1.98148113729967
H            4.19501813340176        0.95242245678726       -2.06378031075162
H            4.76418171096671        1.46697628068597       -0.45255839649326
H            1.93130361672233       -2.76331560001746        2.32132680148542
H            1.03096405817947       -1.23923792772250        2.10705113941722
H            0.80157253427829       -3.70749911193762        0.30014809808358
H           -0.36928284968585       -3.25789830228229        1.55075195006328
H           -0.14578288462434       -2.23315579026615        0.12293272200087
H           -0.38587512229664        1.86141154567614       -1.29707643884222
H            0.87046371956449        2.12566175658098       -0.03110442177981
H           -3.18016602109283        2.49330042280356        0.85561556629354
H           -3.33063225978920        3.51371112738748       -0.60573959412905
H           -5.52476243772839        3.30616790347062        0.53299491290378
H           -5.57684810474883        2.51595603839716       -1.05070660655837
H           -5.43856664762105        1.54052665404592        0.41660574696818
H           -4.60704598124292       -1.94136766416136        1.21266846872675
H           -3.02588597073083       -2.31280589212530        0.47738569670783
H           -2.95904908354768       -2.58983568735882        2.96319529400573
H           -1.88665416440961       -1.27185777377687        2.46033484353109
H           -3.46203315332763       -0.90606438945887        3.16882592843117
41
 energy: -65.038104047306 gnorm: 0.000273102280 xtb: 6.7.1 (edcfbbe)
C            6.12774126040552        0.14768414632860       -1.50441288210171
C            4.73349888820296        0.63626062979471       -1.16641151502982
O            4.01168975432884       -0.46118834576474       -0.56717393000387
P            2.65950189686598       -0.21052391137258        0.20746640774075
S            2.70631090533340        1.16092495925344        1.61288694744389
O            2.48208129424014       -1.70380155001784        0.69100002872936
C            1.43686384219197       -2.11723204108798        1.59279736950144
C            0.35898322470106       -2.87654277840623        0.84284107115339
S            1.24011355920536        0.14959091159208       -1.34940082689075
C            0.21891058140187        1.40158764291318       -0.51862917413879
S           -0.85730146085754        0.74133344854704        0.78184783844014
P           -2.49984487534714        0.17909999783910       -0.47059033581609
S           -2.09077796490598       -1.04664533078927       -1.93780713193190
O           -3.09187969551270        1.54250261284273       -0.99541036090988
C           -3.63614085091253        2.57783436352130       -0.13524424314194
C           -5.14548835295133        2.47419937661583       -0.05431955606731
O           -3.59706997241662       -0.32322348543059        0.56039605588310
C           -3.56065252010666       -1.63705970693254        1.15200577147298
C           -2.92287017762360       -1.59710695440353        2.52709537636991
H            6.64625619472580       -0.15885799035083       -0.60060109066886
H            6.06871260624834       -0.70057625721736       -2.18007531160330
H            6.68033652335327        0.95073674798276       -1.98122523746197
H            4.19513731345986        0.95225449811470       -2.06480307952696
H            4.76338473968967        1.46773161153617       -0.45353478706703
H            1.93161885928388       -2.76235137177029        2.32176178195838
H            1.03110164239530       -1.23843998880385        2.10701399800726
H            0.80175233069155       -3.70762031482573        0.30134845493631
H           -0.36905596610893       -3.25748408386919        1.55180431661610
H           -0.14579989431542       -2.23351653253698        0.12336745724819
H           -0.38594325101696        1.86234470833265       -1.29659919743084
H            0.87055270411993        2.12611213743869       -0.03068603433805
H           -3.17923869283969        2.49450959652451        0.85399092535981
H           -3.33118329624661        3.51322269215098       -0.60841632272722
H           -5.52452663084954        3.30566218497303        0.53222474656384
H           -5.57722104858973        2.51412844157196       -1.05077883009502
H           -5.43744203350260        1.53999346704914        0.41724286113664
H           -4.60710010406541       -1.94168101564030        1.21257214697199
H           -3.02584106186074       -2.31335048606494        0.47756499742755
H           -2.95985315745439       -2.59022370538522        2.96353853794522
H           -1.88672406860499       -1.27281444227779        2.46067308230509
H           -3.46209026303133       -0.90615866489607        3.16873687053337
41
 energy: -65.038104208057 gnorm: 0.000146092071 xtb: 6.7.1 (edcfbbe)
C            6.12786675012763        0.14774951141712       -1.50446289360777
C            4.73356709082642        0.63615229516909       -1.16626545067211
O            4.01185179536162       -0.46135687912550       -0.56710910255453
P            2.65951329078144       -0.21045766920395        0.20749589122621
S            2.70640912263539        1.16137226194883        1.61261326150313
O            2.48212641045697       -1.70370292277286        0.69117576198333
C            1.43697902045582       -2.11726446436563        1.59294737351221
C            0.35911710980373       -2.87661066687465        0.84294447244274
S            1.24027208751593        0.14960586007091       -1.34956542274667
C            0.21875328398898        1.40133840753988       -0.51866149429656
S           -0.85742685019533        0.74115131722518        0.78193758006275
P           -2.50004386575800        0.17909428069218       -0.47058922525478
S           -2.09124545716289       -1.04676679071228       -1.93780794639799
O           -3.09197383926105        1.54254481312502       -0.99536562704186
C           -3.63629202253955        2.57781204170827       -0.13515702394264
C           -5.14568239450045        2.47427386016209       -0.05445206683162
O           -3.59722032565080       -0.32306504002291        0.56047376103455
C           -3.56057690135312       -1.63700540936662        1.15189449290312
C           -2.92280244303218       -1.59705044845133        2.52699973530612
H            6.64657575943450       -0.15869030839224       -0.60071955679039
H            6.06890195738155       -0.70049743589609       -2.18013845809923
H            6.68025748096777        0.95092639064159       -1.98133899244064
H            4.19518055421853        0.95226337604739       -2.06458960293819
H            4.76357782385856        1.46755603452793       -0.45331191260495
H            1.93176419899631       -2.76241147470254        2.32186920576218
H            1.03112967851639       -1.23856062871778        2.10722870493895
H            0.80191539772554       -3.70769195933562        0.30148153522410
H           -0.36894052735474       -3.25755768030593        1.55189560872726
H           -0.14566054234780       -2.23357983088727        0.12347799846708
H           -0.38612656107403        1.86210255049270       -1.29662373249887
H            0.87031026571619        2.12595865357239       -0.03074794471309
H           -3.17956703620486        2.49436041218901        0.85413127475299
H           -3.33122116949821        3.51322935589149       -0.60817777259176
H           -5.52474012734685        3.30578833897994        0.53202701271675
H           -5.57722450755048        2.51422644072691       -1.05098570706313
H           -5.43775486004989        1.54009636836077        0.41708920429299
H           -4.60694361505508       -1.94191101583834        1.21242708629318
H           -3.02562228513639       -2.31311729371196        0.47736755562254
H           -2.95968137817237       -2.59016180588648        2.96344271211088
H           -1.88669733762233       -1.27265645977639        2.46056868360509
H           -3.46212225017862       -0.90617116906358        3.16863821739203
41
 energy: -65.038104341359 gnorm: 0.000078784585 xtb: 6.7.1 (edcfbbe)
C            6.12799872790361        0.14794703349494       -1.50446161873884
C            4.73360875490753        0.63611049095461       -1.16610115635917
O            4.01200348469532       -0.46145141809044       -0.56712232950923
P            2.65955767791960       -0.21021246043774        0.20755059312485
S            2.70676257701199        1.16189557255387        1.61229288771725
O            2.48225611230526       -1.70335041763260        0.69152396802084
C            1.43732242877413       -2.11714346291998        1.59333341888743
C            0.35952444585777       -2.87670872979080        0.84339369560718
S            1.24025490841800        0.14942522034177       -1.34952065187073
C            0.21846100400103        1.40110097519800       -0.51877852157332
S           -0.85770036853583        0.74100598929749        0.78191052587318
P           -2.50038716543239        0.17899207657505       -0.47055823374925
S           -2.09181098090246       -1.04704823221121       -1.93769591028409
O           -3.09213029629435        1.54247171491823       -0.99537707740566
C           -3.63662273052697        2.57773750479002       -0.13530085864671
C           -5.14606238749278        2.47426913756364       -0.05488835761255
O           -3.59747306042742       -0.32295998162376        0.56062443727910
C           -3.56040094196015       -1.63704750175310        1.15170521401640
C           -2.92275594552302       -1.59708685023020        2.52688386551394
H            6.64697345390193       -0.15816625775809       -0.60074749485161
H            6.06915925740376       -0.70042148612550       -2.17998777719005
H            6.68007509324558        0.95121739359616       -1.98158249934301
H            4.19523401808727        0.95239983029511       -2.06436370458673
H            4.76369602019684        1.46743409622116       -0.45303705303675
H            1.93225971038545       -2.76222314301603        2.32223168189607
H            1.03123892453954       -1.23859432366572        2.10770071909701
H            0.80238030749957       -3.70786563593901        0.30208382775012
H           -0.36855465354543       -3.25757979273214        1.55238310933225
H           -0.14524867776125       -2.23377547268905        0.12384225105975
H           -0.38644179399204        1.86172193664775       -1.29682303318394
H            0.86993917764929        2.12585787259443       -0.03094614198159
H           -3.18014909779209        2.49433707363195        0.85409504159602
H           -3.33146412284027        3.51315192435930       -0.60826799609066
H           -5.52519136089201        3.30599282438236        0.53129660196535
H           -5.57737626626021        2.51397740024120       -1.05152165620805
H           -5.43827920118708        1.54024438171910        0.41686825471554
H           -4.60661836559889       -1.94253408517802        1.21204501718075
H           -3.02505869573943       -2.31276904693237        0.47706291547923
H           -2.95956593138821       -2.59020205035156        2.96332214504803
H           -1.88667805754177       -1.27257442794117        2.46053030638563
H           -3.46223320134518       -0.90626045527896        3.16845879146941
41
 energy: -65.038104309565 gnorm: 0.000220777693 xtb: 6.7.1 (edcfbbe)
C            6.12812104692922        0.14811667257509       -1.50446206307372
C            4.73364743997704        0.63606236797881       -1.16594949619212
O            4.01214270663456       -0.46154549668141       -0.56713461702800
P            2.65959421427488       -0.20998717066887        0.20759695967651
S            2.70710764407900        1.16234796139892        1.61201258382610
O            2.48236291096291       -1.70303082633520        0.69182455697323
C            1.43762761458543       -2.11703999044001        1.59366887506089
C            0.35988412680158       -2.87680027597211        0.84378420926944
S            1.24023259125239        0.14926673637732       -1.34947995678640
C            0.21818139048971        1.40088358894647       -0.51888185291286
S           -0.85796587472118        0.74089202924986        0.78189952530217
P           -2.50069566552403        0.17889714660865       -0.47052777915290
S           -2.09234882794781       -1.04731248467779       -1.93759610135888
O           -3.09226399450346        1.54240761240003       -0.99537943387939
C           -3.63691180367173        2.57767177317670       -0.13542005895224
C           -5.14639861282367        2.47427408806264       -0.05527006339673
O           -3.59769750186583       -0.32285263871194        0.56076726724439
C           -3.56024037967509       -1.63707610723943        1.15153187248665
C           -2.92270615930360       -1.59711427870708        2.52677536127499
H            6.64733694302043       -0.15770256115710       -0.60077451749122
H            6.06939938289845       -0.70035689745398       -2.17985894991395
H            6.67991010132967        0.95147815933198       -1.98179896932609
H            4.19528387686315        0.95251874704862       -2.06415348260849
H            4.76381236600027        1.46731069043382       -0.45278235823413
H            1.93270080999158       -2.76206623664911        2.32254148533174
H            1.03132865785117       -1.23863761796509        2.10812307832021
H            0.80279016470898       -3.70802401788679        0.30260732070442
H           -0.36821303225154       -3.25760659674627        1.55280919332495
H           -0.14488710679208       -2.23394883222521        0.12416362607938
H           -0.38673905679138        1.86138188771059       -1.29699983826278
H            0.86959398508812        2.12576177219813       -0.03112479156145
H           -3.18066944995292        2.49431870596315        0.85407402669663
H           -3.33167378885048        3.51308479767582       -0.60833557659288
H           -5.52558923779499        3.30618621667940        0.53065592355015
H           -5.57750537564145        2.51376878125748       -1.05199301079507
H           -5.43874744572791        1.54038578091441        0.41667615554277
H           -4.60632202657997       -1.94309270926809        1.21169984477427
H           -3.02454941801684       -2.31244141207421        0.47677944132215
H           -2.95945410481536       -2.59023321548007        2.96320923482515
H           -1.88665218465768       -1.27249623533379        2.46048521428388
H           -3.46232414410530       -0.90633469723562        3.16829435844260
41
 energy: -65.038104409423 gnorm: 0.000089901473 xtb: 6.7.1 (edcfbbe)
C            6.12799419588018        0.14817224772243       -1.50437802789052
C            4.73355897394581        0.63625983867682       -1.16609119651863
O            4.01194419105430       -0.46134287781588       -0.56725626674827
P            2.65955445470066       -0.21007981060832        0.20758875911048
S            2.70666229350285        1.16253262460513        1.61192183821391
O            2.48247648833631       -1.70313007998306        0.69186647604365
C            1.43767049645134       -2.11700141461178        1.59375105755317
C            0.35994236079043       -2.87680381050076        0.84394602415722
S            1.24014338758527        0.14925462813746       -1.34945542859801
C            0.21830277311033        1.40097926524870       -0.51883330127121
S           -0.85778950372204        0.74094730087499        0.78197564306355
P           -2.50053472659516        0.17898064259570       -0.47052330293338
S           -2.09184200348263       -1.04716199590970       -1.93754133564891
O           -3.09228925276251        1.54237266481900       -0.99551042411439
C           -3.63694014310998        2.57773661138988       -0.13567045328323
C           -5.14637358955250        2.47414380095551       -0.05537240228137
O           -3.59755396570494       -0.32300847243357        0.56071412719744
C           -3.56018931940279       -1.63720638117750        1.15158536981302
C           -2.92279420425344       -1.59725966503389        2.52687647567811
H            6.64706915153275       -0.15761446205849       -0.60060897205036
H            6.06920858943097       -0.70040444259139       -2.17965118366230
H            6.67995052702737        0.95136317222889       -1.98177867598869
H            4.19527246509807        0.95262787551868       -2.06438306733622
H            4.76358564222928        1.46755060241355       -0.45297654478739
H            1.93277135096134       -2.76191390261815        2.32268841318435
H            1.03146869017759       -1.23847346859709        2.10806077937213
H            0.80284699008732       -3.70808880368313        0.30287335648056
H           -0.36816152854518       -3.25751464833344        1.55299858799943
H           -0.14481619139259       -2.23406729991396        0.12420670611841
H           -0.38664709170902        1.86147040050175       -1.29692720409958
H            0.86972394802641        2.12586461906183       -0.03112955018112
H           -3.18052968592553        2.49455920317919        0.85377298006998
H           -3.33181266080296        3.51308219415054       -0.60879585019348
H           -5.52562287732996        3.30606089914916        0.53046069642727
H           -5.57758812166627        2.51345511129973       -1.05206312424449
H           -5.43857001699298        1.54027255146961        0.41671284149830
H           -4.60630926490307       -1.94307728382302        1.21168505416321
H           -3.02450703170817       -2.31265865112366        0.47693014746492
H           -2.95972138313715       -2.59036676042626        2.96332715210781
H           -1.88669021264212       -1.27279239004563        2.46071597000890
H           -3.46236141286337       -0.90640441563115        3.16834505289910
