----------------------------------------------- 
  Element       SASA      Sigma Z        Total  
     Z         Ang**2 cal/Ang**2/mol   kcal/mol 
----------------------------------------------- 
      H        224.732      48.690      10.942
      C         56.789     129.740       7.368
      O         36.348       0.000       0.000
      P          2.529       0.000       0.000
      S         96.742      -9.100      -0.880

 Subtotal:     417.140                  17.430
 -----------------------------------------------

  Elements    COT*SASA   Sigma Z,Z'     Total   
    Z,Z'       Ang**2  cal/Ang**2/mol kcal/mol  
 ---------------------------------------------- 
  H   C        151.529     -60.770      -9.208
  H   O          0.000       0.000       0.000
  C   C         32.520     -72.950      -2.372
  O   C          0.000      68.690       0.000
  O   O          0.000       0.000       0.000
  O   P         25.219      68.850       1.736

 Subtotal:                              -9.844
 ---------------------------------------------- 

 NONAQUEOUS SOLVENT CONTRIBUTION (kcal/mol):
 (proportional to SASA, atomic number independent)
 ---------------------------------------------- 
 Subtotal:                               0.000
 ---------------------------------------------- 

 CDS TOTAL (kcal/mol):                   7.585
...............................................................................
