41
 energy: -65.026687215563 gnorm: 0.054233792682 xtb: 6.7.1 (edcfbbe)
C            1.65679698938634        2.76879889088519       -1.40408026378666
C            2.01467033800980        2.41609464012986        0.01984217049000
O            3.04215197810714        1.36328265068462        0.01130703095208
P            2.74623296766334       -0.00937669793989        0.80171310523410
S            2.38321522313050        0.10135450933220        2.71082859129855
O            4.10145564538185       -0.73595440383258        0.33804280842058
C            4.65855445120325       -1.89541671466468        1.04575526739300
C            3.87586686025375       -3.16345990429609        0.79664516329684
S            1.21707865681387       -0.92719415904033       -0.37389579251848
C           -0.09803780669788       -1.31444240934607        0.83867812794050
S           -1.43373628230313       -0.06629923266133        0.99717480935536
P           -2.30731985067240       -0.15251799751509       -0.95051916260291
S           -2.03694458871597       -1.85073723697734       -1.86291444332969
O           -1.73208927181746        1.07725409985805       -1.79767723662759
C           -2.25656337851233        2.45398067730681       -1.76501114680692
C           -2.10125095024725        3.13183271515333       -0.42409911408923
O           -3.81879238169808        0.32399892113493       -0.67725129622240
C           -4.76661432613794       -0.54052470463766        0.04116316063518
C           -6.15529550146463       -0.02898769151883       -0.24589627086744
H            0.95188641261996        3.60674749000869       -1.38947228613928
H            2.54605703068680        3.07327647771878       -1.96827602451024
H            1.18192448024287        1.91956284024774       -1.90986392929239
H            1.13508134052271        2.07610335651429        0.58186530598782
H            2.46165232237210        3.26155176923511        0.55300395056579
H            5.67178550529411       -1.97001994924396        0.64550812695914
H            4.71550124969534       -1.65157709021707        2.11199179395302
H            2.88647634934097       -3.13230225380532        1.26323251417021
H            3.76000900322311       -3.35026241725614       -0.27539063623704
H            4.43295360659930       -3.99917139984936        1.23426445904107
H            0.34439835669432       -1.40897314197821        1.83620250115225
H           -0.53376162975024       -2.26746228028987        0.53135429324909
H           -1.66501519775409        2.95608786603888       -2.53321738241965
H           -3.30117286980683        2.42164969272591       -2.08596032938532
H           -2.34958125778151        4.19047786687410       -0.55282381200658
H           -2.77994196801833        2.71728050640970        0.32705437400371
H           -1.07259411251378        3.06323708962513       -0.05799172947162
H           -4.63857543475520       -1.56913193116061       -0.31126364021461
H           -4.52557362035033       -0.48816293322149        1.10683166711037
H           -6.39221158414182       -0.11000283909189       -1.31037530395205
H           -6.87115831561021       -0.63888445541963        0.31477076707949
H           -6.26626772915193        1.01216637636665        0.07078942757554
41
 energy: -65.030761820142 gnorm: 0.030073692203 xtb: 6.7.1 (edcfbbe)
C            1.65555887516704        2.76441284697157       -1.39891277207984
C            2.01702848576521        2.40221075294453        0.02472083323059
O            3.02430231393134        1.34810991225982        0.02414305478965
P            2.71474047744465       -0.03309092951158        0.77862823908104
S            2.37582500741006        0.08185846215287        2.70677670832366
O            4.07941754738796       -0.73849156556849        0.33749775847208
C            4.64283596189286       -1.87872218212748        1.04499098102123
C            3.87175464054478       -3.15528262724899        0.79872153346417
S            1.17588130756358       -0.92047289848285       -0.41576767214353
C           -0.09244581905408       -1.30485987384534        0.83610330076265
S           -1.38187906946108       -0.02549383151506        1.00111740333266
P           -2.29500810885212       -0.14065685315648       -0.92905540838355
S           -2.05113212869412       -1.85131389570778       -1.84920242335419
O           -1.73278880423540        1.08001658069339       -1.78428320551730
C           -2.25381706702193        2.44644530011487       -1.76301803656404
C           -2.10266963284854        3.12712104358396       -0.42278691702552
O           -3.80748281667854        0.31977052982430       -0.67031027779301
C           -4.75176720284621       -0.53947644164140        0.03390255141420
C           -6.14822021283782       -0.03344620098188       -0.24757131960987
H            0.96107586261715        3.60309963061938       -1.38982595012164
H            2.54640282944616        3.05211156681809       -1.95394742544841
H            1.18572883367597        1.92003501144801       -1.90349366169444
H            1.14116634439337        2.05809575305650        0.58640293591563
H            2.46782770962290        3.24492116706929        0.55475051437723
H            5.65635358117927       -1.94472680020500        0.64449107497249
H            4.68435291721592       -1.63673086849210        2.11149084412848
H            2.88545432570061       -3.11202967953796        1.26008917015438
H            3.75411233899084       -3.33344376519146       -0.26887448934077
H            4.42294703598339       -3.98722257952070        1.23549918359761
H            0.36396497170180       -1.38598172691108        1.82519285520364
H           -0.55137952136829       -2.24256154127039        0.52319173512751
H           -1.65707331376543        2.93961516556089       -2.53268579064900
H           -3.29909466815652        2.40952929032097       -2.07469342530110
H           -2.35359438008193        4.18046714948802       -0.54248924346811
H           -2.76992130115181        2.69288460188028        0.32023239685148
H           -1.07940685812098        3.05153949564592       -0.06077714309376
H           -4.61538818822932       -1.56519855068819       -0.32070486588545
H           -4.51173226467138       -0.48659664120339        1.09847213154736
H           -6.37667323178098       -0.10571139620187       -1.30876500160774
H           -6.86240411266717       -0.63995157952906        0.30680351518265
H           -6.25160195577105        1.00309476037237        0.06598592351453
41
 energy: -65.032549362050 gnorm: 0.011689229331 xtb: 6.7.1 (edcfbbe)
C            1.65534121678174        2.75426666872901       -1.39459521054802
C            2.01743429467131        2.38952577462360        0.03186853376270
O            3.00914841006223        1.34057690252233        0.03622203338918
P            2.69638400409890       -0.04707663522210        0.75486218526739
S            2.33598561817492        0.03189678224067        2.68472812456925
O            4.05943209326615       -0.73925510506696        0.32937465413197
C            4.62566661094815       -1.85747249917921        1.03898835675914
C            3.86056758350607       -3.14201320349718        0.79765482670935
S            1.15246397289414       -0.91946875641675       -0.43510430890390
C           -0.10356397831568       -1.28642208167902        0.82384363327975
S           -1.35547949490544        0.01424997972149        1.01106244000119
P           -2.27937110417816       -0.12448008783768       -0.91324279499895
S           -2.04955612414942       -1.85661730452986       -1.80149162261781
O           -1.73225356954387        1.08334688956524       -1.77764025792540
C           -2.24892687877277        2.43861966468596       -1.76433639547934
C           -2.10104482549537        3.11694506541610       -0.41983618777729
O           -3.78919995429446        0.31721021645507       -0.65746478473422
C           -4.72684578096928       -0.53998864589648        0.03072999803130
C           -6.12906093769185       -0.03630631126417       -0.25143128521627
H            0.97366927228471        3.59737337901506       -1.38771640315725
H            2.55141188970464        3.02420025305428       -1.94176405817522
H            1.18323833793656        1.91285791427754       -1.89414674400207
H            1.14062626236218        2.05273492413385        0.59572659843160
H            2.47170440987338        3.23358978945709        0.55366892870229
H            5.64107656027058       -1.91914106832440        0.64404383405229
H            4.65319399235971       -1.61610703754353        2.10600497413733
H            2.87556879713274       -3.08444826516801        1.25550782468835
H            3.74316317856980       -3.31592303293394       -0.26730110519884
H            4.40556404707975       -3.96990881145873        1.23758980378105
H            0.37192559401836       -1.36438466298618        1.80188184829152
H           -0.58316706182732       -2.21315675188293        0.51499712501105
H           -1.64978002452215        2.92914422190231       -2.53298658028593
H           -3.29517155327744        2.40286726590778       -2.06872521322816
H           -2.36134615601430        4.16473919185724       -0.52657852162782
H           -2.75819742055420        2.65886291909813        0.31458168871706
H           -1.07970360263127        3.03985376635508       -0.06254158588952
H           -4.58853481328150       -1.56342111884333       -0.32949410895912
H           -4.49618613844806       -0.49481434860428        1.09747792157592
H           -6.34776744467252       -0.10089136100429       -1.31210908425660
H           -6.84053664246240       -0.64418484861119        0.29542260224320
H           -6.22662193064827        0.99649696121883        0.06430793283262
41
 energy: -65.032978800824 gnorm: 0.006576882139 xtb: 6.7.1 (edcfbbe)
C            1.65323528282115        2.74463331571897       -1.39111640584744
C            2.01034641924171        2.38653768940817        0.03999469437879
O            2.99307577641407        1.33541800659881        0.04849034535481
P            2.68068210060716       -0.05346553740098        0.75156174925164
S            2.32432168891048        0.00734588915447        2.68334035171851
O            4.03775540723212       -0.74002037722032        0.32194824657352
C            4.61177602908472       -1.84638802846211        1.03380938710985
C            3.84762136722890       -3.13419790253127        0.79563535921481
S            1.14566552979718       -0.92128912373036       -0.45887871749428
C           -0.09791269656459       -1.27099526966378        0.81727883242311
S           -1.33304308962695        0.03983262066643        1.00862339785528
P           -2.27205969890353       -0.11614119717259       -0.90874181052720
S           -2.04413531601025       -1.85963619440572       -1.77333711580541
O           -1.73124296060667        1.08102790387113       -1.78187038023734
C           -2.24392433377817        2.43433304214258       -1.76852366297964
C           -2.09775807513321        3.10697576447479       -0.41872260448272
O           -3.77829229640881        0.31916538336318       -0.64819554070946
C           -4.71072621682688       -0.54193705180097        0.03226398891286
C           -6.11289364940795       -0.03698068769289       -0.25393721309156
H            0.98206047343214        3.59643376692687       -1.38957015551081
H            2.55577111806877        2.99969640023814       -1.93737764072592
H            1.17196806539679        1.90374315093972       -1.88469951902772
H            1.12851252897981        2.06415866463560        0.60612924366998
H            2.46904482275437        3.23332744107011        0.55446878502803
H            5.62895315558603       -1.90717284297272        0.64357915390069
H            4.63632597858467       -1.60442336371349        2.10120400790578
H            2.86149987716425       -3.07084910240980        1.25219611080722
H            3.73154027916907       -3.30958684447794       -0.26987769023592
H            4.39052078997773       -3.96076705048116        1.24009814201454
H            0.38761595524410       -1.36061245281522        1.78996068370084
H           -0.59633282230919       -2.18997211203521        0.51373071107736
H           -1.64539944383913        2.92959862465335       -2.53430431822866
H           -3.29083903429285        2.40456005778693       -2.07246187251087
H           -2.36971631825529        4.15272026935960       -0.51512979018287
H           -2.74934137284471        2.63449777001407        0.31285077333983
H           -1.07393303384787        3.03591237595507       -0.06490147716009
H           -4.57285118291063       -1.56462648438402       -0.33237253957805
H           -4.48731494953874       -0.50571701749286        1.10160464178707
H           -6.32461437861629       -0.09719827867427       -1.31703305926680
H           -6.82513455500333       -0.64906967025243        0.28721186179826
H           -6.20957651162979        0.99500504509847        0.06711066116382
41
 energy: -65.033150358153 gnorm: 0.005352286340 xtb: 6.7.1 (edcfbbe)
C            1.65001537234526        2.73921062051029       -1.38840317647863
C            2.00523727199308        2.39205624835152        0.04628750779575
O            2.98813205104630        1.34155307855666        0.05983041156891
P            2.67903446592717       -0.05147483305131        0.74895837096254
S            2.31911638035023       -0.01007614146775        2.68033715657125
O            4.03154793119034       -0.73644905605734        0.31403762577152
C            4.60463301445845       -1.84087390582152        1.02846846361834
C            3.83741833762966       -3.12810794928839        0.79210904079616
S            1.14182085956863       -0.92420095826561       -0.45500653600543
C           -0.10738014450820       -1.26808571724741        0.81522444751140
S           -1.32102677552778        0.06143656654393        1.00870018505861
P           -2.26415567158352       -0.11168823605995       -0.90680907081278
S           -2.04147228089730       -1.86055035995678       -1.76151954707197
O           -1.72859817837330        1.07700087807350       -1.79017414667125
C           -2.23849094149106        2.43193193070621       -1.77287082551254
C           -2.09414600457610        3.09832774105671       -0.41890611411790
O           -3.76741820943287        0.32194158774004       -0.63911127723965
C           -4.69837902635756       -0.54455876652963        0.03503095071298
C           -6.09924430896591       -0.03849997186001       -0.25451803013225
H            0.98626631620192        3.59809696429339       -1.39512736271825
H            2.55575314933971        2.98101296405992       -1.93801534862008
H            1.16017888443474        1.89709223035210       -1.87414315247475
H            1.12113751051614        2.07726869551578        0.61447275803989
H            2.46443924975891        3.24245912887590        0.55558187377609
H            5.62329745499612       -1.90459985953631        0.64300842722581
H            4.62763603110722       -1.59785536653068        2.09615872561848
H            2.84933414141491       -3.06043741916680        1.24613366156256
H            3.72305119144034       -3.30687047846003       -0.27401203547042
H            4.37612806742806       -3.95606797136710        1.24127220220787
H            0.38157371240242       -1.37000099481625        1.78539237649850
H           -0.61697780183631       -2.18154261551179        0.51252666605944
H           -1.63990860138081        2.93246843829762       -2.53527675307896
H           -3.28548644312588        2.40722763998033       -2.07920557844423
H           -2.37823069792662        4.14252010593687       -0.50706692694859
H           -2.73973865970708        2.61523850214384        0.31236297701713
H           -1.06747702037081        3.03637688707950       -0.06844648861744
H           -4.55931513432036       -1.56632001195691       -0.33356691798184
H           -4.47929015535659       -0.51579603381363        1.10598239675947
H           -6.30548850923502       -0.09383620621366       -1.31988442459021
H           -6.81474358090727       -0.65413527660287        0.28030124497657
H           -6.19753253832878        0.99268451379390        0.07192585826175
41
 energy: -65.033242115931 gnorm: 0.003984747522 xtb: 6.7.1 (edcfbbe)
C            1.64452089564835        2.73499763401602       -1.38614306868506
C            1.99840431039377        2.39874696592890        0.05104485571470
O            2.98299327423725        1.34760546197812        0.07201268581839
P            2.67790316813143       -0.04887528171462        0.75329528535313
S            2.32112920119481       -0.01821708873891        2.68477602879585
O            4.02819559983740       -0.73265264890240        0.31082569893174
C            4.59938316215266       -1.84013402822736        1.02544416342354
C            3.82877996264073       -3.12488849426697        0.78894888774715
S            1.14640037389061       -0.92753121503706       -0.45354167027725
C           -0.10481048382428       -1.26670989985776        0.81658244176576
S           -1.31321437169512        0.06582918750421        1.00491037090625
P           -2.26037769432918       -0.10719641717861       -0.90835324577769
S           -2.04005112003798       -1.85993958057073       -1.75488002069330
O           -1.72784827563541        1.07523325408496       -1.80114051000281
C           -2.23413255714487        2.43343033453377       -1.77750122390541
C           -2.09101502265737        3.09312963051131       -0.42061598834282
O           -3.76220019677740        0.32614210225246       -0.63414083409827
C           -4.69171829639383       -0.54602609443059        0.03716204290304
C           -6.09147885434522       -0.04090126782901       -0.25394034353927
H            0.98715678304741        3.59952966556083       -1.40173092309053
H            2.55130318888776        2.96509990759880       -1.94015118179448
H            1.14713249768677        1.89202488450831       -1.86401297728022
H            1.11464920441841        2.08785493475719        0.62192278370183
H            2.45847756431435        3.25204402665603        0.55542932592955
H            5.61827748751347       -1.90632360666777        0.64121616850402
H            4.62281277291485       -1.59632957082520        2.09314464052035
H            2.83931741649900       -3.05490054425753        1.24055260810048
H            3.71614427946164       -3.30631195014935       -0.27744371363331
H            4.36386236397221       -3.95444377438955        1.24114591298836
H            0.38098364136075       -1.37681550247159        1.78752501968941
H           -0.61962294176533       -2.17670377419214        0.51281490179090
H           -1.63322894616996        2.93667924865347       -2.53647618875645
H           -3.28047783603311        2.41198458976793       -2.08755083043664
H           -2.38515846259339        4.13563794616966       -0.50293061163819
H           -2.73061910412920        2.60232723221358        0.31120444363504
H           -1.06232406783401        3.03987721650365       -0.07322334973129
H           -4.54899502038203       -1.56649239900961       -0.33441182754676
H           -4.47317767610795       -0.52080874657426        1.10837081553221
H           -6.29416220675034       -0.09180162586844       -1.32057920802913
H           -6.80945426577510       -0.65941840202817        0.27556205325767
H           -6.19250903848205        0.98912428227465        0.07691619763337
41
 energy: -65.033300541645 gnorm: 0.002687908733 xtb: 6.7.1 (edcfbbe)
C            1.63696420073482        2.72957812087220       -1.38354607995100
C            1.99112340813191        2.40522510232492        0.05555296272871
O            2.97872862868304        1.35434671588694        0.08549256112979
P            2.67817821091457       -0.04641298472560        0.75961576479324
S            2.32507754850097       -0.02392843432917        2.69174501871313
O            4.02940184393367       -0.72728593755908        0.31135790375629
C            4.59601315421150       -1.84106683635133        1.02408269506511
C            3.82061644189518       -3.12156669348258        0.78533727498784
S            1.15213814866136       -0.92901452409684       -0.45153281035596
C           -0.10391752491561       -1.26374660800058        0.81566043608499
S           -1.30555491821802        0.07436908002112        1.00201003170639
P           -2.25648010117890       -0.10551881702190       -0.90970713513086
S           -2.04041221177500       -1.85943021007503       -1.75501369087157
O           -1.72637428254367        1.07292510576167       -1.80988067146269
C           -2.22854782588396        2.43495639453110       -1.78089897536459
C           -2.08797444873881        3.08931288489886       -0.42249265671720
O           -3.75741734950954        0.32919476770629       -0.63057856198502
C           -4.68646181040711       -0.54732821889739        0.03879453599326
C           -6.08584004933275       -0.04467275745410       -0.25301860024757
H            0.98630615864866        3.59900857727154       -1.40741846735679
H            2.54364416709349        2.94779654617270       -1.94214997219183
H            1.13205497691572        1.88625409897020       -1.85276799293648
H            1.10949781943931        2.09628966354913        0.63000929948100
H            2.45197475579726        3.26189359957840        0.55346971699510
H            5.61434769474239       -1.91008835225624        0.63912283541601
H            4.62016776654402       -1.59805337918230        2.09186027454236
H            2.83022850017318       -3.04899337942650        1.23431978594648
H            3.70991272689084       -3.30400775905166       -0.28107734767901
H            4.35141677368736       -3.95309531451115        1.23930159484525
H            0.37791997835176       -1.37820416646399        1.78811085353385
H           -0.62062853842422       -2.17183105820524        0.50959073752505
H           -1.62293008752249        2.93860833840162       -2.53599928140234
H           -3.27341889067967        2.41630152054109       -2.09612581505880
H           -2.39194109082886        4.12933739969124       -0.50069144351679
H           -2.72121894841057        2.59079778849305        0.30930678753311
H           -1.05812226733272        3.04506136770576       -0.07774106118467
H           -4.53897841426597       -1.56617892339724       -0.33514091396371
H           -4.46724015389703       -0.52315647284311        1.10966560863433
H           -6.28587894529473       -0.09093304594816       -1.32023976050515
H           -6.80475747095213       -0.66644958669519        0.27145179012643
H           -6.19036686449874        0.98358297988273        0.08220238372818
41
 energy: -65.033330189629 gnorm: 0.002093161383 xtb: 6.7.1 (edcfbbe)
C            1.63048810202333        2.72378069586024       -1.38122536646305
C            1.98696918445011        2.40850157916880        0.05894075386117
O            2.97748530240397        1.35953246623236        0.09523232015890
P            2.67948809723648       -0.04491558492043        0.76342891999122
S            2.32388908550997       -0.02938310193117        2.69560355932558
O            4.03418842132271       -0.72174523302629        0.31490788350056
C            4.59532280572213       -1.84160347946141        1.02434366337213
C            3.81526983282129       -3.11810974532912        0.78214446838717
S            1.15651557689096       -0.92902081054461       -0.44934249087602
C           -0.10147345954483       -1.26284274511117        0.81623635879794
S           -1.30056093101310        0.07703876694455        0.99768375312868
P           -2.25532818051574       -0.10355885255212       -0.91137625036781
S           -2.03910706815450       -1.85939639414865       -1.75322072513544
O           -1.72596902124599        1.07322722285213       -1.81471664095247
C           -2.22416792981720        2.43749303958364       -1.78382719582341
C           -2.08637181046960        3.08842943478608       -0.42437335545954
O           -3.75653876815427        0.33129037470127       -0.63117170110371
C           -4.68394764199782       -0.54739427200270        0.03878694501968
C           -6.08432913260005       -0.04823494099333       -0.25236269755577
H            0.98510503521704        3.59646522092602       -1.40977417487312
H            2.53664179934762        2.93280307548737       -1.94320964607679
H            1.11990967835494        1.88049870174567       -1.84341352791707
H            1.10773802281461        2.10037969052550        0.63681914634110
H            2.44812549958622        3.26829543429724        0.55057893874230
H            5.61289391234642       -1.91314587297943        0.63801378978505
H            4.62009290233453       -1.60135890954721        2.09249459190084
H            2.82460304595070       -3.04251974449808        1.22935138279425
H            3.70579904031206       -3.29902738632659       -0.28431918228361
H            4.34210972101164       -3.95181640745393        1.23609946822534
H            0.37798325404362       -1.37625451355370        1.78987982085238
H           -0.61830013754935       -2.16998855090720        0.50760308796587
H           -1.61353567213461        2.93942938120074       -2.53599432301659
H           -3.26760928000197        2.42072689157849       -2.10299612849042
H           -2.39710328479048        4.12623834534645       -0.49993469276037
H           -2.71519007746400        2.58368865928880        0.30643246955175
H           -1.05639027316428        3.04995282918743       -0.08072450326296
H           -4.53304128109731       -1.56538883070177       -0.33542547899703
H           -4.46375437404268       -0.52173641815304        1.10922402880246
H           -6.28314657545693       -0.09149788310065       -1.31957356940878
H           -6.80167382027347       -0.67338421826156        0.26940246432045
H           -6.19182889087161        0.97842867807748        0.08581345138299
41
 energy: -65.033350171175 gnorm: 0.001771666411 xtb: 6.7.1 (edcfbbe)
C            1.62451020352953        2.71670642065373       -1.37863550459643
C            1.98462167395854        2.40927801762142        0.06241132308116
O            2.97701652191449        1.36237702141714        0.10313984820073
P            2.68006058104935       -0.04417837793057        0.76771978311399
S            2.32401622048701       -0.03179201748336        2.70002780421385
O            4.03877434388412       -0.71645838000607        0.32078399602317
C            4.59573733300525       -1.84155456359876        1.02547848231133
C            3.81100001726576       -3.11431283519385        0.77896529965367
S            1.16084104845558       -0.92818579246098       -0.44947701017334
C           -0.10011750630642       -1.25962713525631        0.81413483190394
S           -1.29818351012857        0.08100875059570        0.99588506498230
P           -2.25367974316486       -0.10301869815227       -0.91238881791556
S           -2.03844548181184       -1.85898153493839       -1.75421609933249
O           -1.72503581737473        1.07372354659448       -1.81654676725355
C           -2.22007546936301        2.43917268850040       -1.78636746027347
C           -2.08573355936125        3.08873148722682       -0.42616054360543
O           -3.75556336100308        0.33170658346026       -0.63297730944896
C           -4.68164478418930       -0.54738047973984        0.03834305348977
C           -6.08374129316649       -0.05173532318264       -0.25191943605997
H            0.98424565571819        3.59266475531056       -1.41029483469481
H            2.53007880778409        2.91694443062598       -1.94423357308985
H            1.10812120887071        1.87359037024915       -1.83393727669750
H            1.10759917577399        2.10292317625715        0.64433519135160
H            2.44646030100342        3.27227214106665        0.54725550578160
H            5.61245153410108       -1.91521942821905        0.63731668209137
H            4.62197269898973       -1.60554860957736        2.09430959244808
H            2.82042736261761       -3.03560665265593        1.22530657986241
H            3.70206219076456       -3.29188950202399       -0.28786636825155
H            4.33418394586521       -3.95073041370343        1.23149447045345
H            0.37832283638948       -1.37160467337157        1.78843824760153
H           -0.61664352519169       -2.16663761830488        0.50441016164092
H           -1.60504184219760        2.93921158938525       -2.53609063771745
H           -3.26225528412233        2.42451600493303       -2.10895449248380
H           -2.40227459277344        4.12456092704267       -0.49992408219896
H           -2.71154435878808        2.57866871197824        0.30312355830031
H           -1.05595503627286        3.05505442182105       -0.08233544213429
H           -4.52911391984009       -1.56525932019021       -0.33486253406478
H           -4.46100567001186       -0.51954700137699        1.10857190497971
H           -6.28214363090765       -0.09283044177766       -1.31906224023325
H           -6.79859731464563       -0.68064806842296        0.26808505304803
H           -6.19445725146637        0.97351241511345        0.08875361107643
41
 energy: -65.033366387774 gnorm: 0.001478647864 xtb: 6.7.1 (edcfbbe)
C            1.61728741989368        2.70549232546402       -1.37459274738868
C            1.98501529531075        2.40876035516429        0.06743181048178
O            2.97967665859104        1.36556695438814        0.11179404226445
P            2.68241683929193       -0.04221580507473        0.77369709398051
S            2.32007181511974       -0.03391970406645        2.70513058542327
O            4.04598628362476       -0.70905712211557        0.33083246214078
C            4.59802160038340       -1.84069537876632        1.02727480624570
C            3.80630073277263       -3.10835245470212        0.77423755410940
S            1.16601734432695       -0.92470686654842       -0.44760037984313
C           -0.09770086584248       -1.25722305943843        0.81298402890189
S           -1.29660251140044        0.08328195665065        0.99214882569076
P           -2.25303829973659       -0.10215542913005       -0.91521972745920
S           -2.03560385921404       -1.85806500513666       -1.75634308344553
O           -1.72450667895789        1.07571902195078       -1.81792243186290
C           -2.21562010935473        2.44161986083464       -1.79044692401935
C           -2.08651492434844        3.09086340116399       -0.42907706157370
O           -3.75626030462513        0.33139357885059       -0.63796726675859
C           -4.67931324269474       -0.54694103506393        0.03723179169760
C           -6.08428106494268       -0.05628073803230       -0.25149042635315
H            0.98345369250236        3.58575205995528       -1.40957449858170
H            2.52123334743845        2.89403886912020       -1.94665700193439
H            1.09249619857610        1.86218967477488       -1.81961813040705
H            1.11107947420345        2.10569146985839        0.65589976748587
H            2.44746088411841        3.27665035669594        0.54251901872724
H            5.61362020486060       -1.91731735963493        0.63662605843756
H            4.62748405854158       -1.61206462975277        2.09753238451986
H            2.81628735034708       -3.02532174356132        1.22082903664205
H            3.69675553428602       -3.27935470381903       -0.29354308015913
H            4.32448748374031       -3.94976835087375        1.22282647195479
H            0.37958216361564       -1.36747885579652        1.78806189478157
H           -0.61324459846632       -2.16423678374603        0.50168707444125
H           -1.59566639630224        2.93969777805419       -2.53722330316976
H           -3.25642917224396        2.43028327681079       -2.11714532332416
H           -2.40962445661037        4.12448849114986       -0.50129753853729
H           -2.71024152496023        2.57511612113263        0.29774670951509
H           -1.05721080058283        3.06253660399871       -0.08354209871330
H           -4.52618169765224       -1.56567914902732       -0.33307521762744
H           -4.45782791058399       -0.51535776511586        1.10726796895069
H           -6.28285897865376       -0.09563605667548       -1.31862548515952
H           -6.79491636217754       -0.69080256206050        0.26724680192845
H           -6.19983991285371        0.96736499440646        0.09199515338127
41
 energy: -65.033373282038 gnorm: 0.000830094916 xtb: 6.7.1 (edcfbbe)
C            1.61679441093207        2.70269142114094       -1.37310755098528
C            1.98763885732116        2.40850027157972        0.06879153880107
O            2.98211247598709        1.36565562316033        0.11256126910811
P            2.68315280973215       -0.04092054879855        0.77603049832518
S            2.32010538780463       -0.03096128991570        2.70696323003392
O            4.04599355894682       -0.70817901020705        0.33390252190963
C            4.59879659620365       -1.84040485140459        1.02758977704796
C            3.80600463384459       -3.10725266475921        0.77326597796057
S            1.16716403058021       -0.92333442371611       -0.44671586391994
C           -0.09795151522442       -1.25695218259127        0.81219297725419
S           -1.29919113088841        0.08194884813377        0.99268692100338
P           -2.25265272917395       -0.10209075967918       -0.91643269600578
S           -2.03366119731154       -1.85704018487639       -1.75882241342810
O           -1.72448930014741        1.07658692199536       -1.81812586737148
C           -2.21619980570705        2.44174800187313       -1.79154344355222
C           -2.08823528852158        3.09197760040947       -0.43009137186077
O           -3.75626145140599        0.33043716293000       -0.63944379140188
C           -4.67871074830098       -0.54713579443370        0.03707811601004
C           -6.08399555028810       -0.05709316295303       -0.25151091746341
H            0.98334844525293        3.58335693948989       -1.40887862912029
H            2.51945693671686        2.88939308023188       -1.94793144520809
H            1.09027645368760        1.85878309459926       -1.81512961506143
H            1.11439923726025        2.10689733451690        0.65927929201841
H            2.45027527118749        3.27753183752072        0.54180511549216
H            5.61414947142005       -1.91714665934936        0.63616740089021
H            4.63015660933303       -1.61387633285655        2.09840942051307
H            2.81659739523170       -3.02436825885703        1.22151823512423
H            3.69478241907949       -3.27578492629395       -0.29493156310500
H            4.32398186013058       -3.95039906334086        1.21914617767719
H            0.37843026760293       -1.36863672265555        1.78758968029048
H           -0.61282237987172       -2.16429054301568        0.50095055513325
H           -1.59667781377032        2.94077304484759       -2.53807372210915
H           -3.25706000439135        2.43076127760586       -2.11875170205907
H           -2.41100390782465        4.12577569460822       -0.50335311993327
H           -2.71321695416355        2.57725464121952        0.29656081262883
H           -1.05913868835682        3.06368056062665       -0.08328243306919
H           -4.52634578630274       -1.56667298845045       -0.33194950971723
H           -4.45689079308022       -0.51483350446591        1.10710087598535
H           -6.28289416300124       -0.09698149182894       -1.31876849059072
H           -6.79437300529073       -0.69212676226372        0.26744958678993
H           -6.20059420589197        0.96660536250954        0.09184378134900
41
 energy: -65.033376430252 gnorm: 0.000522831147 xtb: 6.7.1 (edcfbbe)
C            1.61602371731684        2.70029354051037       -1.37140033969517
C            1.98989293629077        2.40962242194688        0.07036249633521
O            2.98438333474071        1.36677238862689        0.11430729367516
P            2.68406262167750       -0.03947518955155        0.77813172708716
S            2.31759645989255       -0.02982300673951        2.70841343097727
O            4.04604703994534       -0.70728996874422        0.33656462136732
C            4.59909174459548       -1.84063418686875        1.02785030953993
C            3.80536182230829       -3.10662815178142        0.77243731194722
S            1.16791120152687       -0.92102936022351       -0.44529565545280
C           -0.09729109315112       -1.25690516933849        0.81265814781544
S           -1.29969609592154        0.08162473749804        0.99188185240149
P           -2.25238087513491       -0.10191401055846       -0.91794226049455
S           -2.03132897851234       -1.85586790548754       -1.76175356685443
O           -1.72456626419825        1.07722773531709       -1.81907405332512
C           -2.21724986141003        2.44191223615261       -1.79256311299594
C           -2.09032721287228        3.09276044920277       -0.43125192568716
O           -3.75620924191815        0.32961963124970       -0.64087703636912
C           -4.67792276747010       -0.54771245907271        0.03689399668990
C           -6.08311507921569       -0.05818958375503       -0.25175644258208
H            0.98290080280083        3.58130424791827       -1.40838047673381
H            2.51740471687968        2.88483981484674       -1.94917149529268
H            1.08778222052920        1.85541516347965       -1.80980104271529
H            1.11775687493627        2.10953181471383        0.66338695659028
H            2.45344305567371        3.27970918869907        0.54082844196631
H            5.61415916775542       -1.91730004779548        0.63554295141201
H            4.63199861039333       -1.61570586821955        2.09911763442704
H            2.81672614408776       -3.02449413735446        1.22277699444123
H            3.69193835975045       -3.27286514509519       -0.29600934534260
H            4.32370731805005       -3.95125608918648        1.21532756495478
H            0.37787393580365       -1.36972150205803        1.78856467020788
H           -0.61159158039632       -2.16430088972157        0.50038077683286
H           -1.59807899292966        2.94201621465242       -2.53882228042329
H           -3.25804611220619        2.43046146575790       -2.12047523328140
H           -2.41209139212389        4.12694829657323       -0.50582303058458
H           -2.71673744317235        2.57941165538760        0.29534209586982
H           -1.06150887835601        3.06396028454900       -0.08334544433409
H           -4.52539657562836       -1.56769663521442       -0.33126939352838
H           -4.45538450087897       -0.51469977355602        1.10678599981578
H           -6.28203085618176       -0.09862509469316       -1.31909376219327
H           -6.79366441875939       -0.69310735461294        0.26739415502138
H           -6.20019315517685        0.96568683483232        0.09119608389417
41
 energy: -65.033378271893 gnorm: 0.000446024102 xtb: 6.7.1 (edcfbbe)
C            1.61494407489575        2.69855597905545       -1.36965416852427
C            1.99140431619766        2.41103753307563        0.07192964140845
O            2.98567604950136        1.36782613071815        0.11658137404989
P            2.68425789233998       -0.03864382801961        0.77985234607520
S            2.31779667476162       -0.02843847039650        2.71008336958475
O            4.04598325580832       -0.70655318921267        0.33891152751476
C            4.59893553969471       -1.84113879191236        1.02841057995890
C            3.80460772660368       -3.10644223001501        0.77191391567637
S            1.16885424317934       -0.91984086374657       -0.44493614553642
C           -0.09718596898270       -1.25631811794595        0.81176498203906
S           -1.30048064007697        0.08149366770176        0.99139234170039
P           -2.25159683249200       -0.10146787322244       -0.91894265779445
S           -2.02873584557029       -1.85537583216556       -1.76268462236492
O           -1.72434495009207        1.07800772546271       -1.81992431835285
C           -2.21834409948227        2.44226390813841       -1.79347167963903
C           -2.09224278027370        3.09329126868968       -0.43227684646663
O           -3.75569429499195        0.32897569773141       -0.64213674043901
C           -4.67690514676891       -0.54843247338786        0.03643618769204
C           -6.08211104369012       -0.05942803807118       -0.25218625192204
H            0.98214392214074        3.57972805584069       -1.40759821203433
H            2.51525544050323        2.88134374169799       -1.94953627056399
H            1.08551737977185        1.85301506816351       -1.80520605524488
H            1.12039864611662        2.11250620367451        0.66737576216034
H            2.45639388571613        3.28184469980818        0.53966879071092
H            5.61367249457016       -1.91761810078922        0.63516797855981
H            4.63273620791462       -1.61751000095362        2.09993976162631
H            2.81678730053645       -3.02525935130765        1.22423168149922
H            3.68916752202457       -3.27054808760372       -0.29664808624241
H            4.32371812955728       -3.95204396967942        1.21204983057360
H            0.37723191691728       -1.36915101105764        1.78801419012163
H           -0.61093180096413       -2.16386628925529        0.49895574155208
H           -1.59937230611828        2.94289076046086       -2.53961068792809
H           -3.25899673732117        2.42964637944942       -2.12181724803433
H           -2.41266135381494        4.12787673128154       -0.50779598117553
H           -2.71995406974937        2.58113200360475        0.29407322511102
H           -1.06383524059596        3.06350704651606       -0.08333250318080
H           -4.52391676677161       -1.56855303506060       -0.33118701544650
H           -4.45390108504871       -0.51471773750751        1.10621849404763
H           -6.28106167706541       -0.10037324243961       -1.31947464610099
H           -6.79271954397567       -0.69398580134868        0.26729493202061
H           -6.19923972556453        0.96464032631382        0.09019309869237
41
 energy: -65.033379646662 gnorm: 0.000417486460 xtb: 6.7.1 (edcfbbe)
C            1.61364166341658        2.69721924878184       -1.36773443706251
C            1.99269135890483        2.41278252083946        0.07369144848610
O            2.98646634756697        1.36898941416617        0.11925780609313
P            2.68440249341856       -0.03808609054571        0.78112217294108
S            2.31636440231003       -0.02919060751208        2.71121371641429
O            4.04613377489792       -0.70591295658444        0.34072655358987
C            4.59848851803854       -1.84167877528762        1.02907886954608
C            3.80356592283896       -3.10635596519166        0.77154884829982
S            1.16984334849930       -0.91876024305689       -0.44491751842578
C           -0.09655409521631       -1.25481168027161        0.81140707797006
S           -1.29973970248647        0.08309463815549        0.99072956820027
P           -2.25051099068023       -0.10127010817360       -0.91978638377630
S           -2.02715361261055       -1.85481668214926       -1.76412679659836
O           -1.72394623718174        1.07842142410113       -1.82081324045989
C           -2.21951181415304        2.44234426833995       -1.79438150584960
C           -2.09409083271578        3.09341962165659       -0.43326418089176
O           -3.75476318722738        0.32822345834862       -0.64345240570402
C           -4.67552856002903       -0.54943982128740        0.03559759796258
C           -6.08085053121241       -0.06083538765642       -0.25297582968054
H            0.98129166445335        3.57863618161336       -1.40643335505292
H            2.51298016637948        2.87820248101536       -1.94959605193085
H            1.08299677286353        1.85110329674866       -1.80054353967580
H            1.12285231468331        2.11644255885350        0.67185590460229
H            2.45970193032247        3.28419281412515        0.53813865916655
H            5.61299497110206       -1.91812993599134        0.63530150651146
H            4.63250286988544       -1.61899458499731        2.10072139664803
H            2.81658633340729       -3.02619561772666        1.22586226313335
H            3.68621088196997       -3.26838950534253       -0.29708286293049
H            4.32362658581144       -3.95271774148265        1.20905529883071
H            0.37753458254373       -1.36762745603244        1.78780927910734
H           -0.61039260736889       -2.16221810534908        0.49821095219527
H           -1.60092489543835        2.94341890696500       -2.54049535789631
H           -3.26005685546139        2.42840934749029       -2.12283059905266
H           -2.41291981261708        4.12847865340452       -0.50930797579033
H           -2.72325469901159        2.58229083955811        0.29254222506624
H           -1.06610796535874        3.06224466033492       -0.08323143186044
H           -4.52202088175874       -1.56949986535195       -0.33178126876418
H           -4.45224132496863       -0.51521154748522        1.10529882572777
H           -6.27995895138727       -0.10241048207794       -1.32017132911437
H           -6.79133948199560       -0.69496174789057        0.26707027010023
H           -6.19775915509393        0.96347716523206        0.08872544530845
41
 energy: -65.033379386820 gnorm: 0.000649245208 xtb: 6.7.1 (edcfbbe)
C            1.61224179096344        2.69579295599594       -1.36565849468251
C            1.99409217189617        2.41465918595281        0.07559705538727
O            2.98732257091942        1.37023686883318        0.12213023359020
P            2.68457788000332       -0.03748202559254        0.78248829901539
S            2.31491524045347       -0.02997446497073        2.71243339328214
O            4.04632308793256       -0.70522003040564        0.34266242244350
C            4.59801727269270       -1.84225157844194        1.02979805537604
C            3.80244897233130       -3.10625561766482        0.77115429897366
S            1.17090061765922       -0.91760131434842       -0.44485837222390
C           -0.09589337334367       -1.25324535824922        0.81103250432256
S           -1.29895479826865        0.08476832535636        0.98996316791117
P           -2.24937358965926       -0.10103766910199       -0.92072196140676
S           -2.02539806054085       -1.85425242568687       -1.76558329804849
O           -1.72353250517786        1.07888741973744       -1.82179005334739
C           -2.22076839320656        2.44245056860095       -1.79537596796453
C           -2.09606961125640        3.09356119218383       -0.43432977904519
O           -3.75379636049700        0.32743064530127       -0.64489085936957
C           -4.67406436871145       -0.55051595432716        0.03467795650867
C           -6.07952101544709       -0.06235180035659       -0.25383080535935
H            0.98037470345256        3.57747415322270       -1.40514755312503
H            2.51052772804495        2.87484530433062       -1.94965948358628
H            1.08027746914638        1.84906372598091       -1.79552301655570
H            1.12550656632267        2.12068308795599        0.67668501243792
H            2.46328046687793        3.28671817504318        0.53649891540998
H            5.61228336745488       -1.91868980390247        0.63546828804966
H            4.63224894422877       -1.62057929859970        2.10156277433947
H            2.81636742169255       -3.02718364258894        1.22759739061622
H            3.68305030846397       -3.26606774938810       -0.29755356863498
H            4.32351609124505       -3.95343820256187        1.20584758663654
H            0.37783538083985       -1.36602920583909        1.78760289989092
H           -0.60981468406040       -2.16050253898597        0.49742202118054
H           -1.60259606550414        2.94400492464960       -2.54146407567633
H           -3.26120203241354        2.42710756086310       -2.12392571792767
H           -2.41318750761808        4.12912969414163       -0.51092136977506
H           -2.72679476558227        2.58352918925678        0.29088584652144
H           -1.06854082389609        3.06088027117426       -0.08313185310069
H           -4.52000280328209       -1.57051040426075       -0.33244607882254
H           -4.45047100321321       -0.51574024614473        1.10429161718829
H           -6.27881206018617       -0.10461304819784       -1.32092504033838
H           -6.78986334883855       -0.69602673709143        0.26683581619799
H           -6.19620017257721        0.96222246041201        0.08714140909462
41
 energy: -65.033380277212 gnorm: 0.000317624327 xtb: 6.7.1 (edcfbbe)
C            1.61276296283653        2.69677979712477       -1.36620262401677
C            1.99375967648143        2.41401576680694        0.07506141162453
O            2.98688308100645        1.36962183429104        0.12098007952592
P            2.68468749474071       -0.03783771492437        0.78182071648010
S            2.31672458432330       -0.02961882017138        2.71190874302422
O            4.04669539031106       -0.70552353919577        0.34156420339694
C            4.59827213749283       -1.84198434715740        1.02965521398628
C            3.80293334653323       -3.10629180643574        0.77140131772928
S            1.17036858360302       -0.91823504603775       -0.44457607164251
C           -0.09640850459922       -1.25435519043314        0.81127142137304
S           -1.29906777121104        0.08400240593617        0.98947426182108
P           -2.25012208491391       -0.10098526751515       -0.92070620989500
S           -2.02545942524631       -1.85508861321220       -1.76377765244011
O           -1.72382280192488        1.07891642998098       -1.82164999264567
C           -2.22040684550248        2.44259730946754       -1.79515929877852
C           -2.09520581384409        3.09347563626223       -0.43395190389644
O           -3.75452416829765        0.32788938931045       -0.64473885821083
C           -4.67481211456766       -0.55008893593199        0.03460360222076
C           -6.08039579497117       -0.06185894833713       -0.25373062988972
H            0.98064883477368        3.57832055316189       -1.40488570078376
H            2.51136614636886        2.87687531886727       -1.94942239520982
H            1.08127007008840        1.85042819298181       -1.79744204189684
H            1.12470238302619        2.11938091168328        0.67507865927330
H            2.46242024654899        3.28569626964979        0.53714342589060
H            5.61275967110434       -1.91868184522472        0.63594893651396
H            4.63200636231208       -1.61973076506589        2.10131681434623
H            2.81647550058494       -3.02676749877091        1.22687637558988
H            3.68449427769863       -3.26700286368529       -0.29726594649137
H            4.32355379749675       -3.95311747308576        1.20730304191245
H            0.37754578770396       -1.36674391251807        1.78776952498749
H           -0.61016396848920       -2.16171691039233        0.49802260433174
H           -1.60219342858093        2.94387737229595       -2.54137273357358
H           -3.26096514505902        2.42772800610462       -2.12333575715733
H           -2.41269540830783        4.12890408883759       -0.51006831387932
H           -2.72544514983295        2.58295006582027        0.29131472142667
H           -1.06751062672493        3.06095320756225       -0.08322299265848
H           -4.52102155168403       -1.57002295484662       -0.33284023592535
H           -4.45135440495861       -0.51562878020254        1.10424397241867
H           -6.27990045733458       -0.10412338043673       -1.32079802320111
H           -6.79045703487308       -0.69577774021168        0.26705914017453
H           -6.19714712477120        0.96264638993348        0.08736880952871
41
 energy: -65.033380513391 gnorm: 0.000098934365 xtb: 6.7.1 (edcfbbe)
C            1.61300604191660        2.69746694796920       -1.36622188579833
C            1.99382892860880        2.41381313919941        0.07497945252490
O            2.98674563588969        1.36929236298414        0.12042499870226
P            2.68476882818415       -0.03802912921855        0.78144099187459
S            2.31697835881655       -0.03005464563752        2.71159252605997
O            4.04695228973336       -0.70570841670341        0.34088064156829
C            4.59835806509792       -1.84179321380074        1.02963507385474
C            3.80316985052646       -3.10626631948104        0.77156261007371
S            1.17034511442121       -0.91884862845330       -0.44455723023835
C           -0.09656150336314       -1.25431206704541        0.81156117072259
S           -1.29935414538360        0.08384599639825        0.98970501764381
P           -2.25025043529964       -0.10113996521936       -0.92059696709172
S           -2.02604089357607       -1.85513142230775       -1.76384960000599
O           -1.72390570510479        1.07875101954779       -1.82165160409984
C           -2.22027022190233        2.44245002423455       -1.79513093503369
C           -2.09472998905571        3.09328929621465       -0.43387871271890
O           -3.75469072538167        0.32795425696551       -0.64465881345879
C           -4.67514792473978       -0.55004664703310        0.03434300818299
C           -6.08080178179366       -0.06179687528099       -0.25385449265528
H            0.98074532524828        3.57896095651121       -1.40435678959920
H            2.51165011700348        2.87811257980560       -1.94925866509575
H            1.08166888047354        1.85129808344055       -1.79807401242266
H            1.12456545257883        2.11895822369748        0.67457642986459
H            2.46240918074460        3.28523701524534        0.53764672143470
H            5.61305604267652       -1.91868336541029        0.63648526331224
H            4.63168624214375       -1.61914571263286        2.10125937553181
H            2.81646676529365       -3.02644586862348        1.22645213440976
H            3.68530102815602       -3.26744099119944       -0.29710923923274
H            4.32348459515218       -3.95294311394604        1.20814456978407
H            0.37745021105879       -1.36659030292709        1.78805809056704
H           -0.61033633421860       -2.16176990463619        0.49864176311561
H           -1.60213051859278        2.94369450768918       -2.54144654423087
H           -3.26092502098992        2.42785283475835       -2.12308628605073
H           -2.41238462339080        4.12867351622481       -0.50980467742693
H           -2.72470184708325        2.58258672831235        0.29149883012871
H           -1.06691983780681        3.06084183940640       -0.08345478689900
H           -4.52152012747452       -1.56995121021393       -0.33330807196217
H           -4.45182180081252       -0.51587370549841        1.10401182405095
H           -6.28053054812830       -0.10415195376142       -1.32089203059317
H           -6.79073676246638       -0.69577799927880        0.26709330550268
H           -6.19762549781951        0.96269872199012        0.08723716108798
41
 energy: -65.033380435595 gnorm: 0.000212764216 xtb: 6.7.1 (edcfbbe)
C            1.61328105356510        2.69826851098619       -1.36620592216816
C            1.99391677980738        2.41359335474852        0.07491443174167
O            2.98658440520302        1.36890831801711        0.11980547048551
P            2.68485610178886       -0.03825203755804        0.78103009848523
S            2.31732885130530       -0.03048776471650        2.71125028977279
O            4.04722251349634       -0.70593295643087        0.34011093347943
C            4.59844502127001       -1.84158278157154        1.02961938682365
C            3.80343463075796       -3.10624441361511        0.77175101419383
S            1.17029217472516       -0.91948400409938       -0.44452818048487
C           -0.09673771034949       -1.25427844499658        0.81188484506467
S           -1.29963684282466        0.08370838017241        0.98990983001641
P           -2.25042055784750       -0.10132161967089       -0.92049555521021
S           -2.02666361160475       -1.85521236834156       -1.76390575162243
O           -1.72401489939882        1.07855523418358       -1.82166702600642
C           -2.22012542129372        2.44227574169579       -1.79510388315038
C           -2.09419340227308        3.09307467784285       -0.43380747463355
O           -3.75490434865980        0.32801671506371       -0.64459265887699
C           -4.67553769765813       -0.55001877373182        0.03402926997114
C           -6.08126377440962       -0.06174253042146       -0.25402037038578
H            0.98085172134454        3.57970555112588       -1.40371149763325
H            2.51196358087835        2.87954327013114       -1.94904062461290
H            1.08212314507523        1.85230862263362       -1.79875067384069
H            1.12442648821651        2.11850861015511        0.67406091305656
H            2.46243671641215        3.28471598272849        0.53823587411505
H            5.61338261071306       -1.91867737340309        0.63710162336506
H            4.63130100449068       -1.61848335886719        2.10119835216446
H            2.81645012993800       -3.02609418737722        1.22597075554379
H            3.68622225425964       -3.26795054923363       -0.29692580585531
H            4.32340895002690       -3.95274142446097        1.20911127680292
H            0.37734194229514       -1.36641898320749        1.78838045771362
H           -0.61052396701155       -2.16184507982037        0.49931510532653
H           -1.60207371721339        2.94347927173799       -2.54153804193756
H           -3.26088759885340        2.42798551628407       -2.12280874581142
H           -2.41202033000979        4.12841338552431       -0.50951704387157
H           -2.72386696459693        2.58218305252522        0.29169778446818
H           -1.06625327720257        3.06069879571114       -0.08373283660172
H           -4.52207968485800       -1.56988466339133       -0.33386241557979
H           -4.45235689463156       -0.51617386792378        1.10373097383095
H           -6.28124743242915       -0.10420558710398       -1.32102307267303
H           -6.79105802635934       -0.69578067528893        0.26711438553337
H           -6.19815320674347        0.96274704625040        0.08705412438503
41
 energy: -65.033380687297 gnorm: 0.000066985229 xtb: 6.7.1 (edcfbbe)
C            1.61289720824554        2.69786567677312       -1.36541100688121
C            1.99451079644794        2.41416192926278        0.07559926856400
O            2.98688244446219        1.36916478255687        0.12062610088212
P            2.68486949849254       -0.03807480523890        0.78155350805807
S            2.31730889759343       -0.03018441659750        2.71169316814370
O            4.04706015458311       -0.70585141946894        0.34074332762431
C            4.59824779880513       -1.84176126879714        1.02984375732078
C            3.80310034571628       -3.10625019096631        0.77165248758825
S            1.17038884158506       -0.91873419240155       -0.44446481136631
C           -0.09662643301222       -1.25396062214513        0.81169441849625
S           -1.29926608109970        0.08436081551773        0.98937107946740
P           -2.25022287793434       -0.10124714326988       -0.92093403618630
S           -2.02576829833441       -1.85521775608342       -1.76412490291576
O           -1.72399093639181        1.07871225626165       -1.82200968359854
C           -2.22060950007434        2.44227872315066       -1.79540416310012
C           -2.09486487889822        3.09315264456625       -0.43415862800683
O           -3.75475562717241        0.32770348290154       -0.64515253781249
C           -4.67512263747694       -0.55042855132498        0.03369910783736
C           -6.08084725041139       -0.06225269791768       -0.25437164079987
H            0.98058909390880        3.57936326253617       -1.40312031848124
H            2.51118895154469        2.87856164232554       -1.94899573530445
H            1.08131765262447        1.85170255511725       -1.79697732883912
H            1.12543535179356        2.11996417643941        0.67581030567696
H            2.46386237007362        3.28544383881048        0.53776801215052
H            5.61311298790938       -1.91875467687642        0.63714011685255
H            4.63118675181790       -1.61897140641342        2.10145808529798
H            2.81640620013847       -3.02650761400289        1.22658655564250
H            3.68521976684622       -3.26724508029400       -0.29705402328705
H            4.32345933265176       -3.95297023502931        1.20808543384610
H            0.37738056883667       -1.36608222398292        1.78822776344443
H           -0.61036277152336       -2.16150177720644        0.49891423408987
H           -1.60277268218112        2.94369320058417       -2.54185647952006
H           -3.26134618856486        2.42755131297334       -2.12311226846021
H           -2.41203793173699        4.12869068151837       -0.51009209278220
H           -2.72511041019262        2.58272782098456        0.29118425063719
H           -1.06706997977666        3.06021477567586       -0.08370337209811
H           -4.52147705090563       -1.57027516408975       -0.33412571562153
H           -4.45182182234066       -0.51645443323617        1.10338313344654
H           -6.28089347265757       -0.10500581496157       -1.32134503359221
H           -6.79061617369909       -0.69606694712014        0.26702081329843
H           -6.19759130035181        0.96236145175445        0.08639846567217
41
 energy: -65.033380621147 gnorm: 0.000167427664 xtb: 6.7.1 (edcfbbe)
C            1.61255208940709        2.69748858472299       -1.36471129376247
C            1.99502990480775        2.41465864608373        0.07620324926654
O            2.98713347573861        1.36937850607476        0.12136337402633
P            2.68487717386429       -0.03792642410074        0.78203645658477
S            2.31733889283408       -0.02987253025454        2.71210000418034
O            4.04690397178361       -0.70578584037479        0.34131466983067
C            4.59807032842937       -1.84192676269384        1.03004179901085
C            3.80279584212316       -3.10625737165784        0.77156308701284
S            1.17046466394178       -0.91803408316155       -0.44441004065875
C           -0.09652601673645       -1.25368783221687        0.81151371116360
S           -1.29888786004654        0.08498396813660        0.98886683867460
P           -2.25005499381617       -0.10118304324135       -0.92132763492417
S           -2.02496025826450       -1.85522912791833       -1.76432059211130
O           -1.72396893751781        1.07885302974656       -1.82230414544352
C           -2.22104820730426        2.44228063798171       -1.79566113575478
C           -2.09547470793927        3.09322654945013       -0.43446456668479
O           -3.75462619634925        0.32742561550646       -0.64565172048959
C           -4.67474744751801       -0.55078964576204        0.03341543412600
C           -6.08046715884403       -0.06269899778232       -0.25467879017246
H            0.98035237853390        3.57903951813717       -1.40261197324381
H            2.51049713677777        2.87766369440918       -1.94896278360914
H            1.08059969326939        1.85114133171020       -1.79539911545022
H            1.12632193363597        2.12127000355606        0.67737367630423
H            2.46513130723658        3.28608797867941        0.53732785716744
H            5.61286661371768       -1.91882406831595        0.63716116974975
H            4.63108709617606       -1.61941407144033        2.10168581652102
H            2.81636890542654       -3.02688661718429        1.22715380104345
H            3.68430316997147       -3.26660869127423       -0.29716931460070
H            4.32351172197918       -3.95317441314078        1.20715199834790
H            0.37742119239581       -1.36579889394097        1.78807845197073
H           -0.61022051712743       -2.16120020837437        0.49852633772598
H           -1.60340776106906        2.94388586377361       -2.54213022711146
H           -3.26176025581673        2.42715504954228       -2.12337421345208
H           -2.41205213574184        4.12894660632607       -0.51059811357315
H           -2.72624120069836        2.58322401616796        0.29072797120207
H           -1.06781153156333        3.05977413819884       -0.08366455223517
H           -4.52093165356492       -1.57061821635902       -0.33434882482127
H           -4.45133557917459       -0.51669572669757        1.10308323829276
H           -6.28056824145345       -0.10571000529534       -1.32162614948675
H           -6.79021226836475       -0.69631119312401        0.26694465216046
H           -6.19707385379874        0.96202661839308        0.08582120860711
41
 energy: -65.033380773735 gnorm: 0.000046484183 xtb: 6.7.1 (edcfbbe)
C            1.61260649194893        2.69784121609165       -1.36458490877626
C            1.99513223273013        2.41471661330590        0.07627157313672
O            2.98725897149723        1.36945005271288        0.12117242876739
P            2.68496455875476       -0.03786947978075        0.78184081796866
S            2.31713166443590       -0.03018759990825        2.71196469991454
O            4.04710789833773       -0.70574965234383        0.34111993029423
C            4.59811909975522       -1.84184959609784        1.03006995144424
C            3.80289671917654       -3.10622623365852        0.77160219387205
S            1.17054422620554       -0.91839456084816       -0.44433796797495
C           -0.09658158414411       -1.25365492327796        0.81167258096807
S           -1.29936749693506        0.08456520488014        0.98901985965755
P           -2.25009467953168       -0.10120837576438       -0.92131609469792
S           -2.02511985837169       -1.85525419460606       -1.76425455831650
O           -1.72403405887112        1.07879691484069       -1.82242588594844
C           -2.22090950792758        2.44227573836335       -1.79576154429696
C           -2.09521463428397        3.09315532800227       -0.43453139110773
O           -3.75473454612151        0.32743851366373       -0.64567817526685
C           -4.67493829432842       -0.55084098321239        0.03323862849946
C           -6.08070103664047       -0.06280393582795       -0.25478475628384
H            0.98038349795200        3.57938732253071       -1.40225527837247
H            2.51052865926490        2.87818322306773       -1.94882349541948
H            1.08064842249586        1.85157979057784       -1.79547027431218
H            1.12642901587652        2.12107178409871        0.67728220800240
H            2.46514908676324        3.28602358389066        0.53769484850165
H            5.61299988191136       -1.91884231612140        0.63741285587492
H            4.63099697531070       -1.61924631222034        2.10171857929511
H            2.81630137467237       -3.02666400001213        1.22678456540007
H            3.68477610396504       -3.26682387207546       -0.29713602300233
H            4.32335152014709       -3.95311325994224        1.20759356678724
H            0.37730434123408       -1.36561456583089        1.78827725324993
H           -0.61019558457459       -2.16126026864458        0.49888829585437
H           -1.60319405813289        2.94380384213790       -2.54223582523545
H           -3.26164511023627        2.42732886822550       -2.12344088927249
H           -2.41200919438382        4.12880509307638       -0.51059125139196
H           -2.72575659452627        2.58302111898255        0.29075802350753
H           -1.06749275231895        3.05990701463969       -0.08389206966151
H           -4.52113833772117       -1.57065658133107       -0.33459023441592
H           -4.45157654286991       -0.51684143294737        1.10291514293493
H           -6.28085912443446       -0.10580933942201       -1.32172445540853
H           -6.79041962488229       -0.69647044042040        0.26684587648177
H           -6.19739741185828        0.96190729349144        0.08573081413279
41
 energy: -65.033380775927 gnorm: 0.000031556016 xtb: 6.7.1 (edcfbbe)
C            1.61260658523764        2.69784227042523       -1.36458143862169
C            1.99512752257790        2.41471717353843        0.07627480302705
O            2.98726796187139        1.36945097108391        0.12116313773747
P            2.68496311158211       -0.03787536036302        0.78185098145938
S            2.31713357669883       -0.03018475115042        2.71196027420086
O            4.04710126165439       -0.70574853660924        0.34112126820570
C            4.59811981587950       -1.84184806548715        1.03006869032099
C            3.80289729057075       -3.10622584539061        0.77160365304506
S            1.17054499700453       -0.91839328622217       -0.44433952254241
C           -0.09657621497827       -1.25365245990957        0.81166975080489
S           -1.29937257687589        0.08457283990473        0.98902788628568
P           -2.25008404924150       -0.10121466462367       -0.92131794886690
S           -2.02512279499515       -1.85525269164052       -1.76425527740955
O           -1.72404200875814        1.07879028649786       -1.82242657424548
C           -2.22090679737882        2.44227204227658       -1.79576259543353
C           -2.09521384590712        3.09315637861539       -0.43453161226711
O           -3.75473910342753        0.32743809875165       -0.64567676468613
C           -4.67494090391525       -0.55084086402483        0.03323863158257
C           -6.08069981211911       -0.06280548414868       -0.25478430041057
H            0.98038189555582        3.57939277798176       -1.40225448410439
H            2.51052975283460        2.87818515619341       -1.94882497750880
H            1.08064779874863        1.85158083338027       -1.79546914522351
H            1.12643073031406        2.12107250391742        0.67728243881059
H            2.46514997472883        3.28602676099365        0.53769698031764
H            5.61300098561619       -1.91884118813909        0.63741298569844
H            4.63099762097740       -1.61924537542646        2.10172060975492
H            2.81630205867156       -3.02666231815961        1.22678088042761
H            3.68477864174716       -3.26682571009166       -0.29713698720405
H            4.32335029552277       -3.95311211130256        1.20759595278664
H            0.37730484244250       -1.36561151997839        1.78828026811132
H           -0.61019564681405       -2.16126236146361        0.49889164175449
H           -1.60319152873957        2.94380178537626       -2.54223840107631
H           -3.26164669506958        2.42732938970638       -2.12344388605224
H           -2.41201072371354        4.12880156130186       -0.51059439088483
H           -2.72575355238976        2.58301890835719        0.29075579386279
H           -1.06749408707319        3.05990813677071       -0.08389572519725
H           -4.52113874943523       -1.57065848201490       -0.33459008502345
H           -4.45157670698140       -0.51684258617272        1.10291397054085
H           -6.28086022564933       -0.10581159900927       -1.32172404932162
H           -6.79042145966831       -0.69647154927079        0.26684686286599
H           -6.19739852776519        0.96190552781198        0.08573031986274
