----------------------------------------------- 
  Element       SASA      Sigma Z        Total  
     Z         Ang**2 cal/Ang**2/mol   kcal/mol 
----------------------------------------------- 
      H        227.277      48.690      11.066
      C         58.316     129.740       7.566
      O         25.351       0.000       0.000
      P          2.237       0.000       0.000
      S         97.817      -9.100      -0.890

 Subtotal:     410.998                  17.742
 -----------------------------------------------

  Elements    COT*SASA   Sigma Z,Z'     Total   
    Z,Z'       Ang**2  cal/Ang**2/mol kcal/mol  
 ---------------------------------------------- 
  H   C        153.230     -60.770      -9.312
  H   O          0.000       0.000       0.000
  C   C         33.428     -72.950      -2.439
  O   C          0.000      68.690       0.000
  O   O          0.000       0.000       0.000
  O   P         17.527      68.850       1.207

 Subtotal:                             -10.544
 ---------------------------------------------- 

 NONAQUEOUS SOLVENT CONTRIBUTION (kcal/mol):
 (proportional to SASA, atomic number independent)
 ---------------------------------------------- 
 Subtotal:                               0.000
 ---------------------------------------------- 

 CDS TOTAL (kcal/mol):                   7.198
...............................................................................
