19
 energy: -26.296721258027 gnorm: 0.023942895785 xtb: 6.7.1 (edcfbbe)
C           -2.59517675638294        0.56578903151514        0.00926891368925
C           -1.22381887635030       -0.05828601668188       -0.00147064554832
C           -1.13710830005966       -1.45445265027614       -0.00338593805834
C            0.09750272310462       -2.09181675154780       -0.00453561740729
C            1.26433841176823       -1.34011790829240       -0.00059570213906
C            1.18379760167319        0.05101877060234        0.00183770786163
C           -0.05185710265660        0.72354777591227       -0.00398583195342
C           -0.13556450361365        2.22761298880312       -0.01054335509497
O            2.39847020759854        0.71145513861772        0.00864635994982
H           -2.57282518264011        1.65461899361441       -0.01550228170892
H           -3.17930299990456        0.22065270787241       -0.85060764385614
H           -3.14378704720872        0.26276838645044        0.90793210988005
H           -2.05235861579835       -2.03974633981840       -0.00318956146026
H            0.15479927558965       -3.17592352572859       -0.00687596374433
H            2.24132358328798       -1.81234461184984        0.00164216086439
H           -0.62663287936113        2.60073889774001        0.89426508986909
H            0.83580257304106        2.72346349731823       -0.06875832100692
H           -0.71456390583898        2.58405281224450       -0.86822573126015
H            2.25492000758333        1.66628132565203        0.03049288541827
19
 energy: -26.297673801692 gnorm: 0.010998745341 xtb: 6.7.1 (edcfbbe)
C           -2.58879079595425        0.56277142783159        0.00942357271460
C           -1.21804843171101       -0.05179727893324       -0.00108159556487
C           -1.13413538328558       -1.44065415037461       -0.00305144910706
C            0.09088907248565       -2.07989861319902       -0.00500273941621
C            1.25200507758844       -1.33233044455960       -0.00129504774447
C            1.18099868165078        0.05565765247304        0.00108651117449
C           -0.05116178397819        0.72321584312325       -0.00384252617164
C           -0.14029475132524        2.22414771862468       -0.01135793529854
O            2.39219915003240        0.70569535496855        0.00944644098803
H           -2.56410063112204        1.64673081571364       -0.01588486547066
H           -3.16163338636928        0.21151214450690       -0.84985048455559
H           -3.12605106276942        0.25425550599566        0.90750953190293
H           -2.04582013162812       -2.02189075959910       -0.00261291009589
H            0.14533113377247       -3.15949921046900       -0.00709707364786
H            2.22464983505878       -1.80108504635860        0.00118256822818
H           -0.63012658387713        2.58285103129386        0.89549906435984
H            0.83213051579247        2.70999349129348       -0.06968253225998
H           -0.71961689950452        2.56610509483066       -0.87017437135755
H            2.25953458897540        1.66353194498541        0.03319447561660
19
 energy: -26.297783482675 gnorm: 0.003940585343 xtb: 6.7.1 (edcfbbe)
C           -2.58756141186390        0.56207895720509        0.00968394884933
C           -1.21546171906153       -0.04895363467128       -0.00125693348875
C           -1.13406263355463       -1.43598888159791       -0.00298962485118
C            0.08802029972981       -2.07729311913018       -0.00538277677126
C            1.24723952970632       -1.33007442910739       -0.00159054499589
C            1.18231504510402        0.05824662779833        0.00122762658569
C           -0.04984552285619        0.72280724631128       -0.00400954575312
C           -0.14233099351389        2.22490627150125       -0.01205339954982
O            2.39104294019912        0.70133084564539        0.01028322119023
H           -2.56598309550538        1.64435127274753       -0.01592259772129
H           -3.15500093608482        0.20635731680338       -0.84874293649619
H           -3.11896861295331        0.24970294452073        0.90739944431861
H           -2.04552080428702       -2.01479777694213       -0.00214256529170
H            0.14134378979234       -3.15519365051930       -0.00774757363072
H            2.21962400436637       -1.79590773645734        0.00047338046499
H           -0.63239321298499        2.57755556065036        0.89469500800555
H            0.82908625346871        2.70877954998341       -0.07083317362614
H           -0.72219305574740        2.55997991026585       -0.87068769865822
H            2.26860834987799        1.66142524714048        0.03600537571423
19
 energy: -26.297796259584 gnorm: 0.001378219726 xtb: 6.7.1 (edcfbbe)
C           -2.58847086968118        0.56180425321033        0.00986618356954
C           -1.21533037094519       -0.04847307677612       -0.00123716250358
C           -1.13470959014534       -1.43575054611901       -0.00297898625589
C            0.08753209719063       -2.07759875536141       -0.00570811026694
C            1.24639279785530       -1.32979311556033       -0.00182569666103
C            1.18325390152899        0.05931469166113        0.00134229430060
C           -0.04963468643175        0.72263283660252       -0.00407782978042
C           -0.14207196176958        2.22586109812951       -0.01247304912794
O            2.39056531317183        0.70065862152702        0.01078019232901
H           -2.56861508795518        1.64406662017487       -0.01602547982224
H           -3.15485606288672        0.20455137194914       -0.84836823556751
H           -3.11832211709055        0.24842634758963        0.90790757259421
H           -2.04664676655393       -2.01401091902097       -0.00197735094976
H            0.14097950164589       -3.15537270556437       -0.00827339727087
H            2.21969957807167       -1.79433590860095        0.00014252684428
H           -0.63207233259693        2.57781732824373        0.89419076373294
H            0.82979559333710        2.70846926436986       -0.07160589721413
H           -0.72208353856453        2.55958227216895       -0.87111571665390
H            2.27255281565107        1.66146284352404        0.03784601299799
19
 energy: -26.297798802021 gnorm: 0.000745373214 xtb: 6.7.1 (edcfbbe)
C           -2.58956079925239        0.56150219061285        0.01017180168842
C           -1.21572257256071       -0.04866401490814       -0.00123247568197
C           -1.13532137373174       -1.43639346472335       -0.00308907665382
C            0.08760997544850       -2.07813510330533       -0.00614500628850
C            1.24618544378126       -1.32978881148807       -0.00207835253609
C            1.18387883370953        0.06003896523385        0.00152942875626
C           -0.04995673652054        0.72243095629416       -0.00413816093469
C           -0.14183288895309        2.22657245007299       -0.01307880878811
O            2.39014788969448        0.70040186443649        0.01148896623070
H           -2.57046803274504        1.64404856363487       -0.01627298909690
H           -3.15627210944509        0.20356043678889       -0.84777415648179
H           -3.11887798962508        0.24835153248639        0.90883088484038
H           -2.04767673468327       -2.01456765673975       -0.00196244663041
H            0.14153782169959       -3.15608492487986       -0.00909667834791
H            2.22054658512429       -1.79341007744722       -0.00024679261358
H           -0.63125234369947        2.57950722965945        0.89357129539184
H            0.83066952962790        2.70805012512348       -0.07299504686711
H           -0.72197013738654        2.56027983476777       -0.87169715120556
H            2.27629385334900        1.66161242652810        0.04062339951321
19
 energy: -26.297799388877 gnorm: 0.000142724192 xtb: 6.7.1 (edcfbbe)
C           -2.58933370381670        0.56152430190015        0.01024155337012
C           -1.21583711450664       -0.04885280542136       -0.00124334152935
C           -1.13518388951527       -1.43647073910272       -0.00317673001260
C            0.08772091116528       -2.07794872649602       -0.00627517363566
C            1.24628304578326       -1.32972720955121       -0.00210567498791
C            1.18352293696064        0.05989485586840        0.00156767648108
C           -0.05019069560472        0.72243908514036       -0.00414193420376
C           -0.14190120006628        2.22623472390450       -0.01321946880199
O            2.39005130799879        0.70058840381465        0.01163192577859
H           -2.56968575320791        1.64403398993393       -0.01642328171437
H           -3.15654113762024        0.20377556818195       -0.84748289355639
H           -3.11884416953716        0.24892287437902        0.90900378639794
H           -2.04732990043616       -2.01482225295069       -0.00209563992330
H            0.14168739040799       -3.15590946431982       -0.00926510622808
H            2.22042538817388       -1.79354871654268       -0.00023894428588
H           -0.63096034272218        2.57962543692495        0.89353095167522
H            0.83059019447679        2.70771966975787       -0.07355721672802
H           -0.72223602349075        2.56018092739189       -0.87170119979803
H            2.27572096938898        1.66165259933437        0.04135934599674
19
 energy: -26.297799600854 gnorm: 0.000083081560 xtb: 6.7.1 (edcfbbe)
C           -2.58929437212949        0.56152261162345        0.01039480730996
C           -1.21592266222527       -0.04893460453025       -0.00130018872875
C           -1.13516797829879       -1.43651624166393       -0.00333561850469
C            0.08775696001465       -2.07787117681730       -0.00654101313378
C            1.24631209368023       -1.32965638093960       -0.00219990271479
C            1.18337857403038        0.05990506072350        0.00164955493103
C           -0.05032509653480        0.72245341315448       -0.00420654971645
C           -0.14195003290698        2.22611455622645       -0.01356884825572
O            2.38997541078389        0.70062658061176        0.01201818708986
H           -2.56945296722270        1.64400625241171       -0.01677126572157
H           -3.15695532833975        0.20348311765638       -0.84691858769903
H           -3.11856322005455        0.24946168306736        0.90950274480300
H           -2.04722975032058       -2.01495484818939       -0.00227311009162
H            0.14175709101214       -3.15583450185932       -0.00970049091883
H            2.22039401935563       -1.79349390610280       -0.00032026974179
H           -0.63035913048937        2.57993857656327        0.89339596064925
H            0.83055174488419        2.70745211336373       -0.07481920007054
H           -0.72281728936073        2.55995944271971       -0.87176093728199
H            2.27587014795348        1.66165077412835        0.04316336209082
19
 energy: -26.297800106996 gnorm: 0.000333827055 xtb: 6.7.1 (edcfbbe)
C           -2.58931604995756        0.56148047002874        0.01080185804827
C           -1.21610027013819       -0.04906411869675       -0.00152005687691
C           -1.13514804863344       -1.43659202695263       -0.00385862084435
C            0.08781430899388       -2.07775822691834       -0.00743084734917
C            1.24635113723071       -1.32952366149181       -0.00253876018106
C            1.18310186120773        0.05995537173481        0.00190978481217
C           -0.05057940590130        0.72248172279208       -0.00444260185951
C           -0.14193446994607        2.22595573993074       -0.01464739774100
O            2.38977643969304        0.70076815479360        0.01324452476998
H           -2.56928078225744        1.64389806469726       -0.01820381456055
H           -3.15828682964993        0.20209109634765       -0.84508922745018
H           -3.11752338578317        0.25113527483783        0.91115419006764
H           -2.04707135824260       -2.01519564017465       -0.00280439211000
H            0.14188801821551       -3.15572006119727       -0.01102385240891
H            2.22035788609160       -1.79336009167702       -0.00058023428971
H           -0.62793156495062        2.58094049451784        0.89321447339960
H            0.83057083813643        2.70685973472675       -0.07922201244484
H           -0.72489306031950        2.55930176248971       -0.87164811665450
H            2.27616295004253        1.66165846235901        0.04909373796740
19
 energy: -26.297801032695 gnorm: 0.000617992153 xtb: 6.7.1 (edcfbbe)
C           -2.58941377782225        0.56138071648390        0.01168366224622
C           -1.21635389986542       -0.04919793887957       -0.00216722314817
C           -1.13512742145585       -1.43666139377096       -0.00516677865478
C            0.08789112932532       -2.07760365449126       -0.00938998142689
C            1.24640565288049       -1.32933278578823       -0.00320232637350
C            1.18274922207951        0.06004162895423        0.00254582281713
C           -0.05091458779544        0.72252702282866       -0.00505579698403
C           -0.14184774826734        2.22581888533246       -0.01709752030472
O            2.38944746215380        0.70100913067372        0.01620480068109
H           -2.56925723639954        1.64366890071585       -0.02175485626896
H           -3.16126765431854        0.19848910798907       -0.84081902696494
H           -3.11484210306070        0.25494971896550        0.91506228526199
H           -2.04687904985950       -2.01548515663024       -0.00425111534214
H            0.14206024110277       -3.15555984710583       -0.01406465020435
H            2.22033561454015       -1.79314499425116       -0.00103106658027
H           -0.62180684334149        2.58316843284557        0.89314688859731
H            0.83052090247257        2.70589211030723       -0.08988938181260
H           -0.73016221053426        2.55780919051897       -0.87099946189838
H            2.27642052199733        1.66154344744962        0.06265436065437
19
 energy: -26.297802270858 gnorm: 0.000827728528 xtb: 6.7.1 (edcfbbe)
C           -2.58966082439712        0.56118846536664        0.01307341256895
C           -1.21664318804182       -0.04928873143744       -0.00338484322699
C           -1.13511760876310       -1.43672159810047       -0.00762952121190
C            0.08797254152019       -2.07747504470983       -0.01284449409390
C            1.24645771909502       -1.32911278693941       -0.00418046615179
C            1.18239752678183        0.06018022345458        0.00379738108628
C           -0.05126456319861        0.72255345871772       -0.00608351818712
C           -0.14139895052409        2.22575292375918       -0.02114146591853
O            2.38890149511940        0.70164234739813        0.02151222127483
H           -2.56977074718103        1.64324527867850       -0.02797028963285
H           -3.16631706618349        0.19208362545232       -0.83353584382486
H           -3.11003877876336        0.26133335322211        0.92167523165975
H           -2.04672628852934       -2.01576316909405       -0.00700804903150
H            0.14224218848242       -3.15541955321175       -0.01908458258466
H            2.22037401764401       -1.79285160530072       -0.00133253363611
H           -0.61048538934844        2.58682927679896        0.89345025800804
H            0.83061577230935        2.70443885943572       -0.10849012328948
H           -0.73940673334518        2.55533563119247       -0.86926835618037
H            2.27582709115497        1.66136156746489        0.08485421666659
19
 energy: -26.297803287962 gnorm: 0.000525260254 xtb: 6.7.1 (edcfbbe)
C           -2.58980475908599        0.56109311613539        0.01341699630587
C           -1.21661338568252       -0.04918650765603       -0.00399071841876
C           -1.13512927398740       -1.43667383323822       -0.00861588487155
C            0.08796665572763       -2.07752688136673       -0.01384207117723
C            1.24644794026965       -1.32913076702588       -0.00419784688970
C            1.18251923317845        0.06020886381453        0.00440731636691
C           -0.05119363684390        0.72252494727364       -0.00644530645237
C           -0.14107431213973        2.22590869683558       -0.02231409504184
O            2.38874869164667        0.70197268064749        0.02365368675416
H           -2.57040401366259        1.64304525438966       -0.03031616210962
H           -3.16795197938792        0.18962420727176       -0.83104004034946
H           -3.10815585147348        0.26343666908037        0.92384462042866
H           -2.04682194447536       -2.01564122543616       -0.00833514534767
H            0.14222281659843       -3.15545977404664       -0.02079144051471
H            2.22046262774152       -1.79281893566424       -0.00104716219158
H           -0.60586078218716        2.58801385734171        0.89396023118343
H            0.83059927700394        2.70408384464889       -0.11508186959450
H           -0.74281100919280        2.55469988337589       -0.86795020290269
H            2.27481191978415        1.66113842576655        0.09109372911704
19
 energy: -26.297804276665 gnorm: 0.000271810369 xtb: 6.7.1 (edcfbbe)
C           -2.58990929908470        0.56104079765006        0.01311566282230
C           -1.21638893985940       -0.04894160182619       -0.00437386129237
C           -1.13516594447310       -1.43654845162001       -0.00926727143885
C            0.08787784289274       -2.07767672371012       -0.01410512711038
C            1.24636922229887       -1.32928505241418       -0.00386402780372
C            1.18293285362723        0.06016990661495        0.00482036146572
C           -0.05087176443725        0.72248622026986       -0.00641892087294
C           -0.14075677652198        2.22623866563484       -0.02208929942524
O            2.38888528340657        0.70209306020282        0.02476350107235
H           -2.57114596235164        1.64296789178361       -0.03175400841043
H           -3.16827957760114        0.18829505230211       -0.83050741600690
H           -3.10722448533517        0.26411775969754        0.92427007949088
H           -2.04707992693576       -2.01526167023371       -0.00930339681936
H            0.14204838183787       -3.15560305272271       -0.02082734713615
H            2.22053730798360       -1.79295556633314       -0.00003239040716
H           -0.60301250826416        2.58798880328982        0.89543445189174
H            0.83051028175430        2.70441394501445       -0.11761082941595
H           -0.74486624382333        2.55474609010533       -0.86594872874080
H            2.27349846871806        1.66102644844222        0.09010720243164
19
 energy: -26.297804660795 gnorm: 0.000244435075 xtb: 6.7.1 (edcfbbe)
C           -2.58993828845958        0.56100487851333        0.01290284376489
C           -1.21628595352619       -0.04886225301196       -0.00487768620548
C           -1.13517942730072       -1.43651750751885       -0.00967260143036
C            0.08783640406066       -2.07775288190419       -0.01393042144652
C            1.24633280607903       -1.32936916214172       -0.00342072015081
C            1.18309025700440        0.06012220986569        0.00510634418519
C           -0.05073915936856        0.72245388021476       -0.00659204011723
C           -0.14062649701087        2.22635000436772       -0.02193326786457
O            2.38894413089485        0.70207382840569        0.02570067630372
H           -2.57145434552921        1.64291194738404       -0.03302550413972
H           -3.16871541096262        0.18725073967318       -0.82998821079399
H           -3.10659368020772        0.26492215783267        0.92472721638289
H           -2.04718361774216       -2.01510990247258       -0.01016170838109
H            0.14197493662828       -3.15568277178547       -0.02107645433862
H            2.22055502604683       -1.79304072569428        0.00049851053226
H           -0.60080218861639        2.58797793562139        0.89671108434702
H            0.83042766690537        2.70459029183875       -0.11978018327149
H           -0.74665120615630        2.55483081669331       -0.86438958139613
H            2.27296676109252        1.66115903626606        0.08961033831441
19
 energy: -26.297804942796 gnorm: 0.000217603191 xtb: 6.7.1 (edcfbbe)
C           -2.58995321552151        0.56097551296160        0.01265747839733
C           -1.21628587653505       -0.04885885198586       -0.00504530775532
C           -1.13518930143306       -1.43652346867342       -0.01006731971583
C            0.08782264699658       -2.07776789886802       -0.01425953641597
C            1.24632469100700       -1.32938432352346       -0.00332583596738
C            1.18309511196337        0.06011142608187        0.00547068504207
C           -0.05073452878516        0.72244841956673       -0.00649707800792
C           -0.14055722641214        2.22634624966103       -0.02177332142971
O            2.38891765610724        0.70205181612276        0.02648347309759
H           -2.57156099881592        1.64285217567777       -0.03423370732810
H           -3.16912413818062        0.18638410729644       -0.82961696716267
H           -3.10617963224727        0.26572980134874        0.92501696700654
H           -2.04720274229724       -2.01510086040493       -0.01054760501488
H            0.14196378142065       -3.15569768043778       -0.02106669295897
H            2.22054310648337       -1.79306181222525        0.00093947824796
H           -0.59901231978597        2.58799064369194        0.89775338780212
H            0.83036903683196        2.70456319266986       -0.12146505342091
H           -0.74810398103626        2.55491764659607       -0.86310079102096
H            2.27282614407166        1.66133642659146        0.08908638089937
19
 energy: -26.297805201527 gnorm: 0.000139968403 xtb: 6.7.1 (edcfbbe)
C           -2.58998179246402        0.56093144211982        0.01241404497031
C           -1.21637234962978       -0.04891047973972       -0.00527520534044
C           -1.13519185200523       -1.43655169668324       -0.01030224989899
C            0.08783624617240       -2.07772430084546       -0.01428824591037
C            1.24633259739511       -1.32933736434481       -0.00314235915384
C            1.18297782419733        0.06013419006293        0.00569949488284
C           -0.05084084864593        0.72246660580306       -0.00651204780903
C           -0.14051902335066        2.22627518018677       -0.02157110815476
O            2.38882130065744        0.70204357445893        0.02729888503788
H           -2.57156000642277        1.64275420781425       -0.03568483044555
H           -3.16967824095432        0.18541710130737       -0.82910775989959
H           -3.10577056648785        0.26677029546959        0.92539951899047
H           -2.04714913989222       -2.01519989212181       -0.01106505793222
H            0.14200926748347       -3.15565462084567       -0.02128025838813
H            2.22051186085962       -1.79302198143213        0.00132270301830
H           -0.59728229283571        2.58801482451426        0.89879360501599
H            0.83032753346851        2.70432921536404       -0.12301350375140
H           -0.74949078223538        2.55507361823361       -0.86178775554938
H            2.27297847852162        1.66150260282575        0.08851076461228
19
 energy: -26.297805387707 gnorm: 0.000062371902 xtb: 6.7.1 (edcfbbe)
C           -2.59001718001700        0.56087998963886        0.01224432916416
C           -1.21646225411571       -0.04896336322327       -0.00559834285381
C           -1.13518145194784       -1.43657247428283       -0.01077943748370
C            0.08786056390243       -2.07766530494281       -0.01446194732810
C            1.24634061468664       -1.32928121904433       -0.00292472132106
C            1.18284590213397        0.06015406307440        0.00601375112554
C           -0.05096142467043        0.72248931192612       -0.00650801083113
C           -0.14050775685386        2.22622933777300       -0.02141218962780
O            2.38873674027204        0.70203243337117        0.02802142477883
H           -2.57157592083369        1.64262657436567       -0.03735236306699
H           -3.17036007117013        0.18423019913570       -0.82831614053987
H           -3.10520941129765        0.26806081444237        0.92600387177651
H           -2.04707096727413       -2.01530349109334       -0.01169744345631
H            0.14205937873433       -3.15559579631264       -0.02146687993178
H            2.22048514256780       -1.79296692088562        0.00178550929492
H           -0.59559690422099        2.58807718798464        0.89975613963536
H            0.83023667506339        2.70407214654422       -0.12460816085515
H           -0.75087184488404        2.55526354198313       -0.86052490719424
H            2.27320838375649        1.66154549169311        0.08823415300899
19
 energy: -26.297805528973 gnorm: 0.000098135470 xtb: 6.7.1 (edcfbbe)
C           -2.59006290273062        0.56083576337255        0.01212260415862
C           -1.21653710384190       -0.04899524567865       -0.00575272970635
C           -1.13518678440915       -1.43659096543282       -0.01106107326134
C            0.08787255418154       -2.07763125538221       -0.01468690693079
C            1.24633900006286       -1.32923357641120       -0.00289237301359
C            1.18274264065956        0.06018064484536        0.00615200508467
C           -0.05105626054430        0.72250295614014       -0.00651252985209
C           -0.14043905463929        2.22620265491268       -0.02135969651002
O            2.38863863178913        0.70209660114499        0.02856803111970
H           -2.57165000017998        1.64250655271242       -0.03915545801790
H           -3.17115103308445        0.18284531324830       -0.82732661976708
H           -3.10446877739062        0.26949727705938        0.92680444629169
H           -2.04703235771563       -2.01538023092105       -0.01229663999144
H            0.14209092025669       -3.15556167970205       -0.02179912610846
H            2.22047188624481       -1.79290019012876        0.00205565907410
H           -0.59425275583474        2.58821213789402        0.90037162689247
H            0.83024855106534        2.70382105102253       -0.12597484868985
H           -0.75186450398473        2.55530556889365       -0.85965780846434
H            2.27325556392709        1.66159914455826        0.08881007198637
19
 energy: -26.297805858311 gnorm: 0.000196827136 xtb: 6.7.1 (edcfbbe)
C           -2.59014501922204        0.56076104050918        0.01200972388747
C           -1.21665681007573       -0.04904145815501       -0.00627956743236
C           -1.13518527016990       -1.43661800125045       -0.01189001030717
C            0.08790147308209       -2.07757972480520       -0.01530153648884
C            1.24635068760402       -1.32916387896007       -0.00286426783577
C            1.18258695542201        0.06021601650566        0.00651745672163
C           -0.05120490980896        0.72252707230096       -0.00659473735566
C           -0.14033525736959        2.22617371666335       -0.02142066634368
O            2.38849156097153        0.70219418306678        0.02973408075590
H           -2.57185139328269        1.64224547813310       -0.04336822457724
H           -3.17302751050114        0.17954965719401       -0.82473611969917
H           -3.10263295352008        0.27296089032908        0.92892475101257
H           -2.04695866234654       -2.01550596584970       -0.01343911618337
H            0.14214620807408       -3.15550769390506       -0.02265871845011
H            2.22046609459511       -1.79280031263008        0.00238344710718
H           -0.59165440559645        2.58854794666499        0.90139621949126
H            0.83020744121351        2.70340659967929       -0.12890954501888
H           -0.75385603219379        2.55532720573784       -0.85814919981006
H            2.27331601695617        1.66161975091887        0.09105466482067
19
 energy: -26.297790321670 gnorm: 0.004481107283 xtb: 6.7.1 (edcfbbe)
C           -2.59143549198652        0.55950804604899        0.01017386225081
C           -1.21841952356173       -0.04971300502947       -0.01534410865906
C           -1.13515505003639       -1.43701964363791       -0.02612593732336
C            0.08832490182158       -2.07683803248896       -0.02621836836886
C            1.24646287987759       -1.32813394477115       -0.00277331848633
C            1.18032494518385        0.06074159839307        0.01232856366240
C           -0.05339930650005        0.72279441143171       -0.00848473012093
C           -0.13839290039141        2.22580787634529       -0.02251621654909
O            2.38598389635988        0.70393472351693        0.05010194486745
H           -2.57584399865423        1.63751654332922       -0.11885850964354
H           -3.20621837231009        0.12030466637961       -0.77798088138005
H           -3.06931986915974        0.33516702881578        0.96699620675881
H           -2.04590702113722       -2.01730223888750       -0.03411700003174
H            0.14299481846785       -3.15472323228458       -0.03772515917724
H            2.22040557401237       -1.79128804438919        0.00834009148124
H           -0.54711169549646        2.59382063792756        0.91908628654382
H            0.82960603599600        2.69681665649178       -0.17900622756766
H           -0.78779847786596        2.55597222534862       -0.83227674869135
H            2.27285686921231        1.66194624960775        0.13080888472904
19
 energy: -26.297808197514 gnorm: 0.000969469479 xtb: 6.7.1 (edcfbbe)
C           -2.59071526318961        0.56017889157170        0.01126426745915
C           -1.21743201907579       -0.04934388488960       -0.01039062991896
C           -1.13516292551526       -1.43680667370804       -0.01843066465261
C            0.08809837993423       -2.07727049825129       -0.02027487937276
C            1.24639785568983       -1.32871398134339       -0.00281390700302
C            1.18159854832898        0.06044707793115        0.00912229572407
C           -0.05216952262091        0.72262620118171       -0.00744823304674
C           -0.13940856292902        2.22601496815939       -0.02200936960180
O            2.38734450354586        0.70299880833410        0.03887388118001
H           -2.57389666528684        1.63985631589042       -0.07739785574099
H           -3.18798897359456        0.15294054464303       -0.80323617214282
H           -3.08750505132067        0.30120589893580        0.94594849297303
H           -2.04648635573925       -2.01630723492745       -0.02289281104932
H            0.14253719798170       -3.15517345010267       -0.02949353986767
H            2.22044966707538       -1.79211840714139        0.00513043038595
H           -0.57141090251857        2.59097929641263        0.90921178990846
H            0.82988969050846        2.70044883367524       -0.15172323604375
H           -0.76914046826682        2.55557832149240       -0.84647335900402
H            2.27295908082447        1.66177149428382        0.10944213410817
19
 energy: -26.297809667904 gnorm: 0.000719983383 xtb: 6.7.1 (edcfbbe)
C           -2.59077577057945        0.56010306944335        0.01119269369153
C           -1.21749361327043       -0.04936062006342       -0.01117223717869
C           -1.13516722866514       -1.43684126809955       -0.01966317289099
C            0.08811629801597       -2.07729562378721       -0.02113569714717
C            1.24639066885149       -1.32870309244760       -0.00276753141322
C            1.18157622932294        0.06045950924316        0.00952311031354
C           -0.05221995795524        0.72259613345738       -0.00765018657804
C           -0.13919129728870        2.22601807917285       -0.02209232096614
O            2.38717997434569        0.70317375519429        0.04021042860210
H           -2.57460748529954        1.63904640573038       -0.08370947181862
H           -3.19055760047344        0.14822157333511       -0.79871270865062
H           -3.08441318363724        0.30671090861796        0.94877104664914
H           -2.04647222631414       -2.01637102462803       -0.02455696702082
H            0.14258677927461       -3.15519398347307       -0.03071572396707
H            2.22046544347995       -1.79207107113298        0.00557698214614
H           -0.56838664685936        2.59123309426297        0.91018812074559
H            0.82971433204536        2.70013463597580       -0.15498482131343
H           -0.77117753876809        2.55566408486331       -0.84462360388800
H            2.27239103760639        1.66178795648285        0.11273069497914
19
 energy: -26.297811203376 gnorm: 0.000205783581 xtb: 6.7.1 (edcfbbe)
C           -2.59079280474379        0.56021332431673        0.01134897923145
C           -1.21724531965367       -0.04921046244979       -0.01153571927102
C           -1.13520111872907       -1.43681787646138       -0.01977096150643
C            0.08807495509023       -2.07755764857766       -0.02126625894052
C            1.24640110957054       -1.32896398066395       -0.00297684877282
C            1.18203361954044        0.06035078096997        0.00935966590489
C           -0.05183801022436        0.72249393963562       -0.00805020171671
C           -0.13912795365260        2.22627902451008       -0.02210808137216
O            2.38735855146139        0.70315312142744        0.04020858566732
H           -2.57527955606311        1.63884503369304       -0.08548071400718
H           -3.19092922242537        0.14673369785848       -0.79710557043641
H           -3.08321974241330        0.30834338091880        0.94968945129361
H           -2.04674798613055       -2.01610171915992       -0.02440489829302
H            0.14248312501993       -3.15547137138505       -0.03083542329571
H            2.22064561827025       -1.79237525910812        0.00509356383318
H           -0.56998978049690        2.59082826217258        0.90967735294532
H            0.82987280780860        2.70095973827875       -0.15314874546507
H           -0.76986833050806        2.55594437714183       -0.84557781499424
H            2.27132825211102        1.66166615903012        0.11329227348991
19
 energy: -26.297813414147 gnorm: 0.000577656366 xtb: 6.7.1 (edcfbbe)
C           -2.59054216837824        0.56046515620439        0.01147721920426
C           -1.21676291834330       -0.04897756256641       -0.01166454163571
C           -1.13521046117641       -1.43667132323756       -0.01988654801447
C            0.08793980352244       -2.07775756703432       -0.02179387797676
C            1.24629010303813       -1.32925173008714       -0.00381309166048
C            1.18273445383896        0.06020152869265        0.00887203836846
C           -0.05123611430605        0.72230870562178       -0.00820351343892
C           -0.13928466351372        2.22642605547803       -0.02175383517529
O            2.38769501854161        0.70309953809548        0.03967297560987
H           -2.57545699234707        1.63852956487286       -0.09123216671061
H           -3.19229728424827        0.14237455694404       -0.79317870077842
H           -3.07995256578817        0.31340533061984        0.95251777878700
H           -2.04706364350648       -2.01554058880257       -0.02421177350109
H            0.14224059664904       -3.15566018249811       -0.03127868668615
H            2.22065417677211       -1.79277091250715        0.00401035273574
H           -0.57455773330868        2.58962920387797        0.90846096593221
H            0.82987481297041        2.70224992333366       -0.14805630142470
H           -0.76667441205224        2.55591372651476       -0.84783205878041
H            2.26956820546756        1.66133909862534        0.11430239943985
19
 energy: -26.297817952997 gnorm: 0.001272568522 xtb: 6.7.1 (edcfbbe)
C           -2.58990350809022        0.56104282714149        0.01169180045290
C           -1.21608085901985       -0.04882348372374       -0.01216668791697
C           -1.13516465935434       -1.43662380698280       -0.02033986359748
C            0.08783996104121       -2.07806996205723       -0.02258347565830
C            1.24623445943534       -1.32966801546891       -0.00514754519135
C            1.18369183109191        0.05992603589194        0.00798720932155
C           -0.05041395674046        0.72199809980843       -0.00828694562884
C           -0.13980156238801        2.22641276618782       -0.02044698817287
O            2.38830647926772        0.70294126393451        0.03812209028989
H           -2.57552120758635        1.63775218523566       -0.10512329156462
H           -3.19615873982869        0.13249788121719       -0.78390524690322
H           -3.07326107786482        0.32604345908853        0.95896250649935
H           -2.04736535153289       -2.01498369688600       -0.02437769976232
H            0.14205680904908       -3.15595436053911       -0.03242430981574
H            2.22068235109948       -1.79337906748170        0.00165713774780
H           -0.58490410115462        2.58722064477188        0.90603096986358
H            0.82978172307257        2.70430462226982       -0.13618060481979
H           -0.75956135850145        2.55592782519138       -0.85235035818908
H            2.26750098183602        1.66074730454842        0.11528993733988
19
 energy: -26.297831504819 gnorm: 0.003339491738 xtb: 6.7.1 (edcfbbe)
C           -2.58764487562519        0.56303449461204        0.01200447440224
C           -1.21417944161696       -0.04863655204901       -0.01321233467553
C           -1.13496296987928       -1.43666215519858       -0.02198792677983
C            0.08768193867511       -2.07896658769225       -0.02534601387458
C            1.24621850875540       -1.33086992411780       -0.00946196278876
C            1.18627055137263        0.05905969315363        0.00516909910356
C           -0.04817004352338        0.72107596290197       -0.00771286922694
C           -0.14202294371984        2.22607483578540       -0.01545418161785
O            2.39028342039802        0.70213654272294        0.03244215656537
H           -2.57497732442033        1.63501347892254       -0.15223349426236
H           -3.20925870581157        0.09992144962538       -0.75319026615197
H           -3.05156542291303        0.36924074208877        0.97979041405506
H           -2.04801436411794       -2.01374419675128       -0.02563145344495
H            0.14170615435303       -3.15680504471434       -0.03579883781808
H            2.22079048617066       -1.79519946834505       -0.00540813768590
H           -0.61871828955171        2.57927943320517        0.89881998457950
H            0.82870428333275        2.71060042627698       -0.09711291349060
H           -0.73732038232915        2.55596255500594       -0.86587289215367
H            2.26313763428242        1.65879683671511        0.11660578955968
19
 energy: -26.297841955892 gnorm: 0.004060303679 xtb: 6.7.1 (edcfbbe)
C           -2.58662062396134        0.56383509740395        0.01203051258392
C           -1.21358008133805       -0.04877555974643       -0.01370883175056
C           -1.13484113703147       -1.43680979122797       -0.02292062617275
C            0.08770317774380       -2.07924682040216       -0.02637997721286
C            1.24622963761814       -1.33122221432174       -0.01114962921594
C            1.18703974822761        0.05875653121057        0.00395166023883
C           -0.04749369075707        0.72064389453693       -0.00713462922763
C           -0.14294641017293        2.22562428684033       -0.01279077375011
O            2.39087104811436        0.70199897787634        0.02958051484323
H           -2.57489071594362        1.63282550489812       -0.17417559326506
H           -3.21556854984558        0.08547841762962       -0.73830008300274
H           -3.04182334131545        0.38987503412896        0.98845808283463
H           -2.04805789528794       -2.01356894729220       -0.02663616393215
H            0.14174453314514       -3.15705310828194       -0.03727478582639
H            2.22077384029937       -1.79572773567279       -0.00835749894359
H           -0.63373677661114        2.57570667581493        0.89538041314883
H            0.82808342482066        2.71247635782569       -0.07874127662785
H           -0.72656885693453        2.55626222939983       -0.87135250190710
H            2.26164088306164        1.65823369152751        0.11592982147964
19
 energy: -26.297875367655 gnorm: 0.007103099327 xtb: 6.7.1 (edcfbbe)
C           -2.58351550140267        0.56616030487210        0.01182020944708
C           -1.21242432709602       -0.04972120578441       -0.01499020190184
C           -1.13442874664449       -1.43759377344464       -0.02608869343123
C            0.08800968124490       -2.07985923148049       -0.02916635560151
C            1.24639195939977       -1.33191171158206       -0.01561035481245
C            1.18841514093319        0.05800454109460        0.00051403210719
C           -0.04629032494161        0.71938568082537       -0.00456906554895
C           -0.14587187915584        2.22371838444506       -0.00394494910756
O            2.39210770967068        0.70177767596643        0.02038139830283
H           -2.57453550011112        1.62450204678884       -0.24026886709127
H           -3.23475417849533        0.04377009837767       -0.69241164841444
H           -3.01323319802395        0.45323551070358        1.01224846987468
H           -2.04763816101067       -2.01402610643769       -0.03065651688897
H            0.14231612113918       -3.15756542504005       -0.04125566815722
H            2.22066809880783       -1.79675825966700       -0.01629436251789
H           -0.67795268321012        2.56516519268800        0.88499005392226
H            0.82548062069475        2.71625239984614       -0.02288144731096
H           -0.69390048729955        2.55770546130107       -0.88600143610762
H            2.25911386933268        1.65707093867505        0.11059403753225
19
 energy: -26.297943798188 gnorm: 0.005494471063 xtb: 6.7.1 (edcfbbe)
C           -2.58270448723679        0.56645671216247        0.01153279054463
C           -1.21310165969407       -0.05077386411792       -0.01513297045823
C           -1.13424063645917       -1.43827938415370       -0.02763961958668
C            0.08841036914983       -2.07956396052593       -0.02932619351741
C            1.24652017870226       -1.33141252645100       -0.01600922093881
C            1.18731339142884        0.05810889462893       -0.00026535411375
C           -0.04724388762614        0.71903672232820       -0.00252187788020
C           -0.14632837527901        2.22219536098511       -0.00017062908650
O            2.39132053322154        0.70253785057697        0.01640917293368
H           -2.57489483343096        1.61904272093738       -0.25923448917125
H           -3.24099128676171        0.03420639679178       -0.67699073292039
H           -3.00607736994942        0.47318330950833        1.01576969450969
H           -2.04665520310989       -2.01556372430488       -0.03314545038804
H            0.14316895536113       -3.15721318815045       -0.04181865851122
H            2.22041413355707       -1.79601023762894       -0.01749618030477
H           -0.69017735355813        2.56256959560121        0.88092503574491
H            0.82466601023391        2.71374313559669       -0.00395804755109
H           -0.68147128676644        2.55910436606808       -0.88868950492517
H            2.26003102204876        1.65794434229521        0.10417086991496
19
 energy: -26.298095426406 gnorm: 0.011545455962 xtb: 6.7.1 (edcfbbe)
C           -2.57886064028772        0.56999414974772        0.00913138316334
C           -1.21557317090421       -0.05510867700020       -0.01567183599729
C           -1.13386517409512       -1.44159207743156       -0.03289067586588
C            0.09020058000815       -2.07992813007383       -0.03219156251753
C            1.24784297990971       -1.33106841012666       -0.01992866383527
C            1.18393898072022        0.05764571331143       -0.00549286193785
C           -0.05036871172068        0.71753814053592        0.00379080584797
C           -0.15194719898085        2.21755072542113        0.01967014905655
O            2.39003621445571        0.70248245761821       -0.00240580824547
H           -2.57456628991397        1.59517396424770       -0.36543803979667
H           -3.27149131544014       -0.02241981905069       -0.59812733858189
H           -2.96340756482422        0.57994511713717        1.03879979773731
H           -2.04370649912769       -2.02233268687481       -0.04400658373065
H            0.14633399332079       -3.15759335963310       -0.04329021121584
H            2.22086498148345       -1.79513040537841       -0.02346092926433
H           -0.76016601863742        2.54553623810302        0.86405373718077
H            0.81737829040077        2.71036223963652        0.09731609491939
H           -0.62351374178594        2.56848119075309       -0.90193032570727
H            2.26882851925079        1.65977615120491        0.06848150308498
19
 energy: -26.298153377817 gnorm: 0.012623457405 xtb: 6.7.1 (edcfbbe)
C           -2.58001240254397        0.57188906184227        0.00392624144516
C           -1.22375480277521       -0.06107391337414       -0.01312927312405
C           -1.13455774718718       -1.44620643961183       -0.03364484418938
C            0.09303376152914       -2.07985944045984       -0.03099031504710
C            1.25062717664595       -1.32947822204873       -0.01617644425412
C            1.17369406233461        0.05836171181488       -0.00729064742213
C           -0.05966927687844        0.71820621080315        0.00763850074603
C           -0.15736740351658        2.21482913441099        0.03705386789167
O            2.38502364411212        0.70069510632240       -0.01418437277659
H           -2.57373950263822        1.56995789355671       -0.40708694234502
H           -3.28071838437646       -0.02731499973251       -0.56207256336867
H           -2.95140302588899        0.62806236766851        1.02172215304827
H           -2.03963818634135       -2.03493264074146       -0.05457244359795
H            0.15067434053801       -3.15802778235543       -0.03441900133461
H            2.22313289437640       -1.79177477707749       -0.01322851385698
H           -0.78551632645816        2.53756473828060        0.86034397112469
H            0.80703869815138        2.69675697400999        0.15467180837506
H           -0.59744264625235        2.58576913778219       -0.88650097346562
H            2.29855334100092        1.66588840105729        0.00434842644570
19
 energy: -26.298317320550 gnorm: 0.016074561420 xtb: 6.7.1 (edcfbbe)
C           -2.57765296765479        0.57473264683170        0.00046335013994
C           -1.22376778343503       -0.06353258076368       -0.01482713930487
C           -1.13398283077356       -1.44803001761573       -0.03750458547539
C            0.09422507756195       -2.08072829358581       -0.03063240781825
C            1.25133275106977       -1.32985843634438       -0.01871247702284
C            1.17330374404615        0.05805090299741       -0.01144511373043
C           -0.05992370154445        0.71612725181296        0.01125837516079
C           -0.16099024688521        2.21186558223640        0.05304407596039
O            2.38393953093065        0.70159328498097       -0.02649244496088
H           -2.57367089634192        1.55251326961286       -0.48657743591262
H           -3.30293237343230       -0.06888225592184       -0.50692334157945
H           -2.91902991918624        0.70687552952305        1.03736637887829
H           -2.03810827027703       -2.03800322086520       -0.05900192008669
H            0.15218093715342       -3.15883183946378       -0.03467368944223
H            2.22405057452882       -1.79147465354894       -0.01879219237600
H           -0.83657737432048        2.52171560130540        0.85143994375699
H            0.80203222961600        2.69390943441042        0.23098678906949
H           -0.55543333711967        2.59344605200454       -0.89356904587118
H            2.29896306989554        1.66782426454119       -0.02899848509070
19
 energy: -26.298423046507 gnorm: 0.005925933297 xtb: 6.7.1 (edcfbbe)
C           -2.57931345255533        0.57263910735561        0.00128938605262
C           -1.21857142177408       -0.05904358578626       -0.01659524548437
C           -1.13368014799193       -1.44446860603844       -0.03491321469695
C            0.09240165366772       -2.08077799459679       -0.02759344170635
C            1.24948581193435       -1.33071570193586       -0.01837465809999
C            1.17983765779726        0.05828913800516       -0.00933098367774
C           -0.05391949570190        0.71566245108979        0.00680154094084
C           -0.15553902201965        2.21481716999114        0.04099106828896
O            2.38546473299483        0.70409915141956       -0.01311957104372
H           -2.57516317003897        1.57002553813928       -0.43031597688308
H           -3.28712795817888       -0.04393174827218       -0.55393980702922
H           -2.93989095948350        0.64655978899858        1.03099546474706
H           -2.04113754392526       -2.02922779522708       -0.04788862211184
H            0.14877854326852       -3.15860728940092       -0.03550016619008
H            2.22339644157466       -1.79279770899283       -0.02081427287450
H           -0.79620948563331        2.52928571737156        0.86331204579872
H            0.80926137481501        2.69749811355705        0.17054594728089
H           -0.58820687477256        2.58472916488188       -0.88904760278248
H            2.27809152985462        1.66527761158826       -0.00009325623440
19
 energy: -26.298513493712 gnorm: 0.005417874340 xtb: 6.7.1 (edcfbbe)
C           -2.57858496656952        0.57403916955317       -0.00126175128612
C           -1.21984328423962       -0.06080483066158       -0.01631292108908
C           -1.13380320849326       -1.44592965128743       -0.03489464816894
C            0.09312478971412       -2.08122630704020       -0.02668227781875
C            1.24995124275012       -1.33078857902965       -0.01797474326927
C            1.17849457480183        0.05823563869053       -0.00985542454036
C           -0.05547940874459        0.71496723735892        0.00899331866125
C           -0.15768947738727        2.21368218242213        0.04994818772186
O            2.38455598412395        0.70381905399412       -0.01888737229058
H           -2.57486862720229        1.55989179645892       -0.45696412737609
H           -3.29100916408085       -0.05232203693508       -0.53547764875961
H           -2.93059380173267        0.67402533743403        1.02744419884498
H           -2.04034159186248       -2.03223411646806       -0.05011763124208
H            0.14985418421035       -3.15912419366689       -0.03141646626816
H            2.22396193189559       -1.79228748420648       -0.01981086016745
H           -0.81483617363083        2.52196848189899        0.86169476962924
H            0.80506180389908        2.69512254273019        0.20557894164210
H           -0.57185826557894        2.59129390301534       -0.88603491210511
H            2.28186167195889        1.66698437788655       -0.03155999782347
19
 energy: -26.298637416476 gnorm: 0.013672038437 xtb: 6.7.1 (edcfbbe)
C           -2.57574140852158        0.57901930052190       -0.01256699985587
C           -1.22149953461892       -0.06552888793429       -0.01639155115784
C           -1.13390548508808       -1.45009909519015       -0.03415502550165
C            0.09526633422234       -2.08336354186225       -0.02170708765498
C            1.25110963036189       -1.33171635008687       -0.01794022310129
C            1.17755877860980        0.05803479934602       -0.01371588326177
C           -0.05771677827559        0.71148581452968        0.01564494240404
C           -0.16333520273858        2.21002922744808        0.08276608899652
O            2.38163475569014        0.70533925163564       -0.03467958431250
H           -2.57494277026714        1.52372194847491       -0.56221420340222
H           -3.30780114319794       -0.09166705253721       -0.46750440490726
H           -2.89243256463172        0.77935637461797        1.01845047830810
H           -2.03880144049892       -2.03941054808233       -0.05537940283694
H            0.15281188724200       -3.16135319903507       -0.01916302297643
H            2.22625810017205       -1.79134265876033       -0.02004788959023
H           -0.87327958676617        2.49492307025097        0.85937202421507
H            0.78898060431084        2.68662480627829        0.32337360417011
H           -0.51696253404728        2.61406105142223       -0.86926070046429
H            2.28075657187448        1.67119821111032       -0.13847252477624
19
 energy: -26.298762068951 gnorm: 0.004341036520 xtb: 6.7.1 (edcfbbe)
C           -2.57611196732167        0.57821745026506       -0.01127791879143
C           -1.21971554056797       -0.06361572184137       -0.01694975343280
C           -1.13384488350979       -1.44878447640859       -0.03285441435534
C            0.09462568495233       -2.08325864263138       -0.02140891580500
C            1.25059718664374       -1.33181401129193       -0.01922298120000
C            1.18011736845134        0.05825025810865       -0.01347244110643
C           -0.05566132840324        0.71174931331875        0.01411944128628
C           -0.16110936939233        2.21139923465919        0.07612587742381
O            2.38242009120271        0.70702988285887       -0.03125340753051
H           -2.57494915060689        1.53058807299906       -0.53435808548875
H           -3.30080781957059       -0.07894005119123       -0.48648497434125
H           -2.90159256364711        0.75224423337837        1.01506598824585
H           -2.04007873264465       -2.03613671072215       -0.05066739053230
H            0.15191814374006       -3.16118305506640       -0.01881074342403
H            2.22608128940250       -1.79191017687660       -0.02184947845154
H           -0.85879203947521        2.49978409861586        0.86102809356754
H            0.79233888062549        2.68811273323646        0.29762112687229
H           -0.52916298839407        2.60975637267512       -0.87078155342221
H            2.27168595234698        1.66782371806178       -0.11815983521980
19
 energy: -26.298859354049 gnorm: 0.002490184284 xtb: 6.7.1 (edcfbbe)
C           -2.57497273660488        0.57971927968780       -0.01503547799171
C           -1.21924804332673       -0.06442465001605       -0.01702383375914
C           -1.13363180475873       -1.44979838902485       -0.03205652915393
C            0.09531169701755       -2.08392657149636       -0.01918921843128
C            1.25094531553598       -1.33189507603114       -0.02025268812790
C            1.18130641468398        0.05845725025799       -0.01517065454605
C           -0.05535488394709        0.71031300591008        0.01638415084421
C           -0.16113325449914        2.21020278301304        0.08586959157296
O            2.38080808244893        0.71106537527286       -0.03619782538465
H           -2.57546791409542        1.51656891130352       -0.56559932377189
H           -3.30566511119241       -0.08934152939197       -0.46405893547682
H           -2.88901577187914        0.78535185281103        1.00907641149622
H           -2.03999638857359       -2.03708963383930       -0.04983732269534
H            0.15317987524070       -3.16178818679650       -0.01533730069066
H            2.22707413833091       -1.79163890304287       -0.02496329431615
H           -0.87457846360576        2.49250149507118        0.85841102582066
H            0.78773591754461        2.68236963649489        0.33157273061851
H           -0.51040742146776        2.61624600688136       -0.86462002395462
H            2.26106856697961        1.66641986508280       -0.14556284775808
19
 energy: -26.298947364304 gnorm: 0.006694640467 xtb: 6.7.1 (edcfbbe)
C           -2.57250234805118        0.58243798579336       -0.02065147508861
C           -1.21940690430817       -0.06698247189503       -0.01618997387278
C           -1.13293144088526       -1.45236347904987       -0.03232637438340
C            0.09693477564344       -2.08479705179065       -0.01644710426474
C            1.25192773697129       -1.33158733393537       -0.01975573011567
C            1.18169006790905        0.05847407184421       -0.01586041702676
C           -0.05611524280432        0.70736569919792        0.02146779419336
C           -0.16071449450542        2.20655003023706        0.10573608144147
O            2.37634944167097        0.72010828389209       -0.04410326912331
H           -2.57818808133262        1.48227270279180       -0.63737470827850
H           -3.31993718047866       -0.11346807498558       -0.40548725926125
H           -2.85914809387411        0.86313008951024        0.99836693312056
H           -2.03869316180560       -2.04041378864628       -0.05194309322552
H            0.15651427212546       -3.16245874277756       -0.01443200876636
H            2.22857510191379       -1.79089983449736       -0.03007712246452
H           -0.91239155472750        2.47885700223429        0.84622715026150
H            0.77807906588505        2.66787175966815        0.40927397168803
H           -0.46282027059470        2.62935564883777       -0.85522818915377
H            2.24073652508009        1.66586002571834       -0.20478657138536
19
 energy: -26.298997312267 gnorm: 0.003044848530 xtb: 6.7.1 (edcfbbe)
C           -2.57277973241121        0.58174978325415       -0.01894712699223
C           -1.21945276281681       -0.06669499815972       -0.01469128403801
C           -1.13277059555432       -1.45216143551809       -0.03237421395403
C            0.09675981332661       -2.08449800846140       -0.01763222602425
C            1.25194270073824       -1.33135429410111       -0.01849172272351
C            1.18151778630125        0.05823596891819       -0.01358149025304
C           -0.05621197941370        0.70756663123017        0.02182602577276
C           -0.15933961121417        2.20656311070510        0.10346509046467
O            2.37604200872206        0.72140894711075       -0.04099181950948
H           -2.58038779114719        1.48019172072375       -0.63275455779467
H           -3.31874799867420       -0.11071397483491       -0.40449700608006
H           -2.86056638000514        0.85953015716661        0.99673941626327
H           -2.03861984455938       -2.03989009737626       -0.05281701062936
H            0.15667571458154       -3.16211012891705       -0.01929523778642
H            2.22816277218750       -1.79121513462340       -0.02971685263290
H           -0.90666065037857        2.48297840997161        0.84276648466786
H            0.77780152482015        2.66682956874232        0.40184034358510
H           -0.46291543000615        2.62746122979429       -0.85513737312234
H            2.23750866933512        1.66543506652250       -0.19930080491900
19
 energy: -26.299024692894 gnorm: 0.004121680157 xtb: 6.7.1 (edcfbbe)
C           -2.57224649154218        0.58204185192398       -0.01696400273899
C           -1.21986128165328       -0.06729519953216       -0.01369092128093
C           -1.13234428699919       -1.45269215197770       -0.03433724720893
C            0.09716102961842       -2.08429215218551       -0.01966566066296
C            1.25253110960228       -1.33093137574620       -0.01852493236073
C            1.18095598102082        0.05797405802390       -0.01207024205444
C           -0.05692933852143        0.70708957040874        0.02394646426861
C           -0.15846595379387        2.20547552203372        0.10580838620186
O            2.37453524528097        0.72473866543418       -0.04048670664154
H           -2.58435774165374        1.46602984057050       -0.64566695308752
H           -3.32358521189631       -0.11333564986910       -0.38111860724753
H           -2.85060143090550        0.87977781183706        0.99289408876280
H           -2.03784471745719       -2.04067812846607       -0.05511517819060
H            0.15778686116952       -3.16188644428932       -0.02366641389025
H            2.22818450653470       -1.79134479863137       -0.02970194743583
H           -0.92575096615884        2.48277876931145        0.82836825710717
H            0.77547449257368        2.66201033867922        0.43020509604349
H           -0.43797835254813        2.62900524190895       -0.86184966157538
H            2.23129476116086        1.66484675271325       -0.21195518371394
19
 energy: -26.299064200041 gnorm: 0.004456808605 xtb: 6.7.1 (edcfbbe)
C           -2.57175810717083        0.58270765636930       -0.01577187228810
C           -1.22126231026294       -0.06895463220095       -0.01022804455799
C           -1.13190456727300       -1.45416499002877       -0.03581639821390
C            0.09807332949305       -2.08434727144065       -0.02344850952032
C            1.25362550082047       -1.33044105344025       -0.01970982051377
C            1.17935791557069        0.05764512025448       -0.01080673828323
C           -0.05887631984966        0.70634762230872        0.02813965016888
C           -0.15831165174338        2.20396356545949        0.11201534632793
O            2.37216333481079        0.72845946276495       -0.03887483119065
H           -2.59072502467478        1.44278667576148       -0.68237736362830
H           -3.33165067386185       -0.12607969995871       -0.34046286584462
H           -2.83355519418889        0.92330295455587        0.98821243792998
H           -2.03650868319932       -2.04332778933408       -0.06044659235394
H            0.15977735178415       -3.16195761854233       -0.03065481987708
H            2.22868327398237       -1.79124286476653       -0.02993270662604
H           -0.94300813403714        2.48299554858788        0.81249615401048
H            0.76692362601522        2.65482955343257        0.46457356748657
H           -0.40959001242554        2.63260160258908       -0.86012484812542
H            2.22650456004221        1.66418867977597       -0.23037311060610
19
 energy: -26.299084128859 gnorm: 0.002870627719 xtb: 6.7.1 (edcfbbe)
C           -2.57270726490555        0.58212443859899       -0.01395467889953
C           -1.22185325747981       -0.06894926576064       -0.01003828718781
C           -1.13215945313996       -1.45404473741449       -0.03641550283207
C            0.09789377471085       -2.08427799117078       -0.02534485712921
C            1.25351342956767       -1.33038846486191       -0.02055748154364
C            1.17858346651234        0.05775327335084       -0.01041105880021
C           -0.05948424354148        0.70666715283570        0.02794774108640
C           -0.15821105575035        2.20465186885120        0.10965337887282
O            2.37214133786170        0.72722921708302       -0.03474359554918
H           -2.59366925325872        1.44086420229176       -0.68046817563079
H           -3.33170380900680       -0.12643803763880       -0.33701769068206
H           -2.83305970594172        0.92263568006312        0.98887733637000
H           -2.03659687389590       -2.04352245500771       -0.06143181698118
H            0.15934221071763       -3.16191189281129       -0.03322489769423
H            2.22861583272048       -1.79103824631686       -0.03014868276894
H           -0.94149516046097        2.48567344965751        0.80854287930586
H            0.76563897387703        2.65606759038076        0.46114471148385
H           -0.40778216151249        2.63116968708469       -0.86210642052206
H            2.23095142675766        1.66504705293240       -0.22389426660367
19
 energy: -26.299111061305 gnorm: 0.003403693919 xtb: 6.7.1 (edcfbbe)
C           -2.57422365913109        0.58136397588852       -0.00945103735995
C           -1.22310390632118       -0.06935129504117       -0.00886443552385
C           -1.13249303014756       -1.45420346105950       -0.03790771913007
C            0.09788779988352       -2.08414506774690       -0.03000771781120
C            1.25338762997428       -1.32999716647389       -0.02354657091121
C            1.17700740074164        0.05817169765762       -0.00964773623655
C           -0.06092651032785        0.70677324191176        0.02909009161655
C           -0.15792551371674        2.20524093856161        0.10654886979963
O            2.37112065588233        0.72693351095754       -0.02836401469281
H           -2.60162681565548        1.42879337711863       -0.68958449932507
H           -3.33553373631540       -0.13187839541746       -0.31398543104748
H           -2.82471517234316        0.93759954767550        0.98940073884720
H           -2.03643597120259       -2.04449076675151       -0.06321134745023
H            0.15921616133329       -3.16175902310535       -0.04060964747921
H            2.22873595499102       -1.79012822124367       -0.03426295326999
H           -0.95163571605236        2.49050399998766        0.79176628201555
H            0.76165317216365        2.65451786709637        0.47204332792587
H           -0.38890052375129        2.62939212514780       -0.87073095350082
H            2.23646999382660        1.66597563698397       -0.21226661217199
19
 energy: -26.299132997625 gnorm: 0.002117473807 xtb: 6.7.1 (edcfbbe)
C           -2.57600181279923        0.58050325764008       -0.00367435976300
C           -1.22420765068543       -0.07007416133137       -0.00801939764613
C           -1.13296777914512       -1.45468985019485       -0.04020154738448
C            0.09792316709411       -2.08438401424677       -0.03687824817314
C            1.25277862269793       -1.32979391129579       -0.02725461067792
C            1.17589749434672        0.05867462303401       -0.00731396746804
C           -0.06221709186741        0.70601465898085        0.03019088299695
C           -0.15701315269812        2.20556191572673        0.10315841086452
O            2.36928540552222        0.72755381266291       -0.01751722867400
H           -2.61383002890424        1.40721380265512       -0.70859765127454
H           -3.34273318451794       -0.14176089135013       -0.27364874549754
H           -2.80810832672760        0.96787992378925        0.98887412549637
H           -2.03652474968655       -2.04565776923332       -0.06497979140281
H            0.15913504057129       -3.16188396807800       -0.05277842796840
H            2.22892285566949       -1.78862923299096       -0.04135176873208
H           -0.97016119629375        2.49542666155565        0.76448573565706
H            0.75505094472612        2.65054832912211        0.49610402390480
H           -0.35572581884366        2.62784575523344       -0.88275273962520
H            2.23845547537278        1.66896358046858       -0.20143606033808
19
 energy: -26.299154183718 gnorm: 0.001231827486 xtb: 6.7.1 (edcfbbe)
C           -2.57559636574211        0.58065569121480       -0.00424423069168
C           -1.22382020659007       -0.07003161191900       -0.00765727384384
C           -1.13304738196788       -1.45481852088976       -0.03915356623479
C            0.09781077380311       -2.08473173946337       -0.03666618900077
C            1.25261503655189       -1.33023512533383       -0.02872832440765
C            1.17668593233784        0.05833206938104       -0.00862441869038
C           -0.06158796642059        0.70569909615050        0.02981964290008
C           -0.15620396622986        2.20525547084094        0.10281741283199
O            2.36942064681591        0.72756811646457       -0.02195419153953
H           -2.61473189501528        1.40650009488488       -0.71013375073968
H           -3.34199656110520       -0.14198101418495       -0.27131988669113
H           -2.80735034787572        0.96954322082417        0.98721847611955
H           -2.03687589971418       -2.04545822591996       -0.06333111721905
H            0.15903082488195       -3.16223215540082       -0.05264229110283
H            2.22885797187879       -1.78899481242409       -0.04276642325728
H           -0.96884602581893        2.49520626110601        0.76372977476925
H            0.75586677866443        2.65002331102947        0.49466739293349
H           -0.35603944481007        2.62794842469811       -0.88228668320011
H            2.23376631018759        1.67106397108881       -0.19233571864128
19
 energy: -26.299176698332 gnorm: 0.004195587393 xtb: 6.7.1 (edcfbbe)
C           -2.57315569604305        0.58156459875251       -0.00526329203620
C           -1.22148637288891       -0.06944639619574       -0.00745817589475
C           -1.13320488145989       -1.45476561174074       -0.03605531558412
C            0.09704447997672       -2.08594818503786       -0.03588404068640
C            1.25196918959600       -1.33236163430686       -0.03378789978543
C            1.18048760936397        0.05669166003453       -0.01544943372385
C           -0.05836778610958        0.70500816001492        0.02647532239820
C           -0.15574531248936        2.20473722261634        0.10117133325428
O            2.37249375507783        0.72398984998370       -0.04329581334537
H           -2.61607013521159        1.40152443242413       -0.71798673598511
H           -3.33915895882328       -0.14344970943483       -0.26102430289860
H           -2.80170115403631        0.97970112178368        0.98237096733258
H           -2.03824109976485       -2.04383800410671       -0.05600202627597
H            0.15787986458802       -3.16347623232926       -0.05043982333950
H            2.22827652810373       -1.79155219860570       -0.05056494440539
H           -0.96900198445488        2.49168363313656        0.76060823392789
H            0.75311231817314        2.65359820063108        0.49266309105373
H           -0.35802917015104        2.62824017580755       -0.88240730695493
H            2.22085702038494        1.67741143872021       -0.15126120275672
19
 energy: -26.299189677143 gnorm: 0.001794888170 xtb: 6.7.1 (edcfbbe)
C           -2.57348328339294        0.58146988576004       -0.00455445413267
C           -1.22185208993005       -0.06958764267542       -0.00742217988153
C           -1.13314766686254       -1.45475370740678       -0.03674384275558
C            0.09716401613211       -2.08568961780746       -0.03647292974499
C            1.25207038703585       -1.33187993636432       -0.03321239951982
C            1.17961090576690        0.05710719354915       -0.01489333094486
C           -0.05898629772426        0.70524460388382        0.02659523033008
C           -0.15636829471734        2.20491346407244        0.10099251098560
O            2.37199557445896        0.72430098967808       -0.03976043020744
H           -2.61567995010691        1.40129203110702       -0.71743445975776
H           -3.34007135063979       -0.14343462987628       -0.26139719303671
H           -2.80176123985462        0.97951589188849        0.98361319993581
H           -2.03793084575628       -2.04409968961856       -0.05731406115790
H            0.15807130202396       -3.16322140745016       -0.05073841107387
H            2.22831646373278       -1.79107691755392       -0.05000212422694
H           -0.97005831530181        2.49177196246218        0.76090421013530
H            0.75280526656392        2.65388614413881        0.49310248332167
H           -0.35765799104761        2.62801557701869       -0.88329152713726
H            2.22492162345129        1.67553832734171       -0.15556165683676
19
 energy: -26.299195994564 gnorm: 0.000691292031 xtb: 6.7.1 (edcfbbe)
C           -2.57368339648987        0.58147003742162       -0.00302799258059
C           -1.22222820756922       -0.06994099600621       -0.00691307744046
C           -1.13314306004938       -1.45489133337827       -0.03715577848537
C            0.09724114951662       -2.08559717560986       -0.03787667671604
C            1.25216090267504       -1.33155299421473       -0.03439165864094
C            1.17852718095473        0.05737874014579       -0.01561706874390
C           -0.05959670767645        0.70533961184159        0.02650074943107
C           -0.15718249035029        2.20495601843690        0.09949383163462
O            2.37143720889325        0.72409867627978       -0.03848020157650
H           -2.61568097408407        1.39891865059120       -0.71865019322639
H           -3.34164369275510       -0.14386316001845       -0.25810382524814
H           -2.80024102884932        0.98251260495699        0.98490744417689
H           -2.03768082358261       -2.04449003279786       -0.05764016544299
H            0.15820884689012       -3.16313331123467       -0.05148862540485
H            2.22827916941257       -1.79081022697489       -0.05196355674014
H           -0.97154096097302        2.49211240007045        0.75972928490163
H            0.75234351086580        2.65470361658041        0.49197422614622
H           -0.35700341727308        2.62688350089921       -0.88601416484729
H            2.22938500427590        1.67521789515852       -0.14887391690245
19
 energy: -26.299198830349 gnorm: 0.000332676921 xtb: 6.7.1 (edcfbbe)
C           -2.57356180189061        0.58154062313872       -0.00240095835047
C           -1.22216923814533       -0.07000899359234       -0.00664880349527
C           -1.13315616967344       -1.45493085719439       -0.03687978569269
C            0.09723063455993       -2.08569571077670       -0.03857666755665
C            1.25216359018343       -1.33174994910587       -0.03546763867604
C            1.17863189892854        0.05721776639695       -0.01609888399003
C           -0.05944402430116        0.70534244715980        0.02628482914997
C           -0.15760335568222        2.20497225227356        0.09846576152868
O            2.37190164020605        0.72309608211692       -0.04012991872296
H           -2.61662823101487        1.39701819168611       -0.72023149446535
H           -3.34201023171461       -0.14433894321190       -0.25414789232357
H           -2.79871990724687        0.98533233851552        0.98462176939748
H           -2.03772673031239       -2.04452453319233       -0.05679617789063
H            0.15813714731861       -3.16322111940934       -0.05284589193315
H            2.22820454624433       -1.79106214066079       -0.05402931487023
H           -0.97238206884641        2.49262176697790        0.75774638304933
H            0.75123891181288        2.65581892181215        0.49103660973995
H           -0.35691481690856        2.62606377563558       -0.88740647369583
H            2.23076642031432        1.67582060357797       -0.14008681690817
19
 energy: -26.299200161930 gnorm: 0.000261261454 xtb: 6.7.1 (edcfbbe)
C           -2.57362411824413        0.58145795443002       -0.00139327856983
C           -1.22226968525372       -0.07008632454978       -0.00604000730631
C           -1.13327026439717       -1.45496622680166       -0.03674052996985
C            0.09717351825881       -2.08573887898853       -0.04001318008977
C            1.25204506575149       -1.33181445427945       -0.03701220248859
C            1.17857733399399        0.05721352055265       -0.01643655566129
C           -0.05944860732298        0.70533886111412        0.02624534064325
C           -0.15761888599833        2.20495775939227        0.09693987033530
O            2.37196689000350        0.72252369964181       -0.04081891401728
H           -2.61831015662394        1.39414590253536       -0.72232778762717
H           -3.34250217592501       -0.14536228041656       -0.24840897518867
H           -2.79661390410194        0.98922251666209        0.98436622232712
H           -2.03782841436487       -2.04463920601640       -0.05601387411820
H            0.15802667920333       -3.16326267214256       -0.05525994624134
H            2.22810905317332       -1.79099800818132       -0.05632334219201
H           -0.97269873723854        2.49358730888433        0.75516846961670
H            0.75113877038044        2.65620855847581        0.48890005896010
H           -0.35648726965640        2.62467123281714       -0.88955967259590
H            2.23159312219378        1.67685325901816       -0.12886306152193
19
 energy: -26.299198950809 gnorm: 0.000820720495 xtb: 6.7.1 (edcfbbe)
C           -2.57369546523798        0.58137228338075       -0.00045089821659
C           -1.22238027968650       -0.07016468750380       -0.00544151807225
C           -1.13338684887972       -1.45500453584835       -0.03658273750222
C            0.09711718126187       -2.08577934102231       -0.04137082697144
C            1.25192964538959       -1.33187079524865       -0.03851246149328
C            1.17850784251991        0.05721343466664       -0.01678708409173
C           -0.05946520775713        0.70533082518250        0.02621453343620
C           -0.15759288920307        2.20493264016276        0.09548678202504
O            2.37199238772260        0.72201538657272       -0.04153521231059
H           -2.61989660098764        1.39145693404456       -0.72428382148173
H           -3.34296275313804       -0.14633035795224       -0.24303846817426
H           -2.79466376034277        0.99284545277578        0.98412150835607
H           -2.03793254145043       -2.04475685094980       -0.05522418992810
H            0.15792374233379       -3.16330208684090       -0.05751695404642
H            2.22801551678002       -1.79092787002061       -0.05851704947299
H           -0.97292842135056        2.49452003429118        0.75273247161289
H            0.75114234578239        2.65648622555266        0.48681677522623
H           -0.35606110968804        2.62334274808697       -0.89159852006272
H            2.23229542976333        1.67793308281764       -0.11810369453775
19
 energy: -26.299200409771 gnorm: 0.000123077215 xtb: 6.7.1 (edcfbbe)
C           -2.57360155783637        0.58145598604107       -0.00095800931373
C           -1.22222184779289       -0.07006852923060       -0.00604813944229
C           -1.13324458264991       -1.45493748742093       -0.03700535403797
C            0.09718628759179       -2.08574802675425       -0.04051718516887
C            1.25204316107855       -1.33186970063597       -0.03706614127533
C            1.17869424646080        0.05717825656516       -0.01599657385171
C           -0.05938810537896        0.70536334201830        0.02633617334901
C           -0.15785999962377        2.20504271227489        0.09651975693492
O            2.37223918630660        0.72216085092068       -0.04002976687369
H           -2.61905046626429        1.39318090954575       -0.72292586924933
H           -3.34268361478984       -0.14566793934990       -0.24614756794640
H           -2.79571041964927        0.99059486888475        0.98437785517827
H           -2.03779706543512       -2.04462058140112       -0.05639390873688
H            0.15798732000391       -3.16326144567296       -0.05654455630604
H            2.22812653601261       -1.79101517607897       -0.05656350875865
H           -0.97320017283574        2.49400057913014        0.75416425706793
H            0.75046430796841        2.65688336842113        0.48859458130557
H           -0.35644828336761        2.62424160912292       -0.89022976216980
H            2.23242328403272        1.67639892576742       -0.12715764641066
19
 energy: -26.299200544900 gnorm: 0.000071247011 xtb: 6.7.1 (edcfbbe)
C           -2.57360803031544        0.58145094761829       -0.00083947783724
C           -1.22223337591708       -0.07007496917769       -0.00602815179618
C           -1.13325750681608       -1.45494565179142       -0.03725260685185
C            0.09717040030434       -2.08575122460300       -0.04073993623938
C            1.25202257464886       -1.33184315644600       -0.03701850858868
C            1.17865725822404        0.05719383998510       -0.01589364304180
C           -0.05941930324292        0.70532759118631        0.02640735364828
C           -0.15773381272935        2.20500899594604        0.09647077497756
O            2.37210015822700        0.72240133096233       -0.03928900080024
H           -2.61917295100202        1.39293829090149       -0.72307385208634
H           -3.34276641967243       -0.14576872225075       -0.24567858006234
H           -2.79541544024118        0.99092444741768        0.98446684614008
H           -2.03780474455595       -2.04461732201906       -0.05684348798907
H            0.15798047876687       -3.16326243252413       -0.05671453685841
H            2.22813743815825       -1.79095357727545       -0.05621495709690
H           -0.97301003573748        2.49399779380487        0.75427874966780
H            0.75079918798906        2.65670358533067        0.48837523774467
H           -0.35642002676150        2.62410067851584       -0.89034048786905
H            2.23193236450463        1.67648207656641       -0.12766310076652
19
 energy: -26.299200723480 gnorm: 0.000093894733 xtb: 6.7.1 (edcfbbe)
C           -2.57357035049439        0.58146750467106       -0.00043795258741
C           -1.22221438225297       -0.07008331583529       -0.00601776927187
C           -1.13325488134627       -1.45494615586950       -0.03776103637597
C            0.09716040465702       -2.08576591153542       -0.04135948440257
C            1.25201117260637       -1.33185876539690       -0.03698220735024
C            1.17868293423787        0.05717228850763       -0.01544122511313
C           -0.05940839630377        0.70530078544753        0.02658504748911
C           -0.15776872703327        2.20500105667406        0.09618195734339
O            2.37214142022832        0.72241334663288       -0.03796556141405
H           -2.61987238762573        1.39175210857387       -0.72399225862917
H           -3.34303590375253       -0.14612912336272       -0.24323222500340
H           -2.79424561259337        0.99263668044852        0.98442943030150
H           -2.03779891574307       -2.04460675800161       -0.05766946038903
H            0.15795896087990       -3.16326839769009       -0.05781668823004
H            2.22815319835880       -1.79093685219124       -0.05598153414562
H           -0.97312715181441        2.49420984772274        0.75381939332815
H            0.75072103842395        2.65693668765730        0.48794775555408
H           -0.35642822359695        2.62363046738224       -0.89084712446822
H            2.23185401699612        1.67638702831248       -0.12705042234114
19
 energy: -26.299200821015 gnorm: 0.000045422858 xtb: 6.7.1 (edcfbbe)
C           -2.57351565565670        0.58150268068977       -0.00017162988495
C           -1.22219964416895       -0.07010882284716       -0.00601753323008
C           -1.13324364772929       -1.45496315991983       -0.03818321066566
C            0.09717319465193       -2.08578318302299       -0.04186550910138
C            1.25202369850314       -1.33188633390501       -0.03692278466264
C            1.17871433527340        0.05713569991500       -0.01502826106726
C           -0.05938545611485        0.70527917577473        0.02675397555042
C           -0.15784815643424        2.20498409930447        0.09605717942156
O            2.37221112119502        0.72235329094434       -0.03695399123538
H           -2.62059383631015        1.39036551705705       -0.72528121044074
H           -3.34331088681669       -0.14649410217559       -0.24060196468546
H           -2.79302439971708        0.99469066811160        0.98408834251041
H           -2.03778713795282       -2.04461763770653       -0.05840312269699
H            0.15797613548642       -3.16327905457486       -0.05884995163544
H            2.22816837790964       -1.79097174311359       -0.05580478726579
H           -0.97323817944751        2.49435445015778        0.75354868240139
H            0.75056023803687        2.65715345835689        0.48768381183017
H           -0.35657524522024        2.62329117079493       -0.89108479002496
H            2.23185335834372        1.67630634830650       -0.12655461082286
