----------------------------------------------- 
  Element       SASA      Sigma Z        Total  
     Z         Ang**2 cal/Ang**2/mol   kcal/mol 
----------------------------------------------- 
      H         38.563      48.690       1.878
      C          5.318     129.740       0.690
      O         17.161       0.000       0.000
      F         68.872      38.180       2.630

 Subtotal:     129.915                   5.197
 -----------------------------------------------

  Elements    COT*SASA   Sigma Z,Z'     Total   
    Z,Z'       Ang**2  cal/Ang**2/mol kcal/mol  
 ---------------------------------------------- 
  H   C         16.704     -60.770      -1.015
  H   O          9.741       0.000       0.000
  C   C          3.307     -72.950      -0.241
  O   C          0.000      68.690       0.000

 Subtotal:                              -1.256
 ---------------------------------------------- 

 NONAQUEOUS SOLVENT CONTRIBUTION (kcal/mol):
 (proportional to SASA, atomic number independent)
 ---------------------------------------------- 
 Subtotal:                               0.000
 ---------------------------------------------- 

 CDS TOTAL (kcal/mol):                   3.941
...............................................................................
