----------------------------------------------- 
  Element       SASA      Sigma Z        Total  
     Z         Ang**2 cal/Ang**2/mol   kcal/mol 
----------------------------------------------- 
      H        109.647      48.690       5.339
      C         10.307     129.740       1.337
      O         71.281       0.000       0.000

 Subtotal:     191.235                   6.676
 -----------------------------------------------

  Elements    COT*SASA   Sigma Z,Z'     Total   
    Z,Z'       Ang**2  cal/Ang**2/mol kcal/mol  
 ---------------------------------------------- 
  H   C         44.901     -60.770      -2.729
  H   O         30.398       0.000       0.000
  C   C          8.587     -72.950      -0.626
  O   C          3.552      68.690       0.244
  O   O          0.000       0.000       0.000

 Subtotal:                              -3.111
 ---------------------------------------------- 

 NONAQUEOUS SOLVENT CONTRIBUTION (kcal/mol):
 (proportional to SASA, atomic number independent)
 ---------------------------------------------- 
 Subtotal:                               0.000
 ---------------------------------------------- 

 CDS TOTAL (kcal/mol):                   3.565
...............................................................................
