----------------------------------------------- 
  Element       SASA      Sigma Z        Total  
     Z         Ang**2 cal/Ang**2/mol   kcal/mol 
----------------------------------------------- 
      H        233.801      48.690      11.384
      C         56.025     129.740       7.269
      O         27.205       0.000       0.000
      P          1.597       0.000       0.000
      S        105.081      -9.100      -0.956

 Subtotal:     423.708                  17.696
 -----------------------------------------------

  Elements    COT*SASA   Sigma Z,Z'     Total   
    Z,Z'       Ang**2  cal/Ang**2/mol kcal/mol  
 ---------------------------------------------- 
  H   C        157.641     -60.770      -9.580
  H   O          0.000       0.000       0.000
  C   C         32.001     -72.950      -2.334
  O   C          0.000      68.690       0.000
  O   O          0.000       0.000       0.000
  O   P         18.833      68.850       1.297

 Subtotal:                             -10.618
 ---------------------------------------------- 

 NONAQUEOUS SOLVENT CONTRIBUTION (kcal/mol):
 (proportional to SASA, atomic number independent)
 ---------------------------------------------- 
 Subtotal:                               0.000
 ---------------------------------------------- 

 CDS TOTAL (kcal/mol):                   7.078
...............................................................................
