----------------------------------------------- 
  Element       SASA      Sigma Z        Total  
     Z         Ang**2 cal/Ang**2/mol   kcal/mol 
----------------------------------------------- 
      H        234.979      48.690      11.441
      C         57.483     129.740       7.458
      O         28.041       0.000       0.000
      P          1.508       0.000       0.000
      S        103.146      -9.100      -0.939

 Subtotal:     425.157                  17.960
 -----------------------------------------------

  Elements    COT*SASA   Sigma Z,Z'     Total   
    Z,Z'       Ang**2  cal/Ang**2/mol kcal/mol  
 ---------------------------------------------- 
  H   C        158.409     -60.770      -9.627
  H   O          0.000       0.000       0.000
  C   C         33.262     -72.950      -2.426
  O   C          0.000      68.690       0.000
  O   O          0.000       0.000       0.000
  O   P         19.385      68.850       1.335

 Subtotal:                             -10.718
 ---------------------------------------------- 

 NONAQUEOUS SOLVENT CONTRIBUTION (kcal/mol):
 (proportional to SASA, atomic number independent)
 ---------------------------------------------- 
 Subtotal:                               0.000
 ---------------------------------------------- 

 CDS TOTAL (kcal/mol):                   7.242
...............................................................................
