#========================================================================================
#                     Free energy perturbation    
#----------------------------------------------------------------------------------------
#forward/backward          λ              ΔΔA                 ΔA                  δε   
#                                                 
#----------------------------------------------------------------------------------------
forward:               0.0000              0.0000              0.0000              0.0000  
forward:               0.0500              1.6237              1.6237              0.0139  
forward:               0.1000              0.8836              2.5073              0.0182  
forward:               0.1500              0.4785              2.9858              0.0199  
forward:               0.2000              0.2608              3.2467              0.0207  
forward:               0.2500              0.1325              3.3792              0.0214  
forward:               0.3000              0.0760              3.4552              0.0218  
forward:               0.3500              0.0255              3.4807              0.0222  
forward:               0.4000             -0.0164              3.4643              0.0225  
forward:               0.4500             -0.0394              3.4249              0.0227  
forward:               0.5000             -0.0644              3.3605              0.0230  
forward:               0.5500             -0.1471              3.2134              0.0233  
forward:               0.6000             -0.2854              2.9279              0.0235  
forward:               0.6500             -0.4265              2.5015              0.0238  
forward:               0.7000             -0.5473              1.9541              0.0241  
forward:               0.7500             -0.6414              1.3128              0.0243  
forward:               0.8000             -0.7110              0.6018              0.0246  
forward:               0.8500             -0.7437             -0.1419              0.0248  
forward:               0.9000             -0.7658             -0.9077              0.0251  
forward:               0.9500             -0.7813             -1.6890              0.0253  
forward:               1.0000             -0.7838             -2.4728              0.0255  
backward:              1.0000              0.0000             -2.4728              0.0000  
backward:              0.9500              0.7825             -1.6904              0.0036  
backward:              0.9000              0.7789             -0.9114              0.0053  
backward:              0.8500              0.7614             -0.1500              0.0067  
backward:              0.8000              0.7453              0.5953              0.0078  
backward:              0.7500              0.7062              1.3015              0.0089  
backward:              0.7000              0.6413              1.9429              0.0098  
backward:              0.6500              0.5396              2.4825              0.0113  
backward:              0.6000              0.4209              2.9034              0.0118  
backward:              0.5500              0.2873              3.1906              0.0125  
backward:              0.5000              0.1414              3.3321              0.0135  
backward:              0.4500              0.0563              3.3884              0.0140  
backward:              0.4000              0.0375              3.4259              0.0147  
backward:              0.3500              0.0145              3.4404              0.0153  
backward:              0.3000             -0.0251              3.4153              0.0161  
backward:              0.2500             -0.0730              3.3423              0.0169  
backward:              0.2000             -0.1600              3.1823              0.0189  
backward:              0.1500             -0.2683              2.9140              0.0206  
backward:              0.1000             -0.4732              2.4408              0.0236  
backward:              0.0500             -0.9094              1.5314              0.0326  
backward:              0.0000             -1.5799             -0.0485              0.0392  
Inaccuracy estimation
======================================================================================================
                   i        i+δi          P0_overlap_P1   δε(forward)/ε   δε(backward)/ε
======================================================================================================
inaccuracy:  0.00000        0.05000           36.13           -0.03            1.71
inaccuracy:  0.05000        0.10000           47.16           -0.03            1.00
inaccuracy:  0.10000        0.15000           56.69           -0.02            0.52
inaccuracy:  0.15000        0.20000           64.55           -0.02            0.31
inaccuracy:  0.20000        0.25000           69.22           -0.02            0.20
inaccuracy:  0.25000        0.30000           69.57           -0.02            0.16
inaccuracy:  0.30000        0.35000           71.82           -0.01            0.13
inaccuracy:  0.35000        0.40000           73.57           -0.01            0.12
inaccuracy:  0.40000        0.45000           73.22           -0.02            0.11
inaccuracy:  0.45000        0.50000           74.66           -0.02            0.10
inaccuracy:  0.50000        0.55000           69.21           -0.06            0.12
inaccuracy:  0.55000        0.60000           69.15           -0.07            0.10
inaccuracy:  0.60000        0.65000           69.52           -0.08            0.09
inaccuracy:  0.65000        0.70000           69.66           -0.08            0.07
inaccuracy:  0.70000        0.75000           69.34           -0.07            0.06
inaccuracy:  0.75000        0.80000           69.90           -0.07            0.06
inaccuracy:  0.80000        0.85000           69.17           -0.07            0.06
inaccuracy:  0.85000        0.90000           70.08           -0.06            0.06
inaccuracy:  0.90000        0.95000           69.06           -0.07            0.06
inaccuracy:  0.95000        1.00000           69.30           -0.07            0.06
===================================================================================================================================
                BAR        
-----------------------------------------------------------------------------------------------------------------------------------
BAR-estimator:         λ             λ+δλ          ΔΔA             ΔA            C               Δδe            δe       
                          
-----------------------------------------------------------------------------------------------------------------------------------
BAR-estimator:      0.00000        0.05000        1.6266         1.6266         1.6266         0.0073         0.0073 
BAR-estimator:      0.05000        0.10000        0.8969         2.5235         0.8969         0.0071         0.0102 
BAR-estimator:      0.10000        0.15000        0.4772         3.0007         0.4772         0.0060         0.0119 
BAR-estimator:      0.15000        0.20000        0.2650         3.2657         0.2650         0.0040         0.0125 
BAR-estimator:      0.20000        0.25000        0.1394         3.4051         0.1394         0.0036         0.0130 
BAR-estimator:      0.25000        0.30000        0.0738         3.4789         0.0738         0.0029         0.0133 
BAR-estimator:      0.30000        0.35000        0.0249         3.5038         0.0249         0.0029         0.0137 
BAR-estimator:      0.35000        0.40000       -0.0146         3.4891        -0.0146         0.0025         0.0139 
BAR-estimator:      0.40000        0.45000       -0.0394         3.4498        -0.0394         0.0023         0.0141 
BAR-estimator:      0.45000        0.50000       -0.0622         3.3876        -0.0622         0.0023         0.0143 
BAR-estimator:      0.50000        0.55000       -0.1460         3.2416        -0.1460         0.0022         0.0144 
BAR-estimator:      0.55000        0.60000       -0.2855         2.9561        -0.2855         0.0025         0.0146 
BAR-estimator:      0.60000        0.65000       -0.4269         2.5293        -0.4269         0.0025         0.0149 
BAR-estimator:      0.65000        0.70000       -0.5455         1.9838        -0.5455         0.0025         0.0151 
BAR-estimator:      0.70000        0.75000       -0.6413         1.3425        -0.6413         0.0026         0.0153 
BAR-estimator:      0.75000        0.80000       -0.7105         0.6321        -0.7105         0.0026         0.0155 
BAR-estimator:      0.80000        0.85000       -0.7446        -0.1125        -0.7446         0.0025         0.0157 
BAR-estimator:      0.85000        0.90000       -0.7631        -0.8756        -0.7631         0.0027         0.0160 
BAR-estimator:      0.90000        0.95000       -0.7805        -1.6561        -0.7805         0.0027         0.0162 
BAR-estimator:      0.95000        1.00000       -0.7801        -2.4363        -0.7801         0.0028         0.0164 
BAR-estimator: total free energy change is -2.4362724498933113 , total error is 0.016410864514568982
