----------------------------------------------- 
  Element       SASA      Sigma Z        Total  
     Z         Ang**2 cal/Ang**2/mol   kcal/mol 
----------------------------------------------- 
      H         38.562      48.690       1.878
      C         35.092     129.740       4.553
      N         10.415       0.000       0.000
      O         49.139       0.000       0.000
      Br        43.860      -8.720      -0.382

 Subtotal:     177.067                   6.048
 -----------------------------------------------

  Elements    COT*SASA   Sigma Z,Z'     Total   
    Z,Z'       Ang**2  cal/Ang**2/mol kcal/mol  
 ---------------------------------------------- 
  H   C          8.272     -60.770      -0.503
  H   O          0.000       0.000       0.000
  C   C         21.017     -72.950      -1.533
  O   C         30.977      68.690       2.128
  O   O          0.000       0.000       0.000
  C   N         26.320       0.000       0.000
  N   C         35.790     -48.220      -1.726
  N  C(3)        0.000      84.100       0.000
  O   N          0.000     121.980       0.000

 Subtotal:                              -1.634
 ---------------------------------------------- 

 NONAQUEOUS SOLVENT CONTRIBUTION (kcal/mol):
 (proportional to SASA, atomic number independent)
 ---------------------------------------------- 
 Subtotal:                               0.000
 ---------------------------------------------- 

 CDS TOTAL (kcal/mol):                   4.414
...............................................................................
