----------------------------------------------- 
  Element       SASA      Sigma Z        Total  
     Z         Ang**2 cal/Ang**2/mol   kcal/mol 
----------------------------------------------- 
      H        210.982      48.690      10.273
      C         59.650     129.740       7.739
      O         64.064       0.000       0.000
      P          1.089       0.000       0.000
      S         50.204      -9.100      -0.457

 Subtotal:     385.989                  17.555
 -----------------------------------------------

  Elements    COT*SASA   Sigma Z,Z'     Total   
    Z,Z'       Ang**2  cal/Ang**2/mol kcal/mol  
 ---------------------------------------------- 
  H   C        142.240     -60.770      -8.644
  H   O          0.000       0.000       0.000
  C   C         25.932     -72.950      -1.892
  O   C         26.581      68.690       1.826
  O   O          0.000       0.000       0.000
  O   P         11.809      68.850       0.813

 Subtotal:                              -7.897
 ---------------------------------------------- 

 NONAQUEOUS SOLVENT CONTRIBUTION (kcal/mol):
 (proportional to SASA, atomic number independent)
 ---------------------------------------------- 
 Subtotal:                               0.000
 ---------------------------------------------- 

 CDS TOTAL (kcal/mol):                   9.658
...............................................................................
