41
 energy: -65.039860760819 gnorm: 0.048014055539 xtb: 6.7.1 (edcfbbe)
C            3.09335414318622        2.03350551483661        2.85091853840104
C            1.82616259974388        1.26475475777789        2.56534712992097
O            1.62796562002785        1.08167905619219        1.12654366684670
P            2.41639493942348       -0.01578591417163        0.25716762099884
S            3.05508056042013       -1.57009648331787        1.24445301313266
O            3.50346107377863        0.92938680544560       -0.45786283149731
C            4.15511466845036        0.67932232224082       -1.75143621051399
C            4.95439900017813       -0.59977818758406       -1.80008381118526
S            1.06911967112918       -0.42151881297681       -1.33200436271798
C            0.12281710190613       -1.82185615936198       -0.62201541596520
S           -1.08556154340955       -1.44773815496483        0.70555619212324
P           -2.55869173145726       -0.41101643351404       -0.42926098384885
S           -2.99699184818687       -1.15922977258187       -2.17034740748133
O           -2.06613741464273        1.11066774560997       -0.58992977527016
C           -1.79900488081821        1.92880583897060        0.60281536461824
C           -0.99982978464042        3.12818565902056        0.16282552980487
O           -3.68202131957448       -0.39161447288557        0.71867018626591
C           -5.12152631330616       -0.40872792930824        0.41467326566219
C           -5.60459370615577        0.92770095526738       -0.09709130962742
H            3.09614109939790        2.99271550631068        2.32428059900999
H            3.15034289043221        2.22922742096505        3.92602727652698
H            3.98052419600356        1.46349258956966        2.56072870054232
H            0.93830597512113        1.81743998378901        2.87927726916665
H            1.82469665093240        0.28201254421268        3.04761418058521
H            3.38694791480654        0.70544145991031       -2.53133889604584
H            4.79911263157116        1.55364136457019       -1.87221306738612
H            5.69428770951793       -0.63807729667514       -0.99517189067317
H            4.31457105949873       -1.48534631219722       -1.74332530598309
H            5.48279799242713       -0.62407090714707       -2.75875025686275
H            0.82270851004028       -2.54338177003127       -0.18708695533322
H           -0.39916121088178       -2.28619954797358       -1.46469674472821
H           -2.76451921998277        2.21537798190120        1.03165582587408
H           -1.24601499762069        1.32667675820449        1.33330457311034
H           -0.78896613962299        3.75082841310318        1.03786879041001
H           -0.04825301448576        2.82293913461898       -0.28194019078344
H           -1.55785043537299        3.72667675443816       -0.56357086267600
H           -5.30879539369599       -1.21350329620293       -0.30319585199630
H           -5.58146277857539       -0.66777105702782        1.36913646450626
H           -6.68811288903143        0.86802575683854       -0.25328302958880
H           -5.40373226193297        1.72584068497956        0.62499053156210
H           -5.13857927821434        1.18183139352857       -1.05397408739613
41
 energy: -65.043756298518 gnorm: 0.025794268320 xtb: 6.7.1 (edcfbbe)
C            3.09154803363660        2.02548704401540        2.84156731271804
C            1.82776312929446        1.25287431965179        2.54505865992689
O            1.62540201190360        1.07115210317426        1.11657701215169
P            2.40231317833821       -0.01988123814460        0.24057523654833
S            3.05231839013425       -1.56853732130375        1.25648638411390
O            3.49348440151670        0.91995560622628       -0.46174521560501
C            4.14504833567249        0.68126184767723       -1.74140048789955
C            4.94536429331734       -0.59864855698052       -1.79233993175012
S            1.00016413399916       -0.37721553273995       -1.31517877832841
C            0.11870936196896       -1.80991578972676       -0.61661708884167
S           -1.04034944920279       -1.37399197609015        0.72355209792028
P           -2.54510510632252       -0.41182331412447       -0.42649747385413
S           -3.00531523560099       -1.16116020199394       -2.16696609993330
O           -2.05298621953513        1.10501547958459       -0.57783186811574
C           -1.79516159842268        1.92568322361447        0.60079121652476
C           -0.99618669419173        3.13065555486921        0.16575445371700
O           -3.67384473957944       -0.39406642208285        0.71115448161518
C           -5.10197545240562       -0.41321936675288        0.40941094521192
C           -5.59602948058872        0.92150498834805       -0.09929883811852
H            3.09165987824339        2.97603893319729        2.31145636363641
H            3.15057733403014        2.21760144385711        3.91218339315039
H            3.96863345902187        1.45375194590716        2.53941704260295
H            0.94063821148367        1.80494843669238        2.86148380821091
H            1.83912977221197        0.26906866548128        3.02409741192476
H            3.37381288694848        0.69733539092420       -2.51655833600322
H            4.79022294585262        1.55574104059614       -1.85092544691262
H            5.67217790431454       -0.63611301314384       -0.98298619892258
H            4.29892925748340       -1.47292797645228       -1.72281193092292
H            5.47618832403179       -0.63437880299415       -2.74314827826520
H            0.83400086345983       -2.51047938188903       -0.17989862297845
H           -0.42339439869204       -2.26269220019134       -1.44884650584953
H           -2.76121434825754        2.20870210897593        1.02489851650622
H           -1.24786613998918        1.31807865324147        1.32787760547218
H           -0.79072324877503        3.75393559023533        1.03425536542304
H           -0.05140307747352        2.81931491675392       -0.27628352740743
H           -1.55188461738136        3.71284276903988       -0.56658000820466
H           -5.28691368400563       -1.20805640153864       -0.31827847749795
H           -5.55862414973291       -0.67378933271028        1.36553120195415
H           -6.67267120643692        0.86300977946625       -0.25659084187328
H           -5.39234557750846        1.71167400819779        0.62159619879442
H           -5.11959183637683        1.17172687351197       -1.04766527933105
41
 energy: -65.045311872403 gnorm: 0.010272808596 xtb: 6.7.1 (edcfbbe)
C            3.09074691663438        2.01489765602979        2.82465514347547
C            1.82381614623682        1.24139326448875        2.53013116504021
O            1.61644298169597        1.06891015214857        1.11317860215321
P            2.37673047475700       -0.01314268686401        0.22605173057795
S            3.01503053670931       -1.57872866903484        1.22801018706575
O            3.47560011128421        0.91352336031086       -0.46478961825933
C            4.12751882508549        0.68444041936841       -1.73026439656653
C            4.92875817542149       -0.59863939417322       -1.77612210167034
S            0.97032492193754       -0.35279080317430       -1.32723430823624
C            0.11011093333489       -1.77558097148755       -0.60547754013880
S           -1.02191532189597       -1.35118441242091        0.75182647259534
P           -2.52145470244723       -0.40141261818567       -0.41630526578202
S           -2.97867361957377       -1.17647738628527       -2.14604880354014
O           -2.04343022396964        1.11284729010517       -0.56720664580564
C           -1.79254513184578        1.93054188877605        0.59995118322456
C           -0.99087198833396        3.13699344396207        0.16515573561036
O           -3.65931120750356       -0.39238715075814        0.70671494210633
C           -5.07454623353202       -0.42344057804165        0.40439090639116
C           -5.57779653847323        0.91245609260876       -0.10131205769301
H            3.08690274676989        2.96096135265374        2.29354174341740
H            3.15521095698825        2.20088364523420        3.89181112648698
H            3.95892817536873        1.44020075563475        2.50915183839692
H            0.93831862958312        1.79011613236642        2.85573806036558
H            1.84889367780642        0.25477297024360        3.00304444592645
H            3.36071968657984        0.69213067100064       -2.50875986556151
H            4.77589119844641        1.55671735788067       -1.83374644548534
H            5.64498593349707       -0.63284833320709       -0.96089647662014
H            4.27363313976665       -1.46294475339259       -1.69541146582871
H            5.46249306605959       -0.64720704867126       -2.72011602041773
H            0.83893290482457       -2.46383606742268       -0.17785753325945
H           -0.44869210262408       -2.23192052573591       -1.42143569908267
H           -2.75739522781612        2.21360840176014        1.02358786208845
H           -1.24708573117528        1.32319934498419        1.32795170950337
H           -0.79270341709357        3.76147296210638        1.02896003992793
H           -0.04925405715466        2.81741193537981       -0.27080031335648
H           -1.54500530309988        3.70428432157771       -0.57477426462143
H           -5.25595548414387       -1.20873506495824       -0.33387877831533
H           -5.53272976404556       -0.68962115753620        1.35844986128013
H           -6.64863883304107        0.85084662385585       -0.26303595036417
H           -5.37584265193502        1.69690989055204        0.62121102149976
H           -5.09164275269891        1.16184158270084       -1.04276475502014
41
 energy: -65.045772843118 gnorm: 0.005450065031 xtb: 6.7.1 (edcfbbe)
C            3.08866952046526        2.00504235908719        2.80777140562129
C            1.81654380376206        1.23213825430631        2.52278163866555
O            1.60397420774772        1.06786212607798        1.11059278805928
P            2.35914666741249       -0.00490133912051        0.21778919491979
S            2.98177798130869       -1.58759750320716        1.20201771105991
O            3.46045035923366        0.91560683528379       -0.46599642664879
C            4.11448344186242        0.68857096307249       -1.72440992186029
C            4.91314662201952       -0.59949072117683       -1.75936657860164
S            0.95178060261755       -0.33571841302226       -1.33521673282994
C            0.10999822077346       -1.76010302098733       -0.60227508529404
S           -1.00402770698927       -1.33069579533572        0.76522681077535
P           -2.50836272678717       -0.39337261956325       -0.40385576009328
S           -2.94533260670902       -1.18657020410798       -2.13037807261633
O           -2.03902986337162        1.11872470338308       -0.55957397030904
C           -1.79018173421895        1.93754726728101        0.60226113015284
C           -0.98539640909743        3.14226094198565        0.16272156919830
O           -3.65097789218685       -0.39038425863592        0.71083159954789
C           -5.05830145162489       -0.43244580605010        0.40336761942519
C           -5.56285409010145        0.90553848368497       -0.10264513817201
H            3.08046450152097        2.95220679734477        2.27769306914889
H            3.16309592508354        2.18703497441256        3.87453874277672
H            3.95249726743399        1.42837764919664        2.48174032439874
H            0.93367822377011        1.77677041166966        2.86199604650051
H            1.85015911685872        0.24407172283058        2.99324199925965
H            3.35566252476842        0.69240852019134       -2.51130696245018
H            4.76580460581876        1.55806185372671       -1.83031192216175
H            5.62484192158405       -0.62946773042536       -0.93902063439988
H            4.25109569927527       -1.45894430616617       -1.67296007348724
H            5.44970522039329       -0.65919282103891       -2.70054177664866
H            0.84967202379099       -2.44398452019773       -0.18549348194115
H           -0.46374786274393       -2.22309804927146       -1.40468913889175
H           -2.75370197754748        2.22704618897505        1.02602100867694
H           -1.24558113514499        1.33793649299897        1.33885593906447
H           -0.79396244933371        3.77359801122872        1.02285333609630
H           -0.04080723005573        2.81819389109745       -0.26483895726993
H           -1.53682323070279        3.70157377436440       -0.58599356567115
H           -5.23360088775561       -1.21387558521139       -0.34115464948905
H           -5.52358030711169       -0.70595428510735        1.35177071058508
H           -6.63194347623431        0.84100754204164       -0.27316286602085
H           -5.36576550710943        1.68794451696999        0.62439156063275
H           -5.06817006629011        1.15673659179435       -1.03999701820031
41
 energy: -65.045927403903 gnorm: 0.004412284648 xtb: 6.7.1 (edcfbbe)
C            3.08649534333316        1.99723102665031        2.79549612916388
C            1.81094858271358        1.22527112612272        2.52009797163502
O            1.58968361962035        1.06549516820776        1.10873079235272
P            2.34547772599375        0.00034984112328        0.21212095554062
S            2.96797588565853       -1.58611372521035        1.18994144436065
O            3.44559849029751        0.92145230916794       -0.46739805746308
C            4.10598961287757        0.69073345263558       -1.72165563977916
C            4.90165697717644       -0.60050182798320       -1.74627984071117
S            0.94136466975398       -0.32931872551719       -1.34509218028416
C            0.10580194213916       -1.75177747694571       -0.60222616304513
S           -0.99240052180967       -1.32294724614827        0.77916123100458
P           -2.49634988839294       -0.38985317042153       -0.39437967159454
S           -2.92686842095003       -1.18544961960384       -2.12171606761649
O           -2.03629019395142        1.12313184259122       -0.55449293940235
C           -1.78844088844700        1.94664876813436        0.60484012438043
C           -0.98052217205064        3.14811804691459        0.16051468594853
O           -3.64080895784714       -0.39227957381940        0.71689764508661
C           -5.04559284593538       -0.43996485110896        0.40243861390085
C           -5.55164359780866        0.89846968453997       -0.10340352694618
H            3.07391384427111        2.94639351374358        2.26700344130141
H            3.17256748727388        2.17746449149786        3.86261027519731
H            3.94729984583470        1.41998811950700        2.46012442361035
H            0.93101865370863        1.76731779437530        2.87095756925821
H            1.84823599010099        0.23617960308135        2.98879779865411
H            3.35342806416988        0.69323708017159       -2.51542420100842
H            4.75934530955191        1.55847774354058       -1.83044489852565
H            5.61080842598676       -0.62720761784916       -0.92246190162741
H            4.23570956837863       -1.45756463599931       -1.65722325326628
H            5.44126224741750       -0.66883283354214       -2.68583049915278
H            0.85218985106588       -2.43552738748399       -0.19521376639421
H           -0.47599012036439       -2.22060121476009       -1.39625120889528
H           -2.75200411188491        2.24152867615025        1.02682705984255
H           -1.24546579309402        1.35228879116168        1.34804629525602
H           -0.79437049989776        3.78748773586987        1.01721423861651
H           -0.03186254471097        2.82181935371821       -0.25861103629786
H           -1.52738931427036        3.70300250627116       -0.59630506408277
H           -5.21540713916891       -1.22020891588041       -0.34540537003589
H           -5.51854539204325       -0.71950510139724        1.34526252071541
H           -6.62033535640500        0.83239060963511       -0.28267031036092
H           -5.36115522327547        1.67992558263224        0.62796012894607
H           -5.05082930863148        1.15371495060711       -1.03728227677391
41
 energy: -65.046002456018 gnorm: 0.003713149636 xtb: 6.7.1 (edcfbbe)
C            3.08458338536932        1.99142604194930        2.78618647477242
C            1.80682623337586        1.22095953521818        2.51944456304306
O            1.57704901224951        1.06333345808782        1.10768263635241
P            2.33828481472493        0.00502594232900        0.20937605793234
S            2.96497540532944       -1.58222127509760        1.18340482884440
O            3.43442071474681        0.93009324555535       -0.46930406012685
C            4.10097867838601        0.69229960589827       -1.72065355442609
C            4.89304838763000       -0.60101712599081       -1.73623574523596
S            0.93868850547076       -0.33119386675700       -1.35001184481663
C            0.10778525986305       -1.75490869249632       -0.60470195968517
S           -0.98511601633496       -1.32072949041458        0.77865283377629
P           -2.49195767952982       -0.38530954995231       -0.38618155967153
S           -2.91695404084330       -1.18213249214272       -2.11442912456731
O           -2.03703037653829        1.12875350796581       -0.54874280845782
C           -1.78716523910317        1.95722933743063        0.60838329464452
C           -0.97573569594924        3.15421413364092        0.15928276064288
O           -3.63641706765203       -0.39364259809217        0.72455944352106
C           -5.04004032078089       -0.44499806292794        0.40241309541561
C           -5.54526829495849        0.89314487453947       -0.10376385020144
H            3.06835974905791        2.94209353314420        2.25952984642043
H            3.18048207078445        2.17041731164091        3.85324958893622
H            3.94276487149530        1.41432839767392        2.44314469960899
H            0.92930294574729        1.76189196027063        2.87762286437675
H            1.84564396093866        0.23068570231238        2.98572369224750
H            3.35186139034415        0.69427700258090       -2.51809149196283
H            4.75623013710626        1.55856821046090       -1.83097381541536
H            5.60028973131754       -0.62575644551836       -0.91037415320664
H            4.22473296505171       -1.45633331018402       -1.64555938237335
H            5.43518606060852       -0.67579267270158       -2.67429692324434
H            0.85528183854342       -2.44040284507768       -0.20245485337501
H           -0.47895591958895       -2.22389771338875       -1.39489305878252
H           -2.75102157983762        2.25661793739080        1.02731308137119
H           -1.24681632831499        1.36439492395086        1.35487523462582
H           -0.79318512065103        3.80048150154031        1.01243019314031
H           -0.02431000736004        2.82540134307997       -0.25261071716963
H           -1.51773570777034        3.70563848996493       -0.60424410451508
H           -5.20264202210153       -1.22507436956848       -0.34773855710209
H           -5.51832795559917       -0.72896751014125        1.34116373932102
H           -6.61315728216299        0.82580673662481       -0.29080339046601
H           -5.36137964154081        1.67363710699633        0.63098626891732
H           -5.03905997513868        1.15212207458481       -1.03408477160063
41
 energy: -65.046046270143 gnorm: 0.002447715008 xtb: 6.7.1 (edcfbbe)
C            3.08290827690280        1.98650955672937        2.77781030211625
C            1.80369387239287        1.21760898348140        2.51888133023420
O            1.56529758589125        1.05930754230895        1.10667914137960
P            2.33448744897149        0.00709075385674        0.20775770773979
S            2.96993360021990       -1.57696608454805        1.18181861457606
O            3.42485811104901        0.93893103312639       -0.47145577713900
C            4.09766286033292        0.69365487996281       -1.72016317772640
C            4.88598777613549       -0.60096490729740       -1.72780381942092
S            0.93842926930693       -0.33588710862349       -1.35381665994374
C            0.10609567004921       -1.75731684346352       -0.60619537869505
S           -0.97956802093741       -1.31764481439013        0.78152804759108
P           -2.48816698128034       -0.38278439970092       -0.38246334396350
S           -2.91628739890730       -1.17437098646834       -2.11253666019731
O           -2.03731350600584        1.13310350313295       -0.54390904637318
C           -1.78582495118626        1.96649747218812        0.61154056106691
C           -0.97121193021788        3.15924268917025        0.15880517053655
O           -3.63108534544866       -0.39722726598707        0.73001558224945
C           -5.03480891630953       -0.44948757673782        0.40178671708708
C           -5.53992284785768        0.88794328542910       -0.10385738589061
H            3.06367021910781        2.93810761901676        2.25292071020637
H            3.18673091490611        2.16432165269945        3.84438508192453
H            3.93849344661478        1.40969899759915        2.42831235545569
H            0.92834671691652        1.75895051493618        2.88099110848858
H            1.84307896493496        0.22666415881255        2.98342619800610
H            3.35076617269518        0.69546600498245       -2.51959572270012
H            4.75497613619088        1.55845385983957       -1.83008475535255
H            5.59102657169340       -0.62462356020230       -0.90016804283903
H            4.21596654892162       -1.45470664732650       -1.63646043104271
H            5.43068668798724       -0.68029120000481       -2.66404679521147
H            0.85274386124265       -2.44476288888302       -0.20612319323902
H           -0.48352858885869       -2.22537801673236       -1.39461437222047
H           -2.75007500990489        2.26992500810278        1.02646583470559
H           -1.24865686582540        1.37399730173195        1.36008807396075
H           -0.79222048888168        3.81126957351657        1.00853390191252
H           -0.01774754319940        2.82802246724257       -0.24621056090071
H           -1.50860414305337        3.70694079235770       -0.61063934265731
H           -5.19155831407527       -1.22919153696202       -0.35001303329788
H           -5.51608476810432       -0.73646673983459        1.33794540896517
H           -6.60666827898028        0.81892479019250       -0.29707307213168
H           -5.36237837058451        1.66730365004848        0.63360142081151
H           -5.02962859645973        1.15059838107746       -1.03078722656285
41
 energy: -65.046059292887 gnorm: 0.001451051291 xtb: 6.7.1 (edcfbbe)
C            3.08234603460299        1.98465493269614        2.77387383119908
C            1.80260614782202        1.21657569078470        2.51793400324547
O            1.56043513436488        1.05601506790830        1.10600093939962
P            2.33419911532606        0.00613775048452        0.20706480245360
S            2.97497598122977       -1.57485498181124        1.18297794053705
O            3.42155381692995        0.94254773416034       -0.47231820428749
C            4.09719115126919        0.69473106701241       -1.71962858247960
C            4.88355387011472       -0.60037782217483       -1.72491572924411
S            0.93990472249521       -0.33900435217299       -1.35572694310440
C            0.10730616387646       -1.75944973843778       -0.60620003611765
S           -0.97875091180620       -1.31768124206778        0.77976602847115
P           -2.48821225195820       -0.38116939259978       -0.38166902913900
S           -2.91747997746403       -1.17088353739661       -2.11229943901253
O           -2.03806889614572        1.13544389975253       -0.54118338651649
C           -1.78568020021964        1.97037344893284        0.61328520572006
C           -0.96901994245045        3.16087841946432        0.15909532597030
O           -3.63051625674825       -0.39867026244072        0.73191800236588
C           -5.03427486074876       -0.45073212024244        0.40161435174852
C           -5.53906452060699        0.88637061129335       -0.10379601279756
H            3.06226314995465        2.93620283453544        2.24955292521735
H            3.18864455078149        2.16172072373697        3.83997487642554
H            3.93643595363741        1.40766359356199        2.42184345143467
H            0.92824725820516        1.75946218675495        2.87967616847076
H            1.84184502253717        0.22601692466660        2.98290656027045
H            3.35106120165425        0.69698880239226       -2.51941385251272
H            4.75590670447758        1.55858780883870       -1.82771493581156
H            5.58681087988547       -0.62449308404111       -0.89607946708036
H            4.21254762050365       -1.45312104931557       -1.63410977410517
H            5.42988225938533       -0.68076894390000       -2.65984473761071
H            0.85251836373850       -2.44747551278798       -0.20495369604663
H           -0.48293547982490       -2.22614101896316       -1.39478180585971
H           -2.74992382671872        2.27565121398464        1.02606008001306
H           -1.25041489424782        1.37708905983737        1.36203285179157
H           -0.79166786717023        3.81490301008485        1.00716493627925
H           -0.01527551535026        2.82770675861783       -0.24276838768498
H           -1.50432016361204        3.70616655263035       -0.61301202154963
H           -5.18897379138037       -1.22995626416334       -0.35074116664257
H           -5.51552958710188       -0.73804887811559        1.33754078769404
H           -6.60491285566362        0.81631836048317       -0.29947274350828
H           -5.36403903683747        1.66493526216621        0.63458231221297
H           -5.02667442035178        1.15015038022996       -1.02895995830098
41
 energy: -65.046063707581 gnorm: 0.001042344683 xtb: 6.7.1 (edcfbbe)
C            3.08237887653720        1.98376527997979        2.77057309092380
C            1.80166880521215        1.21683731936958        2.51642284423055
O            1.55812399708417        1.05374269678783        1.10522919090991
P            2.33584900422361        0.00548703590875        0.20638264561226
S            2.97824913050529       -1.57464716603019        1.18252465218817
O            3.42172221284293        0.94555253590847       -0.47227134176755
C            4.09870498156595        0.69719364362139       -1.71846334368633
C            4.88273742759569       -0.59912603193982       -1.72348347218527
S            0.94202135245160       -0.34374570370328       -1.35493642972015
C            0.10578524421864       -1.76188430385568       -0.60548309775355
S           -0.97908917962630       -1.31675569864140        0.78012831964122
P           -2.48841131200601       -0.38067447159260       -0.38228590167639
S           -2.91843549833567       -1.16833854531554       -2.11353632356293
O           -2.03831006635282        1.13626892098750       -0.53938896648969
C           -1.78618970465143        1.97151366626896        0.61441367518647
C           -0.96740060105949        3.16053474755559        0.15977783801896
O           -3.63083137576136       -0.39986409497017        0.73180090834061
C           -5.03456309593005       -0.45131678300131        0.40138743631210
C           -5.53936040584065        0.88588486395742       -0.10373301711804
H            3.06239442188967        2.93517660109452        2.24657323857952
H            3.18988942478955        2.15981939703054        3.83636956706910
H            3.93505682203913        1.40602275972237        2.41683265180792
H            0.92806189383475        1.76202678244658        2.87650068171699
H            1.84024735759039        0.22720032149566        2.98309365416395
H            3.35343901332853        0.70095237147104       -2.51874286428752
H            4.75925064482613        1.55976853101193       -1.82417397985607
H            5.58391959915741       -0.62514765050613       -0.89314481201051
H            4.21004070959969       -1.45059126073934       -1.63439960434851
H            5.43087695643815       -0.67968848964404       -2.65705583961003
H            0.85007321332485       -2.44956363476279       -0.20221077230345
H           -0.48415807202842       -2.22793472113428       -1.39462517776544
H           -2.75032758211700        2.27856672839723        1.02544321817663
H           -1.25274223057321        1.37783269435141        1.36386952911195
H           -0.79192116025865        3.81602749482967        1.00660297635174
H           -0.01339328136832        2.82528869457315       -0.23898942658363
H           -1.50074535290666        3.70343817692627       -0.61491209434294
H           -5.18927176427323       -1.22989431934193       -0.35118958668046
H           -5.51504790539365       -0.73818285490711        1.33781027468492
H           -6.60442628279029        0.81482321705325       -0.30126412818471
H           -5.36611905461957        1.66375940086311        0.63535578533879
H           -5.02524731677815        1.15033574285346       -1.02752652692410
41
 energy: -65.046066832225 gnorm: 0.000689456908 xtb: 6.7.1 (edcfbbe)
C            3.08259990175997        1.98350124483381        2.76880987099254
C            1.80104084544100        1.21720455843816        2.51534173115149
O            1.55712688770045        1.05188149805038        1.10488267988757
P            2.33549589049963        0.00348342150890        0.20622756010394
S            2.97947890466203       -1.57524807955256        1.18343689831986
O            3.42119133836516        0.94483056210280       -0.47170867391162
C            4.09928901467998        0.69831664821606       -1.71732629570788
C            4.88282940948139       -0.59854486813676       -1.72346260693444
S            0.94258421242091       -0.34330689676414       -1.35659500221910
C            0.10709650835062       -1.76107562608042       -0.60418144579715
S           -0.97900789868386       -1.31637033621478        0.78043266607726
P           -2.48857276053505       -0.38097565650481       -0.38244888906458
S           -2.91762166133607       -1.16854772250517       -2.11391912131181
O           -2.03857034786710        1.13588901911524       -0.53918180599708
C           -1.78699786271815        1.97076548037105        0.61448479932906
C           -0.96687900829476        3.15927860615209        0.16013122120903
O           -3.63167845805055       -0.39992745072274        0.73120317861902
C           -5.03529551258132       -0.45117730434309        0.40148388994283
C           -5.54011296234207        0.88630482234688       -0.10371475777216
H            3.06307411581023        2.93494605491851        2.24476243197469
H            3.19079869240813        2.15935006879225        3.83462877232832
H            3.93467652977338        1.40503952913176        2.41461297060160
H            0.92793408652035        1.76386972407113        2.87467934257133
H            1.83887925311761        0.22852342235139        2.98409974204261
H            3.35534199940068        0.70368456606364       -2.51887241058527
H            4.76067974061186        1.56047566856377       -1.82126890622764
H            5.58279850829793       -0.62621231942048       -0.89204185031960
H            4.20929464467844       -1.44960680243347       -1.63663185605436
H            5.43224594312769       -0.67812964180594       -2.65634238676342
H            0.85128947532918       -2.44875697728231       -0.20046809761624
H           -0.48277942902894       -2.22788530219892       -1.39304367646369
H           -2.75107101825505        2.27884458470313        1.02501025470586
H           -1.25443213228424        1.37728320448377        1.36488899438564
H           -0.79255507544016        3.81560701196714        1.00654938581745
H           -0.01238733752251        2.82307099316743       -0.23678110524061
H           -1.49890686107000        3.70137078215603       -0.61606016164579
H           -5.19092755505079       -1.22965375334137       -0.35097314539820
H           -5.51563402147618       -0.73765356206376        1.33816598428966
H           -6.60501078549254        0.81496596800243       -0.30224665959234
H           -5.36760040184844        1.66404557223745        0.63576209353571
H           -5.02520496617428        1.15100318200539       -1.02705014175418
41
 energy: -65.046068393552 gnorm: 0.000412789528 xtb: 6.7.1 (edcfbbe)
C            3.08291527682753        1.98353465967590        2.76796056614635
C            1.80062293689869        1.21802546338370        2.51496358190964
O            1.55700545276416        1.05208220352955        1.10479784761757
P            2.33548789205679        0.00372402505073        0.20638908230651
S            2.97867106752009       -1.57557003726710        1.18307476094592
O            3.42157195517751        0.94483113762890       -0.47106130527745
C            4.10018629654306        0.69939778839936       -1.71638598988397
C            4.88304162235621       -0.59815251397869       -1.72360182629129
S            0.94239159437397       -0.34389578839717       -1.35583749344799
C            0.10666399189757       -1.76186951375361       -0.60387277190697
S           -0.97948515384468       -1.31700795628525        0.78072645725265
P           -2.48838525976608       -0.38121242421778       -0.38225303555064
S           -2.91597366858761       -1.16996395804228       -2.11360273386585
O           -2.03888333329726        1.13557673041868       -0.53968957846185
C           -1.78768923680760        1.97012587778517        0.61411125297828
C           -0.96667007077617        3.15834741978160        0.16033527085558
O           -3.63196744826967       -0.39965228767055        0.73087511660703
C           -5.03549499616746       -0.45107281817516        0.40160244327898
C           -5.54041759465056        0.88650041408964       -0.10377247942384
H            3.06389001533020        2.93511729588790        2.24384579322077
H            3.19188897571164        2.15949130206861        3.83385375656184
H            3.93454959613301        1.40437984541849        2.41352755462021
H            0.92797890814364        1.76548665177240        2.87435817769426
H            1.83755815770938        0.22973709984726        2.98485921701805
H            3.35706835474161        0.70620192256958       -2.51887400637685
H            4.76208626418926        1.56134676189589       -1.81949020165698
H            5.58239064329538       -0.62729985059737       -0.89160836161695
H            4.20883938985507       -1.44900161112948       -1.63862431858414
H            5.43321228921109       -0.67690185556077       -2.65623608059687
H            0.85123848992200       -2.44939798235589       -0.20045040059881
H           -0.48301409219934       -2.22926035547425       -1.39249885710354
H           -2.75187137182328        2.27872683926614        1.02441032341636
H           -1.25572622037841        1.37672808953601        1.36522340927285
H           -0.79325261792726        3.81525311269049        1.00669555862397
H           -0.01152120275528        2.82195751508843       -0.23516565788571
H           -1.49748622422961        3.70047979777215       -0.61683101327724
H           -5.19173197183795       -1.22981215167237       -0.35068888018741
H           -5.51617183014098       -0.73753246069335        1.33816862732913
H           -6.60537947458869        0.81518485989258       -0.30296051288020
H           -5.36844194509268        1.66432899771880        0.63595319260065
H           -5.02519561113273        1.15150164848304       -1.02695101387375
41
 energy: -65.046068981652 gnorm: 0.000307443676 xtb: 6.7.1 (edcfbbe)
C            3.08316044405011        1.98342426641220        2.76703254601883
C            1.80033263228186        1.21871614592906        2.51485884216859
O            1.55624553802845        1.05182375058728        1.10484270395817
P            2.33540832336536        0.00369528364040        0.20675945433883
S            2.97907429352646       -1.57529385630078        1.18358367152219
O            3.42115333001107        0.94514124095622       -0.47073934991449
C            4.10068041099221        0.70011358799225       -1.71570253599367
C            4.88284727238727       -0.59778536414709       -1.72351185856434
S            0.94280305198942       -0.34476818723993       -1.35572972947069
C            0.10665193840034       -1.76241432306531       -0.60354722914314
S           -0.97932184522913       -1.31663323975859        0.78099704093815
P           -2.48843864886872       -0.38162370011283       -0.38247491467891
S           -2.91625272818572       -1.17024829038275       -2.11382013202649
O           -2.03913127793452        1.13523814683254       -0.54005337322117
C           -1.78810380267284        1.96994745788965        0.61382684911356
C           -0.96630989320593        3.15772504116933        0.16055045149891
O           -3.63194357717075       -0.39992229887695        0.73072882072271
C           -5.03553619538634       -0.45111902125523        0.40157253429514
C           -5.54044762409344        0.88636131777685       -0.10384082266028
H            3.06448788698740        2.93494677812063        2.24277710444981
H            3.19282350708673        2.15959867712906        3.83280598217042
H            3.93426362958119        1.40369535826992        2.41233298818927
H            0.92815664961821        1.76707219214670        2.87399160975564
H            1.83648639466067        0.23069586488331        2.98547107951631
H            3.35811701096715        0.70808470670780       -2.51871809708402
H            4.76312107422553        1.56183511851611       -1.81759680310839
H            5.58150354470089       -0.62821763907064       -0.89100281774992
H            4.20821954856804       -1.44845603640497       -1.64014310659302
H            5.43378848065562       -0.67568945353478       -2.65579613509566
H            0.85102066398188       -2.45002963187542       -0.19996833710058
H           -0.48307377564309       -2.22987612919807       -1.39210705055789
H           -2.75243896062761        2.27907398825565        1.02342773332672
H           -1.25697501261197        1.37632675953924        1.36533665487931
H           -0.79384666324635        3.81505083084465        1.00680250787048
H           -0.01067596012023        2.82113067595647       -0.23355323471483
H           -1.49597542386560        3.69970601237907       -0.61750642552585
H           -5.19186237331011       -1.23004566637281       -0.35057262178940
H           -5.51616688498600       -0.73752407187595        1.33816298387727
H           -6.60532643427720        0.81489808931299       -0.30344398681513
H           -5.36901305744728        1.66416103949379        0.63602939724952
H           -5.02500564079851        1.15164847311085       -1.02678692254371
41
 energy: -65.046069332658 gnorm: 0.000186407102 xtb: 6.7.1 (edcfbbe)
C            3.08353473548954        1.98337255967769        2.76609402355715
C            1.80014071855909        1.21954692394872        2.51477935641219
O            1.55553424195954        1.05162170926043        1.10487399503545
P            2.33527218835772        0.00377305601344        0.20713968577028
S            2.97935374763082       -1.57479508305127        1.18446100798454
O            3.42071852097603        0.94537395969376       -0.47030726203870
C            4.10119238369565        0.70097625783586       -1.71489275055748
C            4.88246716708852       -0.59734567978737       -1.72346060616637
S            0.94280636477305       -0.34528644030979       -1.35548310246960
C            0.10666064345220       -1.76278744499115       -0.60316988301008
S           -0.97956217760609       -1.31690882616024        0.78105507421231
P           -2.48845270046173       -0.38193971244675       -0.38266629129077
S           -2.91624559628451       -1.17140432701670       -2.11366275989061
O           -2.03933491309629        1.13498321911502       -0.54059710086070
C           -1.78867769634425        1.96984486545429        0.61338911681186
C           -0.96592038028323        3.15705715452390        0.16072784358503
O           -3.63185066626807       -0.40016129591796        0.73057662130368
C           -5.03548696992264       -0.45125901465387        0.40145255693885
C           -5.54040778462475        0.88610181950734       -0.10395977122701
H            3.06535282614186        2.93463678972859        2.24141109682030
H            3.19376807722483        2.15995712839098        3.83169017812915
H            3.93401294235463        1.40287136335050        2.41126931488236
H            0.92844246965755        1.76892268416396        2.87346732417098
H            1.83552293539986        0.23181512183699        2.98607507372727
H            3.35915424717770        0.71023657248334       -2.51834501140011
H            4.76428393193962        1.56237616768779       -1.81520828567849
H            5.58024481624022       -0.62932003775828       -0.89032043027831
H            4.20730984674595       -1.44775409723990       -1.64187776859613
H            5.43431883103797       -0.67428877596000       -2.65529741538929
H            0.85095234321875       -2.45024696425047       -0.19923984388457
H           -0.48296745738627       -2.23031285494254       -1.39173111231376
H           -2.75324390489177        2.27945085201692        1.02197087654693
H           -1.25860625384772        1.37581799195787        1.36525446653645
H           -0.79458828885963        3.81462669313310        1.00697368258971
H           -0.00983423535844        2.82010028908026       -0.23184504881026
H           -1.49432438650041        3.69882385142679       -0.61829108134160
H           -5.19180841649684       -1.23026508870580       -0.35062722021112
H           -5.51597023260819       -0.73758444577445        1.33813750312045
H           -6.60518854008257        0.81445811389795       -0.30379549458189
H           -5.36929750678085        1.66384813692481        0.63597851863064
H           -5.02477602503231        1.15153070223619       -1.02672360526048
41
 energy: -65.046069106505 gnorm: 0.000323412532 xtb: 6.7.1 (edcfbbe)
C            3.08386041538979        1.98330783996107        2.76526876946260
C            1.79997936545299        1.22027300226463        2.51469547698443
O            1.55491536475566        1.05143448901078        1.10488691741242
P            2.33516166643893        0.00382263443550        0.20747816875081
S            2.97963704040908       -1.57432328884651        1.18531739338921
O            3.42033370818696        0.94555943552639       -0.46994170448799
C            4.10165260614152        0.70171382830388       -1.71418415054205
C            4.88215469349762       -0.59695802648922       -1.72343388892837
S            0.94277616595227       -0.34577051063683       -1.35524482729553
C            0.10662247254576       -1.76315598548270       -0.60286065345438
S           -0.97985584550798       -1.31724890392956        0.78105106179566
P           -2.48846833649366       -0.38217042086225       -0.38285246621017
S           -2.91623529521983       -1.17244636480930       -2.11352139696106
O           -2.03953013322829        1.13481320697770       -0.54107420111575
C           -1.78915988023503        1.96978581164582        0.61301134929972
C           -0.96556448243785        3.15649478206337        0.16090775913302
O           -3.63175886046141       -0.40034688532096        0.73043755599162
C           -5.03543576194051       -0.45135145939701        0.40135237389762
C           -5.54037979452247        0.88588409539052       -0.10405274381679
H            3.06610439495684        2.93434777558707        2.24022752826850
H            3.19460385817628        2.16024184003198        3.83070217959686
H            3.93377850157044        1.40213918467752        2.41030959897732
H            0.92870739665856        1.77055525886884        2.87298616580522
H            1.83466369884135        0.23278720194598        2.98658863706153
H            3.36005705339848        0.71209994450061       -2.51800057793400
H            4.76530261270865        1.56284957276348       -1.81308966252172
H            5.57916202705592       -0.63029100231425       -0.88974936571582
H            4.20655863905542       -1.44715306098477       -1.64342936716375
H            5.43480106881584       -0.67301451116446       -2.65488356387544
H            0.85083760786323       -2.45047321196847       -0.19860605782919
H           -0.48290286686086       -2.23070721995333       -1.39144175579294
H           -2.75392890013296        2.27978703339413        1.02071161541776
H           -1.26001564998281        1.37535007005127        1.36513726369606
H           -0.79523870392509        3.81425204048634        1.00716375772943
H           -0.00908064428003        2.81923593385177       -0.23032159890381
H           -1.49285943396564        3.69808320856207       -0.61894481383071
H           -5.19176128088689       -1.23043902767028       -0.35066302346606
H           -5.51577202215667       -0.73759933072883        1.33812953900066
H           -6.60506777227112        0.81406748558467       -0.30408753547264
H           -5.36957052073461        1.66357857702932        0.63594272660060
H           -5.02458432624331        1.15144885202399       -1.02664701144464
41
 energy: -65.046069405897 gnorm: 0.000140767345 xtb: 6.7.1 (edcfbbe)
C            3.08369908930546        1.98348141265658        2.76592299726633
C            1.80011967609330        1.21984334336558        2.51487245894171
O            1.55539154516070        1.05169591735151        1.10497246271467
P            2.33518511069540        0.00396225624068        0.20725737568828
S            2.97916410091335       -1.57474977194363        1.18441437540939
O            3.42062678062815        0.94547759967083       -0.47010229646145
C            4.10126226300678        0.70129570076929       -1.71465405577203
C            4.88222783440410       -0.59722482229965       -1.72340832608591
S            0.94290023872557       -0.34523732307632       -1.35545766119109
C            0.10688664569065       -1.76266071014518       -0.60297937592933
S           -0.97929383814855       -1.31661625224265        0.78126520764472
P           -2.48844273021804       -0.38224363263488       -0.38266424967256
S           -2.91632908140026       -1.17178774823327       -2.11356716094468
O           -2.03927256817898        1.13464858184012       -0.54083984063981
C           -1.78894804939220        1.96965340865406        0.61316798768043
C           -0.96590467403829        3.15675611570603        0.16065962971698
O           -3.63183728527237       -0.40032056711694        0.73053674872976
C           -5.03547720686015       -0.45143436517662        0.40137560585521
C           -5.54035138252239        0.88595700623035       -0.10406734984309
H            3.06573153160565        2.93458979905351        2.24094371214355
H            3.19396390103691        2.16031518935268        3.83147718580465
H            3.93404558538160        1.40266678417278        2.41126447083720
H            0.92850884610945        1.76945081732321        2.87341855600633
H            1.83539305685970        0.23219812788444        2.98629820456484
H            3.35938852207087        0.71092692295066       -2.51823549643741
H            4.76458641982346        1.56252440019730       -1.81457920099501
H            5.57973708365402       -0.62963565122369       -0.89004934563308
H            4.20681496460995       -1.44748259106887       -1.64227414967783
H            5.43435643062536       -0.67406024456714       -2.65508805033912
H            0.85121150148051       -2.45004555075752       -0.19897497725793
H           -0.48276824121464       -2.23031781842029       -1.39147376239361
H           -2.75361445417651        2.27943868540052        1.02132750155291
H           -1.25920985429200        1.37569056028227        1.36532466540578
H           -0.79486103711530        3.81442598202201        1.00688583520868
H           -0.00971228650714        2.81964661921388       -0.23150960476095
H           -1.49398624414089        3.69842457328977       -0.61864155762718
H           -5.19174277077012       -1.23039820158831       -0.35071908062592
H           -5.51594596205454       -0.73774828674582        1.33807884372859
H           -6.60513984288061        0.81433898670685       -0.30385780241107
H           -5.36913710319586        1.66372561450785        0.63583211207483
H           -5.02472666911754        1.15129302677796       -1.02687712076756
41
 energy: -65.046069361068 gnorm: 0.000208769521 xtb: 6.7.1 (edcfbbe)
C            3.08371307983150        1.98357043066600        2.76597712692926
C            1.80011063808530        1.21982522474601        2.51489928955116
O            1.55540616224119        1.05170235172802        1.10500320296426
P            2.33514568935882        0.00400859372161        0.20719182699560
S            2.97898077456061       -1.57485685955460        1.18416093700711
O            3.42064019733147        0.94553169799737       -0.47004479269176
C            4.10114118562236        0.70137546535762       -1.71466565910825
C            4.88208269829670       -0.59723344620126       -1.72331843080434
S            0.94307793382005       -0.34506295291713       -1.35565994819252
C            0.10728588158629       -1.76250882935391       -0.60293973538478
S           -0.97909631453043       -1.31660221861471        0.78115062214894
P           -2.48843279539128       -0.38225014444064       -0.38244520270930
S           -2.91603205482205       -1.17190508073114       -2.11334334013683
O           -2.03920127216369        1.13459091681704       -0.54074958994510
C           -1.78902260711339        1.96960886108876        0.61321042661224
C           -0.96599937077955        3.15675316445636        0.16052004872896
O           -3.63194664618222       -0.40032145151460        0.73064088806197
C           -5.03555049877798       -0.45156619598420        0.40139197252770
C           -5.54035140177765        0.88590041647802       -0.10415891465113
H            3.06579449558476        2.93463873433448        2.24088357989598
H            3.19386392575098        2.16046345865763        3.83156749232403
H            3.93411924347612        1.40269127761335        2.41147251681618
H            0.92845290517271        1.76938123551951        2.87344377140571
H            1.83551196462633        0.23222680794758        2.98634376570804
H            3.35930668290208        0.71094122303736       -2.51828313726059
H            4.76449018635200        1.56253021897477       -1.81474772907500
H            5.57955512540899       -0.62955411605166       -0.88988554831548
H            4.20656618345183       -1.44741854074818       -1.64207960728545
H            5.43425158337736       -0.67431236163168       -2.65494955886966
H            0.85164915135574       -2.44992930173755       -0.19901226305241
H           -0.48243173641381       -2.23023307109012       -1.39136631882163
H           -2.75368963769902        2.27940899733388        1.02134471153958
H           -1.25921970882347        1.37584995019783        1.36552326950826
H           -0.79495309521188        3.81457582973161        1.00665071714423
H           -0.00981030090262        2.81956778436322       -0.23165523642712
H           -1.49417957409260        3.69823882424242       -0.61886564590406
H           -5.19178280442279       -1.23047667141528       -0.35072086479800
H           -5.51609217324411       -0.73784137639511        1.33808385155155
H           -6.60516658689902        0.81435190176962       -0.30396579208530
H           -5.36900383747635        1.66371868247481        0.63570020683063
H           -5.02468342508473        1.15108446350684       -1.02702743722445
41
 energy: -65.046069439410 gnorm: 0.000133993832 xtb: 6.7.1 (edcfbbe)
C            3.08369709494035        1.98361931482396        2.76601450335786
C            1.80015811001658        1.21987156454993        2.51491147733278
O            1.55545875915586        1.05173376478952        1.10500250185464
P            2.33525240384215        0.00403857104417        0.20724322756631
S            2.97927922079583       -1.57462992180780        1.18445671661410
O            3.42070470598160        0.94558314738990       -0.47004064927247
C            4.10121643657375        0.70135920765016       -1.71464937009036
C            4.88211206629506       -0.59723445477154       -1.72333007655074
S            0.94282254173099       -0.34497485673567       -1.35542200481975
C            0.10698707552420       -1.76251567933897       -0.60296755314009
S           -0.97927254541374       -1.31674767913812        0.78130218777978
P           -2.48837591468899       -0.38230315008416       -0.38258393349872
S           -2.91608507022231       -1.17206289862920       -2.11346582176047
O           -2.03921863600458        1.13458307185370       -0.54085423289770
C           -1.78906664221736        1.96963907903915        0.61310591526029
C           -0.96601602068150        3.15674417513118        0.16050050987689
O           -3.63180523458182       -0.40039775993321        0.73057694726229
C           -5.03543541418808       -0.45160193715591        0.40134537380186
C           -5.54031558297615        0.88581463632966       -0.10413393491151
H            3.06576674591110        2.93464855462050        2.24088396813411
H            3.19381033309763        2.16062373053887        3.83156773940240
H            3.93412326102897        1.40276944583301        2.41158340536757
H            0.92851131941974        1.76940577324269        2.87348231971400
H            1.83553061910233        0.23224597704400        2.98633703389236
H            3.35930419988108        0.71095725669737       -2.51819671591357
H            4.76456690115874        1.56254540207703       -1.81471027654162
H            5.57961735380449       -0.62959551624633       -0.88995555859162
H            4.20661066409534       -1.44741495448336       -1.64210633859055
H            5.43422337128140       -0.67423442079676       -2.65499169963591
H            0.85142162748803       -2.44982903709640       -0.19899840034359
H           -0.48259529855474       -2.23028424455672       -1.39144002220923
H           -2.75377077877386        2.27942539310361        1.02118076526584
H           -1.25933039839396        1.37581271194748        1.36538439722178
H           -0.79492260806535        3.81448412953727        1.00666297898480
H           -0.00983979984384        2.81956986700649       -0.23167593798967
H           -1.49412619942226        3.69834125546217       -0.61883422395579
H           -5.19164873173228       -1.23053227207326       -0.35077856448900
H           -5.51597493599892       -0.73793080119145        1.33800537035177
H           -6.60513637326602        0.81426165789839       -0.30381756253865
H           -5.36896668081225        1.66362306295650        0.63570586824533
H           -5.02477209890268        1.15105272785213       -1.02702485803752
