----------------------------------------------- 
  Element       SASA      Sigma Z        Total  
     Z         Ang**2 cal/Ang**2/mol   kcal/mol 
----------------------------------------------- 
      H        244.516      48.690      11.905
      C         57.280     129.740       7.431
      O         27.738       0.000       0.000
      P          1.623       0.000       0.000
      S        111.068      -9.100      -1.011

 Subtotal:     442.225                  18.326
 -----------------------------------------------

  Elements    COT*SASA   Sigma Z,Z'     Total   
    Z,Z'       Ang**2  cal/Ang**2/mol kcal/mol  
 ---------------------------------------------- 
  H   C        164.445     -60.770      -9.993
  H   O          0.000       0.000       0.000
  C   C         33.272     -72.950      -2.427
  O   C          0.000      68.690       0.000
  O   O          0.000       0.000       0.000
  O   P         18.973      68.850       1.306

 Subtotal:                             -11.114
 ---------------------------------------------- 

 NONAQUEOUS SOLVENT CONTRIBUTION (kcal/mol):
 (proportional to SASA, atomic number independent)
 ---------------------------------------------- 
 Subtotal:                               0.000
 ---------------------------------------------- 

 CDS TOTAL (kcal/mol):                   7.212
...............................................................................
