----------------------------------------------- 
  Element       SASA      Sigma Z        Total  
     Z         Ang**2 cal/Ang**2/mol   kcal/mol 
----------------------------------------------- 
      H        247.438      48.690      12.048
      C         56.711     129.740       7.358
      O         28.870       0.000       0.000
      P          1.305       0.000       0.000
      S        110.873      -9.100      -1.009

 Subtotal:     445.196                  18.396
 -----------------------------------------------

  Elements    COT*SASA   Sigma Z,Z'     Total   
    Z,Z'       Ang**2  cal/Ang**2/mol kcal/mol  
 ---------------------------------------------- 
  H   C        166.393     -60.770     -10.112
  H   O          0.000       0.000       0.000
  C   C         32.964     -72.950      -2.405
  O   C          0.000      68.690       0.000
  O   O          0.000       0.000       0.000
  O   P         19.756      68.850       1.360

 Subtotal:                             -11.156
 ---------------------------------------------- 

 NONAQUEOUS SOLVENT CONTRIBUTION (kcal/mol):
 (proportional to SASA, atomic number independent)
 ---------------------------------------------- 
 Subtotal:                               0.000
 ---------------------------------------------- 

 CDS TOTAL (kcal/mol):                   7.240
...............................................................................
