2025-04-03 20:46:31,631 -     censo.parallel     -  DEBUG   - Free cores decreased 1 -> 0.
2025-04-03 20:46:31,635 -   censo.qm_processor   -  DEBUG   - worker83853: Running on 1 cores.
2025-04-03 20:46:31,877 -   censo.qm_processor   -   INFO   - worker83853: Running xtb_gsolv calculation in /srv/scratch/z5358697/.automated/3988/0_PRESCREENING/CONF1/xtb_gsolv.
2025-04-03 20:46:31,915 -   censo.qm_processor   -  DEBUG   - worker83853: Running ['/srv/scratch/z5358697/.xtb/bin/xtb', 'gas.coord', '--gfn2', '--sp', '--chrg', '0', '--norestart', '--parallel', '1']...
2025-04-03 20:46:31,923 -   censo.qm_processor   -  DEBUG   - worker83853: Started (PID: 83858).
2025-04-03 20:46:31,953 -   censo.qm_processor   -  DEBUG   - worker83853: Done.
2025-04-03 20:46:31,976 -   censo.qm_processor   -  DEBUG   - worker83853: Running ['/srv/scratch/z5358697/.xtb/bin/xtb', 'solv.coord', '--gfn2', '--sp', '--chrg', '0', '--norestart', '--parallel', '1', '--alpb', 'water', 'reference', '-I', 'xtb_sp-xcontrol-inp']...
2025-04-03 20:46:31,979 -   censo.qm_processor   -  DEBUG   - worker83853: Started (PID: 83859).
2025-04-03 20:46:32,013 -   censo.qm_processor   -  DEBUG   - worker83853: Done.
2025-04-03 20:46:32,015 -     censo.parallel     -  DEBUG   - Free cores increased 0 -> 1.
2025-04-03 20:46:32,021 -     censo.parallel     -  DEBUG   - Checking for failed jobs...
2025-04-03 20:46:32,021 -     censo.parallel     -   INFO   - All jobs executed successfully.
2025-04-03 20:46:32,026 -     censo.parallel     -  DEBUG   - Free cores decreased 1 -> 0.
2025-04-03 20:46:32,029 -   censo.qm_processor   -  DEBUG   - worker83873: Running on 1 cores.
2025-04-03 20:46:32,048 -   censo.qm_processor   -   INFO   - worker83873: Running sp calculation in /srv/scratch/z5358697/.automated/3988/0_PRESCREENING/CONF1/sp.
2025-04-03 20:46:32,062 -   censo.qm_processor   -  DEBUG   - worker83873: Running ['/apps/z_install_tree/linux-rocky8-ivybridge/gcc-12.2.0/orca-6.0.0-srtngmq3qlimg2qxbl6avaaiffipurdx/bin/orca', 'sp.inp']...
2025-04-03 20:46:32,067 -   censo.qm_processor   -  DEBUG   - worker83873: Started (PID: 83878).
2025-04-03 20:46:41,630 -   censo.qm_processor   -  DEBUG   - worker83873: Done.
2025-04-03 20:46:41,635 -     censo.parallel     -  DEBUG   - Free cores increased 0 -> 1.
2025-04-03 20:46:41,640 -     censo.parallel     -  DEBUG   - Checking for failed jobs...
2025-04-03 20:46:41,640 -     censo.parallel     -   INFO   - All jobs executed successfully.
2025-04-03 20:46:41,641 -censo.ensembleopt.prescreening-  DEBUG   - Writing to /srv/scratch/z5358697/.automated/3988/0_PRESCREENING.out.
2025-04-03 20:46:41,685 -     censo.parallel     -  DEBUG   - Free cores decreased 1 -> 0.
2025-04-03 20:46:41,688 -   censo.qm_processor   -  DEBUG   - worker83938: Running on 1 cores.
2025-04-03 20:46:41,703 -   censo.qm_processor   -   INFO   - worker83938: Running gsolv calculation in /srv/scratch/z5358697/.automated/3988/1_SCREENING/CONF1/gsolv.
2025-04-03 20:46:41,714 -  censo.orca_processor  -  DEBUG   - worker83938: Copying .gbw file from /srv/scratch/z5358697/.automated/3988/0_PRESCREENING/CONF1/sp/sp.gbw.
2025-04-03 20:46:41,730 -   censo.qm_processor   -  DEBUG   - worker83938: Running ['/apps/z_install_tree/linux-rocky8-ivybridge/gcc-12.2.0/orca-6.0.0-srtngmq3qlimg2qxbl6avaaiffipurdx/bin/orca', 'sp_gas.inp']...
2025-04-03 20:46:41,735 -   censo.qm_processor   -  DEBUG   - worker83938: Started (PID: 83946).
2025-04-03 20:46:48,391 -   censo.qm_processor   -  DEBUG   - worker83938: Done.
2025-04-03 20:46:48,401 -  censo.orca_processor  -  DEBUG   - worker83938: Copying .gbw file from /srv/scratch/z5358697/.automated/3988/0_PRESCREENING/CONF1/sp/sp.gbw.
2025-04-03 20:46:48,434 -   censo.qm_processor   -  DEBUG   - worker83938: Running ['/apps/z_install_tree/linux-rocky8-ivybridge/gcc-12.2.0/orca-6.0.0-srtngmq3qlimg2qxbl6avaaiffipurdx/bin/orca', 'sp_solv.inp']...
2025-04-03 20:46:48,437 -   censo.qm_processor   -  DEBUG   - worker83938: Started (PID: 83975).
2025-04-03 20:46:56,264 -   censo.qm_processor   -  DEBUG   - worker83938: Done.
2025-04-03 20:46:56,268 -     censo.parallel     -  DEBUG   - Free cores increased 0 -> 1.
2025-04-03 20:46:56,274 -     censo.parallel     -  DEBUG   - Checking for failed jobs...
2025-04-03 20:46:56,274 -     censo.parallel     -   INFO   - All jobs executed successfully.
2025-04-03 20:46:56,309 -     censo.parallel     -  DEBUG   - Free cores decreased 1 -> 0.
2025-04-03 20:46:56,313 -   censo.qm_processor   -  DEBUG   - worker84063: Running on 1 cores.
2025-04-03 20:46:56,432 -   censo.qm_processor   -   INFO   - worker84063: Running xtb_opt calculation in /srv/scratch/z5358697/.automated/3988/2_OPTIMIZATION/CONF1/xtb_opt.
2025-04-03 20:46:56,461 -  censo.orca_processor  -  DEBUG   - worker84063: Copying .gbw file from /srv/scratch/z5358697/.automated/3988/1_SCREENING/CONF1/gsolv/sp_solv.gbw.
2025-04-03 20:46:56,475 -   censo.qm_processor   -  DEBUG   - worker84063: Running ['/srv/scratch/z5358697/.xtb/bin/xtb', 'xtb_opt.coord', '--opt', 'normal', '--orca', '-I', 'xtb_opt-xcontrol-inp']...
2025-04-03 20:46:56,481 -   censo.qm_processor   -  DEBUG   - worker84063: Started (PID: 84068).
2025-04-03 20:47:31,175 -   censo.qm_processor   -  DEBUG   - worker84063: Done.
2025-04-03 20:47:31,185 -     censo.parallel     -  DEBUG   - Free cores increased 0 -> 1.
2025-04-03 20:47:31,191 -     censo.parallel     -  DEBUG   - Checking for failed jobs...
2025-04-03 20:47:31,191 -     censo.parallel     -   INFO   - All jobs executed successfully.
2025-04-03 20:47:31,196 -     censo.parallel     -  DEBUG   - Free cores decreased 1 -> 0.
2025-04-03 20:47:31,200 -   censo.qm_processor   -  DEBUG   - worker84394: Running on 1 cores.
2025-04-03 20:47:31,206 -   censo.qm_processor   -   INFO   - worker84394: Running xtb_rrho calculation in /srv/scratch/z5358697/.automated/3988/2_OPTIMIZATION/CONF1/xtb_rrho.
2025-04-03 20:47:31,228 -   censo.qm_processor   -  DEBUG   - worker84394: Running ['/srv/scratch/z5358697/.xtb/bin/xtb', 'xtb_rrho.coord', '--gfn2', '--ohess', 'vtight', '--chrg', '0', '--enso', '--norestart', '-I', 'rrho-xcontrol-inp', '--parallel', '1', '--alpb', 'water']...
2025-04-03 20:47:31,234 -   censo.qm_processor   -  DEBUG   - worker84394: Started (PID: 84399).
2025-04-03 20:47:31,353 -   censo.qm_processor   -  DEBUG   - worker84394: Done.
2025-04-03 20:47:31,357 -     censo.parallel     -  DEBUG   - Free cores increased 0 -> 1.
2025-04-03 20:47:31,363 -     censo.parallel     -  DEBUG   - Checking for failed jobs...
2025-04-03 20:47:31,363 -     censo.parallel     -   INFO   - All jobs executed successfully.
2025-04-03 20:47:31,363 -censo.ensembleopt.optimization-  DEBUG   - Writing to /srv/scratch/z5358697/.automated/3988/2_OPTIMIZATION.out.
2025-04-03 20:47:31,375 -censo.ensembleopt.optimization-  DEBUG   - Writing to /srv/scratch/z5358697/.automated/3988/2_OPTIMIZATION.out.
2025-04-03 20:47:31,433 -     censo.parallel     -  DEBUG   - Free cores decreased 1 -> 0.
2025-04-03 20:47:31,436 -   censo.qm_processor   -  DEBUG   - worker84414: Running on 1 cores.
2025-04-03 20:47:31,488 -   censo.qm_processor   -   INFO   - worker84414: Running gsolv calculation in /srv/scratch/z5358697/.automated/3988/3_REFINEMENT/CONF1/gsolv.
2025-04-03 20:47:31,501 -  censo.orca_processor  -  DEBUG   - worker84414: Copying .gbw file from /srv/scratch/z5358697/.automated/3988/2_OPTIMIZATION/CONF1/xtb_opt/xtb_opt.gbw.
2025-04-03 20:47:31,516 -   censo.qm_processor   -  DEBUG   - worker84414: Running ['/apps/z_install_tree/linux-rocky8-ivybridge/gcc-12.2.0/orca-6.0.0-srtngmq3qlimg2qxbl6avaaiffipurdx/bin/orca', 'sp_gas.inp']...
2025-04-03 20:47:31,521 -   censo.qm_processor   -  DEBUG   - worker84414: Started (PID: 84419).
2025-04-03 20:47:48,455 -   censo.qm_processor   -  DEBUG   - worker84414: Done.
2025-04-03 20:47:48,465 -  censo.orca_processor  -  DEBUG   - worker84414: Copying .gbw file from /srv/scratch/z5358697/.automated/3988/2_OPTIMIZATION/CONF1/xtb_opt/xtb_opt.gbw.
2025-04-03 20:47:48,488 -   censo.qm_processor   -  DEBUG   - worker84414: Running ['/apps/z_install_tree/linux-rocky8-ivybridge/gcc-12.2.0/orca-6.0.0-srtngmq3qlimg2qxbl6avaaiffipurdx/bin/orca', 'sp_solv.inp']...
2025-04-03 20:47:48,490 -   censo.qm_processor   -  DEBUG   - worker84414: Started (PID: 84478).
2025-04-03 20:48:05,020 -   censo.qm_processor   -  DEBUG   - worker84414: Done.
2025-04-03 20:48:05,024 -     censo.parallel     -  DEBUG   - Free cores increased 0 -> 1.
2025-04-03 20:48:05,030 -     censo.parallel     -  DEBUG   - Checking for failed jobs...
2025-04-03 20:48:05,030 -     censo.parallel     -   INFO   - All jobs executed successfully.
2025-04-03 20:48:05,031 -censo.ensembleopt.refinement-  DEBUG   - Writing to /srv/scratch/z5358697/.automated/3988/3_REFINEMENT.out.
