----------------------------------------------- 
  Element       SASA      Sigma Z        Total  
     Z         Ang**2 cal/Ang**2/mol   kcal/mol 
----------------------------------------------- 
      H        216.951      48.690      10.563
      C         59.915     129.740       7.773
      O         76.922       0.000       0.000
      P          1.425       0.000       0.000
      S         54.042      -9.100      -0.492

 Subtotal:     409.255                  17.845
 -----------------------------------------------

  Elements    COT*SASA   Sigma Z,Z'     Total   
    Z,Z'       Ang**2  cal/Ang**2/mol kcal/mol  
 ---------------------------------------------- 
  H   C        145.962     -60.770      -8.870
  H   O          0.000       0.000       0.000
  C   C         25.930     -72.950      -1.892
  O   C         29.231      68.690       2.008
  O   O          0.000       0.000       0.000
  O   P         14.311      68.850       0.985

 Subtotal:                              -7.768
 ---------------------------------------------- 

 NONAQUEOUS SOLVENT CONTRIBUTION (kcal/mol):
 (proportional to SASA, atomic number independent)
 ---------------------------------------------- 
 Subtotal:                               0.000
 ---------------------------------------------- 

 CDS TOTAL (kcal/mol):                  10.076
...............................................................................
