41
 energy: -65.049609504136 gnorm: 0.055085136724 xtb: 6.7.1 (edcfbbe)
C            1.55832002178190       -0.48716390049052       -2.80152126848722
C            2.58434313562601        0.16344363453651       -1.90585345918105
O            3.01966044568374       -0.76870848987719       -0.85857634574771
P            2.56534446025300       -0.57006521659466        0.67277549442451
S            2.71542257955476        1.22409469115287        1.41649779407902
O            3.45702817351055       -1.71246736404901        1.36573236467388
C            4.80098948058596       -1.41303939904040        1.88978887587546
C            5.80297343069290       -1.10203406269512        0.80226743893127
S            0.62957764210131       -1.45483497693562        0.69527912242655
C           -0.30704557871295       -0.30827550602356        1.80319230306715
S           -2.09697315982999       -0.36613864858826        1.44069790209410
P           -2.16896389521696        0.67823272635278       -0.42718663627740
S           -0.83265818996285        2.06448222061226       -0.65588911427865
O           -3.72363551145489        1.09966813804239       -0.46324549138148
C           -4.22169545842107        2.26328338092821        0.28261336159884
C           -5.49861835044985        2.71813311362942       -0.37871617898774
O           -2.11211313991116       -0.40427152483412       -1.60193257384461
C           -2.99284700806020       -1.58421024840485       -1.64495338846927
C           -4.01873056497720       -1.42125446098765       -2.73930785333808
H            1.30351951253082        0.21701018741259       -3.60040938593254
H            1.95297263967623       -1.40152650717685       -3.25576253684052
H            0.64398908291188       -0.72282607247179       -2.24846645037289
H            2.19470809738921        1.07349642818211       -1.43890251884062
H            3.49656485036292        0.41481598699474       -2.45348531047751
H            4.70957071151298       -0.58670138267446        2.60168664564421
H            5.06769214567668       -2.32243224309738        2.43025382030919
H            6.78517573721917       -0.98225620716720        1.27293772134849
H            5.86619625430670       -1.91414428293154        0.07264751915201
H            5.56391136228548       -0.16937451377589        0.28272954298060
H            0.07119501409134        0.71242766089299        1.66549280958033
H           -0.19985816407623       -0.61896451028759        2.84989660345997
H           -4.38793030162970        1.95342636556325        1.31867075427951
H           -3.45852242566909        3.04772796638956        0.25544797194257
H           -5.88159327821500        3.58432462648825        0.17087824452555
H           -5.31720126890261        3.01972006787540       -1.41451974881139
H           -6.25911921071771        1.93274767060880       -0.35884739606978
H           -2.32384475589633       -2.42639155183378       -1.83666400095071
H           -3.46599017912694       -1.72842788135814       -0.66920529334166
H           -4.61297023692434       -2.33891109099518       -2.79047983930905
H           -4.69103447010238       -0.58470246820110       -2.53192315849479
H           -3.53786087652512       -1.26902447422357       -3.70969926559768
41
 energy: -65.053186807727 gnorm: 0.028572483354 xtb: 6.7.1 (edcfbbe)
C            1.55615234363184       -0.48085798000042       -2.80189802504173
C            2.58423944619409        0.17023947649989       -1.90565084534606
O            3.01917787867337       -0.74763582063871       -0.86546683366310
P            2.54996138416929       -0.57005015134731        0.65773550348514
S            2.70343766631335        1.23543931763727        1.40865555888706
O            3.44016544040541       -1.70148132123018        1.35443736586780
C            4.77190823742479       -1.41076791958949        1.88369990422688
C            5.78625747853857       -1.10436019505049        0.80624849015701
S            0.63532013684912       -1.46509140216788        0.70246839613169
C           -0.29013276223102       -0.30619119693485        1.79321709441285
S           -2.06772641489744       -0.38687551638103        1.44435406742587
P           -2.16606989165314        0.66348303875384       -0.41305325320186
S           -0.82301483560413        2.06129518050871       -0.65908647771940
O           -3.70779505563312        1.10601064448885       -0.47007284272380
C           -4.20750976027336        2.25532651991376        0.27336815457878
C           -5.49005151094516        2.71921212590397       -0.37950932656497
O           -2.10316738124175       -0.42148630459413       -1.57433636742275
C           -2.98834546603110       -1.58370412773322       -1.63330148855154
C           -4.01475496183433       -1.42109085833532       -2.73066506027978
H            1.29916547948259        0.21404629104839       -3.59955910204574
H            1.95312069312562       -1.39535829006222       -3.23808386580693
H            0.64905522704721       -0.71733722228648       -2.24678749851729
H            2.18869294415169        1.07593006712011       -1.43533717106541
H            3.49533879230726        0.41728200188328       -2.45446611205467
H            4.68218592052655       -0.57704473140090        2.58616575662909
H            5.02976065180508       -2.32352593475290        2.42317188481106
H            6.76527867507185       -0.98755927690309        1.27116262408684
H            5.83482370030685       -1.91165949494064        0.07816620086549
H            5.53640458244114       -0.17737551760693        0.29056156861970
H            0.07631988681679        0.71269015306166        1.64015536477983
H           -0.18472525022929       -0.61819846348488        2.83166054986254
H           -4.37516665625612        1.93603682863480        1.30489591889885
H           -3.44125053792525        3.03585706549014        0.25356962781015
H           -5.87504296842520        3.57815085929388        0.16772935038006
H           -5.30924685619707        3.01336301544571       -1.41126739092420
H           -6.23741450590532        1.92905171106562       -0.36286595907971
H           -2.31986600658561       -2.42494967002449       -1.82809633673389
H           -3.46322160926365       -1.71304579490215       -0.65772069375058
H           -4.61265147130746       -2.32962971759274       -2.78752296218232
H           -4.67142572468374       -0.57906860193449       -2.52231469564548
H           -3.52823818518822       -1.26018090590827       -3.69042199823458
41
 energy: -65.054820650129 gnorm: 0.010865582673 xtb: 6.7.1 (edcfbbe)
C            1.55145544800640       -0.47403346020966       -2.80009761773952
C            2.58292008728876        0.18279965783218       -1.90595336755367
O            3.01649064458611       -0.71862460139851       -0.87135512638339
P            2.53351220211557       -0.56641422873398        0.64263570254963
S            2.67644208408457        1.24267034218253        1.39643767568507
O            3.41857386421126       -1.68559847499017        1.34355436012610
C            4.73504256116673       -1.40894916589224        1.88137096027794
C            5.75829482325544       -1.10841400912857        0.80709003260644
S            0.63064006239548       -1.46819312166428        0.69037606314096
C           -0.29070707129370       -0.30712028081694        1.77291819213777
S           -2.06298551280128       -0.38317195333138        1.45772383425891
P           -2.14996900942745        0.65001280862041       -0.41149695751049
S           -0.80162924291833        2.04602660806582       -0.65877725620232
O           -3.67734404149974        1.10989773452286       -0.47595263704895
C           -4.18059262113222        2.24119307360362        0.26904473606498
C           -5.46921098524385        2.70848409596849       -0.38078004197132
O           -2.08640377411189       -0.44298973497007       -1.55059604545992
C           -2.97777124184213       -1.58745507361935       -1.61505257959697
C           -4.00436443664230       -1.41319286407327       -2.71540025718209
H            1.29504122424880        0.21079797910583       -3.60029488444158
H            1.95101347068041       -1.39196399498857       -3.21781997073324
H            0.64899394735824       -0.70517312087317       -2.23986119093109
H            2.18387872275354        1.09172614285054       -1.44365509385512
H            3.48917774160048        0.42586279473627       -2.46282364646641
H            4.64970695633588       -0.56808622053919        2.57555033979348
H            4.98296280272302       -2.32308097749299        2.42318948535724
H            6.73396292073280       -0.99645130268099        1.26865165723197
H            5.79394421190095       -1.91288428643252        0.07939847008918
H            5.50276821228070       -0.18311782680545        0.29555186761006
H            0.07732126034844        0.70611509991235        1.60246343572726
H           -0.16806401008554       -0.61111775605302        2.80728299099196
H           -4.35189183601688        1.91809547272166        1.29830738231299
H           -3.41964677679241        3.02711972776015        0.25654369284096
H           -5.85430485711510        3.56092712960026        0.16706183715200
H           -5.28857229231988        3.00054447341487       -1.40978606603196
H           -6.20649480670474        1.91303254702047       -0.36551641889648
H           -2.31888454917712       -2.43407003252848       -1.81658941133854
H           -3.45787048775301       -1.71094559561863       -0.64175154403525
H           -4.60658435987937       -2.31325658714733       -2.77699052663410
H           -4.64754272899671       -0.56495102577896       -2.50316276251772
H           -3.51135985334899       -1.24716211120401       -3.66750023806386
41
 energy: -65.055334033024 gnorm: 0.007044185582 xtb: 6.7.1 (edcfbbe)
C            1.54467689847257       -0.46823724407332       -2.79965510367481
C            2.57892365552179        0.19543000322585       -1.91015109063687
O            3.00883783521988       -0.69637519975235       -0.87302987808305
P            2.51587997303228       -0.55618520799707        0.63477205800022
S            2.65066373000482        1.25206163764397        1.39391255114629
O            3.39268981368660       -1.67171772009583        1.33872877772563
C            4.70397211455578       -1.40706879222484        1.88139119215835
C            5.73248628833533       -1.11302118195047        0.80727958369489
S            0.61798305628591       -1.47843248605104        0.67117294144376
C           -0.28164171478848       -0.31143449370748        1.76639594093484
S           -2.05087550336538       -0.37972086627980        1.46279786972537
P           -2.13520618253999        0.64359996260243       -0.41516482328822
S           -0.77669688758911        2.02929942027304       -0.66272320059631
O           -3.65396407336788        1.11321271431766       -0.48633160161516
C           -4.15956877681379        2.23249823850626        0.26610591588728
C           -5.45131096020934        2.69762584975080       -0.38293317409409
O           -2.06894363291279       -0.45917968169067       -1.53609699704551
C           -2.96835601454888       -1.59364810678903       -1.60115110592131
C           -3.99405666551145       -1.40444430039380       -2.70237104823662
H            1.29067516205295        0.20867533778296       -3.60712574603205
H            1.94422142121940       -1.39206191097251       -3.20553674547206
H            0.64211647371888       -0.69109797294741       -2.23519187104045
H            2.18069293927530        1.11132230713891       -1.45925120271753
H            3.48265930263804        0.43475116510944       -2.47348237549572
H            4.62661073852704       -0.56368040288806        2.57405085023271
H            4.94631136605846       -2.32071304079246        2.42633566658644
H            6.70868309041404       -1.00715852727931        1.26804479981631
H            5.76066216678426       -1.91757611687345        0.07877212516540
H            5.48022478367046       -0.18547037631584        0.29738601222339
H            0.08727606419589        0.70034094673816        1.58302247359746
H           -0.14409434187224       -0.60699370802139        2.80229712578156
H           -4.33206305237181        1.90488794348818        1.29423429090494
H           -3.40482736748299        3.02545747419125        0.26136345667117
H           -5.83782724787882        3.54677654586209        0.16859464335737
H           -5.26971575737185        2.99284762988568       -1.41131457553642
H           -6.18436221790498        1.89768089770223       -0.36920783217782
H           -2.32060029558505       -2.44810146973855       -1.80599320257973
H           -3.45275282841423       -1.71811694637596       -0.62980530981323
H           -4.60349439930556       -2.29900301090935       -2.76876591108803
H           -4.62927404629902       -0.55086122726321       -2.48503279225433
H           -3.49666615456514       -1.23728020188921       -3.65240361229311
41
 energy: -65.055542292837 gnorm: 0.006337617338 xtb: 6.7.1 (edcfbbe)
C            1.53796446279643       -0.46270118284672       -2.80206790216570
C            2.57601761303925        0.20638347688318       -1.91979457855455
O            3.00721279560633       -0.68014510869555       -0.87911900372510
P            2.50626404004532       -0.54930127993950        0.62483519854485
S            2.62691314787513        1.25524597377863        1.39345697158985
O            3.37448278439537       -1.66399988627838        1.33351514536347
C            4.68340030092272       -1.40583754324110        1.88210514190693
C            5.71390978172168       -1.11654940375637        0.80765441795513
S            0.60716960281085       -1.46884721246673        0.65829850317069
C           -0.29241634521421       -0.31161110944341        1.76424217001017
S           -2.06426541781461       -0.37139388582209        1.47764210709766
P           -2.11707815144347        0.63566215228557       -0.41437837477897
S           -0.75136727869651        2.01269345136850       -0.66990123129599
O           -3.63019296814706        1.11296066996504       -0.49476977868367
C           -4.14043782076530        2.22502334243546        0.26464022524446
C           -5.43398025651258        2.68667149096874       -0.38354317147329
O           -2.04874747891507       -0.47492286594700       -1.52317158005615
C           -2.96001315243640       -1.60049976134891       -1.59109802817878
C           -3.98421333610824       -1.39559477345712       -2.69154335715008
H            1.28528245242724        0.20717746758332       -3.61723694916682
H            1.93430074116809       -1.39254334429091       -3.20000879374716
H            0.63441913795950       -0.67666275234808       -2.23391090768032
H            2.17989034661994        1.12730725497120       -1.47607629238022
H            3.47802603894599        0.44301074972530       -2.48803640748025
H            4.60973060667743       -0.56201533522181        2.57537043637121
H            4.92153677982201       -2.31894000814419        2.42960764111178
H            6.69165723284851       -1.01649936721492        1.26850611324053
H            5.73729391100852       -1.92158670488279        0.07815262602998
H            5.46705089958770       -0.18624754285964        0.29826946969060
H            0.08036559116995        0.69965402124754        1.58036405582171
H           -0.13722005097133       -0.60762505362744        2.79918362527393
H           -4.31197457992961        1.89207096387196        1.29173492768005
H           -3.39101996599333        3.02372991206247        0.26638652816489
H           -5.82401190976616        3.53362876657980        0.17112467338741
H           -5.25247965944679        2.98669758865257       -1.41165224240958
H           -6.16527553615839        1.88386749944422       -0.37231203935833
H           -2.32239115510844       -2.46220283028726       -1.79828189289170
H           -3.44580303785186       -1.72657421833410       -0.62025407332896
H           -4.60263135980302       -2.28489043318535       -2.76355444476204
H           -4.61278211095752       -0.53734505789959       -2.46896242931646
H           -3.48463794243707       -1.22836023933806       -3.64147742371031
41
 energy: -65.055635433884 gnorm: 0.003792983859 xtb: 6.7.1 (edcfbbe)
C            1.53264214628437       -0.45906356756733       -2.80478792181139
C            2.57176633161664        0.21162140941204       -1.92622626614597
O            3.00281169875071       -0.67285704914537       -0.88047766230388
P            2.49907777934947       -0.54217720592486        0.62230105841703
S            2.62347407923877        1.25990680753825        1.39371065488559
O            3.36256031406411       -1.65903666580242        1.33304910788288
C            4.67387517728111       -1.40426343362361        1.88204791736739
C            5.70506767989131       -1.11843682218079        0.80807755046076
S            0.60039798833084       -1.46448984708690        0.64998397455316
C           -0.29004807823377       -0.31327543345890        1.77122175025004
S           -2.06128515387714       -0.36222101188047        1.48062122575484
P           -2.11022208078385        0.63248011224766       -0.41673538505622
S           -0.73677458481134        2.00073039312643       -0.67049939542087
O           -3.62120305821857        1.11438510103097       -0.50550758038001
C           -4.13284398926296        2.22262368603743        0.26194703726872
C           -5.42680676041657        2.68270411578053       -0.38374095315336
O           -2.03840572064739       -0.48430205414208       -1.51902917009172
C           -2.95675791740517       -1.60601071188339       -1.58786391655047
C           -3.97967467266711       -1.39141906455151       -2.68636745861282
H            1.28240615606567        0.20711492158093       -3.62471119042590
H            1.92541898107509       -1.39256059536273       -3.19901526864859
H            0.62722673478229       -0.66646673458316       -2.23659174024123
H            2.17844483495893        1.13500003668043       -1.48536930862275
H            3.47477906578973        0.44424462007311       -2.49490193593180
H            4.60137093470927       -0.56117505525522        2.57654402668193
H            4.90898469911735       -2.31779974988055        2.43019451650887
H            6.68386539578625       -1.02280334185025        1.26955995780857
H            5.72658099961203       -1.92362778715760        0.07805063948904
H            5.46383809041390       -0.18628871791368        0.29849897742762
H            0.08468925764522        0.69903029982429        1.59541950111009
H           -0.13438654967211       -0.61727521562872        2.80382518553145
H           -4.30080445470672        1.88333559359356        1.28787180915486
H           -3.38484980886127        3.02253536915017        0.26660249106569
H           -5.81884886706331        3.52805731210594        0.17346571753624
H           -5.24631695547862        2.98669586608642       -1.41142991942902
H           -6.15765254824343        1.87890595658003       -0.37458283967614
H           -2.32332196208261       -2.47040389054586       -1.79633910236165
H           -3.44087837863455       -1.73168977896907       -0.61590283428062
H           -4.60357777265884       -2.27746464145445       -2.76137979964029
H           -4.60445000893062       -0.53083497747242       -2.46063060753545
H           -3.48022026913600       -1.22454036658040       -3.63696376747380
41
 energy: -65.055682664280 gnorm: 0.001941078534 xtb: 6.7.1 (edcfbbe)
C            1.52794183742925       -0.45579664988872       -2.80808489216637
C            2.56782756985615        0.21445952825548       -1.93208361601408
O            2.99888618540091       -0.66931363658265       -0.88257042266085
P            2.49461757612064       -0.53657597308513        0.62005093770511
S            2.62504164804537        1.26447050772068        1.39343078028290
O            3.35512014939845       -1.65601650663749        1.33233881629939
C            4.66888566707867       -1.40275866000745        1.88106975783038
C            5.70044523309225       -1.11948384533063        0.80830860994411
S            0.59475642810174       -1.45694545730096        0.64597555403069
C           -0.29255209825834       -0.31394747444481        1.77817649690776
S           -2.06388497965106       -0.35640643643025        1.48334212368546
P           -2.10311748522682        0.63062949225080       -0.41719129970160
S           -0.72583605846170        1.99467990839541       -0.67493552107024
O           -3.61317652935983        1.11516850090804       -0.51441715329180
C           -4.12680047382511        2.22098858257992        0.25891183017615
C           -5.42170262573090        2.67998930809082       -0.38301780464551
O           -2.02925543409556       -0.49182259447235       -1.51486810639458
C           -2.95420885585904       -1.60996076565394       -1.58563111997250
C           -3.97655307553378       -1.38863881573903       -2.68163988195526
H            1.28090467565377        0.20824587338881       -3.63083783817769
H            1.91700876607028       -1.39195340084466       -3.19944809485169
H            0.62067800683158       -0.65750563799166       -2.24108278278269
H            2.17727215970123        1.13865252343093       -1.49145554422673
H            3.47237063519341        0.44260750493365       -2.49990210476154
H            4.59563323718795       -0.56015303848395        2.57595335973926
H            4.90104503749376       -2.31720121420876        2.42902724068904
H            6.67941611524782       -1.02740918635816        1.27068005731369
H            5.72065313767854       -1.92432143194041        0.07792453792730
H            5.46360538583800       -0.18627302228424        0.29870965947292
H            0.08584596842106        0.69934790026051        1.61524606838354
H           -0.14135452210097       -0.63093803761749        2.80714065539405
H           -4.29040862192967        1.87602250469785        1.28355992413271
H           -3.37949777918645        3.02103334328305        0.26435310343370
H           -5.81497229392408        3.52366172435996        0.17616543099728
H           -5.24340116867379        2.98711181674616       -1.41017899226574
H           -6.15191146388581        1.87566873172853       -0.37524507802240
H           -2.32334101672764       -2.47543986877077       -1.79647688043568
H           -3.43587090119082       -1.73492684454124       -0.61235150322080
H           -4.60440289812997       -2.27181223660632       -2.75869679025042
H           -4.59787964432788       -0.52639430318089       -2.45363532454495
H           -3.47787874079043       -1.22185483168219       -3.63267511757164
41
 energy: -65.055695679941 gnorm: 0.001675563933 xtb: 6.7.1 (edcfbbe)
C            1.52430324904894       -0.45305531874738       -2.81099088337510
C            2.56523435643983        0.21533083622987       -1.93588614021703
O            2.99565288062677       -0.66888866048755       -0.88537883809087
P            2.49228237229998       -0.53433072613541        0.61755564158952
S            2.62442960451867        1.26677673983887        1.39170668653197
O            3.35243314120820       -1.65515194086049        1.33035478890360
C            4.66672717028035       -1.40162910000281        1.87940372047777
C            5.69867962513556       -1.11976932971642        0.80773174724086
S            0.59173003215089       -1.44995859021033        0.64659443224481
C           -0.29453385800299       -0.31507768317877        1.78610166283436
S           -2.06592269016485       -0.34815821046270        1.48613946688450
P           -2.09901331600710        0.62966004275901       -0.41832039535169
S           -0.71907173700199        1.99172039790229       -0.67560495717701
O           -3.60817109490494        1.11655161309481       -0.52279327410879
C           -4.12225824971257        2.22025536235588        0.25479656427030
C           -5.41924202376135        2.67885821078572       -0.38225100840615
O           -2.02374791800743       -0.49707684245707       -1.51263195008242
C           -2.95214853693979       -1.61250785757711       -1.58450594185601
C           -3.97567757401108       -1.38727699485040       -2.67771799570682
H            1.28098299489734        0.20998878052029       -3.63515161747871
H            1.91026657353323       -1.39129488674159       -3.19924345363424
H            0.61559783520781       -0.65011621664821       -2.24532315567753
H            2.17672711083181        1.13963905421620       -1.49448953796307
H            3.47074593888351        0.43973577082665       -2.50303601342480
H            4.59221384703808       -0.55868701158358        2.57342397615795
H            4.89683950368326       -2.31677853794735        2.42695276921502
H            6.67710873381290       -1.03000120637824        1.27073846004927
H            5.71752177943656       -1.92393304983637        0.07707205207358
H            5.46378651028231       -0.18626547651608        0.29850347032722
H            0.08925067639749        0.69790882378963        1.63490402805256
H           -0.15018487478320       -0.64478279953058        2.81182989286725
H           -4.28199741198455        1.87130502485310        1.27832885558372
H           -3.37545891206852        3.02042041947239        0.25960578174463
H           -5.81207538832456        3.52056055951989        0.17932301212233
H           -5.24412419176878        2.98796434365408       -1.40898751174657
H           -6.14795292276126        1.87365281298582       -0.37444064137233
H           -2.32240080199448       -2.47777968045066       -1.79868756864630
H           -3.43112033604744       -1.73677998164707       -0.60998054312582
H           -4.60559808344943       -2.26832968208903       -2.75499019601724
H           -4.59373853550355       -0.52368383292063       -2.44778658339490
H           -3.47812672554226       -1.22012729488225       -3.62892972695727
41
 energy: -65.055699869738 gnorm: 0.000723887386 xtb: 6.7.1 (edcfbbe)
C            1.52399550914406       -0.45296306210656       -2.81083553632706
C            2.56515211011715        0.21461266003671       -1.93468128273326
O            2.99382386021627       -0.67002107235633       -0.88471808786159
P            2.49129920462689       -0.53450886105813        0.61835883073702
S            2.62629232604549        1.26710972294687        1.39046283383776
O            3.35287855479186       -1.65502046282433        1.33013972884165
C            4.66675553144866       -1.40134907047312        1.87876531123358
C            5.69899164403277       -1.11946623572673        0.80679812067553
S            0.59122182687037       -1.45273931908039        0.64669095163250
C           -0.29471354904222       -0.31645173139126        1.78454100167452
S           -2.06669319776731       -0.34930448432931        1.48574407768939
P           -2.09811479799627        0.63054424295880       -0.41783523032530
S           -0.71978471436077        1.99392611887610       -0.67719319101130
O           -3.60730806193799        1.11683721751463       -0.52221009197784
C           -4.12136456914658        2.22061844091767        0.25422641809557
C           -5.41947460947695        2.67868813967310       -0.38203505074295
O           -2.02365306242874       -0.49631635311185       -1.51197554561110
C           -2.95147991125292       -1.61165232186536       -1.58375213000913
C           -3.97620289285122       -1.38718613053732       -2.67667991412552
H            1.28197876344978        0.21008725034823       -3.63528926393734
H            1.90965190337899       -1.39170988736916       -3.19811650219174
H            0.61489508144412       -0.64912918364827       -2.24544463140821
H            2.17683358405714        1.13931362625507       -1.49369487528117
H            3.47064296694391        0.43876630070064       -2.50193597007908
H            4.59290848084878       -0.55798148007758        2.57228496414358
H            4.89744384920815       -2.31614514890724        2.42658328633312
H            6.67742456264430       -1.02966802390207        1.26951613087126
H            5.71746013887851       -1.92359197091046        0.07610002719720
H            5.46363042670054       -0.18599897529781        0.29773399804328
H            0.08987166149808        0.69615232146720        1.63404216995500
H           -0.15171989902703       -0.64591278660116        2.81055646129698
H           -4.28079281054927        1.87295935763179        1.27811976919463
H           -3.37515985826472        3.02146896641300        0.25795226856316
H           -5.81181154936847        3.52014249539368        0.18002580136974
H           -5.24556468568329        2.98763815049540       -1.40897922344823
H           -6.14762245492821        1.87301690781464       -0.37324650492876
H           -2.32192199631228       -2.47689593307633       -1.79886688726160
H           -3.43049597955132       -1.73688222541856       -0.60942708499838
H           -4.60589882057291       -2.26837504482692       -2.75301861533974
H           -4.59414185744984       -0.52358314763988       -2.44654940113317
H           -3.47928395540606       -1.22014112596095       -3.62821805529247
41
 energy: -65.055701666625 gnorm: 0.000449193936 xtb: 6.7.1 (edcfbbe)
C            1.52387304911016       -0.45301888956399       -2.81100827981652
C            2.56561496652320        0.21386133208330       -1.93434017337183
O            2.99350117205212       -0.67137347383283       -0.88537028757688
P            2.49148446074625       -0.53585778405981        0.61790906593792
S            2.62348106147603        1.26586388538603        1.39005542092846
O            3.35421619139945       -1.65588179832907        1.32913562234657
C            4.66722644304284       -1.40138516946610        1.87813111594706
C            5.69937754216036       -1.11920938198736        0.80562164305654
S            0.59149093738734       -1.45415826476790        0.64828833817592
C           -0.29437731153823       -0.31742832539724        1.78530354644964
S           -2.06637644537092       -0.34898160101786        1.48532387602843
P           -2.09846654258767        0.63122410896142       -0.41802796406513
S           -0.71957388990634        1.99408798318707       -0.67606764967309
O           -3.60755298687813        1.11766656497254       -0.52222623407167
C           -4.12096018195004        2.22146383560785        0.25373580687019
C           -5.42003275995876        2.67877702992470       -0.38178911568072
O           -2.02418866254214       -0.49546767261695       -1.51220506703615
C           -2.95100130285230       -1.61106628775476       -1.58339834881884
C           -3.97693455733878       -1.38703287413259       -2.67582026790521
H            1.28277860262459        0.20995238381607       -3.63582090901820
H            1.90897637715287       -1.39228839769739       -3.19768542601842
H            0.61442774000795       -0.64822121706884       -2.24565474402127
H            2.17742966656210        1.13874524594940       -1.49338051641154
H            3.47088752809242        0.43848225438229       -2.50183741104522
H            4.59351936570388       -0.55762039217351        2.57123045417170
H            4.89883976523975       -2.31557591317550        2.42653445205151
H            6.67793732398595       -1.02911615684654        1.26807764571680
H            5.71777881085352       -1.92342990473041        0.07493031792884
H            5.46351500070260       -0.18574280154095        0.29660653058666
H            0.09046120681353        0.69488843152996        1.63397336786560
H           -0.15174262280405       -0.64593088005278        2.81182522307462
H           -4.27984830539630        1.87505923348731        1.27821171178911
H           -3.37529382517885        3.02296107684833        0.25638753542117
H           -5.81208648507431        3.52010146090861        0.18076084107611
H           -5.24715558382158        2.98763388104303       -1.40899387295511
H           -6.14768609600344        1.87257344637416       -0.37205154675911
H           -2.32153254426962       -2.47627046545505       -1.79910611560524
H           -3.42983442411479       -1.73720275597844       -0.60906415192416
H           -4.60651247303329       -2.26848591690081       -2.75104948986465
H           -4.59486922822145       -0.52342917729269       -2.44528961831178
H           -3.48084222982439       -1.22027877167625       -3.62791625011164
41
 energy: -65.055702362374 gnorm: 0.000260938971 xtb: 6.7.1 (edcfbbe)
C            1.52323204372022       -0.45282757810030       -2.81155689347823
C            2.56512668695336        0.21351229776082       -1.93480012142847
O            2.99252982286469       -0.67195492126766       -0.88566096901991
P            2.49096044909578       -0.53589252982705        0.61782241689826
S            2.62403428456560        1.26579191641887        1.38962997618624
O            3.35405019428877       -1.65601963146266        1.32879426760433
C            4.66722259717732       -1.40111429263537        1.87740764769254
C            5.69927091621723       -1.11913057078514        0.80480197807536
S            0.59112822614383       -1.45448115331137        0.64851081115427
C           -0.29450440612138       -0.31798917425003        1.78599624597875
S           -2.06673219454890       -0.34840973458505        1.48587295114858
P           -2.09792272421164        0.63107675094877       -0.41785645773545
S           -0.71833270017083        1.99320395763499       -0.67557885585653
O           -3.60690474662973        1.11816465408890       -0.52266193690765
C           -4.12017559419489        2.22205523043817        0.25346871731050
C           -5.41982954487488        2.67861406508517       -0.38117844662550
O           -2.02364130945992       -0.49565767436375       -1.51213575611827
C           -2.95062784194458       -1.61112054481027       -1.58323197478646
C           -3.97722479546524       -1.38669088596528       -2.67481760858997
H            1.28309322755494        0.20990367786499       -3.63687170554368
H            1.90757353030618       -1.39264606551134       -3.19768886834183
H            0.61332160912052       -0.64683674909224       -2.24656523533953
H            2.17736284362211        1.13855336913228       -1.49383436747144
H            3.47064344617749        0.43774395648689       -2.50213974981530
H            4.59340706684106       -0.55721761994110        2.57036920497647
H            4.89913343525476       -2.31507432498678        2.42612139124570
H            6.67797110318600       -1.02912746628119        1.26713313778234
H            5.71757102541520       -1.92342056907868        0.07417414420307
H            5.46358447768679       -0.18564557625659        0.29572807565377
H            0.09065752864769        0.69444087772578        1.63550736842543
H           -0.15234446643382       -0.64719879637151        2.81242777453358
H           -4.27800551074000        1.87589206851982        1.27826010450414
H           -3.37481438900030        3.02380307771555        0.25527878045625
H           -5.81207703226936        3.51983363703339        0.18149981577980
H           -5.24778208986901        2.98756039385222       -1.40850879682712
H           -6.14717164270057        1.87212497854726       -0.37099539329158
H           -2.32128467160799       -2.47625612817271       -1.79950781182206
H           -3.42874369731192       -1.73755081509027       -0.60853256320259
H           -4.60713085824313       -2.26801752797047       -2.74957023305142
H           -4.59480800677930       -0.52295610278119       -2.44382424737469
H           -3.48186753929051       -1.22015059540945       -3.62734774162132
41
 energy: -65.055702798915 gnorm: 0.000233110509 xtb: 6.7.1 (edcfbbe)
C            1.52255103535777       -0.45281415560981       -2.81214505897255
C            2.56460688012977        0.21303182245365       -1.93538034400656
O            2.99172550277831       -0.67263154943226       -0.88619437201860
P            2.49071732748588       -0.53630284192822        0.61754240900559
S            2.62419736546098        1.26541127820316        1.38922951792570
O            3.35419905961015       -1.65636916287249        1.32828911729165
C            4.66744425582050       -1.40085576743964        1.87649380916438
C            5.69917228142156       -1.11903663250067        0.80364937196117
S            0.59093854610182       -1.45490068015933        0.64905307258410
C           -0.29473343285259       -0.31839840265441        1.78648749802762
S           -2.06682771183862       -0.34901038889413        1.48568066558524
P           -2.09729263127468        0.63112163762056       -0.41751973079248
S           -0.71716678345035        1.99270791403011       -0.67546444964713
O           -3.60614296209195        1.11882378740063       -0.52244697484327
C           -4.11925830082611        2.22294809874456        0.25356785313467
C           -5.41959519305686        2.67843839799786       -0.38019237300259
O           -2.02328834772011       -0.49560311283979       -1.51191051559024
C           -2.95039869565361       -1.61104053274759       -1.58282908405875
C           -3.97773379748786       -1.38634185091671       -2.67350739059350
H            1.28338913615677        0.20968551855346       -3.63791590753581
H            1.90614559509667       -1.39316209778336       -3.19769364740239
H            0.61220965523896       -0.64565822849257       -2.24751455162794
H            2.17724815553030        1.13817725630136       -1.49431017943126
H            3.47032277800256        0.43688701422247       -2.50258743648049
H            4.59339592315009       -0.55672445255528        2.56918263495750
H            4.89971537510661       -2.31455109863526        2.42555858397499
H            6.67795895724548       -1.02892779047511        1.26578555105650
H            5.71739860339756       -1.92346213308567        0.07319071291598
H            5.46344814185324       -0.18566018350602        0.29443522204180
H            0.09052940698358        0.69405305461200        1.63611488811298
H           -0.15290081392508       -0.64773629511915        2.81287325945620
H           -4.27581001021574        1.87729319035728        1.27876792094467
H           -3.37421423463860        3.02496336171328        0.25416671017581
H           -5.81205518418960        3.51962795242534        0.18239641379966
H           -5.24848967830605        2.98719843048936       -1.40773351313683
H           -6.14648869448426        1.87156887933237       -0.36928195842032
H           -2.32115018426368       -2.47606845917489       -1.79982394574189
H           -3.42774203072306       -1.73783949365333       -0.60776008336512
H           -4.60795274752508       -2.26750575329376       -2.74775956105200
H           -4.59492250766576       -0.52247716791114       -2.44206586706825
H           -3.48320128676713       -1.21997148183041       -3.62648919196797
41
 energy: -65.055702750525 gnorm: 0.000398477409 xtb: 6.7.1 (edcfbbe)
C            1.52185143435770       -0.45280469258029       -2.81274686015794
C            2.56407419966763        0.21253832510866       -1.93597608507746
O            2.99090281870606       -0.67332503174241       -0.88674276242222
P            2.49047007695542       -0.53672444358015        0.61725290856371
S            2.62436242256229        1.26502101612196        1.38881466073106
O            3.35435296471898       -1.65672712404873        1.32776942156928
C            4.66767333140110       -1.40059151956552        1.87555496061906
C            5.69907259865137       -1.11894131138263        0.80246393497060
S            0.59074816092158       -1.45533504274642        0.64960312513777
C           -0.29495889017234       -0.31881633671283        1.78698576841674
S           -2.06692011647603       -0.34960884944577        1.48549845625669
P           -2.09665153888204        0.63116557524196       -0.41717596097775
S           -0.71597770832196        1.99220022503242       -0.67533628381641
O           -3.60536523139120        1.11949925057197       -0.52222448815128
C           -4.11831744986348        2.22386321872781        0.25367329282999
C           -5.41935541509343        2.67826082114479       -0.37917664780247
O           -2.02293312440725       -0.49554651672589       -1.51168282222084
C           -2.95016819822435       -1.61095911271539       -1.58241596675510
C           -3.97826146909999       -1.38598378223236       -2.67216450733002
H            1.28368766573645        0.20945674345471       -3.63898516002909
H            1.90468299620694       -1.39369496580670       -3.19769614741461
H            0.61107011988809       -0.64445752974876       -2.24848361430654
H            2.17712947893696        1.13779081142401       -1.49479975824239
H            3.46999163696929        0.43600826232525       -2.50305016555146
H            4.59338936123833       -0.55621901339339        2.56796299445507
H            4.90031349204492       -2.31401532454051        2.42497876669803
H            6.67794848270597       -1.02872279403110        1.26439828964163
H            5.71722153263862       -1.92350648761272        0.07217904250524
H            5.46330645210645       -0.18567697527856        0.29310536664477
H            0.09040986280586        0.69365413875152        1.63672799941537
H           -0.15345431424363       -0.64828198265621        2.81332525222043
H           -4.27356144099976        1.87872898625227        1.27929088058738
H           -3.37359771371629        3.02615275819572        0.25303151436785
H           -5.81202959117520        3.51941957030094        0.18332249717690
H           -5.24921671422194        2.98682807734377       -1.40693473614092
H           -6.14578819131048        1.87100042017856       -0.36751778984636
H           -2.32101593836378       -2.47587602271546       -1.80014780966147
H           -3.42671885816805       -1.73813398222698       -0.60696811012418
H           -4.60880115879085       -2.26698026851834       -2.74590336297471
H           -4.59504452922575       -0.52198471094888       -2.44026249327344
H           -3.48457274410025       -1.21978649827390       -3.62560852517075
41
 energy: -65.055703112427 gnorm: 0.000231534991 xtb: 6.7.1 (edcfbbe)
C            1.52188863321901       -0.45306163486310       -2.81259629447231
C            2.56415148001964        0.21248668791810       -1.93591638140596
O            2.99110616108781       -0.67325346177514       -0.88673564625404
P            2.49063211150049       -0.53684070001681        0.61720079424841
S            2.62438203206066        1.26497467249452        1.38867428886231
O            3.35447108288333       -1.65670538796283        1.32775482514114
C            4.66778774907564       -1.40065009566958        1.87550741277025
C            5.69916257561407       -1.11897902223483        0.80233529960720
S            0.59105309618061       -1.45573438492227        0.64934723326267
C           -0.29451297655755       -0.31869498510160        1.78645605318089
S           -2.06660439380466       -0.34912078951939        1.48615151868092
P           -2.09700384915410        0.63102079488921       -0.41716721113831
S           -0.71645690467608        1.99228168122928       -0.67482697039602
O           -3.60562876839565        1.11946031197430       -0.52183381606340
C           -4.11839138093275        2.22389903330488        0.25396676131897
C           -5.41942340614487        2.67841339667347       -0.37894943150517
O           -2.02341623759033       -0.49539307862140       -1.51187022492749
C           -2.95043254732868       -1.61093594843131       -1.58248382367352
C           -3.97857365545545       -1.38603957050298       -2.67228982759191
H            1.28345146452405        0.20918087594670       -3.63876540885691
H            1.90493618293612       -1.39385800034774       -3.19755613602211
H            0.61125947237484       -0.64500223677779       -2.24816067099194
H            2.17709051363881        1.13773360133759       -1.49479815831357
H            3.46992859382084        0.43604536733209       -2.50314491436290
H            4.59366055639705       -0.55624720358783        2.56787116681800
H            4.90043835463584       -2.31407180689031        2.42488902706288
H            6.67806018606581       -1.02861019354448        1.26414452547102
H            5.71725039771336       -1.92359366411871        0.07209506739000
H            5.46313843551011       -0.18579641860317        0.29293449631146
H            0.09079016885238        0.69364395856718        1.63559601251805
H           -0.15244623625328       -0.64760231029743        2.81289020127802
H           -4.27383382188576        1.87888431458837        1.27955706592499
H           -3.37359964578996        3.02615949162156        0.25334392845141
H           -5.81195778048661        3.51963712698461        0.18350785857623
H           -5.24924660676996        2.98676446078563       -1.40676079225682
H           -6.14582405116020        1.87113265574596       -0.36713165825290
H           -2.32116662538615       -2.47577862385578       -1.80017406885358
H           -3.42698628211657       -1.73803467698422       -0.60705750536265
H           -4.60902891191463       -2.26705830493403       -2.74604685831020
H           -4.59536920721776       -0.52203897381251       -2.44035598997041
H           -3.48478720611747       -1.21972907707176       -3.62566267253251
41
 energy: -65.055703357563 gnorm: 0.000161247290 xtb: 6.7.1 (edcfbbe)
C            1.52183247851498       -0.45353080559033       -2.81251078249645
C            2.56422618502623        0.21233926412903       -1.93610004900755
O            2.99151654020110       -0.67325626565354       -0.88696247023277
P            2.49098898399318       -0.53696552129576        0.61690101448794
S            2.62459500328619        1.26487959101093        1.38823761811807
O            3.35474581180166       -1.65669582018530        1.32758390124289
C            4.66813844214249       -1.40074661929277        1.87530300209425
C            5.69940702982795       -1.11907081501502        0.80195331058827
S            0.59140565129970       -1.45583179264128        0.64905679406141
C           -0.29406564744616       -0.31851148941616        1.78606813377279
S           -2.06613938837555       -0.34908786225273        1.48622659987165
P           -2.09734798855153        0.63119257883770       -0.41704514934779
S           -0.71705790716821        1.99265519483432       -0.67485139321770
O           -3.60595440543538        1.11946052049707       -0.52126194090331
C           -4.11849826021407        2.22397473242512        0.25453215182163
C           -5.41953253043882        2.67869175929932       -0.37840454901994
O           -2.02396938291850       -0.49515945504351       -1.51177403287720
C           -2.95088709494977       -1.61083864161041       -1.58228339281338
C           -3.97900431310674       -1.38600602866150       -2.67223890687489
H            1.28290856278039        0.20865618754379       -3.63859405199504
H            1.90510327021902       -1.39421326297552       -3.19754721726108
H            0.61144614113678       -0.64580620251236       -2.24773718329743
H            2.17705280672041        1.13756526646645       -1.49502205998694
H            3.46976763500701        0.43601815202004       -2.50361021355765
H            4.59418532322398       -0.55635064400425        2.56765107918176
H            4.90077182505831       -2.31418309677604        2.42460289944028
H            6.67835562705978       -1.02852010278353        1.26361273037867
H            5.71746881295018       -1.92376297921810        0.07177303432276
H            5.46312798104099       -0.18596299836738        0.29248521383309
H            0.09115773074962        0.69374882270006        1.63466420497094
H           -0.15147511639920       -0.64706722843390        2.81259909659837
H           -4.27410034806120        1.87901050399294        1.28007499119509
H           -3.37357955131561        3.02613999928345        0.25390915860184
H           -5.81180189097739        3.52002767604044        0.18405411025154
H           -5.24938563085359        2.98683934815707       -1.40628734521760
H           -6.14600352870684        1.87147135049582       -0.36637064498583
H           -2.32156273876952       -2.47565091743427       -1.79990523853281
H           -3.42753309426695       -1.73787863336899       -0.60693521154786
H           -4.60939656382367       -2.26704501641289       -2.74606162264383
H           -4.59586308278511       -0.52203014328692       -2.44029878369659
H           -3.48509462450407       -1.21961072455466       -3.62554772995949
41
 energy: -65.055703566478 gnorm: 0.000188318323 xtb: 6.7.1 (edcfbbe)
C            1.52166617200570       -0.45408250355103       -2.81251101105761
C            2.56420334059862        0.21208953609628       -1.93645746464785
O            2.99192884259961       -0.67332562583602       -0.88734265839866
P            2.49142905227938       -0.53702032553783        0.61648354285460
S            2.62472740012326        1.26494982550658        1.38777269958823
O            3.35508466299666       -1.65667956966586        1.32730840487623
C            4.66859296105151       -1.40084664046800        1.87491164373629
C            5.69970310722522       -1.11919309734913        0.80138994307390
S            0.59171294995074       -1.45575973889786        0.64868221438832
C           -0.29361184115276       -0.31824123081538        1.78570068639583
S           -2.06571569255653       -0.34907049075821        1.48637952616404
P           -2.09757888664024        0.63135107967911       -0.41687567832334
S           -0.71745352025884        1.99293747477792       -0.67507058505793
O           -3.60621099253012        1.11943697546769       -0.52061920938182
C           -4.11852621045926        2.22403982439692        0.25521728166066
C           -5.41957189136453        2.67900245276225       -0.37760355979674
O           -2.02446719296768       -0.49499721095603       -1.51161634257464
C           -2.95141413301146       -1.61070818375677       -1.58201428997176
C           -3.97951250997408       -1.38590893542796       -2.67203150667921
H            1.28223789333076        0.20805165755771       -3.63848458023468
H            1.90509093973106       -1.39464295673341       -3.19768262647226
H            0.61154691414471       -0.64663887372678       -2.24739237311265
H            2.17700464211671        1.13730118727729       -1.49537726210749
H            3.46953465609973        0.43583116068213       -2.50424929580118
H            4.59476262300240       -0.55645905302854        2.56725924811719
H            4.90118232936435       -2.31433112045663        2.42412336394235
H            6.67868362893325       -1.02848045091798        1.26293751498196
H            5.71777060660375       -1.92396565459067        0.07129906707670
H            5.46325895332965       -0.18616043384110        0.29185372757602
H            0.09153761192934        0.69399603606355        1.63404291495416
H           -0.15075424674469       -0.64659661549149        2.81225002377481
H           -4.27414763642282        1.87907868191879        1.28073854368772
H           -3.37347635337279        3.02608378266911        0.25453884408653
H           -5.81152796854197        3.52048627766520        0.18484131670245
H           -5.24951122131880        2.98699635867347       -1.40554367151188
H           -6.14621919832584        1.87194265184084       -0.36535271852391
H           -2.32209871820077       -2.47553246500591       -1.79959329169145
H           -3.42809048138260       -1.73764852902127       -0.60668813655127
H           -4.60986231828650       -2.26696623586674       -2.74589590180617
H           -4.59641020326142       -0.52196090903896       -2.44008794089669
H           -3.48554931767049       -1.21947023134883       -3.62530132767880
41
 energy: -65.055703749996 gnorm: 0.000181309290 xtb: 6.7.1 (edcfbbe)
C            1.52145926666398       -0.45452259708431       -2.81259629876567
C            2.56411003865034        0.21184335714582       -1.93684880553176
O            2.99215404706309       -0.67339867144574       -0.88770402341252
P            2.49169836778820       -0.53699863771315        0.61611382177880
S            2.62521645469712        1.26500994268573        1.38722592661612
O            3.35531645001183       -1.65662153280428        1.32702173196243
C            4.66893354631521       -1.40088793399116        1.87445748564534
C            5.69994000580634       -1.11928612223884        0.80084412738497
S            0.59193282295176       -1.45556782679071        0.64852490724344
C           -0.29332534304347       -0.31809124981914        1.78560561110332
S           -2.06543033832900       -0.34909301475692        1.48642490679975
P           -2.09769705125026        0.63144180682791       -0.41671989831241
S           -0.71767080055320        1.99304901647772       -0.67531696314189
O           -3.60637248869335        1.11944978026408       -0.52012700889715
C           -4.11849837332049        2.22409096214999        0.25580207807161
C           -5.41953397845448        2.67927793584956       -0.37686322803478
O           -2.02478910318122       -0.49493331786697       -1.51145237582045
C           -2.95182705611634       -1.61058182244938       -1.58175795491581
C           -3.97992834583938       -1.38579037164058       -2.67175824951693
H            1.28166863330816        0.20756922785587       -3.63849571928343
H            1.90494636892072       -1.39500885888098       -3.19788481114729
H            0.61153973512258       -0.64724220946131       -2.24722614271543
H            2.17692304602885        1.13706790196117       -1.49578883695189
H            3.46931112064773        0.43559127659234       -2.50485187913072
H            4.59522333458814       -0.55652483456633        2.56684891509593
H            4.90150589241640       -2.31442053739107        2.42360235229627
H            6.67895022080024       -1.02850175816069        1.26231744243717
H            5.71799024712407       -1.92410900796357        0.07081649848719
H            5.46343336255349       -0.18630041006025        0.29126642554036
H            0.09176404939975        0.69415316003345        1.63381917416331
H           -0.15030114308112       -0.64640039409573        2.81213309465133
H           -4.27406045610214        1.87907561145488        1.28131894434044
H           -3.37333952816042        3.02602487571562        0.25509781113100
H           -5.81124474798482        3.52087320618403        0.18558757031476
H           -5.24954340129882        2.98720419438713       -1.40483061549138
H           -6.14636694524129        1.87238832900986       -0.36448893639420
H           -2.32257731363105       -2.47546238384297       -1.79930323322555
H           -3.42848014869259       -1.73741623847459       -0.60640498823380
H           -4.61026586390816       -2.26685883358123       -2.74563135665384
H           -4.59683859151639       -0.52185854379055       -2.43981366514207
H           -3.48597723948771       -1.21934559477825       -3.62502475898461
41
 energy: -65.055703925106 gnorm: 0.000154190290 xtb: 6.7.1 (edcfbbe)
C            1.52120332492544       -0.45483583494580       -2.81276781052756
C            2.56395420291578        0.21161015484162       -1.93725034415165
O            2.99217151294783       -0.67349293080053       -0.88804234199973
P            2.49182619253191       -0.53693267219816        0.61581773058750
S            2.62541348272840        1.26513262899504        1.38682640379108
O            3.35546675934449       -1.65656909402751        1.32673190586005
C            4.66915619468385       -1.40090025543631        1.87399424942142
C            5.70007585911136       -1.11935569543777        0.80031007635335
S            0.59201065512836       -1.45542507573126        0.64838704637856
C           -0.29304967761922       -0.31798276762176        1.78560103703056
S           -2.06521066332368       -0.34906030469287        1.48653409755587
P           -2.09766488538586        0.63145143903166       -0.41659373404623
S           -0.71760687178573        1.99297227698899       -0.67548275450762
O           -3.60639207956898        1.11949366403455       -0.51978295629526
C           -4.11835747230761        2.22413479410183        0.25627343202318
C           -5.41938439143636        2.67950118438867       -0.37621198991261
O           -2.02493616750655       -0.49498064559668       -1.51129823738828
C           -2.95212419853538       -1.61049197095173       -1.58149380261849
C           -3.98027952165656       -1.38565381482851       -2.67139966698978
H            1.28121526314565        0.20722401927777       -3.63864028905541
H            1.90465987572733       -1.39530700799983       -3.19813398463345
H            0.61139793474095       -0.64758945673156       -2.24723768861502
H            2.17684619722422        1.13689125611452       -1.49623948601775
H            3.46909877473822        0.43529445918773       -2.50538455381663
H            4.59555075333521       -0.55655249382527        2.56643046803587
H            4.90174054907640       -2.31445875579378        2.42311328886289
H            6.67911502506200       -1.02859104145620        1.26173707670919
H            5.71808254102441       -1.92419871491914        0.07030771070391
H            5.46359960419508       -0.18637804310333        0.29071347898155
H            0.09200229547850        0.69430069757148        1.63386297476749
H           -0.15000216901376       -0.64637003071753        2.81209695455443
H           -4.27380736649480        1.87904706565460        1.28179711631026
H           -3.37312072721888        3.02599048052628        0.25555055553656
H           -5.81091365218186        3.52116674478265        0.18627424470536
H           -5.24947548993275        2.98742515571984       -1.40419526653112
H           -6.14637581952465        1.87275211922657       -0.36377117748550
H           -2.32301132880365       -2.47547716427418       -1.79903917614028
H           -3.42870247146427       -1.73723906772281       -0.60607828468476
H           -4.61065458026666       -2.26670906761683       -2.74523533188536
H           -4.59715801588803       -0.52170909628924       -2.43942790776104
H           -3.48641069517774       -1.21923925677872       -3.62471398774567
41
 energy: -65.055704100888 gnorm: 0.000146258039 xtb: 6.7.1 (edcfbbe)
C            1.52090606497093       -0.45507360179481       -2.81301536554470
C            2.56377880822254        0.21140174232091       -1.93768601313427
O            2.99206158685241       -0.67359951367745       -0.88841676052372
P            2.49185671391993       -0.53686880971154        0.61550194350491
S            2.62574753016479        1.26520560849549        1.38636448655608
O            3.35556669202410       -1.65651760195269        1.32637985292799
C            4.66929916957487       -1.40087971443321        1.87350278867368
C            5.70015443424898       -1.11939713251453        0.79974700431114
S            0.59207015064638       -1.45534612559644        0.64838423370792
C           -0.29287708814912       -0.31802213075603        1.78571517708875
S           -2.06510130107497       -0.34894933064929        1.48672195120940
P           -2.09754500501688        0.63141984904290       -0.41646262797748
S           -0.71744727273798        1.99283876539652       -0.67561858107274
O           -3.60629821342484        1.11957375534610       -0.51952540411464
C           -4.11808919815802        2.22419217179619        0.25667714797303
C           -5.41915178436469        2.67970708728782       -0.37559192457952
O           -2.02501227080758       -0.49507989038677       -1.51112356148480
C           -2.95236305702350       -1.61043463210099       -1.58118464242719
C           -3.98063702989795       -1.38549341047314       -2.67094235194371
H            1.28082202938245        0.20695039111629       -3.63889043847639
H            1.90427183707751       -1.39557479709591       -3.19840208061944
H            0.61116630280999       -0.64777233402512       -2.24736541421217
H            2.17676937411264        1.13675326315798       -1.49673460029576
H            3.46888957871696        0.43497081804593       -2.50592837100189
H            4.59579777884975       -0.55652569768151        2.56595305710191
H            4.90192068970973       -2.31443564517195        2.42262438807581
H            6.67923495195461       -1.02869459850548        1.26110277382002
H            5.71806337808246       -1.92424204635659        0.06974391143143
H            5.46370817684198       -0.18640749870917        0.29016090459336
H            0.09218412775122        0.69426880565531        1.63404975230606
H           -0.14983078329071       -0.64645979859960        2.81218720097327
H           -4.27341299420404        1.87903345754925        1.28220139848010
H           -3.37279581973163        3.02599718583029        0.25592946239796
H           -5.81051920371798        3.52140065442937        0.18697095508042
H           -5.24935734530418        2.98765967978160       -1.40358740953174
H           -6.14624685648749        1.87304864963036       -0.36308936688000
H           -2.32341495436089       -2.47552580301472       -1.79879415101996
H           -3.42882159330782       -1.73711452772437       -0.60569298827434
H           -4.61109147626449       -2.26650187621444       -2.74470826303333
H           -4.59742199011721       -0.52150320025747       -2.43889326864823
H           -3.48688538549977       -1.21911428653261       -3.62432573005735
41
 energy: -65.055704266911 gnorm: 0.000150956749 xtb: 6.7.1 (edcfbbe)
C            1.52058376378252       -0.45525477559159       -2.81328621605768
C            2.56356823550524        0.21119213286169       -1.93807626744034
O            2.99185241769151       -0.67374826231414       -0.88875811940252
P            2.49183280629845       -0.53688018050527        0.61522998612094
S            2.62585110588371        1.26523723766816        1.38594657785735
O            3.35566084978936       -1.65651461744661        1.32603564188137
C            4.66941890883692       -1.40084629483712        1.87302024989234
C            5.70020089298601       -1.11941863038152        0.79917838356774
S            0.59205032234148       -1.45536816455412        0.64833102525088
C           -0.29265011012533       -0.31804177672674        1.78580472299061
S           -2.06493143115424       -0.34883324021862        1.48692876789732
P           -2.09741705326107        0.63138273012319       -0.41630782101063
S           -0.71719948425022        1.99264464557596       -0.67560270424031
O           -3.60616027137576        1.11968711693855       -0.51931268712412
C           -4.11778274123687        2.22427881109175        0.25702200884202
C           -5.41889972808598        2.67990893273755       -0.37504211098004
O           -2.02506207892517       -0.49518214292496       -1.51091740941119
C           -2.95255716354549       -1.61040202080114       -1.58085171790336
C           -3.98097581868928       -1.38534416641030       -2.67044468499889
H            1.28047841701288        0.20673214425686       -3.63918720752292
H            1.90385210972889       -1.39580945580820       -3.19864080932183
H            0.61088058578581       -0.64785101732207       -2.24754628725946
H            2.17666674624601        1.13662071989112       -1.49719232288150
H            3.46865670088100        0.43463270748931       -2.50640890222117
H            4.59598184156343       -0.55645784811755        2.56543955838706
H            4.90209548338976       -2.31437242640925        2.42217274327356
H            6.67933028364566       -1.02877547050980        1.26043948302159
H            5.71798700525024       -1.92426219464197        0.06917283108717
H            5.46375626219468       -0.18641777367372        0.28961580945200
H            0.09247817353355        0.69424453173413        1.63423983636280
H           -0.14961070655921       -0.64661713412213        2.81224206663511
H           -4.27298022458077        1.87907186708025        1.28255208958265
H           -3.37244806551464        3.02604498341808        0.25622196468426
H           -5.81014020438842        3.52160230339451        0.18760862816655
H           -5.24922272746419        2.98789333343426       -1.40304665720820
H           -6.14604496608205        1.87329829727400       -0.36248198730030
H           -2.32375528196795       -2.47557396016577       -1.79855803676025
H           -3.42888040488273       -1.73702767487840       -0.60528323635725
H           -4.61152973586395       -2.26628808163170       -2.74412415013378
H           -4.59763405578172       -0.52129350714374       -2.43829362846407
H           -3.48735190563948       -1.21900379688648       -3.62390033559374
41
 energy: -65.055704420267 gnorm: 0.000150838785 xtb: 6.7.1 (edcfbbe)
C            1.52027266141534       -0.45542502354989       -2.81354277057148
C            2.56337206881724        0.21100386087616       -1.93844397295489
O            2.99165391480100       -0.67390560341194       -0.88911067593544
P            2.49182828365271       -0.53691835340497        0.61493804121431
S            2.62593602457751        1.26523248828408        1.38558907573311
O            3.35574657938515       -1.65653601937101        1.32568085884983
C            4.66952477877005       -1.40081061320484        1.87256858805270
C            5.70022032036379       -1.11942621873794        0.79862229179328
S            0.59207334010501       -1.45547131025911        0.64834098843488
C           -0.29247154727039       -0.31813437721366        1.78591893389535
S           -2.06479824104645       -0.34870473367092        1.48718838503637
P           -2.09729095670441        0.63136982727850       -0.41614654486443
S           -0.71697824087797        1.99251303933692       -0.67556320596815
O           -3.60600317277150        1.11981393438638       -0.51909108068022
C           -4.11748656784851        2.22439768933168        0.25733601841905
C           -5.41866624415057        2.68008676746049       -0.37456286755214
O           -2.02510828365019       -0.49524493417598       -1.51071597222667
C           -2.95271037670735       -1.61037736844230       -1.58052348868360
C           -3.98127137093195       -1.38520725077735       -2.66996392722211
H            1.28017713318383        0.20652634390639       -3.63947476126424
H            1.90343530840685       -1.39603793248681       -3.19885985401427
H            0.61058360308824       -0.64790515731864       -2.24773612299850
H            2.17656951080369        1.13648289087272       -1.49758309934270
H            3.46844146421095        0.43434622044087       -2.50684380876804
H            4.59613236088335       -0.55637345689491        2.56493492779906
H            4.90227082977667       -2.31428845106869        2.42177252546117
H            6.67939843618560       -1.02882519577716        1.25978765573838
H            5.71790328018824       -1.92427515358371        0.06861879846148
H            5.46376889483200       -0.18641605397362        0.28907380151600
H            0.09271482501342        0.69413412719010        1.63437720989954
H           -0.14940938639858       -0.64674598112545        2.81234445425526
H           -4.27257553116595        1.87917949199248        1.28287909913709
H           -3.37213083992270        3.02614655353817        0.25646789827916
H           -5.80982052462999        3.52176748425646        0.18816777349121
H           -5.24909875588400        2.98810620869296       -1.40257692001816
H           -6.14582583342071        1.87348846329627       -0.36194951987353
H           -2.32402178855806       -2.47560395640816       -1.79833315652880
H           -3.42890258454248       -1.73697873772782       -0.60488692794546
H           -4.61192584530144       -2.26608652160172       -2.74354889225127
H           -4.59780615037522       -0.52109372445546       -2.43771515505043
H           -3.48777262332957       -1.21891538155211       -3.62349552539298
41
 energy: -65.055706487898 gnorm: 0.000112644792 xtb: 6.7.1 (edcfbbe)
C            1.52032550404406       -0.45682194098464       -2.81368216648121
C            2.56312911542626        0.21022155769854       -1.93866855261702
O            2.99162235005361       -0.67421916293251       -0.88902474013860
P            2.49147400756246       -0.53705174064915        0.61487797246700
S            2.62420118964054        1.26544965882925        1.38493468944560
O            3.35592408907716       -1.65587885997801        1.32616512249004
C            4.66944048832301       -1.39915986282213        1.87326140405893
C            5.70014320941493       -1.11738967205886        0.79941172901925
S            0.59223471539126       -1.45666013081781        0.64826537286470
C           -0.29277677956458       -0.31975740032120        1.78595378624751
S           -2.06499364407457       -0.35028966977181        1.48674685250507
P           -2.09716691273893        0.63104878484940       -0.41595162750557
S           -0.71674058050282        1.99230194850131       -0.67421844297480
O           -3.60580056459409        1.11960371725959       -0.51885772380435
C           -4.11734147698396        2.22387290818624        0.25798730148186
C           -5.41850386565484        2.67977008437959       -0.37383691971934
O           -2.02482792283191       -0.49489902717147       -1.51118604411420
C           -2.95246557697107       -1.60997226440474       -1.58181121014578
C           -3.98077653009792       -1.38417505891128       -2.67138118257632
H            1.28010344458379        0.20480201402014       -3.63983799573238
H            1.90382614781596       -1.39743446894483       -3.19865773073346
H            0.61064377622857       -0.64941815079872       -2.24789395212261
H            2.17593951263997        1.13568873387739       -1.49812055978982
H            3.46815739442199        0.43373017124758       -2.50705577895094
H            4.59539561126584       -0.55459190537397        2.56538692627016
H            4.90264074691068       -2.31235638963502        2.42272232018336
H            6.67920173764797       -1.02617302737090        1.26070355896658
H            5.71836305428416       -1.92235484300460        0.06954676149596
H            5.46324006716076       -0.18459275613958        0.28967424868776
H            0.09242909672799        0.69254986850928        1.63480764053343
H           -0.14992417712630       -0.64867859134495        2.81231124883206
H           -4.27250903478346        1.87826423255632        1.28337805374138
H           -3.37199275865693        3.02563147680487        0.25746384743170
H           -5.80969541108646        3.52123663031634        0.18917850427629
H           -5.24888021688656        2.98814247808569       -1.40173516900896
H           -6.14562404935835        1.87313574799937       -0.36153443572950
H           -2.32375774842090       -2.47510544520243       -1.79993223047132
H           -3.42888900024306       -1.73704727698153       -0.60636173129806
H           -4.61150638728788       -2.26494952166264       -2.74550012222899
H           -4.59726282680142       -0.52009595289496       -2.43886202317600
H           -3.48705104098226       -1.21748901199663       -3.62472792631965
41
 energy: -65.055708463273 gnorm: 0.000094664357 xtb: 6.7.1 (edcfbbe)
C            1.52058852064756       -0.45848659499896       -2.81401081464057
C            2.56286036141236        0.20937326786292       -1.93898024976050
O            2.99157960554229       -0.67452714798359       -0.88898144220880
P            2.49095842991740       -0.53722019828530        0.61473276732889
S            2.62291725434704        1.26555606299066        1.38438028731623
O            3.35605861071998       -1.65511696242443        1.32665089904203
C            4.66916332139537       -1.39708126322005        1.87415282504877
C            5.69995687188891       -1.11449281650481        0.80060787583419
S            0.59241598229141       -1.45827148432045        0.64775935434586
C           -0.29328660312800       -0.32226779966668        1.78581709493705
S           -2.06538776419617       -0.35246911551749        1.48612161398028
P           -2.09695163025790        0.63043127146002       -0.41580533698528
S           -0.71648805368858        1.99177449415281       -0.67331463709655
O           -3.60546017451381        1.11929611120291       -0.51850546475514
C           -4.11689570799714        2.22323324810201        0.25888484997116
C           -5.41802193424464        2.67955231179404       -0.37271251706818
O           -2.02465063523642       -0.49466078462232       -1.51191699898025
C           -2.95243020965719       -1.60957304872872       -1.58346279347575
C           -3.98048983297412       -1.38286267303533       -2.67306975151677
H            1.28026193592656        0.20271725314993       -3.64047039428485
H            1.90465073948834       -1.39904813506223       -3.19855708570708
H            0.61087354032532       -0.65131735468954       -2.24836185307639
H            2.17512338701403        1.13477454160407       -1.49876909279967
H            3.46790607696254        0.43314136378457       -2.50723841008847
H            4.59402619312563       -0.55243932207501        2.56606794675281
H            4.90304906749989       -2.30993986349271        2.42388482418719
H            6.67879460170800       -1.02234276446479        1.26218442273154
H            5.71911636164427       -1.91951749520712        0.07083400271582
H            5.46236769456227       -0.18196124861759        0.29070333584348
H            0.09198926327327        0.69014735768831        1.63546225892928
H           -0.15072168348520       -0.65189766999522        2.81198181318840
H           -4.27209644437111        1.87712473708625        1.28409989121590
H           -3.37147433845480        3.02492286245619        0.25877191470011
H           -5.80916419760202        3.52076762563880        0.19071272324978
H           -5.24835447507245        2.98842872609788       -1.40044974657131
H           -6.14519582988852        1.87295972058847       -0.36082938350342
H           -2.32379413159704       -2.47462948517772       -1.80208357620512
H           -3.42905961720712       -1.73726245248275       -0.60819062884205
H           -4.61139916783769       -2.26345327313453       -2.74784984435811
H           -4.59682365767121       -0.51880093446819       -2.44008982970342
H           -3.48656297763859       -1.21567318653781       -3.62622177433129
41
 energy: -65.055709551339 gnorm: 0.000137426330 xtb: 6.7.1 (edcfbbe)
C            1.52088593205148       -0.46011890621964       -2.81439864994518
C            2.56265498675174        0.20855555302982       -1.93939584274449
O            2.99179664905627       -0.67482791824860       -0.88912242893868
P            2.49075994769593       -0.53757559150846        0.61444885508283
S            2.62014138642014        1.26538135668254        1.38406994713375
O            3.35641885746063       -1.65467097254781        1.32693791738000
C            4.66898442336234       -1.39521857558525        1.87502405015958
C            5.69986666257896       -1.11163906506016        0.80184222327391
S            0.59264542871248       -1.45933596862196        0.64725004981119
C           -0.29341289624998       -0.32436042528948        1.78602580997742
S           -2.06532837305480       -0.35418860551182        1.48533683616626
P           -2.09696713524938        0.62982370878562       -0.41592664773196
S           -0.71587435576929        1.99089883250752       -0.67161445959622
O           -3.60535871472580        1.11905939954076       -0.51841890283028
C           -4.11657401237915        2.22257401722450        0.25970015305404
C           -5.41763202503250        2.67943670153220       -0.37159748195926
O           -2.02460993604218       -0.49452898696993       -1.51278944732308
C           -2.95248136101731       -1.60929281614461       -1.58519536080814
C           -3.98032786327552       -1.38162866147839       -2.67479325134934
H            1.28038719909835        0.20066522682741       -3.64114458233047
H            1.90552569116796       -1.40061222711872       -3.19853741908807
H            0.61115865062389       -0.65322952408864       -2.24886899699411
H            2.17431732535365        1.13384440313457       -1.49948159617070
H            3.46765116402115        0.43271980394272       -2.50757466818541
H            4.59265333301815       -0.55056949844802        2.56681205073709
H            4.90357277322780       -2.30777913321886        2.42493667494819
H            6.67844071181378       -1.01847833315935        1.26376844230936
H            5.72008746555016       -1.91666449402274        0.07209457300663
H            5.46150436868077       -0.17935740079932        0.29183555562144
H            0.09206169623578        0.68814714452659        1.63670689294706
H           -0.15139839040043       -0.65499560148864        2.81194453689778
H           -4.27177806518393        1.87586794203558        1.28472104124544
H           -3.37101778447198        3.02414148786767        0.26003902537499
H           -5.80866140402494        3.52035574595685        0.19234665015553
H           -5.24792391473847        2.98890588420700       -1.39915147300289
H           -6.14488665200989        1.87291012501743       -0.36018770496751
H           -2.32392705492255       -2.47429140237098       -1.80428523802085
H           -3.42927333253366       -1.73754157551044       -0.61007609739190
H           -4.61142895298428       -2.26202102165714       -2.75027093908643
H           -4.59649390606278       -0.51757795358935       -2.44132203144449
H           -3.48620976977988       -1.21389479321387       -3.62774899001320
41
 energy: -65.055709965955 gnorm: 0.000088102403 xtb: 6.7.1 (edcfbbe)
C            1.52100836305986       -0.46124735085467       -2.81459520482395
C            2.56237982849716        0.20804467129346       -1.93958947790813
O            2.99169698242950       -0.67491336054242       -0.88901177534234
P            2.49046599643597       -0.53745398035290        0.61447176622496
S            2.62037465287545        1.26567751092017        1.38357999680571
O            3.35640187468900       -1.65420728240932        1.32718963149132
C            4.66873682768770       -1.39404662351545        1.87553100698505
C            5.69974932422229       -1.10982815350265        0.80263465138307
S            0.59266495751817       -1.46012621071123        0.64680311588947
C           -0.29401792497891       -0.32575426128690        1.78569540693657
S           -2.06597017593279       -0.35583210767717        1.48499965845152
P           -2.09659050369524        0.62945314402803       -0.41573190160427
S           -0.71574623872517        1.99077292197006       -0.67149473130127
O           -3.60497028474885        1.11879279293303       -0.51813649795976
C           -4.11622672349984        2.22207900698618        0.26029516060458
C           -5.41725969909768        2.67925428221415       -0.37086841148925
O           -2.02431633889141       -0.49442963927246       -1.51308822398925
C           -2.95237298684774       -1.60901648279164       -1.58615967006778
C           -3.98010546798020       -1.38081629021753       -2.67577594703017
H            1.28041407742475        0.19923324370150       -3.64155705412369
H            1.90604412401239       -1.40170638857804       -3.19842710028476
H            0.61125728668477       -0.65453503673098       -2.24916477781516
H            2.17361470871817        1.13328266824086       -1.49995356619719
H            3.46736369210019        0.43242291710217       -2.50770799015009
H            4.59181433829594       -0.54947678490784        2.56734800707492
H            4.90374510899499       -2.30647816619174        2.42547096192956
H            6.67815382811462       -1.01604849302482        1.26479912407215
H            5.72067323650015       -1.91482436080432        0.07287454654289
H            5.46092771149086       -0.17768432752289        0.29258121023360
H            0.09135363609812        0.68688892216648        1.63708605604495
H           -0.15215694636010       -0.65682128627664        2.81149646081871
H           -4.27149081491432        1.87504571148891        1.28519287197441
H           -3.37064660133327        3.02362508268640        0.26093979172465
H           -5.80827245330878        3.51997162376550        0.19339122014824
H           -5.24754844476231        2.98913453386791       -1.39830025425046
H           -6.14457915296051        1.87278175577733       -0.35979425556418
H           -2.32392287860343       -2.47400901186735       -1.80557407207950
H           -3.42929027481454       -1.73768291858383       -0.61116185287818
H           -4.61130399493427       -2.26110109628499       -2.75171555093672
H           -4.59621577096095       -0.51680345055903       -2.44201232048911
H           -3.48588812552699       -1.21272984372874       -3.62862093369130
41
 energy: -65.055710068678 gnorm: 0.000054785814 xtb: 6.7.1 (edcfbbe)
C            1.52096307777766       -0.46172429990661       -2.81460230883176
C            2.56222719919440        0.20785122008703       -1.93968294787145
O            2.99167741199081       -0.67492170615631       -0.88901134866644
P            2.49042717136445       -0.53736486405111        0.61445800089002
S            2.62036389216599        1.26579184185181        1.38356692243939
O            3.35643506120041       -1.65405008544402        1.32722379697796
C            4.66869742430557       -1.39373369808502        1.87566770724021
C            5.69973536699584       -1.10931092492821        0.80284719915864
S            0.59276817687015       -1.46025678408008        0.64694597344461
C           -0.29386671747054       -0.32605094981835        1.78600471108146
S           -2.06575035726031       -0.35585833219786        1.48490492988087
P           -2.09669070894782        0.62937872201475       -0.41579100285901
S           -0.71583949289898        1.99070365014970       -0.67113770502045
O           -3.60505965082464        1.11877062007549       -0.51826790681343
C           -4.11630613682167        2.22189121278556        0.26039690136878
C           -5.41732313642680        2.67917565994315       -0.37069798358007
O           -2.02427847246596       -0.49434465163016       -1.51329555617748
C           -2.95228486981239       -1.60893847848176       -1.58656923879496
C           -3.97992325302766       -1.38052731816067       -2.67621309151820
H            1.28029185193357        0.19861787068529       -3.64165093607591
H            1.90613451409507       -1.40217770606491       -3.19831119174520
H            0.61123489101479       -0.65506464804125       -2.24915251050462
H            2.17332080826151        1.13307127291436       -1.50013066943704
H            3.46718701439293        0.43229521373801       -2.50781344336404
H            4.59160567824509       -0.54920246273770        2.56750925374254
H            4.90380776760670       -2.30615760270136        2.42558859982271
H            6.67808093422593       -1.01534163466208        1.26509657176002
H            5.72087870708142       -1.91430431380257        0.07309330715202
H            5.46077924783830       -0.17721522439604        0.29276801524041
H            0.09147764365794        0.68660124271736        1.63742304524353
H           -0.15213494050858       -0.65721000588168        2.81179734463465
H           -4.27160256384070        1.87463071412238        1.28521311290092
H           -3.37072169273233        3.02343469894543        0.26124422905793
H           -5.80834560970851        3.51977667837704        0.19372783280430
H           -5.24756729770717        2.98925514095100       -1.39805904202692
H           -6.14462510015519        1.87268355107315       -0.35980289663185
H           -2.32379534499125       -2.47387291134697       -1.80609946546564
H           -3.42925243796214       -1.73775706735328       -0.61161034386471
H           -4.61108641102786       -2.26081889758749       -2.75232138925998
H           -4.59605562667999       -0.51656489313012       -2.44232450718409
H           -3.48563526597530       -1.21227196883933       -3.62899289378788
41
 energy: -65.055710131675 gnorm: 0.000050632997 xtb: 6.7.1 (edcfbbe)
C            1.52085564734274       -0.46210623298860       -2.81456096655735
C            2.56208695587039        0.20768079831128       -1.93976519722540
O            2.99173346075795       -0.67495165828310       -0.88905693780548
P            2.49052879441490       -0.53737824493705        0.61442871311208
S            2.61987744672742        1.26577234896733        1.38362978028744
O            3.35660075514394       -1.65402397052156        1.32720895818310
C            4.66879572178137       -1.39361852262476        1.87573276115403
C            5.69980998074814       -1.10907547205030        0.80292744827332
S            0.59278204075007       -1.45997690590906        0.64711870682981
C           -0.29397742842410       -0.32586185492096        1.78612913630197
S           -2.06587800114528       -0.35575896612512        1.48495973392229
P           -2.09666094760843        0.62941776087273       -0.41575715511736
S           -0.71580165704522        1.99082167984065       -0.67087025251794
O           -3.60507192689924        1.11871590430884       -0.51830316944358
C           -4.11642330406752        2.22169916392474        0.26048352585648
C           -5.41742391202683        2.67901636480292       -0.37062295074067
O           -2.02411337487543       -0.49424488013714       -1.51331576673966
C           -2.95209297375712       -1.60884467364951       -1.58678553065747
C           -3.97964343419977       -1.38033130085100       -2.67648753811053
H            1.28007195374320        0.19811147843477       -3.64167591618546
H            1.90612283536737       -1.40255662232879       -3.19817569613907
H            0.61117847304988       -0.65548626479032       -2.24904484570864
H            2.17308350684800        1.13288955774872       -1.50027401181809
H            3.46698611604607        0.43219744029255       -2.50795977627437
H            4.59159486116025       -0.54911284409013        2.56759277975638
H            4.90394916068618       -2.30605381933299        2.42562011347273
H            6.67812380132448       -1.01497650662254        1.26521275379714
H            5.72106840180684       -1.91407503051055        0.07318545059005
H            5.46074232639870       -0.17701752306189        0.29283388148818
H            0.09138626547687        0.68679344191129        1.63758095420647
H           -0.15228115165715       -0.65707684059301        2.81190792003151
H           -4.27176210335864        1.87428613369224        1.28524178909584
H           -3.37088332299747        3.02328246881751        0.26148312994329
H           -5.80851643317195        3.51951770776467        0.19390351274178
H           -5.24762239523340        2.98925752657737       -1.39792637923598
H           -6.14469094271212        1.87249061376837       -0.35989114141462
H           -2.32357082903800       -2.47373983121132       -1.80637801070547
H           -3.42914427356340       -1.73779156407435       -0.61188268435351
H           -4.61075955231560       -2.26064309302106       -2.75276393858992
H           -4.59583347143509       -0.51642727950696       -2.44254382595369
H           -3.48527831694024       -1.21193260694732       -3.62920028238982
