----------------------------------------------- 
  Element       SASA      Sigma Z        Total  
     Z         Ang**2 cal/Ang**2/mol   kcal/mol 
----------------------------------------------- 
      H        239.470      48.690      11.660
      C         58.342     129.740       7.569
      O         28.145       0.000       0.000
      P          2.335       0.000       0.000
      S         98.665      -9.100      -0.898

 Subtotal:     426.956                  18.331
 -----------------------------------------------

  Elements    COT*SASA   Sigma Z,Z'     Total   
    Z,Z'       Ang**2  cal/Ang**2/mol kcal/mol  
 ---------------------------------------------- 
  H   C        161.477     -60.770      -9.813
  H   O          0.000       0.000       0.000
  C   C         33.433     -72.950      -2.439
  O   C          0.000      68.690       0.000
  O   O          0.000       0.000       0.000
  O   P         19.491      68.850       1.342

 Subtotal:                             -10.910
 ---------------------------------------------- 

 NONAQUEOUS SOLVENT CONTRIBUTION (kcal/mol):
 (proportional to SASA, atomic number independent)
 ---------------------------------------------- 
 Subtotal:                               0.000
 ---------------------------------------------- 

 CDS TOTAL (kcal/mol):                   7.421
...............................................................................
