----------------------------------------------- 
  Element       SASA      Sigma Z        Total  
     Z         Ang**2 cal/Ang**2/mol   kcal/mol 
----------------------------------------------- 
      H         73.482      48.690       3.578
      C         32.388     129.740       4.202
      O         17.669       0.000       0.000

 Subtotal:     123.540                   7.780
 -----------------------------------------------

  Elements    COT*SASA   Sigma Z,Z'     Total   
    Z,Z'       Ang**2  cal/Ang**2/mol kcal/mol  
 ---------------------------------------------- 
  H   C         41.513     -60.770      -2.523
  H   O          8.537       0.000       0.000
  C   C         28.418     -72.950      -2.073
  O   C          0.129      68.690       0.009

 Subtotal:                              -4.587
 ---------------------------------------------- 

 NONAQUEOUS SOLVENT CONTRIBUTION (kcal/mol):
 (proportional to SASA, atomic number independent)
 ---------------------------------------------- 
 Subtotal:                               0.000
 ---------------------------------------------- 

 CDS TOTAL (kcal/mol):                   3.193
...............................................................................
