----------------------------------------------- 
  Element       SASA      Sigma Z        Total  
     Z         Ang**2 cal/Ang**2/mol   kcal/mol 
----------------------------------------------- 
      H        235.706      48.690      11.477
      C         58.062     129.740       7.533
      O         26.756       0.000       0.000
      P          1.876       0.000       0.000
      S        105.432      -9.100      -0.959

 Subtotal:     427.832                  18.050
 -----------------------------------------------

  Elements    COT*SASA   Sigma Z,Z'     Total   
    Z,Z'       Ang**2  cal/Ang**2/mol kcal/mol  
 ---------------------------------------------- 
  H   C        158.928     -60.770      -9.658
  H   O          0.000       0.000       0.000
  C   C         33.274     -72.950      -2.427
  O   C          0.000      68.690       0.000
  O   O          0.000       0.000       0.000
  O   P         18.540      68.850       1.276

 Subtotal:                             -10.809
 ---------------------------------------------- 

 NONAQUEOUS SOLVENT CONTRIBUTION (kcal/mol):
 (proportional to SASA, atomic number independent)
 ---------------------------------------------- 
 Subtotal:                               0.000
 ---------------------------------------------- 

 CDS TOTAL (kcal/mol):                   7.241
...............................................................................
