----------------------------------------------- 
  Element       SASA      Sigma Z        Total  
     Z         Ang**2 cal/Ang**2/mol   kcal/mol 
----------------------------------------------- 
      H        203.466      48.690       9.907
      C         60.169     129.740       7.806
      O         70.053       0.000       0.000
      P          1.423       0.000       0.000
      S         56.477      -9.100      -0.514

 Subtotal:     391.588                  17.199
 -----------------------------------------------

  Elements    COT*SASA   Sigma Z,Z'     Total   
    Z,Z'       Ang**2  cal/Ang**2/mol kcal/mol  
 ---------------------------------------------- 
  H   C        136.903     -60.770      -8.320
  H   O          0.000       0.000       0.000
  C   C         26.239     -72.950      -1.914
  O   C         26.299      68.690       1.807
  O   O          0.000       0.000       0.000
  O   P         14.176      68.850       0.976

 Subtotal:                              -7.451
 ---------------------------------------------- 

 NONAQUEOUS SOLVENT CONTRIBUTION (kcal/mol):
 (proportional to SASA, atomic number independent)
 ---------------------------------------------- 
 Subtotal:                               0.000
 ---------------------------------------------- 

 CDS TOTAL (kcal/mol):                   9.748
...............................................................................
