----------------------------------------------- 
  Element       SASA      Sigma Z        Total  
     Z         Ang**2 cal/Ang**2/mol   kcal/mol 
----------------------------------------------- 
      H        237.826      48.690      11.580
      C         56.079     129.740       7.276
      O         36.586       0.000       0.000
      P          2.416       0.000       0.000
      S        110.617      -9.100      -1.007

 Subtotal:     443.523                  17.849
 -----------------------------------------------

  Elements    COT*SASA   Sigma Z,Z'     Total   
    Z,Z'       Ang**2  cal/Ang**2/mol kcal/mol  
 ---------------------------------------------- 
  H   C        159.934     -60.770      -9.719
  H   O          0.000       0.000       0.000
  C   C         32.558     -72.950      -2.375
  O   C          0.000      68.690       0.000
  O   O          0.000       0.000       0.000
  O   P         25.058      68.850       1.725

 Subtotal:                             -10.369
 ---------------------------------------------- 

 NONAQUEOUS SOLVENT CONTRIBUTION (kcal/mol):
 (proportional to SASA, atomic number independent)
 ---------------------------------------------- 
 Subtotal:                               0.000
 ---------------------------------------------- 

 CDS TOTAL (kcal/mol):                   7.480
...............................................................................
