----------------------------------------------- 
  Element       SASA      Sigma Z        Total  
     Z         Ang**2 cal/Ang**2/mol   kcal/mol 
----------------------------------------------- 
      H        245.208      48.690      11.939
      C         57.477     129.740       7.457
      O         26.483       0.000       0.000
      P          2.477       0.000       0.000
      S        115.947      -9.100      -1.055

 Subtotal:     447.592                  18.341
 -----------------------------------------------

  Elements    COT*SASA   Sigma Z,Z'     Total   
    Z,Z'       Ang**2  cal/Ang**2/mol kcal/mol  
 ---------------------------------------------- 
  H   C        164.903     -60.770     -10.021
  H   O          0.000       0.000       0.000
  C   C         33.463     -72.950      -2.441
  O   C          0.000      68.690       0.000
  O   O          0.000       0.000       0.000
  O   P         18.155      68.850       1.250

 Subtotal:                             -11.212
 ---------------------------------------------- 

 NONAQUEOUS SOLVENT CONTRIBUTION (kcal/mol):
 (proportional to SASA, atomic number independent)
 ---------------------------------------------- 
 Subtotal:                               0.000
 ---------------------------------------------- 

 CDS TOTAL (kcal/mol):                   7.129
...............................................................................
