----------------------------------------------- 
  Element       SASA      Sigma Z        Total  
     Z         Ang**2 cal/Ang**2/mol   kcal/mol 
----------------------------------------------- 
      H        232.873      48.690      11.339
      C         54.946     129.740       7.129
      O         35.292       0.000       0.000
      P          1.960       0.000       0.000
      S        105.307      -9.100      -0.958

 Subtotal:     430.378                  17.509
 -----------------------------------------------

  Elements    COT*SASA   Sigma Z,Z'     Total   
    Z,Z'       Ang**2  cal/Ang**2/mol kcal/mol  
 ---------------------------------------------- 
  H   C        156.617     -60.770      -9.518
  H   O          0.000       0.000       0.000
  C   C         31.685     -72.950      -2.311
  O   C          0.000      68.690       0.000
  O   O          0.000       0.000       0.000
  O   P         24.169      68.850       1.664

 Subtotal:                             -10.165
 ---------------------------------------------- 

 NONAQUEOUS SOLVENT CONTRIBUTION (kcal/mol):
 (proportional to SASA, atomic number independent)
 ---------------------------------------------- 
 Subtotal:                               0.000
 ---------------------------------------------- 

 CDS TOTAL (kcal/mol):                   7.344
...............................................................................
