----------------------------------------------- 
  Element       SASA      Sigma Z        Total  
     Z         Ang**2 cal/Ang**2/mol   kcal/mol 
----------------------------------------------- 
      H         75.595      48.690       3.681
      C          9.574     129.740       1.242
      O         37.633       0.000       0.000

 Subtotal:     122.803                   4.923
 -----------------------------------------------

  Elements    COT*SASA   Sigma Z,Z'     Total   
    Z,Z'       Ang**2  cal/Ang**2/mol kcal/mol  
 ---------------------------------------------- 
  H   C         33.326     -60.770      -2.025
  H   O         18.505       0.000       0.000
  C   C          5.825     -72.950      -0.425
  O   C          0.360      68.690       0.025
  O   O          0.000       0.000       0.000

 Subtotal:                              -2.425
 ---------------------------------------------- 

 NONAQUEOUS SOLVENT CONTRIBUTION (kcal/mol):
 (proportional to SASA, atomic number independent)
 ---------------------------------------------- 
 Subtotal:                               0.000
 ---------------------------------------------- 

 CDS TOTAL (kcal/mol):                   2.497
...............................................................................
