41
 energy: -65.033567335863 gnorm: 0.052752667626 xtb: 6.7.1 (edcfbbe)
C            5.18075064239834       -2.38809036641612       -1.52946400165256
C            4.22845115161888       -1.22254333397257       -1.61454015605853
O            3.21685534426781       -1.41923096983592       -0.56936462982739
P            2.30969801812261       -0.21351438685128       -0.00982000422434
S            3.21581040990926        1.42922555077612        0.51467300481342
O            1.49138679649250       -0.98623501185578        1.13195462801428
C            1.84347363662713       -0.89336861777902        2.55395426779440
C            3.07543292526932       -1.70308072813862        2.87594860134200
S            0.88234826098545       -0.02767179676568       -1.56419580419094
C            0.05926722019902        1.53331190066848       -1.06860076165527
S           -1.01250859807897        1.46270020033876        0.42123431396759
P           -2.67749094581667        0.38815007834034       -0.36295515877899
S           -3.22660056697103        0.90571657227499       -2.15653562784448
O           -3.72889324343763        0.48441693772787        0.84576642895917
C           -4.09460393505163        1.70039332711541        1.58911652593859
C           -4.63938928120810        2.80409288892779        0.71661651477634
O           -2.32811931098943       -1.17828922461613       -0.33512509041340
C           -1.91853670695032       -1.84159191146495        0.91362459347755
C           -1.17904323499098       -3.09893679626626        0.53465728287818
H            5.68710021652554       -2.40512368051506       -0.55958620666582
H            4.65254319477333       -3.33515052566231       -1.67443311780198
H            5.93640623590873       -2.28986039035660       -2.31515027070800
H            3.71358602965644       -1.18718396666104       -2.58012855112147
H            4.73764640292549       -0.26939892560371       -1.43966327784619
H            1.96614347228693        0.16371282412131        2.81019066883202
H            0.95873636558615       -1.28211315663645        3.06241536277283
H            3.96611951560456       -1.28874011292154        2.39458154317722
H            3.23338996661241       -1.68176170475551        3.95894910639340
H            2.95156669086779       -2.74473465554309        2.56474380375337
H           -0.54338595182863        1.84782660602602       -1.92769272309590
H            0.81742204089837        2.29418247205562       -0.85931540978763
H           -4.84980343193124        1.33889009506476        2.29067383266654
H           -3.21925247792162        2.02634459250739        2.16029523363541
H           -3.87617150351798        3.20989272870110        0.04655295770088
H           -5.49182000726057        2.45900186835644        0.12422080411082
H           -4.97831743064364        3.61090727484062        1.37433707478697
H           -1.28136400003979       -1.16029876914513        1.48858606697569
H           -2.82648268618705       -2.05513198076422        1.48554511209638
H           -0.28736688611043       -2.86549681389047       -0.05500981978398
H           -0.86465206220317       -3.61056919291809        1.45009526176837
H           -1.82078828138019       -3.77534968507971       -0.03796755432709
41
 energy: -65.037749553504 gnorm: 0.028707452769 xtb: 6.7.1 (edcfbbe)
C            5.18035361730793       -2.38325186292039       -1.52764090394869
C            4.21729946645979       -1.22010264642354       -1.59957921881591
O            3.21245204232550       -1.41259384905321       -0.56374392180995
P            2.29241663364864       -0.21950958417811       -0.01677881409810
S            3.21592589799475        1.42708794508977        0.51612864524083
O            1.48427550516951       -0.98321980748457        1.12830313522692
C            1.84095620476828       -0.88902647290024        2.53806496627203
C            3.07199020366279       -1.69837830690806        2.86872641649737
S            0.81524585965706       -0.05859552036812       -1.53117322938520
C            0.05680161382356        1.52944830557426       -1.06114392620962
S           -0.94869801570574        1.41334158783277        0.45429964381134
P           -2.65222317152608        0.40492953569647       -0.34894179285171
S           -3.21482310347289        0.91613737844804       -2.14879143648818
O           -3.71393547937638        0.49523128445051        0.84449422163825
C           -4.08705242662878        1.69416949323834        1.58446497640495
C           -4.63309690074090        2.79990282743137        0.71422726312622
O           -2.31246132540632       -1.15488943893642       -0.32318198709859
C           -1.91759134854570       -1.83441683653409        0.90882422641054
C           -1.17781518044932       -3.09741614637054        0.53637542229273
H            5.68144232029805       -2.40368545998369       -0.56212429616187
H            4.64943061197318       -3.32248893335670       -1.66792656510161
H            5.92889324390038       -2.28142250489923       -2.31123608061118
H            3.70089942194059       -1.18442445893944       -2.56257785021013
H            4.71978002356164       -0.26456563003867       -1.42276362646066
H            1.97726155971764        0.16726333671304        2.78883968476872
H            0.95801881133239       -1.27762498086820        3.04861065077845
H            3.94991054836968       -1.28090559881240        2.37615665074059
H            3.23363447053611       -1.67587282086033        3.94577444012223
H            2.94728032085603       -2.73181559122172        2.55097642399558
H           -0.57115639013346        1.83120860472082       -1.90236855431972
H            0.83162233811902        2.26904127355526       -0.85214726586152
H           -4.84495059680734        1.32381555587507        2.27822697565439
H           -3.20730857446534        2.02480525347817        2.14324016604862
H           -3.86819587109171        3.18685389149144        0.04192220063406
H           -5.47292386572313        2.44628865850780        0.11887906086481
H           -4.97386755599865        3.60961383413296        1.35849580030346
H           -1.28234042685723       -1.15466914354954        1.48414097198135
H           -2.82874425185436       -2.04553767670748        1.47245847193421
H           -0.29151947795283       -2.86026226891774       -0.04995252841319
H           -0.87006440530158       -3.61164589276353        1.44540808175521
H           -1.81757835236779       -3.75751811981236       -0.04578167380950
41
 energy: -65.039547144297 gnorm: 0.011490480267 xtb: 6.7.1 (edcfbbe)
C            5.17086508203893       -2.37441506240470       -1.52067852504954
C            4.19771767626194       -1.21295925252831       -1.58292661539484
O            3.19972071078005       -1.40700549957634       -0.55758068481122
P            2.26308475002950       -0.23321900391362       -0.02105163832969
S            3.18283949881894        1.42662475190626        0.48782825100369
O            1.47046973016333       -0.98421747876653        1.13058064241847
C            1.83293089405118       -0.88378640400177        2.52571977051179
C            3.06815928858958       -1.69307150783081        2.85344145105904
S            0.78018906057164       -0.08840401743780       -1.53082405582759
C            0.05713931979775        1.50004164796002       -1.03498707188083
S           -0.91487384342201        1.41090473616508        0.48898372639241
P           -2.61968210805976        0.41148759841587       -0.33033089019197
S           -3.15904046941015        0.95307058392189       -2.12889675253464
O           -3.69211268435375        0.50469282215875        0.84493642101628
C           -4.07097682793985        1.68703948780175        1.58076828499086
C           -4.62073896249368        2.79053586430936        0.70537327371032
O           -2.29630367492733       -1.14051705272619       -0.30919068238445
C           -1.91638765808904       -1.83032764723178        0.90821060444047
C           -1.17684572649869       -3.09635787211865        0.53311367859898
H            5.67020118745643       -2.39669686744622       -0.55840381098837
H            4.63879457761978       -3.30891165365495       -1.66025349412110
H            5.91178816501440       -2.26401094739246       -2.30411428140592
H            3.68635427520954       -1.17643160790719       -2.54779799726800
H            4.69853799674461       -0.25675521691700       -1.40381835882163
H            1.98321738349234        0.17228557213114        2.76952299860432
H            0.95409413694096       -1.26852888926662        3.04513379086414
H            3.93426994230828       -1.27104160653621        2.34836361577156
H            3.23637296087904       -1.66781897437134        3.92488709450413
H            2.94189318429657       -2.72134407840083        2.53174270983226
H           -0.59018701659138        1.80338469534034       -1.85776265360210
H            0.84753376458269        2.22513279247607       -0.84504310435489
H           -4.83150632045471        1.31324671328411        2.26915540341450
H           -3.19308761357259        2.02901638964991        2.13382281542654
H           -3.85219598631044        3.16043391050083        0.03080808169951
H           -5.45137380714292        2.42653953922259        0.10844301402715
H           -4.96324240096251        3.60474074199655        1.33565768326091
H           -1.28100994855162       -1.15799252840038        1.49144576354973
H           -2.83028549905249       -2.04266659239332        1.46428465168088
H           -0.29146477560223       -2.85270879195452       -0.04641890583739
H           -0.87927349087720       -3.61413955638821        1.43785581064540
H           -1.81604077631806       -3.74055052424694       -0.06081518977165
41
 energy: -65.040066038540 gnorm: 0.006053775041 xtb: 6.7.1 (edcfbbe)
C            5.16033226372210       -2.36796661126161       -1.51367786531856
C            4.18337171988903       -1.20782863519746       -1.57342608070302
O            3.18995998697996       -1.40983858130756       -0.55214367279906
P            2.24499543051338       -0.24682383344513       -0.02242334126199
S            3.14794190110223        1.42831390384239        0.46382846417696
O            1.45662312601291       -0.98590295886709        1.13179296538900
C            1.82366971172462       -0.87898646097551        2.52062911764553
C            3.06422688109501       -1.68848671724013        2.83801621720267
S            0.75602936696730       -0.10856536971261       -1.52332397674897
C            0.05717340038644        1.48682862940980       -1.02056168411193
S           -0.89071369478367        1.39745874842633        0.51386213236832
P           -2.59997455700483        0.41349601460940       -0.31743040561745
S           -3.11231004283083        0.97756399728280       -2.11721534633578
O           -3.67667584608690        0.50796799139934        0.84870134493329
C           -4.05815851384922        1.68474904211844        1.58119765348564
C           -4.60895487660274        2.78226697521919        0.69458793681711
O           -2.28292792083999       -1.13257652657900       -0.30191921430438
C           -1.91442926597490       -1.82981560553696        0.91091037513240
C           -1.17559912509709       -3.09537252441363        0.52711621391091
H            5.66095382709959       -2.38935295788000       -0.55125655168934
H            4.62888748113175       -3.30319586964682       -1.65540419467263
H            5.89813337191831       -2.24999306831272       -2.29890049238509
H            3.67705671507434       -1.16840284361047       -2.54149821508454
H            4.68476651098204       -0.25147126726088       -1.39183410077203
H            1.98046637933154        0.17720078977446        2.76157751392927
H            0.94986278231904       -1.25858823881959        3.05225484393895
H            3.92441523180833       -1.26350319654571        2.32381557421893
H            3.24199426158338       -1.66202087328328        3.90756852161446
H            2.93580819293270       -2.71695894888692        2.51595854233681
H           -0.60115282874521        1.80151008246125       -1.83122275414013
H            0.86303831284316        2.20030225949596       -0.84728963836369
H           -4.81893724215272        1.31485849011694        2.27091924535014
H           -3.18539094872822        2.03820416966186        2.13600816504797
H           -3.83681419262179        3.14396672107726        0.01833571070611
H           -5.43739623575407        2.40975126735064        0.09835090111390
H           -4.95273862387527        3.60273441146368        1.31509649985228
H           -1.28001993118434       -1.16866822474763        1.51004884184987
H           -2.83112887084911       -2.04799435757241        1.46083035970375
H           -0.28449558436482       -2.84693801016554       -0.04297980449812
H           -0.88838808590515       -3.62277080857317        1.42966732080166
H           -1.81395647314921       -3.72985179044007       -0.07938229787167
41
 energy: -65.040215670844 gnorm: 0.004355956949 xtb: 6.7.1 (edcfbbe)
C            5.15066154054199       -2.36231377510247       -1.50903512070643
C            4.17219150084133       -1.20382703113329       -1.56787998967845
O            3.17715264974739       -1.41117817616385       -0.54896470954796
P            2.22994031025847       -0.25094401379960       -0.02371356266551
S            3.13247957498311        1.42603021423230        0.45607053698635
O            1.44263837685043       -0.98274728013918        1.13300294113349
C            1.81815978563818       -0.87479136823852        2.52005151529932
C            3.06164092090299       -1.68465342131247        2.82722167137478
S            0.74394890599199       -0.12134202667336       -1.52886403563247
C            0.06295622462917        1.47942285701097       -1.01290656203440
S           -0.87786179496128        1.39624237595500        0.52542725566927
P           -2.58701555868936        0.41315150498597       -0.30736106405321
S           -3.09198813493961        0.98447228477637       -2.10674828928961
O           -3.66450246258705        0.50830291640873        0.85590162789554
C           -4.04939433877331        1.68751304416227        1.58246090433374
C           -4.60024871715506        2.77831883712677        0.68616321003204
O           -2.27497624171037       -1.13115148225084       -0.29824272499738
C           -1.91377476048797       -1.83585008845952        0.91340972942507
C           -1.17400564549973       -3.09848485628215        0.52209492488652
H            5.65198700457977       -2.38345170514572       -0.54579560224257
H            4.62157238992176       -3.29971992846719       -1.65258609568839
H            5.88936681714752       -2.24189284793993       -2.29443569679937
H            3.66908239830378       -1.16069388627834       -2.53800563469109
H            4.67307768334778       -0.24728484625030       -1.38309386472617
H            1.97598265436236        0.18167707378098        2.76000721552848
H            0.94877146231272       -1.25175513784061        3.06091886435636
H            3.91804363929452       -1.25880893486350        2.30591175428307
H            3.24975316447421       -1.65945049419779        3.89607390831712
H            2.93032475490935       -2.71394027768847        2.50537200025401
H           -0.59806400852290        1.80708100424663       -1.81710767871083
H            0.87772222708086        2.18554566223006       -0.84791196608927
H           -4.80971338098732        1.32215448631967        2.27522718115484
H           -3.17992400557621        2.04791053074878        2.13916565016730
H           -3.82637991325500        3.13577441495715        0.00843804481167
H           -5.42822508481944        2.39963888223231        0.09155249052043
H           -4.94555742370906        3.60469174439897        1.29925525006663
H           -1.28208469878552       -1.18083517087597        1.52313855810586
H           -2.83350257386263       -2.05782182675251        1.45793097932500
H           -0.27705563805472       -2.84609698698352       -0.03896287563718
H           -0.89429518123076       -3.63697533726986        1.42192243978251
H           -1.80934042749533       -3.72661772003614       -0.09591835567155
41
 energy: -65.040291897615 gnorm: 0.003483874751 xtb: 6.7.1 (edcfbbe)
C            5.14432442846196       -2.35944149682491       -1.50614238343671
C            4.16474692505139       -1.20331188217803       -1.56365964063557
O            3.16889186809395       -1.41699965193877       -0.54495238920381
P            2.22220718937254       -0.25641866358392       -0.02241485942915
S            3.12439660003119        1.42252072627598        0.45092892982739
O            1.43125807030333       -0.98110515257629        1.13545858219521
C            1.81443116883871       -0.87228513293593        2.52206853151809
C            3.06003871858831       -1.68158378039582        2.81926914035321
S            0.74032467681375       -0.11741241626052       -1.52884592943290
C            0.06285148701126        1.48389479201042       -1.01174391362163
S           -0.87270597787090        1.39718116154117        0.52971242125207
P           -2.58046772451359        0.41089502579635       -0.29996602134007
S           -3.08581325499606        0.98449604459836       -2.09862197102610
O           -3.65460838603812        0.50783506840438        0.86534659861633
C           -4.04159607959174        1.69289014221538        1.58393453784627
C           -4.59235326160879        2.77640164773621        0.67900014886532
O           -2.27054562085509       -1.13292749625794       -0.29485993226834
C           -1.91317117011328       -1.84450242008774        0.91586890037872
C           -1.17195260247672       -3.10358585269743        0.51822654484114
H            5.64568996298480       -2.38061314320414       -0.54231406052771
H            4.61746293279260       -3.29848680555738       -1.65102730602913
H            5.88403362741643       -2.23751735397693       -2.29125571632490
H            3.66161653849653       -1.15656126675938       -2.53384714704489
H            4.66283977497199       -0.24591769252494       -1.37463635726663
H            1.97153525752060        0.18486034845070        2.76005571277264
H            0.94842571482079       -1.24855311311187        3.06869872478139
H            3.91302086411428       -1.25556311816554        2.29190123873728
H            3.25726556192216       -1.65766696791314        3.88715279048985
H            2.92616987002567       -2.71131064440852        2.49798729045015
H           -0.59662633974764        1.81934585256057       -1.81392910612454
H            0.88218035792439        2.18437959711306       -0.84748281471879
H           -4.80145977962943        1.33190205159278        2.27976185623381
H           -3.17330502990232        2.05760505932949        2.14031774152332
H           -3.81805146160256        3.13039990979176       -0.00047392453968
H           -5.42009398826713        2.39290281716783        0.08655747262661
H           -4.93888959528290        3.60771816614320        1.28562964713871
H           -1.28496070971204       -1.19249365310867        1.53220925029875
H           -2.83569570733202       -2.06953808821691        1.45496617596617
H           -0.27005851358400       -2.84754949317288       -0.03412221483718
H           -0.89859646998886       -3.65235627379506        1.41471694478126
H           -1.80321592742639       -3.72622763764713       -0.11028866883845
41
 energy: -65.040346367794 gnorm: 0.002929424356 xtb: 6.7.1 (edcfbbe)
C            5.13718104486602       -2.35685701245091       -1.50344623003280
C            4.15668804263324       -1.20290171058759       -1.55963066260145
O            3.15835416582069       -1.42053647341593       -0.54163309300197
P            2.21619364753053       -0.25606381775497       -0.02031418675618
S            3.12699512998746        1.41812630851648        0.45408164709378
O            1.41922404472333       -0.97486585546595        1.13755910200223
C            1.81145881000978       -0.86955582338624        2.52404484211499
C            3.05850446024998       -1.67842443801700        2.81124116769906
S            0.73779024856786       -0.11432981272431       -1.53085016587082
C            0.06658561057196        1.48865912592207       -1.01066979207843
S           -0.86938415741724        1.39762211221183        0.53015713192431
P           -2.57786585919415        0.40824113957474       -0.29382593949517
S           -3.08920817758048        0.97973138790683       -2.09178839396056
O           -3.64608975712775        0.50722003135195        0.87669272496931
C           -4.03399679845707        1.69985994168821        1.58567010701376
C           -4.58417715382879        2.77543601166617        0.67225224435709
O           -2.26811284280064       -1.13570644673478       -0.29077971157758
C           -1.91243380957541       -1.85468281485251        0.91819457745307
C           -1.16923864874649       -3.10978647787004        0.51441608971681
H            5.63820984875239       -2.37874650195368       -0.53936430587318
H            4.61243031206618       -3.29693403857799       -1.64980725956395
H            5.87792218786263       -2.23383203852495       -2.28766881603050
H            3.65316002263596       -1.15298916431256       -2.52935292310327
H            4.65177834529818       -0.24496138725171       -1.36591640090055
H            1.96773708090263        0.18772423304037        2.76176832819789
H            0.94849412820443       -1.24731669465792        3.07403254952974
H            3.90793156376933       -1.25214494148876        2.27859435733476
H            3.26400383555070       -1.65627893636961        3.87772441486944
H            2.92232255868231       -2.70796894343741        2.49006233733214
H           -0.59169523257165        1.82826383847297       -1.81180524102409
H            0.88726412379151        2.18645293993247       -0.84439860150710
H           -4.79366155470748        1.34353330765987        2.28429633518504
H           -3.16528010992219        2.06754557557891        2.13943993310950
H           -3.81002564780380        3.12567757534128       -0.00919970265370
H           -5.41143017407638        2.38751329675962        0.08220345368211
H           -4.93177047445675        3.61103749776888        1.27254889130373
H           -1.28796224816957       -1.20448301360282        1.53932221408669
H           -2.83727614994612       -2.08334259518519        1.45167843217996
H           -0.26277626429090       -2.84985226648567       -0.02859282828872
H           -0.90260152537117       -3.66840143776496        1.40701816950298
H           -1.79569863141609       -3.72638246709138       -0.12476997149092
41
 energy: -65.040369431276 gnorm: 0.002226704962 xtb: 6.7.1 (edcfbbe)
C            5.13352101890719       -2.35674532372596       -1.50180522373680
C            4.15214278982666       -1.20393352098514       -1.55671869275430
O            3.15270586177170       -1.42321125498251       -0.53924473494960
P            2.21419838757879       -0.25503928168634       -0.01850922320711
S            3.13135354372726        1.41571044681626        0.45737592704821
O            1.41243161263201       -0.97033210395254        1.13911061653965
C            1.80981547864803       -0.86849585033726        2.52513685246464
C            3.05792210037561       -1.67663027118412        2.80651319720549
S            0.73829724339263       -0.10773891593312       -1.53143566375761
C            0.06501413467287        1.49306420409974       -1.01006735090262
S           -0.86856571190545        1.39993098730723        0.53254394419458
P           -2.57623775095516        0.40738784952154       -0.29068898403889
S           -3.09367157847038        0.97455930934458       -2.08845687117368
O           -3.64087071501300        0.50741841093962        0.88361650242717
C           -4.02901595282203        1.70450117839391        1.58630423392426
C           -4.57854802536400        2.77542590332865        0.66817793787474
O           -2.26657512893093       -1.13704452388580       -0.28735738688090
C           -1.91178905344620       -1.86104423435660        0.91947444229817
C           -1.16690931371968       -3.11375997823599        0.51203072933395
H            5.63412137735751       -2.37939117695315       -0.53789312923353
H            4.60943393762320       -3.29668187514816       -1.64911118299410
H            5.87402859195348       -2.23231713751351       -2.28557696302644
H            3.64799110997985       -1.15337905674101       -2.52578765426741
H            4.64530429566947       -0.24565559290081       -1.36088060538122
H            1.96571559379068        0.18842514670110        2.76407548312472
H            0.94858277886349       -1.24909450708381        3.07554512923384
H            3.90452690966172       -1.24931464190637        2.27074864277950
H            3.26754238879376       -1.65523265054602        3.87177933174425
H            2.92111406383958       -2.70559104200933        2.48484372837671
H           -0.59369805846359        1.83175213970228       -1.81097183723620
H            0.88474833589870        2.19140158777803       -0.84187789530327
H           -4.78907501270031        1.35118099373228        2.28591061541465
H           -3.15938067936358        2.07350696094639        2.13720770657088
H           -3.80442398892217        3.12276447295105       -0.01434130253157
H           -5.40487470135961        2.38473548335028        0.07921733289573
H           -4.92694798324058        3.61312714416442        1.26448443859661
H           -1.28931239207186       -1.21189221710489        1.54293329484793
H           -2.83760514895748       -2.09257237291822        1.44943445296189
H           -0.25769363487550       -2.85114088812034       -0.02431168560282
H           -0.90566143094737       -3.67794203315396        1.40213254124247
H           -1.79011129841838       -3.72541255428465       -0.13437586927453
41
 energy: -65.040377843904 gnorm: 0.001425771338 xtb: 6.7.1 (edcfbbe)
C            5.13180209440480       -2.35763134456358       -1.50071854253879
C            4.14994314097387       -1.20483866450895       -1.55514405706294
O            3.15033712235910       -1.42377979455155       -0.53809148230799
P            2.21379938624228       -0.25336225757988       -0.01749257053096
S            3.13368870172745        1.41559590747333        0.45947313861882
O            1.40968215333122       -0.96749042249363        1.13978283795418
C            1.80869996548062       -0.86849764688670        2.52523198409355
C            3.05790983261999       -1.67589302141371        2.80394864258708
S            0.73924009627186       -0.10426990831503       -1.53129105379439
C            0.06557125269934        1.49619374869097       -1.01024721815247
S           -0.86900306679503        1.40112916769496        0.53128707287751
P           -2.57702064848712        0.40683826980911       -0.28840991772243
S           -3.09442155053071        0.97256225701955       -2.08662540776907
O           -3.64095770357574        0.50716577768800        0.88710026558554
C           -4.02771240388868        1.70602700197894        1.58689419339132
C           -4.57580869117006        2.77544757082145        0.66635621661703
O           -2.26642396832916       -1.13760660847656       -0.28427076355367
C           -1.91149094790073       -1.86370735641307        0.92059781034875
C           -1.16526148712250       -3.11520536443792        0.51083826030728
H            5.63219934610103       -2.38082719526704       -0.53699673485539
H            4.60762531964511       -3.29715885814796       -1.64862324454576
H            5.87177401412945       -2.23206717224000       -2.28439056592002
H            3.64585980287349       -1.15494790298162       -2.52412442200805
H            4.64291100970230       -0.24661193573033       -1.35934034610818
H            1.96436386942119        0.18784699488837        2.76635905535299
H            0.94832698176362       -1.25170980836562        3.07512843688435
H            3.90281037252478       -1.24719466278269        2.26686718339959
H            3.26904324652569       -1.65471806304103        3.86857974049433
H            2.92160373696636       -2.70443979137468        2.48156597276825
H           -0.59467342063394        1.83238976318346       -1.81083240878880
H            0.88359031719321        2.19652716797781       -0.84130451917032
H           -4.78840344743621        1.35500632162408        2.28671638114010
H           -3.15734098097521        2.07519741694102        2.13613730956586
H           -3.80099536015843        3.12067417917836       -0.01627670984724
H           -5.40139581864663        2.38378661451599        0.07731248272781
H           -4.92443633706733        3.61426802057753        1.26046062810975
H           -1.28981815158581       -1.21529115500999        1.54543831012380
H           -2.83729628269867       -2.09750525281770        1.44911494555909
H           -0.25443603245918       -2.85070205551399       -0.02132430594254
H           -0.90776749435424       -3.68243161835473        1.39962417242241
H           -1.78657397412451       -3.72346910536730       -0.14012594546291
41
 energy: -65.040382889831 gnorm: 0.000804330195 xtb: 6.7.1 (edcfbbe)
C            5.13008101918289       -2.35947746465588       -1.49929114037701
C            4.14816649921725       -1.20594478277650       -1.55401218805920
O            3.14872907434116       -1.42310378980805       -0.53734215957899
P            2.21356487217067       -0.25059045188156       -0.01693538783253
S            3.13526969676859        1.41668302794290        0.46130745741815
O            1.40808946426111       -0.96460316334434        1.14002575703489
C            1.80738792539889       -0.86919250851012        2.52480786711281
C            3.05845543656887       -1.67526989853126        2.80133713073508
S            0.73962440903900       -0.10147051082181       -1.53108962541983
C            0.06306095860492        1.49741506037858       -1.00884789070310
S           -0.86912620449425        1.40184661260892        0.53466213110801
P           -2.57614892758929        0.40741738189051       -0.28735554824295
S           -3.09461052909872        0.96984607159840       -2.08611199197773
O           -3.64083651672959        0.50744897188560        0.88832714936250
C           -4.02655723111561        1.70675143720855        1.58673499852382
C           -4.57324915031990        2.77574551437057        0.66445434251586
O           -2.26502992108122       -1.13708319138619       -0.28162623738529
C           -1.91100311731946       -1.86463180382295        0.92150603593169
C           -1.16325872999618       -3.11523591122549        0.50978135340383
H            5.63026253273259       -2.38313752896457       -0.53557433503523
H            4.60549929111951       -3.29859747459808       -1.64780872637697
H            5.86973127428099       -2.23306493741223       -2.28289360860363
H            3.64474421489644       -1.15743937480588       -2.52340289733167
H            4.64219491048813       -0.24803816812310       -1.35966051807532
H            1.96202361656112        0.18635428280670        2.76975407650882
H            0.94798782526047       -1.25587103426200        3.07398155408344
H            3.90169367380642       -1.24431031087973        2.26345102092054
H            3.27071379804442       -1.65439546570089        3.86561973278739
H            2.92357700749901       -2.70358936662632        2.47788738830461
H           -0.59910864721164        1.83142187239464       -1.80894645427535
H            0.87940127124080        2.20047313027698       -0.84100881311970
H           -4.78815150315413        1.35787834248176        2.28646065842585
H           -3.15626777658691        2.07625399411513        2.13569330130474
H           -3.79718036669872        3.11945877652602       -0.01744857438075
H           -5.39800911970916        2.38346673298721        0.07459425505956
H           -4.92234986445489        3.61535518880253        1.25683699258866
H           -1.29001345329236       -1.21768389975040        1.54878973672967
H           -2.83668423628495       -2.10112827555743        1.44893993512256
H           -0.24991514983147       -2.84883655415279       -0.01693510821354
H           -0.91091491813130       -3.68629498929326        1.39741815000229
H           -1.78229941336664       -3.71952632795655       -0.14689499514852
41
 energy: -65.040385090938 gnorm: 0.000781137106 xtb: 6.7.1 (edcfbbe)
C            5.12939059293304       -2.36069475484108       -1.49833056523903
C            4.14809411535943       -1.20647165923972       -1.55413362509571
O            3.14875231926891       -1.42241099305085       -0.53765522595483
P            2.21318826535579       -0.24966869797615       -0.01764744448923
S            3.13411894146449        1.41793593260765        0.46061701844469
O            1.40807517010551       -0.96418843928794        1.13938031103829
C            1.80665394939954       -0.87040019840168        2.52408160710530
C            3.05893991000325       -1.67526080064443        2.79994083362474
S            0.73942236918881       -0.09988333088635       -1.53131606260452
C            0.06252031592856        1.49896610304558       -1.00834623038252
S           -0.86991891092052        1.40276278356180        0.53484326822928
P           -2.57606444940669        0.40707487371330       -0.28654738957653
S           -3.09239692150974        0.96996846566699       -2.08577774048918
O           -3.64226467778253        0.50705183142345        0.88809182629964
C           -4.02730371762157        1.70629574271926        1.58642360813109
C           -4.57251370500916        2.77601340548497        0.66362184605645
O           -2.26452230702194       -1.13727719653116       -0.28052481745633
C           -1.91121567173436       -1.86468016773986        0.92226866562142
C           -1.16205989862475       -3.11458086525693        0.51052481806282
H            5.62899305553577       -2.38427892668328       -0.53417433200076
H            4.60449617913440       -3.29975043801916       -1.64698062977228
H            5.86971015396230       -2.23480482657383       -2.28155898009762
H            3.64519873323012       -1.15845148725257       -2.52395549975413
H            4.64310927292551       -0.24874085883925       -1.36081326026425
H            1.95967597868777        0.18489505524404        2.77143806162348
H            0.94784828399562       -1.25905912529524        3.07292796623062
H            3.90160397523773       -1.24277731655562        2.26224633411456
H            3.27149392260998       -1.65492482188543        3.86433471518398
H            2.92528436991102       -2.70365471960260        2.47578955792690
H           -0.59993638082883        1.83326339580703       -1.80811355235542
H            0.87876436427659        2.20228490901080       -0.84111116812130
H           -4.78951533807325        1.35841634193927        2.28605123873729
H           -3.15741203111051        2.07551829182003        2.13642837374638
H           -3.79532456588220        3.11941071676259       -0.01730926148705
H           -5.39693097374087        2.38414255170128        0.07283624542442
H           -4.92180312189711        3.61592769931221        1.25562221505044
H           -1.29121784592032       -1.21805452436323        1.55100084613792
H           -2.83710587008029       -2.10231843953890        1.44910791645566
H           -0.24596860868096       -2.84701869251263       -0.01103973682936
H           -0.91369932510055       -3.68848709674247        1.39762510906152
H           -1.77861592255112       -3.71679050867238       -0.15068203548929
41
 energy: -65.040386337012 gnorm: 0.000412629388 xtb: 6.7.1 (edcfbbe)
C            5.12931256051932       -2.36108242790305       -1.49832973832538
C            4.14882472492811       -1.20645806810697       -1.55507451111408
O            3.14940436652631       -1.42155114032099       -0.53830040209407
P            2.21359195141322       -0.24945434451214       -0.01756704577179
S            3.13371126667463        1.41879519970709        0.46005478815393
O            1.40916178788514       -0.96496592680619        1.13913564074285
C            1.80693231557274       -0.87111920317437        2.52414176585284
C            3.05948457076487       -1.67525805389219        2.80027588507109
S            0.73938389236390       -0.10037305769461       -1.53105373915402
C            0.06257707287073        1.49874476419366       -1.00816644960973
S           -0.87032089883976        1.40205248198736        0.53462090016794
P           -2.57651286832628        0.40681104818958       -0.28740153309180
S           -3.09282984510622        0.96972953493524       -2.08657839846385
O           -3.64307048588316        0.50693536894624        0.88676084295926
C           -4.02832909119639        1.70573580058306        1.58603109355315
C           -4.57315361354052        2.77639167276523        0.66413608644539
O           -2.26498718236820       -1.13752018512487       -0.28139610965291
C           -1.91134218093657       -1.86385255698046        0.92217382777084
C           -1.16182412870966       -3.11358140851277        0.51118487915875
H            5.62846022145088       -2.38435522194607       -0.53382460134535
H            4.60415357329358       -3.30013561259899       -1.64660595860405
H            5.87046284097288       -2.23653359367900       -2.28117657771136
H            3.64596828597905       -1.15826666943217       -2.52497002653494
H            4.64438696856223       -0.24885631943057       -1.36214722718111
H            1.95885664570109        0.18441501225817        2.77151697562220
H            0.94802115437380       -1.26017108397023        3.07252063315981
H            3.90246351476477       -1.24234007664216        2.26336270199767
H            3.27144283123797       -1.65534209129140        3.86489937804409
H            2.92648518631878       -2.70373500069636        2.47584672003735
H           -0.59908553897929        1.83395084966435       -1.80818795589865
H            0.87929286470179        2.20120105652715       -0.84069054100845
H           -4.79072349045376        1.35715555512006        2.28525380058493
H           -3.15867477499898        2.07428813295361        2.13707030545280
H           -3.79578818730439        3.12061301136461       -0.01621972645931
H           -5.39765206958071        2.38542153466043        0.07283204730731
H           -4.92238653168003        3.61575889938789        1.25711509951060
H           -1.29175713789185       -1.21640134493059        1.55038565018946
H           -2.83717462618091       -2.10110190440488        1.44946983772318
H           -0.24577146686723       -2.84655235793150       -0.01051914580020
H           -0.91368197002678       -3.68742061082476        1.39836395379847
H           -1.77776851298822       -3.71627244900895       -0.14975830063529
41
 energy: -65.040386967557 gnorm: 0.000233447169 xtb: 6.7.1 (edcfbbe)
C            5.12865075993168       -2.36169306198706       -1.49787172560711
C            4.14883293184845       -1.20673318492479       -1.55537448229713
O            3.14914857582808       -1.42120667867320       -0.53857588030698
P            2.21340578164382       -0.24926716700726       -0.01763673018018
S            3.13377219533592        1.41869875032071        0.46048010966454
O            1.40907711081461       -0.96499898237050        1.13890085192762
C            1.80699483178423       -0.87158876635043        2.52409602593351
C            3.06010731192659       -1.67472017657493        2.79972229584350
S            0.73893634063885       -0.09989179728478       -1.53103949648423
C            0.06231739681564        1.49920541522015       -1.00777621896753
S           -0.87072331333018        1.40210804181142        0.53476919561293
P           -2.57669607060990        0.40657212182537       -0.28754672264682
S           -3.09308329359532        0.96946952555391       -2.08678284606462
O           -3.64319715996233        0.50687526809891        0.88654786072111
C           -4.02869613205669        1.70574951206584        1.58581539371079
C           -4.57274250526708        2.77673012985771        0.66403683264358
O           -2.26513285589586       -1.13774271582436       -0.28152164000651
C           -1.91129182677386       -1.86403503140320        0.92230270522542
C           -1.16112266659157       -3.11328809752130        0.51150778293767
H            5.62725781723665       -2.38482063138591       -0.53310213140273
H            4.60309045188138       -3.30052949384992       -1.64595307758063
H            5.87032942231822       -2.23803709200257       -2.28035491351825
H            3.64587214515674       -1.15858984581475       -2.52518380668875
H            4.64451131105562       -0.24916153700255       -1.36259974568189
H            1.95782843485477        0.18401592763588        2.77194148470467
H            0.94838968540697       -1.26181885023759        3.07211384747050
H            3.90269790579768       -1.24080858238923        2.26302196647169
H            3.27211649494502       -1.65535394434476        3.86432980756725
H            2.92794897689880       -2.70308689691009        2.47467505616090
H           -0.59900196822553        1.83478943585447       -1.80788850488994
H            0.87929700898086        2.20114426976441       -0.83974684808033
H           -4.79155469276175        1.35695795949058        2.28445664645608
H           -3.15912038748928        2.07375611368054        2.13734702013607
H           -3.79504517574184        3.12107971370510       -0.01585026994305
H           -5.39701229793058        2.38622638632563        0.07217018075759
H           -4.92209022505466        3.61591354474792        1.25723485350195
H           -1.29245255832600       -1.21598361242804        1.55061134789197
H           -2.83727130086112       -2.10173514098474        1.44915794467660
H           -0.24424863931928       -2.84565581132696       -0.00855059309578
H           -0.91452237128652       -3.68803791894443        1.39852483935496
H           -1.77603345500436       -3.71520788498773       -0.15122359108088
41
 energy: -65.040387289118 gnorm: 0.000150917392 xtb: 6.7.1 (edcfbbe)
C            5.12806158353419       -2.36255295342186       -1.49736691765177
C            4.14877232653533       -1.20717102706864       -1.55552128991607
O            3.14885650407592       -1.42101359263611       -0.53880457868495
P            2.21327079357957       -0.24920788160641       -0.01766915830321
S            3.13355582515206        1.41887593822743        0.46061023577134
O            1.40899417126151       -0.96505820309554        1.13872140806127
C            1.80695971324239       -0.87211011207557        2.52400492819054
C            3.06090824832228       -1.67409171191356        2.79904521291499
S            0.73883414936276       -0.09932622835959       -1.53103108664045
C            0.06226097009314        1.49960140889215       -1.00729803253273
S           -0.87093548405436        1.40196311676122        0.53501044833640
P           -2.57692807163888        0.40659068430842       -0.28759737166610
S           -3.09296929298951        0.96952400810019       -2.08690462146310
O           -3.64365748059827        0.50682064424722        0.88616578548594
C           -4.02931635943787        1.70551232284831        1.58567127321407
C           -4.57235832480947        2.77703384902742        0.66400190225201
O           -2.26536883574179       -1.13767951404294       -0.28156017497421
C           -1.91142804152085       -1.86398596216035        0.92237362395112
C           -1.16037402279513       -3.11276168861594        0.51173363925491
H            5.62622911637771       -2.38564634603707       -0.53240440195527
H            4.60197624932935       -3.30108020403150       -1.64534164199538
H            5.87004507131086       -2.23948907449761       -2.27959822538615
H            3.64593918665303       -1.15924854915293       -2.52538244546141
H            4.64469643777434       -0.24971088098414       -1.36295410605194
H            1.95676841410076        0.18347937198577        2.77240532709091
H            0.94870929583628       -1.26365141847907        3.07164338183294
H            3.90302217204655       -1.23885525381381        2.26270098179969
H            3.27285002506032       -1.65525119454915        3.86362979371551
H            2.92989971693364       -2.70232445813319        2.47319967262548
H           -0.59907409578320        1.83524042243001       -1.80737708692323
H            0.87915386943995        2.20155343891471       -0.83886741639814
H           -4.79280976067114        1.35657671442725        2.28349149418962
H           -3.15994435322634        2.07296248048018        2.13783293279257
H           -3.79411663855832        3.12139916861732       -0.01524351310167
H           -5.39632841325242        2.38706313466158        0.07138171030596
H           -4.92182975428335        3.61605026228820        1.25733210562633
H           -1.29320421116736       -1.21547773333154        1.55081663586931
H           -2.83747978774317       -2.10226979183860        1.44874764935809
H           -0.24260285713344       -2.84471941424172       -0.00643856222920
H           -0.91534597331018       -3.68825372256032        1.39858292635852
H           -1.77414808629008       -3.71401083614280       -0.15255761281493
41
 energy: -65.040387199926 gnorm: 0.000319377309 xtb: 6.7.1 (edcfbbe)
C            5.12752023236362       -2.36333203086045       -1.49690398965341
C            4.14871998592044       -1.20756491458078       -1.55566546651046
O            3.14859618868787       -1.42082464633446       -0.53901738598781
P            2.21314425472745       -0.24915592736563       -0.01769203115059
S            3.13332559554065        1.41907256589204        0.46071466743872
O            1.40892407573549       -0.96512409440147        1.13856003004961
C            1.80692824286227       -0.87259594539214        2.52392680954424
C            3.06163469776937       -1.67352824854999        2.79843331591395
S            0.73875510723933       -0.09880134630570       -1.53102732260060
C            0.06223764377441        1.49997649597965       -1.00686279670283
S           -0.87111597911881        1.40181289982300        0.53520501462139
P           -2.57715494462794        0.40660455679852       -0.28764225870576
S           -3.09289198536462        0.96954489817372       -2.08701509649946
O           -3.64408712166796        0.50677314138495        0.88581981837035
C           -4.02988231146173        1.70530147772893        1.58553860697200
C           -4.57200950264875        2.77731208681800        0.66397357284855
O           -2.26559611215415       -1.13762217022632       -0.28158990450352
C           -1.91154626234398       -1.86394253932514        0.92244308637860
C           -1.15968535769848       -3.11228111929942        0.51194333015702
H            5.62527271214238       -2.38639026790933       -0.53176093759173
H            4.60094499967477       -3.30156897912137       -1.64477516057622
H            5.86978879935509       -2.24082319011098       -2.27889763090549
H            3.64599480802668       -1.15985071493715       -2.52556818585352
H            4.64486525585470       -0.25020421676296       -1.36329300891501
H            1.95580340331713        0.18298116233025        2.77282792886758
H            0.94899323215056       -1.26533752842099        3.07120455869005
H            3.90331480248007       -1.23709090687654        2.26241328945868
H            3.27351203997226       -1.65516412129650        3.86299299003434
H            2.93167267133570       -2.70163625288892        2.47186129935868
H           -0.59911928342996        1.83565031461855       -1.80691156372756
H            0.87904302527738        2.20194003136662       -0.83804867598579
H           -4.79395142491317        1.35623089666067        2.28260982869840
H           -3.16068203141222        2.07223666616629        2.13825505476498
H           -3.79327951673329        3.12168943741601       -0.01469544723495
H           -5.39570708130045        2.38782852236902        0.07067064825854
H           -4.92158882412096        3.61617323000244        1.25742840601781
H           -1.29387892308134       -1.21500165338582        1.55098491991275
H           -2.83765814927910       -2.10275175942664        1.44838863928929
H           -0.24109943279712       -2.84387847584836       -0.00451509820137
H           -0.91608739228633       -3.68844342436795        1.39862973047595
H           -1.77242614275044       -3.71291469610626       -0.15375875996779
41
 energy: -65.040387400157 gnorm: 0.000101520489 xtb: 6.7.1 (edcfbbe)
C            5.12779115168658       -2.36313600390884       -1.49710549296783
C            4.14873130062483       -1.20750283329006       -1.55549868416922
O            3.14862762569418       -1.42105321711856       -0.53890672857362
P            2.21324510566157       -0.24919315949796       -0.01776611723192
S            3.13377599685163        1.41860244493800        0.46084687678889
O            1.40890966406037       -0.96500250384494        1.13857820721406
C            1.80694844137062       -0.87230902526231        2.52389197649293
C            3.06145007189631       -1.67359817040978        2.79860667208023
S            0.73861866542093       -0.09913521902400       -1.53096908161888
C            0.06203416752617        1.49969300339176       -1.00703254516677
S           -0.87117953665950        1.40197914724428        0.53531704338328
P           -2.57698529247089        0.40665342163950       -0.28764683194014
S           -3.09261624260110        0.96993936755439       -2.08699646883359
O           -3.64392019361331        0.50674614944953        0.88587983083686
C           -4.02976408357391        1.70526361672908        1.58561748201645
C           -4.57215520545307        2.77719950725695        0.66399993262632
O           -2.26543777064569       -1.13760861515471       -0.28166624372387
C           -1.91159195091625       -1.86389564010068        0.92234479180829
C           -1.15999707096098       -3.11241609077328        0.51184084529968
H            5.62584822033998       -2.38627141615860       -0.53208491267367
H            4.60148902713891       -3.30154796595094       -1.64509002576020
H            5.86985980397048       -2.24024500459020       -2.27927638287167
H            3.64607548350780       -1.15965510826806       -2.52545361188914
H            4.64481776292682       -0.25013416427203       -1.36298013720918
H            1.95614715225512        0.18325389365275        2.77263899479745
H            0.94898944236445       -1.26458196192365        3.07144605449898
H            3.90327414486516       -1.23747325757330        2.26251333753106
H            3.27334141967917       -1.65509907778447        3.86321946081698
H            2.93118231538987       -2.70177001505620        2.47225242412643
H           -0.59925668476830        1.83548708826476       -1.80708549376782
H            0.87894238404204        2.20168073867803       -0.83851240906238
H           -4.79368727607287        1.35625058237283        2.28290267427200
H           -3.16065719698745        2.07242207381766        2.13836566248215
H           -3.79349179249130        3.12159369361657       -0.01475743947515
H           -5.39593768799789        2.38757912476409        0.07086160750502
H           -4.92173337014384        3.61613325990784        1.25738618681379
H           -1.29376309256361       -1.21525171784557        1.55105513068229
H           -2.83773498762493       -2.10257637047494        1.44832912958263
H           -0.24170490560126       -2.84402124610145       -0.00520976809700
H           -0.91586453882542       -3.68831945360877        1.39871376687809
H           -1.77307647228456       -3.71338066185733       -0.15338488865418
41
 energy: -65.040387444554 gnorm: 0.000045407856 xtb: 6.7.1 (edcfbbe)
C            5.12792388347750       -2.36314491765368       -1.49718560760990
C            4.14870733526334       -1.20761312569608       -1.55536354179415
O            3.14858062033849       -1.42137185558301       -0.53885284132762
P            2.21327189100181       -0.24938144927381       -0.01777857588170
S            3.13384728889475        1.41849037533455        0.46054596924502
O            1.40884792039039       -0.96502804786827        1.13866336533357
C            1.80697102756331       -0.87218215461901        2.52390863555536
C            3.06147072041195       -1.67349902024413        2.79864019938394
S            0.73876402688884       -0.09911308147624       -1.53105281757687
C            0.06217169034138        1.49966028707617       -1.00703030510328
S           -0.87114584107413        1.40201495395348        0.53532259834185
P           -2.57697273134061        0.40674914811576       -0.28764520437740
S           -3.09269034471790        0.97003554896268       -2.08694861908157
O           -3.64393460753489        0.50672071739410        0.88589844864639
C           -4.02984850814028        1.70518072002847        1.58567051059593
C           -4.57217844763191        2.77717639750814        0.66405546164780
O           -2.26541580193053       -1.13753743325677       -0.28175180354375
C           -1.91173150580583       -1.86387087640291        0.92222206539805
C           -1.16011524928917       -3.11241478633262        0.51177957461190
H            5.62613377411327       -2.38632122471221       -0.53224001477610
H            4.60176421126849       -3.30163136730600       -1.64523081543742
H            5.86986237085187       -2.24002145618840       -2.27945442021257
H            3.64609820819508       -1.15966621035269       -2.52534230151308
H            4.64473999229354       -0.25024296885955       -1.36269324284869
H            1.95623943607483        0.18339589216232        2.77256913194380
H            0.94906463090174       -1.26435576421625        3.07160905082807
H            3.90330299568242       -1.23738776443320        2.26254222592974
H            3.27335053402261       -1.65499643275010        3.86326503482120
H            2.93117287084011       -2.70167253514297        2.47229648453165
H           -0.59917797662929        1.83547611293212       -1.80703929560939
H            0.87902039763577        2.20172245333534       -0.83854994720753
H           -4.79381529521784        1.35613900080688        2.28290752295945
H           -3.16080516759055        2.07233458761669        2.13852824195134
H           -3.79345843916004        3.12156516157813       -0.01463965785959
H           -5.39593943651832        2.38758089918503        0.07087294464539
H           -4.92176785468362        3.61610357694467        1.25744219738728
H           -1.29392216004047       -1.21534321864400        1.55106767756188
H           -2.83791476166519       -2.10256995171790        1.44814493197936
H           -0.24194478511823       -2.84396795132080       -0.00548596226311
H           -0.91571000678899       -3.68811783936962        1.39874136551217
H           -1.77327291055686       -3.71359518608692       -0.15322383993980
