----------------------------------------------- 
  Element       SASA      Sigma Z        Total  
     Z         Ang**2 cal/Ang**2/mol   kcal/mol 
----------------------------------------------- 
      H        233.711      48.690      11.379
      C         54.482     129.740       7.068
      O         26.278       0.000       0.000
      P          2.215       0.000       0.000
      S        110.324      -9.100      -1.004

 Subtotal:     427.009                  17.444
 -----------------------------------------------

  Elements    COT*SASA   Sigma Z,Z'     Total   
    Z,Z'       Ang**2  cal/Ang**2/mol kcal/mol  
 ---------------------------------------------- 
  H   C        157.154     -60.770      -9.550
  H   O          0.000       0.000       0.000
  C   C         31.602     -72.950      -2.305
  O   C          0.000      68.690       0.000
  O   O          0.000       0.000       0.000
  O   P         17.997      68.850       1.239

 Subtotal:                             -10.617
 ---------------------------------------------- 

 NONAQUEOUS SOLVENT CONTRIBUTION (kcal/mol):
 (proportional to SASA, atomic number independent)
 ---------------------------------------------- 
 Subtotal:                               0.000
 ---------------------------------------------- 

 CDS TOTAL (kcal/mol):                   6.827
...............................................................................
