----------------------------------------------- 
  Element       SASA      Sigma Z        Total  
     Z         Ang**2 cal/Ang**2/mol   kcal/mol 
----------------------------------------------- 
      H        238.086      48.690      11.592
      C         59.324     129.740       7.697
      O         26.230       0.000       0.000
      P          2.383       0.000       0.000
      S         98.214      -9.100      -0.894

 Subtotal:     424.239                  18.395
 -----------------------------------------------

  Elements    COT*SASA   Sigma Z,Z'     Total   
    Z,Z'       Ang**2  cal/Ang**2/mol kcal/mol  
 ---------------------------------------------- 
  H   C        160.544     -60.770      -9.756
  H   O          0.000       0.000       0.000
  C   C         34.062     -72.950      -2.485
  O   C          0.000      68.690       0.000
  O   O          0.000       0.000       0.000
  O   P         18.194      68.850       1.253

 Subtotal:                             -10.988
 ---------------------------------------------- 

 NONAQUEOUS SOLVENT CONTRIBUTION (kcal/mol):
 (proportional to SASA, atomic number independent)
 ---------------------------------------------- 
 Subtotal:                               0.000
 ---------------------------------------------- 

 CDS TOTAL (kcal/mol):                   7.407
...............................................................................
