
         ______________________________________________________________
        |                                                              |
        |                                                              |
        |                   CENSO - Commandline ENSO                   |
        |                           v 2.1.2                            |
        |    energetic sorting of CREST Conformer Rotamer Ensembles    |
        |                    University of Bonn, MCTC                  |
        |                           Oct 2024                           |
        |                 based on ENSO version 2.0.1                  |
        |             L. M. Seidler, F. Bohle and S. Grimme            |
        |                                                              |
        |______________________________________________________________|

        Please cite:
        (TBA)
        S. Grimme, F. Bohle, A. Hansen, P. Pracht, S. Spicher, and M. Stahn
        J. Phys. Chem. A 2021, 125, 19, 4039-4054.
        DOI: https://doi.org/10.1021/acs.jpca.1c00971

        This program is distributed in the hope that it will be useful,
        but WITHOUT ANY WARRANTY; without even the implied warranty of
        MERCHANTABILITY or FITNESS FOR A PARTICULAR PURPOSE.

Reading configuration file from /home/z5358697/.censo2rc.
CALL: /srv/scratch/z5358697/.censo/bin/censo -i crest_conformers.xyz --maxcores 11 -O 1 --loglevel DEBUG
Read 11 conformers.
Number of atoms:              10
Charge:                       0
Unpaired electrons:           0


----------------------------------------------------------------------------------------------------
                                          GENERAL SETTINGS                                          
----------------------------------------------------------------------------------------------------
    
imagthr:                      -100.0
sthr:                         0.0
scale:                        1.0
temperature:                  298.15
solvent:                      h2o
sm_rrho:                      alpb
multitemp:                    False
evaluate_rrho:                False
consider_sym:                 False
bhess:                        False
rmsdbias:                     False
balance:                      False
gas-phase:                    False
copy_mo:                      True
retry_failed:                 True
trange:                       [273.15, 373.15, 5]



----------------------------------------------------------------------------------------------------
                                            PRESCREENING                                            
----------------------------------------------------------------------------------------------------
    
threshold:                    4.0
func:                         pbe-d4
basis:                        def2-sv(p)
prog:                         orca
gfnv:                         gfn2
run:                          True
template:                     False


Running xtb_gsolv calculation for CONF3.
Running xtb_gsolv calculation for CONF1.
Running xtb_gsolv calculation for CONF6.
Running xtb_gsolv calculation for CONF4.
Running xtb_gsolv calculation for CONF5.
Running xtb_gsolv calculation for CONF2.
Running xtb_gsolv calculation for CONF7.
Running xtb_gsolv calculation for CONF8.
Running xtb_gsolv calculation for CONF9.
Running xtb_gsolv calculation for CONF10.
Running xtb_gsolv calculation for CONF11.
Running sp calculation for CONF1.
Running sp calculation for CONF2.
Running sp calculation for CONF3.
Running sp calculation for CONF5.
Running sp calculation for CONF4.
Running sp calculation for CONF6.
Running sp calculation for CONF7.
Running sp calculation for CONF8.
Running sp calculation for CONF9.
Running sp calculation for CONF10.
Running sp calculation for CONF11.



-------------------------------- PRESCREENING SINGLE-POINT RESULTS ---------------------------------

CONF#         E (xTB)          ΔE (xTB)          E (DFT)          ΔE (DFT)        ΔGsolv (xTB)          Gtot             ΔGtot          Boltzmann weight   
                [Eh]          [kcal/mol]          [Eh]           [kcal/mol]        [kcal/mol]           [Eh]           [kcal/mol]        % at 298.15 K     
CONF1        -15.451909          0.00          -229.727021          0.00           -6.600022         -229.737539          0.36               30.34         
CONF2        -15.450982          0.58          -229.723533          2.19           -6.976722         -229.734651          2.17                1.43         
CONF3        -15.450671          0.78          -229.726963          0.04           -6.998060         -229.738115          0.00               55.88         
CONF4        -15.450112          1.13          -229.723197          2.40           -7.155672         -229.734600          2.21                1.35         
CONF5        -15.450036          1.18          -229.722819          2.64           -7.043512         -229.734044          2.56                0.75         
CONF6        -15.448703          2.01          -229.722850          2.62           -7.581655         -229.734932          2.00                1.92         
CONF7        -15.447350          2.86          -229.722603          2.77           -8.068066         -229.735460          1.67                3.36         
CONF8        -15.449594          1.45          -229.724922          1.32           -6.414629         -229.735145          1.86                2.40         
CONF9        -15.445762          3.86          -229.721290          3.60           -8.131101         -229.734248          2.43                0.93         
CONF10       -15.444459          4.68          -229.720857          3.87           -8.466080         -229.734349          2.36                1.03         
CONF11       -15.444289          4.78          -229.720689          3.97           -8.260325         -229.733852          2.67                0.61         

Boltzmann averaged free energy/enthalpy of ensemble on input geometries (not DFT optimized):
temperature /K:   avE(T) /a.u.   avG(T) /a.u.
    298.15        -229.7264212    -229.7374904     <<==part0==
----------------------------------------------------------------------------------------------------

Number of conformers:         11
Highest ranked conformer:     CONF3


Ran prescreening in 5.00 seconds!

----------------------------------------------------------------------------------------------------
                                             SCREENING                                              
----------------------------------------------------------------------------------------------------
    
threshold:                    3.5
func:                         r2scan-3c
basis:                        def2-tzvp
prog:                         orca
sm:                           smd
gfnv:                         gfn2
run:                          True
implicit:                     False
template:                     False


Running gsolv calculation for CONF7.
Running gsolv calculation for CONF3.
Running gsolv calculation for CONF8.
Running gsolv calculation for CONF1.
Running gsolv calculation for CONF6.
Running gsolv calculation for CONF2.
Running gsolv calculation for CONF4.
Running gsolv calculation for CONF10.
Running gsolv calculation for CONF5.
Running gsolv calculation for CONF9.
Running gsolv calculation for CONF11.

----------------------------- SCREENING SINGLE-POINT (+ mRRHO) RESULTS -----------------------------

CONF#         G (xTB)          ΔG (xTB)          E (DFT)          ΔGsolv         GmRRHO          Gtot             ΔGtot          Boltzmann weight   
                [Eh]          [kcal/mol]          [Eh]             [Eh]           [Eh]           [Eh]           [kcal/mol]        % at 298.15 K     
CONF1        -15.462427          ---           -230.210457       -0.014266        ---         -230.224723          0.00               27.59         
CONF2        -15.462100          ---           -230.206754       -0.016007        ---         -230.222761          1.23                3.46         
CONF3        -15.461823          ---           -230.210466       -0.013610        ---         -230.224076          0.41               13.91         
CONF4        -15.461515          ---           -230.206537       -0.016136        ---         -230.222673          1.29                3.15         
CONF5        -15.461261          ---           -230.206544       -0.017461        ---         -230.224005          0.45               12.91         
CONF6        -15.460785          ---           -230.206426       -0.015492        ---         -230.221917          1.76                1.41         
CONF7        -15.460207          ---           -230.206219       -0.014944        ---         -230.221163          2.24                0.64         
CONF8        -15.459816          ---           -230.209117       -0.015610        ---         -230.224727          0.00               27.73         
CONF9        -15.458720          ---           -230.205484       -0.017938        ---         -230.223421          0.82                6.95         
CONF10       -15.457950          ---           -230.205266       -0.016626        ---         -230.221893          1.78                1.38         
CONF11       -15.457453          ---           -230.205310       -0.016151        ---         -230.221461          2.05                0.87         

Boltzmann averaged free energy/enthalpy of ensemble on input geometries (not DFT optimized):
temperature /K:   avE(T) /a.u.   avG(T) /a.u.
    298.15        -230.2087839    -230.2241889     <<==part1==
----------------------------------------------------------------------------------------------------


----------------------------------- SCREENING RANKING COMPARISON -----------------------------------

CONF#        ΔGtot prescreening       ΔGtot screening   
                 [kcal/mol]             [kcal/mol]      
CONF1               0.36                   0.00         
CONF2               2.17                   1.23         
CONF3               0.00                   0.41         
CONF4               2.21                   1.29         
CONF5               2.56                   0.45         
CONF6               2.00                   1.76         
CONF7               1.67                   2.24         
CONF8               1.86                   0.00         
CONF9               2.43                   0.82         
CONF10              2.36                   1.78         
CONF11              2.67                   2.05         
----------------------------------------------------------------------------------------------------



Number of conformers:         11
Highest ranked conformer:     CONF8


Ran screening in 22.70 seconds!

----------------------------------------------------------------------------------------------------
                                            OPTIMIZATION                                            
----------------------------------------------------------------------------------------------------
    
optcycles:                    8
maxcyc:                       200
threshold:                    1.5
hlow:                         0.01
gradthr:                      0.01
func:                         r2scan-3c
basis:                        def2-tzvp
prog:                         orca
sm:                           smd
gfnv:                         gfn2
optlevel:                     normal
run:                          True
macrocycles:                  True
crestcheck:                   True
template:                     False
constrain:                    False
xtb_opt:                      True


Optimization using macrocycles, 8 microcycles per step.
Running xtb_opt calculation for CONF3.
Running xtb_opt calculation for CONF1.
Running xtb_opt calculation for CONF5.
Running xtb_opt calculation for CONF9.
Running xtb_opt calculation for CONF2.
Running xtb_opt calculation for CONF8.
Running xtb_opt calculation for CONF10.
Running xtb_opt calculation for CONF6.
Running xtb_opt calculation for CONF11.
Running xtb_opt calculation for CONF4.
Running xtb_opt calculation for CONF7.
Running xtb_rrho calculation for CONF8.
Running xtb_rrho calculation for CONF1.
Running xtb_rrho calculation for CONF9.
Running xtb_rrho calculation for CONF3.
Running xtb_rrho calculation for CONF5.
Running xtb_rrho calculation for CONF4.
Running xtb_rrho calculation for CONF2.
Running xtb_rrho calculation for CONF6.
Running xtb_rrho calculation for CONF10.
Running xtb_rrho calculation for CONF11.
Running xtb_rrho calculation for CONF7.
CONF8 converged after 5 steps.
CONF1 converged after 8 steps.
CONF3 converged after 8 steps.
CONF5 converged after 7 steps.
CONF9 converged after 7 steps.
CONF2 converged after 4 steps.
CONF4 converged after 7 steps.
CONF6 converged after 4 steps.
CONF10 converged after 7 steps.
CONF7 converged after 4 steps.

----------------------------------- OPTIMIZATION CYCLE 8 UPDATE ------------------------------------

CONF#           Gtot             ΔGtot          grad_norm       converged   
                [Eh]           [kcal/mol]        [Eh/a0]                    
CONF1        -230.172368          0.00          0.000418          True      
CONF2        -230.170248          1.33          0.000465          True      
CONF3        -230.171765          0.38          0.000498          True      
CONF4        -230.169662          1.70          0.000416          True      
CONF5        -230.171311          0.66          0.000519          True      
CONF6        -230.169718          1.66          0.000330          True      
CONF7        -230.168328          2.53          0.000244          True      
CONF8        -230.172209          0.10          0.000370          True      
CONF9        -230.171754          0.39          0.000255          True      
CONF10       -230.170877          0.94          0.000808          True      
CONF11       -230.170708          1.04          0.008093          False     
----------------------------------------------------------------------------------------------------
Running xtb_opt calculation for CONF11.
No longer considering CONF4 (gradient too small and ΔG = 1.70).
No longer considering CONF6 (gradient too small and ΔG = 1.66).
No longer considering CONF7 (gradient too small and ΔG = 2.53).

----------------------------------- OPTIMIZATION CYCLE 16 UPDATE -----------------------------------

CONF#           Gtot             ΔGtot          grad_norm       converged   
                [Eh]           [kcal/mol]        [Eh/a0]                    
CONF1        -230.172368          0.00          0.000418          True      
CONF2        -230.170248          1.33          0.000465          True      
CONF3        -230.171765          0.38          0.000498          True      
CONF5        -230.171311          0.66          0.000519          True      
CONF8        -230.172209          0.10          0.000370          True      
CONF9        -230.171754          0.39          0.000255          True      
CONF10       -230.170877          0.94          0.000808          True      
CONF11       -230.171099          0.80          0.001629          False     
----------------------------------------------------------------------------------------------------
Running xtb_opt calculation for CONF11.
CONF11 converged after 35 steps.

----------------------------------- OPTIMIZATION CYCLE 24 UPDATE -----------------------------------

CONF#           Gtot             ΔGtot          grad_norm       converged   
                [Eh]           [kcal/mol]        [Eh/a0]                    
CONF1        -230.172368          0.00          0.000418          True      
CONF2        -230.170248          1.33          0.000465          True      
CONF3        -230.171765          0.38          0.000498          True      
CONF5        -230.171311          0.66          0.000519          True      
CONF8        -230.172209          0.10          0.000370          True      
CONF9        -230.171754          0.39          0.000255          True      
CONF10       -230.170877          0.94          0.000808          True      
CONF11       -230.171120          0.78          0.000942          True      
----------------------------------------------------------------------------------------------------
Running xtb_rrho calculation for CONF8.
Running xtb_rrho calculation for CONF1.
Running xtb_rrho calculation for CONF3.
Running xtb_rrho calculation for CONF5.
Running xtb_rrho calculation for CONF2.
Running xtb_rrho calculation for CONF9.
Running xtb_rrho calculation for CONF11.
Running xtb_rrho calculation for CONF10.

--------------------------------------- OPTIMIZATION RESULTS ---------------------------------------

CONF#        E (DFT) (+ ΔGsolv)       ΔE (DFT) (+ δΔGsolv)       GmRRHO          Gtot             ΔGtot          Boltzmann weight   
                    [Eh]                   [kcal/mol]             [Eh]           [Eh]           [kcal/mol]        % at 298.15 K     
CONF1           -230.226202                   0.00                ---         -230.172368          0.00               26.91         
CONF2           -230.223949                   1.41                ---         -230.170248          1.33                2.85         
CONF3           -230.225414                   0.49                ---         -230.171765          0.38               14.21         
CONF5           -230.225545                   0.41                ---         -230.171311          0.66                8.79         
CONF8           -230.225989                   0.13                ---         -230.172209          0.10               22.74         
CONF9           -230.224963                   0.78                ---         -230.171754          0.39               14.05         
CONF10          -230.224360                   1.16                ---         -230.170858          0.95                5.44         
CONF11          -230.224358                   1.16                ---         -230.170782          0.99                5.02         

Boltzmann averaged free energy/enthalpy of ensemble on optimized geometries:
temperature /K:   avE(T) /a.u.   avG(T) /a.u.
    298.15        -230.2255527    -230.1718447     <<==part2==
----------------------------------------------------------------------------------------------------


--------------------------------------- OPTIMIZATION RESULTS ---------------------------------------

CONF#        E (DFT) (+ ΔGsolv)       ΔE (DFT) (+ δΔGsolv)       GmRRHO          Gtot             ΔGtot          Boltzmann weight   
                    [Eh]                   [kcal/mol]             [Eh]           [Eh]           [kcal/mol]        % at 298.15 K     
CONF1           -230.226202                   0.00                ---         -230.172368          0.00               26.91         
CONF2           -230.223949                   1.41                ---         -230.170248          1.33                2.85         
CONF3           -230.225414                   0.49                ---         -230.171765          0.38               14.21         
CONF5           -230.225545                   0.41                ---         -230.171311          0.66                8.79         
CONF8           -230.225989                   0.13                ---         -230.172209          0.10               22.74         
CONF9           -230.224963                   0.78                ---         -230.171754          0.39               14.05         
CONF10          -230.224360                   1.16                ---         -230.170858          0.95                5.44         
CONF11          -230.224358                   1.16                ---         -230.170782          0.99                5.02         

Boltzmann averaged free energy/enthalpy of ensemble on optimized geometries:
temperature /K:   avE(T) /a.u.   avG(T) /a.u.
    298.15        -230.2255527    -230.1718447     <<==part2==
----------------------------------------------------------------------------------------------------


--------------------------------- OPTIMIZATION RANKING COMPARISON ----------------------------------

CONF#        ΔGtot prescreening       ΔGtot screening       ΔGtot optimization   
                 [kcal/mol]             [kcal/mol]              [kcal/mol]       
CONF1               0.36                   0.00                    0.00          
CONF2               2.17                   1.23                    1.33          
CONF3               0.00                   0.41                    0.38          
CONF5               2.56                   0.45                    0.66          
CONF8               1.86                   0.00                    0.10          
CONF9               2.43                   0.82                    0.39          
CONF10              2.36                   1.78                    0.95          
CONF11              2.67                   2.05                    0.99          
----------------------------------------------------------------------------------------------------



Number of conformers:         8
Highest ranked conformer:     CONF1


Ran optimization in 241.79 seconds!

----------------------------------------------------------------------------------------------------
                                             REFINEMENT                                             
----------------------------------------------------------------------------------------------------
    
threshold:                    0.95
func:                         wb97x-v
basis:                        def2-tzvp
prog:                         orca
sm:                           smd
gfnv:                         gfn2
run:                          True
implicit:                     False
template:                     False


Running gsolv calculation for CONF11.
Running gsolv calculation for CONF1.
Running gsolv calculation for CONF8.
Running gsolv calculation for CONF3.
Running gsolv calculation for CONF5.
Running gsolv calculation for CONF9.
Running gsolv calculation for CONF10.
Running gsolv calculation for CONF2.
No longer considering CONF1.
No longer considering CONF8.
No longer considering CONF3.
No longer considering CONF9.
No longer considering CONF5.
No longer considering CONF10.
No longer considering CONF11.

---------------------------- REFINEMENT SINGLE-POINT (+ mRRHO) RESULTS -----------------------------

CONF#          E (DFT)          ΔGsolv         GmRRHO          Gtot             ΔGtot          Boltzmann weight   
                [Eh]             [Eh]           [Eh]           [Eh]           [kcal/mol]        % at 298.15 K     
CONF1        -230.269020       -0.016205        ---         -230.285225          0.00               28.56         
CONF2        -230.265752       -0.017457        ---         -230.283209          1.27                3.38         
CONF3        -230.269740       -0.014911        ---         -230.284651          0.36               15.55         
CONF5        -230.264616       -0.019862        ---         -230.284478          0.47               12.94         
CONF8        -230.267634       -0.017337        ---         -230.284970          0.16               21.81         
CONF9        -230.264066       -0.019952        ---         -230.284018          0.76                7.96         
CONF10       -230.264369       -0.019205        ---         -230.283574          1.04                4.97         
CONF11       -230.264291       -0.019256        ---         -230.283547          1.05                4.83         

Boltzmann averaged free energy/enthalpy of ensemble (high level single-points):
temperature /K:   avE(T) /a.u.   avG(T) /a.u.
    298.15        -230.2672954    -230.2846562     <<==part3==
----------------------------------------------------------------------------------------------------


---------------------------------- REFINEMENT RANKING COMPARISON -----------------------------------

CONF#        ΔGtot prescreening       ΔGtot screening       ΔGtot optimization       ΔGtot refinement   
                 [kcal/mol]             [kcal/mol]              [kcal/mol]              [kcal/mol]      
CONF1               0.36                   0.00                    0.00                    0.00         
CONF2               2.17                   1.23                    1.33                    1.27         
CONF3               0.00                   0.41                    0.38                    0.36         
CONF5               2.56                   0.45                    0.66                    0.47         
CONF8               1.86                   0.00                    0.10                    0.16         
CONF9               2.43                   0.82                    0.39                    0.76         
CONF10              2.36                   1.78                    0.95                    1.04         
CONF11              2.67                   2.05                    0.99                    1.05         
----------------------------------------------------------------------------------------------------



Number of conformers:         8
Highest ranked conformer:     CONF1


Ran refinement in 78.83 seconds!

Ran CENSO in 00:05:48

CENSO all done!
