----------------------------------------------- 
  Element       SASA      Sigma Z        Total  
     Z         Ang**2 cal/Ang**2/mol   kcal/mol 
----------------------------------------------- 
      H        230.482      48.690      11.222
      C         55.497     129.740       7.200
      O         27.128       0.000       0.000
      P          2.101       0.000       0.000
      S         96.577      -9.100      -0.879

 Subtotal:     411.786                  17.544
 -----------------------------------------------

  Elements    COT*SASA   Sigma Z,Z'     Total   
    Z,Z'       Ang**2  cal/Ang**2/mol kcal/mol  
 ---------------------------------------------- 
  H   C        155.394     -60.770      -9.443
  H   O          0.000       0.000       0.000
  C   C         31.697     -72.950      -2.312
  O   C          0.000      68.690       0.000
  O   O          0.000       0.000       0.000
  O   P         18.783      68.850       1.293

 Subtotal:                             -10.462
 ---------------------------------------------- 

 NONAQUEOUS SOLVENT CONTRIBUTION (kcal/mol):
 (proportional to SASA, atomic number independent)
 ---------------------------------------------- 
 Subtotal:                               0.000
 ---------------------------------------------- 

 CDS TOTAL (kcal/mol):                   7.081
...............................................................................
