----------------------------------------------- 
  Element       SASA      Sigma Z        Total  
     Z         Ang**2 cal/Ang**2/mol   kcal/mol 
----------------------------------------------- 
      H        234.835      48.690      11.434
      C         55.154     129.740       7.156
      O         34.094       0.000       0.000
      P          2.023       0.000       0.000
      S        108.750      -9.100      -0.990

 Subtotal:     434.856                  17.600
 -----------------------------------------------

  Elements    COT*SASA   Sigma Z,Z'     Total   
    Z,Z'       Ang**2  cal/Ang**2/mol kcal/mol  
 ---------------------------------------------- 
  H   C        157.939     -60.770      -9.598
  H   O          0.000       0.000       0.000
  C   C         31.971     -72.950      -2.332
  O   C          0.000      68.690       0.000
  O   O          0.000       0.000       0.000
  O   P         23.361      68.850       1.608

 Subtotal:                             -10.322
 ---------------------------------------------- 

 NONAQUEOUS SOLVENT CONTRIBUTION (kcal/mol):
 (proportional to SASA, atomic number independent)
 ---------------------------------------------- 
 Subtotal:                               0.000
 ---------------------------------------------- 

 CDS TOTAL (kcal/mol):                   7.278
...............................................................................
