41
 energy: -65.040203679609 gnorm: 0.051368642353 xtb: 6.7.1 (edcfbbe)
C            1.64499913970397       -2.79118391731673        1.18862716668142
C            1.57543014153403       -1.34683163083957        1.62277708763529
O            2.71262717185887       -0.56707712046597        1.12294827481309
P            2.78766478934900        0.06483133969369       -0.35078739678251
S            3.15136283530669       -1.13424102374417       -1.84063166980036
O            3.95278953087132        1.14847116107654       -0.14916445693885
C            4.24886651817723        1.80813362590902        1.13828451668406
C            3.15272057214513        2.74597086630941        1.58244876159216
S            1.02596295829478        1.25328743633462       -0.60020683001666
C            0.03317008943472        0.28692500706961       -1.79676356438794
S           -0.95359717715021       -1.11860301188382       -1.15238053057259
P           -2.43183966765853       -0.08445128702331       -0.04001103253169
S           -3.13055349472333        1.55212134837117       -0.83217429457664
O           -1.71029809807199        0.04783208137034        1.38426362324743
C           -2.17476725520835        0.96412142136985        2.43738280543751
C           -0.99939371242638        1.79023956456421        2.89584550548490
O           -3.48140079536712       -1.26675292216804        0.25588021466901
C           -4.67858511742322       -1.51639016868774       -0.55864955044307
C           -4.35524469905345       -2.19530924846583       -1.86747492879029
H            1.49160779499023       -2.89609973231420        0.11153425801872
H            2.60899290529513       -3.23511991438672        1.45846723222364
H            0.85208089614356       -3.34292141357458        1.70464271440869
H            1.65159351719984       -1.25203703714179        2.70885371536965
H            0.64962583466526       -0.86452977370853        1.29395189122848
H            4.45156122356230        1.03270935929183        1.88032270263095
H            5.17290854528768        2.34874036451673        0.92735505635782
H            3.50812624693763        3.30076006975671        2.45768769949183
H            2.90752876264395        3.46798845820661        0.79677802810903
H            2.24669409612920        2.20684218906036        1.88042078939721
H            0.70347032388852       -0.14257806310940       -2.54877739676129
H           -0.63743572534041        1.00533518027979       -2.27727886161499
H           -2.98119520951072        1.59088069215981        2.04534858922742
H           -2.56862191326342        0.33116804011068        3.23685669126494
H           -0.64426524088052        2.44566416042424        2.09533580746243
H           -1.31083456427477        2.41069761597032        3.74319775198159
H           -0.17564007667467        1.14779368549311        3.22384305100340
H           -5.28892832889323       -2.15570921762880        0.08142422916431
H           -5.19547035033609       -0.56367981710148       -0.70982927795005
H           -5.29873032100547       -2.47469423188923       -2.34769464243394
H           -3.81156242955936       -1.53293658527053       -2.54637918702209
H           -3.76983905229405       -3.10574701858485       -1.70681019863536
41
 energy: -65.044733536702 gnorm: 0.027243530475 xtb: 6.7.1 (edcfbbe)
C            1.64168932420840       -2.78949614996410        1.18645210199605
C            1.57285869824544       -1.34525428098774        1.62342480091395
O            2.68824352021507       -0.56028009148620        1.12428280804835
P            2.75362439157350        0.08204144763105       -0.34081374841079
S            3.13110079991800       -1.12377129729484       -1.83638975511782
O            3.93108823453810        1.14057199014524       -0.14094427142004
C            4.24199476325987        1.80215138783643        1.12820342752938
C            3.15224261030944        2.74505293594049        1.57940873852802
S            0.95975877458971        1.23815852384567       -0.53245918021690
C            0.04155810746567        0.28830611419509       -1.78708023165362
S           -0.89468856954638       -1.12116947124780       -1.10592280937669
P           -2.41534694089188       -0.09853648518816       -0.05633895578522
S           -3.15209650585865        1.55328679322119       -0.81753830065675
O           -1.70364052852560        0.04253108234267        1.36600767123556
C           -2.16550464150544        0.95290948608046        2.41270092549154
C           -0.99956417606473        1.78856308500052        2.88898180568544
O           -3.48253406022110       -1.25460755072005        0.25350748221558
C           -4.66790811721261       -1.50420446231962       -0.55357020637258
C           -4.34990675175023       -2.18901770136364       -1.86241501166235
H            1.49772878561673       -2.88233541062809        0.11098585527848
H            2.60596863101029       -3.22119056116774        1.44946585259200
H            0.85466855586038       -3.34577006513661        1.69333632851337
H            1.66446285199154       -1.25389945827321        2.70781098471763
H            0.64273108794329       -0.87142455098169        1.29755355371917
H            4.43714665316422        1.02720975079675        1.87088772538146
H            5.16604418770115        2.33689128076885        0.90201965269042
H            3.50538036063015        3.29761319184414        2.44966821654780
H            2.90482553240938        3.45326952615950        0.79078110940218
H            2.25036087888713        2.20096667529845        1.85880693446534
H            0.73312251245037       -0.13705400765989       -2.51828958716577
H           -0.64610547575668        0.99584874522355       -2.25281762439234
H           -2.96860735125294        1.57902163258721        2.01377737519663
H           -2.56038444608204        0.31963561317717        3.21017003305241
H           -0.64210544364960        2.43544390475600        2.08939211518569
H           -1.31713531379426        2.40609532630356        3.72782418471676
H           -0.18373209682103        1.14657038552261        3.21619774633531
H           -5.27805502681176       -2.14021431852152        0.09007469194727
H           -5.17357635096603       -0.54846432821624       -0.71815990912800
H           -5.28521292812800       -2.46642743693504       -2.34730904053381
H           -3.79767017499721       -1.52624702278975       -2.52756396748929
H           -3.76124369784791       -3.08915369576136       -1.69464517767731
41
 energy: -65.046575745084 gnorm: 0.011429275326 xtb: 6.7.1 (edcfbbe)
C            1.64072548554702       -2.78818774757860        1.18311310838741
C            1.57055947662732       -1.34642012909859        1.63619349085209
O            2.66510020703133       -0.56014016374212        1.13544400143032
P            2.71693513606920        0.09389732129331       -0.31974370549071
S            3.06841455725033       -1.08960191538351       -1.84151923420734
O            3.90349253561546        1.12824317587793       -0.13151163673558
C            4.23357883183360        1.79550577612004        1.11556632203405
C            3.14771006265556        2.74412510426201        1.57173893643108
S            0.91598073772932        1.23994065563961       -0.48626753013445
C            0.03393040796259        0.28829164559678       -1.75361303785378
S           -0.87769998382233       -1.14516535736907       -1.10686846160263
P           -2.39060221878607       -0.11183854648035       -0.06535681503246
S           -3.13583704584582        1.53525687945686       -0.83631025524732
O           -1.69022536269186        0.03997285763228        1.35392762730243
C           -2.15777705088574        0.94026573407360        2.39045741590716
C           -0.99732577916362        1.78432723834963        2.87767205680624
O           -3.47450089041769       -1.24190448075163        0.25243783444974
C           -4.64919737475274       -1.48764385298736       -0.54557697817692
C           -4.33295373775290       -2.17888151239855       -1.85482711487818
H            1.50294164189088       -2.86127814150694        0.10689186755711
H            2.60611583440588       -3.21310360621958        1.43838276657134
H            0.85670741280681       -3.35071589373944        1.67765475086625
H            1.67528435963567       -1.26720652985358        2.71987874631391
H            0.63134737678295       -0.88237711178116        1.32263496032600
H            4.42820230448920        1.02740423905014        1.86465454988064
H            5.15614770739944        2.32562567336543        0.87281390534737
H            3.49890087342118        3.29312496462101        2.43894586299896
H            2.90031221621598        3.44415595392087        0.78037975847193
H            2.24907389096916        2.19399933961471        1.83790749726177
H            0.75192016326303       -0.12015354799326       -2.46692486059443
H           -0.66022184160483        0.98259846093145       -2.22301854586454
H           -2.95744938247696        1.56547263851273        1.98260859683857
H           -2.55519926597025        0.30797016384375        3.18642566415138
H           -0.63705590626376        2.42366763406319        2.07689163362871
H           -1.32689913524113        2.40056823758448        3.70657558841243
H           -0.18761650875712        1.14328268277449        3.20944559058025
H           -5.26405946171373       -2.11904048871763        0.09796876768397
H           -5.14852672614809       -0.53068329101322       -0.72349882971718
H           -5.26215416789987       -2.45188055736405       -2.34436206772139
H           -3.77225137603442       -1.51413126299844       -2.50816591847810
H           -3.74424733906922       -3.07372170757395       -1.67958196442968
41
 energy: -65.047094780116 gnorm: 0.006660877607 xtb: 6.7.1 (edcfbbe)
C            1.64100230352022       -2.79012263285381        1.17974493776661
C            1.56765883986576       -1.35161784940483        1.65077718366174
O            2.64909850095210       -0.56073480089157        1.14343680279801
P            2.69280322847543        0.09557664145566       -0.30827385778704
S            3.03098934713100       -1.07734606223641       -1.84084348996825
O            3.88177195131876        1.11803732465598       -0.13102198320911
C            4.22548567381243        1.79264077477739        1.10324202904641
C            3.14091786193550        2.74464570461345        1.56200969885218
S            0.88876017649348        1.24337149118053       -0.45140363930529
C            0.03309123320149        0.29539103658207       -1.73429179587826
S           -0.86872161978755       -1.14962654991662       -1.10454346119274
P           -2.38377190724766       -0.12186729884861       -0.06524733602536
S           -3.10627295226385        1.52154570601355       -0.86286427575382
O           -1.67901358609434        0.03568756346659        1.34593855166185
C           -2.15156007429818        0.93147415188612        2.37683961104694
C           -0.99372886180154        1.77995359335452        2.86754220448057
O           -3.47494497813365       -1.23734607107008        0.25973524607358
C           -4.64209648646392       -1.47856286677048       -0.53863863998939
C           -4.31568304635053       -2.17077655394051       -1.84743639229292
H            1.50407096951096       -2.84572712697788        0.10146440584169
H            2.60857390491371       -3.21507127226843        1.42901103973315
H            0.85742448871345       -3.36136606934984        1.66460371585279
H            1.68031179801278       -1.28639217813344        2.73503106743461
H            0.61792264906606       -0.89482746881655        1.35525441880533
H            4.42791089150131        1.03425574542882        1.86104561956137
H            5.14554603056351        2.32204831649922        0.85040709458947
H            3.49142275153388        3.29136785346165        2.43014057654731
H            2.89476607226966        3.44538522576270        0.76985639043426
H            2.24256986337422        2.19183293609180        1.82628433050558
H            0.76643569536399       -0.09427032969705       -2.44340041444893
H           -0.66878935579903        0.98003883442864       -2.20625031753955
H           -2.95042273692324        1.55746066117165        1.96719863531712
H           -2.55194550577024        0.30203012421522        3.17349988580655
H           -0.63012398933127        2.41496555747474        2.06415762252462
H           -1.33257010043431        2.39941356475787        3.69013287364454
H           -0.18581381062302        1.14019415672482        3.20758621102482
H           -5.26623426111326       -2.10621789294832        0.09940743039829
H           -5.13908433291155       -0.52117670918646       -0.72527916737583
H           -5.24050190041714       -2.44027298429783       -2.34609901651889
H           -3.74676613039767       -1.50402863590636       -2.49314429169881
H           -3.72890793106394       -3.06634507845467       -1.66614516009885
41
 energy: -65.047265531746 gnorm: 0.005272883179 xtb: 6.7.1 (edcfbbe)
C            1.64063204931828       -2.79507554432937        1.17700911385183
C            1.56638081478641       -1.36093229735288        1.66463379760073
O            2.64052879460347       -0.56263043664708        1.15372240612615
P            2.68200292836950        0.09245182097570       -0.29762279563303
S            3.01366044894552       -1.07723228184412       -1.83367470310363
O            3.87150449529481        1.10997979786800       -0.12949217188637
C            4.22093971758382        1.79474656121666        1.09686017976372
C            3.13542719320969        2.74704789481601        1.55487086611937
S            0.87798716190715        1.23972465483655       -0.44262089256479
C            0.02002011310452        0.30093925159432       -1.72499171710800
S           -0.86457542278019       -1.16205631633289       -1.10688327696712
P           -2.37673832115312       -0.12446996206765       -0.06826092991832
S           -3.09508934319239        1.51806448070286       -0.87166051989739
O           -1.66711110680545        0.03647499182092        1.33778192341610
C           -2.14695698779724        0.92805757399054        2.36845225983313
C           -0.99144134388461        1.77845829231139        2.86151299292615
O           -3.47098921706408       -1.23168295447008        0.26493584769946
C           -4.63563424553890       -1.47185872906590       -0.53644643671942
C           -4.30082543834660       -2.16500983800339       -1.84329676349483
H            1.50282689022199       -2.83685329100397        0.09743335214762
H            2.60924359375735       -3.22311559378325        1.42112311920897
H            0.85682653756455       -3.37417868010021        1.65426653462366
H            1.68622809434496       -1.30702143087163        2.74918768175711
H            0.61047575041549       -0.90596063905306        1.38446369231207
H            4.43130735627778        1.04396397645917        1.86098597290444
H            5.13825074876566        2.32497167853487        0.83629586354286
H            3.48465445522883        3.29337665866284        2.42480774149961
H            2.88996635642618        3.44986286259547        0.76289357902034
H            2.23627042957815        2.19392769082121        1.82014775853655
H            0.75580668313746       -0.07330757082455       -2.43944999810887
H           -0.68821966741536        0.98230307043291       -2.19392558995726
H           -2.94620486292599        1.55428547273683        1.95899881750972
H           -2.54960134236922        0.29890083292832        3.16462994501037
H           -0.62363431765643        2.41029240793905        2.05643102433896
H           -1.33488129487022        2.40230196332658        3.68007292085810
H           -0.18391139150623        1.14045728433868        3.20906205694049
H           -5.26678464128890       -2.09734667382855        0.09696666595375
H           -5.13281842001958       -0.51498201595453       -0.72776200022366
H           -5.22222191162232       -2.43281986849881       -2.35078394133726
H           -3.72519534574938       -1.49806206519678       -2.48409456772560
H           -3.71652532655144       -3.06237249764695       -1.65711546452943
41
 energy: -65.047353155320 gnorm: 0.003690804221 xtb: 6.7.1 (edcfbbe)
C            1.63937065244832       -2.80051083182298        1.17495876449215
C            1.56485953820900       -1.37067641817633        1.67443018709974
O            2.63391183696318       -0.56423325806150        1.16110250009389
P            2.67539823823714        0.08701420396064       -0.29194763272968
S            3.00503303580175       -1.08526857658828       -1.82645418969350
O            3.86461035811025        1.10375456205606       -0.12932779321939
C            4.21631893985775        1.79849211874760        1.09234034931139
C            3.13034411728218        2.75019608082061        1.54912267295613
S            0.87533219396052        1.24142986906917       -0.43847872145057
C            0.02155352730448        0.30567604903308       -1.72496105809135
S           -0.86540891538913       -1.15888968414169       -1.11345267247974
P           -2.37627924728441       -0.12715761357420       -0.06640563825231
S           -3.09052960441025        1.51442838448144       -0.87451856063205
O           -1.66058013534779        0.03671455246356        1.33577172803197
C           -2.14417901093792        0.92791325846020        2.36678948560711
C           -0.98994709337503        1.77869400890550        2.86005284438270
O           -3.47287610905352       -1.22910971251232        0.27292488203998
C           -4.63416741219875       -1.46931913584882       -0.53628519460583
C           -4.29028249552556       -2.16173997542165       -1.84078212125331
H            1.50001306016103       -2.83371235130095        0.09526813231794
H            2.60824034629228       -3.23157808787836        1.41484687073836
H            0.85586099009393       -3.38464007070682        1.64782477972195
H            1.69299287084173       -1.32410822395647        2.75857194773706
H            0.60612111751081       -0.91504470668667        1.40552308106205
H            4.43331517896434        1.05304969781948        1.86020828361988
H            5.13104448965491        2.32995543136954        0.82511153973769
H            3.47909693460968        3.29684981248243        2.42011046741076
H            2.88490272699786        3.45444798887053        0.75782720213969
H            2.23052496589009        2.19781295184747        1.81585029897500
H            0.75268920917536       -0.06093735378127       -2.44726327725137
H           -0.69198685385521        0.98679066124221       -2.18752667217197
H           -2.94360386344481        1.55334940517556        1.95614144557855
H           -2.54841128482619        0.29800100698372        3.16180049183637
H           -0.61846755504365        2.40705887961110        2.05333234543538
H           -1.33438657913752        2.40732954160548        3.67528947713078
H           -0.18300005981652        1.14215520470815        3.21334194480615
H           -5.27011770823604       -2.09413483270722        0.09295328155987
H           -5.13028505241020       -0.51216187004919       -0.72959815305114
H           -5.20806073435612       -2.42848785690679       -2.35667036254876
H           -3.70882412264301       -1.49514903444621       -2.47722524652605
H           -3.70855982677104       -3.06063354311262       -1.65113336553925
41
 energy: -65.047400102061 gnorm: 0.002109164056 xtb: 6.7.1 (edcfbbe)
C            1.63752041648041       -2.80516915925795        1.17274524562387
C            1.56348075324368       -1.37921322245330        1.68038896815488
O            2.62906354671279       -0.56519607699540        1.16717755925004
P            2.67336711716530        0.08157099691864       -0.28815530646231
S            3.00229101982687       -1.09612895383118       -1.81870807285815
O            3.86280844653868        1.09856140783541       -0.12753026469869
C            4.21310534706868        1.80258778950082        1.09086906131269
C            3.12605203664808        2.75307528702919        1.54486235682961
S            0.87562800816619        1.23952293352430       -0.44006821661709
C            0.01882000804160        0.30848563201705       -1.72735977353485
S           -0.86741080104309       -1.15668612136041       -1.11497407982515
P           -2.37712658310287       -0.12492383088487       -0.06605603761347
S           -3.09458755071146        1.51676861526215       -0.87165190306481
O           -1.65591750046343        0.03961079168419        1.33381786859411
C           -2.14163940399993        0.92958320765633        2.36720358793105
C           -0.98875127522950        1.78022382410125        2.86139323098028
O           -3.47310840110167       -1.22585306071518        0.27736592551472
C           -4.63196998005309       -1.46852132394335       -0.53820630747521
C           -4.28137143961873       -2.15995298648504       -1.84037980241753
H            1.49652575496423       -2.83320678954084        0.09358443093630
H            2.60615198166638       -3.23855743390474        1.40907864852629
H            0.85462019542949       -3.39167432729345        1.64352769137070
H            1.69964535388609       -1.33802485164741        2.76359895424949
H            0.60381515207419       -0.92217384466612        1.41924696644743
H            4.43432911099800        1.06105600325261        1.86102127340085
H            5.12534603506848        2.33544111791459        0.81798034809915
H            3.47410430321764        3.30080964116005        2.41580373827995
H            2.88025848427177        3.45703534946519        0.75361032352062
H            2.22620786424368        2.20110268330682        1.81216225858877
H            0.74557493703517       -0.05713080623587       -2.45415144083581
H           -0.69616092622822        0.99194083949048       -2.18478059559692
H           -2.94127176627548        1.55388262515322        1.95550895037307
H           -2.54627246699213        0.29718876179452        3.15999344418173
H           -0.61456167589095        2.40603069330939        2.05399165927691
H           -1.33367306796221        2.41199470206463        3.67402070834129
H           -0.18293241682688        1.14453620932173        3.21859900185024
H           -5.26876087823736       -2.09416413278020        0.08909084522497
H           -5.12741890090443       -0.51128102151606       -0.73161471421625
H           -5.19631691848604       -2.42609357965815       -2.36150666929940
H           -3.69624068701116       -1.49389163858806       -2.47362630856770
H           -3.70164256830491       -3.05954541797177       -1.64840920944939
41
 energy: -65.047416215645 gnorm: 0.001368423101 xtb: 6.7.1 (edcfbbe)
C            1.63593505089818       -2.80766437077562        1.17053672972460
C            1.56230729385143       -1.38407148614100        1.68311920614678
O            2.62508217375186       -0.56519510713817        1.17039690003690
P            2.67094898593246        0.07868948722434       -0.28646217603474
S            2.99985977899054       -1.10273260978016       -1.81425523959980
O            3.86182060309940        1.09485340712163       -0.12588175891073
C            4.21081995288282        1.80454221611501        1.09021168354030
C            3.12265392367776        2.75430869726285        1.54167131331560
S            0.87558972028285        1.24013212505378       -0.44111932620779
C            0.01809027590936        0.30924260937942       -1.72853141425735
S           -0.86891873769868       -1.15536363985670       -1.11579466871734
P           -2.37711841954719       -0.12270662781352       -0.06573140629925
S           -3.09778116226995        1.51939846935822       -0.86858272421039
O           -1.65414749566321        0.04234844768868        1.33385953624630
C           -2.14034995052941        0.93167243859014        2.36851209047868
C           -0.98800581292954        1.78189294495358        2.86388789892510
O           -3.47284208064548       -1.22347488868065        0.27926219303070
C           -4.62985342945928       -1.46854021406362       -0.53976693319086
C           -4.27525363464531       -2.15915518308667       -1.84065244732632
H            1.49335076646829       -2.83277393465685        0.09179558261547
H            2.60468591785879       -3.24183926993692        1.40383380397579
H            0.85396691863233       -3.39526262514375        1.64094740618431
H            1.70398436499019       -1.34662893647844        2.76548036575549
H            0.60191330693565       -0.92662630439383        1.42663872776534
H            4.43378495281757        1.06572011264442        1.86205187968810
H            5.12142745510069        2.33820233841089        0.81368939984939
H            3.47000527778843        3.30346857281203        2.41172544111501
H            2.87645851384921        3.45661374108683        0.74947305274921
H            2.22334263075752        2.20200450953316        1.80884955016420
H            0.74423080380887       -0.05831425889743       -2.45513510785064
H           -0.69602753395335        0.99409305493981       -2.18487194238526
H           -2.93976969595758        1.55562957808388        1.95624956523530
H           -2.54483511593577        0.29763987431866        3.15984433499597
H           -0.61197971832673        2.40601190422581        2.05632655457010
H           -1.33396071175627        2.41512486460037        3.67456824266704
H           -0.18364457730108        1.14623276505258        3.22349798015380
H           -5.26584266469307       -2.09555021518697        0.08677354460465
H           -5.12544533209061       -0.51167467457067       -0.73352182252942
H           -5.18842763271354       -2.42492795174365       -2.36442994791292
H           -3.68819770342328       -1.49308770481384       -2.47164548714170
H           -3.69627659444099       -3.05861162326436       -1.64735623663335
41
 energy: -65.047422951185 gnorm: 0.000982266657 xtb: 6.7.1 (edcfbbe)
C            1.63448456113505       -2.80884805475557        1.16768797805601
C            1.56122444375693       -1.38693250586404        1.68487494945570
O            2.62156259353900       -0.56482262627764        1.17307556899952
P            2.66905634946512        0.07691888496091       -0.28486555757386
S            2.99695062836633       -1.10610131566432       -1.81154499468114
O            3.86218116612497        1.09122374812099       -0.12365017564200
C            4.20927223523277        1.80520394525319        1.09012501214896
C            3.11926866843740        2.75443919268313        1.53851801528184
S            0.87599180011441        1.24021891844278       -0.44327207433214
C            0.01758573162722        0.30922201133588       -1.73043336547345
S           -0.86979327575399       -1.15318808407649       -1.11414479120211
P           -2.37730804979619       -0.12030983053423       -0.06469357758356
S           -3.09826134555960        1.52207026219620       -0.86691214351816
O           -1.65422764908564        0.04486343871964        1.33536376614880
C           -2.13973382495884        0.93395969930213        2.37039632858327
C           -0.98727144243107        1.78361415969139        2.86700942442611
O           -3.47286376832623       -1.22144561118389        0.28030074809757
C           -4.62787287222964       -1.46915195067156       -0.54071582056189
C           -4.26982146147592       -2.15876855033625       -1.84112395700356
H            1.48958018296229       -2.83116357094649        0.08922854216301
H            2.60387246328518       -3.24316709784874        1.39733352203276
H            0.85387603555562       -3.39777495548033        1.63835891948356
H            1.70655201090045       -1.35340187678488        2.76658184516204
H            0.59975847360951       -0.92975385697964        1.43232008856360
H            4.43292185894549        1.06908026613610        1.86405887618465
H            5.11866941904559        2.33950646644370        0.81146487420264
H            3.46523779910261        3.30599890689353        2.40719325413118
H            2.87249715217323        3.45400206989198        0.74427792798121
H            2.22095296765238        2.20102436789624        1.80576647408354
H            0.74493220988060       -0.06166310661661       -2.45433004584544
H           -0.69470883719519        0.99457808055818       -2.18818303601229
H           -2.93857287633483        1.55842951273493        1.95806615324700
H           -2.54421120489929        0.29937626123874        3.16107368314978
H           -0.60933455584082        2.40637302176026        2.05951819817121
H           -1.33488080675633        2.41784403497238        3.67585650555441
H           -0.18461585631774        1.14756437263488        3.22897025523829
H           -5.26263692692479       -2.09797538440050        0.08515552224572
H           -5.12482959223721       -0.51330367661281       -0.73521081238235
H           -5.18154440549647       -2.42446225688910       -2.36695277492277
H           -3.68166125432682       -1.49193464014565       -2.47005340794799
H           -3.69069808066162       -3.05772213776517       -1.64702555378342
41
 energy: -65.047425859523 gnorm: 0.000569271670 xtb: 6.7.1 (edcfbbe)
C            1.63382594564588       -2.80843644666374        1.16595614420792
C            1.56059692132585       -1.38676861726731        1.68456783150590
O            2.62014654511147       -0.56430508826212        1.17284838903593
P            2.66827078308810        0.07662948970168       -0.28548674549889
S            2.99849737239628       -1.10669270588953       -1.81129622170167
O            3.86239266913079        1.08992761118363       -0.12339377053867
C            4.20860150173461        1.80444974686878        1.08983006747447
C            3.11768123309573        2.75359039811795        1.53711067724486
S            0.87590441861743        1.24184023599074       -0.44286552930466
C            0.01840459383327        0.30798579161630       -1.72923973021160
S           -0.86938902854094       -1.15403672237143       -1.11272840275267
P           -2.37662037901498       -0.11892607960165       -0.06431398284234
S           -3.09715271916228        1.52341310455479       -0.86665919874565
O           -1.65511355890089        0.04594409241234        1.33671064652163
C           -2.14012269958642        0.93515737768061        2.37137844507825
C           -0.98716881532880        1.78429783236943        2.86854738109146
O           -3.47226935717350       -1.22049680133766        0.27987021866056
C           -4.62678688977821       -1.46955299442956       -0.54073998129639
C           -4.26801802994945       -2.15873164057549       -1.84147551184593
H            1.48701219545680       -2.82979767119833        0.08766384482096
H            2.60399442137069       -3.24227023586506        1.39352500366988
H            0.85432969869611       -3.39833869838567        1.63739159335678
H            1.70607451668107       -1.35463193513166        2.76626579462850
H            0.59852182599876       -0.93004568957850        1.43320195823738
H            4.43226420340399        1.06938726557147        1.86486710013555
H            5.11791863518228        2.33910416031352        0.81176379081390
H            3.46293711431787        3.30689624656150        2.40495157680871
H            2.87035307180258        3.45160937139466        0.74156527363354
H            2.22002129134057        2.19942718499036        1.80522168122129
H            0.74655743656535       -0.06349064977364       -2.45217262687604
H           -0.69327925324829        0.99265391330545       -2.18895176915154
H           -2.93848220873544        1.56050108745839        1.95938600726079
H           -2.54506418481920        0.30125717880456        3.16241957347825
H           -0.60817777019029        2.40667106869725        2.06120237463066
H           -1.33538882560851        2.41892478292958        3.67688118468417
H           -0.18522600384396        1.14786002603405        3.23153676267011
H           -5.26093057754125       -2.09936644231711        0.08485083772402
H           -5.12554347499521       -0.51467774602194       -0.73554621516115
H           -5.17949875946974       -2.42485337450078       -2.36758559376966
H           -3.68027860109136       -1.49111988273011       -2.47005013765715
H           -3.68821459351284       -3.05736801262247       -1.64754439691520
41
 energy: -65.047427210464 gnorm: 0.000452543044 xtb: 6.7.1 (edcfbbe)
C            1.63324836275904       -2.80792491861584        1.16475755822801
C            1.56035402392376       -1.38637544730032        1.68431104553725
O            2.62021420687306       -0.56448199468838        1.17317968286875
P            2.66935773344727        0.07649217715231       -0.28510797208901
S            2.99857284552104       -1.10574391575932       -1.81200823086909
O            3.86371393464815        1.08934619862568       -0.12266229251334
C            4.20872910608247        1.80405626612716        1.09033020814977
C            3.11688189840461        2.75288439766026        1.53655678992923
S            0.87738990145594        1.24143632207849       -0.44495162214811
C            0.01895252094025        0.30699441339563       -1.73005965807428
S           -0.86887992324744       -1.15370567856023       -1.11109223821279
P           -2.37652497644735       -0.11868781143046       -0.06331065292844
S           -3.09503978019370        1.52352160668677       -0.86734924093527
O           -1.65621907032720        0.04599251768255        1.33826809370741
C           -2.14070118452205        0.93595852648365        2.37210468567306
C           -0.98726246430468        1.78457905915360        2.86938427311260
O           -3.47264520410303       -1.22020416562353        0.28019122050929
C           -4.62656554722332       -1.46996516765051       -0.54041147740416
C           -4.26717946802901       -2.15861273334075       -1.84152242105128
H            1.48486334383486       -2.82856916246028        0.08661345223004
H            2.60401739382418       -3.24139896973843        1.39075223575182
H            0.85466335881986       -3.39865108942278        1.63683026135107
H            1.70507727786446       -1.35493457067617        2.76621644106751
H            0.59829384617970       -0.92939197073709        1.43319748580534
H            4.43217590732666        1.06940968441290        1.86597396530409
H            5.11821408495883        2.33909732793864        0.81333055674437
H            3.46151028121939        3.30778920310982        2.40374969763106
H            2.86890916371629        3.44970339722095        0.74003175925255
H            2.21969803968389        2.19823639931624        1.80572971720337
H            0.74675588647554       -0.06475080783706       -2.45302126122945
H           -0.69299212876803        0.99111304280641       -2.19041275457335
H           -2.93860623587893        1.56196923851108        1.96005658963792
H           -2.54644891432036        0.30303220869937        3.16363889891431
H           -0.60750934627064        2.40656747789402        2.06200131571419
H           -1.33533848308251        2.41974056989753        3.67751588771223
H           -0.18571806703417        1.14781418178640        3.23297400791282
H           -5.26063295331180       -2.10039523401234        0.08473815568537
H           -5.12661953153765       -0.51568937014877       -0.73533040731517
H           -5.17850239502060       -2.42538749802272       -2.36782492979424
H           -3.68000029576058       -1.49029333306400       -2.47002410217245
H           -3.68662648427230       -3.05694984551720       -1.64788037999671
41
 energy: -65.047427692335 gnorm: 0.000215448544 xtb: 6.7.1 (edcfbbe)
C            1.63283967589429       -2.80801095072976        1.16430408569146
C            1.56014600695279       -1.38668169383827        1.68411132918193
O            2.62016091646670       -0.56463236346576        1.17309988208479
P            2.66975091237320        0.07618143029144       -0.28528632190846
S            2.99991125204745       -1.10668053341617       -1.81139047719175
O            3.86390650930012        1.08917868457136       -0.12261707180355
C            4.20846212047612        1.80420417151942        1.09049643264525
C            3.11649362280770        2.75284196785305        1.53643765345575
S            0.87765440562599        1.24129101885753       -0.44511740968311
C            0.01892733121681        0.30673919652828       -1.72995408701140
S           -0.86879737624929       -1.15387628890770       -1.11046825055310
P           -2.37643011076353       -0.11852949320525       -0.06310295505160
S           -3.09490954581874        1.52368047189482       -0.86721147805023
O           -1.65621696605762        0.04612548745076        1.33852501955297
C           -2.14078509441141        0.93640079358656        2.37222314568398
C           -0.98728260817220        1.78471267099728        2.86953464233754
O           -3.47267074918238       -1.21994682048559        0.28050503661978
C           -4.62637204661767       -1.47003592484071       -0.54049499236150
C           -4.26661382445631       -2.15837751694575       -1.84154514183001
H            1.48371074129875       -2.82851741250403        0.08631692252761
H            2.60379028022039       -3.24141414455864        1.38956951399773
H            0.85470834702873       -3.39891087662237        1.63683825348722
H            1.70509371307132       -1.35534561302173        2.76603643287341
H            0.59825604400915       -0.92929317669416        1.43314773171346
H            4.43198681459439        1.06961063759209        1.86615792160254
H            5.11792657058259        2.33946532788594        0.81361402110970
H            3.46121251981356        3.30830959148558        2.40327080808905
H            2.86810854548228        3.44922822859886        0.73970492861746
H            2.21948479889244        2.19820746834153        1.80617553584378
H            0.74621035419758       -0.06516384924120       -2.45337079041589
H           -0.69321043356567        0.99092659791977       -2.18998074450462
H           -2.93849060274620        1.56242300532681        1.95979270810594
H           -2.54694502534295        0.30357697142702        3.16365192764345
H           -0.60723264795210        2.40645155986120        2.06210952362478
H           -1.33507678395388        2.42016170872176        3.67756919241680
H           -0.18595694234463        1.14777829265583        3.23331026526377
H           -5.26028275160917       -2.10074854621000        0.08452420593284
H           -5.12661802839608       -0.51580879405977       -0.73518417013748
H           -5.17780960425026       -2.42553021926616       -2.36785829614577
H           -3.67969904999780       -1.48985806909508       -2.47003338685472
H           -3.68576062616056       -3.05651246422552       -1.64794720227352
41
 energy: -65.047427934009 gnorm: 0.000144326944 xtb: 6.7.1 (edcfbbe)
C            1.63223992762315       -2.80809224283744        1.16373365504817
C            1.55994673112035       -1.38701707441123        1.68401316125657
O            2.62015458715856       -0.56494842587097        1.17314281180026
P            2.66994525124929        0.07601788503976       -0.28518097295116
S            2.99985038168900       -1.10693374804346       -1.81140773241493
O            3.86391790531620        1.08903693458132       -0.12239631248149
C            4.20814284938151        1.80436716940394        1.09078586311174
C            3.11598153342591        2.75279192228097        1.53639016445209
S            0.87782565702022        1.24120298547477       -0.44515191134074
C            0.01915879521503        0.30608210868349       -1.72958606440289
S           -0.86848520604163       -1.15458531783123       -1.10988494863042
P           -2.37609815985536       -0.11859081070896       -0.06292642537068
S           -3.09455881623269        1.52366012725908       -0.86718600996535
O           -1.65615389016823        0.04625362774788        1.33875349086552
C           -2.14089944936274        0.93696845400119        2.37212264780423
C           -0.98728224769220        1.78487567069181        2.86959329888882
O           -3.47267079297270       -1.21959912457565        0.28093344107313
C           -4.62607324042929       -1.46999594907357       -0.54048178504690
C           -4.26578105168771       -2.15793362559090       -1.84149786113991
H            1.48205262195031       -2.82834310731497        0.08590900511511
H            2.60346518616290       -3.24140117925999        1.38787158909070
H            0.85471629404653       -3.39923164799680        1.63691237150493
H            1.70514977813099       -1.35592349477227        2.76592232420633
H            0.59823839464316       -0.92912717242446        1.43325087512814
H            4.43168059946217        1.06979980695581        1.86643980661211
H            5.11756517287425        2.33977992026285        0.81391491898998
H            3.46085781571583        3.30905369933322        2.40263579516643
H            2.86699676428452        3.44846179455532        0.73925712650781
H            2.21927718267931        2.19806715901107        1.80686200890062
H            0.74623741838486       -0.06597809009040       -2.45319433252241
H           -0.69319834934845        0.99015621325891       -2.18944578738800
H           -2.93821750651570        1.56307712906959        1.95908773686426
H           -2.54765664258267        0.30440459794295        3.16344189891541
H           -0.60679409805630        2.40626055721319        2.06212861394553
H           -1.33488619902940        2.42064109132941        3.67743612480875
H           -0.18633390062276        1.14763933184528        3.23362292835343
H           -5.25982110940878       -2.10107754553868        0.08432405256005
H           -5.12653392583027       -0.51584720274877       -0.73500553419940
H           -5.17675730714823       -2.42565629287272       -2.36786104456449
H           -3.67926083201031       -1.48901635811856       -2.46989797705014
H           -3.68435745823470       -3.05567924382749       -1.64791666717491
41
 energy: -65.047428028742 gnorm: 0.000108693994 xtb: 6.7.1 (edcfbbe)
C            1.63183529941850       -2.80810885299094        1.16335962834254
C            1.55986361585558       -1.38713328478114        1.68394804300151
O            2.62020089452831       -0.56517046900866        1.17313326012846
P            2.66999836999754        0.07593074736122       -0.28511317752716
S            3.00049150830511       -1.10698632552787       -1.81112887533643
O            3.86389944321012        1.08890996547939       -0.12225129057360
C            4.20795156438855        1.80435498936599        1.09097305511651
C            3.11564496910175        2.75271146018123        1.53639739125527
S            0.87779821869483        1.24090332145302       -0.44512611622060
C            0.01909588257361        0.30574301084652       -1.72944583204767
S           -0.86856364333794       -1.15481833059203       -1.10951912466482
P           -2.37603454041945       -0.11869048296217       -0.06270460678908
S           -3.09402279740960        1.52344602077227       -0.86756896145732
O           -1.65617767240365        0.04635085877705        1.33893954150237
C           -2.14099129622612        0.93738960017639        2.37201283126104
C           -0.98723565495688        1.78502822433689        2.86963073546174
O           -3.47278066208985       -1.21943296088627        0.28127930355841
C           -4.62594680195259       -1.47000265222665       -0.54040026815067
C           -4.26518065805750       -2.15761903136381       -1.84146460664274
H            1.48082058470198       -2.82820663035774        0.08563448758167
H            2.60326382841486       -3.24138643654499        1.38667555002532
H            0.85470273494236       -3.39938251269167        1.63702571811152
H            1.70516224260834       -1.35630088048719        2.76582782455430
H            0.59820741948486       -0.92900981550795        1.43336228126826
H            4.43145470811060        1.06983368596602        1.86667234922223
H            5.11733816545888        2.33979241213430        0.81412639865740
H            3.46061031142465        3.30954537035240        2.40222575223799
H            2.86625722706807        3.44787680484061        0.73893838585997
H            2.21917655669375        2.19787197230201        1.80741654133989
H            0.74633379905934       -0.06653748822068       -2.45278580340839
H           -0.69316496205005        0.98968202736571       -2.18956808742728
H           -2.93797870442879        1.56364258596352        1.95857568921666
H           -2.54817137154613        0.30508588247511        3.16330290432987
H           -0.60640900791628        2.40621317691574        2.06217181711139
H           -1.33487406642931        2.42096419784136        3.67731562275518
H           -0.18656336628266        1.14757774311174        3.23389346971962
H           -5.25963798455858       -2.10135274381664        0.08418610442950
H           -5.12660828206283       -0.51595612109323       -0.73488050597497
H           -5.17595760000154       -2.42579182321934       -2.36794747289073
H           -3.67897346667819       -1.48829507058525       -2.46974720789933
H           -3.68325414092972       -3.05505161312098       -1.64790840471154
