----------------------------------------------- 
  Element       SASA      Sigma Z        Total  
     Z         Ang**2 cal/Ang**2/mol   kcal/mol 
----------------------------------------------- 
      H        248.659      48.690      12.107
      C         56.619     129.740       7.346
      O         28.477       0.000       0.000
      P          1.473       0.000       0.000
      S        113.340      -9.100      -1.031

 Subtotal:     448.569                  18.422
 -----------------------------------------------

  Elements    COT*SASA   Sigma Z,Z'     Total   
    Z,Z'       Ang**2  cal/Ang**2/mol kcal/mol  
 ---------------------------------------------- 
  H   C        167.224     -60.770     -10.162
  H   O          0.000       0.000       0.000
  C   C         32.975     -72.950      -2.405
  O   C          0.000      68.690       0.000
  O   O          0.000       0.000       0.000
  O   P         19.492      68.850       1.342

 Subtotal:                             -11.226
 ---------------------------------------------- 

 NONAQUEOUS SOLVENT CONTRIBUTION (kcal/mol):
 (proportional to SASA, atomic number independent)
 ---------------------------------------------- 
 Subtotal:                               0.000
 ---------------------------------------------- 

 CDS TOTAL (kcal/mol):                   7.196
...............................................................................
