38
 energy: -64.700110070010 gnorm: 0.051109813573 xtb: 6.7.1 (edcfbbe)
C            5.34471100081729       -2.27671214650843       -1.77939186268725
C            4.92811673996995       -1.13977465493890       -0.87438692590885
O            3.65875411783587       -1.43892935762318       -0.20717185611250
C            2.53745305338510       -1.16206737802750       -0.88130826169519
O            2.50142907967095       -0.68736341070060       -2.00357922232464
C            1.30864870157363       -1.55754626918132       -0.09693895157018
C            0.25549362553146       -0.43905277471608       -0.10853908468352
H            0.14419641711277       -0.05619456313584       -1.13118923014851
C            0.65695033984441        0.74054274433040        0.77201916979001
O           -0.06189265489469        1.30077514544593        1.57442596067519
O            1.91154277505125        1.09391879162894        0.49249643324955
C            2.46566275677309        2.25363617702462        1.19850742234640
C            2.89492199406776        1.89862544330895        2.60526557468933
S           -1.35541706162254       -1.17339157440383        0.38413628873932
P           -2.73327244520063        0.35900308144892       -0.14438085399298
S           -2.18556770014930        1.52336984523072       -1.59818517113736
O           -4.07264179770954       -0.51361989562652       -0.32558286294464
C           -4.28492119088149       -1.33613346522639       -1.50327380626458
O           -3.11872454699041        1.19220060008462        1.16889448919300
C           -3.48369698355128        0.51834386213989        2.40766060808641
H            5.44280298200031       -3.20841996873009       -1.21454331346446
H            4.62738944055417       -2.42390638655508       -2.59215794435480
H            6.31898512649823       -2.03644868924169       -2.21916039082338
H            4.82348686949502       -0.19600701177846       -1.41614595279146
H            5.62895767620336       -1.00616093986288       -0.04859783423257
H            1.57617806485406       -1.83829131374859        0.92403792339032
H            0.90206281868910       -2.43929700604299       -0.60523414738942
H            3.31841161253824        2.53786100146165        0.58016632234965
H            1.71907790103599        3.05231304242597        1.18146259524372
H            2.04338963369100        1.61489134641633        3.22976224432822
H            3.62820172372723        1.08488414263331        2.59862109229727
H            3.36696562517805        2.78155937067954        3.05140038208942
H           -5.33879682335165       -1.61593307813486       -1.48173435295398
H           -3.65745611281676       -2.23137035498190       -1.45732174561107
H           -4.06705440206587       -0.76466939803705       -2.41067960168164
H           -3.56190480333701        1.30473375650537        3.15860215926430
H           -2.70564558964067       -0.19408795453893        2.69763005604858
H           -4.44396599618104        0.01004808616403        2.28929637179774
38
 energy: -64.703702899957 gnorm: 0.023859404840 xtb: 6.7.1 (edcfbbe)
C            5.34742302763504       -2.27399896435998       -1.77796551928418
C            4.92371899150626       -1.13818253081735       -0.86998843032693
O            3.65687073191897       -1.42283732908892       -0.21610081401651
C            2.54262566597259       -1.15148226466746       -0.88260050060590
O            2.50647853322349       -0.66642569232524       -1.99128014581053
C            1.31451275128581       -1.56182697994710       -0.09982957625325
C            0.26060400724467       -0.45342842324440       -0.11951562613332
H            0.13303292768734       -0.07666843954477       -1.14259492888966
C            0.64589445983655        0.73381316328398        0.74807925997110
O           -0.09145758650662        1.28222048823950        1.53324810145587
O            1.89565248714075        1.09213089179720        0.49406754155433
C            2.45055954715078        2.24254666822249        1.19606752497665
C            2.89006524398192        1.89749971310120        2.60386451174845
S           -1.33398810701501       -1.16543767419720        0.43409354827925
P           -2.70680807596014        0.34491835803617       -0.12501537769185
S           -2.17886134971900        1.51365258573132       -1.60044719071067
O           -4.05772241554319       -0.50082792417240       -0.32970135861470
C           -4.27062109189757       -1.32344270254946       -1.49495782107768
O           -3.09678497688787        1.17730396258140        1.17834934839882
C           -3.48102736863010        0.51802620841184        2.40701228091414
H            5.43231395105363       -3.20088217072183       -1.21397595424230
H            4.62649626554586       -2.41253317884986       -2.58205879588978
H            6.31545187152018       -2.03884855704573       -2.21703781910406
H            4.81316905716640       -0.20369837049034       -1.42571940058661
H            5.62297598211985       -1.00590876301102       -0.04333316060186
H            1.58861950249923       -1.83094565203950        0.91990434531379
H            0.89565095971237       -2.44135633142954       -0.59752573430085
H            3.30010727794519        2.53017670516386        0.57513195564231
H            1.69865974266056        3.03568201694955        1.19284282383015
H            2.03767328925582        1.61067242619681        3.21655633880816
H            3.61162636211759        1.08233082474444        2.58944053824814
H            3.35899444977113        2.77375169529348        3.04933295678847
H           -5.32480209062492       -1.59351450671477       -1.47039721237159
H           -3.64659208149481       -2.21561867768037       -1.43743608313789
H           -4.04246352625378       -0.75846434527718       -2.39973056324152
H           -3.55792590508232        1.31380338836674        3.14479436051467
H           -2.70936774201544       -0.19603872651769        2.69620985885251
H           -4.43792280061571        0.01516795376019        2.27309843840018
38
 energy: -64.705133310185 gnorm: 0.010736657608 xtb: 6.7.1 (edcfbbe)
C            5.34501913874028       -2.27020058321902       -1.77378112088975
C            4.91731333850746       -1.13020210640435       -0.86512227630748
O            3.65414292105261       -1.41194719860267       -0.22651363228930
C            2.54609205182271       -1.14336076807310       -0.88748664419146
O            2.50706332422267       -0.63911967206620       -1.98489017277322
C            1.31889471950817       -1.57042167338488       -0.10461871127106
C            0.25894295886417       -0.47415990814453       -0.12876801448602
H            0.11637886998899       -0.11044481565743       -1.15512609001255
C            0.63147496778620        0.72579311163727        0.72456280861991
O           -0.13547126047088        1.27852133752553        1.47829336316473
O            1.87872097274887        1.08481285963575        0.49931251640040
C            2.42697910701635        2.23364214640678        1.18945853323510
C            2.87678465207283        1.88965027146311        2.59843242376313
S           -1.32183236027508       -1.17930486074454        0.45689981048472
P           -2.67356762438080        0.34626925633829       -0.10115516243627
S           -2.13599921499731        1.49226997261017       -1.59244288147991
O           -4.02965781251943       -0.48157637391661       -0.32867351928153
C           -4.24351077505203       -1.30891949942847       -1.48028396885848
O           -3.07274497815035        1.17470690229580        1.19027432998603
C           -3.47636120644181        0.52431675009990        2.40912426987208
H            5.41921613038465       -3.19472245650670       -1.20992098669331
H            4.62312409431231       -2.40070037734132       -2.57522195378713
H            6.31039625037545       -2.03748254130000       -2.20806511032109
H            4.81016408236736       -0.20209862837325       -1.43305910242132
H            5.61511261497669       -0.99973933086908       -0.03816374574452
H            1.60098220979522       -1.82742222533145        0.91471983897914
H            0.90050607685277       -2.45304472985512       -0.59305353878359
H            3.27168917817381        2.52770153574516        0.56524304347908
H            1.66948326560131        3.02185701601536        1.19981742162911
H            2.02472253024975        1.60073942510429        3.20667918785071
H            3.59313978406216        1.07457918718354        2.57748563115857
H            3.34327223056687        2.76300220854405        3.03989945804428
H           -5.29836520912224       -1.57118732200971       -1.45426528285258
H           -3.62513116329100       -2.20220306085388       -1.41640873003496
H           -4.01081365884427       -0.75342572546113       -2.38803953537134
H           -3.55792047664938        1.32399168887767        3.13933181715460
H           -2.71429849386639       -0.19389452613440        2.70841493011013
H           -4.43110926828303        0.02505355938305        2.26199251716035
38
 energy: -64.705710238353 gnorm: 0.007258826898 xtb: 6.7.1 (edcfbbe)
C            5.34425826273604       -2.26672856425369       -1.77115304218223
C            4.91532547490748       -1.12291873153083       -0.86297595108089
O            3.65498764789372       -1.40745315935654       -0.23166638816023
C            2.54836841270287       -1.13693699307882       -0.88887194209140
O            2.50331399528435       -0.61810299356895       -1.98076983352341
C            1.32459120642799       -1.58125454689312       -0.10644679297510
C            0.25487363010623       -0.49666069413910       -0.13423175329097
H            0.10071201919410       -0.14724050992758       -1.16458420827043
C            0.61506654144459        0.72282813384696        0.69846521196625
O           -0.17783518225319        1.29028541086511        1.41918914198540
O            1.86566318506607        1.07254453899268        0.50233587464296
C            2.40352966790002        2.22561428445238        1.18376995637680
C            2.86147256832627        1.88200520715923        2.59310042018336
S           -1.31768548675584       -1.19456681435921        0.47221251425430
P           -2.64795522112922        0.35261897666949       -0.08478786599270
S           -2.08947913240469        1.48574604194137       -1.57913109521210
O           -4.00912679488446       -0.46107717765110       -0.32682959242695
C           -4.22133059209809       -1.29753578123599       -1.46770296189214
O           -3.05222854192193        1.17785739280725        1.19846541987459
C           -3.47300267552080        0.53294538125094        2.41284846850933
H            5.41071813290305       -3.19064777156481       -1.20546877653234
H            4.62237567131246       -2.39278790316771       -2.57359190953803
H            6.31148687260358       -2.03730678494786       -2.20161165240262
H            4.81417372991853       -0.19678868768275       -1.43587421109270
H            5.61307398205418       -0.99246736420044       -0.03656760210543
H            1.61334063785113       -1.82887498563206        0.91332043173389
H            0.91738049888213       -2.47119865404103       -0.58964101539973
H            3.24417935493928        2.52834950071322        0.55834943879895
H            1.64141099782018        3.00968427974302        1.20120268331971
H            2.01066894863250        1.59022284054022        3.20220966454710
H            3.57822462157274        1.06748210626194        2.56659478396024
H            3.32753514800229        2.75569587142196        3.03290333696374
H           -5.27715708857429       -1.55594245007207       -1.44399483535657
H           -3.60660460387532       -2.19330013184822       -1.39546158586129
H           -3.98320565931775       -0.75294679809177       -2.38155609856200
H           -3.56029721267320        1.33351381090621        3.14110890047166
H           -2.71972999891489       -0.19007450717361        2.72533640077967
H           -4.42826105045229        0.03674707203289        2.25638818638630
38
 energy: -64.705951755682 gnorm: 0.007683630317 xtb: 6.7.1 (edcfbbe)
C            5.34659763439976       -2.26414976172885       -1.76969243370363
C            4.91740596652332       -1.11841880241559       -0.86282081589446
O            3.65843333624870       -1.40779428935797       -0.23274536768273
C            2.55012089165986       -1.13538426392249       -0.88773127627552
O            2.49938526450617       -0.60746052605100       -1.97635144087265
C            1.32993012486414       -1.58990359326528       -0.10552537256173
C            0.25090700549317       -0.51541740451363       -0.13839327817024
H            0.09095079129539       -0.17698497584152       -1.17180293446860
C            0.60528484016697        0.71790130122385        0.67762364066081
O           -0.20522435853072        1.30572869004465        1.36541562454600
O            1.86036792742444        1.05647628991694        0.50522676078512
C            2.38547901976524        2.21916465476491        1.17912753626141
C            2.84851737135733        1.87734737990206        2.58813725601269
S           -1.31908644182659       -1.20565174802922        0.47669164301239
P           -2.63316932881843        0.36115122899077       -0.07272193856797
S           -2.05819586095231        1.48865287474319       -1.56430480913395
O           -3.99832262716089       -0.44255676905572       -0.32590801536653
C           -4.20501432064828       -1.28981945476899       -1.45941095558907
O           -3.04328420479265        1.18413389359770        1.20545686061047
C           -3.47482949558637        0.54172302914348        2.41858236164601
H            5.40874135426254       -3.18813133003464       -1.20224673528906
H            4.62628717893220       -2.38917430340246       -2.57471822950390
H            6.31687081392839       -2.03816694962328       -2.19759061729866
H            4.81861948252854       -0.19205340594749       -1.43580772107012
H            5.61575135528143       -0.98599526136303       -0.03704458937884
H            1.62120899937122       -1.83136333470899        0.91533081713412
H            0.93530042972076       -2.48711877700357       -0.58612183274451
H            3.22229406190704        2.53166689222522        0.55311242044234
H            1.61615070216519        2.99631396336187        1.19745053869169
H            2.00031296644651        1.58203708165476        3.20066116457870
H            3.56899610852074        1.06497501849055        2.55912671343724
H            3.31345091149003        2.75313332752435        3.02748785668650
H           -5.26139609320959       -1.54766512120862       -1.44026204509000
H           -3.59150832608902       -2.18686134109136       -1.37643821903307
H           -3.96133356991767       -0.75526918182953       -2.37895173104130
H           -3.56737179973047        1.34280547863306        3.14640195366522
H           -2.72561956795860       -0.18273190584024        2.74002056670068
H           -4.43017657533158        0.04619024197345        2.25561836466992
38
 energy: -64.706043281660 gnorm: 0.004501433354 xtb: 6.7.1 (edcfbbe)
C            5.35009366065785       -2.26348584814621       -1.76907712517222
C            4.91992648261754       -1.11797815520826       -0.86379270344152
O            3.66105999311067       -1.41044183635711       -0.23125105607092
C            2.55055199140447       -1.13683969853029       -0.88533684813949
O            2.49764154484042       -0.60830593299791       -1.97360620339198
C            1.33217522866390       -1.59420260087685       -0.10352751615585
C            0.24875789452350       -0.52428796631735       -0.14141570544975
H            0.08710759288376       -0.19205130393401       -1.17652234329889
C            0.60135371354422        0.71652721394413        0.66356980068532
O           -0.21310755931816        1.31488965750672        1.33527758864187
O            1.86054459703482        1.04569883906590        0.50665892847202
C            2.37745974025882        2.21552600086122        1.17768936049574
C            2.84260232233545        1.87685065666129        2.58597937705989
S           -1.32184871969665       -1.20799924316122        0.47832491019876
P           -2.62879647774159        0.36822224313488       -0.06835935288759
S           -2.05105267303123        1.49673770892263       -1.55763577341091
O           -3.99525783761603       -0.43249196084181       -0.32627635082882
C           -4.19665412593503       -1.28693632780814       -1.45653074226865
O           -3.04382640641025        1.18881745090706        1.20932428121982
C           -3.47831888032015        0.54619774738311        2.42296754190502
H            5.41164170126264       -3.18756652849079       -1.20078263045317
H            4.63199305378980       -2.38977134589847       -2.57645690183391
H            6.32227388331675       -2.03881490649841       -2.19550403964847
H            4.81935044896194       -0.19089591964162       -1.43514520761620
H            5.61862116306772       -0.98294196337749       -0.03830142694626
H            1.62240975930980       -1.83203090557887        0.91872671591758
H            0.94551844205024       -2.49617681819344       -0.58262573350438
H            3.21146989469196        2.53433775617254        0.55103131153076
H            1.60156853937786        2.98605937011421        1.19332335166732
H            1.99653726831130        1.57915129044856        3.20112204313483
H            3.56663836834336        1.06678906062075        2.55701375608531
H            3.30587737860524        2.75476554111685        3.02505031458613
H           -5.25285715458214       -1.54654339080751       -1.44039841107865
H           -3.58188149875995       -2.18292676628491       -1.36596888869507
H           -3.95034824620451       -0.75715133191006       -2.37834145591641
H           -3.57411699863958        1.34772409993160        3.15049027049004
H           -2.72913872713934       -0.17698601316984        2.74747521549606
H           -4.43313738986355        0.04986097242618        2.25771336942727
38
 energy: -64.706085777905 gnorm: 0.003082742342 xtb: 6.7.1 (edcfbbe)
C            5.35395999457703       -2.26413055317357       -1.76840225046548
C            4.92172737233609       -1.11990459913690       -0.86449394746316
O            3.66280011555141       -1.41498139247482       -0.22918778617950
C            2.55079003717705       -1.14146067399300       -0.88302415319128
O            2.49803849865994       -0.61325386180278       -1.97112047882399
C            1.33274305525420       -1.59721288631053       -0.10119311402730
C            0.24934814535774       -0.52792098664812       -0.14494930762465
H            0.08919437625073       -0.19971015705611       -1.18135245377619
C            0.60100520489866        0.71463922607666        0.65598985209383
O           -0.21811082024526        1.32561675953638        1.31050801032621
O            1.86332747090882        1.03736840860922        0.51065170634241
C            2.37415109447192        2.21392663617078        1.17808460452522
C            2.84080703771988        1.87983904674346        2.58572194225702
S           -1.32343378731242       -1.20497815419094        0.47688438806916
P           -2.62938421340739        0.37302122818629       -0.06704364535592
S           -2.05243921466045        1.50369701535066       -1.55518642777327
O           -3.99640580918061       -0.42691765526631       -0.32743900614952
C           -4.19269719026408       -1.28584872493493       -1.45613072095359
O           -3.04756948447477        1.19132288596573        1.21220867856590
C           -3.48160011879308        0.54778585091023        2.42651288582680
H            5.41640802727635       -3.18815382752404       -1.19992640354291
H            4.63804131349731       -2.39234463893978       -2.57746419119755
H            6.32686520991147       -2.03889118267324       -2.19357213330170
H            4.81679379936248       -0.19269436615955       -1.43475853936421
H            5.62025817188421       -0.98197611647355       -0.03901668514987
H            1.62012980465442       -1.83224200085625        0.92257168535784
H            0.94905230551151       -2.50134955664120       -0.57883370078240
H            3.20559045229125        2.53639117581437        0.54999632104438
H            1.59214810973743        2.97810982245877        1.19025418948308
H            1.99654990651648        1.58042563469715        3.20253682358488
H            3.56751694962700        1.07196794942195        2.55784468694998
H            3.30200345753945        2.75976159142941        3.02357695375701
H           -5.24823770302225       -1.54812631138602       -1.44176670608273
H           -3.57555291433398       -2.17945094174592       -1.36013149944807
H           -3.94517068612654       -0.75788783324940       -2.37823669385793
H           -3.57920123344581        1.34998718869621        3.15322472322082
H           -2.73102004624521       -0.17344594185823        2.75095047077503
H           -4.43559472175511        0.05035078761475        2.26059364313608
38
 energy: -64.706103468308 gnorm: 0.001758179441 xtb: 6.7.1 (edcfbbe)
C            5.35621973336835       -2.26569549198523       -1.76760532203925
C            4.92183853166469       -1.12253077408253       -0.86451001453587
O            3.66274041346826       -1.41869048337790       -0.22793332471367
C            2.55040018024445       -1.14474034908071       -0.88144137834043
O            2.49894900194802       -0.61777815508948       -1.96990710868950
C            1.33156811081279       -1.59755766078287       -0.09945491153456
C            0.24915720876641       -0.52734120480329       -0.14666547938864
H            0.08968908347249       -0.20155034698999       -1.18391329625874
C            0.59982975120020        0.71753246931804        0.65040642153316
O           -0.21946869823245        1.33269607974545        1.29835878951059
O            1.86475548231225        1.03496394611587        0.51366057328364
C            2.37456350506165        2.21376398623483        1.17940217374988
C            2.84216922611669        1.88346139536961        2.58687622757033
S           -1.32425250180201       -1.20391380942383        0.47593279676571
P           -2.62978625174153        0.37449765334318       -0.06801726633286
S           -2.05798417819698        1.50709544326249       -1.55685350113496
O           -3.99685016455198       -0.42616071160985       -0.32812758714117
C           -4.19147965558303       -1.28578216912480       -1.45686833815181
O           -3.04929451344716        1.19127473316264        1.21322854905590
C           -3.48247512971610        0.54669350067782        2.42754883534583
H            5.41981184491848       -3.18961799326127       -1.19928688479409
H            4.64166639862018       -2.39528922910132       -2.57745862428509
H            6.32905780123945       -2.03889014912492       -2.19176765016210
H            4.81353155971396       -0.19572784433008       -1.43478991609544
H            5.61981750232203       -0.98281040883290       -0.03885033036484
H            1.61734789219169       -1.83071951154124        0.92511379474724
H            0.94711584531451       -2.50222938577587       -0.57537040877856
H            3.20468800952164        2.53637678712469        0.54990063891496
H            1.59028702154529        2.97532636098084        1.18960199889206
H            1.99881911363273        1.58395558627862        3.20453942566850
H            3.56989131510311        1.07670755875693        2.56024409016934
H            3.30216705392204        2.76467100312528        3.02291461922921
H           -5.24644548726816       -1.54996947075999       -1.44219314729515
H           -3.57270135541635       -2.17762724459248       -1.35992887474378
H           -3.94481021374673       -0.75725255517228       -2.37842810810123
H           -3.58071865049410        1.34910481808569        3.15377499507098
H           -2.73099619791397       -0.17360735815881        2.75113679385739
H           -4.43598662066500        0.04868983060626        2.26161247032138
38
 energy: -64.706115082098 gnorm: 0.001786605239 xtb: 6.7.1 (edcfbbe)
C            5.35826487836499       -2.26859144670274       -1.76606998779430
C            4.92129659994670       -1.12607468918146       -0.86356413361901
O            3.66228692767271       -1.42338331995371       -0.22728248924423
C            2.55049758334086       -1.14805991540091       -0.87994971554117
O            2.50053110546764       -0.62120204501114       -1.96851216032728
C            1.33048161883737       -1.59789313211483       -0.09771617143750
C            0.25010752283535       -0.52595367554667       -0.14842681743129
H            0.09170923944347       -0.20213495019763       -1.18644771467943
C            0.59882330711421        0.72036078033509        0.64642283606894
O           -0.22517894658498        1.34410010533933        1.28136549931744
O            1.86622545988744        1.03222862981441        0.52011138920633
C            2.37551739680420        2.21413717549013        1.18084445381110
C            2.84513514977136        1.88903247589600        2.58877293046574
S           -1.32449986302333       -1.20107212959244        0.47404445628777
P           -2.63139016592107        0.37524927082376       -0.06920823067163
S           -2.06278817103946        1.50730643212594       -1.55987043467691
O           -3.99839830536429       -0.42643037735529       -0.32863670195400
C           -4.19168523726056       -1.28546066367327       -1.45775968508354
O           -3.05097971646750        1.19040660661634        1.21420917330702
C           -3.48263962492040        0.54418927745611        2.42767414305545
H            5.42267156845545       -3.19231173212853       -1.19787375054107
H            4.64469896719575       -2.39916546367096       -2.57636473978215
H            6.33078445081650       -2.03971005677095       -2.18898496519943
H            4.81033898586371       -0.20025703370639       -1.43492499993944
H            5.61832478567284       -0.98481339275334       -0.03759967436142
H            1.61537814796920       -1.82863526275311        0.92747038850135
H            0.94320974165617       -2.50242513144221       -0.57126630296799
H            3.20446424014533        2.53522843162047        0.54914548292834
H            1.59017232911833        2.97440378663769        1.18967271716033
H            2.00278101629835        1.59011271393155        3.20768473280696
H            3.57361105147952        1.08331540412179        2.56385766473132
H            3.30392073764184        2.77208562413455        3.02128164446941
H           -5.24600404264261       -1.55169914413880       -1.44235161348804
H           -3.57112170915318       -2.17573495302147       -1.36162093100372
H           -3.94657808980593       -0.75557895675919       -2.37877229340490
H           -3.58114435431021        1.34613543672912        3.15401193109740
H           -2.73043703101736       -0.17579103697608        2.74987075833503
H           -4.43555558658268        0.04541520296518        2.26164503240273
38
 energy: -64.706120615923 gnorm: 0.000882503093 xtb: 6.7.1 (edcfbbe)
C            5.35812509923391       -2.27057811012872       -1.76480113229533
C            4.92064064004160       -1.12741767318663       -0.86249302871796
O            3.66144615017652       -1.42457761958980       -0.22791123536106
C            2.55042127541926       -1.14798842071136       -0.88035196497491
O            2.50059042522571       -0.61990782044707       -1.96869382164846
C            1.32996342195332       -1.59656988508970       -0.09777888591339
C            0.24985067907292       -0.52425005396206       -0.14773825556326
H            0.09080295779200       -0.19978935763954       -1.18552132578555
C            0.59881122891134        0.72190487191737        0.64717378232735
O           -0.22528355998201        1.34570762680613        1.28063604505546
O            1.86601044219862        1.03256542868817        0.52291317498827
C            2.37682093698482        2.21471521462556        1.18084353748828
C            2.84770533345891        1.89162163391903        2.58939482099298
S           -1.32457958258366       -1.20077533804911        0.47424288524301
P           -2.63225134787947        0.37461720787015       -0.07018652010701
S           -2.06556218737314        1.50512639746117       -1.56250510572581
O           -3.99874677280772       -0.42855681398272       -0.32799731130526
C           -4.19334644200418       -1.28540174206478       -1.45826523419621
O           -3.05141702407775        1.18983093468387        1.21342382020462
C           -3.48215949721772        0.54226720013873        2.42603104165688
H            5.42238294024039       -3.19412639364214       -1.19627601799842
H            4.64438627895983       -2.40119173845173       -2.57498670769431
H            6.33063832161182       -2.04145719273903       -2.18756095248681
H            4.81110706443125       -0.20204984973396       -1.43479342191809
H            5.61720629551576       -0.98629059485467       -0.03626831605136
H            1.61582724857729       -1.82703820019223        0.92714296442518
H            0.94117001402471       -2.50076698437855       -0.57061512725168
H            3.20587653198332        2.53394039796486        0.54813620191256
H            1.59300823554137        2.97668299954722        1.19001448084476
H            2.00568418867333        1.59370518394741        3.20937425911042
H            3.57627597479939        1.08594322545421        2.56534906855525
H            3.30654967156457        2.77565764291195        3.01984705221966
H           -5.24760103502470       -1.55210043472484       -1.44207512360862
H           -3.57239757141164       -2.17595197474777       -1.36520185624907
H           -3.94982281790824       -0.75389018396590       -2.37904796381925
H           -3.58053517997457        1.34297009891458        3.15375036548847
H           -2.72981280370214       -0.17821570389825        2.74748687499110
H           -4.43495356673929        0.04296486651641        2.26019065397174
38
 energy: -64.706122653956 gnorm: 0.000772085045 xtb: 6.7.1 (edcfbbe)
C            5.35821741230761       -2.27212764440547       -1.76362261758370
C            4.92082607646074       -1.12809656992545       -0.86193091000882
O            3.66146453912624       -1.42455341599192       -0.22816948521339
C            2.55054014945622       -1.14659294906192       -0.88015176652492
O            2.49999644436286       -0.61804265282993       -1.96827765811636
C            1.33049013351058       -1.59631141102018       -0.09760236050736
C            0.24960836554549       -0.52482939172448       -0.14751249822891
H            0.08990167834797       -0.20104637511428       -1.18549289374018
C            0.59776950610527        0.72326734810197        0.64545831109037
O           -0.22851009609861        1.35011888084461        1.27410971979758
O            1.86618140696613        1.03058361013893        0.52565739834127
C            2.37678514799202        2.21408194989825        1.18063885386443
C            2.84854422268758        1.89335870011082        2.58966350367691
S           -1.32452450610292       -1.20124905450506        0.47508617533060
P           -2.63211727534610        0.37458411610816       -0.06974841798728
S           -2.06572920831163        1.50415036758834       -1.56272733854710
O           -3.99845670133922       -0.42917128189753       -0.32716646554351
C           -4.19386358224893       -1.28481177642771       -1.45810757801151
O           -3.05182217761268        1.19009245842068        1.21314628782295
C           -3.48253991061305        0.54163984513508        2.42524365061103
H            5.42197898506886       -3.19535193504690       -1.19439173297009
H            4.64440508104196       -2.40290505319732       -2.57383253542428
H            6.33100935931062       -2.04385144866001       -2.18652462872837
H            4.81294593738042       -0.20282554674728       -1.43469473788385
H            5.61732619327781       -0.98696523088660       -0.03557777108664
H            1.61697425097832       -1.82615192797935        0.92734469842767
H            0.94304661781237       -2.50135457937308       -0.57010680093714
H            3.20575942047017        2.53249381108200        0.54726642148710
H            1.59321386273786        2.97648067593085        1.18885319356884
H            2.00690383581478        1.59595967641152        3.21058227262061
H            3.57753998814939        1.08789405794222        2.56628577358479
H            3.30738658181824        2.77832576409901        3.01864942833093
H           -5.24813938861971       -1.55172881837832       -1.44176605283343
H           -3.57270057056565       -2.17569929658389       -1.36673608658021
H           -3.95099677938489       -0.75242441148654       -2.37876337060372
H           -3.58121424081985        1.34143295074755        3.15413131309096
H           -2.73008612323780       -0.17908242017887        2.74647043387995
H           -4.43528266872277        0.04203782404828        2.25919799233885
38
 energy: -64.706123380041 gnorm: 0.000263670356 xtb: 6.7.1 (edcfbbe)
C            5.35824294552040       -2.27266713821255       -1.76316672633812
C            4.92127762550330       -1.12829366136891       -0.86194583636375
O            3.66173550886073       -1.42430636393038       -0.22804984816324
C            2.55069725490126       -1.14625378643169       -0.88021363193805
O            2.50016667199605       -0.61712956252568       -1.96801412178755
C            1.33069981830316       -1.59593358451552       -0.09769284408010
C            0.24968645913633       -0.52468076336507       -0.14750509992971
H            0.08986500832916       -0.20062418451930       -1.18534897012443
C            0.59834395944418        0.72284682877793        0.64596267813671
O           -0.22771545749789        1.35011812460108        1.27404541225965
O            1.86662970537594        1.03008203788285        0.52609879179800
C            2.37719443784525        2.21399351830925        1.18054711653914
C            2.84892175626617        1.89395330476605        2.58955705394124
S           -1.32453805483658       -1.20049135767015        0.47534612623410
P           -2.63280862805100        0.37452536479144       -0.06977822317371
S           -2.06653691454508        1.50383932586708       -1.56306912466699
O           -3.99885166572120       -0.42995946706924       -0.32683341707140
C           -4.19453096946986       -1.28486751592031       -1.45837937812232
O           -3.05273536679381        1.19018943349080        1.21297197983977
C           -3.48307785258167        0.54139444792689        2.42517301893288
H            5.42201831147840       -3.19567186958444       -1.19356691162380
H            4.64438051965237       -2.40378203030737       -2.57328816809952
H            6.33103955596415       -2.04483076732112       -2.18637316417715
H            4.81366925367187       -0.20296280600150       -1.43471178163240
H            5.61779015661244       -0.98713747615699       -0.03551036700033
H            1.61684025718920       -1.82617235122759        0.92728468757699
H            0.94376043800642       -2.50097179252942       -0.57056258828767
H            3.20605185268841        2.53231868538988        0.54695736418584
H            1.59335134187025        2.97613003745641        1.18815182917598
H            2.00741939463996        1.59670718452208        3.21071166620963
H            3.57804990436765        1.08857893039754        2.56655394214405
H            3.30771269812662        2.77908964508468        3.01830367233346
H           -5.24879544241157       -1.55177227209769       -1.44193174468491
H           -3.57337022943633       -2.17580890628290       -1.36766060125185
H           -3.95182031627056       -0.75180364751606       -2.37863216314954
H           -3.58161610318647        1.34105161550662        3.15428086846136
H           -2.73042834934001       -0.17928912206478        2.74592676165829
H           -4.43588751790196        0.04192078703423        2.25924346304354
38
 energy: -64.706123564836 gnorm: 0.000130586904 xtb: 6.7.1 (edcfbbe)
C            5.35815654471988       -2.27304079532292       -1.76286216643124
C            4.92148444159100       -1.12844334172223       -0.86193938901730
O            3.66185397678161       -1.42399069834296       -0.22786653761314
C            2.55081161983588       -1.14570695795441       -0.88002962369332
O            2.50049137547587       -0.61636797655088       -1.96764892005794
C            1.33074171885551       -1.59569759848291       -0.09775281874683
C            0.24963969446437       -0.52458625838606       -0.14748769581569
H            0.08958488028373       -0.20061355259028       -1.18533259109006
C            0.59830699810358        0.72314287882080        0.64577099453108
O           -0.22766489128944        1.35059942938012        1.27363041200231
O            1.86674483251018        1.03005971548983        0.52620406843956
C            2.37745959106490        2.21399362798623        1.18055944818622
C            2.84905790027783        1.89426006954034        2.58955965704641
S           -1.32423177473532       -1.20074933895321        0.47579723435101
P           -2.63263278207456        0.37412006273888       -0.06975989838963
S           -2.06718819691002        1.50349168872520       -1.56332117206002
O           -3.99864638026066       -0.43059351506277       -0.32658153478793
C           -4.19482055671162       -1.28483786172410       -1.45856097703150
O           -3.05261678446895        1.18991429337365        1.21288013176911
C           -3.48318257104148        0.54116703362986        2.42514069782081
H            5.42192335632539       -3.19586043287376       -1.19300633507568
H            4.64417298442533       -2.40435297553226       -2.57281400720131
H            6.33087123552692       -2.04544542074500       -2.18630355987358
H            4.81393398412378       -0.20317022414198       -1.43483178865789
H            5.61801375750755       -0.98728618081593       -0.03550710554806
H            1.61670531274598       -1.82613617225279        0.92722951133889
H            0.94400314993060       -2.50069417929988       -0.57087309715510
H            3.20631931442736        2.53207717677082        0.54687379532212
H            1.59360092488202        2.97608203430111        1.18786746170207
H            2.00752522620313        1.59719254478610        3.21070375079572
H            3.57809936322283        1.08883855635548        2.56677313704924
H            3.30787091174238        2.77940061972815        3.01814536175762
H           -5.24914925257837       -1.55139866057818       -1.44195100716833
H           -3.57394694583532       -2.17596023298169       -1.36833753010596
H           -3.95211910745617       -0.75133840213823       -2.37852016882242
H           -3.58142214516902        1.34089250149652        3.15417675809080
H           -2.73075275643146       -0.17975725089305        2.74571502060911
H           -4.43616698235953        0.04212463940852        2.25914220433491
38
 energy: -64.706123622212 gnorm: 0.000091185494 xtb: 6.7.1 (edcfbbe)
C            5.35809887823861       -2.27327582136328       -1.76265211980879
C            4.92165827784561       -1.12848721979058       -0.86186470393612
O            3.66199844408566       -1.42391745439614       -0.22777701402185
C            2.55101125278551       -1.14546125567144       -0.87995257373002
O            2.50083552977821       -0.61574574982075       -1.96739784681228
C            1.33088478567959       -1.59563728747922       -0.09788466582143
C            0.24974104763232       -0.52458168669356       -0.14752501201283
H            0.08949079081406       -0.20064458174882       -1.18534695879991
C            0.59830835431545        0.72332997518257        0.64552900691792
O           -0.22776048037198        1.35093926247038        1.27315569365769
O            1.86683715757405        1.03008342957207        0.52619452405301
C            2.37756058470121        2.21405835399457        1.18051287227200
C            2.84904026372767        1.89438930463323        2.58956315944699
S           -1.32404538802397       -1.20065943662287        0.47591346978538
P           -2.63272202745562        0.37392532709174       -0.06963726806044
S           -2.06712188164483        1.50292780422637       -1.56343095930521
O           -3.99866653957962       -0.43098089482093       -0.32635859782158
C           -4.19503758172444       -1.28482137113464       -1.45862076066195
O           -3.05263357187168        1.18976464603316        1.21294348963032
C           -3.48331662145581        0.54109723647236        2.42522732291455
H            5.42183720181939       -3.19600140000213       -1.19264301705755
H            4.64397376984512       -2.40465896454440       -2.57247154045838
H            6.33076437099188       -2.04583554063829       -2.18626563098340
H            4.81415619021864       -0.20328088128758       -1.43486577231716
H            5.61819844326740       -0.98732757708964       -0.03545939436510
H            1.61679089955243       -1.82622817734691        0.92707861510632
H            0.94420228033844       -2.50055940696760       -0.57120322655094
H            3.20648915626156        2.53199453902277        0.54684346544040
H            1.59376304575105        2.97621075707339        1.18771667623176
H            2.00743034298360        1.59744529965945        3.21067101737931
H            3.57799927903060        1.08888893581113        2.56689372355018
H            3.30790209914731        2.77952798480232        3.01807899434999
H           -5.24945357988564       -1.55102890627709       -1.44212521129376
H           -3.57444532877358       -2.17616721617532       -1.36865342037568
H           -3.95214077174508       -0.75110111118167       -2.37840937553230
H           -3.58120752523837        1.34085723267490        3.15424289761085
H           -2.73113100705934       -0.18011241077567        2.74567950071582
H           -4.43645817384971        0.04240310829425        2.25918236146824
