----------------------------------------------- 
  Element       SASA      Sigma Z        Total  
     Z         Ang**2 cal/Ang**2/mol   kcal/mol 
----------------------------------------------- 
      H        210.572      48.690      10.253
      C         56.913     129.740       7.384
      O         67.902       0.000       0.000
      P          1.370       0.000       0.000
      S         51.451      -9.100      -0.468

 Subtotal:     388.208                  17.168
 -----------------------------------------------

  Elements    COT*SASA   Sigma Z,Z'     Total   
    Z,Z'       Ang**2  cal/Ang**2/mol kcal/mol  
 ---------------------------------------------- 
  H   C        141.709     -60.770      -8.612
  H   O          0.000       0.000       0.000
  C   C         24.964     -72.950      -1.821
  O   C         23.813      68.690       1.636
  O   O          0.000       0.000       0.000
  O   P         14.355      68.850       0.988

 Subtotal:                              -7.809
 ---------------------------------------------- 

 NONAQUEOUS SOLVENT CONTRIBUTION (kcal/mol):
 (proportional to SASA, atomic number independent)
 ---------------------------------------------- 
 Subtotal:                               0.000
 ---------------------------------------------- 

 CDS TOTAL (kcal/mol):                   9.360
...............................................................................
