----------------------------------------------- 
  Element       SASA      Sigma Z        Total  
     Z         Ang**2 cal/Ang**2/mol   kcal/mol 
----------------------------------------------- 
      H        232.024      48.690      11.297
      C         57.696     129.740       7.485
      O         27.801       0.000       0.000
      P          1.414       0.000       0.000
      S        101.166      -9.100      -0.921

 Subtotal:     420.101                  17.862
 -----------------------------------------------

  Elements    COT*SASA   Sigma Z,Z'     Total   
    Z,Z'       Ang**2  cal/Ang**2/mol kcal/mol  
 ---------------------------------------------- 
  H   C        156.436     -60.770      -9.507
  H   O          0.000       0.000       0.000
  C   C         33.041     -72.950      -2.410
  O   C          0.000      68.690       0.000
  O   O          0.000       0.000       0.000
  O   P         19.241      68.850       1.325

 Subtotal:                             -10.592
 ---------------------------------------------- 

 NONAQUEOUS SOLVENT CONTRIBUTION (kcal/mol):
 (proportional to SASA, atomic number independent)
 ---------------------------------------------- 
 Subtotal:                               0.000
 ---------------------------------------------- 

 CDS TOTAL (kcal/mol):                   7.270
...............................................................................
