----------------------------------------------- 
  Element       SASA      Sigma Z        Total  
     Z         Ang**2 cal/Ang**2/mol   kcal/mol 
----------------------------------------------- 
      H        239.728      48.690      11.672
      C         55.050     129.740       7.142
      O         29.385       0.000       0.000
      P          1.801       0.000       0.000
      S        109.661      -9.100      -0.998

 Subtotal:     435.624                  17.817
 -----------------------------------------------

  Elements    COT*SASA   Sigma Z,Z'     Total   
    Z,Z'       Ang**2  cal/Ang**2/mol kcal/mol  
 ---------------------------------------------- 
  H   C        161.220     -60.770      -9.797
  H   O          0.000       0.000       0.000
  C   C         31.931     -72.950      -2.329
  O   C          0.000      68.690       0.000
  O   O          0.000       0.000       0.000
  O   P         20.129      68.850       1.386

 Subtotal:                             -10.741
 ---------------------------------------------- 

 NONAQUEOUS SOLVENT CONTRIBUTION (kcal/mol):
 (proportional to SASA, atomic number independent)
 ---------------------------------------------- 
 Subtotal:                               0.000
 ---------------------------------------------- 

 CDS TOTAL (kcal/mol):                   7.076
...............................................................................
