41
 energy: -65.046923104284 gnorm: 0.057614776616 xtb: 6.7.1 (edcfbbe)
C            4.00087855491544       -1.28938051619878       -2.84341154399430
C            4.34053592817828       -0.11937168289890       -1.95251013886649
O            3.82334645929702       -0.29297799532032       -0.59099687731638
P            2.27152374923402       -0.07874979230862       -0.20003108206588
S            1.24591181680324        1.13617685538247       -1.31442877810892
O            2.38351449006620        0.27776516670887        1.36378985217935
C            2.27698577721273        1.66242404309915        1.84610313859057
C            3.54134547788062        2.44605872304313        1.57983361102678
S            1.67477091645034       -2.11137025824824       -0.10254098795239
C            0.06798115961858       -2.02067563504002        0.79203574688732
S           -1.44468013985284       -1.90037696705965       -0.24841653369164
P           -2.29325576592254       -0.02937630406930        0.30353688619754
S           -1.49294401345397        0.84663236950780        1.84775381240509
O           -3.86740058243144       -0.37826079509113        0.41127143300030
C           -4.39985238386629       -1.11638169975945        1.56589780275083
C           -5.10533760543673       -0.17582221198446        2.51519269175360
O           -2.28864196946501        0.73839127113628       -1.10043423821376
C           -2.63270761452898        2.16134937394457       -1.18872472539899
C           -2.29643011186049        2.60956896738266       -2.58943241371257
H            4.37103575909554       -2.22918810256391       -2.42562247530292
H            2.92190874546031       -1.36833123417014       -3.00836205572661
H            4.47905928673076       -1.13186059984375       -3.81510002704380
H            3.95196127486085        0.82184848401903       -2.35434559527788
H            5.41856684151163       -0.02644153002253       -1.80620935805987
H            1.40434443347957        2.12400039043311        1.37637168176529
H            2.08863529364139        1.54883405307151        2.91610114746737
H            3.44262426742328        3.43154372774488        2.04684613053635
H            4.41627225212540        1.94683371366759        2.00740023631216
H            3.70180482493540        2.59424746356067        0.50632847603015
H            0.07157096293767       -1.19467056226645        1.51387631859772
H           -0.00434032209024       -2.96578648566132        1.33871328719140
H           -5.09176054517581       -1.84492254690948        1.13379626859002
H           -3.58553172966386       -1.65734405907229        2.06107065538292
H           -5.53616666559614       -0.76411802830865        3.33238327711026
H           -4.40872808467216        0.55167596702992        2.94143762330182
H           -5.91712042090741        0.35537667582703        2.00909265611269
H           -3.70083675333759        2.27028554958523       -0.97072578404709
H           -2.05153299840239        2.70599007420450       -0.43759677206520
H           -1.22452232615145        2.50300062392743       -2.78382282997425
H           -2.85284539145150        2.02728202133818       -3.33047283416186
H           -2.56703844237264        3.66348592539096       -2.70137508131143
41
 energy: -65.050937405316 gnorm: 0.028871061902 xtb: 6.7.1 (edcfbbe)
C            3.99715428077377       -1.28469425591270       -2.83748792686146
C            4.32974686300007       -0.10979739353857       -1.94745764901728
O            3.81741233805749       -0.26988608965605       -0.59741545026330
P            2.27014001866433       -0.08405915935991       -0.20389144331680
S            1.23984167460067        1.16840467488629       -1.30727860510793
O            2.37342955199487        0.27472283403028        1.35267547084619
C            2.27326695002386        1.64653046413021        1.83587936164555
C            3.53378640620414        2.43779251949271        1.57546192518373
S            1.64088868085412       -2.09138716811990       -0.07887274584968
C            0.04766831187059       -2.00514850027950        0.80856847983853
S           -1.42523887126174       -1.90033750193736       -0.27827836938603
P           -2.27278132144810       -0.05316119587352        0.29207057181503
S           -1.47025104815587        0.85124648250530        1.83732015037108
O           -3.84405936599746       -0.38043520852116        0.41674449414166
C           -4.38545327935738       -1.10963096670415        1.55681132792327
C           -5.09644995692620       -0.17638289198369        2.51151136539568
O           -2.27451169068216        0.73169999346313       -1.09451250266548
C           -2.62314227717166        2.14550708006071       -1.18104686808141
C           -2.29175422061586        2.61083541770177       -2.58002151297658
H            4.36048916671687       -2.21484823760186       -2.40520426022822
H            2.92009574673686       -1.36380098279746       -2.98648429304704
H            4.47140542251789       -1.13591559186321       -3.80684753822282
H            3.92677837847983        0.82148044175684       -2.35614473032687
H            5.40664677398675       -0.01423818634439       -1.79699640549555
H            1.40487581277254        2.11321486304136        1.36255153431441
H            2.08263266579613        1.52774962863676        2.90375875015309
H            3.43713328807250        3.41843378183658        2.04006723015082
H            4.39934782549100        1.92990494781936        1.99660483385251
H            3.68876879033913        2.57368300044043        0.50457677911417
H            0.05475658578444       -1.16137724139790        1.50442684764798
H           -0.02032691441171       -2.95387699953148        1.33956045072414
H           -5.07697843163065       -1.83172887303727        1.11681265688471
H           -3.57124324253268       -1.64533871918548        2.05259956927761
H           -5.52718608806511       -0.76074895406286        3.32315842702237
H           -4.40117717236566        0.54852131705194        2.93157848091545
H           -5.89620401371868        0.35555059730528        1.99994963384235
H           -3.69001243084945        2.24662811650160       -0.96345533419169
H           -2.04518898805119        2.68951685155009       -0.42783972174981
H           -1.22548845510530        2.49759813020070       -2.77030356045165
H           -2.84319282039436        2.02547844306371       -3.31300542523176
H           -2.56272053877771        3.65965896544103       -2.68587139769169
41
 energy: -65.052489652955 gnorm: 0.012014954258 xtb: 6.7.1 (edcfbbe)
C            3.98175881323252       -1.28257390328299       -2.82085774163105
C            4.30352674417281       -0.09764127869778       -1.93489377842181
O            3.78767929756756       -0.24597747581184       -0.59901376436789
P            2.24851771918425       -0.08433726721155       -0.20121793452037
S            1.22532026925675        1.18803603434752       -1.29839122403190
O            2.34604540497445        0.27538385680735        1.34635540185792
C            2.26046922329596        1.63248150612695        1.83086164086871
C            3.52500768333253        2.42008952848604        1.56860622378105
S            1.65183177697453       -2.09993146180645       -0.06706867928513
C            0.05969413574407       -1.98759265348760        0.80144075990053
S           -1.40049663428727       -1.88996040564003       -0.29479345470427
P           -2.25478327726021       -0.06158157607176        0.27922945346328
S           -1.43399973737933        0.83977341307583        1.82232102785631
O           -3.81959484023670       -0.37478132703678        0.42325673870465
C           -4.36545683311683       -1.10433763766341        1.54496602250015
C           -5.08148882873487       -0.17322088108538        2.50248231404569
O           -2.25907092368996        0.73209025778181       -1.09126349981354
C           -2.61502528472887        2.13379126381833       -1.17408788577148
C           -2.28370433201876        2.60941714221981       -2.57240211541800
H            4.34293073471585       -2.20350513972889       -2.37346593410253
H            2.90580486945909       -1.36250249891107       -2.96120523261169
H            4.45561417111595       -1.14131876813352       -3.78693970317553
H            3.89450435213023        0.82394846858593       -2.35977844197221
H            5.37961347013504        0.00250327593177       -1.78218153674881
H            1.39749335360280        2.11081687980044        1.35692666817898
H            2.06913769980697        1.51291017318991        2.89772202566058
H            3.43360280991882        3.39781167429899        2.02991035344687
H            4.38381062768155        1.90304761279011        1.98411901083427
H            3.67227243002624        2.54612575095048        0.49810040152700
H            0.05631566112742       -1.12991265932296        1.47752765725749
H           -0.02039765968895       -2.92805900063109        1.33757484621052
H           -5.05768615489676       -1.82145495875737        1.10010436072614
H           -3.55607418898634       -1.63842040018258        2.04806640261955
H           -5.51230641759803       -0.75680603524769        3.30836544214130
H           -4.38528348629862        0.54862088239804        2.91988808066964
H           -5.87232957716255        0.36029590961755        1.98572912521223
H           -3.68162032993498        2.22670001615600       -0.95747908490284
H           -2.04122401455996        2.67828472050416       -0.41788709613710
H           -1.21993604970717        2.49242231874198       -2.75684780403473
H           -2.83233437298411        2.02224388185341       -3.30062524709334
H           -2.55523389896605        3.65448519443606       -2.66888119782139
41
 energy: -65.053002944351 gnorm: 0.007056159797 xtb: 6.7.1 (edcfbbe)
C            3.96720383561275       -1.28047505699204       -2.80344562353353
C            4.28827794932798       -0.08204407981041       -1.93112846841338
O            3.77375393467341       -0.21844419422681       -0.59990826662022
P            2.23890619203804       -0.07724646699151       -0.20084273007508
S            1.19510464455025        1.17517488456963       -1.29725442294124
O            2.32472661248692        0.27519151656000        1.34346360893381
C            2.24607455857183        1.62451875748073        1.83237187977767
C            3.51712537776502        2.40362590726997        1.56485895765329
S            1.64924848271980       -2.09420265098841       -0.06589558130645
C            0.05765101118235       -1.98981451193371        0.79567708143607
S           -1.39375309939238       -1.89673975411941       -0.31369732307587
P           -2.23185480020915       -0.05995254459764        0.27433852085056
S           -1.41126524816378        0.84235129321837        1.81776034641335
O           -3.79157395600730       -0.37053675896967        0.42550231637640
C           -4.34436970066938       -1.10209492346803        1.53658515221634
C           -5.06547535245799       -0.16930840124339        2.49228183144831
O           -2.23762343059124        0.73369408331862       -1.08881021978046
C           -2.60746833159949        2.12757497933330       -1.16958430504020
C           -2.27583750484029        2.60768723032752       -2.56750369800076
H            4.33033413963078       -2.19513515234326       -2.34379489449771
H            2.89045905683117       -1.36277559883330       -2.94014053865736
H            4.43904815668510       -1.14949640642502       -3.77121421407366
H            3.87609245637894        0.83202528854004       -2.37113142437469
H            5.36433832198029        0.02425675063899       -1.78310912632301
H            1.38642153813867        2.11486603524082        1.36230218903490
H            2.05596412680348        1.50749760524858        2.89975277608160
H            3.43372894882372        3.38228290714734        2.02439321687824
H            4.37389014807670        1.87949488043102        1.97672479337888
H            3.65882481911241        2.52569502023599        0.49270472700837
H            0.05011756185273       -1.12242281084041        1.46029823747371
H           -0.02580291948036       -2.92102075406585        1.34711969937068
H           -5.03654411801267       -1.81793921928509        1.08943273855423
H           -3.54271161213067       -1.63927488700402        2.04973611086538
H           -5.50019804071310       -0.75295188010997        3.29561048896356
H           -4.36812726531716        0.55076039977643        2.91219756932051
H           -5.85240187956056        0.36617408835753        1.97085017009115
H           -3.67546637486205        2.21351283626997       -0.95543562162306
H           -2.04050027681107        2.67840626108001       -0.41191411324463
H           -1.21103920747003        2.49272721938847       -2.74882340002154
H           -2.82278224232665        2.01968094871246       -3.29667202347284
H           -2.54959210740779        3.65204159230995       -2.65938381615412
41
 energy: -65.053243321941 gnorm: 0.005999526983 xtb: 6.7.1 (edcfbbe)
C            3.95282438346811       -1.27918581686664       -2.78752187155116
C            4.27220093452284       -0.06916239991386       -1.92912504194840
O            3.75874149862619       -0.19426182102687       -0.59680860745299
P            2.22448087607923       -0.07496382356043       -0.19882147077525
S            1.16519888235175        1.16377741048012       -1.29560995949312
O            2.30117064305337        0.27250066362726        1.34446872695479
C            2.23303119526918        1.62090432141789        1.83589568528957
C            3.50989613403059        2.39067176132030        1.56305184886826
S            1.66435078926799       -2.10465805549871       -0.06605497704998
C            0.07127681937879       -1.99767472890825        0.79121106703502
S           -1.37953415725295       -1.89724122481282       -0.31862906898140
P           -2.21916563916903       -0.05733703531698        0.26611207815749
S           -1.39120250756064        0.83509722001411        1.81088408846642
O           -3.77628608763714       -0.36467826726176        0.42348196418412
C           -4.33082174955795       -1.09893456377016        1.53084860908505
C           -5.05285158654278       -0.16456851871247        2.48546546740606
O           -2.22373879956401        0.73568943515305       -1.09314370724358
C           -2.60229580261649        2.12677616908794       -1.17010141050392
C           -2.26957175336089        2.61008313551681       -2.56658753734036
H            4.31901947209564       -2.18815862463409       -2.31718044515362
H            2.87537638060763       -1.36522978750409       -2.92273970454726
H            4.42305541776078       -1.15917857374465       -3.75849041058849
H            3.85828423679208        0.83874384956932       -2.38153968124880
H            5.34844044523293        0.04370888479911       -1.78638055140757
H            1.37507930830069        2.12091808482945        1.37178823689040
H            2.04583867613938        1.50713245690600        2.90445069192495
H            3.43748861065583        3.37177994519412        2.02172507306246
H            4.36526894958201        1.85960890700412        1.97171113236314
H            3.64747889466479        2.51059959876910        0.48912074040686
H            0.06248551045448       -1.12935873177290        1.45532060922456
H           -0.01941270501354       -2.92435589136281        1.35100200832510
H           -5.02210270078707       -1.81518155750575        1.08236565472341
H           -3.53269172455390       -1.63926249248345        2.04761110902964
H           -5.49135802074292       -0.74784199225671        3.28842294449919
H           -4.35385629977384        0.55413631551140        2.90749694847164
H           -5.83801397836726        0.37296437955598        1.96159709072994
H           -3.67171270209987        2.20694716496231       -0.95805635588088
H           -2.04129849864142        2.68199256536032       -0.41034903227642
H           -1.20327480056098        2.49672672275333       -2.74612800382387
H           -2.81479554487521        2.02264713283178       -3.29901916854852
H           -2.54409859443697        3.65519221545732       -2.65747216838532
41
 energy: -65.053352098618 gnorm: 0.004279714980 xtb: 6.7.1 (edcfbbe)
C            3.94265795881820       -1.27802267257281       -2.77555991046280
C            4.26174935838954       -0.05953961910648       -1.93017209462377
O            3.75193270220009       -0.17332059233957       -0.59320801385884
P            2.21592542432363       -0.07405166842125       -0.19703584984803
S            1.14419162171259        1.15209253413247       -1.29449202192666
O            2.28488037012327        0.27015124157275        1.34712000359722
C            2.22494868105073        1.62080390470385        1.83979126650964
C            3.50503549032149        2.38307764559146        1.56271300457345
S            1.67125672099680       -2.10874819626478       -0.06737617670008
C            0.07678581877716       -2.00554677134017        0.78826810093561
S           -1.37457308012882       -1.90080615324408       -0.32163761586380
P           -2.20767283361070       -0.05617004626749        0.26247897159367
S           -1.38199538377804        0.83330045861730        1.80917373568139
O           -3.76439732650220       -0.36234514114170        0.42025165603743
C           -4.32152453142906       -1.09650032142804        1.52826274208395
C           -5.04398153886158       -0.16073404197970        2.48041599399859
O           -2.21151189791200        0.73552568769765       -1.09672053769944
C           -2.59793955454953        2.12639810429791       -1.17268702006297
C           -2.26491500724401        2.61289041742747       -2.56736478167149
H            4.31130773730267       -2.18244623897726       -2.29772222371465
H            2.86490792400395       -1.36725269501509       -2.90973159076981
H            4.41123290241911       -1.16744402210957       -3.74933203269761
H            3.84535216953122        0.84385228611174       -2.38896699468243
H            5.33808633835135        0.05801020586682       -1.79158338193614
H            1.36688813094989        2.12411249263904        1.38014815891890
H            2.04083251038060        1.50718290758864        2.90916966531495
H            3.44078858471669        3.36527018094990        2.02205882153292
H            4.35933698271518        1.84741873489211        1.96897608521385
H            3.64043026211259        2.50355110872677        0.48812221176968
H            0.06866987390230       -1.14235316474803        1.45923871155413
H           -0.01476987914167       -2.93415974301284        1.34551011298506
H           -5.01160789128312       -1.81356029932919        1.07861430343580
H           -3.52412346342972       -1.63771220247048        2.04571607042432
H           -5.48572611875394       -0.74282546570687        3.28355400721673
H           -4.34483456784305        0.55728462018289        2.90443571410301
H           -5.82826913085030        0.37788740519390        1.95531989892346
H           -3.66841535826703        2.20061871932997       -0.96203869789928
H           -2.04162465379866        2.68389040748453       -0.41103984912414
H           -1.19773092066959        2.50200017101090       -2.74684325876822
H           -2.80832593321360        2.02696824461084       -3.30329759669769
H           -2.54035408661280        3.65861601005418       -2.65825698649874
41
 energy: -65.053406822739 gnorm: 0.002454616851 xtb: 6.7.1 (edcfbbe)
C            3.93412357998967       -1.27707549127985       -2.76549520966758
C            4.25378469785682       -0.05241268633334       -1.93151786011510
O            3.74838431901579       -0.15546981039063       -0.58991481831510
P            2.21047600954686       -0.07253851344393       -0.19582999996312
S            1.13025220639695        1.14630399546992       -1.29344841799703
O            2.27344488032479        0.26859653029554        1.34981099719009
C            2.22034134985643        1.62151480041605        1.84346199546118
C            3.50150082826085        2.37875463122841        1.56335455824947
S            1.67659550136587       -2.10919006029299       -0.06756259432716
C            0.08105815983613       -2.01526937792653        0.78768561545374
S           -1.36896464300247       -1.90205148015089       -0.32318494595859
P           -2.20067176186467       -0.05658698230970        0.25841146174488
S           -1.37428223453006        0.82824239784563        1.80727548422129
O           -3.75824868167085       -0.36069537500517        0.41603728419000
C           -4.31567830681501       -1.09387396452195        1.52640787070695
C           -5.03756979541383       -0.15730752160843        2.47663749722843
O           -2.20405721824656        0.73517176768261       -1.10144313390039
C           -2.59463829325987        2.12668888021640       -1.17646360931431
C           -2.26113024957520        2.61612670001692       -2.56923180403294
H            4.30419802455155       -2.17745939900030       -2.28157326122458
H            2.85638480831522       -1.36845211495903       -2.89826610693082
H            4.40138507682598       -1.17420878971379       -3.74088910915643
H            3.83428682713849        0.84728336007849       -2.39362821517550
H            5.33010424870349        0.06780781327819       -1.79566430485205
H            1.36153603061714        2.12538051685122        1.38697776193324
H            2.03938642456154        1.50578565474111        2.91321159160461
H            3.44245204065060        3.36041288586628        2.02463989816997
H            4.35480663691389        1.83953694026206        1.96676532505658
H            3.63487431983009        2.50105347786565        0.48885849853848
H            0.07209151675163       -1.15762140387953        1.46612155479881
H           -0.01012046708143       -2.94928354832110        1.33608126606170
H           -5.00499417451492       -1.81146583691865        1.07640670951534
H           -3.51704624362598       -1.63413279728496        2.04273970525083
H           -5.48097434582508       -0.73835560673938        3.27979162918706
H           -4.33859282517545        0.56029745041638        2.90141413569674
H           -5.82108018655836        0.38171220657688        1.95088336271945
H           -3.66554477222809        2.19557948650975       -0.96676214063973
H           -2.04100429079781        2.68350874154260       -0.41274224533719
H           -1.19370057279173        2.50676560217431       -2.74862355259215
H           -2.80324517022569        2.03217939652625       -3.30774487965591
H           -2.53701884888697        3.66211195742715       -2.65871539292600
41
 energy: -65.053423624293 gnorm: 0.001583864641 xtb: 6.7.1 (edcfbbe)
C            3.92933365965549       -1.27693213045685       -2.76019317378680
C            4.24951749098870       -0.05007752035655       -1.93107939527381
O            3.74627660881303       -0.14833184657461       -0.58763333844249
P            2.20779885663321       -0.07143627352512       -0.19434484691023
S            1.12752699710008        1.14811457249064       -1.29191733874389
O            2.26947061212609        0.26867445758721        1.35205129591357
C            2.21945133031321        1.62233315521465        1.84603548854999
C            3.50018571541090        2.37839986517111        1.56453822707559
S            1.67871241740753       -2.10922130156925       -0.06789816056044
C            0.08106028457117       -2.01906268594670        0.78469345020463
S           -1.36741536496840       -1.90361625433344       -0.32798254696432
P           -2.19636132512239       -0.05825990937797        0.25688940657054
S           -1.37273552983851        0.82756956307859        1.80687851258436
O           -3.75499059557444       -0.36112121947028        0.41316390170051
C           -4.31249140555526       -1.09274859329381        1.52526668615388
C           -5.03435364375664       -0.15575622245843        2.47443465344173
O           -2.20028848297729        0.73418816046791       -1.10363468999603
C           -2.59262600252119        2.12596170741459       -1.17850528447816
C           -2.25905617467982        2.61751824331567       -2.57029113062616
H            4.29937172712177       -2.17537119578873       -2.27326722702194
H            2.85170644434380       -1.36866170759371       -2.89201947281544
H            4.39625573741542       -1.17753232964700       -3.73579418315629
H            3.82853912351636        0.84802853597803       -2.39423146593649
H            5.32584550665918        0.07039834712952       -1.79625599141198
H            1.35989768045792        2.12580427374290        1.39099080052648
H            2.04053228770332        1.50474366884228        2.91580891404282
H            3.44269160956358        3.35891064230826        2.02780130018300
H            4.35332708359882        1.83754104746417        1.96535460547090
H            3.63179125736488        2.50245160232559        0.49030460045252
H            0.07028294788290       -1.16561631611811        1.46844388168396
H           -0.00916302408218       -2.95752817974133        1.32538924112633
H           -5.00172349453659       -1.81052954570649        1.07572534730551
H           -3.51294420420421       -1.63162126375741        2.04125869288999
H           -5.47823141512820       -0.73625949729553        3.27738761106344
H           -4.33572501512903        0.56180955210288        2.89925310786951
H           -5.81724463326705        0.38318571953066        1.94812453713641
H           -3.66355339289009        2.19243958997779       -0.96953412852553
H           -2.03992369439044        2.68199251704901       -0.41385060350626
H           -1.19177761813202        2.50892649579759       -2.74959053529843
H           -2.80065362904188        2.03469285131533       -3.30966685866332
H           -2.53541232763197        3.66336385791447       -2.65783128893049
41
 energy: -65.053406409890 gnorm: 0.003425243877 xtb: 6.7.1 (edcfbbe)
C            3.92204895699739       -1.27671813093144       -2.75212717600110
C            4.24304716463437       -0.04652774189636       -1.93040552686951
O            3.74309354498954       -0.13748605088858       -0.58416631146685
P            2.20375831275259       -0.06973660615894       -0.19208401333121
S            1.12339269339402        1.15088169057939       -1.28957368788781
O            2.26346207442561        0.26880073054120        1.35546179030047
C            2.21810697230516        1.62357030094865        1.84996633108163
C            3.49819188593507        2.37787101598951        1.56635278420319
S            1.68191717333844       -2.10922462973078       -0.06841146811664
C            0.08105659972304       -2.02486978816895        0.78015541453850
S           -1.36504640450799       -1.90596465492309       -0.33527547434950
P           -2.18985023039197       -0.06080410653164        0.25453711414531
S           -1.37034065370955        0.82645133354233        1.80623884147650
O           -3.75007939291436       -0.36176852955878        0.40877818477377
C           -4.30765740288229       -1.09104337299391        1.52351826200082
C           -5.02946617423363       -0.15339635606429        2.47107989507764
O           -2.19460050990430        0.73270518015764       -1.10699635150003
C           -2.58957796395803        2.12486635383602       -1.18161398869108
C           -2.25590295272939        2.61964178097635       -2.57190754406404
H            4.29202173921013       -2.17220529717100       -2.26063084252756
H            2.84458828270954       -1.36897210754305       -2.88251417564836
H            4.38845235614176       -1.18259607649328       -3.72804594085471
H            3.81982263195352        0.84916322321383       -2.39514733917449
H            5.31938995709824        0.07433139409516       -1.79715884699672
H            1.35741390963153        2.12645121628632        1.39711701034891
H            2.04228617547988        1.50315436596942        2.91977665760996
H            3.44305842099406        3.35663284748088        2.03263491650036
H            4.35109542414349        1.83451941582384        1.96320700361198
H            3.62709533854965        2.50460271955597        0.49251619750441
H            0.06751682705806       -1.17780106843767        1.47196980468175
H           -0.00772056322251       -2.97009742521026        1.30915240420192
H           -4.99676719572031       -1.80911817989600        1.07469501661852
H           -3.50671564466893       -1.62780523527011        2.03899440661532
H           -5.47405817544946       -0.73307283269566        3.27372981126810
H           -4.33135929371446        0.56410961873723        2.89595478588944
H           -5.81141755571675        0.38542814756550        1.94392542406234
H           -3.66053601091358        2.18769423760240       -0.97375344788616
H           -2.03828250167452        2.67968537291353       -0.41553631780808
H           -1.18885254403195        2.51221077877383       -2.75105962163321
H           -2.79671756138462        2.03852419654962       -3.31259569000538
H           -2.53296330451657        3.66527670263255       -2.65648569080124
41
 energy: -65.053428171721 gnorm: 0.001633654351 xtb: 6.7.1 (edcfbbe)
C            3.92478599501604       -1.27707786067835       -2.75519151595156
C            4.24632771139017       -0.04843457961890       -1.93008652535792
O            3.74529445849103       -0.14272572530252       -0.58547677173237
P            2.20675872338051       -0.06935864802028       -0.19261635311938
S            1.12689499849098        1.15192301375669       -1.28949645714304
O            2.26797969381661        0.26934374727898        1.35452881048613
C            2.21951471067237        1.62291457687863        1.84931729898382
C            3.49933871285206        2.37916631186682        1.56648290165692
S            1.67954789949666       -2.10705130484530       -0.06830252362915
C            0.07992343809574       -2.02385025927001        0.78187356752230
S           -1.36587685301002       -1.90395294129885       -0.33339050298083
P           -2.19399450046636       -0.06030016412289        0.25402314934666
S           -1.37022466424848        0.82349999748468        1.80516200166790
O           -3.75377096048836       -0.36191754970184        0.40959786671785
C           -4.30998236283802       -1.09203162273517        1.52360750781889
C           -5.03151443127861       -0.15443415601676        2.47217358012319
O           -2.19866850508081        0.73360141751400       -1.10683694786643
C           -2.59116505678929        2.12550110604926       -1.18064487678505
C           -2.25714089273536        2.61912840126844       -2.57157540301658
H            4.29409890386414       -2.17398740364843       -2.26546071313430
H            2.84718057199875       -1.36839182147222       -2.88590126552190
H            4.39135901192775       -1.18097890430809       -3.73089995282102
H            3.82412923502112        0.84841531206477       -2.39409278591734
H            5.32274383275240        0.07170969671772       -1.79647659124639
H            1.35906622419492        2.12607008372508        1.39574453277448
H            2.04270733000230        1.50340618563126        2.91907772824703
H            3.44271061907021        3.35812707585193        2.03237137916211
H            4.35292141632417        1.83700465293301        1.96383594892055
H            3.62853220545561        2.50568033482286        0.49250700070487
H            0.06675106694494       -1.17423487011048        1.47022043949804
H           -0.00933327949222       -2.96676949182038        1.31463659970244
H           -4.99942919682159       -1.81020390438631        1.07542709726976
H           -3.50931163116317       -1.62917368173503        2.03929130581883
H           -5.47539916034406       -0.73451159751874        3.27498445559532
H           -4.33300886772264        0.56316388831139        2.89658539398315
H           -5.81387636531615        0.38434924847470        1.94540509634769
H           -3.66198594262003        2.19057992002700       -0.97238816807508
H           -2.03874724072788        2.68009556274807       -0.41499692659771
H           -1.19006104994481        2.51083376039413       -2.75051692885266
H           -2.79844987511367        2.03743514106045       -3.31158142649541
H           -2.53372151783710        3.66480148495808       -2.65664842520662
41
 energy: -65.053432586235 gnorm: 0.000638979512 xtb: 6.7.1 (edcfbbe)
C            3.92735945429483       -1.27779546171486       -2.75823413871554
C            4.24961628819213       -0.05107219468383       -1.92870192389311
O            3.74688166294283       -0.14948685144111       -0.58618786238897
P            2.20934465463620       -0.06895210936874       -0.19214442661926
S            1.13109008611190        1.15426437013432       -1.28797325379069
O            2.27326758695471        0.27002149333508        1.35445298319258
C            2.22136212934146        1.62198635836260        1.84976583829753
C            3.50080785618651        2.38104283257899        1.56755149037817
S            1.67801682511786       -2.10631458266308       -0.06861557624786
C            0.07841730553046       -2.02165229952560        0.78101006589274
S           -1.36723530370598       -1.90287713625931       -0.33431939218273
P           -2.19780761784986       -0.05992905179356        0.25351284058217
S           -1.37296756482339        0.82348506438153        1.80407306796762
O           -3.75704149960319       -0.36290702222467        0.40994771791894
C           -4.31201134810248       -1.09346526223396        1.52320213012240
C           -5.03346161253163       -0.15559968239923        2.47269656248876
O           -2.20261913393815        0.73429209446729       -1.10663155964091
C           -2.59285029333853        2.12565621059635       -1.17960124403955
C           -2.25839346842419        2.61840629799522       -2.57124980206998
H            4.29546926289998       -2.17662240489196       -2.27053664260821
H            2.84952640102550       -1.36743555192679       -2.88969195242812
H            4.39441308975161       -1.17959300177538       -3.73369251133192
H            3.82930099103252        0.84733061829436       -2.39223881197305
H            5.32621455804502        0.06810702450914       -1.79496987266340
H            1.36103179086358        2.12577538638310        1.39594326495711
H            2.04373117604770        1.50384669638281        2.91959548076892
H            3.44283109737792        3.36014347662764        2.03356992573023
H            4.35565559220229        1.84017312083984        1.96463352324016
H            3.62956876523992        2.50800128218830        0.49329392405092
H            0.06526011041467       -1.16985664898549        1.46639428950471
H           -0.01185369531644       -2.96175506777683        1.31838656285884
H           -5.00180793192899       -1.81218353203639        1.07622323262065
H           -3.51183392249261       -1.63096958781190        2.03960422293729
H           -5.47679088030570       -0.73588943277146        3.27591223755599
H           -4.33437767677371        0.56210712549707        2.89656888696408
H           -5.81629824619797        0.38314621246862        1.94617438256085
H           -3.66368473166043        2.19378175302109       -0.97108562232806
H           -2.03944270744054        2.68059967006294       -0.41453837761893
H           -1.19115444763830        2.50936058817158       -2.74990529162889
H           -2.80008928791821        2.03601026370104       -3.31074968573913
H           -2.53454090899950        3.66418337549261       -2.65717208178516
41
 energy: -65.053434685940 gnorm: 0.000219231863 xtb: 6.7.1 (edcfbbe)
C            3.92545422297837       -1.27766008906811       -2.75607681341464
C            4.24829456416124       -0.05013395904601       -1.92841627492223
O            3.74649951804613       -0.14657557497871       -0.58513207970678
P            2.20867505244154       -0.06843661041655       -0.19127776269143
S            1.12961611262837        1.15442853279530       -1.28672329037154
O            2.27215597930646        0.26982712450022        1.35566819414924
C            2.22112454985499        1.62196426302967        1.85142564297982
C            3.50029216291449        2.38083999429618        1.56860606426712
S            1.67856977643764       -2.10582079984114       -0.06861033281040
C            0.07824572820277       -2.02319504798691        0.78008258517426
S           -1.36652798808518       -1.90302937724394       -0.33624867573996
P           -2.19672495397134       -0.06041548855995        0.25203790747655
S           -1.37170127354587        0.82165313129017        1.80322928128303
O           -3.75623631299069       -0.36330257973928        0.40827775125147
C           -4.31087541390374       -1.09321179924996        1.52239766407083
C           -5.03215089860709       -0.15502758629306        2.47144046408641
O           -2.20174037931591        0.73415218562322       -1.10821327498458
C           -2.59227365741384        2.12565604563983       -1.18075700857230
C           -2.25758490499202        2.61924220467432       -2.57194521166902
H            4.29327695926769       -2.17592139408544       -2.26729819177133
H            2.84762470917776       -1.36710154958769       -2.88734928889802
H            4.39247947690741       -1.18091008760452       -3.73163141773935
H            3.82763276935938        0.84777217102218       -2.39236008719572
H            5.32494056129173        0.06901274461630       -1.79523580773314
H            1.36035399499359        2.12561083022709        1.39848726429506
H            2.04447679824704        1.50300409161967        2.92132593976194
H            3.44294844545239        3.35936554534096        2.03576313891518
H            4.35529991672578        1.83937151476874        1.96434298615438
H            3.62810816862899        2.50896672649423        0.49444343292646
H            0.06436187199287       -1.17291720696704        1.46748014194087
H           -0.01177823395907       -2.96494275234714        1.31474260382161
H           -5.00062708395920       -1.81224519688855        1.07588012727859
H           -3.51023743553896       -1.63012978182687        2.03862751545878
H           -5.47565757739525       -0.73496210859308        3.27475969128151
H           -4.33308953438685        0.56267208568686        2.89519673553651
H           -5.81483799665030        0.38366983239454        1.94475840282582
H           -3.66314875107236        2.19314129513178       -0.97248299296507
H           -2.03919916696330        2.68012946207250       -0.41519807904182
H           -1.19033901488379        2.51043842951674       -2.75045383967115
H           -2.79900531712522        2.03734587173009       -3.31196995317947
H           -2.53379103903684        3.66503934106064       -2.65732055096030
41
 energy: -65.053435541260 gnorm: 0.000192330531 xtb: 6.7.1 (edcfbbe)
C            3.92426977369657       -1.27757262687360       -2.75485136739861
C            4.24773010940178       -0.04993676421794       -1.92773880511190
O            3.74625628277604       -0.14551044188141       -0.58423149529565
P            2.20831945841993       -0.06815010987439       -0.19026531526180
S            1.12911451677402        1.15513474162808       -1.28517120052778
O            2.27214747763194        0.26959378906357        1.35683845980652
C            2.22132260640165        1.62157965949072        1.85314588012515
C            3.50008977721900        2.38090264083570        1.56995419943970
S            1.67926151045955       -2.10594651244163       -0.06846651877059
C            0.07811064414367       -2.02397883823998        0.77880517869830
S           -1.36588995331752       -1.90300298878882       -0.33839203729441
P           -2.19631216345671       -0.06063617174219        0.25083436866824
S           -1.37276156872307        0.82228750569223        1.80234864842859
O           -3.75585581847061       -0.36398553214926        0.40686396807355
C           -4.31018712820795       -1.09328454773747        1.52156975186254
C           -5.03134739144130       -0.15476216847756        2.47027630114898
O           -2.20161987183302        0.73411334509754       -1.10937842657420
C           -2.59213275809343        2.12564749956280       -1.18171298478342
C           -2.25713976280298        2.61972802913780       -2.57262057181631
H            4.29143561961675       -2.17581975651137       -2.26561084890815
H            2.84642806736384       -1.36638747958799       -2.88629146380701
H            4.39155492025509       -1.18155233248296       -3.73032282100514
H            3.82731697675001        0.84796961667070       -2.39183856374782
H            5.32445250274269        0.06878233205905       -1.79479818425970
H            1.36011725993213        2.12512561385390        1.40100334152800
H            2.04545035090199        1.50198963183309        2.92310985967383
H            3.44299736833568        3.35888557620961        2.03822172554581
H            4.35546928874497        1.83913994028984        1.96439640539513
H            3.62699296879110        2.51020068368429        0.49585458628126
H            0.06365266560237       -1.17447930498200        1.46722507882622
H           -0.01221017059806       -2.96638889276315        1.31229118646389
H           -4.99991887061408       -1.81268408468117        1.07558941607136
H           -3.50926168190248       -1.62975041035470        2.03782088703079
H           -5.47491176047646       -0.73435882790800        3.27378521901694
H           -4.33223871811776        0.56298319549637        2.89380191496633
H           -5.81397431001888        0.38383053316520        1.94344295464767
H           -3.66306069820639        2.19312890375998       -0.97364859999853
H           -2.03921579995394        2.67987697081076       -0.41587921288556
H           -1.18986258322847        2.51105354947802       -2.75090444741190
H           -2.79831465028895        2.03806782288120       -3.31298171886447
H           -2.53337008098888        3.66553064420238       -2.65780214707866
41
 energy: -65.053436071090 gnorm: 0.000155786756 xtb: 6.7.1 (edcfbbe)
C            3.92359351266013       -1.27744721458149       -2.75423543375277
C            4.24778289594228       -0.05000091190027       -1.92705010260135
O            3.74640365219488       -0.14526680554652       -0.58356067175887
P            2.20845410992157       -0.06796622274720       -0.18936847435291
S            1.12894564554335        1.15554395747384       -1.28369507319090
O            2.27275044063705        0.26930891307726        1.35780886939666
C            2.22162031829814        1.62098307367563        1.85474365962532
C            3.49998253794312        2.38099693260848        1.57131722189029
S            1.67928506722227       -2.10573593648716       -0.06806590762069
C            0.07754908461355       -2.02371790708935        0.77803759193661
S           -1.36554797550451       -1.90271866827588       -0.34033757461736
P           -2.19648330129491       -0.06078343110661        0.24947856467095
S           -1.37252342990585        0.82121584321274        1.80130544924917
O           -3.75593337965339       -0.36472395709611        0.40563006338601
C           -4.30984930024907       -1.09362225634007        1.52073448356849
C           -5.03086172008237       -0.15478494195612        2.46926982762635
O           -2.20212870372722        0.73424837602167       -1.11050820750850
C           -2.59223142520472        2.12582404342242       -1.18247507863156
C           -2.25688747985598        2.62019205915930       -2.57320958375904
H            4.28995667301858       -2.17596769013422       -2.26486679079688
H            2.84571599463332       -1.36545864368591       -2.88597171052377
H            4.39120705914744       -1.18180068330205       -3.72959006208961
H            3.82788456571205        0.84814950858819       -2.39118558686846
H            5.32459561974982        0.06812199494580       -1.79423676223537
H            1.36001803756725        2.12449145309553        1.40329338454678
H            2.04635044045507        1.50089730743361        2.92475754769895
H            3.44292471463352        3.35852322739360        2.04055782665353
H            4.35582303975331        1.83913165164235        1.96462650592136
H            3.62607414889001        2.51135347500462        0.49724354996575
H            0.06253306972472       -1.17443779832742        1.46676213723119
H           -0.01311930116935       -2.96630644092660        1.31116965067074
H           -4.99963401180558       -1.81332342685839        1.07529385400472
H           -3.50875043207036       -1.62979488122645        2.03704946757588
H           -5.47439253949622       -0.73411429188731        3.27299729457790
H           -4.33164460731090        0.56303291202816        2.89250904294026
H           -5.81350190100287        0.38371139743371        1.94234468533058
H           -3.66319707717059        2.19362648168430       -0.97456491031782
H           -2.03932333000285        2.67976904622096       -0.41640075125536
H           -1.18955802031084        2.51154446926587       -2.75123114006677
H           -2.79788204721226        2.03865663942709       -3.31381687286588
H           -2.53309624001171        3.66601377986715       -2.65828738275638
41
 energy: -65.053436372496 gnorm: 0.000123048469 xtb: 6.7.1 (edcfbbe)
C            3.92328272692885       -1.27719575800290       -2.75402894815521
C            4.24806565274414       -0.05006976041018       -1.92653018386585
O            3.74663012892179       -0.14534688379664       -0.58310522926829
P            2.20868498687332       -0.06801451557346       -0.18876393600511
S            1.12899111977941        1.15561758874673       -1.28272833473699
O            2.27325993586746        0.26896043355946        1.35844054710901
C            2.22182374800201        1.62041018331495        1.85588223450335
C            3.49993181138916        2.38088299775046        1.57237472183325
S            1.67943009092754       -2.10574337666379       -0.06776434633728
C            0.07745090802043       -2.02383976271887        0.77776495753515
S           -1.36512056013408       -1.90222808127093       -0.34116481119871
P           -2.19675348892399       -0.06064514396513        0.24864800870678
S           -1.37339552497678        0.82177268265386        1.80052556628632
O           -3.75606418200793       -0.36512661104384        0.40485828601556
C           -4.30977577942111       -1.09386247707002        1.52014255764643
C           -5.03068679401276       -0.15485208245020        2.46861296922579
O           -2.20265816979075        0.73442847029155       -1.11120730965735
C           -2.59244412310675        2.12607932678325       -1.18313361530467
C           -2.25677913188963        2.62042960180197       -2.57380152485165
H            4.28899904636913       -2.17604338236032       -2.26474697713112
H            2.84537532493484       -1.36454982035932       -2.88604015127367
H            4.39116847308734       -1.18165050469746       -3.72927637548995
H            3.82867857862860        0.84839700129190       -2.39054844477053
H            5.32494336198757        0.06748222482308       -1.79368240303311
H            1.35996789300142        2.12389114589320        1.40485831253874
H            2.04688515860328        1.49993184181184        2.92590336299516
H            3.44285736936106        3.35815102032760        2.04217877625680
H            4.35605494759847        1.83898225853920        1.96504502775439
H            3.62558374351109        2.51185494127593        0.49831423382937
H            0.06232524774448       -1.17436915858945        1.46621266327125
H           -0.01368743945612       -2.96620804398192        1.31117982276875
H           -4.99959961197315       -1.81366978778558        1.07493394444071
H           -3.50861956657340       -1.62994550640956        2.03647645334827
H           -5.47415089054868       -0.73404419774190        3.27248601784975
H           -4.33140211545186        0.56303246451122        2.89166534441260
H           -5.81337012986810        0.38357359282999        1.94165518757951
H           -3.66343437093126        2.19411146737645       -0.97537996295890
H           -2.03952443131546        2.67987692936608       -0.41694547188303
H           -1.18940188655539        2.51178427413013       -2.75159796370233
H           -2.79762871174778        2.03886905503875       -3.31451231876276
H           -2.53298894037656        3.66624978598095       -2.65892808662321
41
 energy: -65.053436391626 gnorm: 0.000253614837 xtb: 6.7.1 (edcfbbe)
C            3.92295775543966       -1.27692210855551       -2.75381354607224
C            4.24836542604955       -0.05014096025283       -1.92597564092286
O            3.74686518079098       -0.14543694883075       -0.58262012257466
P            2.20892523370416       -0.06807000387639       -0.18812477660368
S            1.12904029704667        1.15569601716601       -1.28170885710632
O            2.27379001473214        0.26858570429636        1.35910914207333
C            2.22203614038151        1.61979934812630        1.85708743512557
C            3.49987807931604        2.38075257185143        1.57349881990102
S            1.67958102520008       -2.10576058774247       -0.06744178768653
C            0.07734101976611       -2.02393415291983        0.77747486261495
S           -1.36467781764281       -1.90172046141141       -0.34204781188235
P           -2.19703317581733       -0.06049933314789        0.24777564948732
S           -1.37429027402987        0.82234264113775        1.79970905064435
O           -3.75619772937129       -0.36555041400599        0.40404347654792
C           -4.30970127936660       -1.09411592382399        1.51951395081570
C           -5.03050743071013       -0.15492441781994        2.46791528050875
O           -2.20321114990683        0.73461579223932       -1.11194344771234
C           -2.59266507909310        2.12634717049841       -1.18383208056706
C           -2.25666110138517        2.62067708858527       -2.57443014843053
H            4.28799074971645       -2.17611767973417       -2.26462852208081
H            2.84501916448647       -1.36358041041652       -2.88611632347826
H            4.39113194079946       -1.18147770822601       -3.72894611835962
H            3.82952066003028        0.84866351991460       -2.38986406438473
H            5.32531143477873        0.06680510627456       -1.79308665718584
H            1.35991478352649        2.12325247687936        1.40651150665618
H            2.04744451017448        1.49890426731182        2.92711538530975
H            3.44278590352174        3.35774886425474        2.04389473891636
H            4.35629571881839        1.83881327556846        1.96550049430116
H            3.62507153086928        2.51237084565503        0.49945291942958
H            0.06209731389107       -1.17426414986803        1.46563373533417
H           -0.01428982150859       -2.96607148976431        1.31118659936422
H           -4.99956610416449       -1.81403181672149        1.07454439032149
H           -3.50848680076670       -1.63010650215775        2.03586835069318
H           -5.47390180686455       -0.73397208490586        3.27194095826228
H           -4.33115330163848        0.56303085619132        2.89077173649712
H           -5.81323586454042        0.38342636375186        1.94092284771805
H           -3.66368144523158        2.19461951379378       -0.97624624218174
H           -2.03973616719797        2.67999129241423       -0.41752381438411
H           -1.18923385005937        2.51203499329861       -2.75198869669143
H           -2.79735643274405        2.03908875046969       -3.31524939979075
H           -2.53287284578055        3.66649512770924       -2.65961067152935
41
 energy: -65.053436614269 gnorm: 0.000118751066 xtb: 6.7.1 (edcfbbe)
C            3.92311511480250       -1.27666837659952       -2.75396443658117
C            4.24850374280020       -0.05010279950535       -1.92585421371694
O            3.74683036857160       -0.14566968964879       -0.58254534072334
P            2.20890835153032       -0.06821482100266       -0.18814753686251
S            1.12910119249248        1.15559081241442       -1.28183141710607
O            2.27361127471033        0.26839483392097        1.35909839790770
C            2.22196482424976        1.61964759820419        1.85711331055986
C            3.49990851164448        2.38043822571225        1.57367897948177
S            1.67955494559266       -2.10599021650214       -0.06734525111182
C            0.07731245390191       -2.02334161297241        0.77756819595956
S           -1.36482441399900       -1.90189803174931       -0.34197816694365
P           -2.19699941222710       -0.06042654573371        0.24791190348286
S           -1.37396815682804        0.82231363685402        1.79980916114554
O           -3.75616923594237       -0.36538354873039        0.40412270793809
C           -4.30988251473170       -1.09409428985295        1.51943006718798
C           -5.03069730449882       -0.15499720065640        2.46790018986789
O           -2.20315390647056        0.73458401732876       -1.11186158055141
C           -2.59262945588848        2.12637339038979       -1.18393022259862
C           -2.25662088869559        2.62057124235753       -2.57456543655976
H            4.28815064047983       -2.17596842830391       -2.26498527256510
H            2.84517996513980       -1.36328553162575       -2.88630604605836
H            4.39130899226021       -1.18099622765694       -3.72906191356949
H            3.82975510533585        0.84883255314786       -2.38955227179388
H            5.32543922118545        0.06673646964085       -1.79280278488587
H            1.35993603163072        2.12314879950718        1.40642838703846
H            2.04722017255540        1.49870327919769        2.92710516687514
H            3.44281007998769        3.35752338331999        2.04388392823181
H            4.35619591543992        1.83849804931790        1.96595938280437
H            3.62534094133263        2.51185911466342        0.49964246857446
H            0.06211926716212       -1.17351840347064        1.46554563866767
H           -0.01430589244720       -2.96532469547711        1.31153552583908
H           -4.99976495009315       -1.81384351356323        1.07423140003539
H           -3.50874889953405       -1.63023644907737        2.03573472110077
H           -5.47408229089628       -0.73412365491808        3.27187490781424
H           -4.33136180931809        0.56293472227219        2.89082102296865
H           -5.81343861685973        0.38338434839807        1.94096105776352
H           -3.66363950489793        2.19460541296514       -0.97638776674125
H           -2.03972726516492        2.68006122314543       -0.41765531993167
H           -1.18919883447873        2.51193298981599       -2.75212008283208
H           -2.79730823773235        2.03893386644252       -3.31534573609986
H           -2.53284111688187        3.66638050123753       -2.65984312311468
41
 energy: -65.053436760374 gnorm: 0.000074848512 xtb: 6.7.1 (edcfbbe)
C            3.92332323968949       -1.27622940528883       -2.75407252528815
C            4.24869493665538       -0.04992639440024       -1.92561553747819
O            3.74687936247030       -0.14583351964774       -0.58233828938599
P            2.20897344225691       -0.06838880616049       -0.18809998516194
S            1.12939801783596        1.15559094761040       -1.28182769289912
O            2.27338602411404        0.26814876070864        1.35917621706241
C            2.22191143390224        1.61943248165395        1.85722099801035
C            3.50002877938376        2.37996693882236        1.57407957246494
S            1.67927662960342       -2.10608285885841       -0.06745605953712
C            0.07718097406201       -2.02295895164921        0.77774047551142
S           -1.36515402620299       -1.90196590597009       -0.34163691603078
P           -2.19702440732595       -0.06032711065566        0.24798587169085
S           -1.37375773734126        0.82230511488292        1.79982521142993
O           -3.75623975628146       -0.36509663284909        0.40409762691678
C           -4.31019602099828       -1.09397829813186        1.51920171567629
C           -5.03100569372083       -0.15504398324898        2.46781143796924
O           -2.20305384726868        0.73453370830646       -1.11190973075820
C           -2.59253206242199        2.12637073810739       -1.18419989520593
C           -2.25647610922413        2.62039473217419       -2.57487444414173
H            4.28838182761115       -2.17566384733681       -2.26537695339639
H            2.84538846092319       -1.36280717802362       -2.88637705895193
H            4.39146942860209       -1.18025904839235       -3.72915404637559
H            3.83000398681521        0.84915978642133       -2.38905921704842
H            5.32561656061388        0.06680777542282       -1.79238673748823
H            1.36004466059404        2.12304091513598        1.40637107417565
H            2.04693454265073        1.49841445019431        2.92716554311421
H            3.44289503598249        3.35714944831032        2.04404764376558
H            4.35609086997104        1.83799009412949        1.96677999988296
H            3.62583583624225        2.51112436392839        0.50006328253332
H            0.06213537776882       -1.17301460085036        1.46558837182509
H           -0.01431503284457       -2.96490277673771        1.31181404797627
H           -5.00011983582633       -1.81350560476772        1.07371965762565
H           -3.50916448245202       -1.63032726839103        2.03543011773233
H           -5.47436913436101       -0.73428272482443        3.27170472838261
H           -4.33168246054071        0.56282466226758        2.89082181037886
H           -5.81375195466202        0.38340719502645        1.94097788426611
H           -3.66354285810056        2.19457032256412       -0.97673277823826
H           -2.03966861766110        2.68011572578943       -0.41796242725112
H           -1.18906560781992        2.51171372077654       -2.75239040435789
H           -2.79715726755545        2.03869984610029       -3.31559489648620
H           -2.53266810991922        3.66619762105828       -2.66028509201242
41
 energy: -65.053436863466 gnorm: 0.000085395994 xtb: 6.7.1 (edcfbbe)
C            3.92349138463231       -1.27577988039933       -2.75410749782865
C            4.24886188480232       -0.04969447944232       -1.92534105007622
O            3.74689554865025       -0.14592049131112       -0.58210976408578
P            2.20899154368893       -0.06839717541533       -0.18808317546418
S            1.12958493513870        1.15574966431482       -1.28184906830635
O            2.27310873514167        0.26792575526857        1.35925799665052
C            2.22185799674743        1.61920906640318        1.85738326856483
C            3.50019738147531        2.37946120172497        1.57455172009586
S            1.67910453293858       -2.10604153494139       -0.06756016514779
C            0.07710634716548       -2.02289290792441        0.77787596387783
S           -1.36540324112495       -1.90207370668493       -0.34130742651821
P           -2.19711000033303       -0.06022373905386        0.24802007071883
S           -1.37371534796094        0.82241330619744        1.79980435949928
O           -3.75639951397865       -0.36473561673583        0.40401566535334
C           -4.31054441682494       -1.09380732721056        1.51891008280613
C           -5.03131531357018       -0.15501532012169        2.46767870660858
O           -2.20292631749181        0.73449094014512       -1.11200976564381
C           -2.59240688675306        2.12633169358166       -1.18449758509846
C           -2.25626995814191        2.62017209453504       -2.57521542249520
H            4.28861861026425       -2.17533775388297       -2.26568534213751
H            2.84555171389181       -1.36236030020600       -2.88636436633301
H            4.39157151974722       -1.17951518524631       -3.72919073919691
H            3.83021911716019        0.84952532227219       -2.38856631651812
H            5.32576931657886        0.06696982494724       -1.79196082654967
H            1.36019968519441        2.12302282640402        1.40637255442331
H            2.04662061322685        1.49814961853389        2.92728239156563
H            3.44305619779706        3.35673754648950        2.04431826641353
H            4.35603119475771        1.83741836262789        1.96765468748011
H            3.62640803535330        2.51040913006556        0.50055956348493
H            0.06213709767586       -1.17290579118147        1.46567867964433
H           -0.01428830653792       -2.96482673992436        1.31199681351761
H           -5.00051899104444       -1.81313171249800        1.07318082145016
H           -3.50962053391273       -1.63038543178154        2.03506268182179
H           -5.47467262562863       -0.73439288722307        3.27147286228883
H           -4.33198090432378        0.56276864713663        2.89080679821692
H           -5.81406488928143        0.38353612875304        1.94095799360498
H           -3.66342937569582        2.19451673440618       -0.97710689407069
H           -2.03959638059481        2.68015774097596       -0.41828993198050
H           -1.18885785673121        2.51143880355562       -2.75267147849931
H           -2.79694043005747        2.03842124923318       -3.31589725966562
H           -2.53241769682088        3.66597675681975       -2.66075527157411
41
 energy: -65.053436944938 gnorm: 0.000066759825 xtb: 6.7.1 (edcfbbe)
C            3.92362565874140       -1.27540198948283       -2.75408026400484
C            4.24893645766577       -0.04946298200177       -1.92506434509329
O            3.74687347505745       -0.14595954371715       -0.58187738510623
P            2.20895045782823       -0.06840830685635       -0.18796982714544
S            1.12982260997196        1.15593851922478       -1.28173435564702
O            2.27290887287189        0.26780252556447        1.35940553584177
C            2.22183465810608        1.61906339792751        1.85757642839901
C            3.50038520934589        2.37906770465595        1.57501817206008
S            1.67884112433200       -2.10602450222347       -0.06784949184918
C            0.07698958303311       -2.02299121801546        0.77787954604768
S           -1.36569957376162       -1.90215525202780       -0.34104441605376
P           -2.19715535291041       -0.06017757966980        0.24800272872492
S           -1.37383372568343        0.82254235408753        1.79974538238285
O           -3.75650455785391       -0.36447309206190        0.40387560432521
C           -4.31081424613772       -1.09364312293718        1.51861974698423
C           -5.03157179378336       -0.15494091068650        2.46749687881015
O           -2.20274717850861        0.73442960255723       -1.11212177057512
C           -2.59227143210057        2.12623651846477       -1.18475687915742
C           -2.25607039506835        2.61996127461177       -2.57550522400330
H            4.28884018096351       -2.17504528483500       -2.26587323026567
H            2.84568391720398       -1.36202969365053       -2.88629630329515
H            4.39164405291446       -1.17889658902430       -3.72917319236865
H            3.83032065554650        0.84984121698335       -2.38815943700048
H            5.32583335344145        0.06718420930729       -1.79159478250623
H            1.36035801728833        2.12307922246852        1.40644267961095
H            2.04638538167479        1.49800117695388        2.92744113193189
H            3.44326495662508        3.35640332987388        2.04467154687106
H            4.35603230076655        1.83692769005633        1.96840599301986
H            3.62690203541082        2.50988396360699        0.50104214982454
H            0.06211075493563       -1.17301362428127        1.46568765150971
H           -0.01427253455924       -2.96493358324416        1.31200530899294
H           -5.00083349990242       -1.81283116080477        1.07273644799674
H           -3.50999694764669       -1.63040007897365        2.03475810552122
H           -5.47496362748042       -0.73440323296199        3.27121566044958
H           -4.33221722981748        0.56276547086976        2.89072736789476
H           -5.81429764862319        0.38371238832125        1.94083770039393
H           -3.66330957483730        2.19443175620947       -0.97742929689048
H           -2.03951868967918        2.68017087264494       -0.41858090478882
H           -1.18865007398328        2.51118718305974       -2.75290315722955
H           -2.79672483683911        2.03815782242651       -3.31616033328282
H           -2.53218638932873        3.66576798078692       -2.66114457043234
