----------------------------------------------- 
  Element       SASA      Sigma Z        Total  
     Z         Ang**2 cal/Ang**2/mol   kcal/mol 
----------------------------------------------- 
      H        222.277      48.690      10.823
      C         51.656     129.740       6.702
      O         34.499       0.000       0.000
      P          2.497       0.000       0.000
      S        108.950      -9.100      -0.991

 Subtotal:     419.879                  16.533
 -----------------------------------------------

  Elements    COT*SASA   Sigma Z,Z'     Total   
    Z,Z'       Ang**2  cal/Ang**2/mol kcal/mol  
 ---------------------------------------------- 
  H   C        149.494     -60.770      -9.085
  H   O          0.000       0.000       0.000
  C   C         29.789     -72.950      -2.173
  O   C          0.000      68.690       0.000
  O   O          0.000       0.000       0.000
  O   P         23.641      68.850       1.628

 Subtotal:                              -9.630
 ---------------------------------------------- 

 NONAQUEOUS SOLVENT CONTRIBUTION (kcal/mol):
 (proportional to SASA, atomic number independent)
 ---------------------------------------------- 
 Subtotal:                               0.000
 ---------------------------------------------- 

 CDS TOTAL (kcal/mol):                   6.903
...............................................................................
