----------------------------------------------- 
  Element       SASA      Sigma Z        Total  
     Z         Ang**2 cal/Ang**2/mol   kcal/mol 
----------------------------------------------- 
      H        235.058      48.690      11.445
      C         55.425     129.740       7.191
      O         34.359       0.000       0.000
      P          2.124       0.000       0.000
      S        109.736      -9.100      -0.999

 Subtotal:     436.703                  17.637
 -----------------------------------------------

  Elements    COT*SASA   Sigma Z,Z'     Total   
    Z,Z'       Ang**2  cal/Ang**2/mol kcal/mol  
 ---------------------------------------------- 
  H   C        158.097     -60.770      -9.608
  H   O          0.000       0.000       0.000
  C   C         32.126     -72.950      -2.344
  O   C          0.000      68.690       0.000
  O   O          0.000       0.000       0.000
  O   P         23.553      68.850       1.622

 Subtotal:                             -10.329
 ---------------------------------------------- 

 NONAQUEOUS SOLVENT CONTRIBUTION (kcal/mol):
 (proportional to SASA, atomic number independent)
 ---------------------------------------------- 
 Subtotal:                               0.000
 ---------------------------------------------- 

 CDS TOTAL (kcal/mol):                   7.308
...............................................................................
