41
 energy: -2932.482806379141 gnorm: 0.000839863702 xtb: 6.7.1 (edcfbbe)
C            5.80832249259459       -1.14161198088407       -1.35670663095689
C            4.41695672961372       -0.90019179226181       -1.88318169330442
O            3.43896467082269       -1.40298028264906       -0.90277440364981
P            2.42410968786337       -0.40492587883170       -0.15172060825618
S            3.17486994447963        1.23125139901695        0.59361614810895
O            1.71467741016490       -1.41867845558177        0.86381436893369
C            2.22189567095504       -1.64381549409756        2.23024939472362
C            1.28670518808306       -0.99672515615219        3.21874135659079
S            0.92953076357451       -0.14914499445849       -1.63371303753892
C            0.10060005966882        1.37588434880758       -1.03563007058341
S           -0.98085241597846        1.21919696804397        0.43874736783665
P           -2.71159326580138        0.33053147151545       -0.42423638856556
S           -3.22210632427923        0.99777706167234       -2.17991236477955
O           -3.76626381509444        0.51162535243551        0.77574998774550
C           -4.73167750006824        1.61926597179359        0.84914505232928
C           -4.10973281514003        2.87996676051466        1.39449064547489
O           -2.49033065047864       -1.25681240064364       -0.45671258965763
C           -1.75814072943333       -2.04093459460511        0.55382634834975
C           -2.48089141293860       -2.12913152057789        1.87516189593812
H            5.99492901264787       -0.54985143999924       -0.45633185679730
H            5.96006398708601       -2.20009803205197       -1.12741668467749
H            6.53353448971159       -0.84797107861038       -2.12226765650424
H            4.22094051317457       -1.46113508324113       -2.80040236723122
H            4.23500117377703        0.16253613117034       -2.07069128684157
H            2.24735311727080       -2.73042217052011        2.33962365322979
H            3.24090472896106       -1.25454197528437        2.31090711836881
H            0.26498481138112       -1.36374930156329        3.08183180904815
H            1.61053227922882       -1.24721256973295        4.23410222172925
H            1.29227858472392        0.09124060174078        3.11033896362575
H           -0.49183108041318        1.74721953596931       -1.87778184074656
H            0.86225212082172        2.11553187432646       -0.77151574458579
H           -5.15752396454644        1.76834103015144       -0.14746214535976
H           -5.50702670052617        1.23375734057546        1.51420510904025
H           -3.61477575260435        2.69061573415523        2.35149863077196
H           -3.38716964411369        3.31054734193705        0.69615835001360
H           -4.90492200972755        3.61452308637268        1.55883196315282
H           -1.66900807454214       -3.02166158081920        0.08206141715800
H           -0.76033740304268       -1.60838044993167        0.66182524270286
H           -2.49099539114557       -1.17182139287016        2.40282039146896
H           -3.50989594555625       -2.47526546084256        1.74073596225130
H           -1.95408355692220       -2.85691956237850        2.50137895152221
41
 energy: -2932.482816490997 gnorm: 0.000961729963 xtb: 6.7.1 (edcfbbe)
C            5.80644007450522       -1.14154366056157       -1.35648856754162
C            4.41519065130180       -0.89878159037113       -1.88221792325859
O            3.43642273084463       -1.40289985064881       -0.90283355290523
P            2.42072401371850       -0.40554687941801       -0.15201546901134
S            3.17396014919216        1.22841812097681        0.59555559023447
O            1.71356947440724       -1.41994639623322        0.86453865673133
C            2.22255631034002       -1.64433450270813        2.23061928675603
C            1.28734401894135       -0.99802677648284        3.21967461777107
S            0.92804436337614       -0.14802534647366       -1.63744722767287
C            0.09846749619172        1.37548134951481       -1.03731248515218
S           -0.98061225871809        1.22108886705121        0.43902612758597
P           -2.71050887698910        0.33118613312387       -0.42529890510190
S           -3.22290624748580        0.99607030320899       -2.18148801841970
O           -3.76466929036178        0.51117145880886        0.77518497931943
C           -4.73027737150915        1.61860374118335        0.84930711503895
C           -4.10802461475461        2.87959557176358        1.39352611887296
O           -2.48729884403413       -1.25590006302561       -0.45709447452156
C           -1.75614101152300       -2.03941182927801        0.55499934820976
C           -2.48104198780845       -2.12830017626990        1.87513398253091
H            5.99137303577227       -0.55441887984180       -0.45247104817874
H            5.95885678817066       -2.20119837883805       -1.13232391944376
H            6.53261626948357       -0.84317290503107       -2.11957313017378
H            4.21966802831899       -1.45808587365382       -2.80028787810156
H            4.23346061525150        0.16413985608564       -2.06853027426265
H            2.24901770307217       -2.73094267272169        2.33997177549485
H            3.24125297765644       -1.25424031648394        2.31050826161535
H            0.26613968860343       -1.36798175159038        3.08577561228417
H            1.61428327555330       -1.24624813210597        4.23475917619225
H            1.28991319064224        0.08994958291868        3.10940557477759
H           -0.49358914339322        1.74795339852990       -1.87930868839657
H            0.86093211726154        2.11434602408123       -0.77348820928267
H           -5.15696810251212        1.76736992437050       -0.14691426396584
H           -5.50493830673894        1.23306543740701        1.51513948009142
H           -3.61523011435411        2.69149038041218        2.35194415877284
H           -3.38345652510356        3.30777785806430        0.69556244774627
H           -4.90300159600612        3.61534484538152        1.55443056417928
H           -1.66542551665807       -3.02006483571968        0.08346842932304
H           -0.75894933998592       -1.60596872580967        0.66438192822472
H           -2.49124462136666       -1.17143265760443        2.40352777914542
H           -3.50998985348384       -2.47365341185136        1.73885438937801
H           -1.95568310896107       -2.85703912302790        2.50150348593765
41
 energy: -2932.482837120149 gnorm: 0.001250958226 xtb: 6.7.1 (edcfbbe)
C            5.80201328989334       -1.14180299255161       -1.35574942187488
C            4.41158286030004       -0.89550564920561       -1.88111183979839
O            3.43234516514349       -1.40370661738904       -0.90378018669313
P            2.41651768876692       -0.40749911898956       -0.15165356383066
S            3.16755598623109        1.22709746908667        0.59707940642748
O            1.71114917193390       -1.42307216438548        0.86490570210345
C            2.22292468935817       -1.64618299754861        2.23059014769865
C            1.28856252492528       -1.00184726477273        3.22177327627564
S            0.92424602799177       -0.14837392839250       -1.63729346324910
C            0.09845117009647        1.37844680320653       -1.04271828881016
S           -0.98095200665460        1.22659531427073        0.43281950619977
P           -2.71042874825916        0.33065063329805       -0.42605865914521
S           -3.22294112456332        0.99377443269179       -2.18286729428924
O           -3.76396131597582        0.50873940210409        0.77502844660912
C           -4.72852128236667        1.61695674581260        0.85019185023335
C           -4.10418940429503        2.87833003977033        1.39109162883529
O           -2.48142492978887       -1.25552345760070       -0.45700476450972
C           -1.75157493421353       -2.03640929282014        0.55858781780863
C           -2.48164977737229       -2.12672586552156        1.87576766332696
H            5.98258240625353       -0.56693462693831       -0.44237924732062
H            5.95648970460344       -2.20437969911439       -1.14545266823403
H            6.53012641962442       -0.83062111883798       -2.11235354737836
H            4.21632485599669       -1.45021232311169       -2.80166643111648
H            4.23006616655560        0.16821958058446       -2.06261141621723
H            2.25191055767821       -2.73277785010251        2.33976648258473
H            3.24086675903152       -1.25396562834960        2.30853256615954
H            0.26880903451076       -1.37919826934665        3.09583675321763
H            1.62358952386254       -1.24385199847799        4.23606901805156
H            1.28353930044425        0.08593339177530        3.10678068357288
H           -0.49309816762342        1.75040458478086       -1.88539989389949
H            0.86211508346095        2.11623089732333       -0.77985103797871
H           -5.15703152621128        1.76487266322726       -0.14528477797290
H           -5.50179962085995        1.23241392748979        1.51814855839662
H           -3.61684846779646        2.69362335651623        2.35305391055366
H           -3.37436139911526        3.29987648986678        0.69414056162804
H           -4.89766656952576        3.61790522203329        1.54319527961206
H           -1.65608317133024       -3.01686665668794        0.08775350676135
H           -0.75627656362356       -1.59980406022953        0.67152554197867
H           -2.49242878130750       -1.17083107403552        2.40581820709242
H           -3.51042090858071       -2.47033576630287        1.73468882569229
H           -1.95976257545829       -2.85758769786806        2.50261878885305
41
 energy: -2932.482845527126 gnorm: 0.001715423750 xtb: 6.7.1 (edcfbbe)
C            5.79494850084059       -1.14248945964369       -1.35397120699349
C            4.40615742235099       -0.88914157888932       -1.87994786470295
O            3.42649317215668       -1.40288690522831       -0.90579077504818
P            2.41160825942678       -0.40787976797543       -0.15063657176596
S            3.15786334076800        1.22911856449436        0.59811671025096
O            1.70673176031655       -1.42576206202526        0.86395025521902
C            2.22247671719300       -1.64929803432491        2.22869975988347
C            1.29024101307657       -1.00881415710506        3.22420931506488
S            0.91880988422769       -0.15417474575073       -1.63403714652365
C            0.09801939637686        1.37784090970500       -1.04656047357337
S           -0.98080080494390        1.23637587619885        0.43014487053401
P           -2.70599114270964        0.33115555458542       -0.42875166706320
S           -3.23039510728742        0.98648401295155       -2.18497811283579
O           -3.75879432598952        0.50685601331477        0.77312261451331
C           -4.72388354839077        1.61484383303808        0.84992469878882
C           -4.09827907700009        2.87738826554334        1.38636436814276
O           -2.47078087481687       -1.25397286347686       -0.45727663448897
C           -1.74447569251605       -2.03075662654661        0.56454391105126
C           -2.48326964297056       -2.12414495498753        1.87673112448543
H            5.96977050596211       -0.58709931855012       -0.42711661316985
H            5.95262345939607       -2.20909892376536       -1.16628423076562
H            6.52490242435563       -0.81149284725161       -2.10051985567190
H            4.20938780125687       -1.43623674207732       -2.80498258374113
H            4.22636522508129        0.17648341201172       -2.05214078974544
H            2.25549510387464       -2.73586902592802        2.33691810574840
H            3.23927879259707       -1.25357936718988        2.30379616961961
H            0.27323396230400       -1.39755835470783        3.11079073440809
H            1.63763157201596       -1.24052647772993        4.23692136781291
H            1.27311861575924        0.07810418837898        3.10264408459070
H           -0.49286149371375        1.74707060988166       -1.89106609304596
H            0.86294456539519        2.11620484150051       -0.78856444113548
H           -5.15651125429621        1.76089822451072       -0.14409215514421
H           -5.49447713940053        1.23141822310954        1.52168352866050
H           -3.61865769256579        2.69833947419210        2.35327544073468
H           -3.36157719273804        3.29022550961508        0.69155025531040
H           -4.88939766024915        3.62185913089360        1.52624510836556
H           -1.64061115874763       -3.01090168785199        0.09469505951043
H           -0.75234909370023       -1.58880194012773        0.68439958398170
H           -2.49625560388913       -1.16999060743456        2.40981267341380
H           -3.51155514190543       -2.46595276324700        1.72754795885514
H           -1.96670253255565       -2.85787778110354        2.50466834915472
41
 energy: -2932.482854619146 gnorm: 0.000627901844 xtb: 6.7.1 (edcfbbe)
C            5.79605013867222       -1.14268955774220       -1.35402734031151
C            4.40684151349471       -0.88844881965858       -1.87880569606163
O            3.42739888501095       -1.40258482410769       -0.90497494545546
P            2.41052619690920       -0.40848469776448       -0.15118223281440
S            3.15784381722247        1.22780578842119        0.59719757109300
O            1.70664628596878       -1.42634681098968        0.86439901963017
C            2.22319566894563       -1.65011968454070        2.22854573120526
C            1.29037093981052       -1.01028578355791        3.22380890457610
S            0.91997602673203       -0.15314469475771       -1.63724537819499
C            0.09840673233186        1.37830018036764       -1.04866456323882
S           -0.98120629648592        1.23556039834724        0.42765147793393
P           -2.70733816960431        0.33048124902661       -0.42718355264358
S           -3.22730223699285        0.98771644199719       -2.18391548794467
O           -3.76037216274835        0.50708348161492        0.77450561425460
C           -4.72501272350695        1.61536951728560        0.85023170581001
C           -4.09920688292347        2.87821673870073        1.38578310357392
O           -2.47135227895442       -1.25448413307104       -0.45560292223926
C           -1.74430448902306       -2.03010524919623        0.56612427641703
C           -2.48416616331752       -2.12466852468350        1.87757958488748
H            5.97126087480500       -0.58791396987852       -0.42796170265414
H            5.95361835551837       -2.20874163472095       -1.16731320120415
H            6.52509888947526       -0.81161145116811       -2.10040666176364
H            4.20910589028382       -1.43458414678188       -2.80453438079894
H            4.22812544425139        0.17755138964654       -2.05002651150180
H            2.25670332792739       -2.73665701984856        2.33632651094783
H            3.23981998033001       -1.25380391588336        2.30367812648129
H            0.27401603747032       -1.39957683625097        3.11040235070777
H            1.63748980378510       -1.24098778890567        4.23633551375693
H            1.27226627490995        0.07621952825366        3.10225122606624
H           -0.49279636445674        1.74694650718100       -1.89297159775325
H            0.86338891771163        2.11669264044699       -0.79073195529537
H           -5.15745272083787        1.76051163006277       -0.14408298248502
H           -5.49570350362684        1.23257712499210        1.52220248595385
H           -3.61862657784847        2.69952125206789        2.35207322786254
H           -3.36342737652851        3.29152582547349        0.69084105951485
H           -4.88982555342147        3.62242954672378        1.52673418040507
H           -1.63852047597720       -3.01006018223792        0.09621476222275
H           -0.75291899336155       -1.58662314696801        0.68691804085232
H           -2.49906246582221       -1.17060964118817        2.41079592186142
H           -3.51193578169862       -2.46787869122749        1.72755022716043
H           -1.96712081107420       -2.85767761427475        2.50581706101717
41
 energy: -2932.482857992939 gnorm: 0.000962787869 xtb: 6.7.1 (edcfbbe)
C            5.79874516762581       -1.14331234054162       -1.35497250118278
C            4.40894089020439       -0.88801332695700       -1.87780828890105
O            3.43020473237574       -1.40262059876175       -0.90396133411437
P            2.41158021834573       -0.40904287509878       -0.15171422716994
S            3.15758408072196        1.22770381819691        0.59744155607235
O            1.70728384069824       -1.42657426238207        0.86400562700548
C            2.22379621683442       -1.65086567138571        2.22781124705267
C            1.29021867221086       -1.01222386792666        3.22311724899313
S            0.91924399276708       -0.15289005735730       -1.63632165907486
C            0.09606096008362        1.37899664954580       -1.05048206884388
S           -0.98058789189167        1.23495823236503        0.42813238867615
P           -2.70772683000699        0.33067725416737       -0.42629921048140
S           -3.22680842223020        0.98662496506229       -2.18399767684230
O           -3.76042232176303        0.50863938383614        0.77558767050339
C           -4.72551479217465        1.61646461998556        0.85016007047373
C           -4.10043088099143        2.87997639060214        1.38490507625569
O           -2.47217626327295       -1.25429098291914       -0.45367242178545
C           -1.74469859020610       -2.02900470177964        0.56805048052675
C           -2.48559625528379       -2.12563954812491        1.87876921772479
H            5.97462074806498       -0.58871287045838       -0.42928594575015
H            5.95564220257050       -2.20920839326313       -1.16863129237408
H            6.52705020195322       -0.81251900652514       -2.10187862106678
H            4.21037286239819       -1.43251757323386       -2.80427030369157
H            4.23100732136096        0.17833726364835       -2.04759125220984
H            2.25797621060078       -2.73744465398876        2.33480566409819
H            3.24022285979700       -1.25413639030060        2.30351870493879
H            0.27433688695608       -1.40212950225846        3.10898609825184
H            1.63694277171070       -1.24286376581538        4.23563225732102
H            1.27142799411158        0.07423542654882        3.10173576649597
H           -0.49596957757461        1.74666171546154       -1.89458710439389
H            0.86133766322498        2.11712668787674       -0.79275384258062
H           -5.15773937432625        1.76055119411270       -0.14438923659916
H           -5.49627973224490        1.23389734542055        1.52215357613868
H           -3.61792755412807        2.70117630391213        2.35018337487847
H           -3.36644757972181        3.29458995623043        0.68890685772186
H           -4.89176276961881        3.62292777076055        1.52794400839984
H           -1.63647983462718       -3.00865012594289        0.09812280388830
H           -0.75417090956651       -1.58408769663180        0.69021868930861
H           -2.50334930081092       -1.17166677243987        2.41201760687611
H           -3.51240864835355       -2.47115090552203        1.72768383052994
H           -1.96756552121874       -2.85747549263294        2.50750304001524
41
 energy: -2932.482857992939 gnorm: 0.000962787869 xtb: 6.7.1 (edcfbbe)
C            5.79874516762581       -1.14331234054162       -1.35497250118278
C            4.40894089020439       -0.88801332695700       -1.87780828890105
O            3.43020473237574       -1.40262059876175       -0.90396133411437
P            2.41158021834573       -0.40904287509878       -0.15171422716994
S            3.15758408072196        1.22770381819691        0.59744155607235
O            1.70728384069824       -1.42657426238207        0.86400562700548
C            2.22379621683442       -1.65086567138571        2.22781124705267
C            1.29021867221086       -1.01222386792666        3.22311724899313
S            0.91924399276708       -0.15289005735730       -1.63632165907486
C            0.09606096008362        1.37899664954580       -1.05048206884388
S           -0.98058789189167        1.23495823236503        0.42813238867615
P           -2.70772683000699        0.33067725416737       -0.42629921048140
S           -3.22680842223020        0.98662496506229       -2.18399767684230
O           -3.76042232176303        0.50863938383614        0.77558767050339
C           -4.72551479217465        1.61646461998556        0.85016007047373
C           -4.10043088099143        2.87997639060214        1.38490507625569
O           -2.47217626327295       -1.25429098291914       -0.45367242178545
C           -1.74469859020610       -2.02900470177964        0.56805048052675
C           -2.48559625528379       -2.12563954812491        1.87876921772479
H            5.97462074806498       -0.58871287045838       -0.42928594575015
H            5.95564220257050       -2.20920839326313       -1.16863129237408
H            6.52705020195322       -0.81251900652514       -2.10187862106678
H            4.21037286239819       -1.43251757323386       -2.80427030369157
H            4.23100732136096        0.17833726364835       -2.04759125220984
H            2.25797621060078       -2.73744465398876        2.33480566409819
H            3.24022285979700       -1.25413639030060        2.30351870493879
H            0.27433688695608       -1.40212950225846        3.10898609825184
H            1.63694277171070       -1.24286376581538        4.23563225732102
H            1.27142799411158        0.07423542654882        3.10173576649597
H           -0.49596957757461        1.74666171546154       -1.89458710439389
H            0.86133766322498        2.11712668787674       -0.79275384258062
H           -5.15773937432625        1.76055119411270       -0.14438923659916
H           -5.49627973224490        1.23389734542055        1.52215357613868
H           -3.61792755412807        2.70117630391213        2.35018337487847
H           -3.36644757972181        3.29458995623043        0.68890685772186
H           -4.89176276961881        3.62292777076055        1.52794400839984
H           -1.63647983462718       -3.00865012594289        0.09812280388830
H           -0.75417090956651       -1.58408769663180        0.69021868930861
H           -2.50334930081092       -1.17166677243987        2.41201760687611
H           -3.51240864835355       -2.47115090552203        1.72768383052994
H           -1.96756552121874       -2.85747549263294        2.50750304001524
