----------------------------------------------- 
  Element       SASA      Sigma Z        Total  
     Z         Ang**2 cal/Ang**2/mol   kcal/mol 
----------------------------------------------- 
      H        222.790      48.690      10.848
      C         56.202     129.740       7.292
      O         27.485       0.000       0.000
      P          1.845       0.000       0.000
      S         94.173      -9.100      -0.857

 Subtotal:     402.494                  17.282
 -----------------------------------------------

  Elements    COT*SASA   Sigma Z,Z'     Total   
    Z,Z'       Ang**2  cal/Ang**2/mol kcal/mol  
 ---------------------------------------------- 
  H   C        150.196     -60.770      -9.127
  H   O          0.000       0.000       0.000
  C   C         32.079     -72.950      -2.340
  O   C          0.000      68.690       0.000
  O   O          0.000       0.000       0.000
  O   P         19.024      68.850       1.310

 Subtotal:                             -10.158
 ---------------------------------------------- 

 NONAQUEOUS SOLVENT CONTRIBUTION (kcal/mol):
 (proportional to SASA, atomic number independent)
 ---------------------------------------------- 
 Subtotal:                               0.000
 ---------------------------------------------- 

 CDS TOTAL (kcal/mol):                   7.125
...............................................................................
