----------------------------------------------- 
  Element       SASA      Sigma Z        Total  
     Z         Ang**2 cal/Ang**2/mol   kcal/mol 
----------------------------------------------- 
      H        230.999      48.690      11.247
      C         54.248     129.740       7.038
      O         38.150       0.000       0.000
      P          2.667       0.000       0.000
      S        102.737      -9.100      -0.935

 Subtotal:     428.801                  17.351
 -----------------------------------------------

  Elements    COT*SASA   Sigma Z,Z'     Total   
    Z,Z'       Ang**2  cal/Ang**2/mol kcal/mol  
 ---------------------------------------------- 
  H   C        155.354     -60.770      -9.441
  H   O          0.000       0.000       0.000
  C   C         31.748     -72.950      -2.316
  O   C          0.000      68.690       0.000
  O   O          0.000       0.000       0.000
  O   P         26.134      68.850       1.799

 Subtotal:                              -9.958
 ---------------------------------------------- 

 NONAQUEOUS SOLVENT CONTRIBUTION (kcal/mol):
 (proportional to SASA, atomic number independent)
 ---------------------------------------------- 
 Subtotal:                               0.000
 ---------------------------------------------- 

 CDS TOTAL (kcal/mol):                   7.393
...............................................................................
