38
 energy: -64.700759488655 gnorm: 0.055255572650 xtb: 6.7.1 (edcfbbe)
C            2.09259372424212       -3.29617008216581       -2.73860904827896
C            3.15299457359087       -2.93634024157802       -1.72134894279644
O            2.86020550582102       -1.61653347969481       -1.16090418859075
C            2.18108229867414       -1.55924772588960       -0.00589976287491
O            1.86134148847583       -2.52796633059383        0.66093210016102
C            1.86570783572555       -0.13171397594944        0.36350316630108
C            0.90812569364123        0.50760555784184       -0.64543298861617
H            1.41099121789768        0.57876146889721       -1.61977807179657
C            0.49814618990395        1.94274227901524       -0.32141680129645
O           -0.46886431543845        2.50325829022262       -0.80173662211992
O            1.39096512449267        2.51727377568147        0.47818450563468
C            1.16656250976126        3.92697375726529        0.81555827361162
C            2.44425267940173        4.44027269854178        1.42668954564553
S           -0.55197281433248       -0.56370638907579       -1.04458289389925
P           -1.91544164365615       -0.19830090054368        0.54698853888380
S           -1.18546769152407        0.49621900867265        2.20438948267946
O           -3.08400887389475        0.74612058279357       -0.01339812056361
C           -3.73940919605568        0.47660814495737       -1.28652376966176
O           -2.69044735906389       -1.61208347216226        0.58723588585876
C           -2.05747346401766       -2.78667955122151        1.16688728362710
H            2.34134514340338       -4.26193789921317       -3.18971024831326
H            1.10851995688351       -3.37873804257145       -2.26487559642411
H            2.04555772284507       -2.54318516524584       -3.53208879617562
H            4.13827005776800       -2.82526228040790       -2.18072888928510
H            3.20959507191150       -3.66596635808517       -0.90949177478345
H            2.79790724283565        0.44094646725536        0.36442763311835
H            1.43776767194742       -0.12304461307609        1.36507903399905
H            0.89947836275364        4.46398070295729       -0.09827154463168
H            0.32488828896998        3.96323450347111        1.51517737353113
H            2.28693763393368        5.47042593685051        1.76344906694679
H            2.73823195869636        3.83511262460266        2.29008319091435
H            3.25787158407356        4.43543041060910        0.69367198922526
H           -3.02397990799945        0.58421497783671       -2.10663482170834
H           -4.52201151375934        1.23004347509500       -1.37510780265930
H           -4.17941822707482       -0.52372985586824       -1.28678696879447
H           -1.12549529944386       -3.01921072031339        0.64222686409377
H           -2.77387677107889       -3.59810030589950        1.03753983892540
H           -1.86317747612175       -2.61950298430946        2.23019953866943
38
 energy: -64.704829948451 gnorm: 0.025034799835 xtb: 6.7.1 (edcfbbe)
C            2.09339925027608       -3.29864792429761       -2.74146064815668
C            3.14808346479770       -2.92498368677287       -1.71962075370805
O            2.85411845776529       -1.61979220311549       -1.15457340638376
C            2.17033221216435       -1.56182292282060       -0.01669998184998
O            1.83994207367317       -2.52666759274295        0.63491563520137
C            1.86364617490309       -0.13140002206226        0.36688716246023
C            0.92676824097830        0.50435022436762       -0.65671394917728
H            1.42513500466750        0.57154560920875       -1.63177815593393
C            0.48720534079919        1.91799840414416       -0.30149994841235
O           -0.50334326306638        2.44848926361712       -0.75507149609387
O            1.37477250421908        2.50984043980737        0.47457688668731
C            1.16065179267643        3.90944582758618        0.81668478496510
C            2.43794570982183        4.44049352085532        1.42661828055978
S           -0.52875396259400       -0.54881336992554       -1.06143499766389
P           -1.88838665005436       -0.18982832927111        0.52107362025364
S           -1.18401091844066        0.50023904729192        2.20694304870951
O           -3.05761795680925        0.74582763751152       -0.03235240286778
C           -3.73014729903113        0.47575802027621       -1.28509586467398
O           -2.66852812559855       -1.59656126318666        0.59091415476136
C           -2.04986726572428       -2.76758971401574        1.16437996418824
H            2.34244736853274       -4.25930605067983       -3.18759287225692
H            1.11524887955686       -3.37330061732375       -2.26828505648123
H            2.04371243423267       -2.54615784166274       -3.52570497118378
H            4.13204284553531       -2.81139192300344       -2.17784098774700
H            3.19416285304730       -3.65119724221675       -0.90448551617545
H            2.79294030979030        0.44154234815808        0.37726734918221
H            1.42053782976298       -0.12207478868132        1.36386613332548
H            0.88455207145890        4.44353025800209       -0.09606209233211
H            0.32279098451527        3.94847507731881        1.51829352178394
H            2.28141850091841        5.46507725272335        1.75858863833393
H            2.72644815959280        3.83529009810050        2.28306204417743
H            3.24617013182233        4.42699423829219        0.69818510873397
H           -3.02021144638287        0.57715590748716       -2.10603322932224
H           -4.50790045791536        1.23323265789264       -1.35790255944348
H           -4.16365617157340       -0.52337562012103       -1.27115041789299
H           -1.12184735941324       -3.00134210710973        0.64154822680237
H           -2.77389949657793       -3.56958112374245        1.03430003872963
H           -1.84800723813792       -2.59964720118716        2.22215036745771
38
 energy: -64.706596214401 gnorm: 0.011880965248 xtb: 6.7.1 (edcfbbe)
C            2.09168216493683       -3.29600312156218       -2.74374935034808
C            3.14456223867300       -2.91473408802026       -1.71712642042228
O            2.84817220668325       -1.62425186123081       -1.14790025303092
C            2.16382950341441       -1.57045195824590       -0.02263560791139
O            1.80832534328185       -2.53566092675853        0.61114375752193
C            1.86156533440156       -0.13665315373864        0.37024746146970
C            0.93605371099820        0.49676148315481       -0.66070288248918
H            1.44103341539214        0.56597284255231       -1.63041296119111
C            0.47697085200769        1.89710534922278       -0.28682117064362
O           -0.56194175659286        2.38691828205879       -0.68602932467648
O            1.36300404257998        2.50578931783402        0.46217249023736
C            1.14288062115022        3.88941384088208        0.81873990045116
C            2.42405983194019        4.43076771606294        1.42434901266564
S           -0.50726449075758       -0.55154284043131       -1.07929016990335
P           -1.85548539350449       -0.16417798973776        0.50177961338662
S           -1.15700683477882        0.51765304190340        2.19575945768322
O           -3.02424034476986        0.75644579002025       -0.05000013909705
C           -3.71424420665351        0.47948975679163       -1.28365894780039
O           -2.63305584594471       -1.56741315058763        0.59195851891335
C           -2.03206837371295       -2.73888301576080        1.15717293725663
H            2.34602114716975       -4.25278659886703       -3.18379377384371
H            1.11723588317957       -3.36891909512504       -2.26973872820291
H            2.04074764275886       -2.54384000138294       -3.52338271499533
H            4.12600830008234       -2.79788346595684       -2.17683826883239
H            3.18612326414043       -3.64521456825726       -0.90493803582381
H            2.78873170689995        0.43639162091844        0.39613688712063
H            1.40102057523430       -0.13018563018744        1.36025841486493
H            0.85484290220274        4.42949300619395       -0.08799751476802
H            0.31188999755914        3.92692216814458        1.52824657185513
H            2.26159320384524        5.45111837275049        1.75057545809140
H            2.71080829369043        3.82673991004414        2.27775713648601
H            3.22649836279697        4.41362113180406        0.69532282206941
H           -3.01777121053484        0.57223935494700       -2.11514831556883
H           -4.49024407349959        1.23744680178543       -1.34550034725710
H           -4.14554432393175       -0.51839219511635       -1.25554473518099
H           -1.10544951477779       -2.98227030991903        0.63982605122432
H           -2.76426988221490       -3.53162711133921        1.02494524905108
H           -1.82677930915682       -2.57759441614396        2.21371358019494
38
 energy: -64.707198288764 gnorm: 0.010479100930 xtb: 6.7.1 (edcfbbe)
C            2.09187563079965       -3.29177227901481       -2.74631274270368
C            3.14638814750951       -2.91179100593090       -1.71736991121298
O            2.84922654063204       -1.62838765931292       -1.14308680011705
C            2.15380475728951       -1.58017163158869       -0.02791508001518
O            1.77778981373270       -2.54674175522111        0.59549830478524
C            1.86146481004368       -0.14504639872307        0.37442384748179
C            0.94574367365474        0.49226520004270       -0.66338957722814
H            1.46574506018245        0.57852829720184       -1.62397484867237
C            0.46178727110990        1.87739605899290       -0.26250246840042
O           -0.60115167634166        2.34089938564735       -0.63323109736255
O            1.36021207602558        2.50494382374548        0.44950828197885
C            1.12609026087073        3.87775028941854        0.81863793962665
C            2.40941516270018        4.42354433238822        1.42047415862695
S           -0.49203677960527       -0.55211473633392       -1.09164879098863
P           -1.83687929734145       -0.14359832555863        0.49053589204362
S           -1.12634476290085        0.53879049636763        2.17881258152612
O           -3.00420112004221        0.76777652838457       -0.05973517762568
C           -3.70601540203544        0.48506500443197       -1.28335735194885
O           -2.61242357225221       -1.54501909340182        0.59658374320739
C           -2.01755063638312       -2.71821984307588        1.15411838722693
H            2.34841848852135       -4.24802448539774       -3.18531039609900
H            1.11779555724385       -3.36560691570324       -2.27081555549741
H            2.04079655549680       -2.53828579063655       -3.52508044984015
H            4.12668186071345       -2.79381113588312       -2.17864200606210
H            3.18761867734005       -3.65041220514442       -0.91181039425599
H            2.79003385131228        0.42419817308451        0.41390650077996
H            1.39005984925324       -0.14409279121360        1.35937986792908
H            0.82477729066336        4.42746725710646       -0.07910960732904
H            0.30168637428270        3.90537459596438        1.53728105812433
H            2.24282766556808        5.44352638047064        1.74466480093485
H            2.69839942356254        3.81998582233269        2.27389449543805
H            3.20845501483236        4.40551292498852        0.68763710932166
H           -3.01989283325211        0.57148610798049       -2.12499874157528
H           -4.48227901157038        1.24260430810849       -1.34173282485468
H           -4.13737690336746       -0.51295695982621       -1.24607025904176
H           -1.09182107511764       -2.96785005468417        0.63621135981185
H           -2.75332482820976       -3.50751971588700        1.02165027354767
H           -1.80750093073260       -2.56388791541722        2.21177113699652
38
 energy: -64.707444876827 gnorm: 0.008315795714 xtb: 6.7.1 (edcfbbe)
C            2.09253763231277       -3.28881801026163       -2.74926003081596
C            3.14948551544399       -2.91463193894214       -1.71998679611900
O            2.85531428945913       -1.63341685283575       -1.13870150043396
C            2.14838041628447       -1.58945264085646       -0.02944524721580
O            1.75840773431281       -2.55689417037339        0.58626425466603
C            1.85996635505829       -0.15534877626341        0.37803828626136
C            0.94750698323601        0.48834196310575       -0.66143171803733
H            1.47952546610110        0.58682738076163       -1.61430434402880
C            0.46064558890759        1.87057698746659       -0.25766783919787
O           -0.61784298897719        2.31712612525734       -0.60244022012069
O            1.36651628106137        2.50881671802104        0.43287373916257
C            1.11419203555191        3.87296192314796        0.82088347768764
C            2.39648654817480        4.42236984237102        1.42073231411956
S           -0.48658922853444       -0.55529889001059       -1.10120337219293
P           -1.82720493036067       -0.12906818820327        0.48407560377773
S           -1.11117525223624        0.55562450415480        2.16989560687877
O           -2.99614155446621        0.77556791262785       -0.06374146769594
C           -3.70440023398387        0.48935190317762       -1.28372671791311
O           -2.60054813804744       -1.53039302940561        0.60068679397655
C           -2.00529323625984       -2.70530127520824        1.15392031375574
H            2.34719269226287       -4.24541746518326       -3.19140732368814
H            1.11796395887187       -3.36310776000441       -2.27254843411860
H            2.04184116579994       -2.53310221573596       -3.52737692107605
H            4.12929626493741       -2.79577256061822       -2.18266790453481
H            3.19270524395417       -3.65965172880372       -0.92016769791141
H            2.79055183600443        0.40985027819153        0.42352335040250
H            1.38542717604418       -0.15728192801238        1.36077616309650
H            0.80304712613776        4.43234688844780       -0.06779794676190
H            0.29234799176196        3.88283029641367        1.54396551812285
H            2.22848912613704        5.44290394231019        1.74603463550684
H            2.69033671714071        3.81841973788069        2.27353995603425
H            3.19364892769985        4.40629861354623        0.68420498326562
H           -3.02329898103648        0.57339726095200       -2.13051774502944
H           -4.48176709629010        1.24625739065725       -1.34177407911258
H           -4.13541659112865       -0.50943069595668       -1.24203199506680
H           -1.07998044549981       -2.95590161811015        0.63345300587640
H           -2.74148976111488       -3.49460575441065        1.02149874478961
H           -1.79236965053211       -2.55516988059256        2.21272821224720
38
 energy: -64.707559752302 gnorm: 0.003871546618 xtb: 6.7.1 (edcfbbe)
C            2.09288381243025       -3.28698573174372       -2.75175081154264
C            3.15257792350185       -2.92032727032528       -1.72358595016120
O            2.86292273410930       -1.63878502115818       -1.13632055469072
C            2.14582931290662       -1.59703931926457       -0.03130650129047
O            1.74808924228554       -2.56498419864538        0.57839006387165
C            1.86029629847778       -0.16429275966506        0.37949796920132
C            0.95091092392531        0.48677322388947       -0.66042488387783
H            1.48958005083451        0.59180049186283       -1.60860247863413
C            0.46302386368658        1.86800594343562       -0.25517696072155
O           -0.61996268840379        2.30690028007990       -0.58534967833717
O            1.37660478144046        2.51438037066408        0.41761132641962
C            1.10976262300340        3.87289306121940        0.82164318247760
C            2.38809501958989        4.42590513145830        1.42312825721768
S           -0.48694248572419       -0.55002454015542       -1.10219496821150
P           -1.82882641700992       -0.12186969155797        0.48296397034064
S           -1.10966835863487        0.56381457504231        2.16685480163946
O           -3.00086686421538        0.77763587890284       -0.06338071145975
C           -3.70790500169112        0.49139050058439       -1.28527794229498
O           -2.59833358167785       -1.52497709750494        0.60542165023724
C           -1.99670208997579       -2.69941411501496        1.15592292866747
H            2.34351850606385       -4.24373597908139       -3.19829619962684
H            1.11793007024894       -3.36076690109082       -2.27430270419949
H            2.04310215863425       -2.52908602045006       -3.52878611950865
H            4.13206887228580       -2.80069812130322       -2.18747373690600
H            3.19776249372500       -3.66869310417649       -0.92715382124402
H            2.79283849513447        0.39753923959536        0.42681074019726
H            1.38510711021427       -0.16754755319745        1.36146354266691
H            0.79099064457608        4.43934650587632       -0.05943432475266
H            0.28838496069625        3.86303029424091        1.54576835446684
H            2.21849554499298        5.44653333772001        1.75013991415337
H            2.68594021243721        3.82220514431633        2.27561734765518
H            3.18515639235121        4.41322334557488        0.68528207004829
H           -3.02625340339773        0.57683945860122       -2.13151506292030
H           -4.48624781254013        1.24764084944455       -1.34435446924232
H           -4.13791760884898       -0.50808133197751       -1.24421353743181
H           -1.07107797458365       -2.94525608902866        0.63271005949798
H           -2.73005517425009       -3.49151991705591        1.02356891065285
H           -1.78281760240995       -2.54996858140921        2.21500198619923
38
 energy: -64.707611178257 gnorm: 0.004169295230 xtb: 6.7.1 (edcfbbe)
C            2.09271745824369       -3.28640944380402       -2.75320805920862
C            3.15425360709547       -2.92482412050114       -1.72643140603720
O            2.86830679316585       -1.64251743477612       -1.13567132277356
C            2.14450655797777       -1.60113752300605       -0.03393579453849
O            1.74263609222451       -2.56955849762287        0.57087280765421
C            1.86056591616322       -0.16913091866667        0.37874952334359
C            0.95144343939899        0.48519051225153       -0.66025161611252
H            1.49001556767930        0.58989590338766       -1.60779806677119
C            0.46599268777230        1.86764023737824       -0.25456397076034
O           -0.62708477914925        2.30000658766670       -0.56397560782661
O            1.38704112566295        2.51988640203382        0.40340280493761
C            1.11105781054815        3.87408394559421        0.82112648144957
C            2.38469469302147        4.43084582355268        1.42640004161889
S           -0.48906144620483       -0.54753107434307       -1.10261245457772
P           -1.83098116573089       -0.11888877684523        0.48331691774991
S           -1.11520870213722        0.56667844070018        2.16934580418256
O           -3.00627212918749        0.77686701370365       -0.06280870585838
C           -3.71037328929113        0.49176785847294       -1.28761215284797
O           -2.59752916601032       -1.52375708006983        0.60736686185242
C           -1.99073623302618       -2.69670548997687        1.15795791950506
H            2.33962841036070       -4.24291478375416       -3.20293638729795
H            1.11797900097470       -3.35885313124064       -2.27521387365249
H            2.04384766600946       -2.52691364591173       -3.52872104958107
H            4.13340268465706       -2.80489074124509       -2.19120837137512
H            3.20011089717107       -3.67390528013659       -0.93103026410917
H            2.79402431467177        0.39135153573492        0.42528072604004
H            1.38593134996902       -0.17282905029052        1.36095650807820
H            0.78724212680519        4.44544447254405       -0.05431889381690
H            0.28949654736653        3.84843560745346        1.54450342992436
H            2.21211554676194        5.45068840969471        1.75472335121533
H            2.68414022174238        3.82764329639577        2.27863352423012
H            3.18302106820163        4.42196435828085        0.68977467913850
H           -3.02632665664280        0.57914141239665       -2.13144130991488
H           -4.48914891399209        1.24770032346811       -1.34736912288866
H           -4.13991993843052       -0.50785523292844       -1.24864533933227
H           -1.06396093064382       -2.93718833482210        0.63460957472111
H           -2.72078814460950       -3.49169364662162        1.02474654470009
H           -1.77848510440082       -2.54592364544487        2.21688192749606
38
 energy: -64.707641703690 gnorm: 0.002554305528 xtb: 6.7.1 (edcfbbe)
C            2.09197948851175       -3.28589831955273       -2.75363329601450
C            3.15465173438873       -2.92710463972252       -1.72808902719413
O            2.87138119677253       -1.64397387182779       -1.13553534584804
C            2.14339014558955       -1.60239779836314       -0.03624055294013
O            1.73747912595947       -2.57191011027994        0.56335820468383
C            1.85917657738712       -0.17080376500587        0.37748329772078
C            0.94959533368454        0.48426651370144       -0.66051792546781
H            1.48710410637328        0.58587905443427       -1.60872853257328
C            0.46792191324291        1.86797216646200       -0.25263611543785
O           -0.62575740060516        2.29999849997667       -0.55205634540256
O            1.39412024737410        2.52348716690087        0.39436584693884
C            1.11568669388735        3.87573858907602        0.81920723123371
C            2.38510871345102        4.43469935840254        1.42963878565046
S           -0.49308581767625       -0.54591051154190       -1.10299840336047
P           -1.83382565390158       -0.11918036175737        0.48471933188692
S           -1.12223532198591        0.56259967364757        2.17434732242193
O           -3.01268713012379        0.77391740160519       -0.06127471698381
C           -3.71232231026490        0.49075904208453       -1.28969157349460
O           -2.59785401803159       -1.52596423549738        0.60705341407214
C           -1.98670980486375       -2.69648582755057        1.15995471097025
H            2.33638303903955       -4.24201361617278       -3.20513360859674
H            1.11772513791974       -3.35723141894877       -2.27511536861455
H            2.04371425546324       -2.52545547063964       -3.52788036459471
H            4.13345446189754       -2.80726479824670       -2.19348838048074
H            3.20042767526033       -3.67567492674089       -0.93246964779234
H            2.79276794651472        0.38989386448293        0.42274086848609
H            1.38506771552283       -0.17493992285025        1.36017731739736
H            0.79123944436729        4.44958122591440       -0.05350576117210
H            0.29292876076236        3.84171097304949        1.53984950632252
H            2.20867661384396        5.45379392660912        1.75761071207670
H            2.68346708364685        3.83282831135314        2.28278867723512
H            3.18611155008183        4.42877089650331        0.69617035902966
H           -3.02486818297609        0.58034774448354       -2.13027298203695
H           -4.49120074211457        1.24649216609705       -1.35010874172881
H           -4.14161599071499       -0.50888193429074       -1.25390379033343
H           -1.05806422453333       -2.93216473530150        0.63853335818539
H           -2.71312084017572       -3.49446788165593        1.02542021213769
H           -1.77791653878678       -2.54320814013518        2.21875698217463
38
 energy: -64.707659759016 gnorm: 0.002037013451 xtb: 6.7.1 (edcfbbe)
C            2.09132818509468       -3.28531290471893       -2.75323079888763
C            3.15465003267287       -2.92714890342811       -1.72808555402493
O            2.87278265441301       -1.64401894160162       -1.13529611367939
C            2.14162790241407       -1.60193136154372       -0.03865147038245
O            1.73076749266785       -2.57193695043916        0.55700034292254
C            1.85905273896272       -0.16997651791754        0.37598409742701
C            0.95031272927517        0.48505303598702       -0.66227477689780
H            1.48582726026789        0.58423722240870       -1.61199613379211
C            0.46935234892793        1.86817480422003       -0.25110297811076
O           -0.63047915659809        2.29680597546241       -0.53716136515538
O            1.39944105215552        2.52645315411074        0.38677611450961
C            1.11958044778370        3.87673711890705        0.81661618688281
C            2.38707032343754        4.43598665395140        1.43113211254631
S           -0.49474450691768       -0.54275432599347       -1.10115742066087
P           -1.83657148544116       -0.12126637771307        0.48550694742228
S           -1.12436089150925        0.55730214548521        2.17593224844491
O           -3.01685481452134        0.77103802591514       -0.06052219254863
C           -3.71282708067916        0.48960434919708       -1.29118504977596
O           -2.59947627235638       -1.52908145407797        0.60647576844831
C           -1.98583558195832       -2.69713212817739        1.16144041543857
H            2.33501937250944       -4.24116134606786       -3.20482356816382
H            1.11754857804534       -3.35608301569956       -2.27414812738443
H            2.04312477003642       -2.52458899338167       -3.52687595894303
H            4.13322496107029       -2.80789744232531       -2.19374304959678
H            3.19948250460296       -3.67539062809497       -0.93209943849185
H            2.79259779582185        0.39084254691103        0.42111203600823
H            1.38451231659853       -0.17437718558971        1.35874316711129
H            0.79587613435123        4.45310218575844       -0.05465509722530
H            0.29618690819398        3.83973849224429        1.53589178496728
H            2.20736232307549        5.45429833906471        1.75885026786229
H            2.68335784204875        3.83435157372361        2.28485330170535
H            3.19033045794597        4.43193383902419        0.70046998906560
H           -3.02285988226711        0.58003465419364       -2.12954023452123
H           -4.49123550275735        1.24556633121970       -1.35225150703375
H           -4.14216382417080       -0.50998478697988       -1.25764434342823
H           -1.05551566142719       -2.93028561842648        0.64228958329893
H           -2.70956484577921       -3.49721171926854        1.02597069613912
H           -1.77963264180204       -2.54191555763696        2.22029577706037
38
 energy: -64.707670730024 gnorm: 0.001462569820 xtb: 6.7.1 (edcfbbe)
C            2.09104605292819       -3.28474582641645       -2.75217410826077
C            3.15450310013831       -2.92582220823056       -1.72681559601359
O            2.87254882034192       -1.64303297830475       -1.13463439990120
C            2.13898568735117       -1.60059810096100       -0.04018403341150
O            1.72544194398151       -2.57030689168943        0.55406429278263
C            1.85793494073985       -0.16835770991898        0.37512935582977
C            0.94877118975446        0.48592291355688       -0.66287626186561
H            1.48366668067095        0.58449963454929       -1.61334640007615
C            0.46837671720279        1.86836621487088       -0.24957171329766
O           -0.63367651510231        2.29531408852810       -0.52938505280536
O            1.40077066600897        2.52800815534425        0.38276299558646
C            1.12225743163573        3.87764044557643        0.81364597042684
C            2.38962839128008        4.43507335022871        1.43118658972456
S           -0.49592391166055       -0.54250945314353       -1.10240721017410
P           -1.83633924568787       -0.12297073854767        0.48580464623737
S           -1.12587827553820        0.55151682260154        2.17858448520302
O           -3.01727868388101        0.76949137199790       -0.05978342578795
C           -3.71154598857497        0.48875128646223       -1.29127067083961
O           -2.59925415321573       -1.53124078452792        0.60396518151999
C           -1.98623722071690       -2.69790089814683        1.16162543003202
H            2.33534436426339       -4.24055497436438       -3.20314030082235
H            1.11746761648469       -3.35570000706639       -2.27271923762613
H            2.04245538932727       -2.52415740818248       -3.52589671363921
H            4.13304408931822       -2.80714608017960       -2.19243016704525
H            3.19849335978419       -3.67413816341698       -0.93071378209319
H            2.79130494699979        0.39265335645355        0.42002758219051
H            1.38361904358967       -0.17283033689264        1.35799853360430
H            0.80117424860516        4.45575784741460       -0.05774167402622
H            0.29796657979011        3.84251569312837        1.53197084656163
H            2.20906911183662        5.45313308014344        1.75893693703189
H            2.68329743232833        3.83264932850089        2.28523363317659
H            3.19450860616928        4.43105873548049        0.70245381999282
H           -3.02060951137259        0.57893299120472       -2.12897370561516
H           -4.48952860672641        1.24496780324476       -1.35317893588219
H           -4.14132254140183       -0.51077106545476       -1.25888664484797
H           -1.05429851813409       -2.93121992964872        0.64539100554498
H           -2.70880119170854       -3.49887726922672        1.02530181650586
H           -1.78268706262155       -2.54156800626479        2.22094257063637
38
 energy: -64.707678758922 gnorm: 0.001252568445 xtb: 6.7.1 (edcfbbe)
C            2.09084288862324       -3.28382652689798       -2.75003865074895
C            3.15453451677128       -2.92411035563644       -1.72428132109561
O            2.87360561875308       -1.64183219757453       -1.13216151072882
C            2.13632368885986       -1.59883770773314       -0.04075369426617
O            1.71570459737718       -2.56766385442169        0.55070209934899
C            1.85655503006170       -0.16635270808062        0.37439311580302
C            0.94721070871973        0.48825450721659       -0.66345092546064
H            1.48256788907246        0.58812579234253       -1.61382543937528
C            0.46647046502711        1.86935480354414       -0.24808905632212
O           -0.63884267855474        2.29256950574516       -0.51845768355192
O            1.40228215572188        2.53165427400815        0.37554102740049
C            1.12564885426630        3.88037947952366        0.80800220287061
C            2.39341472722432        4.43307722088169        1.43051342054532
S           -0.49677625923728       -0.54141392446347       -1.10379574652763
P           -1.83680466204268       -0.12562856820393        0.48594423216326
S           -1.12704565118562        0.54186077171317        2.18163662330622
O           -3.01875367406008        0.76747939689761       -0.05774995932794
C           -3.71013472660854        0.48784062629122       -1.29057655863393
O           -2.59935787878369       -1.53503264287564        0.59917961276296
C           -1.98770118507467       -2.69969454900780        1.16131981322813
H            2.33606318565898       -4.23972060046898       -3.20053227707316
H            1.11735640846351       -3.35537895925401       -2.27015320430535
H            2.04162993738240       -2.52336988092864       -3.52404554648250
H            4.13305704620001       -2.80647611415739       -2.19004970589082
H            3.19788659566286       -3.67319871439442       -0.92869394925350
H            2.79000136843296        0.39429544257388        0.41924665692941
H            1.38221841796222       -0.17052314376713        1.35716787889795
H            0.80986857840620        4.46175210842441       -0.06362731205959
H            0.29881960564067        3.84829917462538        1.52415984968713
H            2.21437472433034        5.45104340219919        1.75964747295999
H            2.68270351002139        3.82782996620925        2.28427051904856
H            3.20038091591203        4.42801922078711        0.70404187492364
H           -3.01758049991037        0.57754670369260       -2.12725295036604
H           -4.48749356011273        1.24452916014401       -1.35444467323283
H           -4.14060234719374       -0.51166401037990       -1.25998364870461
H           -1.05318815605460       -2.93386952333864        0.64956886393359
H           -2.70877234461283       -3.50197445652178        1.02405038588826
H           -1.78817282693198       -2.54153883001120        2.22147382226631
38
 energy: -64.707681170661 gnorm: 0.000710619743 xtb: 6.7.1 (edcfbbe)
C            2.09130016617417       -3.28394055270685       -2.74926687614258
C            3.15499754329708       -2.92472443428555       -1.72364436477129
O            2.87383594261956       -1.64222957399666       -1.13158392428624
C            2.13526140342362       -1.59890265802736       -0.04072706215635
O            1.71601906568574       -2.56700056396152        0.55184560539625
C            1.85673474878945       -0.16632919711922        0.37464745792483
C            0.94695565007338        0.48867039490393       -0.66298100182191
H            1.48280964167346        0.58975523430140       -1.61268328751866
C            0.46578149877763        1.86985500623687       -0.24810524751252
O           -0.64021767093953        2.29205627670205       -0.51677249884602
O            1.40248783854476        2.53299033715205        0.37390926779082
C            1.12595710931385        3.88191568213926        0.80655999268344
C            2.39372064791574        4.43274863690112        1.43012040441044
S           -0.49689875709574       -0.54091933432885       -1.10404766564847
P           -1.83711665199420       -0.12580726714678        0.48582347677476
S           -1.12770902026155        0.54098059013615        2.18186924857385
O           -3.01921911263736        0.76748190257160       -0.05705784452142
C           -3.71052719959905        0.48801223617642       -1.29007589695057
O           -2.59941259180025       -1.53561122635134        0.59796816309280
C           -1.98833722255389       -2.70044322854204        1.16072783859045
H            2.33636163640063       -4.23983538167988       -3.20014139765907
H            1.11765557663064       -3.35560626130405       -2.26966293518595
H            2.04216391376148       -2.52344668141059       -3.52329687135459
H            4.13359280438039       -2.80688880107151       -2.18945702606573
H            3.19870093454221       -3.67383254761424       -0.92817757766341
H            2.79065389714116        0.39366267633903        0.41846406763048
H            1.38313644209186       -0.17003852093406        1.35771547158266
H            0.81141590606538        4.46375570228284       -0.06502430710122
H            0.29802826170257        3.84962736040763        1.52153817011748
H            2.21678932926489        5.45079907540501        1.76040417721303
H            2.68224373781265        3.82623138606347        2.28327970466891
H            3.20071132570371        4.42701341937859        0.70356413456107
H           -3.01778259426271        0.57762728170089       -2.12660905877647
H           -4.48778057410198        1.24490932775831       -1.35429621696746
H           -4.14137334397500       -0.51132761248642       -1.25953069975698
H           -1.05384177590064       -2.93503878641817        0.64913563894284
H           -2.70978021828962       -3.50246532294856        1.02362102901503
H           -1.78902330418630       -2.54190028552057        2.22084357029423
38
 energy: -64.707681933861 gnorm: 0.000395562280 xtb: 6.7.1 (edcfbbe)
C            2.09153871476150       -3.28417453162919       -2.74870214472957
C            3.15508941890609       -2.92524963827893       -1.72321317931949
O            2.87455347604618       -1.64249025694616       -1.13083390660088
C            2.13646875836412       -1.59896521408299       -0.03948703713732
O            1.71601961282254       -2.56722062279380        0.55250854888808
C            1.85705251912497       -0.16629336604428        0.37495799249014
C            0.94729752705921        0.48876243938800       -0.66292740318940
H            1.48355581682361        0.59040894051483       -1.61211552211602
C            0.46557221002395        1.87006004961976       -0.24832536478616
O           -0.64079948881765        2.29167812867972       -0.51619648450552
O            1.40251738739746        2.53367553170238        0.37304872145221
C            1.12599846223537        3.88292659562085        0.80563201624958
C            2.39366255768432        4.43265205835037        1.42976163881398
S           -0.49644302882753       -0.54060901282276       -1.10419547504678
P           -1.83712767339358       -0.12569862579923        0.48553584402486
S           -1.12809131143728        0.54092236552563        2.18191617139359
O           -3.01925410822764        0.76757916655004       -0.05681624170069
C           -3.71115710839413        0.48822762684355       -1.28964910419543
O           -2.59932228571045       -1.53567449227836        0.59735387687424
C           -1.98883579596731       -2.70096484063419        1.16005879314771
H            2.33626546219630       -4.24004928870782       -3.19987206099961
H            1.11782569746551       -3.35570877305724       -2.26932287185131
H            2.04264114272013       -2.52361531304084       -3.52263271035138
H            4.13369585008966       -2.80728948354013       -2.18909131921672
H            3.19915611573554       -3.67418701888996       -0.92767190615286
H            2.79113140267154        0.39353469843782        0.41855405693744
H            1.38332036585114       -0.16965049248290        1.35800013448492
H            0.81220381143322        4.46479567136094       -0.06604857417799
H            0.29735950804595        3.85039326165243        1.51969448003783
H            2.21808296205107        5.45069926023474        1.76078711262769
H            2.68174017707877        3.82535777701868        2.28246682821564
H            3.20061794501248        4.42656361691522        0.70314473972584
H           -3.01855990883744        0.57764468237443       -2.12625474511330
H           -4.48821331628462        1.24540949732747       -1.35365449498583
H           -4.14235381252620       -0.51088336360839       -1.25872734114709
H           -1.05491653441526       -2.93617921535080        0.64788025272040
H           -2.71109897632584       -3.50229970958227        1.02338889453391
H           -1.78889856824744       -2.54228381984422        2.21994344326176
38
 energy: -64.707682315067 gnorm: 0.000149289099 xtb: 6.7.1 (edcfbbe)
C            2.09163857666163       -3.28432136439295       -2.74835283717001
C            3.15508960698070       -2.92521069814087       -1.72280411318393
O            2.87425788742986       -1.64239375867611       -1.13073975948789
C            2.13607030875267       -1.59874859645043       -0.03953912332962
O            1.71610562752652       -2.56698196559622        0.55269062245255
C            1.85702878921783       -0.16593900906676        0.37495179179420
C            0.94732936754240        0.48879734266357       -0.66305523443728
H            1.48351777338411        0.59009080357376       -1.61236504990493
C            0.46578947281694        1.87012575399477       -0.24835885688365
O           -0.64074428043718        2.29158797890655       -0.51567878251118
O            1.40278426668547        2.53382062745370        0.37254996232260
C            1.12635274563298        3.88312787867830        0.80511595169735
C            2.39395087835303        4.43262353291502        1.42967432904231
S           -0.49633714827535       -0.54063967645734       -1.10389942741156
P           -1.83725554581316       -0.12583006868989        0.48555906603706
S           -1.12789811457768        0.54029876849878        2.18196368505908
O           -3.01932234605680        0.76743738031561       -0.05679411812177
C           -3.71137902974156        0.48826550387058       -1.28956292121779
O           -2.59944256841402       -1.53584009772904        0.59709746907074
C           -1.98916925827780       -2.70124220462316        1.15970625732135
H            2.33645460223488       -4.24021104833096       -3.19933523102209
H            1.11791579946133       -3.35580641063844       -2.26899467693361
H            2.04278632774557       -2.52381093185082       -3.52232364406938
H            4.13373862309705       -2.80725832759709       -2.18853532364497
H            3.19898308165781       -3.67396465555887       -0.92706509867680
H            2.79110111795471        0.39389961908926        0.41828569003811
H            1.38342937777879       -0.16914937110243        1.35806479159754
H            0.81302442556535        4.46504528001734       -0.06676211552091
H            0.29752495269642        3.85087928159788        1.51894006193613
H            2.21811052504406        5.45059057576718        1.76072344333272
H            2.68164329148229        3.82520001203392        2.28240373909092
H            3.20117314675149        4.42667252235583        0.70337615578430
H           -3.01885329264037        0.57747565100577       -2.12623371350001
H           -4.48821445739701        1.24564519285944       -1.35338648919666
H           -4.14277274864510       -0.51073728993431       -1.25852479939547
H           -1.05550618173350       -2.93686929478111        0.64728097287679
H           -2.71177580347648       -3.50228494106614        1.02331459087777
H           -1.78883481277966       -2.54253970621191        2.21950839384447
38
 energy: -64.707682271180 gnorm: 0.000340894849 xtb: 6.7.1 (edcfbbe)
C            2.09176063380337       -3.28450338591014       -2.74792464841190
C            3.15509462800469       -2.92517146352026       -1.72230113683394
O            2.87393836521985       -1.64228015832476       -1.13060886797981
C            2.13566603120054       -1.59849197714694       -0.03955457389277
O            1.71622641556401       -2.56670422388263        0.55293773445288
C            1.85699961282260       -0.16552680710446        0.37494322879802
C            0.94734336454748        0.48882506865424       -0.66319992011247
H            1.48344998910979        0.58971286277544       -1.61265541784082
C            0.46601801023389        1.87018936135050       -0.24838232139445
O           -0.64073568559445        2.29144966339394       -0.51501393155321
O            1.40311585584452        2.53400116599997        0.37191239541429
C            1.12678832662171        3.88337274461931        0.80446641002691
C            2.39429451238404        4.43260525887483        1.42955856842782
S           -0.49623360373795       -0.54068242926865       -1.10361395301945
P           -1.83736863202506       -0.12597632050913        0.48558845929658
S           -1.12772697584271        0.53956841728543        2.18206725733201
O           -3.01935689763940        0.76728332954816       -0.05676919426223
C           -3.71163540492120        0.48832301401195       -1.28944496332425
O           -2.59956753137503       -1.53601527134140        0.59678057407673
C           -1.98957672176798       -2.70157325892877        1.15925851992649
H            2.33667872112534       -4.24041715974755       -3.19867967316318
H            1.11802261142375       -3.35592461276139       -2.26859472058939
H            2.04296322345718       -2.52405862540075       -3.52195287600482
H            4.13379551545448       -2.80724264804759       -2.18785992765946
H            3.19877428806709       -3.67371016015996       -0.92632725944502
H            2.79105495382058        0.39433975367360        0.41799191365387
H            1.38354541044772       -0.16856138720106        1.35813327452390
H            0.81401481177394        4.46534987959047       -0.06764484589285
H            0.29773214496262        3.85145102494312        1.51800695653818
H            2.21813212691561        5.45047362225263        1.76064773165726
H            2.68152928021230        3.82502240303629        2.28231479998495
H            3.20184281064451        4.42683085922656        0.70364899810025
H           -3.01921493286995        0.57726671594200       -2.12621331118733
H           -4.48819677259074        1.24595157417332       -1.35304882721033
H           -4.14328371616819       -0.51054497465636       -1.25825977401335
H           -1.05624119539864       -2.93772211705923        0.64650663116542
H           -2.71262279567704       -3.50224820534139        1.02322395165670
H           -1.78872579386502       -2.54285724433691        2.21895839731523
38
 energy: -64.707682479218 gnorm: 0.000148353095 xtb: 6.7.1 (edcfbbe)
C            2.09178776965335       -3.28452416296020       -2.74793722578575
C            3.15514786117812       -2.92523742408919       -1.72228960004364
O            2.87413556298837       -1.64232242530963       -1.13054802104442
C            2.13605934109813       -1.59855932746462       -0.03931651253036
O            1.71649176134288       -2.56674162578289        0.55321273268522
C            1.85702278742301       -0.16568465742941        0.37495377883528
C            0.94722547093022        0.48873998732039       -0.66311964904477
H            1.48339227469628        0.58986334723448       -1.61253105434545
C            0.46575543228305        1.87005766761870       -0.24822794766384
O           -0.64109345685508        2.29124133215424       -0.51483948796499
O            1.40316995671225        2.53402663341101        0.37171469526343
C            1.12679366916082        3.88336583170726        0.80434064556755
C            2.39421540825805        4.43271595492137        1.42951050210297
S           -0.49640476960087       -0.54063554685464       -1.10408276851411
P           -1.83712075972984       -0.12587246095411        0.48558783024668
S           -1.12811794301993        0.53984303034142        2.18228979539456
O           -3.01905703771900        0.76741740243421       -0.05679043779741
C           -3.71157570317387        0.48839669970796       -1.28935638111508
O           -2.59945454490881       -1.53582350124673        0.59679481450779
C           -1.98960301001006       -2.70152258009504        1.15915087493830
H            2.33667993873561       -4.24048363794852       -3.19870234366507
H            1.11801745215342       -3.35592828403519       -2.26862930438855
H            2.04299035555463       -2.52411783514077       -3.52202860407373
H            4.13386426011361       -2.80739336629078       -2.18786073983920
H            3.19881653341085       -3.67384317907917       -0.92637496616020
H            2.79105254528066        0.39422699650220        0.41818716754079
H            1.38349391655536       -0.16874286427410        1.35809265660034
H            0.81389896511028        4.46535442249635       -0.06770365247737
H            0.29775040998902        3.85126634420882        1.51794131315520
H            2.21805080312223        5.45058363771358        1.76069927682137
H            2.68154398074950        3.82510566483882        2.28224150047607
H            3.20175888363986        4.42699386155301        0.70358388376322
H           -3.01929261996148        0.57724043297853       -2.12626300769101
H           -4.48811505860064        1.24606770679682       -1.35297779785214
H           -4.14331514538967       -0.51045506260871       -1.25811674804084
H           -1.05639708507752       -2.93780940831622        0.64616858087200
H           -2.71280392224905       -3.50211976105655        1.02329140398518
H           -1.78846929965549       -2.54288555430030        2.21883045583844
38
 energy: -64.707682536973 gnorm: 0.000072804665 xtb: 6.7.1 (edcfbbe)
C            2.09185260219150       -3.28463902985767       -2.74790039282497
C            3.15516957920293       -2.92533322324718       -1.72221540781090
O            2.87420199960438       -1.64238467942927       -1.13049421052176
C            2.13637799980561       -1.59861879582509       -0.03904335168127
O            1.71684415861395       -2.56679646380250        0.55362045862865
C            1.85707034255560       -0.16578961441379        0.37504484775987
C            0.94734827542360        0.48873415431222       -0.66307988633884
H            1.48358259538329        0.58984118209685       -1.61243883340489
C            0.46595367216179        1.87013204374772       -0.24847289009731
O           -0.64082348805932        2.29132444128013       -0.51519973921419
O            1.40322348014455        2.53408259106658        0.37162152435913
C            1.12676891950822        3.88340543790244        0.80423157868902
C            2.39408843602854        4.43285602931895        1.42947871403864
S           -0.49625484549982       -0.54076540343146       -1.10395023449099
P           -1.83719487658276       -0.12582829938371        0.48556586356644
S           -1.12806334401386        0.53996559808368        2.18220282846807
O           -3.01909976755331        0.76750943514548       -0.05675103521044
C           -3.71175804262789        0.48853232143653       -1.28924025100367
O           -2.59957040960675       -1.53573942255207        0.59686940132645
C           -1.98973211867317       -2.70157028301757        1.15896394812811
H            2.33673496518708       -4.24064226940406       -3.19862526805196
H            1.11804755968799       -3.35600163192607       -2.26865350478517
H            2.04310221522793       -2.52428998831967       -3.52205414461712
H            4.13391215698407       -2.80755706167117       -2.18777082651578
H            3.19881251036215       -3.67394010836297       -0.92630725727800
H            2.79107783386029        0.39416370693117        0.41840693457164
H            1.38342345653943       -0.16883204110630        1.35813219508228
H            0.81392927434898        4.46536631780851       -0.06780845564180
H            0.29763940478739        3.85121221776315        1.51772787016256
H            2.21788133624482        5.45071361712313        1.76070342458867
H            2.68147090743172        3.82526187867994        2.28220718517655
H            3.20165592584531        4.42720767931756        0.70356987995541
H           -3.01952585086346        0.57731690691670       -2.12619697500248
H           -4.48824377238760        1.24627130252358       -1.35282700956643
H           -4.14356240772984       -0.51029725023805       -1.25796083314424
H           -1.05680973047994       -2.93804486662126        0.64553357432056
H           -2.71316432853160       -3.50202932864592        1.02344811655214
H           -1.78807164033357       -2.54299281149613        2.21855782038449
