----------------------------------------------- 
  Element       SASA      Sigma Z        Total  
     Z         Ang**2 cal/Ang**2/mol   kcal/mol 
----------------------------------------------- 
      H        235.045      48.690      11.444
      C         58.865     129.740       7.637
      O         25.925       0.000       0.000
      P          1.913       0.000       0.000
      S         99.884      -9.100      -0.909

 Subtotal:     421.631                  18.172
 -----------------------------------------------

  Elements    COT*SASA   Sigma Z,Z'     Total   
    Z,Z'       Ang**2  cal/Ang**2/mol kcal/mol  
 ---------------------------------------------- 
  H   C        158.486     -60.770      -9.631
  H   O          0.000       0.000       0.000
  C   C         33.778     -72.950      -2.464
  O   C          0.000      68.690       0.000
  O   O          0.000       0.000       0.000
  O   P         17.912      68.850       1.233

 Subtotal:                             -10.862
 ---------------------------------------------- 

 NONAQUEOUS SOLVENT CONTRIBUTION (kcal/mol):
 (proportional to SASA, atomic number independent)
 ---------------------------------------------- 
 Subtotal:                               0.000
 ---------------------------------------------- 

 CDS TOTAL (kcal/mol):                   7.310
...............................................................................
