----------------------------------------------- 
  Element       SASA      Sigma Z        Total  
     Z         Ang**2 cal/Ang**2/mol   kcal/mol 
----------------------------------------------- 
      H        117.312      48.690       5.712
      C          7.488     129.740       0.972
      O         74.336       0.000       0.000

 Subtotal:     199.137                   6.683
 -----------------------------------------------

  Elements    COT*SASA   Sigma Z,Z'     Total   
    Z,Z'       Ang**2  cal/Ang**2/mol kcal/mol  
 ---------------------------------------------- 
  H   C         44.621     -60.770      -2.712
  H   O         36.189       0.000       0.000
  C   C          5.613     -72.950      -0.409
  O   C          0.038      68.690       0.003
  O   O          0.000       0.000       0.000

 Subtotal:                              -3.119
 ---------------------------------------------- 

 NONAQUEOUS SOLVENT CONTRIBUTION (kcal/mol):
 (proportional to SASA, atomic number independent)
 ---------------------------------------------- 
 Subtotal:                               0.000
 ---------------------------------------------- 

 CDS TOTAL (kcal/mol):                   3.565
...............................................................................
