----------------------------------------------- 
  Element       SASA      Sigma Z        Total  
     Z         Ang**2 cal/Ang**2/mol   kcal/mol 
----------------------------------------------- 
      H        238.505      48.690      11.613
      C         57.530     129.740       7.464
      O         23.168       0.000       0.000
      P          0.971       0.000       0.000
      S        103.673      -9.100      -0.943

 Subtotal:     423.847                  18.133
 -----------------------------------------------

  Elements    COT*SASA   Sigma Z,Z'     Total   
    Z,Z'       Ang**2  cal/Ang**2/mol kcal/mol  
 ---------------------------------------------- 
  H   C        160.792     -60.770      -9.771
  H   O          0.000       0.000       0.000
  C   C         33.097     -72.950      -2.414
  O   C          0.000      68.690       0.000
  O   O          0.000       0.000       0.000
  O   P         15.996      68.850       1.101

 Subtotal:                             -11.084
 ---------------------------------------------- 

 NONAQUEOUS SOLVENT CONTRIBUTION (kcal/mol):
 (proportional to SASA, atomic number independent)
 ---------------------------------------------- 
 Subtotal:                               0.000
 ---------------------------------------------- 

 CDS TOTAL (kcal/mol):                   7.049
...............................................................................
