----------------------------------------------- 
  Element       SASA      Sigma Z        Total  
     Z         Ang**2 cal/Ang**2/mol   kcal/mol 
----------------------------------------------- 
      H        234.931      48.690      11.439
      C         56.978     129.740       7.392
      O         27.282       0.000       0.000
      P          1.542       0.000       0.000
      S        103.931      -9.100      -0.946

 Subtotal:     424.664                  17.885
 -----------------------------------------------

  Elements    COT*SASA   Sigma Z,Z'     Total   
    Z,Z'       Ang**2  cal/Ang**2/mol kcal/mol  
 ---------------------------------------------- 
  H   C        158.398     -60.770      -9.626
  H   O          0.000       0.000       0.000
  C   C         32.603     -72.950      -2.378
  O   C          0.000      68.690       0.000
  O   O          0.000       0.000       0.000
  O   P         18.899      68.850       1.301

 Subtotal:                             -10.703
 ---------------------------------------------- 

 NONAQUEOUS SOLVENT CONTRIBUTION (kcal/mol):
 (proportional to SASA, atomic number independent)
 ---------------------------------------------- 
 Subtotal:                               0.000
 ---------------------------------------------- 

 CDS TOTAL (kcal/mol):                   7.182
...............................................................................
