----------------------------------------------- 
  Element       SASA      Sigma Z        Total  
     Z         Ang**2 cal/Ang**2/mol   kcal/mol 
----------------------------------------------- 
      H        239.937      48.690      11.683
      C         55.910     129.740       7.254
      O         27.376       0.000       0.000
      P          1.464       0.000       0.000
      S        108.857      -9.100      -0.991

 Subtotal:     433.545                  17.946
 -----------------------------------------------

  Elements    COT*SASA   Sigma Z,Z'     Total   
    Z,Z'       Ang**2  cal/Ang**2/mol kcal/mol  
 ---------------------------------------------- 
  H   C        161.353     -60.770      -9.805
  H   O          0.000       0.000       0.000
  C   C         32.452     -72.950      -2.367
  O   C          0.000      68.690       0.000
  O   O          0.000       0.000       0.000
  O   P         18.737      68.850       1.290

 Subtotal:                             -10.883
 ---------------------------------------------- 

 NONAQUEOUS SOLVENT CONTRIBUTION (kcal/mol):
 (proportional to SASA, atomic number independent)
 ---------------------------------------------- 
 Subtotal:                               0.000
 ---------------------------------------------- 

 CDS TOTAL (kcal/mol):                   7.063
...............................................................................
