38
 energy: -64.696196500196 gnorm: 0.050642542835 xtb: 6.7.1 (edcfbbe)
C            4.17771593864731       -0.33974996818481       -2.39858356014628
C            3.71094662281578       -1.77668983978317       -2.29826968708623
O            2.47389930324125       -1.82596154104954       -1.51906692478090
C            2.56008154005854       -2.11504283482061       -0.21479584946536
O            3.58268363040145       -2.44600387120865        0.35968973685818
C            1.20270214228203       -2.06542899893749        0.44692969927164
C            0.43431788420319       -0.77294103946647        0.15203280656510
H            0.37159066044825       -0.60694407128959       -0.93200262110171
C            1.17339580495469        0.43010946664598        0.71752453147925
O            2.39115375372798        0.45438657650686        0.76313807792947
O            0.37543689755616        1.42996150340475        1.06816405775304
C            1.01133038931695        2.68300527969149        1.49968253492367
C            1.32426794426729        2.64593794135961        2.97619223571831
S           -1.30007196643720       -0.99560305552187        0.74121669501365
P           -2.35905368212917        0.49739906103138       -0.34364535733918
S           -1.61256298239335        0.98355909409866       -2.06820706876653
O           -3.84429048479680       -0.12457902727038       -0.30748187571315
C           -4.21807876316104       -1.22280006964009       -1.17891136876237
O           -2.56611439661075        1.77603685449742        0.59978068250302
C           -3.02317553717838        1.62732584434269        1.97407891689056
H            4.46080124399031        0.05130801851520       -1.41592082645022
H            5.04995609756533       -0.28775369184385       -3.05759535241296
H            3.38732891106022        0.29253570968608       -2.81809883982420
H            4.45744338439098       -2.42384025045987       -1.82995311331592
H            3.43710129283765       -2.18645877358988       -3.27380318232579
H            1.34556051947515       -2.20033903094261        1.52097221991559
H            0.63189454446888       -2.91716154797491        0.06003286474954
H            1.90247711086086        2.84381461007779        0.89023985678577
H            0.26304980176287        3.44143688125199        1.26430216386318
H            1.72586952689087        3.62267509964871        3.26827206337277
H            0.42064471871160        2.45766091066524        3.56275020638707
H            2.07270457323037        1.88343281894347        3.20955259122959
H           -3.90703299213540       -1.01455167007741       -2.20728226723675
H           -5.30538062492076       -1.28735312356846       -1.12299726609606
H           -3.76722780027148       -2.15538589306076       -0.82675500364220
H           -2.39475407179035        0.91137211857916        2.51098858186534
H           -4.06696893563493        1.30411117686726        1.98772719423640
H           -2.92562259488465        2.61466187662598        2.42587352555162
38
 energy: -64.699682621016 gnorm: 0.021636739368 xtb: 6.7.1 (edcfbbe)
C            4.18377879094947       -0.33568020896880       -2.40295528818986
C            3.69994719915070       -1.76717542047432       -2.29322599161727
O            2.47644019689782       -1.81440150222760       -1.51356535627430
C            2.55990324941450       -2.09953360932765       -0.21864486404844
O            3.57671873055115       -2.42868365889964        0.34839360005334
C            1.19883150945685       -2.07090808939965        0.44385687196122
C            0.43277043438820       -0.78241623124114        0.14759622257639
H            0.34675936826236       -0.62365099513358       -0.93619804104400
C            1.16539363267734        0.42827785333828        0.69815633600470
O            2.37531968317407        0.46406689617779        0.73716610469107
O            0.36657021056986        1.41685067724876        1.05226634668339
C            0.98827524393218        2.66345448051246        1.49272216176649
C            1.31469160695494        2.64063803031441        2.97095873670439
S           -1.27130786839259       -0.96584368760966        0.81055199086854
P           -2.33199390443784        0.48581970476473       -0.32040252234380
S           -1.60036683107171        0.97569451228985       -2.06582803438472
O           -3.82325605555148       -0.11669310085413       -0.31330059146163
C           -4.20013076972384       -1.21104248179856       -1.17247604325593
O           -2.54216138032720        1.76100839193317        0.61500191528719
C           -3.01988042018444        1.62642977957515        1.97345451595888
H            4.45220479673446        0.04841347192158       -1.41933108514569
H            5.05514650637120       -0.28985456893688       -3.05296567449661
H            3.39706258637518        0.29188866151259       -2.81903088046039
H            4.44215113955321       -2.40908261969480       -1.81187748415487
H            3.42262851320168       -2.17535846276607       -3.26697630455428
H            1.34243895394301       -2.19719286636969        1.51767428312884
H            0.62598027130531       -2.91935279350710        0.06046866291104
H            1.88670468693842        2.81834971586783        0.89088631869092
H            0.24202267693809        3.42271685125630        1.25553722403370
H            1.71802591150608        3.61041285995900        3.25917248451110
H            0.41948753500807        2.44581697524433        3.55769029030910
H            2.06001369150030        1.87817493561588        3.19171000050982
H           -3.88193809990926       -1.01086095396378       -2.19661528234928
H           -5.28584635339590       -1.26537899817917       -1.11614239032291
H           -3.75346548001912       -2.13771137566623       -0.81145542565305
H           -2.40133700577978        0.90741502881096        2.51122931095435
H           -4.05994834491068        1.30378837394059        1.97089547015964
H           -2.92361520722883        2.61774696848417        2.41137349038977
38
 energy: -64.700942976398 gnorm: 0.010208546025 xtb: 6.7.1 (edcfbbe)
C            4.18605201293101       -0.32655599679658       -2.40352056056968
C            3.68803750341852       -1.75590321854302       -2.28817336964323
O            2.47638640190550       -1.79800508738762       -1.50844655172156
C            2.55888016881328       -2.09089243323246       -0.22273033935029
O            3.57694246777597       -2.40527803484470        0.34450449856993
C            1.19406622959073       -2.07688929262279        0.44082309041691
C            0.42225100607524       -0.79522421785080        0.14642208627826
H            0.31016531047629       -0.64711410987144       -0.93704301176298
C            1.15942364032937        0.42278200548760        0.67624288310790
O            2.36725967646525        0.47159948533598        0.70017489676375
O            0.35782259907209        1.40011047274650        1.03873533674189
C            0.96377309778347        2.64360858660912        1.47717370553776
C            1.29827977653377        2.62438566054163        2.95852307360567
S           -1.25924160563317       -0.96016774117210        0.85052625710262
P           -2.30344129999179        0.49073250392399       -0.29272686734069
S           -1.55364965238322        0.94713988496585       -2.04010607532170
O           -3.79565353197377       -0.10206749702882       -0.31452532405881
C           -4.17247085783892       -1.19738953113793       -1.15970949574707
O           -2.52050089342358        1.76182557246497        0.63152870019989
C           -3.01809432761510        1.63532707699663        1.97626329420666
H            4.44566921143097        0.05410066551098       -1.41889391879308
H            5.05914855713465       -0.29302427356215       -3.04477197791217
H            3.40618230050138        0.30142613942739       -2.82352216075862
H            4.42993339581394       -2.39606674713423       -1.80325869072751
H            3.40779327940349       -2.16106810532117       -3.26112855983584
H            1.33982852370822       -2.19693402608150        1.51444904634781
H            0.62496083693430       -2.92609122215786        0.06010244089548
H            1.86692977329952        2.80136973743540        0.88106652072114
H            0.21535795112544        3.40056343265367        1.24215501382253
H            1.70074510903582        3.59181388297230        3.23882184849927
H            0.41003658044696        2.42436979952565        3.54920534358971
H            2.04577839139666        1.86377755196956        3.16835477256579
H           -3.85070553781889       -1.00857673884789       -2.18350410269528
H           -5.25742126612500       -1.24455874979811       -1.10563082037115
H           -3.73183602526228       -2.12207387049548       -0.79154266390451
H           -2.41111215639038        0.91547342931503        2.52408660884043
H           -4.05582744416585        1.31131123636155        1.95889186722514
H           -2.92772979795799        2.62830631339225        2.40695428387239
38
 energy: -64.701406097120 gnorm: 0.006212715826 xtb: 6.7.1 (edcfbbe)
C            4.18518650512006       -0.31765405048524       -2.40355067792378
C            3.67896341540407       -1.74646337253025       -2.28629124556147
O            2.47349358771070       -1.78471511448452       -1.50401338411441
C            2.55924324133313       -2.08195142266921       -0.22145661928517
O            3.58002754942758       -2.39054756329104        0.34697501487055
C            1.19231932153958       -2.08719346050486        0.44210882963874
C            0.41254506565485       -0.81109290838533        0.15036149629183
H            0.28149720167219       -0.67129616984647       -0.93263220840875
C            1.15437294617232        0.41444257837262        0.65801646554432
O            2.36298964542558        0.47510206674662        0.66208433543010
O            0.34870617959367        1.38474787360332        1.02906146841602
C            0.94355110940779        2.62909984721196        1.46216323975441
C            1.28280421579940        2.60846394464554        2.94493412958898
S           -1.25424096655503       -0.96122126538729        0.88028203780248
P           -2.27929779479532        0.49830963515767       -0.27434158682604
S           -1.51074503987705        0.93934494722748       -2.01857203611308
O           -3.77270199917738       -0.08561527242227       -0.31401879575606
C           -4.14921403620713       -1.18614099925904       -1.14731838155571
O           -2.49895441405494        1.76657706833270        0.64238774210533
C           -3.01650452714215        1.64636859807700        1.97921988158498
H            4.43992905641771        0.06353385649994       -1.41766414466074
H            5.06300041766801       -0.29359210157648       -3.03820558116752
H            3.41141687676835        0.31330048192381       -2.83089901747028
H            4.42414726657467       -2.38669832691591       -1.80556327271894
H            3.39718707424995       -2.14943709445018       -3.25954250962133
H            1.34010964150013       -2.20763848570271        1.51537108962895
H            0.63133667519234       -2.94017167701535        0.05908832429216
H            1.84667734331234        2.79628196847141        0.86771892979684
H            0.19098960644559        3.38294900879329        1.23161723805127
H            1.68325863372560        3.57683551704769        3.22302026326274
H            0.39761104977598        2.40320458854451        3.53846391099372
H            2.03374862753598        1.84890795219462        3.14771442629351
H           -3.82369781869108       -1.01005350317891       -2.17299878262408
H           -5.23452942359951       -1.23009951252459       -1.09729579645439
H           -3.71290987393225       -2.11005709901704       -0.77068934064259
H           -2.42127545083300        0.92689707069282        2.54201082503378
H           -4.05486352266810        1.32342302784613        1.94920948651700
H           -2.93215798107266        2.63999191200691        2.40901532440322
38
 energy: -64.701581980354 gnorm: 0.004570847922 xtb: 6.7.1 (edcfbbe)
C            4.18257871610497       -0.30951801514936       -2.40327920882228
C            3.67426907432010       -1.73827303790222       -2.28661657520272
O            2.47111972141150       -1.77988625539911       -1.50125991233517
C            2.56078710667136       -2.08230906521587       -0.21942527238166
O            3.58458517228874       -2.38435692994034        0.35000944975853
C            1.19477630973510       -2.09835461176558        0.44563039236038
C            0.40893383010083       -0.82639336145051        0.15364787139503
H            0.27036707946062       -0.69387386011129       -0.92901159173201
C            1.15209665839094        0.40510951780749        0.64402975637248
O            2.36077969237857        0.47351921651791        0.63348189511836
O            0.34311194221951        1.37212447535694        1.02051743928076
C            0.92994741938066        2.61931009805550        1.45037206914627
C            1.27100336622293        2.59622253685792        2.93317734763914
S           -1.25211723625172       -0.96449511236581        0.88970451231331
P           -2.26612245013051        0.50739252722453       -0.26124490143369
S           -1.48088512701348        0.94396537436441       -1.99892672371596
O           -3.76075883970232       -0.06935480736486       -0.31335820028400
C           -4.13356932874759       -1.17782766266560       -1.13738566887082
O           -2.48512874506490        1.77413532310015        0.65193816256271
C           -3.01752174767287        1.65789131619716        1.98444195546011
H            4.43307720248662        0.07370027685069       -1.41636856698935
H            5.06528851110182       -0.28926510085679       -3.03279119550227
H            3.41310986039041        0.32341411441225       -2.83754145668401
H            4.42259314731671       -2.37992002516045       -1.81212911398207
H            3.39056199942599       -2.13912862465790       -3.26052235992907
H            1.34266801321937       -2.22086021305463        1.51880078442411
H            0.64101964661155       -2.95514206009187        0.05966393000347
H            1.83033382665730        2.79620596977324        0.85462489944692
H            0.17212484959752        3.36925805290299        1.22350831319778
H            1.66857152439640        3.56588558355811        3.21410653246793
H            0.38655587036045        2.38605409410914        3.52724918671439
H            2.02479267426977        1.83788372813133        3.13298927535788
H           -3.80351023424088       -1.01278800266826       -2.16441701038763
H           -5.21936213173103       -1.22208210153302       -1.09255207608485
H           -3.69881639828848       -2.09941146669708       -0.75060153789723
H           -2.42965888618426        0.93911495331009        2.55688692474945
H           -4.05660058898157        1.33600440345239        1.94391551254721
H           -2.93698209568804        2.65219129581754        2.41450624031505
38
 energy: -64.701631421325 gnorm: 0.002770094389 xtb: 6.7.1 (edcfbbe)
C            4.17920231295135       -0.30556304859738       -2.40260905473203
C            3.67320319079641       -1.73464633218072       -2.28784099028176
O            2.46980017107626       -1.78006480944364       -1.50050053551052
C            2.56180941976468       -2.08242120486341       -0.21768843591489
O            3.58629704254174       -2.38462668711733        0.35069586822996
C            1.19648693697266       -2.10362207038749        0.44757561765638
C            0.40699020705971       -0.83371657084759        0.15450291141362
H            0.27001117615352       -0.70515600313491       -0.92850022005102
C            1.15037702857538        0.39921992417155        0.63899940667137
O            2.35857897492763        0.47023370474861        0.62195110987662
O            0.34052464011652        1.36622595635010        1.01672379849603
C            0.92495334865031        2.61562220940946        1.44506956149582
C            1.26600387632057        2.59114227595176        2.92711318244826
S           -1.25369474651237       -0.96964608350732        0.89103629177533
P           -2.25938882515104        0.51233801424119       -0.25738548585993
S           -1.47210576653658        0.95537251298743       -1.99228259603000
O           -3.75469776724462       -0.06093784349335       -0.31260291093876
C           -4.12565860521444       -1.17443332585934       -1.13227770197212
O           -2.47725600658751        1.77775913816017        0.65742885733065
C           -3.01741266758863        1.66278814334829        1.98835712028880
H            4.42673450132773        0.07938433588436       -1.41527648656597
H            5.06455849546514       -0.28438027389116       -3.02932067321675
H            3.41127587591844        0.32736534267279       -2.84044889053135
H            4.42286191687657       -2.37716331089584       -1.81660114815035
H            3.38791132965796       -2.13432677135295       -3.26209215640697
H            1.34391428699244       -2.22818907659158        1.52064767557536
H            0.64645506489255       -2.96256397920465        0.05986208155269
H            1.82263679702991        2.79665820238308        0.84689324246666
H            0.16363925988085        3.36274045078018        1.21943181935657
H            1.66148359277621        3.56141802845677        3.21111683132729
H            0.38123124762529        2.37848791262253        3.52051340447818
H            2.02118828701462        1.83386347294701        3.12696660748227
H           -3.79402511479488       -1.01402632704837       -2.15956525783159
H           -5.21161737540307       -1.21973134203554       -1.08930271548964
H           -3.69045754342528       -2.09364358040418       -0.73977371819958
H           -2.43260826986827        0.94461264574250        2.56433617947910
H           -4.05672381817597        1.34215694326224        1.94226427700232
H           -2.93846307003964        2.65761197048580        2.41835421167638
38
 energy: -64.701649183152 gnorm: 0.001477421099 xtb: 6.7.1 (edcfbbe)
C            4.17570384574749       -0.30321284203114       -2.40175353589984
C            3.67338637836733       -1.73295410208382       -2.28913296369421
O            2.46937480855237       -1.78310532107102       -1.50092229139669
C            2.56284155401941       -2.08519651898209       -0.21748630730476
O            3.58811957151342       -2.38612182490930        0.34965562232083
C            1.19832208967748       -2.10674710762373        0.44827213757185
C            0.40825841551824       -0.83743838459958        0.15287472679516
H            0.27430107937504       -0.71146453587151       -0.93069801059362
C            1.15024431336062        0.39617891325719        0.63588181091159
O            2.35787281244417        0.46821839975858        0.61793692511412
O            0.33960647980224        1.36293001993893        1.01389680262143
C            0.92305557704444        2.61367870744186        1.44263952164411
C            1.26391648721606        2.58882064585242        2.92391143648694
S           -1.25425482997810       -0.97157664392920        0.88596507520964
P           -2.25851536872810        0.51589129817007       -0.25571746714538
S           -1.46799431448079        0.96324331955874       -1.98835651918664
O           -3.75450608978494       -0.05494076671183       -0.31267835569279
C           -4.12253433474746       -1.17239672141828       -1.12957078207024
O           -2.47436698902979        1.78002251161722        0.66243411070978
C           -3.01746994414298        1.66488651905386        1.99259863042650
H            4.42015633738448        0.08239960051596       -1.41389547450817
H            5.06261293041407       -0.27916821536473       -3.02642513153638
H            3.40764404525543        0.32830917652258       -2.84128184311320
H            4.42370192441157       -2.37553514185784       -1.81928028240976
H            3.38724498980331       -2.13170473693359       -3.26360181423044
H            1.34526768573256       -2.23095532198418        1.52145381328209
H            0.64924446659110       -2.96665859701771        0.06090856984838
H            1.81913404490199        2.79607204979149        0.84278969518815
H            0.15973397648036        3.35895412421479        1.21713048202400
H            1.65787918930575        3.55929662585445        3.20988303629116
H            0.37889053284293        2.37460504649982        3.51651552512444
H            2.01994207175764        1.83248325139337        3.12416500365795
H           -3.78972039361383       -1.01421720197701       -2.15651889983679
H           -5.20838520455368       -1.21941260824537       -1.08750842811410
H           -3.68573934437006       -2.08884409490941       -0.73275880223044
H           -2.43349516484701        0.94689878692027        2.56881865036319
H           -4.05650320806229        1.34484584335105        1.94356660563089
H           -2.93895101635830        2.66005839155760        2.42205980613768
38
 energy: -64.701655640879 gnorm: 0.001159321744 xtb: 6.7.1 (edcfbbe)
C            4.17139947344963       -0.30178289464090       -2.40068135048217
C            3.67351906046805       -1.73277493237251       -2.29033786780688
O            2.46888027289683       -1.78688395214367       -1.50223740991733
C            2.56307723512321       -2.08712030703703       -0.21828362421102
O            3.58901071059131       -2.38662550795383        0.34766814683669
C            1.19879872657986       -2.10775258243288        0.44783140277875
C            0.40860212642888       -0.83878730935515        0.15020695714610
H            0.27666499238995       -0.71423822625095       -0.93398241878959
C            1.14971726795204        0.39480375657104        0.63396792357583
O            2.35726838722189        0.46810678701922        0.61482116318534
O            0.33871948121516        1.36089311333043        1.01261549065884
C            0.92235320699526        2.61238493220810        1.44139404425832
C            1.26342710493093        2.58761191630394        2.92209838046903
S           -1.25527091823685       -0.97480408779613        0.88239797709310
P           -2.25620954528661        0.51777165944329       -0.25543509351865
S           -1.46863700658373        0.97153604758401       -1.98765878335635
O           -3.75307284718587       -0.05050777555010       -0.31290220751556
C           -4.11966344749279       -1.17062597959791       -1.12760111070959
O           -2.47068746617138        1.78025594456113        0.66702504541047
C           -3.01628645116320        1.66429823282166        1.99619859936187
H            4.41210051494561        0.08380948907278       -1.41203603794925
H            5.05958604342147       -0.27399442986339       -3.02319578395473
H            3.40229673435408        0.32744285163897       -2.84128241642511
H            4.42452761915691       -2.37428543531023       -1.82041511329858
H            3.38775643870897       -2.13099197888263       -3.26501736802270
H            1.34593688492770       -2.22984283458431        1.52118907915124
H            0.64931629524898       -2.96822762506130        0.06244385920493
H            1.81777682408831        2.79419183323136        0.84048595369349
H            0.15824222700228        3.35673657096256        1.21561887097788
H            1.65631137786741        3.55820135788418        3.20845806972992
H            0.37864521558142        2.37233776231196        3.51452270482281
H            2.02018767003099        1.83213554864206        3.12233285733195
H           -3.78718371456164       -1.01371215921050       -2.15444891025232
H           -5.20531817800163       -1.21907597447936       -1.08484916837374
H           -3.68122025109930       -2.08474606144697       -0.72828019676450
H           -2.43304474472188        0.94632396540103        2.57273784556710
H           -4.05499405945572        1.34450746118821        1.94504920243851
H           -2.93851385679427        2.65957336754257        2.42535236605232
38
 energy: -64.701658204420 gnorm: 0.000534349764 xtb: 6.7.1 (edcfbbe)
C            4.16978892194139       -0.30181319470323       -2.40055542685488
C            3.67327891441222       -1.73363391968214       -2.29084922174309
O            2.46882995859076       -1.78832543789406       -1.50318165926499
C            2.56316560049598       -2.08723315566030       -0.21918948069409
O            3.58929830867274       -2.38596150991795        0.34682791289968
C            1.19878641226895       -2.10754085123792        0.44714588331897
C            0.40933128099729       -0.83843148375506        0.14877061086949
H            0.27703527253074       -0.71357043450947       -0.93531441405926
C            1.14990487036543        0.39554589943847        0.63289131533810
O            2.35747708633123        0.46890313655177        0.61462262448251
O            0.33885662047019        1.36078031951372        1.01261213343723
C            0.92252310968300        2.61210152348944        1.44144992701507
C            1.26411673229390        2.58755409713144        2.92227371098536
S           -1.25485953731486       -0.97423181875677        0.88036612502207
P           -2.25678624475620        0.51853265241556       -0.25523299005704
S           -1.46798282771253        0.97167318207934       -1.98720107474369
O           -3.75387933630438       -0.04921757890388       -0.31322854333081
C           -4.11983425077036       -1.16979014297301       -1.12727698898217
O           -2.47087209233817        1.78025537889124        0.66864328047572
C           -3.01588546613150        1.66299874669381        1.99743159488270
H            4.40906647132721        0.08339136071650       -1.41147673470382
H            5.05832397216314       -0.27276855774525       -3.02229214892563
H            3.40005442180769        0.32650383504275       -2.84131396594037
H            4.42491474322843       -2.37409538253825       -1.82049271467423
H            3.38852097279646       -2.13195194445457       -3.26567317002501
H            1.34627807846144       -2.22807791877948        1.52061388786665
H            0.64860312506687       -2.96795928204923        0.06294653465899
H            1.81837654831737        2.79334617055362        0.84087552592063
H            0.15887386259956        3.35682279357433        1.21569609997744
H            1.65684180843095        3.55831700140451        3.20782641542914
H            0.37982576483872        2.37202718329303        3.51521852512466
H            2.02124937956385        1.83233690634457        3.12195794377525
H           -3.78798100998880       -1.01300480792430       -2.15439105370021
H           -5.20541092115171       -1.21901049227029       -1.08396598146507
H           -3.68052780888943       -2.08349959009778       -0.72801586330337
H           -2.43224754199546        0.94490871425210        2.57358813505926
H           -4.05435142605192        1.34231871033101        1.94641080025715
H           -2.93868436942793        2.65794243588438        2.42725352406809
38
 energy: -64.701659166052 gnorm: 0.000341307029 xtb: 6.7.1 (edcfbbe)
C            4.16859779239214       -0.30178385850494       -2.40077858038102
C            3.67284613870014       -1.73418825451341       -2.29130978505428
O            2.46848873623991       -1.78951163602091       -1.50412926660682
C            2.56283871064382       -2.08762761600928       -0.22005550761603
O            3.58916542422788       -2.38500569059161        0.34661977831580
C            1.19857497125900       -2.10713036445197        0.44668291981401
C            0.40898300832855       -0.83819466157035        0.14822866340278
H            0.27617850659230       -0.71300328259280       -0.93568283029884
C            1.14973945076524        0.39570546288445        0.63266281431188
O            2.35744758080393        0.46921538263934        0.61317449799307
O            0.33902906299776        1.36068881761692        1.01319977845176
C            0.92284412521396        2.61192574934116        1.44140800372003
C            1.26495917999500        2.58762750539216        2.92235114083596
S           -1.25495798779924       -0.97427033470696        0.88049351829817
P           -2.25638767832920        0.51907736094807       -0.25501834763375
S           -1.46800017827508        0.97305795630234       -1.98685188899293
O           -3.75357925875941       -0.04844466932514       -0.31325680453265
C           -4.11973341020549       -1.16899227404065       -1.12696214660127
O           -2.47064450644331        1.78022767209100        0.66959609775283
C           -3.01543244451678        1.66159970561274        1.99812956395845
H            4.40690989003245        0.08326336496678       -1.41139372521767
H            5.05749649597955       -0.27200141851421       -3.02195110561143
H            3.39852949248132        0.32598580064342       -2.84185977409369
H            4.42511503039748       -2.37395473120918       -1.82094914150172
H            3.38903854611173       -2.13264161757724       -3.26633206427350
H            1.34655749498903       -2.22687065628174        1.52017505517721
H            0.64814128172255       -2.96767522303785        0.06327787550421
H            1.81886173368754        2.79297685206173        0.84096758439448
H            0.15950601633482        3.35697299224172        1.21580153580166
H            1.65754305032940        3.55863034614029        3.20740311330786
H            0.38102400659203        2.37191442235525        3.51575383665342
H            2.02239247408375        1.83260014801602        3.12166931435464
H           -3.78898431805480       -1.01209469582316       -2.15452076481210
H           -5.20529176922456       -1.21885780375649       -1.08277718507618
H           -3.67964370855870       -2.08272829857783       -0.72840299486151
H           -2.43124944191767        0.94358726357661        2.57407519484976
H           -4.05371986898716        1.33987976026084        1.94731737882167
H           -2.93916422500763        2.65618306776344        2.42901532584212
38
 energy: -64.701659650328 gnorm: 0.000273513998 xtb: 6.7.1 (edcfbbe)
C            4.16756525155317       -0.30176944897774       -2.40113853396106
C            3.67253615354846       -1.73448883354670       -2.29183836379365
O            2.46821267523439       -1.79026946186786       -1.50471192745711
C            2.56279509944748       -2.08723653597260       -0.22035040360430
O            3.58900866372739       -2.38466680357855        0.34646940124086
C            1.19858854097035       -2.10714431771058        0.44650682773355
C            0.40887542518457       -0.83828008938926        0.14800947591799
H            0.27617566791640       -0.71330536575081       -0.93589129779140
C            1.14975502606072        0.39579862536717        0.63193754820957
O            2.35741758605317        0.46918720110158        0.61183536282642
O            0.33926310544644        1.36063082174626        1.01338009295977
C            0.92317232648452        2.61182775403159        1.44138191681852
C            1.26560196871741        2.58760599146517        2.92226386771836
S           -1.25508821315269       -0.97451334325594        0.88011689754747
P           -2.25626370101220        0.51973291881368       -0.25457632875708
S           -1.46769025446582        0.97480512924285       -1.98601197925762
O           -3.75349787621580       -0.04766762465835       -0.31315575837499
C           -4.11966357066639       -1.16830506764561       -1.12667996503723
O           -2.47061003257830        1.78045419565572        0.67063799036997
C           -3.01525639261576        1.66066959284862        1.99911037598775
H            4.40526781122657        0.08346888347893       -1.41166695289429
H            5.05673916840211       -0.27151113433398       -3.02194017240634
H            3.39738489748086        0.32563777707289       -2.84258864513157
H            4.42518999461932       -2.37390683605416       -1.82159184640195
H            3.38905354218532       -2.13304452748152       -3.26695539950467
H            1.34678163623344       -2.22692147183147        1.51996318336479
H            0.64826025666697       -2.96783715040368        0.06316768689614
H            1.81898041420341        2.79297742671242        0.84069009712972
H            0.15976082565269        3.35688050157962        1.21595473458532
H            1.65796792117011        3.55874157220521        3.20734263178818
H            0.38179087590621        2.37168579691940        3.51580206287818
H            2.02327044571200        1.83277956771581        3.12147232724340
H           -3.78987525725325       -1.01111812714527       -2.15452560421502
H           -5.20517877657298       -1.21887123076356       -1.08166216080428
H           -3.67871173930797       -2.08191259470693       -0.72864628914941
H           -2.43042089143960        0.94282610524907        2.57465148376456
H           -4.05333309897273        1.33814752328528        1.94829891444110
H           -2.93980607072774        2.65505512433179        2.43070982751674
38
 energy: -64.701659966093 gnorm: 0.000154533380 xtb: 6.7.1 (edcfbbe)
C            4.16691995703575       -0.30178552589162       -2.40160782819170
C            3.67229382493604       -1.73455623376608       -2.29228571584829
O            2.46798371820651       -1.79083264761205       -1.50510773588953
C            2.56275086862754       -2.08734975787857       -0.22061488666877
O            3.58905256984218       -2.38422893351978        0.34630001231022
C            1.19864238854426       -2.10720333407169        0.44638516766222
C            0.40887154782992       -0.83833203860771        0.14791503057020
H            0.27631935627453       -0.71357559304145       -0.93604111564461
C            1.14986104204294        0.39568053738608        0.63168295205896
O            2.35747978050540        0.46923977990181        0.61044037455477
O            0.33951337084230        1.36047114746268        1.01370649066128
C            0.92350405049594        2.61174342615814        1.44141907738013
C            1.26620840277750        2.58762784485101        2.92217279643567
S           -1.25505824224272       -0.97422271296964        0.88002921828800
P           -2.25637552074016        0.52025680693411       -0.25408050163237
S           -1.46741966113379        0.97612862136684       -1.98520199635708
O           -3.75358689421938       -0.04718271704528       -0.31301679080436
C           -4.11977719615189       -1.16775620876561       -1.12660831802659
O           -2.47081168572261        1.78060280707905        0.67159941563346
C           -3.01522646520352        1.65987992500675        2.00015671893628
H            4.40437365284946        0.08367946759421       -1.41217426194661
H            5.05619129174410       -0.27135572922705       -3.02227136515451
H            3.39670431282395        0.32538653738314       -2.84328257743687
H            4.42507186832603       -2.37390707672501       -1.82215389133389
H            3.38875793213588       -2.13313813272637       -3.26740595742328
H            1.34690061082733       -2.22718902256526        1.51980945574093
H            0.64833489123978       -2.96789988883931        0.06296057066954
H            1.81904923019191        2.79296276162629        0.84037939167431
H            0.15993853547047        3.35672251913898        1.21613199744170
H            1.65843639858617        3.55880606924154        3.20729445881055
H            0.38247530577005        2.37159636716965        3.51579281180011
H            2.02401868370332        1.83295421353033        3.12137876852982
H           -3.79095173746965       -1.00999274984499       -2.15465190598835
H           -5.20521997724819       -1.21894250887895       -1.08063843953888
H           -3.67796618106707       -2.08125090381912       -0.72926800455769
H           -2.42972098788324        0.94223352597137        2.57522429328513
H           -4.05306526977505        1.33669842749650        1.94928939722485
H           -2.94045436794973        2.65417347424542        2.43211397117164
38
 energy: -64.701659960439 gnorm: 0.000243939635 xtb: 6.7.1 (edcfbbe)
C            4.16639033497608       -0.30178724138781       -2.40196665152815
C            3.67211394577049       -1.73460645207950       -2.29263481172344
O            2.46781157939774       -1.79131145907536       -1.50542620160040
C            2.56272310935664       -2.08747282609705       -0.22082561862628
O            3.58908899115043       -2.38390810579881        0.34617850754926
C            1.19870118288820       -2.10725791069354        0.44629493492920
C            0.40888667581072       -0.83838100663973        0.14784129936411
H            0.27647140441923       -0.71379629215520       -0.93615907220376
C            1.14995616770924        0.39556007479278        0.63152254712358
O            2.35754214756012        0.46925443688535        0.60934167760022
O            0.33972628207240        1.36033878824092        1.01396938388006
C            0.92377782212528        2.61167574254241        1.44143996848387
C            1.26668570603606        2.58764789816914        2.92209322271943
S           -1.25503138000203       -0.97393549562025        0.87992921303455
P           -2.25650038102356        0.52069194033412       -0.25369899712437
S           -1.46717705047568        0.97718565362828       -1.98455501981123
O           -3.75369114104418       -0.04678619232720       -0.31292051694534
C           -4.11987764676804       -1.16732748081800       -1.12654665140945
O           -2.47100093139504        1.78074467189712        0.67234619341672
C           -3.01521520263453        1.65926229501625        2.00097116004862
H            4.40363017122948        0.08386569132674       -1.41256318788076
H            5.05574355269313       -0.27120191299723       -3.02251348046980
H            3.39614170991927        0.32518297593600       -2.84382883332969
H            4.42499878987707       -2.37389940982091       -1.82260049028289
H            3.38854728718021       -2.13320914868502       -3.26776427340328
H            1.34701508706986       -2.22741554225641        1.51969284865175
H            0.64841141391669       -2.96796250441963        0.06280581895233
H            1.81911212973189        2.79295720376145        0.84012605265229
H            0.16008622675584        3.35659386031665        1.21625821573803
H            1.65879252108983        3.55886078876678        3.20726499728284
H            0.38300568039938        2.37152426022780        3.51576367149461
H            2.02461099395951        1.83310365154768        3.12131252384242
H           -3.79180065215049       -1.00912096274286       -2.15474357147714
H           -5.20526304360901       -1.21901540418578       -1.07983704215821
H           -3.67737985668859       -2.08072188646141       -0.72973218962610
H           -2.42916170679735        0.94177512030761        2.57564742922141
H           -4.05286297749394        1.33555232238232        1.95006573937081
H           -2.94098953819007        2.65348240193064        2.43322228264053
38
 energy: -64.701660162901 gnorm: 0.000132491876 xtb: 6.7.1 (edcfbbe)
C            4.16658614428634       -0.30194526366255       -2.40226031756107
C            3.67196340164340       -1.73461670203182       -2.29274370894628
O            2.46770288223730       -1.79100328471348       -1.50539762628692
C            2.56264931547885       -2.08722597537964       -0.22085002306296
O            3.58911331874527       -2.38352887720448        0.34603854972825
C            1.19855518348934       -2.10719744196411        0.44621256393913
C            0.40876365960007       -0.83827030118924        0.14787612013148
H            0.27615381252125       -0.71372311295319       -0.93613502299860
C            1.14993550101192        0.39582751939797        0.63111726011799
O            2.35747940639336        0.46953160390952        0.60910378423615
O            0.33969810948960        1.36041896658986        1.01399951741427
C            0.92380227220106        2.61170507384155        1.44157410695650
C            1.26686556224939        2.58764657070701        2.92218715193343
S           -1.25496480292851       -0.97423917679784        0.88027565389753
P           -2.25630143862380        0.52055585934028       -0.25343539044701
S           -1.46753549124775        0.97717516160006       -1.98445029982855
O           -3.75346425777815       -0.04697497558717       -0.31269546689700
C           -4.11991788817101       -1.16719762677153       -1.12665496996190
O           -2.47091913865439        1.78051948366445        0.67263831643100
C           -3.01516148583541        1.65903405729199        2.00132773842696
H            4.40409108069223        0.08369812181983       -1.41291822215145
H            5.05583381670457       -0.27163611859881       -3.02295610086268
H            3.39639926169622        0.32518215617784       -2.84400435994716
H            4.42473066283598       -2.37400536221278       -1.82265738581878
H            3.38819106781261       -2.13323479773316       -3.26778135696373
H            1.34678544429624       -2.22743083919660        1.51961164672641
H            0.64824004333257       -2.96779671823600        0.06256967721661
H            1.81912189747613        2.79292371928499        0.84018886155401
H            0.16013186579214        3.35665011225088        1.21646669878350
H            1.65909715678926        3.55882335811958        3.20723882694556
H            0.38325604028445        2.37157235608006        3.51597537871202
H            2.02475105348205        1.83301756350428        3.12127136746766
H           -3.79217122351157       -1.00859216126469       -2.15489497985940
H           -5.20528607173623       -1.21886250490076       -1.07958938220884
H           -3.67732777579954       -2.08073756398629       -0.73034340020936
H           -2.42909768600677        0.94156497280396        2.57601094142392
H           -4.05277378671884        1.33525383987301        1.95037300855236
H           -2.94095750870738        2.65326085187528        2.43348192181332
38
 energy: -64.701660249021 gnorm: 0.000109705127 xtb: 6.7.1 (edcfbbe)
C            4.16684323334273       -0.30215463209047       -2.40263347922930
C            3.67184314073873       -1.73472482345033       -2.29299027424668
O            2.46764960480983       -1.79062341462867       -1.50547314313646
C            2.56267401714111       -2.08676252741691       -0.22094249851419
O            3.58917707805279       -2.38319531223469        0.34578871822488
C            1.19848562674945       -2.10714781655527        0.44597478404194
C            0.40870629094964       -0.83818014746437        0.14781161088152
H            0.27587309352459       -0.71339525360555       -0.93613834202609
C            1.14985704173368        0.39586029879967        0.63122251361089
O            2.35741399193883        0.46987892172689        0.60885439540465
O            0.33958439356008        1.36032778999932        1.01424103484376
C            0.92373829293116        2.61168390241220        1.44164057590246
C            1.26703860952375        2.58762563326506        2.92223040536300
S           -1.25487511442196       -0.97441955876793        0.88044452922749
P           -2.25630508667234        0.52049781777267       -0.25310668979507
S           -1.46778489794006        0.97716549213364       -1.98419544731636
O           -3.75343862879580       -0.04707722912737       -0.31235329625172
C           -4.12004742394223       -1.16698191983448       -1.12671597010350
O           -2.47092190936493        1.78030675637750        0.67313625742790
C           -3.01511093479018        1.65881453635167        2.00187907208751
H            4.40467801566744        0.08341410447421       -1.41332736848786
H            5.05596795194654       -0.27212214066823       -3.02351438586991
H            3.39671715471225        0.32520548684171       -2.84419799481096
H            4.42450667190520       -2.37419293214833       -1.82284806263591
H            3.38786961445163       -2.13337109042715       -3.26792830479215
H            1.34656734592014       -2.22747819405076        1.51938074783715
H            0.64816496999933       -2.96761957898862        0.06211323085302
H            1.81906583059651        2.79277957513498        0.84020375807741
H            0.16010458957634        3.35665199047987        1.21658066965026
H            1.65945259484693        3.55878519598352        3.20707977860013
H            0.38355484523250        2.37165444927146        3.51624071434209
H            2.02487688408528        1.83289308505493        3.12115425076814
H           -3.79255301629843       -1.00791990873034       -2.15498517389143
H           -5.20540439431010       -1.21867485704567       -1.07941089046965
H           -3.67733187845749       -2.08068756084875       -0.73091971419813
H           -2.42906873888560        0.94131407635075        2.57654992395959
H           -4.05271431197791        1.33498935541716        1.95093300199230
H           -2.94083514325717        2.65302297398492        2.43399214107567
