----------------------------------------------- 
  Element       SASA      Sigma Z        Total  
     Z         Ang**2 cal/Ang**2/mol   kcal/mol 
----------------------------------------------- 
      H        235.977      48.690      11.490
      C         56.254     129.740       7.298
      O         26.082       0.000       0.000
      P          1.163       0.000       0.000
      S         92.288      -9.100      -0.840

 Subtotal:     411.764                  17.948
 -----------------------------------------------

  Elements    COT*SASA   Sigma Z,Z'     Total   
    Z,Z'       Ang**2  cal/Ang**2/mol kcal/mol  
 ---------------------------------------------- 
  H   C        159.095     -60.770      -9.668
  H   O          0.000       0.000       0.000
  C   C         32.069     -72.950      -2.339
  O   C          0.000      68.690       0.000
  O   O          0.000       0.000       0.000
  O   P         18.040      68.850       1.242

 Subtotal:                             -10.766
 ---------------------------------------------- 

 NONAQUEOUS SOLVENT CONTRIBUTION (kcal/mol):
 (proportional to SASA, atomic number independent)
 ---------------------------------------------- 
 Subtotal:                               0.000
 ---------------------------------------------- 

 CDS TOTAL (kcal/mol):                   7.183
...............................................................................
