----------------------------------------------- 
  Element       SASA      Sigma Z        Total  
     Z         Ang**2 cal/Ang**2/mol   kcal/mol 
----------------------------------------------- 
      H        232.812      48.690      11.336
      C         53.958     129.740       7.001
      O         34.302       0.000       0.000
      P          2.902       0.000       0.000
      S        109.433      -9.100      -0.996

 Subtotal:     433.407                  17.340
 -----------------------------------------------

  Elements    COT*SASA   Sigma Z,Z'     Total   
    Z,Z'       Ang**2  cal/Ang**2/mol kcal/mol  
 ---------------------------------------------- 
  H   C        156.574     -60.770      -9.515
  H   O          0.000       0.000       0.000
  C   C         31.521     -72.950      -2.299
  O   C          0.000      68.690       0.000
  O   O          0.000       0.000       0.000
  O   P         23.504      68.850       1.618

 Subtotal:                             -10.196
 ---------------------------------------------- 

 NONAQUEOUS SOLVENT CONTRIBUTION (kcal/mol):
 (proportional to SASA, atomic number independent)
 ---------------------------------------------- 
 Subtotal:                               0.000
 ---------------------------------------------- 

 CDS TOTAL (kcal/mol):                   7.144
...............................................................................
