----------------------------------------------- 
  Element       SASA      Sigma Z        Total  
     Z         Ang**2 cal/Ang**2/mol   kcal/mol 
----------------------------------------------- 
      H        209.626      48.690      10.207
      C         55.376     129.740       7.184
      O         72.030       0.000       0.000
      P          1.384       0.000       0.000
      S         57.266      -9.100      -0.521

 Subtotal:     395.681                  16.870
 -----------------------------------------------

  Elements    COT*SASA   Sigma Z,Z'     Total   
    Z,Z'       Ang**2  cal/Ang**2/mol kcal/mol  
 ---------------------------------------------- 
  H   C        141.036     -60.770      -8.571
  H   O          0.000       0.000       0.000
  C   C         24.309     -72.950      -1.773
  O   C         28.800      68.690       1.978
  O   O          0.000       0.000       0.000
  O   P         12.251      68.850       0.843

 Subtotal:                              -7.522
 ---------------------------------------------- 

 NONAQUEOUS SOLVENT CONTRIBUTION (kcal/mol):
 (proportional to SASA, atomic number independent)
 ---------------------------------------------- 
 Subtotal:                               0.000
 ---------------------------------------------- 

 CDS TOTAL (kcal/mol):                   9.348
...............................................................................
