----------------------------------------------- 
  Element       SASA      Sigma Z        Total  
     Z         Ang**2 cal/Ang**2/mol   kcal/mol 
----------------------------------------------- 
      H        207.868      48.690      10.121
      C         63.524     129.740       8.242
      O         69.266       0.000       0.000
      P          0.829       0.000       0.000
      S         46.458      -9.100      -0.423

 Subtotal:     387.945                  17.940
 -----------------------------------------------

  Elements    COT*SASA   Sigma Z,Z'     Total   
    Z,Z'       Ang**2  cal/Ang**2/mol kcal/mol  
 ---------------------------------------------- 
  H   C        140.136     -60.770      -8.516
  H   O          0.000       0.000       0.000
  C   C         28.196     -72.950      -2.057
  O   C         27.565      68.690       1.893
  O   O          0.000       0.000       0.000
  O   P         13.402      68.850       0.923

 Subtotal:                              -7.757
 ---------------------------------------------- 

 NONAQUEOUS SOLVENT CONTRIBUTION (kcal/mol):
 (proportional to SASA, atomic number independent)
 ---------------------------------------------- 
 Subtotal:                               0.000
 ---------------------------------------------- 

 CDS TOTAL (kcal/mol):                  10.183
...............................................................................
