----------------------------------------------- 
  Element       SASA      Sigma Z        Total  
     Z         Ang**2 cal/Ang**2/mol   kcal/mol 
----------------------------------------------- 
      H        229.978      48.690      11.198
      C         55.700     129.740       7.227
      O         26.447       0.000       0.000
      P          2.240       0.000       0.000
      S         94.383      -9.100      -0.859

 Subtotal:     408.748                  17.565
 -----------------------------------------------

  Elements    COT*SASA   Sigma Z,Z'     Total   
    Z,Z'       Ang**2  cal/Ang**2/mol kcal/mol  
 ---------------------------------------------- 
  H   C        155.076     -60.770      -9.424
  H   O          0.000       0.000       0.000
  C   C         31.780     -72.950      -2.318
  O   C          0.000      68.690       0.000
  O   O          0.000       0.000       0.000
  O   P         18.301      68.850       1.260

 Subtotal:                             -10.482
 ---------------------------------------------- 

 NONAQUEOUS SOLVENT CONTRIBUTION (kcal/mol):
 (proportional to SASA, atomic number independent)
 ---------------------------------------------- 
 Subtotal:                               0.000
 ---------------------------------------------- 

 CDS TOTAL (kcal/mol):                   7.083
...............................................................................
