41
 energy: -65.047061176774 gnorm: 0.050999082672 xtb: 6.7.1 (edcfbbe)
C            2.74903764308604       -3.10801095213821        1.75346458103492
C            1.54628714846403       -2.96884753844797        0.85106575613324
O            1.29086343280313       -1.57201726173452        0.47117952414253
P            2.21753463008170       -0.78215973237247       -0.56917828723632
S            2.89292383932972       -1.73597137996600       -2.12813017497313
O            3.31294781417941       -0.15469436799786        0.43041678359407
C            4.60876353928764        0.36027421185027       -0.03132586000251
C            4.48473185724178        1.68599073287930       -0.74383043235741
S            0.93098463089908        0.77017975565276       -1.18972183994423
C            0.44564026859349        1.57303057472987        0.39473002696584
S           -0.87942611017893        0.78779733689060        1.40081921669599
P           -2.51740218557020        0.89698903521198        0.05341651868993
S           -2.71366503195087        2.57060342925015       -0.91795402102008
O           -3.71512736957207        0.41080032491465        1.01303536054929
C           -4.62493952117250        1.33663625526871        1.70846269342227
C           -3.99360358096549        1.94608565028721        2.93578363469497
O           -2.38705666689035       -0.34530754381106       -0.95401054552708
C           -2.26253652483928       -1.72682772685199       -0.46324099294256
C           -1.57016847373702       -2.52862356651611       -1.53481245765550
H            2.66813795858808       -2.44484929091667        2.62045043222105
H            2.78948114733608       -4.14124937740143        2.11298488082109
H            3.68244726419023       -2.89523040323413        1.22419145305635
H            0.62606094072829       -3.26170402093645        1.36182234499744
H            1.64988255673474       -3.55977150537777       -0.06509253264447
H            5.18622517065065        0.45509361269782        0.89056636688175
H            5.07335894415101       -0.40201755575509       -0.66466553957573
H            3.99576749512555        1.58038035250397       -1.71630929988242
H            3.92385313572424        2.40485295501543       -0.13931370550640
H            5.49028846470794        2.08576097242601       -0.91008480085328
H            0.12852181792026        2.58432928133619        0.12002322166899
H            1.31320728271023        1.64461724179069        1.05830602923127
H           -4.94952783656491        2.09769558140817        0.99212814916165
H           -5.47710662415517        0.70529671991906        1.96719899758656
H           -3.60521410549227        1.17150003466064        3.60398383912133
H           -3.18580707892251        2.63538777426986        2.67472702762716
H           -4.76261102934382        2.51065898772941        3.47422940779055
H           -1.68735724789505       -1.72698659633869        0.46902938527964
H           -3.27315179146949       -2.09504795075725       -0.26286740799507
H           -1.48983422805813       -3.56887313875360       -1.20218879134953
H           -2.13967943707068       -2.50737567764293       -2.46961099674826
H           -0.56278792838079       -2.14412238524304       -1.72209912717245
41
 energy: -65.051504358149 gnorm: 0.027546102150 xtb: 6.7.1 (edcfbbe)
C            2.74513099048469       -3.10031628868209        1.74703149292751
C            1.54448084760369       -2.95008480070708        0.84294102997995
O            1.29034320613069       -1.56453120256257        0.46053469774762
P            2.21425225952931       -0.77916066864852       -0.57753381831520
S            2.94262477523174       -1.80497963419122       -2.08273910685810
O            3.30093704270711       -0.14190795788040        0.41821945978124
C            4.59067784549882        0.35792693967504       -0.03134499427418
C            4.47723870758284        1.68407963765459       -0.74612220100479
S            0.88094938551703        0.76062802008622       -1.14361764708565
C            0.44557818889352        1.59096349147588        0.42218380143812
S           -0.84162307924798        0.73011648551717        1.38961704779753
P           -2.49870509726389        0.89407192320993        0.07243238924192
S           -2.72208684330631        2.56813656378742       -0.90522921447832
O           -3.71415657435962        0.41733686949708        1.00578192788948
C           -4.61305632103346        1.33495036894510        1.69666024922190
C           -3.98656677637244        1.94321858136806        2.92889907376613
O           -2.36523354563559       -0.34168073544804       -0.93109244015827
C           -2.25713905654850       -1.71917153530932       -0.45928169823481
C           -1.56893807507753       -2.53107154754180       -1.53158828502756
H            2.66383891445638       -2.43401767218249        2.60388619087438
H            2.78951235483884       -4.12891057892071        2.10351454369656
H            3.66746544330366       -2.87896605889296        1.21122284977563
H            0.62449279529543       -3.24046702027629        1.35386528888877
H            1.65994984944701       -3.53860874949146       -0.07234153529002
H            5.16223975125952        0.45013507970998        0.89415554845047
H            5.04566639582872       -0.40236237221765       -0.67294938330759
H            3.97840731489544        1.56860163796773       -1.70833048640293
H            3.92039360711291        2.39947037100539       -0.14344978425707
H            5.47788509125464        2.07762014223635       -0.91855828878553
H            0.09547115345868        2.58421383166574        0.13603912479842
H            1.32105322204938        1.64021833624922        1.06809747339382
H           -4.92401701820092        2.10410221763498        0.98426965905771
H           -5.46467254331227        0.70151684389498        1.95146658173790
H           -3.59691037045173        1.16801724048889        3.58606950909569
H           -3.17689118388272        2.62031165856377        2.66028834777289
H           -4.74854349365113        2.50806760838830        3.46477324072664
H           -1.68690643221029       -1.71773846569218        0.47414121357971
H           -3.27025646915496       -2.07780495140401       -0.26544733043020
H           -1.49215299024113       -3.56685986253162       -1.20490890314179
H           -2.13342883785375       -2.49414019771827       -2.46125215835210
H           -0.56736022427214       -2.14665070022368       -1.72272464825446
41
 energy: -65.053138980566 gnorm: 0.011300931326 xtb: 6.7.1 (edcfbbe)
C            2.74112927407535       -3.08643506767672        1.73945163929906
C            1.53557367207890       -2.93396728412506        0.83909543487864
O            1.28036707524823       -1.55686692163073        0.47306657350397
P            2.19530957101618       -0.76399337049317       -0.55764379793925
S            2.94314187212509       -1.81270152111831       -2.03682144360666
O            3.28194089337749       -0.11845206971970        0.42432058692604
C            4.56521716969401        0.35668915532753       -0.02490513410220
C            4.46308851129905        1.68228242060555       -0.74779526452283
S            0.85382975031824        0.76633861957234       -1.15469044967556
C            0.44240051053915        1.56139145462393        0.42867801382440
S           -0.81790402630894        0.70610745405125        1.41489311143850
P           -2.47062231499954        0.88469974712880        0.08671202537140
S           -2.69168483210499        2.57045764970639       -0.87325618585921
O           -3.70205367464512        0.42155942754718        0.99646290919070
C           -4.59187528432614        1.33120992112469        1.68020809159478
C           -3.96857178245122        1.93786974005284        2.91807247542454
O           -2.34057763175380       -0.34310677602614       -0.91356623135077
C           -2.25082773861479       -1.71487332023212       -0.45524319672062
C           -1.56718312854781       -2.53245147288672       -1.53071611369887
H            2.66005016925348       -2.42056953569759        2.59216675177182
H            2.79245009663843       -4.11271207479061        2.08881403550959
H            3.65280315845149       -2.85420209948551        1.19429673777535
H            0.61833898368117       -3.23090428032651        1.34943178502727
H            1.66187448629772       -3.51411457568697       -0.07998116993922
H            5.14105842128173        0.44683939293031        0.89749166613273
H            5.00863607702502       -0.40488924206269       -0.67346342892776
H            3.94945618286348        1.55561295647706       -1.69911872674066
H            3.91639203223226        2.40154797170357       -0.14599542010117
H            5.46126284701085        2.06450696866025       -0.93437155381909
H            0.07094925411464        2.54577608513628        0.14899869549930
H            1.32343229773523        1.61431220803665        1.06012588791828
H           -4.89362622424738        2.10928780965338        0.97366795105569
H           -5.44634109572866        0.70060847662301        1.93198848448654
H           -3.58040525981367        1.16037408600967        3.56782301910262
H           -3.15624032317344        2.60524725303642        2.64227878054577
H           -4.72541544123221        2.50450916643855        3.45028789840762
H           -1.68361477358418       -1.72275760209316        0.47962248328533
H           -3.26651323699812       -2.06595857504266       -0.26767345123842
H           -1.49710919838302       -3.56494648028533       -1.20761553575353
H           -2.13058057706806       -2.47974500986634       -2.45599554122228
H           -0.56761155207258       -2.14930783670017       -1.72152357477059
41
 energy: -65.053711689454 gnorm: 0.006098240949 xtb: 6.7.1 (edcfbbe)
C            2.73387389530137       -3.07055161306690        1.73328063118689
C            1.52117222479204       -2.92429797650592        0.83734175582295
O            1.26608646004876       -1.55247808095992        0.47380867294043
P            2.18665949421088       -0.77060424213530       -0.55338143627353
S            2.94867336053312       -1.82533683119479       -2.01761245813327
O            3.25731796329708       -0.09968792027904        0.42451447634251
C            4.54114745598235        0.35915005594642       -0.01990612338044
C            4.44796700811714        1.68321852005871       -0.75210993874959
S            0.84930525101545        0.76143364669929       -1.14331357941486
C            0.43663634286508        1.55065930105209        0.44155872446908
S           -0.81012090192263        0.68773632564155        1.43283672889864
P           -2.45382701189200        0.87593012348172        0.09298285068525
S           -2.64053392895155        2.57597569893187       -0.84792982751870
O           -3.69485712951757        0.42003604056972        0.98684700232839
C           -4.57700004365842        1.32791860904770        1.66831128850144
C           -3.94782295686080        1.93117269273431        2.90782507406209
O           -2.31954293687798       -0.34557355359934       -0.90513139655818
C           -2.24433909801826       -1.71552199915738       -0.45198901834356
C           -1.56425799697362       -2.53303092837121       -1.53168694898061
H            2.65404862525653       -2.40458079673775        2.58655874436219
H            2.79354801805424       -4.09665788504594        2.08004557695817
H            3.64020367317219       -2.83226240950263        1.18039083474166
H            0.60713460713028       -3.22908469659812        1.34816302151975
H            1.65260733854844       -3.50460074580845       -0.08133587825072
H            5.12135927906914        0.44985752695538        0.89959331836570
H            4.98213031973735       -0.40582582750555       -0.66703985527968
H            3.92300447826067        1.55039251766642       -1.69711540750039
H            3.91204393890506        2.41140634711832       -0.15024014229874
H            5.44764122687085        2.05396769662206       -0.95205874460976
H            0.05771292096116        2.53517538605171        0.17238016732957
H            1.32474803221425        1.60953635780912        1.06260134043441
H           -4.87551892528184        2.11293367075905        0.96712278466389
H           -5.43747977578039        0.70562092416460        1.92022747069966
H           -3.56288170759393        1.14995359417438        3.55574739181257
H           -3.13144627069960        2.59291106291702        2.62759748146390
H           -4.69992560325661        2.50305142603539        3.44009563779244
H           -1.68006223481960       -1.74030364072800        0.48559241477056
H           -3.26272705050775       -2.06274295881564       -0.27010234904695
H           -1.50230594343783       -3.56666248595823       -1.21203335157870
H           -2.12879283908571       -2.46984671080905       -2.45625903350098
H           -0.56163534890398       -2.15411337315825       -1.71859908275237
41
 energy: -65.053912024636 gnorm: 0.004847584198 xtb: 6.7.1 (edcfbbe)
C            2.72822170949060       -3.06002002118832        1.72909041243457
C            1.50979953023130       -2.91973264929936        0.83826541381436
O            1.25040661169129       -1.54792089988290        0.47930432884767
P            2.17228110216372       -0.76736803183847       -0.54507888688348
S            2.94094860579128       -1.82152543658572       -2.00452824916533
O            3.23647156772806       -0.08498189386407        0.43047937003412
C            4.52357263862219        0.36239336402814       -0.01502916145997
C            4.43659662037228        1.68414606715326       -0.75491521814104
S            0.83601709511073        0.76261728308957       -1.14674968890054
C            0.44050361727843        1.54194130509690        0.45100440126398
S           -0.80191075135235        0.67024188424568        1.44077054774417
P           -2.44174129652419        0.87016681793251        0.09706442355642
S           -2.60701464104483        2.57605285105995       -0.83759092506662
O           -3.69109648180221        0.41691808719730        0.97759205632804
C           -4.56708551803447        1.32717884534035        1.66165856152350
C           -3.92962998616590        1.92541441982045        2.90060750836333
O           -2.30256778548201       -0.34632090290482       -0.90199126208432
C           -2.23947303704647       -1.71829626467324       -0.45230325567356
C           -1.56188262690318       -2.53508785577341       -1.53434741514898
H            2.64889685908352       -2.39463888910570        2.58442870220136
H            2.79730620072621       -4.08681782902049        2.07507539019203
H            3.63065297578419       -2.81536915518940        1.17050490851334
H            0.60015530612607       -3.23293588881357        1.35209051910707
H            1.63997575864621       -3.50097801024368       -0.08045197819653
H            5.10903200624442        0.45400241602068        0.90128158713668
H            4.96217866461932       -0.40714767088016       -0.65941779356371
H            3.90166312012554        1.55078883529384       -1.69504441774837
H            3.91236707200471        2.42233913327463       -0.15271356401679
H            5.43857889035861        2.04441805724161       -0.96734387512113
H            0.05781924691081        2.52918547882543        0.19269438131179
H            1.33581639809991        1.60451960246045        1.06422340128285
H           -4.86466932349791        2.11666642815785        0.96425208705557
H           -5.43298853146051        0.71279237675162        1.91512954132946
H           -3.54797521767669        1.14046131922297        3.54789469219013
H           -3.10893170674461        2.58252172967317        2.61829173100474
H           -4.67628250679666        2.50331045662453        3.43612941329566
H           -1.67792393667297       -1.75512435600663        0.48740247283136
H           -3.26068149340907       -2.06099727925069       -0.27362643398728
H           -1.50662969193129       -3.57169993045411       -1.21905237344554
H           -2.12529746220924       -2.46553769640099       -2.46042898108087
H           -0.55553539215162       -2.16130324863574       -1.71704355369706
41
 energy: -65.053984364432 gnorm: 0.003431637378 xtb: 6.7.1 (edcfbbe)
C            2.72492312365073       -3.05515356348777        1.72705598947160
C            1.50368459409167       -2.91924129217155        0.84004067552259
O            1.24062767078490       -1.54674926045684        0.48023107794361
P            2.16411119357033       -0.76653407769402       -0.54320269424828
S            2.93704516637904       -1.82198665682334       -2.00005624199002
O            3.22467729842613       -0.07912399162138        0.43303511178711
C            4.51411709553376        0.36535156810692       -0.01346328506475
C            4.43014377231860        1.68502123993332       -0.75672883968489
S            0.83109477287192        0.76649796804553       -1.14254272539463
C            0.43883937779784        1.54216114357865        0.45904487240043
S           -0.80233716190628        0.66984240655170        1.45050722918328
P           -2.43455110769075        0.86705194727185        0.09696823780047
S           -2.59523674989382        2.57338384652430       -0.83748583179957
O           -3.68830336685807        0.41480495865456        0.97086674959519
C           -4.55993461760295        1.32823215305723        1.65973203658521
C           -3.91666997453665        1.92218372446531        2.89723225193696
O           -2.29347457104407       -0.34769957922335       -0.90344720497751
C           -2.23675950454751       -1.72189096689446       -0.45520301880816
C           -1.56078256509196       -2.53858450967551       -1.53754020137733
H            2.64545671808625       -2.39001077548270        2.58313666366525
H            2.79980422354540       -4.08185959176829        2.07369280411514
H            3.62518564493555       -2.80699045260415        1.16614724636860
H            0.59641123601330       -3.23451182667303        1.35703854143033
H            1.63056973164079       -3.50131231926171       -0.07871721106740
H            5.10008376867178        0.45782484035497        0.90253301255379
H            4.95120576159810       -0.40752025218416       -0.65514366951915
H            3.88938326802349        1.55332297894415       -1.69378189250300
H            3.91401121346931        2.42903405528843       -0.15420948093157
H            5.43330035837477        2.03873474716432       -0.97608296403840
H            0.06075316851778        2.53289877293102        0.20683126915362
H            1.33727306156752        1.59959578477783        1.06887246629083
H           -4.85757239492060        2.11894735188320        0.96363738916496
H           -5.42771356424968        0.71712069170626        1.91487482883904
H           -3.53721301915044        1.13493175181478        3.54369934295798
H           -3.09342143898120        2.57609599456132        2.61408549528723
H           -4.65909810948629        2.50365446572919        3.43602834041720
H           -1.67637239522047       -1.76159213313700        0.48489115818126
H           -3.25987390332260       -2.05989697269135       -0.27717923755116
H           -1.50907359886226       -3.57688131170033       -1.22489261394373
H           -2.12193849064952       -2.46649467224471       -2.46510143833520
H           -0.55243147555065       -2.16838533704982       -1.71782542143589
41
 energy: -65.054031921332 gnorm: 0.001841799529 xtb: 6.7.1 (edcfbbe)
C            2.72197268953545       -3.05132690530441        1.72541873175908
C            1.49809070641111       -2.91920456853792        0.84304169648535
O            1.23147151589763       -1.54590078561214        0.48194884758332
P            2.15633160262079       -0.76406241193206       -0.54016077366926
S            2.92804838897806       -1.81751486443240       -1.99830471298368
O            3.21627965715706       -0.07620729989196        0.43682270388177
C            4.50660327312816        0.36827485649517       -0.01212535995335
C            4.42366351362826        1.68565675344216       -0.75759888619523
S            0.82587423533737        0.77136103537290       -1.13746734757872
C            0.44143792751361        1.54437872335075        0.46753028461999
S           -0.80467932945407        0.67249768309818        1.45215724882485
P           -2.43262031610226        0.86480232869391        0.09449789779913
S           -2.58979789566224        2.57093204865089       -0.84149805653313
O           -3.68941437843672        0.41256712410724        0.96321496437044
C           -4.55422563185348        1.32974057780986        1.65971547690159
C           -3.90256028016619        1.91855138953313        2.89424312166601
O           -2.28657237468227       -0.35000406034182       -0.90575394268867
C           -2.23349319135055       -1.72617039446289       -0.45852511379391
C           -1.55963802141659       -2.54307454823859       -1.54100715219634
H            2.64263790461494       -2.38674257518444        2.58194420774166
H            2.80167988767537       -4.07765362664638        2.07217817281527
H            3.61979973422012       -2.80005299387922        1.16239494762248
H            0.59275283709489       -3.23388680413586        1.36384886258546
H            1.62077310052008       -3.50119174712539       -0.07627760618805
H            5.09186609651655        0.46185761663098        0.90413828469334
H            4.94158503556459       -0.40727979607184       -0.65180614173975
H            3.87637813121599        1.55560919275404       -1.69093068764577
H            3.91605527251859        2.43441361133004       -0.15415515575412
H            5.42726521037555        2.03311005031151       -0.98425369080877
H            0.06856716755732        2.53816980072718        0.21994266599582
H            1.34068915872617        1.59272599979469        1.07651221138470
H           -4.85139900021663        2.12130306742152        0.96463056069299
H           -5.42248449686990        0.72059804693688        1.91743604236056
H           -3.52475963777825        1.12896697099850        3.53879128635331
H           -3.07710072635707        2.56871844436664        2.60934824183209
H           -4.63962184513431        2.50333860193465        3.43713139473908
H           -1.67376323293499       -1.76625182880297        0.48142368655885
H           -3.25809356794458       -2.05948420905996       -0.28107374568488
H           -1.51128689401317       -3.58236051288685       -1.23055711886135
H           -2.11855283356665       -2.46854523378872       -2.46960303092248
H           -0.54981518256456       -2.17638590892562       -1.71963419808860
41
 energy: -65.054046536425 gnorm: 0.001750950479 xtb: 6.7.1 (edcfbbe)
C            2.71961672059533       -3.04847088539945        1.72458257951966
C            1.49383449755693       -2.91752177468320        0.84598241576727
O            1.22532447454032       -1.54431042284076        0.48221801693714
P            2.15125031357840       -0.76039460468497       -0.53872525358962
S            2.92083636038615       -1.81438379190523       -1.99861587685338
O            3.21340515544451       -0.07745839908431        0.43950041121336
C            4.50296239697439        0.36958461278128       -0.01138399184501
C            4.41804410053623        1.68572697273486       -0.75714635638120
S            0.82193310682905        0.77791514593212       -1.13222576779607
C            0.43885602467665        1.54507658774446        0.47466246660176
S           -0.80865529339328        0.67117245150080        1.45598525414270
P           -2.43085576682286        0.86554131404608        0.09030823638659
S           -2.59264461057917        2.56885237807737       -0.85056309661399
O           -3.68917197583136        0.41270992684747        0.95590674484300
C           -4.54844198896799        1.33121540608556        1.65999705878331
C           -3.88918994858085        1.91542376704056        2.89171711827347
O           -2.28103118773968       -0.35138574153730       -0.90799271158233
C           -2.23022345318609       -1.72860825796142       -0.46105212451923
C           -1.55894033190439       -2.54673621208681       -1.54377656013255
H            2.64157519504405       -2.38443841687144        2.58124228294481
H            2.80119925393074       -4.07449481184796        2.07054237974246
H            3.61532866521436       -2.79600465271133        1.15947551478941
H            0.58952232943820       -3.22895375893871        1.37027544035300
H            1.61303274986507       -3.50006938889343       -0.07319478175644
H            5.08702211817942        0.46437466432029        0.90534152912100
H            4.93720770940313       -0.40603549742601       -0.65085017185466
H            3.86458340899075        1.55600576098036       -1.68670242735130
H            3.91691665965186        2.43658262197365       -0.15186994151667
H            5.42098326971578        2.02930738947146       -0.99057069768402
H            0.07082359902080        2.54142031352702        0.23085114527864
H            1.33753853892204        1.58473465042616        1.08429984004318
H           -4.84614769785558        2.12395992362379        0.96695173619113
H           -5.41557417926484        0.72202562980040        1.92065833595390
H           -3.51152377169611        1.12380534638641        3.53328037455858
H           -3.06294296605686        2.56282096144274        2.60423769988598
H           -4.62175637205812        2.50172013409901        3.43821483162634
H           -1.66989924749857       -1.76856444329659        0.47823430858743
H           -3.25540901231010       -2.05903276714854       -0.28386832497411
H           -1.51419184444357       -3.58597191342345       -1.23394043470373
H           -2.11715769955283       -2.46946645454888       -2.47224328698788
H           -0.54809509044882       -2.18340091505272       -1.72216509742076
41
 energy: -65.054053575170 gnorm: 0.000957592103 xtb: 6.7.1 (edcfbbe)
C            2.71929403362782       -3.04807162435332        1.72481287159984
C            1.49329321534316       -2.91586123502394        0.84622114332478
O            1.22610759834134       -1.54334860454828        0.48121448380253
P            2.15262623606064       -0.76017761626484       -0.53966727467862
S            2.92077340121929       -1.81389877449957       -2.00052826057471
O            3.21598341149087       -0.08004231401912        0.43908227228342
C            4.50452498217730        0.36864391625370       -0.01137444252603
C            4.41762311627959        1.68544934645551       -0.75641678056095
S            0.82431532040196        0.77943363039752       -1.13139858996572
C            0.44093613716028        1.54594700034576        0.47513989974596
S           -0.80974901906107        0.67470340784242        1.45400623474759
P           -2.43322091349013        0.86423039926432        0.09009497718929
S           -2.59114942891387        2.56848475533917       -0.84964690894721
O           -3.69253271847546        0.41235596390339        0.95494441753928
C           -4.54986138084181        1.33086566708225        1.66007674777706
C           -3.88843512078236        1.91466692411392        2.89120403394122
O           -2.28304760782231       -0.35282737396117       -0.90799969807607
C           -2.23077372533558       -1.72913266346779       -0.46092945438231
C           -1.55942132984813       -2.54714144472298       -1.54414222437918
H            2.64252893483208       -2.38399206280938        2.58146264676178
H            2.79953592391242       -4.07427472461539        2.07029398085130
H            3.61498703792051       -2.79669326959069        1.15919428743729
H            0.58874960326244       -3.22581955222904        1.37087016226715
H            1.61241882870155       -3.49953911129708       -0.07218247504484
H            5.08871369933217        0.46370518945483        0.90522502144019
H            4.94000850010749       -0.40548905479853       -0.65170985365957
H            3.86313330926694        1.55488752553332       -1.68522679573108
H            3.91620065581785        2.43525348845580       -0.15019024899582
H            5.41977927874626        2.03018879574179       -0.99106521824565
H            0.07204420982041        2.54177681202525        0.23111379383660
H            1.33837244356195        1.58604579770416        1.08638667243995
H           -4.84792276534841        2.12452452545927        0.96824693420844
H           -5.41694240233526        0.72211209126015        1.92186225521888
H           -3.50969482249872        1.12275364911340        3.53165970189424
H           -3.06248491264669        2.56179861134817        2.60217978194773
H           -4.61989469963860        2.50102562823333        3.43883863142304
H           -1.66956597858410       -1.76853746330651        0.47796877968350
H           -3.25533871688996       -2.06074587060465       -0.28304708740002
H           -1.51493104141461       -3.58606897831478       -1.23395852413204
H           -2.11831461602388       -2.46924327146865       -2.47208904577617
H           -0.54872446713029       -2.18367526693238       -1.72294803030391
41
 energy: -65.054056413280 gnorm: 0.000448490101 xtb: 6.7.1 (edcfbbe)
C            2.71929040910027       -3.04791976639610        1.72519121844998
C            1.49316902245926       -2.91457536333693        0.84628251659551
O            1.22762818811464       -1.54247858866401        0.48068616300808
P            2.15452317707683       -0.76026359461094       -0.54030072760191
S            2.92020898890097       -1.81235754875310       -2.00287276777705
O            3.21904398969424       -0.08239611108239        0.43874707682538
C            4.50671487702505        0.36770621970240       -0.01144235698099
C            4.41793017926721        1.68521942227128       -0.75589097981917
S            0.82631826524642        0.77954013110771       -1.13171851690878
C            0.44017208718873        1.54525885874604        0.47444706927337
S           -0.80982574922002        0.67145405046619        1.45321959604948
P           -2.43352462672694        0.86475996127097        0.08986471697496
S           -2.59113833785398        2.56874454319788       -0.85017731296878
O           -3.69317431571899        0.41307116940474        0.95456545267392
C           -4.55065446386638        1.33039529406242        1.65984759264714
C           -3.88890850648929        1.91463837603791        2.89098289650807
O           -2.28412838209486       -0.35263123820908       -0.90783526643202
C           -2.23122438954112       -1.72831967422871       -0.46031713364881
C           -1.56016561263870       -2.54671804367973       -1.54388509503908
H            2.64360799029311       -2.38363137547308        2.58187511099584
H            2.79804780283881       -4.07436242608617        2.07067537603027
H            3.61541378554165       -2.79789054832133        1.15942712477419
H            0.58842299567460       -3.22377190397717        1.37110317029804
H            1.61211432647093       -3.49952869418534       -0.07139676386535
H            5.09150617487438        0.46298390912771        0.90480416286657
H            4.94359121135926       -0.40523903711277       -0.65245267687409
H            3.86313992303911        1.55406916373669       -1.68446798139211
H            3.91544635549962        2.43386778120832       -0.14884401242247
H            5.41945291215976        2.03175552746965       -0.99096361004316
H            0.07017188281477        2.54085004917775        0.23051241181215
H            1.33703225243017        1.58732940697036        1.08677385999202
H           -4.85003351787299        2.12437183676446        0.96891318925266
H           -5.41758291998154        0.72161554134041        1.92225157962099
H           -3.50889669783739        1.12276328764295        3.53087294509661
H           -3.06374708310436        2.56253761852414        2.60116512370664
H           -4.62035749067063        2.50033346382957        3.43940964591369
H           -1.66938448045711       -1.76804856262756        0.47838195289786
H           -3.25539088644437       -2.06117595145188       -0.28161554749136
H           -1.51579300792074       -3.58570378169962       -1.23363574661975
H           -2.11961312486862       -2.46869413266555       -2.47158240122663
H           -0.54945899345865       -2.18328642099877       -1.72302223717077
41
 energy: -65.054057178221 gnorm: 0.000254797417 xtb: 6.7.1 (edcfbbe)
C            2.71890889200400       -3.04743547146568        1.72508391412003
C            1.49246195541978       -2.91387276877377        0.84671943325443
O            1.22718518262136       -1.54185681332146        0.48041719857055
P            2.15424840432011       -0.75983485577784       -0.54060633327419
S            2.92009114520412       -1.81291338944964       -2.00322033112012
O            3.21933160290441       -0.08316898275367        0.43885295348579
C            4.50674580460269        0.36778117598116       -0.01153766081900
C            4.41708327658846        1.68526352423718       -0.75583774960735
S            0.82655407988477        0.78097680424417       -1.13106255170712
C            0.43994997321842        1.54534804109478        0.47573000428588
S           -0.81059249855536        0.67142171174314        1.45399800209950
P           -2.43318683395531        0.86456488618876        0.08925203504475
S           -2.59005089684673        2.56866006666586       -0.85081480091048
O           -3.69348656267282        0.41310292474075        0.95317772618754
C           -4.55011250485231        1.33026014440821        1.65983963085644
C           -3.88703274935594        1.91413672232948        2.89040654831926
O           -2.28398607813670       -0.35294910336345       -0.90842135657942
C           -2.23116377674148       -1.72860752052494       -0.46071873368256
C           -1.56060008616605       -2.54719824730289       -1.54436618445188
H            2.64374453057020       -2.38291387700781        2.58165515194084
H            2.79747333665090       -4.07383352960851        2.07091432195476
H            3.61494506492118       -2.79786022722940        1.15897131407606
H            0.58790833235462       -3.22243431805258        1.37234071237784
H            1.61034571255725       -3.49955100049244       -0.07068365223599
H            5.09162525551151        0.46339138646703        0.90464545619140
H            4.94410842384695       -0.40495327938488       -0.65255251778049
H            3.86138286482936        1.55420124648816       -1.68385520871483
H            3.91513566193880        2.43383825190595       -0.14819547042624
H            5.41834779072922        2.03195708571630       -0.99183553507397
H            0.07026450701958        2.54120988167064        0.23236027878525
H            1.33669295650492        1.58692881028702        1.08844092551103
H           -4.85043442350962        2.12431984387070        0.96938557639204
H           -5.41680543186347        0.72145813448909        1.92306056899692
H           -3.50635259070979        1.12206840271600        3.52970633879793
H           -3.06223041563689        2.56222803427872        2.59998016362837
H           -4.61790331073929        2.49962013015263        3.43991882322793
H           -1.66896729529225       -1.76830331139209        0.47774210845861
H           -3.25535759107100       -2.06127282697085       -0.28140906301498
H           -1.51665841965602       -3.58633757748966       -1.23437016869002
H           -2.11996905043873       -2.46891006655747       -2.47210276775287
H           -0.54970002769975       -2.18425719425738       -1.72343028274049
41
 energy: -65.054057398708 gnorm: 0.000116588112 xtb: 6.7.1 (edcfbbe)
C            2.71869936512481       -3.04727433779291        1.72507774415334
C            1.49207048814764       -2.91368348580594        0.84712193843501
O            1.22700341238926       -1.54166154342320        0.48059553398351
P            2.15415416441808       -0.75974172776902       -0.54037651790776
S            2.91910072548752       -1.81229315659395       -2.00348697744490
O            3.21960605421709       -0.08353588867855        0.43911580473507
C            4.50672189604740        0.36799174045509       -0.01164332975867
C            4.41655406548854        1.68537309828771       -0.75587980947659
S            0.82684599754569        0.78136969594979       -1.13048002193007
C            0.44013253841001        1.54535686175486        0.47648293802353
S           -0.81064618264165        0.67102179901861        1.45396856429665
P           -2.43289909030151        0.86449194998294        0.08895433395909
S           -2.58941969678604        2.56860843106927       -0.85113603255630
O           -3.69358053554080        0.41314642263423        0.95236856795129
C           -4.54976250347588        1.33012299533755        1.65986857635885
C           -3.88599322167164        1.91393055028813        2.88999899959104
O           -2.28379971882681       -0.35302582733652       -0.90874834714193
C           -2.23114359748788       -1.72873843325323       -0.46099982908433
C           -1.56092683004910       -2.54747052270908       -1.54463688032037
H            2.64384612464249       -2.38244130241541        2.58141448070487
H            2.79714745182838       -4.07353624755504        2.07127632476999
H            3.61462829463667       -2.79805460461279        1.15868972649030
H            0.58759076375301       -3.22178385023136        1.37316763118421
H            1.60934156555927       -3.49952724666141       -0.07026530076949
H            5.09164873534468        0.46379724490162        0.90449210931814
H            4.94414300329827       -0.40471156130054       -0.65266419251760
H            3.86049396934862        1.55432307040379       -1.68365135690588
H            3.91480473021386        2.43388428801605       -0.14804190938912
H            5.41766099206611        2.03219928581422       -0.99224902187453
H            0.07057689588709        2.54129208010591        0.23333730201583
H            1.33673158135852        1.58638545647846        1.08937522448251
H           -4.85070887159908        2.12414244555329        0.96961340060949
H           -5.41611122993060        0.72103744858056        1.92360220373164
H           -3.50467465533059        1.12186176840546        3.52889227067378
H           -3.06159117090522        2.56233068914816        2.59920421412875
H           -4.61667434491412        2.49905149260664        3.44013283860366
H           -1.66880434711678       -1.76834478382508        0.47734662223403
H           -3.25541059404503       -2.06107530675487       -0.28142256227845
H           -1.51725606250834       -3.58664701504998       -1.23473987231987
H           -2.12023037841079       -2.46903497034527       -2.47238201070160
H           -0.54992557336808       -2.18486415417887       -1.72371456007597
41
 energy: -65.054057477710 gnorm: 0.000062421550 xtb: 6.7.1 (edcfbbe)
C            2.71867934432757       -3.04727053239091        1.72510811852571
C            1.49200094284341       -2.91360095351584        0.84724243634781
O            1.22709219203402       -1.54156414478087        0.48069745062408
P            2.15421800113284       -0.75975179965208       -0.54028254950771
S            2.91925274982134       -1.81257685315653       -2.00323901539228
O            3.21973334440647       -0.08349454407820        0.43915277274335
C            4.50674957035433        0.36811536359657       -0.01173626003709
C            4.41641105737262        1.68548928974819       -0.75595942358214
S            0.82696617591100        0.78141727637599       -1.13039208923243
C            0.44019679045887        1.54513291602031        0.47673245277796
S           -0.81051164406035        0.67051398149015        1.45388817572707
P           -2.43275388572081        0.86453795736651        0.08893280767280
S           -2.58889447525464        2.56883123823653       -0.85092684695807
O           -3.69348965913338        0.41319625662854        0.95221203075552
C           -4.54972562907292        1.32991130424597        1.65988453730441
C           -3.88586772043805        1.91397465817180        2.88982705158681
O           -2.28370190207552       -0.35291048837934       -0.90880554225941
C           -2.23122429541635       -1.72865159593103       -0.46105419384049
C           -1.56115792327263       -2.54746904822984       -1.54469605162169
H            2.64405988504561       -2.38218927540355        2.58127223332490
H            2.79695472080437       -4.07344602171890        2.07155637339938
H            3.61459679862574       -2.79838770664199        1.15855207378310
H            0.58750609367570       -3.22156854676228        1.37332380431246
H            1.60918085078095       -3.49945245392800       -0.07014334930998
H            5.09177326101434        0.46396005745277        0.90433140925925
H            4.94415445823113       -0.40453566010652       -0.65281589024189
H            3.86049244440285        1.55433938370738       -1.68380382536387
H            3.91445734684898        2.43391528138276       -0.14818330737258
H            5.41748614373792        2.03249276185451       -0.99221733637485
H            0.07059513623540        2.54105765455236        0.23369813273980
H            1.33679478603295        1.58609239251901        1.08957324041361
H           -4.85106506717208        2.12383275167935        0.96968095866404
H           -5.41580558532336        0.72053621447341        1.92383687860703
H           -3.50399387918850        1.12205166792532        3.52856479227094
H           -3.06184090593446        2.56276285942668        2.59881445928268
H           -4.61666910884648        2.49873601705358        3.44016352947724
H           -1.66891499662793       -1.76835792467056        0.47732556250486
H           -3.25553671666776       -2.06083443981845       -0.28152764692490
H           -1.51762103039844       -3.58662806991007       -1.23476040665253
H           -2.12051247831536       -2.46895096678652       -2.47241012976832
H           -0.55012098087629       -2.18498340954686       -1.72383859968346
