----------------------------------------------- 
  Element       SASA      Sigma Z        Total  
     Z         Ang**2 cal/Ang**2/mol   kcal/mol 
----------------------------------------------- 
      H        207.459      48.690      10.101
      C         57.336     129.740       7.439
      O         71.378       0.000       0.000
      P          1.380       0.000       0.000
      S         52.452      -9.100      -0.477

 Subtotal:     390.004                  17.063
 -----------------------------------------------

  Elements    COT*SASA   Sigma Z,Z'     Total   
    Z,Z'       Ang**2  cal/Ang**2/mol kcal/mol  
 ---------------------------------------------- 
  H   C        139.566     -60.770      -8.481
  H   O          0.000       0.000       0.000
  C   C         24.523     -72.950      -1.789
  O   C         27.226      68.690       1.870
  O   O          0.000       0.000       0.000
  O   P         14.105      68.850       0.971

 Subtotal:                              -7.429
 ---------------------------------------------- 

 NONAQUEOUS SOLVENT CONTRIBUTION (kcal/mol):
 (proportional to SASA, atomic number independent)
 ---------------------------------------------- 
 Subtotal:                               0.000
 ---------------------------------------------- 

 CDS TOTAL (kcal/mol):                   9.633
...............................................................................
