41
 energy: -65.044031148617 gnorm: 0.052387033197 xtb: 6.7.1 (edcfbbe)
C            4.41965630247014       -0.33769405298616       -2.20842750218577
C            4.56511769024063       -0.62088199272128       -0.73231064884815
O            3.26964913493552       -0.74494004005634       -0.04953779640220
P            2.32651241347822        0.52136649073043        0.26495101475863
S            3.21640863961050        2.22197574145571        0.60474071899209
O            1.37841593505141       -0.07769928487856        1.40830966118245
C            1.74045640382342       -0.02574954725838        2.83467637150493
C            2.81621820496018       -1.02213199418101        3.19187491505929
S            0.97128511251845        0.73962629317014       -1.33901006452554
C            0.38069827339055       -0.97171430552902       -1.66052201141653
S           -0.79265646348135       -1.74659462992196       -0.47418071414400
P           -2.30600233388720       -0.27028905172876       -0.39815227915025
S           -2.83925641967887        0.49706266897565       -2.10717187039937
O           -1.75523761828959        0.73771571293725        0.72205981318768
C           -1.99567673628881        2.18288785221843        0.68346695514950
C           -3.36978507212220        2.52266462600622        1.20845378535385
O           -3.43625444441954       -1.02853836510157        0.46464792276514
C           -4.34865560645085       -2.01980999503562       -0.11731530649521
C           -5.53349689102370       -2.12781271699860        0.80943731336000
H            5.40762387317685       -0.41842344422472       -2.67486237355635
H            3.75494223143356       -1.06534540919096       -2.68425846615988
H            4.03841341669496        0.67070755240146       -2.39453295862434
H            5.14613243132751        0.15440243760155       -0.22305230473224
H            5.03698254221972       -1.58990884329256       -0.55737019520111
H            2.03505503808998        1.00090305486026        3.07558325122329
H            0.79817428197674       -0.25416840472139        3.33818076985023
H            2.91837395535495       -1.03428008291095        4.28235854625311
H            2.54559924222655       -2.02949190380893        2.86008906622616
H            3.78437312950364       -0.74864525502221        2.76194587558542
H            1.23159721751924       -1.65804417375527       -1.71788115557468
H           -0.09225038440081       -0.91595541079906       -2.64602352708351
H           -1.20524562029614        2.59416073744943        1.31533740031340
H           -1.85008214124603        2.53419978045007       -0.34258060893742
H           -3.47189551455014        3.61218436557023        1.24272742313499
H           -4.15419744457644        2.12563839471631        0.55660961748144
H           -3.51245866734790        2.13059206440495        2.21989195846491
H           -4.64529964938320       -1.68452721171433       -1.11619444232870
H           -3.80985188184919       -2.96948868488075       -0.19779742404128
H           -5.21868901612564       -2.43296018651978        1.81188680281936
H           -6.06423619573413       -1.17325045466053        0.87573176360476
H           -6.22319291880370       -2.88314722260202        0.41954425415748
41
 energy: -65.048451887363 gnorm: 0.028474182725 xtb: 6.7.1 (edcfbbe)
C            4.41273063236513       -0.33462530151380       -2.20758493117576
C            4.54854620224374       -0.61837057214827       -0.73014977618393
O            3.25965797899677       -0.73629919877089       -0.06460316090227
P            2.32639173801393        0.52844230812560        0.26045180484674
S            3.26737060590875        2.19548354116815        0.68461484089251
O            1.38090862324237       -0.07213954675298        1.39760135164003
C            1.73598707335278       -0.02497007884502        2.81370172084624
C            2.81205441565876       -1.01824716767895        3.18305455216701
S            0.92017200762708        0.70099966487197       -1.30088057319327
C            0.37565162588122       -0.99986285032706       -1.66958981602011
S           -0.75001048849264       -1.71631249063351       -0.42017929753025
P           -2.28832389347148       -0.27476899548282       -0.38960475333835
S           -2.84617383831922        0.50497885525462       -2.10025497378024
O           -1.74647920722254        0.73794635859669        0.72118345113377
C           -1.99351820436918        2.17019376913432        0.67989564524744
C           -3.36675407398676        2.51747091126829        1.20443456840753
O           -3.42923349933325       -1.01753450551656        0.45952060460036
C           -4.33530057495950       -2.00291239194604       -0.11545870035287
C           -5.52979686167541       -2.12419347826301        0.80427318259877
H            5.39627611152534       -0.40647564762888       -2.67004912822926
H            3.75230126783194       -1.05945115189533       -2.68044057908145
H            4.02022626972159        0.66761723360560       -2.37932995853091
H            5.12044205962002        0.16580472436903       -0.22563524378605
H            5.01390621119441       -1.58937135983479       -0.55038820602543
H            2.04025592741055        0.99912111630980        3.05110623888114
H            0.79221775191920       -0.25373846119391        3.31270147884526
H            2.91829338139116       -1.03038689901340        4.26755242324747
H            2.54224552192935       -2.01697491983431        2.84463543533679
H            3.76935344578508       -0.74030485300875        2.74366587679050
H            1.23680538203800       -1.66561181410432       -1.70881709971508
H           -0.12420653169307       -0.93209665863666       -2.63715756470827
H           -1.20307058847689        2.58467091592800        1.30893874316675
H           -1.85858074880039        2.51635469888094       -0.34943350787462
H           -3.47117005294771        3.60126721966204        1.23585312538708
H           -4.13882643814421        2.11012471544960        0.55170011795927
H           -3.50488061564560        2.11879719406782        2.20776896454052
H           -4.62510276201809       -1.66643672474015       -1.11519590996102
H           -3.79383527291463       -2.94939732914811       -0.19438847170338
H           -5.21127890378615       -2.42273396861330        1.80093908431468
H           -6.05617554201319       -1.17457790598137        0.87416252951466
H           -6.21181168533999       -2.87688384673315        0.41270946234965
41
 energy: -65.050168714422 gnorm: 0.011873553363 xtb: 6.7.1 (edcfbbe)
C            4.39892130453620       -0.33176765929832       -2.20638753477820
C            4.52428329356343       -0.62185108192576       -0.72673996639750
O            3.24039068281488       -0.74835540447140       -0.08403429474419
P            2.30610378820396        0.50540468560317        0.25278053320240
S            3.26631310333455        2.15293782137140        0.70984887606432
O            1.37222911067659       -0.08801747102154        1.39478598097384
C            1.72494258907690       -0.02677452445092        2.79656444367082
C            2.80711258251437       -1.01571264467005        3.16900414389382
S            0.89432571220969        0.71878717939745       -1.30603815640924
C            0.37652283381842       -0.99269269978161       -1.63216053494294
S           -0.72167059402340       -1.71796309562181       -0.37635412590031
P           -2.26027890199388       -0.27805946782889       -0.37195609592609
S           -2.82083459801378        0.48787278942424       -2.09259905114639
O           -1.73240729472740        0.74364495670038        0.72666645857434
C           -1.98665788680113        2.16177625490495        0.67738549321197
C           -3.36366915938796        2.50662076970184        1.19970818207661
O           -3.41381756862339       -1.00588503902760        0.45784716667919
C           -4.31234840447860       -1.98382203561334       -0.11559577367921
C           -5.51611854816307       -2.11484284487495        0.79790460472583
H            5.38152241771242       -0.38544427437534       -2.66300020613162
H            3.74850864930954       -1.05804538075858       -2.68303469249726
H            3.99003539484240        0.66473736584248       -2.36216537537172
H            5.08502698841392        0.17157840172740       -0.22371815240571
H            4.99447495224002       -1.58959437852529       -0.54547988309227
H            2.03757872439264        0.99721148821514        3.02427388625740
H            0.78365598723141       -0.25348928967283        3.29944328776641
H            2.92084024588045       -1.02345614534863        4.24824736777931
H            2.53840979992167       -2.01023826736754        2.82882891070770
H            3.75365177714167       -0.73054725077059        2.71670918552987
H            1.23994783421036       -1.64854995008861       -1.67711640209989
H           -0.14458840570044       -0.93446896308190       -2.58629246575505
H           -1.19829915718591        2.58677580986393        1.30165255850482
H           -1.86258509410583        2.50197030008105       -0.35588645174884
H           -3.47321049292993        3.58558323981524        1.22684383448447
H           -4.12388062237147        2.08774865116482        0.54420537511334
H           -3.49827694219419        2.10354255103957        2.19800258123391
H           -4.59936766025937       -1.64551717105215       -1.11562131852582
H           -3.77291905549238       -2.93046590189905       -0.19508130702709
H           -5.19629797007872       -2.41126278114659        1.79083834467953
H           -6.04127787880512       -1.16876296131253        0.86921532345963
H           -6.18902708666232       -2.86601047242038        0.39982880061158
41
 energy: -65.050802473120 gnorm: 0.006624056625 xtb: 6.7.1 (edcfbbe)
C            4.38342659220566       -0.32696881187942       -2.20882479270873
C            4.49986670891769       -0.62512089139339       -0.72736077132257
O            3.21479516468062       -0.75075498130800       -0.10125272334263
P            2.30043952207637        0.50629185857495        0.26251370644834
S            3.27710404811556        2.13817651983184        0.73177777616682
O            1.35964325432448       -0.08833936956386        1.39206901421784
C            1.70855119699805       -0.02776212807828        2.78756032395933
C            2.79790965418464       -1.01520675138772        3.15345692296017
S            0.89552888594191        0.71492937592111       -1.29964348739234
C            0.37322206226867       -0.99645541071765       -1.61059500920122
S           -0.70657062862062       -1.72210778126527       -0.34229025960333
P           -2.24192190902380       -0.27869582414235       -0.35132926582096
S           -2.77342776435763        0.46166455446588       -2.09083315026415
O           -1.71798642500001        0.74943539387586        0.73571884072089
C           -1.97675028259329        2.16062942060182        0.67675070439254
C           -3.35987686687971        2.49522101870713        1.19626196520622
O           -3.40399686951366       -0.99589365038484        0.46483327271808
C           -4.29333113521958       -1.97068379473295       -0.11537354706140
C           -5.50174561581402       -2.10514298939860        0.79393393703781
H            5.36936155223040       -0.36343991478670       -2.65934374035444
H            3.74347432763139       -1.05784448994654       -2.69400224243940
H            3.96203762388788        0.66647601701331       -2.35554007784126
H            5.05891279790674        0.16828007007037       -0.22135158879380
H            4.97446712720189       -1.59084973322079       -0.54765531528155
H            2.02520633559839        0.99504163018457        3.01743794969470
H            0.77071932548310       -0.25399528289664        3.29642108160881
H            2.91975444801344       -1.02223009144150        4.23112901768610
H            2.53104931902534       -2.01041764858614        2.81233470554938
H            3.73932983369969       -0.72257336129549        2.69341179495185
H            1.24089852007347       -1.64575759163228       -1.66499797382335
H           -0.15986519760298       -0.95156425056915       -2.55904943767952
H           -1.19224296926744        2.60050753742756        1.29601402722108
H           -1.85957123968949        2.49810136358164       -0.35898849938592
H           -3.47815521159955        3.57270090664478        1.22013256101690
H           -4.11341042421091        2.06725169777960        0.53789771128914
H           -3.49313399753458        2.09128197787497        2.19469904504105
H           -4.57993316645702       -1.63075485100407       -1.11578740308248
H           -3.75620467218483       -2.91888073696779       -0.19729566524545
H           -5.18333223146686       -2.40355512467517        1.78716318402174
H           -6.02863184268565       -1.15926736365381        0.86349343857523
H           -6.16834540069654       -2.85713140918048        0.38782752078235
41
 energy: -65.051011601011 gnorm: 0.004881282327 xtb: 6.7.1 (edcfbbe)
C            4.37210946570516       -0.32390000082731       -2.21090055862382
C            4.48329051280466       -0.62877541838937       -0.72902841067016
O            3.19445228733508       -0.75686245189093       -0.11161770307894
P            2.28976810185593        0.50236775280659        0.26491603009604
S            3.27419611447334        2.12684430067117        0.73681027665643
O            1.34537879312897       -0.09069579745934        1.39019553384841
C            1.69579452383816       -0.02895314923574        2.78480247564769
C            2.79063225788306       -1.01448750445996        3.14362359728808
S            0.88540232364682        0.72168512146891       -1.29906933086433
C            0.37754818053230       -0.99942089977973       -1.59557451402257
S           -0.68919429491556       -1.72255541994289       -0.31359616460228
P           -2.22693124869737       -0.27992230570797       -0.33899704161415
S           -2.74234244145841        0.44826502242024       -2.08810436860381
O           -1.70208178371625        0.75295551039088        0.73986415556479
C           -1.96947898628430        2.16252095530574        0.67526636423220
C           -3.35665107750512        2.48690168573416        1.19331822905863
O           -3.39453997589245       -0.98769939949912        0.47234175435789
C           -4.27970299836034       -1.96188860224357       -0.11416464823301
C           -5.49035132063757       -2.09843522219098        0.79130479561388
H            5.36195056734158       -0.34510100392222       -2.65654529172606
H            3.74307365473352       -1.06013903552647       -2.70523501087512
H            3.93983828524819        0.66601982133007       -2.35551112716677
H            5.04138565835629        0.16324244422609       -0.21854963520698
H            4.96276926100576       -1.59271372501120       -0.55168067317665
H            2.01018093170530        0.99402657214427        3.01911831147227
H            0.76192742194743       -0.25772472443263        3.30012614532157
H            2.92062572882686       -1.02272041902328        4.22139269107205
H            2.52505632910352       -2.01159823494499        2.80284245453492
H            3.72883432720342       -0.71710080084666        2.67735690277339
H            1.25129775546504       -1.64273285298836       -1.65958798694283
H           -0.16507516246108       -0.96624497706085       -2.54044030143312
H           -1.18922477471841        2.61466756989802        1.29142416166304
H           -1.85466497116869        2.49903955962764       -0.36136262231875
H           -3.48571107484522        3.56436891209644        1.21614118811815
H           -4.10654918989618        2.05161507470081        0.53401815668209
H           -3.48826085146357        2.08311421815550        2.19334706948436
H           -4.56489732701315       -1.62074154568541       -1.11512098527704
H           -3.74272707722247       -2.91055164311201       -0.19885299308449
H           -5.17535057601836       -2.39873960910090        1.78633420212631
H           -6.01909653553403       -1.15207976010966        0.85942402723165
H           -6.15541636428469       -2.85125490913867        0.38129439529908
41
 energy: -65.051079602076 gnorm: 0.003300597341 xtb: 6.7.1 (edcfbbe)
C            4.36532334290064       -0.32218793619150       -2.21248331872207
C            4.47437343978081       -0.62984160752784       -0.73137127417959
O            3.18355358807727       -0.75860689517389       -0.11463485089532
P            2.28374086366925        0.50293410402175        0.26644350820573
S            3.27353193364178        2.12361437380515        0.74061620357892
O            1.33664130884252       -0.08856754903884        1.39057517525684
C            1.68904089452172       -0.02979082620625        2.78644851722722
C            2.78648709260784       -1.01383045483990        3.13961960480163
S            0.88226692457561        0.71976777782906       -1.30016151287709
C            0.37803892450399       -1.00415330452904       -1.59199341702292
S           -0.68461880842285       -1.72801548564493       -0.30751291248110
P           -2.21615093456846       -0.27971952372715       -0.33292659672511
S           -2.72916860204338        0.44175711842271       -2.08542267901653
O           -1.68958901232107        0.75683566877828        0.74145347824530
C           -1.96628090436721        2.16629769165224        0.67470663563063
C           -3.35536853251765        2.48240298045252        1.19142033377907
O           -3.38670754537118       -0.98207380606764        0.47799322476271
C           -4.27114333868999       -1.95686439779946       -0.11220061533562
C           -5.48294172661683       -2.09500555017975        0.79005010543932
H            5.35710685779284       -0.33470958293613       -2.65494688973603
H            3.74394448019023       -1.06197200518451       -2.71179040996714
H            3.92631623078748        0.66469472631412       -2.35780633418289
H            5.03205946116276        0.16063480252766       -0.21773926633593
H            4.95395075986817       -1.59404526997174       -0.55524529533880
H            1.99957221641233        0.99378059960921        3.02359251913257
H            0.75645081555250       -0.26245534833837        3.30273811695568
H            2.92115936026530       -1.02427305801174        4.21733471743290
H            2.52112472281194       -2.01136500011820        2.79853225140007
H            3.72286751535768       -0.71466640381021        2.67034131112402
H            1.25527760381832       -1.64341110186721       -1.65585695182929
H           -0.16457840558483       -0.97680340009614       -2.53670395944700
H           -1.18907567675576        2.62403216403173        1.29032763298617
H           -1.85112664700954        2.50097875136939       -0.36243321281478
H           -3.49204709502474        3.55957125493581        1.21402021098110
H           -4.10304697682631        2.04235285245755        0.53240966592296
H           -3.48511469180024        2.07900443743856        2.19233658492467
H           -4.55394277937190       -1.61414561832191       -1.11337719223069
H           -3.73255362432339       -2.90469316150838       -0.19819573246481
H           -5.17109887104461       -2.39612850203311        1.78623283312523
H           -6.01279771052023       -1.14882145663790        0.85785902903740
H           -6.14821200391364       -2.84791694943776        0.37907431227469
41
 energy: -65.051119787610 gnorm: 0.001737982671 xtb: 6.7.1 (edcfbbe)
C            4.35844156521484       -0.32138208448224       -2.21339801894370
C            4.46788709482372       -0.63078148117112       -0.73360499397510
O            3.17676968731745       -0.76082871258722       -0.11412871307883
P            2.27814392276181        0.50185557700158        0.26663258540082
S            3.26802208342216        2.12219593499203        0.73910111550981
O            1.32881175906339       -0.08659245539637        1.39146568083125
C            1.68297305526688       -0.03138659417153        2.78889310542538
C            2.78271653515910       -1.01323475213264        3.13695981022750
S            0.87979211188537        0.71730254205804       -1.30253467440262
C            0.38176736646979       -1.00911120282646       -1.59163676202117
S           -0.68026681884859       -1.72736896635438       -0.30447454498480
P           -2.20914370253902       -0.27760366785035       -0.32919289439222
S           -2.72344102418110        0.44006047509742       -2.08320866716962
O           -1.67718437217652        0.76089637115840        0.74125272613531
C           -1.96354791779338        2.17039043815510        0.67442330523791
C           -3.35421666649574        2.47755432839253        1.18946484691050
O           -3.38062102989856       -0.97577905883739        0.48405524734530
C           -4.26352339349582       -1.95245945010703       -0.10915625680522
C           -5.47613772699086       -2.09231887999206        0.78989328899927
H            5.35135063116569       -0.32517930611151       -2.65326216738802
H            3.74481662747686       -1.06494471950422       -2.71617608324489
H            3.91211447931813        0.66203061312310       -2.35908115754451
H            5.02476057386514        0.15885953670592       -0.21800567329865
H            4.94635254918580       -1.59569954772332       -0.55862598664315
H            1.98897994201549        0.99298186570586        3.02789509258661
H            0.75070617180063       -0.26902121129292        3.30370423038265
H            2.92093034308813       -1.02552284804611        4.21426510235761
H            2.51766611939980       -2.01070323080673        2.79547623009086
H            3.71719670509901       -0.71244006763975        2.66536675841371
H            1.26110887427247       -1.64545453729264       -1.65181862730974
H           -0.16011734845849       -0.98603118670485       -2.53646833170972
H           -1.18940418886296        2.63144878371204        1.29089227673967
H           -1.84791943118090        2.50361086104193       -0.36298504706458
H           -3.49770247510714        3.55394128708970        1.21180479497748
H           -4.09928119002056        2.03313331563991        0.53070388941212
H           -3.48206513346768        2.07434136786134        2.19071741629333
H           -4.54314060685617       -1.60784028597703       -1.11045965874266
H           -3.72168584413313       -2.89839417372416       -0.19532619406740
H           -5.16685277076377       -2.39379758916794        1.78676704132344
H           -6.00708163064059       -1.14672686679250        0.85737565299521
H           -6.14071047611352       -2.84540531259623        0.37775780581319
41
 energy: -65.051133006542 gnorm: 0.001789937407 xtb: 6.7.1 (edcfbbe)
C            4.35276066216252       -0.32164769999782       -2.21307872094261
C            4.46553727160548       -0.63121522185135       -0.73431543333508
O            3.17571821231727       -0.76130212343806       -0.11026117439484
P            2.27558475438213        0.50198214224949        0.26518491812320
S            3.26527556822996        2.12353028296650        0.73870387034489
O            1.32430974954703       -0.08347054906931        1.39091631356570
C            1.67861787090152       -0.03302635120998        2.78953684227873
C            2.77976479179587       -1.01294522892433        3.13532921977684
S            0.87925983505583        0.71336438679274       -1.30635521633084
C            0.38146336533876       -1.01301402878197       -1.59188123943540
S           -0.68023836363174       -1.72955875272404       -0.30384274957596
P           -2.20450103844829       -0.27423022836309       -0.32981330633862
S           -2.72609783574904        0.44453691879940       -2.08150354806148
O           -1.66674001058439        0.76471847135108        0.73838016821352
C           -1.96160739806785        2.17361504801019        0.67437888141733
C           -3.35371000607716        2.47316470148799        1.18777681363954
O           -3.37507052213322       -0.97023948429112        0.48751615552341
C           -4.25700995192350       -1.94888349882196       -0.10633228930800
C           -5.47032370576859       -2.09059154726180        0.79067622121182
H            5.34551803031930       -0.31823422774957       -2.65234901999870
H            3.74460319147422       -1.06846166214805       -2.71660930862580
H            3.90001712823175        0.65878801623815       -2.35772878557689
H            5.02274168678120        0.15829426672333       -0.21955089384721
H            4.94238066973609       -1.59696653302869       -0.56027874483987
H            1.98123938099908        0.99153104024125        3.03087956828849
H            0.74578593410583       -0.27530707185339        3.30096770251871
H            2.91894771482128       -1.02600831354500        4.21217093072339
H            2.51578195761685       -2.01015854757344        2.79318123087337
H            3.71299185693267       -0.71036101470087        2.66322975937770
H            1.26141410599707       -1.64817735596191       -1.64700070586770
H           -0.15774629848756       -0.99256826377271       -2.53804810768584
H           -1.19035148056135        2.63565941295846        1.29333135375570
H           -1.84566899686383        2.50802189580851       -0.36240650405884
H           -3.50223940372551        3.54853633635091        1.20994351001926
H           -4.09554482732831        2.02516288595953        0.52826473937738
H           -3.48045222980717        2.06921574767736        2.18855821708288
H           -4.53487003577722       -1.60393606668185       -1.10777707142695
H           -3.71261555270167       -2.89318607365417       -0.19117743628477
H           -5.16211185650406       -2.39202234287927        1.78759630170290
H           -6.00238198155877       -1.14592004018865        0.85790134517748
H           -6.13316779260528       -2.84409421669628        0.37720974356558
41
 energy: -65.051139625494 gnorm: 0.001186436757 xtb: 6.7.1 (edcfbbe)
C            4.35178722603377       -0.32232183809985       -2.21210183641416
C            4.46713852617601       -0.63144044364681       -0.73318711562618
O            3.17869790781087       -0.76104232158240       -0.10718820057274
P            2.27676513418584        0.50194884056898        0.26448134324662
S            3.26386483142279        2.12520372827024        0.73600758981767
O            1.32474480465948       -0.08286358980866        1.38974789641192
C            1.67756806589207       -0.03355987491732        2.78822063879603
C            2.77912283626038       -1.01303915803882        3.13488407971359
S            0.88186947668302        0.71230213450852       -1.30826241852165
C            0.38411946906875       -1.01362741077251       -1.59404485793384
S           -0.68233361514557       -1.72697659957648       -0.30867091678467
P           -2.20630524439422       -0.27262778949715       -0.32931043804146
S           -2.72679457492718        0.44585301182057       -2.08148152311268
O           -1.66625055620084        0.76585857046201        0.73835081753449
C           -1.96119545250642        2.17409393224847        0.67534817688044
C           -3.35421512893371        2.47231040267300        1.18750980611807
O           -3.37686571271379       -0.96830601192335        0.48885689845868
C           -4.25693246022578       -1.94805277182939       -0.10491421741075
C           -5.47066057268678       -2.09080544374648        0.79189296859601
H            5.34372961606716       -0.31703359355735       -2.65288765626423
H            3.74392318333982       -1.07000426002964       -2.71445785783024
H            3.89716731382289        0.65742488774300       -2.35528495153194
H            5.02538610640155        0.15837190818961       -0.22018534240874
H            4.94408736759648       -1.59716690314183       -0.55956995038497
H            1.97994165625727        0.99071887405394        3.03082050413330
H            0.74433771016669       -0.27678179791609        3.29826536093329
H            2.91717859591085       -1.02566439964172        4.21173945004751
H            2.51632382979558       -2.01035161357788        2.79242143618068
H            3.71244068394813       -0.70954104414394        2.66362575595144
H            1.26265090753204       -1.65067557232189       -1.64800079234015
H           -0.15479894842728       -0.99236945919093       -2.54047129370051
H           -1.19082440926853        2.63570110414805        1.29584272947276
H           -1.84486409294491        2.51020786808018       -0.36085570983360
H           -3.50367386209536        3.54736236801893        1.20939341395389
H           -4.09445837974227        2.02334152996302        0.52687303325883
H           -3.48158706760749        2.06776264193322        2.18783339147310
H           -4.53487696881693       -1.60435078002776       -1.10673939480604
H           -3.71171277155502       -2.89192909094738       -0.18843093373791
H           -5.16188179323396       -2.39185849163311        1.78862630738434
H           -6.00327869592837       -1.14656839408494        0.85888905880941
H           -6.13207049162985       -2.84490804058182        0.37773830070688
41
 energy: -65.051143013840 gnorm: 0.000488625361 xtb: 6.7.1 (edcfbbe)
C            4.35177728812785       -0.32272401708835       -2.21125809340931
C            4.46894921930652       -0.63164968902030       -0.73198370271274
O            3.18140796781674       -0.76066871189111       -0.10523708543978
P            2.27845094696578        0.50221308783835        0.26417868815163
S            3.26366590093849        2.12661294675172        0.73429011196258
O            1.32578103690574       -0.08291100391300        1.38825745658968
C            1.67692071880303       -0.03382434445655        2.78645385048831
C            2.77884353666918       -1.01316712645203        3.13431294525392
S            0.88401443036741        0.71200394097545       -1.30915597302197
C            0.38317901362203       -1.01307719665192       -1.59410164234688
S           -0.68299072944635       -1.72667287339173       -0.30736842560264
P           -2.20697653461448       -0.27174145485936       -0.33080760511699
S           -2.72786584088040        0.44835455998138       -2.08201721087110
O           -1.66634617940522        0.76601345985641        0.73717249890164
C           -1.96087860487118        2.17366711749169        0.67598974128143
C           -3.35477720438442        2.47157384758763        1.18729457628205
O           -3.37744900093114       -0.96741292277175        0.48779852993443
C           -4.25688156281123       -1.94768918615128       -0.10466731346014
C           -5.47072298287644       -2.09079822236501        0.79272577637218
H            5.34303034103149       -0.31674904576201       -2.65374306509298
H            3.74329996889819       -1.07087328010748       -2.71252201712156
H            3.89632878422447        0.65682711852775       -2.35333713835616
H            5.02848651262585        0.15820256264240       -0.22024714388498
H            4.94659537083272       -1.59714715887363       -0.55881976133927
H            1.97932963214408        0.99021412532095        3.03040258770746
H            0.74358791233398       -0.27724816636974        3.29620036202429
H            2.91558104437446       -1.02551520700354        4.21143923776344
H            2.51720499365207       -2.01076039556999        2.79153282294704
H            3.71264645194910       -0.70895083106977        2.66417116809153
H            1.26087087447476       -1.65165073804891       -1.64865679671047
H           -0.15561870184836       -0.99156727682223       -2.54088851451666
H           -1.19120956135452        2.63508807141058        1.29773229581681
H           -1.84398528436187        2.51218139666548       -0.35944362137128
H           -3.50483107682342        3.54659065887395        1.20933866324963
H           -4.09411503731974        2.02245215071004        0.52560517198964
H           -3.48305299562044        2.06647665447439        2.18736456206831
H           -4.53601709134948       -1.60545869527229       -1.10671773216326
H           -3.71187902218145       -2.89180784761773       -0.18764454018663
H           -5.16153665856221       -2.39164164892239        1.78947225417956
H           -6.00393540151247       -1.14680694669126        0.85962050028641
H           -6.13161802486194       -2.84536260351852        0.37858713200532
41
 energy: -65.051143774335 gnorm: 0.000319419785 xtb: 6.7.1 (edcfbbe)
C            4.35092113328874       -0.32267174453669       -2.21116523606897
C            4.46872873995128       -0.63175801429959       -0.73201404036095
O            3.18136776268277       -0.76064411454851       -0.10468604034050
P            2.27827087537129        0.50253797215209        0.26386415541991
S            3.26442673679370        2.12673025538014        0.73548423156311
O            1.32514764184292       -0.08257364642035        1.38749908466768
C            1.67589543177345       -0.03405193065760        2.78589229200190
C            2.77819059669334       -1.01294716434288        3.13372694669332
S            0.88429987032841        0.71150334450541       -1.31023666975671
C            0.38350812467479       -1.01389287307532       -1.59420874215265
S           -0.68323930242712       -1.72737978485604       -0.30784359890623
P           -2.20588049872061       -0.27121973564844       -0.33061255285754
S           -2.72640923433417        0.44820474023700       -2.08219531725569
O           -1.66467281040849        0.76678836685659        0.73690990009214
C           -1.96063154288482        2.17424944541366        0.67651583210993
C           -3.35519028621226        2.47063771469500        1.18685907996313
O           -3.37695207190046       -0.96601295374395        0.48812661287440
C           -4.25596740535295       -1.94689075460317       -0.10407887279746
C           -5.46973868916008       -2.09033836267325        0.79322998807503
H            5.34204860497605       -0.31563896631190       -2.65393506497036
H            3.74312528341318       -1.07144978634925       -2.71242528146177
H            3.89438020367776        0.65635340061742       -2.35315381706279
H            5.02874399414004        0.15784804077665       -0.22028597609038
H            4.94642038129787       -1.59733869247634       -0.55922267401769
H            1.97736017434576        0.99012145058326        3.03066376258742
H            0.74258855761829       -0.27836005913232        3.29540590582622
H            2.91465866650128       -1.02574291023101        4.21096086407336
H            2.51705693574457       -2.01056747391523        2.79052017698096
H            3.71203434039438       -0.70820427347696        2.66397275228137
H            1.26116398814786       -1.65267964053280       -1.64851745469504
H           -0.15517298463431       -0.99281506304966       -2.54100221767737
H           -1.19192159143607        2.63598537457943        1.29919309096812
H           -1.84292084747800        2.51359039622163       -0.35858931167474
H           -3.50647601753788        3.54555192826936        1.20903279248313
H           -4.09369464879030        2.02090572793993        0.52462505263527
H           -3.48374394441720        2.06534164391733        2.18687873711359
H           -4.53531061554366       -1.60508036470990       -1.10625055200842
H           -3.71047207685223       -2.89079922492495       -0.18699156737213
H           -5.16075888261319       -2.39101545823863        1.79014853503611
H           -6.00335278337465       -1.14650732767248        0.85997187490326
H           -6.13056735953206       -2.84517437327141        0.37925686980056
41
 energy: -65.051144059159 gnorm: 0.000126847579 xtb: 6.7.1 (edcfbbe)
C            4.35058938820097       -0.32263394095686       -2.21121651307414
C            4.46871340287158       -0.63183141371325       -0.73221107995422
O            3.18159916916620       -0.76087872281856       -0.10433939014550
P            2.27823113019337        0.50230779808293        0.26388617320948
S            3.26356623281873        2.12672913585888        0.73495647756891
O            1.32490249106988       -0.08277832822774        1.38731280109291
C            1.67537676328715       -0.03427952414653        2.78582533815412
C            2.77784670783018       -1.01284448242270        3.13362457465168
S            0.88476228530053        0.71111072014920       -1.31050636349668
C            0.38379474052916       -1.01425053726315       -1.59427812395245
S           -0.68291073541390       -1.72714019096477       -0.30752808336545
P           -2.20532410084122       -0.27086111908240       -0.33076229840266
S           -2.72582303417318        0.44846165395039       -2.08244463387043
O           -1.66381724858311        0.76715530976453        0.73661288301982
C           -1.96063802521883        2.17455747564389        0.67689482804222
C           -3.35552728138458        2.47004044647032        1.18654293687156
O           -3.37670876328821       -0.96517999276873        0.48801480739637
C           -4.25557763381829       -1.94644979771270       -0.10385798038798
C           -5.46910404788830       -2.09003640440385        0.79357997481935
H            5.34162791013344       -0.31524788808985       -2.65410857486358
H            3.74303930349885       -1.07156713586567       -2.71247912369175
H            3.89367181217751        0.65618731689968       -2.35315629808268
H            5.02880299566873        0.15768144140193       -0.22038912140637
H            4.94637518190382       -1.59747666324238       -0.55963426804669
H            1.97628054448250        0.99004330625432        3.03065978665813
H            0.74199423680976       -0.27903214098663        3.29503823718169
H            2.91402418131723       -1.02602832515277        4.21087801104097
H            2.51702030913049       -2.01038625600104        2.78999584538198
H            3.71172105200805       -0.70775431088542        2.66421875483226
H            1.26141940118280       -1.65304958575799       -1.64825043142404
H           -0.15490248980153       -0.99331262784559       -2.54099624674157
H           -1.19253767490224        2.63619179402472        1.30034564466704
H           -1.84231553425756        2.51441549341093       -0.35798577414875
H           -3.50733732494545        3.54486585731134        1.20889874495638
H           -4.09350468147216        2.02013241410364        0.52389976451088
H           -3.48436473045141        2.06452613813239        2.18643233209319
H           -4.53510133203367       -1.60481461482879       -1.10604826551495
H           -3.70970074034200       -2.89014928481894       -0.18679007064389
H           -5.16005177601680       -2.39049254022795        1.79053186003279
H           -6.00288076014948       -1.14630104280102        0.86025620344758
H           -6.12996687455182       -2.84503432202754        0.37990021220699
41
 energy: -65.051144183342 gnorm: 0.000095688204 xtb: 6.7.1 (edcfbbe)
C            4.35077503465345       -0.32261260484191       -2.21130421270042
C            4.46894402736798       -0.63184383812441       -0.73232557415706
O            3.18190526834378       -0.76098018236250       -0.10442661316753
P            2.27837493977738        0.50215250214743        0.26382559114481
S            3.26369856724457        2.12655023910605        0.73525707086183
O            1.32511472149957       -0.08312582925564        1.38714132318283
C            1.67535528153804       -0.03435020336421        2.78566947487718
C            2.77783263486330       -1.01277946902306        3.13377145877393
S            0.88500101018894        0.71099226395153       -1.31064688819097
C            0.38381848413088       -1.01431402002251       -1.59424021917224
S           -0.68285955290036       -1.72684760526376       -0.30728530564723
P           -2.20539982014676       -0.27069305111082       -0.33103146180691
S           -2.72554194827365        0.44870869054591       -2.08279593609398
O           -1.66395499085589        0.76717033504212        0.73644278910474
C           -1.96081571193101        2.17455713198284        0.67719594632489
C           -3.35589408085335        2.46980077893690        1.18636318498690
O           -3.37690851660598       -0.96493665107369        0.48755784035108
C           -4.25576723288945       -1.94635798726917       -0.10394865279666
C           -5.46898375652094       -2.08991346529379        0.79389077800024
H            5.34177726911259       -0.31555101335944       -2.65427091756887
H            3.74293232237759       -1.07134017354927       -2.71250326729700
H            3.89417116684279        0.65636381513925       -2.35316888439062
H            5.02902067784886        0.15767986929891       -0.22051787422239
H            4.94664243946962       -1.59748150683178       -0.55980337187577
H            1.97619666632779        0.99002477497812        3.03031043760997
H            0.74190070216685       -0.27903305947147        3.29475341173598
H            2.91359747126419       -1.02615797642577        4.21104883769742
H            2.51728103530468       -2.01027155860130        2.78982553324806
H            3.71183073527041       -0.70745125249359        2.66477739987972
H            1.26136208181045       -1.65316867523821       -1.64818096359914
H           -0.15498959656102       -0.99333771293776       -2.54088159952935
H           -1.19298411035998        2.63590565274372        1.30119199572466
H           -1.84211259250875        2.51483147536526       -0.35751042751366
H           -3.50768194662601        3.54460108416194        1.20890375607853
H           -4.09358967600545        2.02004691582617        0.52332525191186
H           -3.48511639676732        2.06402927773275        2.18608344949163
H           -4.53561660925262       -1.60485383349262       -1.10609769616785
H           -3.70981993725076       -2.89000158214137       -0.18693516380955
H           -5.15955287503544       -2.39017362541792        1.79076922726425
H           -6.00280346985773       -1.14621248943365        0.86058256735868
H           -6.12987526615405       -2.84503033211299        0.38051125472053
41
 energy: -65.051144180511 gnorm: 0.000166874474 xtb: 6.7.1 (edcfbbe)
C            4.35096068110593       -0.32259126872696       -2.21139191232670
C            4.46917465186438       -0.63185626253557       -0.73244006835991
O            3.18221136752135       -0.76108164190645       -0.10451383618956
P            2.27851874936140        0.50199720621194        0.26376500908014
S            3.26383090167041        2.12637134235322        0.73555766415476
O            1.32532695192926       -0.08347333028354        1.38696984527275
C            1.67533379978893       -0.03442088258189        2.78551361160024
C            2.77781856189642       -1.01271445562343        3.13391834289618
S            0.88523973507736        0.71087380775385       -1.31078741288526
C            0.38384222773261       -1.01437750278187       -1.59420231439203
S           -0.68280837038683       -1.72655501956276       -0.30704252792901
P           -2.20547553945230       -0.27052498313925       -0.33130062521116
S           -2.72526086237413        0.44895572714143       -2.08314723831753
O           -1.66409273312866        0.76718536031971        0.73627269518967
C           -1.96099339864319        2.17455678832179        0.67749706460757
C           -3.35626088032212        2.46956111140348        1.18618343310225
O           -3.37710826992375       -0.96469330937864        0.48710087330580
C           -4.25595683196062       -1.94626617682565       -0.10403932520534
C           -5.46886346515358       -2.08979052618373        0.79420158118113
H            5.34192662809175       -0.31585413862904       -2.65443326027416
H            3.74282534125632       -1.07111321123287       -2.71252741090226
H            3.89467052150807        0.65654031337882       -2.35318147069857
H            5.02923836002899        0.15767829719589       -0.22064662703840
H            4.94690969703543       -1.59748635042118       -0.55997247570485
H            1.97611278817308        0.99000624370192        3.02996108856182
H            0.74180716752393       -0.27903397795630        3.29446858629027
H            2.91317076121115       -1.02628762769877        4.21121966435388
H            2.51754176147886       -2.01015686120157        2.78965522111415
H            3.71194041853278       -0.70714819410176        2.66533604492717
H            1.26130476243809       -1.65328776471843       -1.64811149577424
H           -0.15507670332052       -0.99336279802994       -2.54076695231713
H           -1.19343054581772        2.63561951146273        1.30203834678227
H           -1.84190965075994        2.51524745731959       -0.35703508087858
H           -3.50802656830657        3.54433631101254        1.20890876720067
H           -4.09367467053874        2.01996141754870        0.52275073931284
H           -3.48586806308322        2.06353241733311        2.18573456689007
H           -4.53613188647157       -1.60489305215646       -1.10614712682076
H           -3.70993913415952       -2.88985387946380       -0.18708025697522
H           -5.15905397405409       -2.38985471060788        1.79100659449570
H           -6.00272617956597       -1.14612393606629        0.86090893126979
H           -6.12978365775628       -2.84502634219844        0.38112229723407
41
 energy: -65.051144245908 gnorm: 0.000072043210 xtb: 6.7.1 (edcfbbe)
C            4.35102884120805       -0.32255642182743       -2.21143569886197
C            4.46921775973359       -0.63188907792441       -0.73245745010889
O            3.18219977142594       -0.76111227786539       -0.10455655985428
P            2.27856405108072        0.50198307749455        0.26377262511304
S            3.26374886396096        2.12639548721900        0.73530930662905
O            1.32534698986568       -0.08348263748010        1.38698552833223
C            1.67535128438854       -0.03441374471942        2.78557779561063
C            2.77783294180218       -1.01274980765321        3.13397575078076
S            0.88515125968249        0.71091305015555       -1.31066183723347
C            0.38379868297398       -1.01439561684927       -1.59416608661794
S           -0.68301826054055       -1.72694353458309       -0.30742104440810
P           -2.20535363905243       -0.27053827951260       -0.33122256489394
S           -2.72515285348412        0.44891351870085       -2.08306693054253
O           -1.66398323574605        0.76724104897796        0.73631441137005
C           -1.96100900156006        2.17462891728512        0.67752023524602
C           -3.35636567494535        2.46954991854318        1.18613766937812
O           -3.37704934893129       -0.96463096304778        0.48714413053728
C           -4.25596937242243       -1.94616469430153       -0.10406595625554
C           -5.46887349668650       -2.08978244384108        0.79422958170984
H            5.34201251636603       -0.31589333859183       -2.65449613237747
H            3.74282267468609       -1.07102320164082       -2.71260871651634
H            3.89482334232698        0.65663306568847       -2.35324055260322
H            5.02927253090500        0.15763029553866       -0.22063741280553
H            4.94697659742942       -1.59750540593953       -0.55999498532231
H            1.97615906819389        0.99000281608199        3.03007659352982
H            0.74183802182650       -0.27902281658998        3.29457060978468
H            2.91313448284727       -1.02633889262432        4.21131237775236
H            2.51761365267118       -2.01021849609717        2.78969562185443
H            3.71199122711406       -0.70715195600194        2.66544990762165
H            1.26128929593908       -1.65332879638171       -1.64811751009317
H           -0.15497794641512       -0.99338540765060       -2.54082673343674
H           -1.19350933268004        2.63576002734425        1.30210376488025
H           -1.84184339113587        2.51537363345656       -0.35697151701946
H           -3.50830428814217        3.54434112610924        1.20894267146938
H           -4.09369045013544        2.01991448392717        0.52258438066214
H           -3.48604150654043        2.06342660509576        2.18566138347179
H           -4.53619129946706       -1.60477722002072       -1.10615107545588
H           -3.70998531463071       -2.88977169192910       -0.18716014348732
H           -5.15899884993014       -2.38985580376858        1.79103004026213
H           -6.00278179003472       -1.14613289929027        0.86099048870563
H           -6.12981035389998       -2.84504653704015        0.38119758381533
