38
 energy: -64.700659900587 gnorm: 0.056017869960 xtb: 6.7.1 (edcfbbe)
C            2.03997682761996       -3.31058046756896       -2.73036999063731
C            3.12290583977467       -2.94357977360367       -1.73936877636853
O            2.84156132627113       -1.62012448490224       -1.18071350011324
C            2.18189064705151       -1.55672896644728       -0.01462792902745
O            1.87536830373722       -2.52226575401325        0.66430306020093
C            1.87222922504853       -0.12729382565734        0.35254465008762
C            0.91099495816062        0.51106103478832       -0.65317765814488
H            1.40963061294941        0.58116317219187       -1.62976944614880
C            0.50138816463801        1.94628011609361       -0.33019734144172
O           -0.46407584564257        2.50753646039474       -0.81290861616960
O            1.39220933150316        2.52126774894612        0.47172695166112
C            1.16365170497088        3.93177551831144        0.80426346997111
C            2.41522752318055        4.43159985791273        1.47762384932125
S           -0.54964959289741       -0.56232367311179       -1.04531821212991
P           -1.90767803063058       -0.19505863603549        0.55020652981575
S           -1.17346548999186        0.50806809417875        2.20213153720158
O           -3.08202901594596        0.74276287705325       -0.00954687347226
C           -3.73347098704554        0.47190995109417       -1.28461481147496
O           -2.67749713454387       -1.61153525535618        0.60005014320063
C           -2.03571489127184       -2.78156237518319        1.17973806709364
H            1.97214780026243       -2.56042447724170       -3.52539635519931
H            2.28136798060946       -4.27718915197510       -3.18379965084788
H            1.06717884445278       -3.39474932808874       -2.23402766777137
H            4.09750848444021       -2.83423080599875       -2.22156356283498
H            3.19883237018477       -3.66815787385069       -0.92423867907084
H            2.80603571686083        0.44300676820265        0.34684421092360
H            1.45025894280081       -0.11504181536982        1.35666166181744
H            0.94633648832656        4.47340218254554       -0.12012909761992
H            0.28951411650374        3.97459887527719        1.46229925663094
H            2.25166194350520        5.46307751385903        1.80752293410509
H            2.66026475340158        3.82288292047615        2.35393498341628
H            3.26411515309895        4.41974483222848        0.78555026668776
H           -4.53571113726113        1.20573858530559       -1.36188921498081
H           -4.14755228992058       -0.53937362679286       -1.29732241291953
H           -3.02251552123508        0.60876262692853       -2.10416980047921
H           -1.10825239080899       -3.01425852611823        0.64727175346072
H           -2.75106824165347       -3.59564768271797        1.06139042807502
H           -1.83173148034848       -2.60851308759708        2.24033280289430
38
 energy: -64.704793560016 gnorm: 0.025178739781 xtb: 6.7.1 (edcfbbe)
C            2.04096141422374       -3.31311079335033       -2.73322860693389
C            3.11802129926221       -2.93214894522115       -1.73771855759078
O            2.83571127886924       -1.62352334699834       -1.17421225525651
C            2.17211075124787       -1.55917891716671       -0.02480005089829
O            1.85364413680495       -2.52054996762321        0.63807489166772
C            1.87028348866036       -0.12693268466332        0.35591231178270
C            0.92955803976436        0.50772400612823       -0.66461519352688
H            1.42388667370139        0.57371095763862       -1.64181341666150
C            0.49039874872842        1.92155938444571       -0.31045070910136
O           -0.49869508332137        2.45278966995591       -0.76640264890255
O            1.37605465576854        2.51398246053875        0.46766711402594
C            1.15792976081222        3.91418596287957        0.80553991145830
C            2.40913347963208        4.43179973233241        1.47765784919528
S           -0.52678079165160       -0.54715565295335       -1.06256441494084
P           -1.88068531192454       -0.18685821600398        0.52439843904536
S           -1.17232057417603        0.51206083611314        2.20490961219640
O           -3.05544996662850        0.74238764811408       -0.02840564047652
C           -3.72424891575342        0.47104204119895       -1.28304912970675
O           -2.65563531137783       -1.59610485367010        0.60343442528350
C           -2.02854317308699       -2.76259234731759        1.17716771527646
H            1.97057947429424       -2.56359126987322       -3.51882621346089
H            2.28267654771303       -4.27463799022491       -3.18155156329352
H            1.07425026503601       -3.38902477496019       -2.23733507654295
H            4.09120541974612       -2.82029792798237       -2.21879219167122
H            3.18342598568268       -3.65321882864906       -0.91927111129267
H            2.80107148619803        0.44378753000662        0.36008980033224
H            1.43282835344555       -0.11382079621062        1.35534104164568
H            0.93107660190381        4.45349019202008       -0.11772728809602
H            0.28749479486868        3.95937283707354        1.46579378008334
H            2.24664792393462        5.45762394142749        1.80301474520013
H            2.64947424439250        3.82289570368809        2.34630862979507
H            3.25171131793860        4.41099524285120        0.78942772711322
H           -4.52152014044085        1.20901247008483       -1.34439943747682
H           -4.13202634838493       -0.53895571494154       -1.28156881786755
H           -3.01885011734648        0.60165785062118       -2.10371562770535
H           -1.10482844391005       -2.99643771097060        0.64684586787052
H           -2.75152706898909       -3.56722145582329        1.05798499359091
H           -1.81717988548194       -2.58871672435648        2.23212605555234
38
 energy: -64.706576912850 gnorm: 0.012029731819 xtb: 6.7.1 (edcfbbe)
C            2.03968084672589       -3.31047050949494       -2.73542601736042
C            3.11487031344327       -2.92172329235277       -1.73514635113483
O            2.82961043166465       -1.62792113539676       -1.16762565818125
C            2.16499976979375       -1.56778084688862       -0.03091430894380
O            1.82182015105333       -2.52943519050739        0.61471568713573
C            1.86842201129617       -0.13201648014654        0.35929233728029
C            0.93886664029051        0.50020432769132       -0.66857598756814
H            1.43984445306284        0.56812249641001       -1.64046615585226
C            0.48004716108417        1.90075870915033       -0.29577615009987
O           -0.55775985116005        2.39115660842030       -0.69737712732907
O            1.36433963860493        2.51022277236303        0.45493212146011
C            1.14015463965389        3.89425876551983        0.80766694358250
C            2.39574831738176        4.42174671345117        1.47531661082763
S           -0.50524662723418       -0.54998676212914       -1.08026487264413
P           -1.84799764560024       -0.16141773043861        0.50508360480543
S           -1.14550364896706        0.52924919687058        2.19369371423112
O           -3.02200949578477        0.75307729514788       -0.04598474404186
C           -3.70854908000914        0.47479650805537       -1.28145952525890
O           -2.62039526652766       -1.56701894857402        0.60394052505932
C           -2.01134197293055       -2.73399220166676        1.16984836383636
H            1.96806240024457       -2.56154710041429       -3.51651830250051
H            2.28678622815521       -4.26821028474597       -3.17751554590471
H            1.07670794160986       -3.38448270756592       -2.23873473070864
H            4.08553843194870       -2.80650932880028       -2.21749725530576
H            3.17555527650159       -3.64703416282877       -0.91959892695698
H            2.79711635802679        0.43886719259909        0.37894002178662
H            1.41358118222631       -0.12170250537548        1.35187710781290
H            0.90088399235672        4.44031743777334       -0.10965607167490
H            0.27618427248996        3.93751990747083        1.47632364113350
H            2.22781228664388        5.44332863575686        1.79493523636692
H            2.63496591694126        3.81387364790355        2.34053667888202
H            3.23204943169213        4.39728683113472        0.78569882273039
H           -4.50377083966865        1.21347799509579       -1.33155606742268
H           -4.11451483780872       -0.53392212069842       -1.26587021560524
H           -3.01665809992648        0.59658196513717       -2.11302470028023
H           -1.08874228100421       -2.97754786835436        0.64540490433688
H           -2.74251016977731       -3.52937644835175        1.04839651220314
H           -1.79680326633749       -2.56675183306200        2.22363284101556
38
 energy: -64.707195167849 gnorm: 0.010720475707 xtb: 6.7.1 (edcfbbe)
C            2.04012222542198       -3.30624765466052       -2.73799939440310
C            3.11685057930985       -2.91840623356148       -1.73534526219278
O            2.83095781339375       -1.63180709035610       -1.16265307636827
C            2.15536445584676       -1.57741736462305       -0.03567301605835
O            1.79071362008623       -2.54065009655466        0.59945314179452
C            1.86843643912124       -0.14023020293158        0.36357965234809
C            0.94867182481455        0.49569905255342       -0.67135317906182
H            1.46476936190021        0.58079321054588       -1.63415234498431
C            0.46440008990791        1.88082197604380       -0.27135784097264
O           -0.59818495231592        2.34420911524781       -0.64387036800385
O            1.36143939107704        2.50964055716830        0.44157618878925
C            1.12305116512916        3.88254094883154        0.80752369664954
C            2.38144739287582        4.41396329019690        1.47118163926065
S           -0.48969622543514       -0.55071679518340       -1.09286333307139
P           -1.82906346027514       -0.14078122895623        0.49347716845495
S           -1.11465858978008        0.55019155245719        2.17656577777401
O           -3.00136554529404        0.76468444252429       -0.05595154178852
C           -3.70028314199135        0.48044314680440       -1.28100542913110
O           -2.59958799699119       -1.54434659045648        0.60811332087854
C           -1.99721602607307       -2.71311979791775        1.16668312914625
H            1.96839043635369       -2.55618330753514       -3.51837500706928
H            2.28947359415097       -4.26354530682976       -3.17881140931787
H            1.07755586539735       -3.38104023891285       -2.23983443483623
H            4.08633638892315       -2.80200053652040       -2.21918886975502
H            3.17710364070364       -3.65193983219213       -0.92639810584416
H            2.79847848698145        0.42700911421472        0.39704463672608
H            1.40239390370136       -0.13543954755168        1.35106992877347
H            0.86991687844020        4.43913737092975       -0.10089322636036
H            0.26543759084908        3.91544166859346        1.48610735410507
H            2.20981773637291        5.43510016468509        1.78899690570854
H            2.62327659135888        3.80624686368032        2.33620130383551
H            3.21417262452502        4.38878862083352        0.77717525238282
H           -4.49546713893608        1.21897621895613       -1.32720570781014
H           -4.10666279140121       -0.52838051284249       -1.25604456023051
H           -3.01894878832081        0.59551370725908       -2.12310042822024
H           -1.07534401668152       -2.96320156052140        0.64211957384764
H           -2.73207957974732       -3.50493473176744        1.04483166529255
H           -1.77817483324367       -2.55281284349230        2.22162315942460
38
 energy: -64.707448353051 gnorm: 0.008567660373 xtb: 6.7.1 (edcfbbe)
C            2.04107630539274       -3.30326792895390       -2.74091062231431
C            3.12017521398901       -2.92101169918063       -1.73785857563526
O            2.83713647946345       -1.63661352054834       -1.15827582472870
C            2.14954273857837       -1.58659952662277       -0.03717770573212
O            1.77100869133773       -2.55077989717052        0.59062693906047
C            1.86692455553254       -0.15035284209887        0.36732322517231
C            0.95040708744051        0.49176786729234       -0.66937278709082
H            1.47867146360035        0.58926601746130       -1.62444138052252
C            0.46296676765665        1.87387360399634       -0.26653990315934
O           -0.61563141490251        2.31969454397071       -0.61262136074830
O            1.36758046615612        2.51378077101996        0.42437625775490
C            1.11074159537950        3.87781969319306        0.80972140481283
C            2.36870556368080        4.41215602736695        1.47115129651570
S           -0.48395466050492       -0.55431511654676       -1.10256539192740
P           -1.81906968047013       -0.12617141144089        0.48668626152433
S           -1.09899465514892        0.56682851838410        2.16732982794154
O           -2.99273717963686        0.77279106732286       -0.06017802589506
C           -3.69860400759336        0.48485856474387       -1.28125980822890
O           -2.58757253975411       -1.52946114591464        0.61188682056925
C           -1.98524510183142       -2.70001568792612        1.16643946854133
H            1.96980649383430       -2.55110828401092       -3.52083535696136
H            2.28858324873218       -4.26100697697959       -3.18458491154986
H            1.07796758753943       -3.37847748840581       -2.24164348611749
H            4.08918385294930       -2.80361242586561       -2.22304260055715
H            3.18233049139807       -3.66101009122725       -0.93463263157536
H            2.79903466652171        0.41278870919167        0.40666535344968
H            1.39776950104374       -0.14840820711653        1.35264292420593
H            0.84725886920726        4.44499906579943       -0.08951011650712
H            0.25573352304867        3.89257000985109        1.49333879168392
H            2.19599856681714        5.43377074384377        1.79052751090018
H            2.61560271190402        3.80358232433912        2.33548399109486
H            3.19950786917104        4.38913730066590        0.77303744864336
H           -4.49465243069249        1.22296899479601       -1.32684972531562
H           -4.10490990404314       -0.52465420661219       -1.25162481146873
H           -3.02254543121011        0.59714148825205       -2.12879757624439
H           -1.06370298824904       -2.95135720040299        0.63965143689761
H           -2.72065273540843       -3.49171259334369        1.04448851623800
H           -1.76359657077350       -2.54385951296354        2.22259208698569
38
 energy: -64.707566009453 gnorm: 0.003987977364 xtb: 6.7.1 (edcfbbe)
C            2.04164240678604       -3.30142221257509       -2.74333913227861
C            3.12340632059025       -2.92659212735501       -1.74135097546878
O            2.84496426610658       -1.64180855158563       -1.15587288601976
C            2.14704460045308       -1.59405146617668       -0.03885221169492
O            1.76059545809077       -2.55880642029776        0.58310570576426
C            1.86730938885922       -0.15913544650878        0.36882825211947
C            0.95395814125890        0.49032016366959       -0.66846049417790
H            1.48901305405923        0.59451372436442       -1.61878621858564
C            0.46520539288956        1.87133166717646       -0.26421367101331
O           -0.61793350454877        2.30914876438653       -0.59559302120478
O            1.37747652519752        2.51961602208209        0.40871349361657
C            1.10595427930357        3.87792047915691        0.81040338848847
C            2.36035921144616        4.41500558707651        1.47325697669715
S           -0.48408874793455       -0.54906018550128       -1.10358387790942
P           -1.82061688733704       -0.11901406676098        0.48543410216439
S           -1.09721211640876        0.57475879260475        2.16414917334248
O           -2.99721502282217        0.77502261041327       -0.05988512564912
C           -3.70212134744266        0.48702315701014       -1.28269563890178
O           -2.58542508374163       -1.52397419020638        0.61644876393019
C           -1.97694115824431       -2.69406758441618        1.16845847580669
H            1.97141811276137       -2.54714631132798       -3.52233712399493
H            2.28511089892959       -4.25939516442134       -3.19118369334120
H            1.07808995143121       -3.37608941278479       -2.24345660737208
H            4.09208047157028       -2.80834720478455       -2.22772011922960
H            3.18754392370587       -3.66995907668509       -0.94150803790153
H            2.80142497396595        0.40057165979733        0.40991146376706
H            1.39750681650115       -0.15841803896280        1.35338989976282
H            0.83449009505827        4.45293269580501       -0.08104893078369
H            0.25156334622659        3.87266473631418        1.49540949574018
H            2.18639420342924        5.43665545835161        1.79479842938445
H            2.61121324777054        3.80616908393538        2.33717115529516
H            3.19104649878486        4.39549280040853        0.77366999519301
H           -4.49900590178783        1.22459324389927       -1.32925740603662
H           -4.10754723903037       -0.52308658840020       -1.25346952313370
H           -3.02569868197552        0.60044678280847       -2.12978538440498
H           -1.05505489132849       -2.94082001936973        0.63910210087496
H           -2.70956489139787       -3.48848935469509        1.04647655346911
H           -1.75454110102012       -2.53850445828600        2.22491961339797
38
 energy: -64.707618684728 gnorm: 0.004316489084 xtb: 6.7.1 (edcfbbe)
C            2.04165166724050       -3.30086573773792       -2.74472336394353
C            3.12519146944844       -2.93109976300517       -1.74411757712573
O            2.85053387123360       -1.64547996326896       -1.15524131166721
C            2.14588122222443       -1.59803967363980       -0.04135430651148
O            1.75526674427514       -2.56326064703944        0.57585942816197
C            1.86771619513735       -0.16385586390907        0.36804825496730
C            0.95462357514476        0.48882919898091       -0.66835111824133
H            1.48957614942890        0.59274422444789       -1.61802509352616
C            0.46815551186640        1.87105774937219       -0.26377350529184
O           -0.62543390187844        2.30197784298613       -0.57394232102661
O            1.38788545553302        2.52540781757870        0.39413642043630
C            1.10702105410717        3.87930128561562        0.80983032774178
C            2.35691375631888        4.41941445606027        1.47630570533875
S           -0.48609676682899       -0.54652842275880       -1.10399847308235
P           -1.82274854883442       -0.11602461977089        0.48575704161082
S           -1.10279582110865        0.57748500381286        2.16672420355071
O           -3.00253375316731        0.77435292408512       -0.05931241087906
C           -3.70461180116126        0.48752655984993       -1.28496406396447
O           -2.58467354622671       -1.52270716607029        0.61822592141765
C           -1.97116254255282       -2.69131505699473        1.17047761100047
H            1.97245767170301       -2.54502161932115       -3.52228293396978
H            2.28133318870909       -4.25865512668099       -3.19561582894877
H            1.07827591309448       -3.37413677431575       -2.24438291604601
H            4.09350353641914       -2.81251818385267       -2.23136650882170
H            3.19003640262479       -3.67515503784889       -0.94529098288310
H            2.80278756464052        0.39443551354645        0.40824237709983
H            1.39852350309869       -0.16346567279956        1.35286856866421
H            0.83020150096457        4.45978313207261       -0.07576315445186
H            0.25259968144183        3.85802921851834        1.49425902686339
H            2.18033276510076        5.44025680557235        1.79946622708330
H            2.60923241880010        3.81062311234082        2.33977832807294
H            3.18877210197890        4.40366916268480        0.77792815639657
H           -4.50186574883567        1.22483905456713       -1.33226363684538
H           -4.10964588845995       -0.52266077820452       -1.25769754271909
H           -3.02588537965771        0.60274411170277       -2.12967331894419
H           -1.04806663084103       -2.93276907152945        0.64110226261715
H           -2.70051856055038       -3.48857918453384        1.04755501088111
H           -1.75058902027539       -2.53433926235379        2.22682245669736
38
 energy: -64.707650025442 gnorm: 0.002625958421 xtb: 6.7.1 (edcfbbe)
C            2.04106727705808       -3.30038979129868       -2.74506643434789
C            3.12568169390796       -2.93342277358229       -1.74570705581422
O            2.85365826962073       -1.64689642338359       -1.15518395491677
C            2.14478337953518       -1.59919594846259       -0.04364961966095
O            1.75030979143032       -2.56549036254211        0.56859340471810
C            1.86637948428575       -0.16542013795781        0.36674610719645
C            0.95270497018795        0.48793750455200       -0.66858945469546
H            1.48657241730431        0.58871881494658       -1.61891998233205
C            0.47000806068177        1.87148446308178       -0.26188026154393
O           -0.62413071621316        2.30199826287718       -0.56199574863024
O            1.39482870520741        2.52916383570792        0.38503192201287
C            1.11158387933890        3.88111930700137        0.80788105354525
C            2.35725614726399        4.42292315744997        1.47938443888368
S           -0.49012746159518       -0.54503360223015       -1.10444285387985
P           -1.82554786893138       -0.11629668055367        0.48717715548588
S           -1.10999916025275        0.57326039602618        2.17195223623596
O           -3.00896315955853        0.77142295941912       -0.05770703794223
C           -3.70658491199925        0.48661970765245       -1.28699134855127
O           -2.58497909485856       -1.52491605506797        0.61770577811089
C           -1.96720536252618       -2.69108665786588        1.17241616876027
H            1.97255824056320       -2.54362327502530       -3.52140624273558
H            2.27817955741305       -4.25783110799645       -3.19765153354374
H            1.07815568873475       -3.37249651319917       -2.24427463678549
H            4.09364653474373       -2.81492897993763       -2.23354098917511
H            3.19044602137442       -3.67688941343439       -0.94661295293843
H            2.80160433181402        0.39307309237658        0.40550796594983
H            1.39784522699645       -0.16538937748396        1.35210501503595
H            0.83407520355900        4.46427291625790       -0.07476919538131
H            0.25611288044041        3.85147110869143        1.48950681267908
H            2.17722763692267        5.44305015904527        1.80227062936054
H            2.60824575361180        3.81518129096212        2.34356383367343
H            3.19163880973179        4.40994636412293        0.78427799849019
H           -4.50393919583497        1.22374673492104       -1.33505295998899
H           -4.11140182340467       -0.52352194013862       -1.26285143514690
H           -3.02446434158692        0.60404133982114       -2.12842149933750
H           -1.04216015101625       -2.92774343123031        0.64506700652559
H           -2.69293829845182       -3.49132445546180        1.04809908610483
H           -1.75028340534229       -2.53153493990137        2.22867554429103
38
 energy: -64.707668968852 gnorm: 0.002043073304 xtb: 6.7.1 (edcfbbe)
C            2.04049361161172       -3.29982175662734       -2.74462298573475
C            3.12571682109643       -2.93346185786802       -1.74566611535982
O            2.85511601302443       -1.64690738726528       -1.15498037290574
C            2.14313768006132       -1.59867016310009       -0.04598727555945
O            1.74352984711564       -2.56549145146798        0.56235723013982
C            1.86633891237354       -0.16451068801309        0.36522959880742
C            0.95348853173695        0.48877389651160       -0.67037417667801
H            1.48534001233712        0.58712201368360       -1.62221729471595
C            0.47138051651499        1.87169020043560       -0.26025736819223
O           -0.62894914690015        2.29872151960121       -0.54695654882595
O            1.40009415776756        2.53220576176553        0.37743338368109
C            1.11545999241413        3.88218631686529        0.80529044513504
C            2.35917637970970        4.42402306941448        1.48073814270706
S           -0.49173619103432       -0.54183324671411       -1.10252142972991
P           -1.82833877473926       -0.11840895622952        0.48796863257501
S           -1.11209750654006        0.56788254421794        2.17352808400984
O           -3.01321753159606        0.76850149885003       -0.05690751902259
C           -3.70712766608727        0.48552066915248       -1.28847210884939
O           -2.58664150471199       -1.52808149445712        0.61705953212009
C           -1.96638647080874       -2.69174385700574        1.17386378795663
H            1.97208327375152       -2.54280578480538       -3.52038294603729
H            2.27686586998237       -4.25702184195918       -3.19724539496812
H            1.07806483280895       -3.37131744132814       -2.24329073031535
H            4.09346387135149       -2.81559740012847       -2.23371820215733
H            3.18949902422552       -3.67655635920456       -0.94615875168935
H            2.80150652587486        0.39412796388070        0.40385788597255
H            1.39736120519655       -0.16472772574131        1.35065784188433
H            0.83866707489111        4.46794995510628       -0.07577473761051
H            0.25942874639995        3.84965807432098        1.48556269149344
H            2.17611882299814        5.44340540718276        1.80333216071156
H            2.60800914615238        3.81639129418792        2.34530053890805
H            3.19563118041903        4.41276326961860        0.78847033184988
H           -4.50401868323518        1.22289928706046       -1.33724727992118
H           -4.11199766018483       -0.52453820780172       -1.26657654856662
H           -3.02244567933569        0.60381935284001       -2.12763647327208
H           -1.03962229055742       -2.92586332253275        0.64881741484265
H           -2.68943514571129       -3.49407324695947        1.04858981763637
H           -1.75211278821742       -2.53021035732701        2.23018369939267
38
 energy: -64.707680411302 gnorm: 0.001491613978 xtb: 6.7.1 (edcfbbe)
C            2.04022592822497       -3.29924895539737       -2.74355825249004
C            3.12558233460503       -2.93212437772436       -1.74437799515040
O            2.85492386524896       -1.64591254494920       -1.15431856173357
C            2.14046319334575       -1.59732768566613       -0.04751947101799
O            1.73794685675765       -2.56386052059522        0.55936493205848
C            1.86523581233215       -0.16285981889594        0.36436054932569
C            0.95196211509309        0.48967657131561       -0.67098842732353
H            1.48316183980988        0.58742189625321       -1.62360448863394
C            0.47037578986774        1.87185424512860       -0.25860644915627
O           -0.63238653847502        2.29703541919043       -0.53869431366232
O            1.40150962983666        2.53383440156396        0.37325604792842
C            1.11823250786835        3.88311107804052        0.80229393765208
C            2.36172485840441        4.42309182193630        1.48071736134769
S           -0.49295027320577       -0.54148932682301       -1.10372970944484
P           -1.82815068397972       -0.12014680882190        0.48827160884838
S           -1.11361260786941        0.56199391836289        2.17622082763686
O           -3.01374606261661        0.76686329896093       -0.05613371490462
C           -3.70583804101339        0.48467607330095       -1.28859968974319
O           -2.58644341918969       -1.53031532229948        0.61453158902839
C           -1.96676244779883       -2.69252477988323        1.17404697387240
H            1.97143566893197       -2.54238327922965       -3.51939413995079
H            2.27719764008662       -4.25641814829018       -3.19553666640198
H            1.07801414082690       -3.37089670403759       -2.24184053526686
H            4.09331413288363       -2.81488914956539       -2.23235372188696
H            3.18845212776138       -3.67528796739915       -0.94472512343996
H            2.80020692312641        0.39599265112988        0.40277477639058
H            1.39646588719535       -0.16317489753265        1.34989514227542
H            0.84411879075279        4.47065110371564       -0.07875829734450
H            0.26135823145949        3.85253015474162        1.48162813703115
H            2.17784587970275        5.44224057429194        1.80329860130445
H            2.60793988714874        3.81469186394596        2.34547586454167
H            3.19967838306540        4.41180166296625        0.79040850112005
H           -4.50230036986873        1.22233870768027       -1.33826268639783
H           -4.11116127073126       -0.52531215994032       -1.26793882255550
H           -3.02008843850617        0.60277230416005       -2.12705337108824
H           -1.03831646657916       -2.92675578533614        0.65195592895375
H           -2.68859826894972       -3.49579175156361        1.04789514405935
H           -1.75517252539683       -2.52985821457535        2.23084547393040
38
 energy: -64.707688580357 gnorm: 0.001257046801 xtb: 6.7.1 (edcfbbe)
C            2.04002383957633       -3.29831710148941       -2.74140475123273
C            3.12560172055637       -2.93037433946776       -1.74180613750467
O            2.85593159574599       -1.64465322887164       -1.15189847825519
C            2.13764007654812       -1.59550202697722       -0.04811574561724
O            1.72804833144605       -2.56113338292399        0.55613897955471
C            1.86379010053312       -0.16077620272550        0.36363019361399
C            0.95025676468793        0.49206140882312       -0.67149940786302
H            1.48186476673932        0.59107143124529       -1.62406164043568
C            0.46843741664719        1.87291989893414       -0.25711785564574
O           -0.63761947017911        2.29432591213523       -0.52761616125334
O            1.40297511885202        2.53752511148495        0.36601237189759
C            1.12185788504898        3.88594313743114        0.79662431031828
C            2.36554904428866        4.42106299620532        1.47994300299380
S           -0.49389450865716       -0.54042189901714       -1.10507808411151
P           -1.82868806736978       -0.12292979396953        0.48846997228920
S           -1.11486380624316        0.55212966592640        2.17940570370549
O           -3.01537285170212        0.76468027620090       -0.05400550644097
C           -3.70437732285286        0.48374805711338       -1.28795909490239
O           -2.58660038818702       -1.53429848151649        0.60972649286141
C           -1.96823550478882       -2.69445153968545        1.17375037831338
H            1.97062021969849       -2.54161171204964       -3.51754131787737
H            2.27793917703945       -4.25558158089959       -3.19288229599922
H            1.07790370313402       -3.37054956967140       -2.23926769054552
H            4.09334860507540       -2.81423434374992       -2.22987777124133
H            3.18774482311699       -3.67429271548652       -0.94261483776046
H            2.79881263343596        0.39774329816533        0.40190462889204
H            1.39507666223866       -0.16080484988374        1.34910629568460
H            0.85335113191745        4.47661864515960       -0.08455415111565
H            0.26252877084443        3.85877117864310        1.47367601770929
H            2.18321122132014        5.44014060428477        1.80392093565233
H            2.60739566305913        3.80995136796178        2.34424679238929
H            3.20544863352562        4.40860515450216        0.79193985486220
H           -4.50022280634107        1.22192396535623       -1.33967317917878
H           -4.11040624491317       -0.52622049686564       -1.26923074022884
H           -3.01683932372752        0.60143902575390       -2.12526455540326
H           -1.03714669359593       -2.92948951314056        0.65618169352304
H           -2.68853604916845       -3.49906447815672        1.04662518182017
H           -1.76070985719391       -2.52995433061984        2.23141355624394
38
 energy: -64.707690991316 gnorm: 0.000697228255 xtb: 6.7.1 (edcfbbe)
C            2.04045593674873       -3.29841600449196       -2.74071181051359
C            3.12603677703006       -2.93100983124000       -1.74123233713679
O            2.85616916422697       -1.64510179814421       -1.15130467884900
C            2.13663160658715       -1.59566759676432       -0.04801997860063
O            1.72838055043708       -2.56060071757746        0.55727361723826
C            1.86398264475279       -0.16085980250612        0.36394628901116
C            0.95006090962180        0.49241100988479       -0.67098832558794
H            1.48224292383563        0.59274296434795       -1.62282654242546
C            0.46763079436960        1.87329122228569       -0.25696502266306
O           -0.63911714774641        2.29362823008935       -0.52587933620853
O            1.40314594054516        2.53880944991307        0.36443535276213
C            1.12208801172303        3.88742521125283        0.79525682970791
C            2.36571996393895        4.42075790985652        1.47949721905257
S           -0.49394432651631       -0.53993953720326       -1.10537111281016
P           -1.82891257995935       -0.12295974854399        0.48831136131492
S           -1.11544760415557        0.55154791916675        2.17955465674127
O           -3.01573083308313        0.76474903512900       -0.05338747603299
C           -3.70473660782028        0.48394852234729       -1.28748272161333
O           -2.58653491457769       -1.53471897440157        0.60864907855181
C           -1.96875453390790       -2.69510035317943        1.17315010249693
H            1.97115082954389       -2.54164738590275       -3.51684880740663
H            2.27820583455373       -4.25566600135472       -3.19259750247049
H            1.07816559852457       -3.37076768598720       -2.23887240422895
H            4.09384158937593       -2.81463823976350       -2.22937170806988
H            3.18856756973648       -3.67499069012368       -0.94220640067695
H            2.79948529102432        0.39697659723572        0.40126371467694
H            1.39594162820091       -0.16045366073301        1.34967881278339
H            0.85467608413097        4.47854098277169       -0.08578374434443
H            0.26180961875168        3.85998132828996        1.47118013144138
H            2.18538403681813        5.43989109772177        1.80466804967614
H            2.60689721201669        3.80847443100319        2.34319095301362
H            3.20560043631122        4.40765530104415        0.79137179889417
H           -4.50049972531929        1.22232092698444       -1.33951109890966
H           -4.11112439955576       -0.52586919652904       -1.26874709977009
H           -3.01705977422483        0.60153931107787       -2.12467938031203
H           -1.03774641531851       -2.93055941470164        0.65564045770040
H           -2.68947386542167       -3.49941479547731        1.04620011724679
H           -1.76134321504303       -2.53031046761781        2.23076590603272
38
 energy: -64.707691731674 gnorm: 0.000381058987 xtb: 6.7.1 (edcfbbe)
C            2.04066990492118       -3.29867513070064       -2.74015406537599
C            3.12605206206847       -2.93148906095364       -1.74077577603723
O            2.85673763832504       -1.64531790931633       -1.15058606399275
C            2.13788956836009       -1.59566022656335       -0.04670752083844
O            1.72862831716671       -2.56073902342367        0.55818838037952
C            1.86431168546944       -0.16075562816527        0.36429989251764
C            0.95042470588058        0.49256087582186       -0.67090503909547
H            1.48297977020428        0.59341403808081       -1.62224735767587
C            0.46751531081609        1.87363118152047       -0.25739111071391
O           -0.63934722192757        2.29358999210707       -0.52603837557355
O            1.40296323031397        2.53939101006974        0.36395537968238
C            1.12214218496765        3.88848128917041        0.79438952417705
C            2.36571846405536        4.42063292240528        1.47909423410208
S           -0.49345921628704       -0.53963161733439       -1.10540347570011
P           -1.82898645390751       -0.12295394667708        0.48807767731266
S           -1.11583062883576        0.55147726916540        2.17959550026131
O           -3.01576047903338        0.76482042206401       -0.05311963446078
C           -3.70535859512082        0.48412294044646       -1.28702028891849
O           -2.58653055716796       -1.53487170053087        0.60805949157475
C           -1.96938727827307       -2.69576028457473        1.17246159058279
H            1.97159466586128       -2.54184426206928       -3.51620269585780
H            2.27815571231238       -4.25589832523025       -3.19231629331524
H            1.07829368225653       -3.37094422775034       -2.23856722679430
H            4.09387410849062       -2.81497685247609       -2.22896402717446
H            3.18897181155291       -3.67528103879684       -0.94167232228646
H            2.79998689549594        0.39689671687355        0.40136247747795
H            1.39617145738754       -0.15995552000159        1.35002013171522
H            0.85562423440674        4.47946491295754       -0.08685137402142
H            0.26117865371835        3.86112073258226        1.46933839322796
H            2.18677792049935        5.43976305720144        1.80504886085571
H            2.60645565039116        3.80757666425150        2.34230712230342
H            3.20552955200951        4.40711694369769        0.79087226326692
H           -4.50094244795972        1.22277143509688       -1.33883396070107
H           -4.11208664055258       -0.52548550199415       -1.26790001842941
H           -3.01783043073424        0.60152168333106       -2.12429523520554
H           -1.03901496843428       -2.93191275104825        0.65430182495973
H           -2.69099686999695       -3.49933136282884        1.04599255467413
H           -1.76127038854455       -2.53087016824880        2.22983352280899
38
 energy: -64.707692104905 gnorm: 0.000137476768 xtb: 6.7.1 (edcfbbe)
C            2.04076300079817       -3.29881766494421       -2.73982702867762
C            3.12602128754287       -2.93139524146301       -1.74036126908039
O            2.85634042890427       -1.64517443185356       -1.15053141725969
C            2.13747295173052       -1.59540246702243       -0.04674347870950
O            1.72885758117654       -2.56043991617435        0.55849867270219
C            1.86426528747953       -0.16036068762875        0.36429948391893
C            0.95037682680023        0.49260019571270       -0.67098331080686
H            1.48282042864374        0.59311677119360       -1.62247606650536
C            0.46764379260916        1.87370128787823       -0.25739445948127
O           -0.63930220409728        2.29360147577557       -0.52578395914351
O            1.40310963789740        2.53945259582332        0.36369924116510
C            1.12248515947921        3.88867079183580        0.79394077502104
C            2.36605290960040        4.42058021429479        1.47896693545165
S           -0.49332957440609       -0.53979319811821       -1.10516381325318
P           -1.82901835432806       -0.12311021799004        0.48808848605058
S           -1.11563131267485        0.55091657252751        2.17963738486981
O           -3.01569355070170        0.76470425244435       -0.05313389203732
C           -3.70550520361671        0.48413150912852       -1.28691930283644
O           -2.58660698999897       -1.53503160851875        0.60777258041870
C           -1.96976721531020       -2.69606775911980        1.17209571623700
H            1.97170611626656       -2.54205752548336       -3.51593625141678
H            2.27838095561478       -4.25605909641452       -3.19177565268082
H            1.07836603726591       -3.37105739006924       -2.23828189947261
H            4.09390298952767       -2.81489365215841       -2.22838468924511
H            3.18873993008262       -3.67499634529704       -0.94104238696105
H            2.79991597462295        0.39732509393464        0.40110001963564
H            1.39629495905050       -0.15939934614680        1.35010071118993
H            0.85645983897361        4.47959950035507       -0.08756198976119
H            0.26136306122169        3.86178702108605        1.46870877389652
H            2.18691104145119        5.43963733627306        1.80495718715815
H            2.60644280655447        3.80737137161739        2.34215992383777
H            3.20606601690181        4.40715757450600        0.79101378478852
H           -4.50088299643827        1.22297324659830       -1.33855064829781
H           -4.11241787986221       -0.52538517123029       -1.26765025152116
H           -3.01807886083879        0.60131104986923       -2.12429645078486
H           -1.03966015010524       -2.93272227426168        0.65370249829868
H           -2.69177888936519       -3.49929895065321        1.04591497924620
H           -1.76124082829651       -2.53117536814744        2.22938802375807
38
 energy: -64.707692052329 gnorm: 0.000326845736 xtb: 6.7.1 (edcfbbe)
C            2.04087353415159       -3.29899205612082       -2.73942758268181
C            3.12598941636251       -2.93129519749245       -1.73985691901548
O            2.85591542973094       -1.64500785021400       -1.15044520697070
C            2.13706829762926       -1.59509968101558       -0.04673274745914
O            1.72914114708027       -2.56009733687254        0.55889131198015
C            1.86421831023469       -0.15990469506476        0.36429769813591
C            0.95031647618920        0.49263547900610       -0.67107669597193
H            1.48263289301860        0.59276794062817       -1.62274678845202
C            0.46777767550486        1.87376910889275       -0.25738781824409
O           -0.63929420697280        2.29358296375477       -0.52544113094043
O            1.40330534359027        2.53953269923000        0.36334951081000
C            1.12290806157311        3.88889956736640        0.79337367186213
C            2.36644510283882        4.42053795751268        1.47880813991008
S           -0.49320075022943       -0.53996230315982       -1.10493424272368
P           -1.82903411250696       -0.12329096857358        0.48810527747805
S           -1.11544552222440        0.55026409007846        2.17972163306510
O           -3.01558359667778        0.76457714045557       -0.05314945325107
C           -3.70568229349808        0.48415401529521       -1.28678571815978
O           -2.58669539147949       -1.53520517604939        0.60743235905153
C           -1.97023136481610       -2.69643718193686        1.17163809761548
H            1.97184231216646       -2.54232160416106       -3.51561692598157
H            2.27863952856648       -4.25626146317705       -3.19112146963803
H            1.07844892269917       -3.37118953635595       -2.23793278557440
H            4.09394164484294       -2.81482196367711       -2.22768944181553
H            3.18846389367768       -3.67467344967903       -0.94028410519460
H            2.79983191482858        0.39783489005574        0.40082260574470
H            1.39642604383156       -0.15875302568448        1.35018407897336
H            0.85746549828630        4.47976475865058       -0.08843612047774
H            0.26159307271243        3.86255993318532        1.46792232523071
H            2.18704481280633        5.43950472734601        1.80485036153242
H            2.60642634120985        3.80714684013333        2.34197786530100
H            3.20670776961100        4.40724496289979        0.79118495321857
H           -4.50080469960284        1.22323809881808       -1.33819632791873
H           -4.11283386429256       -0.52524795012830       -1.26733521158600
H           -3.01839366836516        0.60105639074467       -2.12430147285766
H           -1.04046586192511       -2.93370990040463        0.65292553606543
H           -2.69274652453651       -3.49924894237444        1.04583079670086
H           -1.76116657585993       -2.53155173375280        2.22882890195084
38
 energy: -64.707692253904 gnorm: 0.000136324412 xtb: 6.7.1 (edcfbbe)
C            2.04087759453731       -3.29899453160375       -2.73947013880770
C            3.12605243207532       -2.93142179304052       -1.73991042668690
O            2.85621813113987       -1.64509230738724       -1.15037573102500
C            2.13753114229464       -1.59522022521411       -0.04649326357449
O            1.72932206344491       -2.56023119767361        0.55903312896082
C            1.86426792019756       -0.16013191585994        0.36431221014653
C            0.95029716634791        0.49251313267759       -0.67104447309720
H            1.48274107176928        0.59286883023852       -1.62263598061119
C            0.46760782463473        1.87360212337411       -0.25724260196590
O           -0.63952395078299        2.29335054328637       -0.52521280674069
O            1.40348578050585        2.53955924633694        0.36304295354186
C            1.12291162520127        3.88885058438864        0.79327557615869
C            2.36626698439952        4.42070675234193        1.47882935510648
S           -0.49342838406924       -0.53975823852822       -1.10536231899479
P           -1.82888787032468       -0.12315319458480        0.48812042820508
S           -1.11575719871452        0.55058788376923        2.17987096388043
O           -3.01542343483602        0.76469780408705       -0.05315192548894
C           -3.70570270478258        0.48424325888688       -1.28673901219526
O           -2.58664803379933       -1.53499177703521        0.60756323714976
C           -1.97017536439053       -2.69634130291921        1.17158851218614
H            1.97188696529783       -2.54232670831892       -3.51569407778943
H            2.27856262246816       -4.25630432764918       -3.19121894177584
H            1.07843179969977       -3.37115496691234       -2.23796670646626
H            4.09400728934444       -2.81502928653923       -2.22776838611104
H            3.18855261336650       -3.67487224871770       -0.94041571972172
H            2.79987383891566        0.39763371178471        0.40105270258613
H            1.39632865008297       -0.15904729402827        1.35012340040896
H            0.85725071408653        4.47977441065132       -0.08839316991241
H            0.26162540963966        3.86209613409209        1.46785779624261
H            2.18675587021347        5.43967430625995        1.80491515814645
H            2.60636406759452        3.80737045896524        2.34202878436983
H            3.20656163528084        4.40752973526763        0.79122467004097
H           -4.50081379407090        1.22335486669906       -1.33815679848909
H           -4.11293913199692       -0.52514259890422       -1.26726494136356
H           -3.01851435661426        0.60108139132422       -2.12435937805326
H           -1.04054822996638       -2.93361712701514        0.65259216014145
H           -2.69276397506892       -3.49913894989735        1.04594828098186
H           -1.76080977296550       -2.53152563444351        2.22874444032854
38
 energy: -64.707692306454 gnorm: 0.000082201881 xtb: 6.7.1 (edcfbbe)
C            2.04092037513110       -3.29907520074553       -2.73946890559402
C            3.12609662003290       -2.93156776747341       -1.73990168915255
O            2.85634960343416       -1.64520835201874       -1.15033140958907
C            2.13775956368647       -1.59534655791534       -0.04633126476078
O            1.72949668229493       -2.56036897580785        0.55921156487493
C            1.86431271078437       -0.16030967114078        0.36437746123842
C            0.95046151254017        0.49248840466250       -0.67103721704268
H            1.48297740106105        0.59277404254596       -1.62257116657470
C            0.46791151563384        1.87367653270657       -0.25751095371353
O           -0.63932686514462        2.29333347487818       -0.52521524705242
O            1.40369864771310        2.53967537436652        0.36274450523518
C            1.12288750011207        3.88885876821730        0.79319382027882
C            2.36605900377591        4.42088745435349        1.47888387183529
S           -0.49328967706613       -0.53983536633629       -1.10518616122040
P           -1.82901301537512       -0.12306220881863        0.48810043070954
S           -1.11571383513170        0.55072979482844        2.17978289597032
O           -3.01557922522250        0.76476702451633       -0.05310732531152
C           -3.70590836702370        0.48437732502765       -1.28668227872186
O           -2.58675969549751       -1.53488665052560        0.60770401895701
C           -1.97016842563479       -2.69630757417755        1.17147835978959
H            1.97198742696753       -2.54242641495585       -3.51571705831250
H            2.27854099681912       -4.25641614150305       -3.19122679142193
H            1.07845614018086       -3.37117451863552       -2.23799401177300
H            4.09406289182081       -2.81523145893011       -2.22776376651456
H            3.18858825091539       -3.67503530160859       -0.94043453732327
H            2.79991194922484        0.39747189310848        0.40123117897926
H            1.39625416141248       -0.15923743502999        1.35013807330439
H            0.85719790944671        4.47985471918194       -0.08836643820904
H            0.26153309449225        3.86176113059238        1.46765091821871
H            2.18640069500900        5.43983969244976        1.80495981115686
H            2.60620925935799        3.80762096500250        2.34211803607086
H            3.20642159138566        4.40784130054840        0.79135041594130
H           -4.50098104981064        1.22353870778128       -1.33807567622423
H           -4.11318705637874       -0.52499529827230       -1.26721260943574
H           -3.01871598074992        0.60119760557821       -2.12430026897070
H           -1.04077165842372       -2.93362678179803        0.65208169392789
H           -2.69287020771834       -3.49905493383713        1.04612120716015
H           -1.76036543389955       -2.53152805265657        2.22855347298193
