10
 energy: -284.286341183680 gnorm: 0.041134430552 xtb: 6.7.1 (edcfbbe)
C           -1.78485940709092       -0.38501100607061        0.49616676171986
C           -0.75416156213419       -0.42435001438804       -0.63253268178029
N            0.49794516862065        0.11470044875083       -0.11479214145087
O            0.69405149090755        1.30797821447960       -0.22261681149865
O            1.26516816456063       -0.65074584658836        0.43240297049161
H           -2.72462228580735       -0.78782369364911        0.13344482165913
H           -1.44643748124095       -0.98346686673580        1.33840407049308
H           -1.94467538586174        0.63775611098261        0.82843825606710
H           -1.07397722017591        0.20404488019042       -1.46366045794859
H           -0.57404604345437       -1.45247629564363       -0.94649346261942
10
 energy: -284.287677623730 gnorm: 0.017111215486 xtb: 6.7.1 (edcfbbe)
C           -1.78814568724118       -0.38416714302839        0.50211152080891
C           -0.76593297104949       -0.42808672928491       -0.63237721079798
N            0.51346329765374        0.11517336027684       -0.12768864651693
O            0.70174240012419        1.32213948385735       -0.21950438551769
O            1.27853403996990       -0.65422751704242        0.44086747294053
H           -2.72904144698229       -0.78983516754199        0.12888227163235
H           -1.45186650750900       -0.98970472225457        1.34630105445595
H           -1.95253520172236        0.64349735667039        0.83284152877231
H           -1.07535175515121        0.19833417972973       -1.46905817536380
H           -0.57648064087645       -1.45251719955441       -0.95361417891731
10
 energy: -284.287861182300 gnorm: 0.016182924390 xtb: 6.7.1 (edcfbbe)
C           -1.79642930748021       -0.38531086473951        0.50651462704816
C           -0.77839231309090       -0.43020461432866       -0.62632592217790
N            0.51550044842459        0.12300130211324       -0.10729483325401
O            0.72378625667797        1.32970756851885       -0.23757052667104
O            1.30475043857453       -0.65751418649672        0.42611171090719
H           -2.73614917939839       -0.79320436789204        0.12139051397544
H           -1.46575540065931       -0.99684274759529        1.35216328195477
H           -1.96721994215798        0.64439889510246        0.83683569075169
H           -1.07223208939993        0.19693835810527       -1.46892829238202
H           -0.57347323494952       -1.45036355831594       -0.95413544214958
10
 energy: -284.288086492170 gnorm: 0.005843997141 xtb: 6.7.1 (edcfbbe)
C           -1.79626820644688       -0.38584266503304        0.50473231930170
C           -0.77856968071702       -0.43038158938179       -0.62639029615711
N            0.52361994750243        0.12125455405390       -0.11972833260468
O            0.72194582722918        1.32862679902677       -0.23151330673293
O            1.30165881768092       -0.65393805593007        0.43086129584168
H           -2.73753864393636       -0.79216306074129        0.12485372143858
H           -1.46635117963287       -0.99606280885642        1.34993652946464
H           -1.96649709051753        0.64229134665023        0.83591632926752
H           -1.07341003899608        0.19787245475922       -1.46763284026874
H           -0.57420407061177       -1.45105118547606       -0.95227455545629
10
 energy: -284.288104154847 gnorm: 0.002442358312 xtb: 6.7.1 (edcfbbe)
C           -1.79628295156324       -0.38606970999160        0.50411248146075
C           -0.77960348897854       -0.43071022566309       -0.62623584857094
N            0.52512781619811        0.12164900262923       -0.11992352636608
O            0.72303332287443        1.32775850101985       -0.23176739521480
O            1.30222675643755       -0.65259419529177        0.42998044839714
H           -2.73778578923495       -0.79171429251113        0.12532019961714
H           -1.46790073743790       -0.99610640058149        1.34944680481816
H           -1.96720089172427        0.64119404474150        0.83613678425557
H           -1.07337825829229        0.19841677617908       -1.46705758706379
H           -0.57385008566814       -1.45121772035181       -0.95125151601507
10
 energy: -284.288108632764 gnorm: 0.000468252413 xtb: 6.7.1 (edcfbbe)
C           -1.79681141469788       -0.38635057876599        0.50376894722810
C           -0.78080871238001       -0.43099256660020       -0.62563428049766
N            0.52638656371834        0.12245540348350       -0.11909187590069
O            0.72460946561844        1.32745211892469       -0.23306007932645
O            1.30399572994396       -0.65179256197514        0.42862576864247
H           -2.73858609383125       -0.79133276101683        0.12520151855540
H           -1.46969714686086       -0.99678580962889        1.34912814595394
H           -1.96811116112396        0.64046618074269        0.83647469765930
H           -1.07319702946301        0.19871570874787       -1.46639661877052
H           -0.57339449100629       -1.45122936843623       -0.95025541354141
10
 energy: -284.288108632764 gnorm: 0.000468252413 xtb: 6.7.1 (edcfbbe)
C           -1.79681141469788       -0.38635057876599        0.50376894722810
C           -0.78080871238001       -0.43099256660020       -0.62563428049766
N            0.52638656371834        0.12245540348350       -0.11909187590069
O            0.72460946561844        1.32745211892469       -0.23306007932645
O            1.30399572994396       -0.65179256197514        0.42862576864247
H           -2.73858609383125       -0.79133276101683        0.12520151855540
H           -1.46969714686086       -0.99678580962889        1.34912814595394
H           -1.96811116112396        0.64046618074269        0.83647469765930
H           -1.07319702946301        0.19871570874787       -1.46639661877052
H           -0.57339449100629       -1.45122936843623       -0.95025541354141
