----------------------------------------------- 
  Element       SASA      Sigma Z        Total  
     Z         Ang**2 cal/Ang**2/mol   kcal/mol 
----------------------------------------------- 
      H        240.896      48.690      11.729
      C         56.410     129.740       7.319
      O         27.289       0.000       0.000
      P          1.684       0.000       0.000
      S        109.889      -9.100      -1.000

 Subtotal:     436.168                  18.048
 -----------------------------------------------

  Elements    COT*SASA   Sigma Z,Z'     Total   
    Z,Z'       Ang**2  cal/Ang**2/mol kcal/mol  
 ---------------------------------------------- 
  H   C        161.998     -60.770      -9.845
  H   O          0.000       0.000       0.000
  C   C         32.742     -72.950      -2.389
  O   C          0.000      68.690       0.000
  O   O          0.000       0.000       0.000
  O   P         18.677      68.850       1.286

 Subtotal:                             -10.947
 ---------------------------------------------- 

 NONAQUEOUS SOLVENT CONTRIBUTION (kcal/mol):
 (proportional to SASA, atomic number independent)
 ---------------------------------------------- 
 Subtotal:                               0.000
 ---------------------------------------------- 

 CDS TOTAL (kcal/mol):                   7.101
...............................................................................
