----------------------------------------------- 
  Element       SASA      Sigma Z        Total  
     Z         Ang**2 cal/Ang**2/mol   kcal/mol 
----------------------------------------------- 
      H        206.666      48.690      10.063
      C         59.231     129.740       7.685
      O         63.258       0.000       0.000
      P          1.117       0.000       0.000
      S         47.362      -9.100      -0.431

 Subtotal:     377.634                  17.316
 -----------------------------------------------

  Elements    COT*SASA   Sigma Z,Z'     Total   
    Z,Z'       Ang**2  cal/Ang**2/mol kcal/mol  
 ---------------------------------------------- 
  H   C        139.319     -60.770      -8.466
  H   O          0.000       0.000       0.000
  C   C         25.682     -72.950      -1.873
  O   C         26.749      68.690       1.837
  O   O          0.000       0.000       0.000
  O   P         10.884      68.850       0.749

 Subtotal:                              -7.753
 ---------------------------------------------- 

 NONAQUEOUS SOLVENT CONTRIBUTION (kcal/mol):
 (proportional to SASA, atomic number independent)
 ---------------------------------------------- 
 Subtotal:                               0.000
 ---------------------------------------------- 

 CDS TOTAL (kcal/mol):                   9.563
...............................................................................
