2025-04-03 20:14:20,425 -     censo.parallel     -  DEBUG   - Free cores decreased 1 -> 0.
2025-04-03 20:14:20,429 -   censo.qm_processor   -  DEBUG   - worker309046:Running on 1 cores.
2025-04-03 20:14:20,485 -   censo.qm_processor   -   INFO   - worker309046:Running xtb_gsolv calculation in /srv/scratch/z5358697/.automated/3932/0_PRESCREENING/CONF1/xtb_gsolv.
2025-04-03 20:14:21,838 -   censo.qm_processor   -  DEBUG   - worker309046:Running ['/srv/scratch/z5358697/.xtb/bin/xtb', 'gas.coord', '--gfn2', '--sp', '--chrg', '0', '--norestart', '--parallel', '1']...
2025-04-03 20:14:21,847 -   censo.qm_processor   -  DEBUG   - worker309046:Started (PID: 309051).
2025-04-03 20:14:21,897 -   censo.qm_processor   -  DEBUG   - worker309046:Done.
2025-04-03 20:14:21,922 -   censo.qm_processor   -  DEBUG   - worker309046:Running ['/srv/scratch/z5358697/.xtb/bin/xtb', 'solv.coord', '--gfn2', '--sp', '--chrg', '0', '--norestart', '--parallel', '1', '--alpb', 'water', 'reference', '-I', 'xtb_sp-xcontrol-inp']...
2025-04-03 20:14:21,926 -   censo.qm_processor   -  DEBUG   - worker309046:Started (PID: 309052).
2025-04-03 20:14:21,980 -   censo.qm_processor   -  DEBUG   - worker309046:Done.
2025-04-03 20:14:21,982 -     censo.parallel     -  DEBUG   - Free cores increased 0 -> 1.
2025-04-03 20:14:21,988 -     censo.parallel     -  DEBUG   - Checking for failed jobs...
2025-04-03 20:14:21,988 -     censo.parallel     -   INFO   - All jobs executed successfully.
2025-04-03 20:14:21,994 -     censo.parallel     -  DEBUG   - Free cores decreased 1 -> 0.
2025-04-03 20:14:21,998 -   censo.qm_processor   -  DEBUG   - worker309066:Running on 1 cores.
2025-04-03 20:14:22,002 -   censo.qm_processor   -   INFO   - worker309066:Running sp calculation in /srv/scratch/z5358697/.automated/3932/0_PRESCREENING/CONF1/sp.
2025-04-03 20:14:22,018 -   censo.qm_processor   -  DEBUG   - worker309066:Running ['/apps/z_install_tree/linux-rocky8-ivybridge/gcc-12.2.0/orca-6.0.0-srtngmq3qlimg2qxbl6avaaiffipurdx/bin/orca', 'sp.inp']...
2025-04-03 20:14:22,025 -   censo.qm_processor   -  DEBUG   - worker309066:Started (PID: 309071).
2025-04-03 20:14:27,870 -   censo.qm_processor   -  DEBUG   - worker309066:Done.
2025-04-03 20:14:27,875 -     censo.parallel     -  DEBUG   - Free cores increased 0 -> 1.
2025-04-03 20:14:27,882 -     censo.parallel     -  DEBUG   - Checking for failed jobs...
2025-04-03 20:14:27,882 -     censo.parallel     -   INFO   - All jobs executed successfully.
2025-04-03 20:14:27,883 -censo.ensembleopt.prescreening-  DEBUG   - Writing to /srv/scratch/z5358697/.automated/3932/0_PRESCREENING.out.
2025-04-03 20:14:27,926 -     censo.parallel     -  DEBUG   - Free cores decreased 1 -> 0.
2025-04-03 20:14:27,931 -   censo.qm_processor   -  DEBUG   - worker309121:Running on 1 cores.
2025-04-03 20:14:27,958 -   censo.qm_processor   -   INFO   - worker309121:Running gsolv calculation in /srv/scratch/z5358697/.automated/3932/1_SCREENING/CONF1/gsolv.
2025-04-03 20:14:28,009 -  censo.orca_processor  -  DEBUG   - worker309121:Copying .gbw file from /srv/scratch/z5358697/.automated/3932/0_PRESCREENING/CONF1/sp/sp.gbw.
2025-04-03 20:14:28,025 -   censo.qm_processor   -  DEBUG   - worker309121:Running ['/apps/z_install_tree/linux-rocky8-ivybridge/gcc-12.2.0/orca-6.0.0-srtngmq3qlimg2qxbl6avaaiffipurdx/bin/orca', 'sp_gas.inp']...
2025-04-03 20:14:28,031 -   censo.qm_processor   -  DEBUG   - worker309121:Started (PID: 309126).
2025-04-03 20:14:49,013 -   censo.qm_processor   -  DEBUG   - worker309121:Done.
2025-04-03 20:14:49,030 -  censo.orca_processor  -  DEBUG   - worker309121:Copying .gbw file from /srv/scratch/z5358697/.automated/3932/0_PRESCREENING/CONF1/sp/sp.gbw.
2025-04-03 20:14:49,051 -   censo.qm_processor   -  DEBUG   - worker309121:Running ['/apps/z_install_tree/linux-rocky8-ivybridge/gcc-12.2.0/orca-6.0.0-srtngmq3qlimg2qxbl6avaaiffipurdx/bin/orca', 'sp_solv.inp']...
2025-04-03 20:14:49,055 -   censo.qm_processor   -  DEBUG   - worker309121:Started (PID: 309191).
2025-04-03 20:15:09,828 -   censo.qm_processor   -  DEBUG   - worker309121:Done.
2025-04-03 20:15:09,834 -     censo.parallel     -  DEBUG   - Free cores increased 0 -> 1.
2025-04-03 20:15:09,841 -     censo.parallel     -  DEBUG   - Checking for failed jobs...
2025-04-03 20:15:09,841 -     censo.parallel     -   INFO   - All jobs executed successfully.
2025-04-03 20:15:09,893 -     censo.parallel     -  DEBUG   - Free cores decreased 1 -> 0.
2025-04-03 20:15:09,897 -   censo.qm_processor   -  DEBUG   - worker309229:Running on 1 cores.
2025-04-03 20:15:09,915 -   censo.qm_processor   -   INFO   - worker309229:Running xtb_opt calculation in /srv/scratch/z5358697/.automated/3932/2_OPTIMIZATION/CONF1/xtb_opt.
2025-04-03 20:15:09,949 -  censo.orca_processor  -  DEBUG   - worker309229:Copying .gbw file from /srv/scratch/z5358697/.automated/3932/1_SCREENING/CONF1/gsolv/sp_solv.gbw.
2025-04-03 20:15:10,117 -   censo.qm_processor   -  DEBUG   - worker309229:Running ['/srv/scratch/z5358697/.xtb/bin/xtb', 'xtb_opt.coord', '--opt', 'normal', '--orca', '-I', 'xtb_opt-xcontrol-inp']...
2025-04-03 20:15:10,124 -   censo.qm_processor   -  DEBUG   - worker309229:Started (PID: 309234).
2025-04-03 20:16:46,402 -   censo.qm_processor   -  DEBUG   - worker309229:Done.
2025-04-03 20:16:46,411 -     censo.parallel     -  DEBUG   - Free cores increased 0 -> 1.
2025-04-03 20:16:46,420 -     censo.parallel     -  DEBUG   - Checking for failed jobs...
2025-04-03 20:16:46,420 -     censo.parallel     -   INFO   - All jobs executed successfully.
2025-04-03 20:16:46,426 -     censo.parallel     -  DEBUG   - Free cores decreased 1 -> 0.
2025-04-03 20:16:46,430 -   censo.qm_processor   -  DEBUG   - worker309586:Running on 1 cores.
2025-04-03 20:16:46,448 -   censo.qm_processor   -   INFO   - worker309586:Running xtb_rrho calculation in /srv/scratch/z5358697/.automated/3932/2_OPTIMIZATION/CONF1/xtb_rrho.
2025-04-03 20:16:46,471 -   censo.qm_processor   -  DEBUG   - worker309586:Running ['/srv/scratch/z5358697/.xtb/bin/xtb', 'xtb_rrho.coord', '--gfn2', '--ohess', 'vtight', '--chrg', '0', '--enso', '--norestart', '-I', 'rrho-xcontrol-inp', '--parallel', '1', '--alpb', 'water']...
2025-04-03 20:16:46,477 -   censo.qm_processor   -  DEBUG   - worker309586:Started (PID: 309591).
2025-04-03 20:16:46,738 -   censo.qm_processor   -  DEBUG   - worker309586:Done.
2025-04-03 20:16:46,741 -     censo.parallel     -  DEBUG   - Free cores increased 0 -> 1.
2025-04-03 20:16:46,747 -     censo.parallel     -  DEBUG   - Checking for failed jobs...
2025-04-03 20:16:46,748 -     censo.parallel     -   INFO   - All jobs executed successfully.
2025-04-03 20:16:46,748 -censo.ensembleopt.optimization-  DEBUG   - Writing to /srv/scratch/z5358697/.automated/3932/2_OPTIMIZATION.out.
2025-04-03 20:16:46,759 -censo.ensembleopt.optimization-  DEBUG   - Writing to /srv/scratch/z5358697/.automated/3932/2_OPTIMIZATION.out.
2025-04-03 20:16:46,793 -     censo.parallel     -  DEBUG   - Free cores decreased 1 -> 0.
2025-04-03 20:16:46,797 -   censo.qm_processor   -  DEBUG   - worker309606:Running on 1 cores.
2025-04-03 20:16:48,175 -   censo.qm_processor   -   INFO   - worker309606:Running gsolv calculation in /srv/scratch/z5358697/.automated/3932/3_REFINEMENT/CONF1/gsolv.
2025-04-03 20:16:48,189 -  censo.orca_processor  -  DEBUG   - worker309606:Copying .gbw file from /srv/scratch/z5358697/.automated/3932/2_OPTIMIZATION/CONF1/xtb_opt/xtb_opt.gbw.
2025-04-03 20:16:48,336 -   censo.qm_processor   -  DEBUG   - worker309606:Running ['/apps/z_install_tree/linux-rocky8-ivybridge/gcc-12.2.0/orca-6.0.0-srtngmq3qlimg2qxbl6avaaiffipurdx/bin/orca', 'sp_gas.inp']...
2025-04-03 20:16:48,341 -   censo.qm_processor   -  DEBUG   - worker309606:Started (PID: 309611).
2025-04-03 20:17:53,299 -   censo.qm_processor   -  DEBUG   - worker309606:Done.
2025-04-03 20:17:53,322 -  censo.orca_processor  -  DEBUG   - worker309606:Copying .gbw file from /srv/scratch/z5358697/.automated/3932/2_OPTIMIZATION/CONF1/xtb_opt/xtb_opt.gbw.
2025-04-03 20:17:53,761 -   censo.qm_processor   -  DEBUG   - worker309606:Running ['/apps/z_install_tree/linux-rocky8-ivybridge/gcc-12.2.0/orca-6.0.0-srtngmq3qlimg2qxbl6avaaiffipurdx/bin/orca', 'sp_solv.inp']...
2025-04-03 20:17:53,764 -   censo.qm_processor   -  DEBUG   - worker309606:Started (PID: 309707).
2025-04-03 20:19:04,541 -   censo.qm_processor   -  DEBUG   - worker309606:Done.
2025-04-03 20:19:04,546 -     censo.parallel     -  DEBUG   - Free cores increased 0 -> 1.
2025-04-03 20:19:04,551 -     censo.parallel     -  DEBUG   - Checking for failed jobs...
2025-04-03 20:19:04,552 -     censo.parallel     -   INFO   - All jobs executed successfully.
2025-04-03 20:19:04,552 -censo.ensembleopt.refinement-  DEBUG   - Writing to /srv/scratch/z5358697/.automated/3932/3_REFINEMENT.out.
