----------------------------------------------- 
  Element       SASA      Sigma Z        Total  
     Z         Ang**2 cal/Ang**2/mol   kcal/mol 
----------------------------------------------- 
      H        239.134      48.690      11.643
      C         55.300     129.740       7.175
      O         30.111       0.000       0.000
      P          1.932       0.000       0.000
      S        112.992      -9.100      -1.028

 Subtotal:     439.469                  17.790
 -----------------------------------------------

  Elements    COT*SASA   Sigma Z,Z'     Total   
    Z,Z'       Ang**2  cal/Ang**2/mol kcal/mol  
 ---------------------------------------------- 
  H   C        160.813     -60.770      -9.773
  H   O          0.000       0.000       0.000
  C   C         32.043     -72.950      -2.338
  O   C          0.000      68.690       0.000
  O   O          0.000       0.000       0.000
  O   P         20.634      68.850       1.421

 Subtotal:                             -10.690
 ---------------------------------------------- 

 NONAQUEOUS SOLVENT CONTRIBUTION (kcal/mol):
 (proportional to SASA, atomic number independent)
 ---------------------------------------------- 
 Subtotal:                               0.000
 ---------------------------------------------- 

 CDS TOTAL (kcal/mol):                   7.100
...............................................................................
