41
 energy: -65.047498629435 gnorm: 0.051593113108 xtb: 6.7.1 (edcfbbe)
C            5.31105272430670       -1.64394902395999       -1.05005009605023
C            4.33656149480528       -0.51251584314980       -1.26230516546043
O            3.34700002026561       -0.57514101383534       -0.18265337569165
P            2.37448918280410        0.66851990571595        0.12606334238892
S            3.21613957155358        2.41967155780568        0.28527063597923
O            1.56031815330741        0.09926975426047        1.37888074528510
C            2.02592454075889        0.28006606811880        2.76258073057874
C            3.23665092379423       -0.56710217528956        3.07396738177647
S            0.91292600844005        0.74276392317328       -1.39016340751369
C            0.23752556923706       -0.97153268608108       -1.43061754163025
S           -0.97584964147218       -1.46924831855275       -0.14096429263104
P           -2.55536290881944       -0.10118927187878       -0.51883642813252
S           -3.02215916383171        0.17442209910155       -2.38694062516031
O           -2.17445117640039        1.28611440550906        0.18942935401967
C           -1.76486231176986        1.36901462582820        1.60227243347044
C           -2.86553971656403        2.00612330568592        2.41580431849561
O           -3.67204112905034       -0.68508807046876        0.48207577431841
C           -4.77436775214915       -1.56063386557378        0.05320678723722
C           -4.33508116659542       -2.99611718304563       -0.10217136330810
H            4.80342130202998       -2.61286117401855       -1.07315666227336
H            6.05366257856212       -1.62233090677118       -1.85511989467613
H            5.83428612432764       -1.53323753842331       -0.09518428591721
H            3.80501821437269       -0.60540255253761       -2.21530228072571
H            4.83989260371711        0.45896489257136       -1.22088965050766
H            2.21707185163318        1.34678173534700        2.92084265764635
H            1.16089530714711       -0.02012990423735        3.35870348467664
H            3.05830871854397       -1.61612234720173        2.81753095872731
H            4.12738191910664       -0.21468400840114        2.54558503042886
H            3.43095843221842       -0.50359127542862        4.14910321808066
H            1.05406176601681       -1.69773325782834       -1.35970983309790
H           -0.23202006324550       -1.06926091360671       -2.41587901325186
H           -1.51316466401486        0.37103756106258        1.97472474467399
H           -0.85632172578073        1.97849464242395        1.59894437827803
H           -3.75876231524003        1.37523053729990        2.43915923765589
H           -2.50582172584736        2.13520687510223        3.44164968483373
H           -3.12939696089098        2.99119713033493        2.01845442198079
H           -5.51109008394215       -1.45066937619060        0.85143176237272
H           -5.19191823317694       -1.15699676684638       -0.87438567336221
H           -3.64893753001439       -3.11924511981000       -0.94489672163266
H           -3.85524152014405       -3.36177575910788        0.81067201511940
H           -5.22288093049544       -3.60878632295842       -0.29331401039459
41
 energy: -65.051997322702 gnorm: 0.026879940621 xtb: 6.7.1 (edcfbbe)
C            5.30389246337763       -1.63925077109969       -1.05140966873009
C            4.32241481732405       -0.50724728409997       -1.25876847458036
O            3.32412699129552       -0.57239912054949       -0.20220710620059
P            2.36759399088742        0.67336466559751        0.12579331526010
S            3.27034756265314        2.40086131834292        0.34961989593124
O            1.55764749275411        0.10427651041187        1.37420151861127
C            2.02166002904722        0.27935471085990        2.74785708187584
C            3.23196125134292       -0.56490465720067        3.06741968646124
S            0.86109026661965        0.71046075067048       -1.35519689981753
C            0.23340375648490       -1.00393036311298       -1.43593986631063
S           -0.92750191340133       -1.43588214203633       -0.09534846295118
P           -2.54048293674822       -0.11744198546298       -0.50672000745483
S           -3.02900128692878        0.16672689671708       -2.37426963220064
O           -2.15005517573274        1.26328388562790        0.19413772974320
C           -1.76281461111194        1.36244002535094        1.59861382362600
C           -2.86156094472602        2.00189993334149        2.41546966036517
O           -3.67740470611117       -0.67815356471072        0.47649125268123
C           -4.76360731203127       -1.55062191502697        0.04828252681173
C           -4.32736663351456       -2.98885600728951       -0.10351492683426
H            4.79470718619501       -2.60017700751422       -1.07128583333900
H            6.04493656392209       -1.61705326677878       -1.84883432767722
H            5.81550435599978       -1.53180359211230       -0.09716369916462
H            3.80134687595189       -0.59308914677877       -2.21603200249592
H            4.81836581487532        0.46665197810190       -1.20663488562633
H            2.22550649738262        1.34327749381939        2.90301739714579
H            1.15661343368116       -0.02201796423151        3.34145235132460
H            3.05136027631896       -1.60531886609867        2.80376243337776
H            4.10832854014749       -0.20845870604202        2.52714300976611
H            3.43198930652803       -0.50063332604512        4.13636181537618
H            1.06095140572962       -1.70703178162381       -1.35170968812885
H           -0.26598085921647       -1.08084648179010       -2.40371620871396
H           -1.52117456383459        0.36161381061755        1.96576194210450
H           -0.85751323399419        1.97569382786617        1.59125662820767
H           -3.74937298798577        1.37257895986379        2.42382167615322
H           -2.51037494446004        2.13321208952162        3.43806657042342
H           -3.12317842293769        2.97575440607363        2.00592953884416
H           -5.50097095083727       -1.43882693787179        0.84526894553744
H           -5.16798104523146       -1.15458106341427       -0.88740255279042
H           -3.63610348511684       -3.10002385416332       -0.93778902832767
H           -3.84568755842166       -3.34419257173147        0.80544380146017
H           -5.20733901867284       -3.60117454186110       -0.29741655313733
41
 energy: -65.053710302411 gnorm: 0.011552861182 xtb: 6.7.1 (edcfbbe)
C            5.29171903174718       -1.63376992427748       -1.05008933474841
C            4.30157827188701       -0.50453446563721       -1.25731086185174
O            3.29168615817243       -0.58930857261582       -0.22706208586919
P            2.34278263069450        0.64940754510955        0.12546899683985
S            3.26919178728902        2.36070124433683        0.36913605913782
O            1.54672691916841        0.08837503601267        1.37797544043758
C            2.01137366000735        0.27586572987743        2.73720320796202
C            3.22687484231066       -0.56442689442981        3.05488640131241
S            0.82431997673210        0.72350899565077       -1.35256715866907
C            0.22726220164014       -0.99737186966403       -1.40031786595532
S           -0.90644799293204       -1.45250091228576       -0.05999765239816
P           -2.51560145993517       -0.12683094080743       -0.49253479398087
S           -3.00348166174491        0.13823530539119       -2.36402950058529
O           -2.12199205110195        1.24765357171420        0.20157131864097
C           -1.75263871016515        1.35699610089240        1.59729642729043
C           -2.85922842912567        1.99525094816431        2.40858988488018
O           -3.67055151508023       -0.66939031518268        0.47075114931924
C           -4.74292172635737       -1.53629144373376        0.04231682316878
C           -4.30754103669359       -2.97773249538417       -0.10590298126187
H            4.78191882930120       -2.59023139550022       -1.07221752766914
H            6.03251495634388       -1.60494350626688       -1.84108260725819
H            5.79131142778923       -1.52656757748419       -0.09337891523074
H            3.80091374272160       -0.58304884676806       -2.22570483179002
H            4.78976939669080        0.47281152609591       -1.18781233440651
H            2.22517750375597        1.33904135779968        2.88282870088346
H            1.15032122810057       -0.02264173982676        3.33631739751929
H            3.04538531271429       -1.60075562918177        2.79058284485426
H            4.08924953714783       -0.20298699443253        2.49961291489891
H            3.43638536216559       -0.49461212539165        4.11758498423178
H            1.06096880392937       -1.68807912427273       -1.32572811659624
H           -0.29013545519867       -1.07465135739538       -2.35502246687428
H           -1.51492300507201        0.35708782985623        1.96838089242617
H           -0.85244595137374        1.97696912035909        1.59376135725923
H           -3.74183894910004        1.36355961415834        2.40407076948330
H           -2.51637274235440        2.12862794502004        3.42912954840999
H           -3.11890437937222        2.96151683580941        1.98886266057495
H           -5.48534253180191       -1.42541876062964        0.83453567864150
H           -5.13916587904244       -1.14946427720346       -0.90065408306554
H           -3.61109182379142       -3.07833475149112       -0.93419387203363
H           -3.82665607666883       -3.32519451667064        0.80252522820362
H           -5.18187391589373       -3.58898592557731       -0.30396891952496
41
 energy: -65.054391992510 gnorm: 0.007148648321 xtb: 6.7.1 (edcfbbe)
C            5.27395958504927       -1.62735158847909       -1.04701122354169
C            4.28145047849629       -0.49900724775987       -1.26122974732012
O            3.25718791116117       -0.59883503371123       -0.25320692060911
P            2.33278015064351        0.64545351748300        0.13242766448368
S            3.27951117424415        2.34173395615227        0.38868095770159
O            1.53522516951695        0.08288540704193        1.37670140827739
C            1.99768802614351        0.27279712673047        2.73009509554604
C            3.21950695114200       -0.56601397730055        3.04010703052046
S            0.80830615743711        0.71767581780206       -1.33555008988854
C            0.21592421258740       -1.00382281120430       -1.37861416595619
S           -0.90285857328413       -1.46513010825674       -0.03372447665678
P           -2.50137259985817       -0.12913416104567       -0.47949051655305
S           -2.95804059869494        0.11004724661658       -2.36178628562938
O           -2.09845456914397        1.23953631290780        0.20774905229131
C           -1.73809267187961        1.35369526785981        1.59999959912396
C           -2.85821750307822        1.98926009385298        2.39889810432651
O           -3.66834824326223       -0.65676223288985        0.47069926031663
C           -4.72927899163020       -1.52418890995232        0.03905109408706
C           -4.28404234237150       -2.96560153040117       -0.10678994844804
H            4.76384954547501       -2.58400649736489       -1.07557597367513
H            6.01943799900851       -1.59308684364491       -1.83277955745793
H            5.76483958827839       -1.51931909681512       -0.08528192112055
H            3.80403609084265       -0.56955967562546       -2.24333893415763
H            4.76797454300027        0.47878739438893       -1.17343637997500
H            2.21642980268337        1.33541807032670        2.87483959447800
H            1.14107575574991       -0.02284193536039        3.33654918529641
H            3.03846079760680       -1.60319589963526        2.77782437410785
H            4.07427420142900       -0.20042892937729        2.47464116987084
H            3.43939463610631       -0.49259094772001        4.09970764167224
H            1.05832192080689       -1.68512735061114       -1.31489504402605
H           -0.30936065568969       -1.09026403536585       -2.32801646169041
H           -1.49766630045493        0.35851507434931        1.98408041226286
H           -0.84213228759542        1.98001745189671        1.60662879754111
H           -3.73731341685081        1.35196204446096        2.38645119240268
H           -2.52446320531232        2.12598801564425        3.42124054320040
H           -3.11751163358306        2.95317662137025        1.97260523953668
H           -5.48128941479138       -1.41868245199350        0.82304560485128
H           -5.12254999443411       -1.14585594481714       -0.90935485927610
H           -3.58163001272734       -3.05868754064355       -0.93177755194231
H           -3.80548235909809       -3.30901279329928        0.80478454457683
H           -5.15325303616474       -3.58090753147195       -0.31113473194125
41
 energy: -65.054620353267 gnorm: 0.005483452329 xtb: 6.7.1 (edcfbbe)
C            5.26250067017116       -1.62287236198254       -1.04295706884131
C            4.26884651204911       -0.49687048898969       -1.26388101692029
O            3.23090013839753       -0.60907562977434       -0.27190521691542
P            2.31704744443173        0.63611015488918        0.13114623451181
S            3.27185273885917        2.32573450778040        0.38888180370041
O            1.52314633151433        0.07301664505158        1.37504849661749
C            1.98875711229758        0.26851496426484        2.72643803079089
C            3.21532854288426       -0.56772454471736        3.03012576089285
S            0.78632798460476        0.72514070989995       -1.33167033539704
C            0.21508783962560       -1.00729910147238       -1.36417944684874
S           -0.89697001522403       -1.46815572327164       -0.01326351262128
P           -2.49128296862727       -0.13097788186556       -0.47147558784409
S           -2.92954999312978        0.10056643674188       -2.35923628434107
O           -2.08057010995735        1.23545194897968        0.20931789611303
C           -1.72809733304393        1.35458571072494        1.60356138786913
C           -2.85865871616993        1.98620825674385        2.39251077545001
O           -3.66827495492775       -0.64354788484309        0.47157989323873
C           -4.72178510419278       -1.51716118006355        0.03625766444476
C           -4.26439264393146       -2.95623779425650       -0.10651711565005
H            4.75412546251597       -2.58179645567799       -1.07750002166665
H            6.01422851603711       -1.58604947173509       -1.82444249456506
H            5.74691974110713       -1.51438091530549       -0.07669232294898
H            3.80756481548325       -0.56358288759801       -2.25447698581355
H            4.75074280236450        0.48250373758290       -1.16399453779013
H            2.20565991860460        1.33192756739143        2.87095132947677
H            1.13745772288721       -0.02628760932019        3.34113941363849
H            3.03442461852510       -1.60735943032092        2.77215837853433
H            4.06510847944307       -0.20089317927521        2.45604048262783
H            3.44527920100511       -0.49118720904415        4.08834367962193
H            1.06626298791914       -1.68130928473724       -1.30837714481579
H           -0.31473631364754       -1.10538271760786       -2.31147846269039
H           -1.48191640719247        0.36363906835647        1.99698507830756
H           -0.83501111740171        1.98539453882237        1.61759514492012
H           -3.73469659275909        1.34309516833404        2.37474877227356
H           -2.53455970759828        2.12708880680898        3.41870948108590
H           -3.11951762622482        2.94923193810154        1.96235258547635
H           -5.48197851750992       -1.41737050193233        0.81339749971749
H           -5.11458098681687       -1.14461146306228       -0.91522813766262
H           -3.55643487877520       -3.04470022373678       -0.92860047223100
H           -3.78799560795180       -3.29668591788360        0.80872884167736
H           -5.12828369814181       -3.57915595786278       -0.31632968881684
41
 energy: -65.054693048045 gnorm: 0.003583194843 xtb: 6.7.1 (edcfbbe)
C            5.25675026249188       -1.61995289862245       -1.03944767965591
C            4.26325958804181       -0.49590756168775       -1.26576496295472
O            3.21753197740925       -0.61129342900409       -0.28133442873178
P            2.30946122016144        0.63526296063980        0.12926623193113
S            3.26969513177693        2.32190655699300        0.38924564482713
O            1.51682273393038        0.06981376919295        1.37317184148959
C            1.98522459890584        0.26531460143543        2.72543511398639
C            3.21350439383297       -0.56908980986966        3.02518325449380
S            0.77835226286606        0.72107282413261       -1.33221770864078
C            0.21018793853661       -1.01332911786756       -1.36067366764357
S           -0.90071934324897       -1.47649038214132       -0.00869358754755
P           -2.48582658863464       -0.12906568629145       -0.46820520915970
S           -2.91933119040323        0.10230023715343       -2.35716265425553
O           -2.07181190186654        1.23709200816355        0.21035534806030
C           -1.72419388615426        1.35868139485500        1.60725697955722
C           -2.86006933285648        1.98557333860451        2.39116340395134
O           -3.66798547056823       -0.63396393149505        0.47170268233122
C           -4.71686944958741       -1.51527724368643        0.03403283356194
C           -4.25106202811040       -2.95138852036607       -0.10630682899109
H            4.75035266082820       -2.58034916667821       -1.07644997424694
H            6.01261249734898       -1.58360275099983       -1.81790661321353
H            5.73773408506179       -1.51133214901336       -0.07121493022868
H            3.80864367944363       -0.56215234307697       -2.25878969463198
H            4.74099587415158        0.48456413756855       -1.16097102145884
H            2.19874352629570        1.32947469279115        2.87017304280023
H            1.13596174019957       -0.03124567979747        3.34233102855085
H            3.03227655206876       -1.60993009839508        2.77020119174257
H            4.06116115890729       -0.20307651325623        2.44721196599434
H            3.44853046260646       -0.49121735404678        4.08268530537477
H            1.06564130043514       -1.68209473550873       -1.30163246360029
H           -0.31574344078176       -1.11938366254329       -2.30955988665146
H           -1.47323795041770        0.36904967372395        2.00120369252578
H           -0.83334279614637        1.99272753561331        1.62263064378931
H           -3.73359466753859        1.33871885146901        2.37045188517164
H           -2.54172449809599        2.12864387832381        3.41955618151397
H           -3.12316977504662        2.94795058320608        1.96011863996659
H           -5.47986095675840       -1.41900779310056        0.80879479829126
H           -5.10987404042472       -1.14442600735241       -0.91803438647449
H           -3.53998735460873       -3.03721504378926       -0.92626657089957
H           -3.77594245952980       -3.28949413357462        0.81098057731601
H           -5.11082022701783       -3.58032668756409       -0.31870724163444
41
 energy: -65.054733211580 gnorm: 0.001725626407 xtb: 6.7.1 (edcfbbe)
C            5.25362981556489       -1.61792015929413       -1.03536729666518
C            4.26001108887381       -0.49638487431295       -1.26702434031726
O            3.20930250868448       -0.61297806593245       -0.28710559378159
P            2.30264475589839        0.63295893336203        0.12640205493717
S            3.26103190870472        2.32024178103478        0.38403161319293
O            1.51175355571221        0.06578000999619        1.37173162398556
C            1.98291225806637        0.26146753931057        2.72495777327665
C            3.21246813733072       -0.57048086611287        3.02143687555984
S            0.77068955431562        0.71714128265640       -1.33396908686298
C            0.21032372758292       -1.01989423008947       -1.36000899104729
S           -0.90577316431957       -1.47689666953593       -0.01034124691561
P           -2.48619809728794       -0.12472614769399       -0.46669047341110
S           -2.91598551184489        0.10835462076217       -2.35661887106139
O           -2.06665118721317        1.24013143209601        0.21199915503231
C           -1.72198279833271        1.36317732459840        1.61112416655615
C           -2.86151086062253        1.98503176414340        2.39158032025891
O           -3.67127697793710       -0.62412687377885        0.47175712636436
C           -4.71422741956626       -1.51521606227374        0.03263395315924
C           -4.23826826764783       -2.94718843725465       -0.10575862331939
H            4.74900640092581       -2.57921033841412       -1.07329132615672
H            6.01240247332635       -1.58237039644461       -1.81120302715934
H            5.73142057283371       -1.50828811022863       -0.06587795943722
H            3.80930738996300       -0.56420317263055       -2.26090382529839
H            4.73336906525918        0.48540043075728       -1.15992478578747
H            2.19271774737465        1.32643410911078        2.86886248219263
H            1.13468539330428       -0.03788829150063        3.34193966192320
H            3.03116371772807       -1.61211513559891        2.76965408540753
H            4.05815692549153       -0.20560157669745        2.44026411928902
H            3.45104947082699       -0.49065076883117        4.07804849515455
H            1.06761268153224       -1.68504769559466       -1.29330417316938
H           -0.31147660852441       -1.13161382216252       -2.31048058725934
H           -1.46680773391041        0.37400149159788        2.00304673085354
H           -0.83383551376565        2.00097797889344        1.62564144372258
H           -3.73250325466735        1.33513889669672        2.36865358125840
H           -2.54709744945315        2.12953381508367        3.42102586849628
H           -3.12717822902017        2.94656211808292        1.96032903503910
H           -5.47784327537103       -1.42243540210264        0.80688033888910
H           -5.10713447279056       -1.14535535546413       -0.91962139145387
H           -3.52476256527069       -3.02973957982089       -0.92378045405039
H           -3.76356702789247       -3.28220700314548        0.81286789347467
H           -5.09330244635850       -3.58226014912981       -0.31978356826329
41
 energy: -65.054744693006 gnorm: 0.001792156801 xtb: 6.7.1 (edcfbbe)
C            5.25419142685836       -1.61728826894175       -1.03141239430900
C            4.26006617502945       -0.49762619850578       -1.26730994094325
O            3.20803054046518       -0.61272634445452       -0.28812507331315
P            2.29915432617765        0.63167871571394        0.12289019944436
S            3.25465033653290        2.32145306379642        0.38052292345112
O            1.50917108878253        0.06358933091404        1.36969952883867
C            1.98180492163739        0.25814855322020        2.72361697516408
C            3.21212005435960       -0.57167859198310        3.01897346944325
S            0.76576526757988        0.71241199417839       -1.33707977180741
C            0.20638574125824       -1.02366332792739       -1.35897090646199
S           -0.91117728311652       -1.47753439979504       -0.00859253170547
P           -2.48734720462509       -0.12031894753435       -0.46951995496455
S           -2.92179383998286        0.11941736225017       -2.35767018402626
O           -2.06469774749925        1.24302543271182        0.21202311689164
C           -1.72218230363570        1.36659637770309        1.61259576996810
C           -2.86310271861234        1.98397876336127        2.39308079662096
O           -3.67280871673698       -0.61755833588186        0.46908413211517
C           -4.71189093428864       -1.51597447563830        0.03161085859334
C           -4.22843265908371       -2.94453603809320       -0.10548099626197
H            4.75048644201144       -2.57876421509275       -1.06848499429997
H            6.01427185751060       -1.58238753525351       -1.80548181216993
H            5.72940300376909       -1.50544934864261       -0.06127043083562
H            3.81032970779321       -0.56869059579277       -2.26124959056813
H            4.73141084965462        0.48501866176126       -1.16162059645560
H            2.18939417171090        1.32334940282831        2.86742799806625
H            1.13351786749917       -0.04407580456402        3.33889721553418
H            3.03149809479658       -1.61364572009794        2.76948392140249
H            4.05633663015073       -0.20716979218819        2.43599288383959
H            3.45197358267914       -0.48960836883484        4.07485751936865
H            1.06378357097297       -1.68717976463473       -1.28463430202817
H           -0.31146190492327       -1.13894948305874       -2.31091748302294
H           -1.46384492537059        0.37757950368165        2.00214153054357
H           -0.83681980152959        2.00804910106851        1.62599360967033
H           -3.73211026448567        1.33205703187295        2.36923119923645
H           -2.54947438457166        2.12863507929938        3.42230976059129
H           -3.13132590879507        2.94481380751390        1.96245363793019
H           -5.47368788887949       -1.42576696217591        0.80765633902922
H           -5.10629934117178       -1.14765248330348       -0.92027910196867
H           -3.51449087372467       -3.02408086351952       -0.92290814619612
H           -3.75251202920821       -3.27628809599491        0.81334203580866
H           -5.08000863948495       -3.58365387582871       -0.31906443360679
41
 energy: -65.054750857747 gnorm: 0.000917956734 xtb: 6.7.1 (edcfbbe)
C            5.25584763620554       -1.61777921950446       -1.03053181322517
C            4.26121860718602       -0.49805467501997       -1.26692544947763
O            3.21032727661610       -0.61213000874076       -0.28670340736862
P            2.30014580409095        0.63185361932887        0.12254929669678
S            3.25446584818864        2.32229578126937        0.38026616239996
O            1.50944579937954        0.06394194833402        1.36890730401641
C            1.98131475051980        0.25775496403873        2.72253956325400
C            3.21202764517596       -0.57184860394868        3.01839387828521
S            0.76793194546988        0.71149309463579       -1.33849710096718
C            0.20801012399161       -1.02388178617446       -1.35997905171838
S           -0.91277030458005       -1.47666280122715       -0.01248668187630
P           -2.48964274968686       -0.11934890367044       -0.46861633818168
S           -2.92098643206197        0.11868415941297       -2.35771129748623
O           -2.06673299426060        1.24390739654835        0.21287178214591
C           -1.72313315464869        1.36726347401246        1.61240159320077
C           -2.86405495906335        1.98372901657578        2.39425950614417
O           -3.67587404421843       -0.61643094330197        0.46919793097833
C           -4.71345633477189       -1.51578578118573        0.03232071076990
C           -4.22818111878691       -2.94401085637931       -0.10512308422614
H            4.75215220038209       -2.57920617213023       -1.06683922743047
H            6.01585694533943       -1.58281008783161       -1.80443510377715
H            5.73063727686116       -1.50490836667896       -0.06031119840252
H            3.81075703163654       -0.57028922862726       -2.26078564800467
H            4.73341485189393        0.48459640509729       -1.16306319891240
H            2.18938547912334        1.32269268824896        2.86713748062995
H            1.13287634385627       -0.04481315551918        3.33736398496472
H            3.03213550375557       -1.61385265284217        2.76894126131856
H            4.05595341489804       -0.20671097962396        2.43534030239147
H            3.45160132463810       -0.48912914053741        4.07421071187547
H            1.06410017941701       -1.68894741387760       -1.28538902068983
H           -0.31050271845250       -1.13854875237391       -2.31147833257526
H           -1.46437259899687        0.37827767739960        2.00172084502193
H           -0.83827287462662        2.00926507676014        1.62560130514510
H           -3.73269249761675        1.33127936869976        2.37063668403907
H           -2.54917587328777        2.12787925908646        3.42305135219424
H           -3.13314514813168        2.94446946007533        1.96401447709345
H           -5.47509391017203       -1.42663666746566        0.80873297661773
H           -5.10883155012765       -1.14882764889328       -0.91972542752565
H           -3.51455285134517       -3.02217117880134       -0.92300491791800
H           -3.75095155549730       -3.27488148791437        0.81326196528101
H           -5.07890603078884       -3.58418253311661       -0.31830199809431
41
 energy: -65.054753188016 gnorm: 0.000397873842 xtb: 6.7.1 (edcfbbe)
C            5.25711913883308       -1.61809834889208       -1.02993669130020
C            4.26201911288791       -0.49844870799912       -1.26672622844493
O            3.21202655381553       -0.61202382228151       -0.28576152740229
P            2.30108200564802        0.63186872816980        0.12256941312178
S            3.25403725718873        2.32260440474902        0.37954601676220
O            1.50957593751120        0.06414303815124        1.36825255410680
C            1.98064504294557        0.25757003254422        2.72165457862534
C            3.21185585849044       -0.57196757984826        3.01757354675085
S            0.76909669340256        0.71164763570922       -1.33858801961758
C            0.20721956592168       -1.02309138163211       -1.35941729730706
S           -0.91251855754572       -1.47506197297184       -0.01007633018886
P           -2.48987117720132       -0.11910895248394       -0.46907316719732
S           -2.92031707819076        0.11867505175118       -2.35834558346320
O           -2.06742881102943        1.24404546425920        0.21252120472395
C           -1.72361161529620        1.36722769478677        1.61159046408107
C           -2.86480598969436        1.98303288648592        2.39447841350243
O           -3.67668664120837       -0.61576086606079        0.46829724342847
C           -4.71384226114600       -1.51526718542479        0.03266626423027
C           -4.22787298826954       -2.94359384477057       -0.10513157159061
H            4.75371634717262       -2.57978243547199       -1.06594812692682
H            6.01730087443169       -1.58300312342534       -1.80376182909737
H            5.73175095292120       -1.50453801580336       -0.05958986786701
H            3.81095387776843       -0.57148259664755       -2.26037163363948
H            4.73473167235980        0.48427674460267       -1.16423211403875
H            2.18886215661189        1.32239557885091        2.86727573534660
H            1.13239918146520       -0.04518821998108        3.33671593336663
H            3.03247786480515       -1.61415284441028        2.76811104579898
H            4.05567515839556       -0.20634196631249        2.43448376971814
H            3.45143076679835       -0.48899073462426        4.07343890181369
H            1.06272193003087       -1.68943713111604       -1.28611454937296
H           -0.31218479126166       -1.13789394884042       -2.31060138683274
H           -1.46410768310633        0.37861512351370        2.00165212387842
H           -0.83907076609146        2.00966946080690        1.62557674142846
H           -3.73313898534362        1.32998430176349        2.37126391402901
H           -2.54925313129963        2.12691551714068        3.42325480744112
H           -3.13478991328684        2.94391162393671        1.96488312697520
H           -5.47540123146856       -1.42687458911445        0.80934913283358
H           -5.11086082206791       -1.14933572571851       -0.91914876477647
H           -3.51493736197958       -3.02106058365176       -0.92380728686691
H           -3.74941940957838       -3.27403738948892        0.81288283734191
H           -5.07830244683621       -3.58450697611279       -0.31759301676775
41
 energy: -65.054753877686 gnorm: 0.000263182985 xtb: 6.7.1 (edcfbbe)
C            5.25766575614486       -1.61797710029195       -1.02909512262384
C            4.26222097011102       -0.49892112267884       -1.26673060322395
O            3.21216939205812       -0.61197928370962       -0.28567058571247
P            2.30083117416906        0.63201528752380        0.12198910257309
S            3.25440345284992        2.32287877770534        0.37962445846262
O            1.50915441686543        0.06422961356947        1.36762259436788
C            1.98028056177418        0.25712641185274        2.72111191566209
C            3.21176978277031       -0.57202645646566        3.01680760992611
S            0.76897254466861        0.71090048267877       -1.33947507639315
C            0.20660727915600       -1.02375387147997       -1.35919270754750
S           -0.91360881295030       -1.47511918433988       -0.00977983057343
P           -2.49002052986508       -0.11825622971565       -0.46929994918778
S           -2.91986608946787        0.11947992574832       -2.35872167281793
O           -2.06779157150188        1.24494144580060        0.21240192075038
C           -1.72399018419400        1.36806928766228        1.61148582968133
C           -2.86553117768995        1.98249298183872        2.39489947088126
O           -3.67746947234289       -0.61422186258024        0.46765910612532
C           -4.71377543937413       -1.51513510568316        0.03283153722290
C           -4.22631733564348       -2.94291544157304       -0.10515535628511
H            4.75481344689350       -2.57997343441834       -1.06501934099812
H            6.01824372858105       -1.58292738237735       -1.80262068917267
H            5.73193010538310       -1.50388986482280       -0.05861731378086
H            3.81113786330372       -0.57288507645183       -2.26023034562457
H            4.73462850789176        0.48401481814923       -1.16504029329651
H            2.18786262586267        1.32202746084407        2.86741025043650
H            1.13223676145966       -0.04631946505200        3.33616453003577
H            3.03253461354908       -1.61430009564820        2.76750193951532
H            4.05538077791811       -0.20632213458302        2.43349017671547
H            3.45160658852424       -0.48896504676596        4.07263607237661
H            1.06191972422991       -1.69044748400876       -1.28553935799477
H           -0.31272377008150       -1.13887158548330       -2.31040889757740
H           -1.46333386584476        0.37961182571758        2.00124148724762
H           -0.84001825832265        2.01133232953287        1.62552816893749
H           -3.73327627488953        1.32866355452285        2.37178527261279
H           -2.54981379108703        2.12626988916461        3.42369507231789
H           -3.13650501483758        2.94335321634103        1.96585203839921
H           -5.47495500260714       -1.42760447084729        0.80998873428407
H           -5.11200835614847       -1.14963803023979       -0.91865209767440
H           -3.51391287859892       -3.01979084732465       -0.92434163392049
H           -3.74696525253098       -3.27282387967203        0.81260909964186
H           -5.07621070868257       -3.58480850830155       -0.31693273716204
41
 energy: -65.054754097189 gnorm: 0.000142223535 xtb: 6.7.1 (edcfbbe)
C            5.25806219616340       -1.61786873467437       -1.02860326377418
C            4.26231067805461       -0.49932431247025       -1.26671004310275
O            3.21229088169972       -0.61226662523998       -0.28556961591788
P            2.30074773831714        0.63179344225972        0.12184070690845
S            3.25365790745359        2.32284485733829        0.37871870243538
O            1.50898274424632        0.06416709112367        1.36748769971939
C            1.98013708909799        0.25683436699617        2.72100682400216
C            3.21177644887202       -0.57204041628871        3.01641122065895
S            0.76918047854369        0.71041299043998       -1.33976279168351
C            0.20634302522024       -1.02408516099463       -1.35907658505332
S           -0.91388551388110       -1.47457757687138       -0.00944398660543
P           -2.49013591638129       -0.11771910110643       -0.46943900944945
S           -2.91960679985395        0.11992598618529       -2.35899786429990
O           -2.06806511640993        1.24550576644799        0.21233248662534
C           -1.72425453567449        1.36862202242756        1.61143618111109
C           -2.86599677695275        1.98203813813331        2.39516982428007
O           -3.67793594329320       -0.61327064962879        0.46725492140553
C           -4.71371227468769       -1.51507374940329        0.03300167862010
C           -4.22540973888684       -2.94244278754297       -0.10530768062963
H            4.75565217452449       -2.58007328206823       -1.06446846972925
H            6.01878623420616       -1.58270253455769       -1.80196567013047
H            5.73208606842337       -1.50346618942612       -0.05808343562911
H            3.81124663826574       -0.57389888306566       -2.26014431188484
H            4.73429357216787        0.48383641873509       -1.16538296761521
H            2.18729629685465        1.32180466006362        2.86750372145029
H            1.13214257079525       -0.04709417308690        3.33590090710828
H            3.03261111244681       -1.61428045486514        2.76700930479992
H            4.05521756470297       -0.20620281855744        2.43299351360420
H            3.45173911021307       -0.48909251630717        4.07219131929950
H            1.06146858584739       -1.69087779911855       -1.28497039534858
H           -0.31300854855912       -1.13924661231337       -2.31023357586044
H           -1.46286425848428        0.38020422593501        2.00077129202899
H           -0.84070702501082        2.01248381685463        1.62534972857885
H           -3.73330398879695        1.32769395619278        2.37201348824452
H           -2.55021453222758        2.12574510522002        3.42393550332836
H           -3.13766929754501        2.94281063800930        1.96643722132081
H           -5.47440248703831       -1.42807058651779        0.81069174632634
H           -5.11271925307860       -1.14971481766717       -0.91822256018341
H           -3.51354114456518       -3.01894238453556       -0.92495831900575
H           -3.74526018895557       -3.27201673234599        0.81213124720157
H           -5.07505948833024       -3.58484023957145       -0.31643591654838
41
 energy: -65.054754089003 gnorm: 0.000140351274 xtb: 6.7.1 (edcfbbe)
C            5.25819988814923       -1.61782513101665       -1.02839002063207
C            4.26232522731113       -0.49946527253883       -1.26670974872945
O            3.21224503736469       -0.61233309727540       -0.28559922562627
P            2.30067424813139        0.63180030954460        0.12168772436055
S            3.25383532170949        2.32285249698099        0.37875350635202
O            1.50888712071005        0.06420374867383        1.36733637997552
C            1.98007180918642        0.25671790995961        2.72088926354684
C            3.21177958801176       -0.57203881076318        3.01623293461994
S            0.76910438801749        0.71021694717964       -1.33996783209751
C            0.20621856039475       -1.02428501658875       -1.35900821845313
S           -0.91411645228264       -1.47456414240691       -0.00944490384485
P           -2.49018551453665       -0.11750626362941       -0.46944900484684
S           -2.91942483844276        0.12000608529306       -2.35908056496216
O           -2.06816668763893        1.24575080550927        0.21230799967703
C           -1.72434190616141        1.36887023407243        1.61142126827465
C           -2.86620110303681        1.98185548767831        2.39527250194181
O           -3.67815079761769       -0.61286555401405        0.46712162907134
C           -4.71372030056088       -1.51503425557507        0.03309344835952
C           -4.22503592306906       -2.94223689332905       -0.10536055404061
H            4.75594489200412       -2.58011138557580       -1.06422312119997
H            6.01900666857694       -1.58263939313522       -1.80167644369206
H            5.73211496854889       -1.50328043939644       -0.05783700602180
H            3.81130348819248       -0.57427726969560       -2.26014012699745
H            4.73417276859803        0.48376975331741       -1.16554683238107
H            2.18706976385144        1.32170370256587        2.86752426897198
H            1.13211286846074       -0.04740368432588        3.33574167247956
H            3.03268312962371       -1.61428290839714        2.76679822585319
H            4.05516534256088       -0.20612142212751        2.43279676595424
H            3.45178174667969       -0.48912747524938        4.07200719784235
H            1.06132963996739       -1.69107269236971       -1.28475447359229
H           -0.31311259900502       -1.13949560236994       -2.31015223101611
H           -1.46262777437118        0.38048268962046        2.00061461042759
H           -0.84098313954586        2.01298914379032        1.62529484388398
H           -3.73331529233913        1.32726694754858        2.37209889469024
H           -2.55040032522989        2.12554445720836        3.42403243037442
H           -3.13817982194564        2.94259344883543        1.96666335998485
H           -5.47422044803335       -1.42826699454343        0.81099564368918
H           -5.11307378621413       -1.14974879919541       -0.91801560841313
H           -3.51339584797625       -3.01855011291575       -0.92522222869715
H           -3.74452987080416       -3.27168132956173        0.81193482628705
H           -5.07456774973567       -3.58487587764453       -0.31622847476734
41
 energy: -65.054754164738 gnorm: 0.000065103977 xtb: 6.7.1 (edcfbbe)
C            5.25816097535193       -1.61782237194632       -1.02855831336082
C            4.26222515691623       -0.49944308621294       -1.26669920077438
O            3.21212348353873       -0.61255761831943       -0.28566402627280
P            2.30072143598334        0.63165257072316        0.12179388637816
S            3.25409850018570        2.32253750937498        0.37888042167711
O            1.50896380534952        0.06423012479846        1.36747633219753
C            1.98014412622665        0.25686091168956        2.72101108037267
C            3.21182701776883       -0.57198360988304        3.01631670465802
S            0.76902888291036        0.71053351125879       -1.33972835618206
C            0.20624283886072       -1.02407299059176       -1.35883740312524
S           -0.91375844923344       -1.47438162015516       -0.00911680426332
P           -2.49010806723372       -0.11771286596721       -0.46945905073024
S           -2.91938984517628        0.11969604720386       -2.35907712099701
O           -2.06808717415968        1.24554456198706        0.21224424294010
C           -1.72423828972953        1.36868005952110        1.61137114194749
C           -2.86610989682180        1.98184877641714        2.39510605459463
O           -3.67790245608982       -0.61320590308639        0.46720655512570
C           -4.71372944811145       -1.51501466396975        0.03314623077204
C           -4.22539881640954       -2.94233844814947       -0.10546323662899
H            4.75589616269389       -2.58010869477461       -1.06444419827526
H            6.01888234508757       -1.58249193553368       -1.80190855059582
H            5.73213235816249       -1.50334418655904       -0.05801488771912
H            3.81124699801805       -0.57408161263960       -2.26019358571860
H            4.73403306350239        0.48380460382696       -1.16534779482632
H            2.18728217104491        1.32182345989248        2.86752362940538
H            1.13216075921872       -0.04711001170457        3.33589275697959
H            3.03275508618300       -1.61420008971559        2.76672592958070
H            4.05525870289167       -0.20596399815806        2.43298590803842
H            3.45177230623751       -0.48920330608760        4.07211099545111
H            1.06142174819874       -1.69078413974771       -1.28488609309309
H           -0.31322926852850       -1.13921049272842       -2.30991609541412
H           -1.46265413469903        0.38030634726965        2.00069374153994
H           -0.84083105312947        2.01272054034434        1.62528071093555
H           -3.73329111241529        1.32733439864784        2.37190155580100
H           -2.55036844379036        2.12557022955333        3.42387397784106
H           -3.13799063425732        2.94258456706441        1.96641101293189
H           -5.47418723117157       -1.42812349607600        0.81108181581003
H           -5.11301716302050       -1.14959721687503       -0.91793938551104
H           -3.51387443559480       -3.01874890409699       -0.92543397162888
H           -3.74481767763561       -3.27194051281721        0.81174233824580
H           -5.07511803961966       -3.58475209964011       -0.31627617150020
