41
 energy: -65.039365717882 gnorm: 0.053803122383 xtb: 6.7.1 (edcfbbe)
C            4.33914123279954        0.06201292783114       -2.77532110437393
C            4.93405964930129       -0.59285494412292       -1.55099528794863
O            3.92907442022894       -1.28965911303946       -0.73311631374681
P            2.87407964981831       -0.50117345244434        0.18828124777451
S            3.45050794942319        1.20311780394058        0.93452636346787
O            2.61788073621845       -1.71971836722424        1.20856306224744
C            1.38710094751875       -1.86426592942828        1.99410633756105
C            1.33763410017718       -0.93155018579309        3.18172080609184
S            1.14464852395873       -0.41002819394120       -1.06375343736018
C            0.36277194532368        1.17356545318099       -0.57280116212762
S           -0.95679804603216        1.11001449038762        0.69702151837604
P           -2.57884113941377        0.35282183066225       -0.46267629128103
S           -2.65426325152273        0.95846657768351       -2.30912340122964
O           -3.81490889620037        0.68829751506382        0.50658509898255
C           -4.67721729113795        1.87221571919933        0.33222851437487
C           -4.02611016146283        3.14399665391513        0.81961614538546
O           -2.51312203544234       -1.24810881182063       -0.38500010095807
C           -2.51740856031648       -1.98541544070756        0.89136881426174
C           -3.87902147342295       -2.59203251415917        1.13831537087690
H            5.16270649719355        0.43936938402465       -3.39148692422685
H            3.76582175613836       -0.65621586423518       -3.36865817851353
H            3.69573689084389        0.90659647954977       -2.51381566044750
H            5.45291297508006        0.12943838540596       -0.91346573760411
H            5.62785333682992       -1.39014441256990       -1.82368183197383
H            0.52849544807914       -1.71810098608259        1.32778759181657
H            1.41190920070933       -2.91084519854085        2.30934436619170
H            2.22461524153544       -1.04649365091402        3.81371473977715
H            1.25064271606464        0.11536263475335        2.87417026443954
H            0.45222213839016       -1.18810364813844        3.77346623125700
H           -0.05175018526308        1.61105687170389       -1.48555635412944
H            1.14062588099797        1.83585712368737       -0.17551751541205
H           -4.95472561864794        1.93471870172047       -0.72456250716981
H           -5.56279677837969        1.62448760387613        0.91969636008994
H           -4.77634199284960        3.94168170563746        0.78209911951560
H           -3.68400511332615        3.04399050603457        1.85416755954515
H           -3.18503270620419        3.44007905270355        0.18714678042287
H           -1.75218039805475       -2.75644439610342        0.76900336891579
H           -2.21638287875611       -1.31902967103250        1.70669828965651
H           -3.82099721177111       -3.20445755862485        2.04435510816488
H           -4.64143731589254       -1.82291130713327        1.28936134819068
H           -4.17685047605963       -3.23845659067695        0.30697883993886
41
 energy: -65.043849607332 gnorm: 0.029994642150 xtb: 6.7.1 (edcfbbe)
C            4.33549551518506        0.05865846783610       -2.76517768482881
C            4.91849683888790       -0.59371039263129       -1.53268189129743
O            3.91309830351399       -1.27634606695102       -0.72876710321210
P            2.84331023208854       -0.49320274178453        0.16644897428593
S            3.45128625880142        1.21127946176507        0.92461119029911
O            2.60019596595973       -1.70024961406380        1.19228580253422
C            1.38992397312213       -1.85478020840104        1.98288577127466
C            1.33587187443283       -0.92578473224177        3.17454975509620
S            1.08017652067055       -0.43752103733140       -1.04994336953412
C            0.36950171395676        1.17364063721813       -0.57033505794659
S           -0.91317848256134        1.05393271120137        0.71764280539951
P           -2.56443376427131        0.36246502952812       -0.44501456243626
S           -2.65675037751462        0.96493448018069       -2.29956502111200
O           -3.81745602735757        0.68951208184488        0.49744250252853
C           -4.66863122301896        1.86188705611926        0.32258219513931
C           -4.02220928261384        3.13552052571887        0.81319570944259
O           -2.49093721495350       -1.23092396430172       -0.36768705066367
C           -2.51331930154423       -1.97457071480086        0.89058383500261
C           -3.87297577742801       -2.58705816775733        1.13958916608302
H            5.15241572195446        0.43482886948352       -3.38005359884825
H            3.75988227168293       -0.65925214184294       -3.34686394730278
H            3.69075174349005        0.89475132153556       -2.49688445896317
H            5.42707774631869        0.13771567059754       -0.89805717964568
H            5.61047558066299       -1.39515075672679       -1.79801829542872
H            0.52996057080966       -1.70400316285325        1.32262430617704
H            1.42763949662834       -2.90042250526902        2.29673476733622
H            2.22613974103987       -1.04003588583227        3.79042499451456
H            1.25738030869757        0.11496020943788        2.86149373944816
H            0.46020490050101       -1.17597805498927        3.77212096084830
H           -0.07091462355226        1.59890136606490       -1.47381309527392
H            1.15581975881276        1.81671289467926       -0.16545818051506
H           -4.93161991762506        1.93127434859145       -0.73652883496059
H           -5.55448494490426        1.61258643070395        0.90875751322448
H           -4.76189863297943        3.93473056362576        0.77415721039078
H           -3.67795679361054        3.02597351366180        1.83984335910487
H           -3.17838244451341        3.41426028490672        0.18365546554553
H           -1.75107344407727       -2.74670513877819        0.76124033146132
H           -2.22362928854165       -1.30028000593167        1.70103647061208
H           -3.82317031503204       -3.19742092558650        2.04049260398134
H           -4.62658984083345       -1.81482530976853        1.27802326483466
H           -4.16524363381060       -3.21916721262880        0.30321807622350
41
 energy: -65.045642781148 gnorm: 0.012157116481 xtb: 6.7.1 (edcfbbe)
C            4.32415473223077        0.05289068112166       -2.75042095184379
C            4.89972887014759       -0.59755192104657       -1.51005303631004
O            3.89684241863009       -1.26891128867406       -0.72193002316947
P            2.81581351147271       -0.49659185351759        0.15097903390054
S            3.40832039099080        1.22839786250615        0.88270236660916
O            2.58164713027738       -1.68855903584315        1.18159593993817
C            1.38933477599837       -1.85106894495613        1.97170780805219
C            1.33873282811262       -0.91792074338482        3.16362964774757
S            1.04550093844418       -0.44181160514220       -1.05062817819327
C            0.34799671390627        1.16362989281047       -0.55947780997254
S           -0.90174780064636        1.05631790963988        0.75122928775902
P           -2.54265111014923        0.36141762252466       -0.43068554629517
S           -2.62665312824944        0.98400842376076       -2.27995316507330
O           -3.80833278567351        0.68655878502930        0.48599325557672
C           -4.65033866687681        1.84519319850960        0.31037374552981
C           -4.00608222026025        3.12118847103426        0.80503796049243
O           -2.46641608810676       -1.22270710328100       -0.35252153359485
C           -2.50107763645143       -1.96577848909981        0.89174857179563
C           -3.86601311642299       -2.57453421475610        1.13536579627714
H            5.13589857315546        0.42986599396789       -3.36332758128196
H            3.74804618993135       -0.66699042946998       -3.32352244247951
H            3.67687481684143        0.88230696366875       -2.47470708305032
H            5.39949291934646        0.14371354699992       -0.87939584963126
H            5.59494972283301       -1.39820549636263       -1.76848453834439
H            0.52237651569134       -1.69911227037731        1.32219224140202
H            1.43591101685432       -2.89440181920144        2.28857877073004
H            2.23397422252412       -1.03040469734266        3.76632188092552
H            1.26522854839544        0.11744733363676        2.84033104767347
H            0.47041876761879       -1.16042371297973        3.76640160164163
H           -0.10524312608003        1.59129329225044       -1.45260032694710
H            1.14914209324200        1.78894794838471       -0.16110925277964
H           -4.90468047086003        1.92474430785231       -0.75007687277485
H           -5.53975421191104        1.59885467960735        0.89253376877515
H           -4.73678096416504        3.92218839590369        0.76248007639256
H           -3.66297070638350        3.00360378897482        1.82762193629888
H           -3.15861317047435        3.38433576548413        0.17678735662872
H           -1.74530953802245       -2.74308310811554        0.76122918871120
H           -2.21894502906017       -1.29113441495827        1.70352041682672
H           -3.82347093035856       -3.18285138154269        2.03233502000163
H           -4.61157649089964       -1.79683079046331        1.26458885283765
H           -4.15347879911941       -3.19689435892344        0.29440005803697
41
 energy: -65.046108006464 gnorm: 0.006326689824 xtb: 6.7.1 (edcfbbe)
C            4.31006565687110        0.05082872573049       -2.74081573163699
C            4.88300140666745       -0.59771208177214       -1.49585478103487
O            3.87578387780689       -1.26119019639998       -0.71818787373423
P            2.79534054616416       -0.49197228961638        0.14613510741909
S            3.38296739329093        1.24047389760208        0.86461301468895
O            2.56401307230426       -1.67879131919291        1.17397080089454
C            1.38152507009629       -1.84861726704033        1.96722251366832
C            1.34071392968776       -0.90934258895846        3.15735421828594
S            1.02388684435578       -0.45495274038309       -1.05821625631135
C            0.34732940758475        1.15415803867795       -0.55131399125727
S           -0.89748661509347        1.05521545451445        0.75957482233525
P           -2.53457482521424        0.35726365709487       -0.42403857893574
S           -2.59421866303387        0.99412906794153       -2.26872630637034
O           -3.80838175684675        0.67721257604927        0.47772388520066
C           -4.64163570782514        1.83362652786229        0.30221390075699
C           -3.98775488097397        3.10648863487850        0.80021389880963
O           -2.44755827193155       -1.22061476212453       -0.34618535451812
C           -2.48731355851925       -1.96255909390083        0.89452534452381
C           -3.85999829682107       -2.56253818763899        1.12841569657661
H            5.12153085682394        0.42903689939737       -3.35256457143746
H            3.73499549855760       -0.67250730306836       -3.31165366284606
H            3.66021896846919        0.87866418750738       -2.46335425640416
H            5.38070253784237        0.14799673265046       -0.86774702473922
H            5.58281763199977       -1.39596872151508       -1.74932185260205
H            0.50484882830652       -1.70090779178539        1.32857650921572
H            1.43169137923388       -2.89062032622581        2.28772020221716
H            2.24238775778081       -1.02012286053283        3.75227395119472
H            1.26699524595383        0.12424137971283        2.82576265274059
H            0.47608682415989       -1.14638781740847        3.76710112712007
H           -0.11557634665837        1.58764964831056       -1.43669590922758
H            1.15783499112803        1.77597383525387       -0.16538446574485
H           -4.89279526081594        1.92217735453415       -0.75904542613816
H           -5.53725501933899        1.59545528190424        0.87858726117864
H           -4.71047307779212        3.91410334712528        0.75462161566519
H           -3.64785467141165        2.98418883153141        1.82399472395186
H           -3.13544055506430        3.36016910145947        0.17301284814503
H           -1.73685774476262       -2.74580080887337        0.76993283665464
H           -2.20734819362569       -1.29520872627578        1.71379343787178
H           -3.82588818467387       -3.17187513195863        2.02480462618185
H           -4.60073446842172       -1.77860026154352        1.25421256158033
H           -4.14534191978736       -3.18162571929431        0.28353992487997
41
 energy: -65.046271284692 gnorm: 0.005115827620 xtb: 6.7.1 (edcfbbe)
C            4.29880483145565        0.05067146429387       -2.73625310702573
C            4.87361555774235       -0.59633113732832       -1.49039937182438
O            3.86657794288087       -1.26260845349917       -0.71658172042559
P            2.78641524340362       -0.49681551066092        0.14523104826694
S            3.36924240922351        1.23892723235986        0.85856120703217
O            2.55373809312603       -1.68115536720954        1.17110111973354
C            1.37518006387857       -1.85048292957060        1.96925310660931
C            1.34056917417465       -0.90410670016157        3.15496746770940
S            1.01326474054853       -0.44851698690687       -1.05623591395204
C            0.33212985969426        1.15758194578281       -0.55060489205270
S           -0.89925604481746        1.05646587281536        0.77312076374661
P           -2.52507469613323        0.35352744659048       -0.42413153347293
S           -2.58192921728406        0.99004252956717       -2.26928310274159
O           -3.80407269068821        0.66712075171516        0.47010341224766
C           -4.63150738013842        1.82747543138047        0.29740660155388
C           -3.96854606278558        3.09541067634518        0.79919068672876
O           -2.42990433414637       -1.22131070715152       -0.34626560876441
C           -2.47744520551823       -1.96270609040123        0.89542373850135
C           -3.85593957574896       -2.55365680272181        1.12288397727043
H            5.10913973933806        0.43325775160002       -3.34826356549934
H            3.72637718075613       -0.67550955634062       -3.30783124831067
H            3.64476419655681        0.87639045274981       -2.45870138085796
H            5.36821380311379        0.15220715035471       -0.86228626927148
H            5.57941770879023       -1.38976448805171       -1.74214003122150
H            0.49292529861832       -1.70767272430237        1.33604131945335
H            1.42572582126616       -2.89131850063193        2.29401153665036
H            2.24646793762133       -1.01180424053876        3.74585690419331
H            1.26520159862928        0.12818843684211        2.81631036528737
H            0.47817398545586       -1.13608567085429        3.77145204074893
H           -0.13444991226989        1.59453412930616       -1.43320213511930
H            1.14726537884674        1.77976283787244       -0.17385591698978
H           -4.88315700773495        1.92261236282075       -0.76376112770799
H           -5.53125926017379        1.59584985672153        0.87037180831395
H           -4.68468213671503        3.91005811545488        0.75270343979505
H           -3.63180382414253        2.96912908057544        1.82469500036306
H           -3.11234887956453        3.34330107750215        0.17360483248861
H           -1.73108531328168       -2.75098777469287        0.77663920262807
H           -2.19570273579685       -1.30072173875033        1.71927212718873
H           -3.83087207391162       -3.16466443401922        2.01982390086007
H           -4.59227379228772       -1.76400355962408        1.24680716299505
H           -4.14165071550851       -3.17115404500332        0.27575559369026
41
 energy: -65.046370633923 gnorm: 0.003893026848 xtb: 6.7.1 (edcfbbe)
C            4.28983964336342        0.05169449612966       -2.73531574052542
C            4.86575211710974       -0.59313237878064       -1.48921245771271
O            3.85884891053104       -1.26346071296038       -0.71570038945051
P            2.78009263670151       -0.49867569601663        0.14720622784971
S            3.36464808914572        1.23519539365203        0.86281669480567
O            2.54469222181785       -1.68406145251178        1.17004119392873
C            1.36833993701181       -1.85073249912865        1.97444478266608
C            1.33821348152329       -0.89911188086234        3.15566485642417
S            1.00938548061901       -0.44552170970911       -1.05817807825837
C            0.33285312834192        1.16255383795277       -0.55108730032691
S           -0.90133452314004        1.06505901596205        0.76929753156436
P           -2.52288931460337        0.34764848405661       -0.42509994493662
S           -2.57666758976329        0.98283321843700       -2.27099561894945
O           -3.80637624865536        0.65604401348244        0.46395268400040
C           -4.62573574812019        1.82483922423132        0.29448797514581
C           -3.95306239745875        3.08630392716455        0.79937260917008
O           -2.41901531601126       -1.22605941004938       -0.34754056288392
C           -2.47218497954981       -1.96658175171418        0.89608598383592
C           -3.85423566932046       -2.54919975947619        1.12003387580729
H            5.09949988831925        0.43783045058075       -3.34716816047896
H            3.72067551756071       -0.67655162500353       -3.30833002043052
H            3.63222291888945        0.87548965115200       -2.45924394595983
H            5.35718878951352        0.15659502248034       -0.85970316713728
H            5.57538453188960       -1.38353392921337       -1.73968296494621
H            0.48386703776219       -1.71176947605280        1.34327396014251
H            1.42004118075502       -2.89070000526661        2.30262274533661
H            2.24651188787788       -1.00365072602083        3.74405064112921
H            1.26070302006860        0.13197417485317        2.81263267070796
H            0.47801484134272       -1.12780318192748        3.77744777804141
H           -0.13358735379053        1.60074886279316       -1.43353876187010
H            1.14853668814337        1.78595775572295       -0.17719646575103
H           -4.87732852178576        1.92375171986887       -0.76654614916472
H           -5.52764729048399        1.59860402420102        0.86613864945669
H           -4.66269389681995        3.90758696678496        0.75320808898036
H           -3.61901722632330        2.95648972271264        1.82585482258909
H           -3.09384039641061        3.32934886103392        0.17558525277990
H           -1.72857893752524       -2.75798150399547        0.77948903958603
H           -2.18692004922256       -1.30532073524256        1.71969561702728
H           -3.83610972987415       -3.16109890505276        2.01739393870278
H           -4.58640565850769       -1.75504383324403        1.24255241260843
H           -4.14143139444816       -3.16542046679417        0.27198113531489
41
 energy: -65.046452384772 gnorm: 0.002682473810 xtb: 6.7.1 (edcfbbe)
C            4.27865034350359        0.05306609127430       -2.73546011396099
C            4.85626717850779       -0.58791656047335       -1.48923959977320
O            3.85088509104976       -1.26425060333323       -0.71458802229782
P            2.77382956170321       -0.49995949276738        0.15116563208810
S            3.36291580705414        1.22953484780634        0.87401314605822
O            2.53362762431048       -1.68846820676199        1.16932585460613
C            1.35960425743518       -1.84972781942003        1.98170747313663
C            1.33393084209437       -0.89199490430824        3.15690009880166
S            1.00530111901035       -0.44177066512332       -1.05836190927067
C            0.33312398620732        1.16859768454967       -0.55186204060176
S           -0.90492774207378        1.07164974150256        0.76449217384061
P           -2.52078154431008        0.34112457692630       -0.43071400187059
S           -2.57558431428870        0.97046678697888       -2.27905513762819
O           -3.80836528155778        0.64293574339147        0.45421499515377
C           -4.61768471467518        1.82268929087946        0.29123399369156
C           -3.93281797730345        3.07490107106486        0.79991005685025
O           -2.40497428092315       -1.23175201535977       -0.34964962976635
C           -2.46708737416101       -1.97106227591647        0.89646433442963
C           -3.85253752755865       -2.54372404617532        1.11757906349722
H            5.08743656931546        0.44335359194123       -3.34622658028368
H            3.71467781648199       -0.67793428144094       -3.31014681583812
H            3.61630534216573        0.87380806559976       -2.46196763824177
H            5.34239253693941        0.16349286665320       -0.85769977403964
H            5.56971493590549       -1.37528466254343       -1.73814307230702
H            0.47400474797981       -1.71534299590552        1.35156868955191
H            1.41413560992442       -2.88810756504056        2.31500851526415
H            2.24439471724172       -0.99187758397340        3.74248251778645
H            1.25297248528102        0.13719802184283        2.80947716656087
H            0.47703512357422       -1.11830455858602        3.78416422213192
H           -0.12978393419155        1.60785079229491       -1.43585804229472
H            1.14829929469555        1.79123266466943       -0.17576637437851
H           -4.86947604822189        1.92548402329644       -0.76919535453403
H           -5.51993360608544        1.60124075926715        0.86378791163122
H           -4.63455993939834        3.90317948971555        0.75560007043132
H           -3.60126854649652        2.93972699318004        1.82649713564718
H           -3.07099997494783        3.31221815633467        0.17793990284321
H           -1.72789835508929       -2.76683140032066        0.78065137930192
H           -2.17735219889295       -1.30920484549575        1.71807198090740
H           -3.84155141512219       -3.15610916247613        2.01480720351201
H           -4.57946645890661       -1.74486999107017        1.23856099729515
H           -4.14220404970354       -3.15812043844800        0.26910103088731
41
 energy: -65.046477766829 gnorm: 0.002072450493 xtb: 6.7.1 (edcfbbe)
C            4.27145472871406        0.05334208798467       -2.73516205896087
C            4.85064605685222       -0.58475466103981       -1.48861014945560
O            3.84757898854863       -1.26454762013199       -0.71303884612343
P            2.76991202142096       -0.50097821384970        0.15353493716750
S            3.35943144191017        1.22711603383897        0.87995589271342
O            2.52778439510593       -1.69112880568408        1.16977629410945
C            1.35519771592812       -1.84834272887901        1.98572056002198
C            1.33090157648272       -0.88678376797635        3.15730493717090
S            1.00309925364813       -0.43868611177678       -1.05789459342398
C            0.33342381018347        1.17278623682414       -0.55249019991905
S           -0.90696687816015        1.07496131328547        0.76127284128718
P           -2.51911359116619        0.33719544545435       -0.43465599879526
S           -2.57258475038751        0.96353635434724       -2.28417782708718
O           -3.80924609698434        0.63603508415147        0.44717508600148
C           -4.61247207602957        1.82117622073382        0.28893293001319
C           -3.92021393783487        3.06773549061124        0.79973999750137
O           -2.39753420124180       -1.23521780868398       -0.35031685023564
C           -2.46504654597176       -1.97390501220159        0.89610005739325
C           -3.85236668099659       -2.54089609245903        1.11675098802408
H            5.07928902341506        0.44596921428937       -3.34520407729637
H            3.71063929802569       -0.67967101473195       -3.30987111252051
H            3.60610294923879        0.87169243746480       -2.46280245929107
H            5.33327881356097        0.16854685426139       -0.85697439854313
H            5.56604572327757       -1.37045632603092       -1.73674070146590
H            0.46924307494407       -1.71640785671389        1.35603002253117
H            1.41172795505230       -2.88522437443481        2.32290086008832
H            2.24271704829574       -0.98338580665705        3.74083665967803
H            1.24760967399160        0.14101535037333        2.80725200765262
H            0.47624751656856       -1.11268096491757        3.78723721772737
H           -0.12700257284539        1.61251439183414       -1.43741706353454
H            1.14857647502287        1.79292650617927       -0.17251146350330
H           -4.86465079590152        1.92720656196645       -0.77082923750272
H           -5.51404633681721        1.60205881900494        0.86319631544377
H           -4.61699514965651        3.89981104086748        0.75768058121508
H           -3.58876344789150        2.92822096639897        1.82544710313061
H           -3.05754931731178        3.30115850491974        0.17796792695229
H           -1.72932462011191       -2.77263435775514        0.77953734600549
H           -2.17302827563712       -1.31170557305762        1.71635978257306
H           -3.84383873537196       -3.15314428071248        2.01354700944335
H           -4.57609281117805       -1.73952368399636        1.23711958361787
H           -4.14382101221885       -3.15379266887178        0.26811153901445
41
 energy: -65.046486355760 gnorm: 0.001261419033 xtb: 6.7.1 (edcfbbe)
C            4.26761572898226        0.05323618075973       -2.73481791426383
C            4.84817369258700       -0.58303834226731       -1.48788468234056
O            3.84670371609389       -1.26373041346824       -0.71152692881455
P            2.76820633082148       -0.50014326769103        0.15508710636729
S            3.35896170228270        1.22664428434980        0.88366906569788
O            2.52575093876584       -1.69151449482176        1.17048347114910
C            1.35363612155193       -1.84689009661655        1.98710232742268
C            1.32923244331430       -0.88348447069265        3.15721962186786
S            1.00238657230002       -0.43853203754385       -1.05751937237037
C            0.33346118340819        1.17315147086906       -0.55210097906280
S           -0.90779196728633        1.07524009672964        0.76109504334622
P           -2.51739579807939        0.33559319027638       -0.43736630092266
S           -2.57013892022940        0.95993011678206       -2.28754560227187
O           -3.80878585831972        0.63378744093535        0.44266919289789
C           -4.60963260168705        1.82050207564990        0.28753349307611
C           -3.91389475307249        3.06456252315834        0.79924937472265
O           -2.39512010368764       -1.23677301967251       -0.35075225019500
C           -2.46489991496267       -1.97537138706850        0.89514768677198
C           -3.85314505706385       -2.53999197991719        1.11651369542418
H            5.07469173779807        0.44686423254461       -3.34482165988110
H            3.70816786186644       -0.68113180227165       -3.30882053329998
H            3.60079091401610        0.87028326975158       -2.46274119388116
H            5.32962362686798        0.17159889700434       -0.85724118851382
H            5.56430465295193       -1.36805155546839       -1.73583918503043
H            0.46753589415661       -1.71605294826697        1.35759255069017
H            1.41090173199411       -2.88283488935351        2.32651431093743
H            2.24183494986883       -0.97795354586390        3.73968682007717
H            1.24412845440226        0.14359057840617        2.80599640471994
H            0.47577055250208       -1.11007802819339        3.78818213357717
H           -0.12565189596349        1.61339959433857       -1.43728498091547
H            1.14857533929347        1.79189958875786       -0.16992693197666
H           -4.86291634394654        1.92885030280350       -0.77156472082776
H           -5.51042294440793        1.60218409520939        0.86329514389765
H           -4.60838719595230        3.89824653412539        0.75948931278235
H           -3.58114519288574        2.92227541680600        1.82396810840772
H           -3.05162463111939        3.29636088140259        0.17655853092089
H           -1.73135139526802       -2.77581847564000        0.77784684308312
H           -2.17180828816724       -1.31380908515926        1.71534351236864
H           -3.84461222717794       -3.15213021369987        2.01305498482892
H           -4.57542087364975       -1.73759712816466        1.23726587740395
H           -4.14605847642566       -3.15213640458966        0.26798125094779
41
 energy: -65.046491075688 gnorm: 0.000730536832 xtb: 6.7.1 (edcfbbe)
C            4.26374180039959        0.05248603795820       -2.73399480599429
C            4.84711333416205       -0.58168937573405       -1.48685901552869
O            3.84864469648977       -1.26324517024377       -0.70877171926719
P            2.76834456030640       -0.49964728030233        0.15726072726157
S            3.35667110428757        1.22791219555183        0.88573704119659
O            2.52602762341992       -1.69195499534163        1.17273418708384
C            1.35345403610612       -1.84521080475977        1.98816170660848
C            1.32750259772577       -0.87959525677501        3.15685786502537
S            1.00384018486054       -0.43759108291875       -1.05592788948863
C            0.33441672630219        1.17388689272578       -0.55149441840044
S           -0.90859117093571        1.07307344824622        0.76021864547343
P           -2.51651809549002        0.33385167672683       -0.44007620418354
S           -2.56489944061877        0.95701068693887       -2.29073637829806
O           -3.80955643275345        0.63242205322593        0.43740325593993
C           -4.60771164121864        1.82039170620246        0.28612911449184
C           -3.90788409890805        3.06218373350556        0.79834053243393
O           -2.39569346896355       -1.23872848208291       -0.35132516724441
C           -2.46607195600514       -1.97755042830096        0.89337189766652
C           -3.85523653651390       -2.54026929506821        1.11650980004872
H            5.06930446314046        0.44739148679318       -3.34488979306472
H            3.70528600525697       -0.68359932839324       -3.30655811511867
H            3.59538910902200        0.86808021427578       -2.46157178542510
H            5.32808671222073        0.17483599583547       -0.85831276653892
H            5.56421912416564       -1.36561642003978       -1.73529907120030
H            0.46764346701991       -1.71542617262417        1.35810623154223
H            1.41037049392772       -2.88012332691682        2.33019722434335
H            2.24082457441497       -0.97103997177045        3.73860177922086
H            1.23976902591690        0.14670311289273        2.80421358482947
H            0.47511721402433       -1.10757483059705        3.78860359111183
H           -0.12379757125330        1.61441881919821       -1.43679799802048
H            1.14897049512957        1.79173169690273       -0.16692655165427
H           -4.86313866958136        1.93173817206154       -0.77204634392904
H           -5.50758952929379        1.60307134804360        0.86379941699448
H           -4.60022021408395        3.89753406416961        0.76249930849689
H           -3.57203645067449        2.91658603614939        1.82149373804880
H           -3.04700483979749        3.29286959550847        0.17331644149533
H           -1.73469354236585       -2.77963362488625        0.77495539725372
H           -2.17172321314468       -1.31741724488436        1.71413777820240
H           -3.84553026334446       -3.15242831196064        2.01287274165469
H           -4.57622156952242       -1.73698359979652        1.23855202792527
H           -4.15036893735720       -3.15171678528630        0.26830542782588
41
 energy: -65.046493110790 gnorm: 0.000581792815 xtb: 6.7.1 (edcfbbe)
C            4.26386850468624        0.05220010735219       -2.73367600115311
C            4.84819852231788       -0.58161717190895       -1.48669316082383
O            3.85009300621927       -1.26257546973757       -0.70779959238609
P            2.76961461303454       -0.49848166235791        0.15775100332380
S            3.35915474807165        1.22860900345424        0.88609741713847
O            2.52774152384928       -1.69084634351774        1.17352956284297
C            1.35449992923752       -1.84469755874369        1.98783402959470
C            1.32742348171062       -0.87912689649962        3.15667290686205
S            1.00496746268635       -0.43894807442972       -1.05589008667083
C            0.33414866545466        1.17183858634492       -0.55059019105753
S           -0.90884767082076        1.07192499296065        0.76147751819302
P           -2.51646937976561        0.33383695857813       -0.44023289564287
S           -2.56426755458815        0.95706096386025       -2.29082061797406
O           -3.80974389414923        0.63323610390195        0.43678394401961
C           -4.60800932399715        1.82109747756718        0.28612748652210
C           -3.90806855744233        3.06319594774194        0.79790418547030
O           -2.39812113771444       -1.23903303279245       -0.35201398488169
C           -2.46724194485086       -1.97810024852590        0.89247542496480
C           -3.85627458839244       -2.54120707398731        1.11656185615008
H            5.06891533957673        0.44705858460982       -3.34547245340325
H            3.70498079430371       -0.68416252868925       -3.30563990890570
H            3.59567269151283        0.86790393753232       -2.46092499853642
H            5.33009807993737        0.17508517358883       -0.85891198984654
H            5.56533888580721       -1.36545891469437       -1.73554126859538
H            0.46901366141836       -1.71505711908799        1.35711723194593
H            1.41080625296871       -2.87976806851421        2.32978993218680
H            2.24072712156707       -0.96978394427742        3.73871122952854
H            1.23876913199108        0.14713931822498        2.80389965441712
H            0.47497648063755       -1.10775929316088        3.78830535925897
H           -0.12436715322017        1.61248204691132       -1.43576626955787
H            1.14832980991501        1.79078146597177       -0.16685779164351
H           -4.86462465454950        1.93268701719408       -0.77182128782827
H           -5.50775032488053        1.60399021452937        0.86418829408129
H           -4.60100660307231        3.89826825353976        0.76350158850875
H           -3.57069514816021        2.91743026298615        1.82063966395680
H           -3.04825605963583        3.29480152876960        0.17160792490702
H           -1.73562028242770       -2.78001321274444        0.77390771397941
H           -2.17239502723269       -1.31851526652076        1.71363297592639
H           -3.84594836627975       -3.15356932965874        2.01302244848181
H           -4.57737848958504       -1.73798851610119        1.23933615090774
H           -4.15200283966610       -3.15278103543990        0.26856843455715
41
 energy: -65.046494029301 gnorm: 0.000335949544 xtb: 6.7.1 (edcfbbe)
C            4.26407765837902        0.05186013088697       -2.73326894854161
C            4.84925057829688       -0.58174258289443       -1.48663245097626
O            3.85163967389359       -1.26265399544089       -0.70691257820437
P            2.77104477551397       -0.49849263999735        0.15812523034712
S            3.35905728628640        1.22964880660304        0.88506571945662
O            2.52925888585664       -1.69029443356029        1.17449239473333
C            1.35537644358884       -1.84458362109311        1.98794645801017
C            1.32736253637220       -0.87885584093342        3.15658633777597
S            1.00622800558691       -0.43915045433799       -1.05526436790113
C            0.33426418401883        1.17117511747069       -0.55003653150625
S           -0.90918226552476        1.07002809202522        0.76139793359970
P           -2.51748152155032        0.33362972021136       -0.44014622815142
S           -2.56400874028798        0.95749115044344       -2.29059281721682
O           -3.81084056009601        0.63350886435010        0.43660102844220
C           -4.60862504102132        1.82186060396962        0.28624301431834
C           -3.90814504470403        3.06395673363389        0.79743147279431
O           -2.40014200205005       -1.23935918641048       -0.35261912847321
C           -2.46800587151480       -1.97855177147288        0.89197916896522
C           -3.85682577197475       -2.54190201701715        1.11652215366313
H            5.06863385813725        0.44668740333013       -3.34588230416678
H            3.70477413694961       -0.68461193758080       -3.30480538532769
H            3.59606544980705        0.86769302235743       -2.46023569661547
H            5.33168653209585        0.17501035748833       -0.85914438818446
H            5.56648167643205       -1.36545533134765       -1.73577833374692
H            0.47030097943544       -1.71530984080869        1.35643857831429
H            1.41143252269918       -2.87980519981435        2.32981301942711
H            2.24056408163147       -0.96878620139967        3.73894704208444
H            1.23809434398409        0.14731767418680        2.80351153056310
H            0.47485761828312       -1.10774454600607        3.78816581604096
H           -0.12459550412572        1.61155816625680       -1.43527416323663
H            1.14794847914453        1.79103028972922       -0.16658921065537
H           -4.86591950706023        1.93324235259932       -0.77164026419892
H           -5.50827762707471        1.60522617800956        0.86463992177968
H           -4.60154519995812        3.89886323444698        0.76410346242052
H           -3.56958341930007        2.91821379119921        1.81984328243800
H           -3.04916020507454        3.29623020059837        0.17015664781330
H           -1.73592942492576       -2.78013806077700        0.77322858817291
H           -2.17272057600490       -1.31898598382012        1.71310889288888
H           -3.84635305348579       -3.15442520330215        2.01299678051256
H           -4.57798993692293       -1.73872147164787        1.23966142778327
H           -4.15281872726326       -3.15352438590468        0.26860833357683
41
 energy: -65.046494436839 gnorm: 0.000181584664 xtb: 6.7.1 (edcfbbe)
C            4.26359482806374        0.05168352772425       -2.73291050793995
C            4.84939602041909       -0.58145555952623       -1.48641955842502
O            3.85220050235260       -1.26239325990452       -0.70607333778513
P            2.77140106632939       -0.49828802414562        0.15851868753646
S            3.35923002491956        1.23008210422683        0.88520397166580
O            2.52973992816649       -1.68973867664096        1.17519614910688
C            1.35567048573185       -1.84424385273204        1.98840263234669
C            1.32694229592619       -0.87811771772699        3.15659677464054
S            1.00654435700268       -0.43951039006847       -1.05495899896596
C            0.33396314267038        1.17055186500991       -0.54970446910285
S           -0.90961033652825        1.06907295553185        0.76146866224992
P           -2.51785170891293        0.33322457082914       -0.44050745279847
S           -2.56380482114581        0.95741583905893       -2.29088223108720
O           -3.81133876319073        0.63328827510062        0.43588240884612
C           -4.60841935097915        1.82223403054798        0.28609026849981
C           -3.90695370091086        3.06385470167696        0.79687184454611
O           -2.40086828425723       -1.23977357209684       -0.35318355485157
C           -2.46841204529151       -1.97901823689362        0.89147915334974
C           -3.85717468883679       -2.54213251975808        1.11641343146390
H            5.06777881950302        0.44646396512306       -3.34599401293897
H            3.70416146292463       -0.68502811263990       -3.30397780265881
H            3.59556645916893        0.86745566557239       -2.45980795301875
H            5.33189762721336        0.17549503484921       -0.85922282518687
H            5.56661970362384       -1.36515791390970       -1.73560672082997
H            0.47079270491917       -1.71557613205893        1.35648628434431
H            1.41214688480770       -2.87934455768250        2.33057265171409
H            2.24022912895014       -0.96717330380555        3.73892469313412
H            1.23699272605544        0.14783150252316        2.80310203528502
H            0.47464924401673       -1.10731023702188        3.78829899326531
H           -0.12478155449706        1.61083938278814       -1.43505409155769
H            1.14743195654399        1.79050695038742       -0.16590318086340
H           -4.86625337675346        1.93370114062999       -0.77164813664444
H           -5.50776228077819        1.60607806938335        0.86512710435069
H           -4.60020369265428        3.89892914616156        0.76462397739188
H           -3.56730743855017        2.91765590010947        1.81883906409265
H           -3.04860904416492        3.29614209356184        0.16875432437524
H           -1.73640002782460       -2.78062667698523        0.77237045453132
H           -2.17272348917748       -1.31935828126822        1.71238009023120
H           -3.84662673254390       -3.15468556064106        2.01280697560870
H           -4.57813547917394       -1.73883066480182        1.23971792665796
H           -4.15346284666483       -3.15360628625848        0.26851771423926
41
 energy: -65.046494633928 gnorm: 0.000074077948 xtb: 6.7.1 (edcfbbe)
C            4.26322282091518        0.05152761684350       -2.73257097941978
C            4.84953318522694       -0.58122282298033       -1.48616960412596
O            3.85262268660101       -1.26206717834195       -0.70524394909890
P            2.77158092352725       -0.49808197346056        0.15892202282085
S            3.35872776054013        1.23079453522632        0.88509606421492
O            2.53016181821922       -1.68908643244436        1.17601301518721
C            1.35596215945783       -1.84396797955486        1.98902340409982
C            1.32648377999273       -0.87738601464146        3.15678054513514
S            1.00673052530590       -0.44014951320503       -1.05461122599352
C            0.33377830979914        1.16985107288000       -0.54939721937411
S           -0.90990408564776        1.06814133746521        0.76158194072724
P           -2.51816833860155        0.33299863455229       -0.44092538395748
S           -2.56405550085968        0.95745195839748       -2.29121406806079
O           -3.81162744615149        0.63319372191334        0.43534387651615
C           -4.60824747503975        1.82254372313183        0.28597064251475
C           -3.90579488358249        3.06378178481096        0.79615272144713
O           -2.40146822757712       -1.24000014187469       -0.35385890389719
C           -2.46875021132725       -1.97932945572346        0.89088576735523
C           -3.85744624814206       -2.54235762154481        1.11617751207394
H            5.06715478259878        0.44608747981973       -3.34607733233928
H            3.70354091567797       -0.68535043770065       -3.30314405039252
H            3.59532596378585        0.86736932117508       -2.45941725940353
H            5.33211016093869        0.17587633125695       -0.85928667346772
H            5.56659766806456       -1.36504232408582       -1.73537326953359
H            0.47118698987993       -1.71606241881817        1.35683890093825
H            1.41311867558347       -2.87884363682721        2.33161737335368
H            2.23980977372757       -0.96554903483312        3.73916089777832
H            1.23586094741502        0.14834490355918        2.80288323571262
H            0.47435344743319       -1.10693245356454        3.78852077145361
H           -0.12487131722829        1.60999269210751       -1.43484509289779
H            1.14712156741654        1.78982786946446       -0.16537440115146
H           -4.86664527110583        1.93400304364142       -0.77159342841714
H           -5.50722240975406        1.60682950090055        0.86571706280529
H           -4.59877515710498        3.89907599470251        0.76494191329971
H           -3.56495353240916        2.91719857493367        1.81764338314124
H           -3.04813772670950        3.29592023235850        0.16705944276149
H           -1.73683810174268       -2.78093853995424        0.77143585869635
H           -2.17283428182765       -1.31961478443962        1.71162128047097
H           -3.84668383982070       -3.15490684182593        2.01252062313461
H           -4.57831786350272       -1.73902287961319        1.23965235268629
H           -4.15399323749938       -3.15376065947707        0.26833367202462
41
 energy: -65.046494532582 gnorm: 0.000232233806 xtb: 6.7.1 (edcfbbe)
C            4.26286476476440        0.05137618680489       -2.73224529831296
C            4.84966526943614       -0.58099930838599       -1.48593212366667
O            3.85302824462834       -1.26175350940791       -0.70444785343444
P            2.77175425858614       -0.49788369826014        0.15930518076730
S            3.35822464870189        1.23149071383362        0.88498334826205
O            2.53056401482066       -1.68845619864554        1.17679377931393
C            1.35623654175536       -1.84369761823757        1.98961304063929
C            1.32604384469364       -0.87668221039160        3.15695183282375
S            1.00690810599087       -0.44076658321209       -1.05427839169341
C            0.33360832612674        1.16917349690344       -0.54908049014123
S           -0.91017964712234        1.06722793938455        0.76171088996827
P           -2.51846447155278        0.33278358402181       -0.44133284205008
S           -2.56431505005065        0.95747360732490       -2.29154189081609
O           -3.81189607764934        0.63310668287060        0.43481858624728
C           -4.60807811211394        1.82284260806464        0.28584852613354
C           -3.90468381224558        3.06371068123172        0.79546049251924
O           -2.40204074398740       -1.24021550639504       -0.35450819037437
C           -2.46907611118326       -1.97962580691076        0.89031806371276
C           -3.85770552173010       -2.54257180570575        1.11595488085619
H            5.06655350252163        0.44572414651954       -3.34615690639538
H            3.70294442947431       -0.68566241484911       -3.30234144348479
H            3.59509354517752        0.86728238229795       -2.45904086995857
H            5.33231244838937        0.17624119051017       -0.85934905189404
H            5.56657316381859       -1.36493428484537       -1.73515031411565
H            0.47156253878781       -1.71651805992276        1.35716884342508
H            1.41404581964948       -2.87835743834199        2.33261034611776
H            2.23940912185789       -0.96399074856193        3.73937847676878
H            1.23477656243969        0.14883978229291        2.80267260480201
H            0.47407291978194       -1.10656935453706        3.78872987092978
H           -0.12494854941533        1.60918093033784       -1.43462068505219
H            1.14683072509488        1.78916516809780       -0.16483367893027
H           -4.86701192765899        1.93429558135358       -0.77154822768340
H           -5.50669779234974        1.60754797582439        0.86627694916428
H           -4.59740926530185        3.89921084701393        0.76524793113584
H           -3.56269684650777        2.91675460880155        1.81649250062865
H           -3.04768712173083        3.29571282813446        0.16543428870817
H           -1.73726123873581       -2.78123572103495        0.77053831982076
H           -2.17294163931122       -1.31985636036579        1.71089184714193
H           -3.84673775228149       -3.15511752397740        2.01224687912716
H           -4.57849013619357       -1.73920564334525        1.23959274902572
H           -4.15450127290255       -3.15390396206087        0.26815946878268
41
 energy: -65.046494676449 gnorm: 0.000075685094 xtb: 6.7.1 (edcfbbe)
C            4.26315179188919        0.05149631767424       -2.73245651149978
C            4.84958455874197       -0.58113106697065       -1.48603148975491
O            3.85274612995338       -1.26192388870525       -0.70494101080534
P            2.77157982905423       -0.49799940518578        0.15910088682617
S            3.35877883353246        1.23092301031467        0.88514739894090
O            2.53035168328053       -1.68885089479547        1.17637953926715
C            1.35616282096998       -1.84392994817548        1.98938201982718
C            1.32628282118121       -0.87712143224041        3.15696096330024
S            1.00672371419398       -0.44042650272560       -1.05445131934857
C            0.33356074565529        1.16961410622979       -0.54964187318406
S           -0.91008085210161        1.06800788472297        0.76136256565960
P           -2.51839449432098        0.33293553215757       -0.44101455619877
S           -2.56398641680165        0.95771423976369       -2.29122267461667
O           -3.81179934117012        0.63314466527316        0.43531711031058
C           -4.60825006926954        1.82262306356629        0.28604748330483
C           -3.90536933754159        3.06377975475083        0.79587537965428
O           -2.40171875255502       -1.24006875713891       -0.35411435227317
C           -2.46884904910126       -1.97944244415357        0.89061669050848
C           -3.85753848822063       -2.54247091981130        1.11604055356513
H            5.06704394705445        0.44591803404269       -3.34610379497186
H            3.70335776972444       -0.68541862872188       -3.30286729911174
H            3.59534418382220        0.86742317192735       -2.45933494980668
H            5.33219293449220        0.17604132674726       -0.85928228245780
H            5.56660261998760       -1.36499211890722       -1.73522873772086
H            0.47138262137410       -1.71642293268506        1.35714688531962
H            1.41366349854342       -2.87869448591245        2.33220737752842
H            2.23958269892358       -0.96491434345529        3.73943473261227
H            1.23538602466320        0.14851598748825        2.80286265570796
H            0.47416035722494       -1.10681466229353        3.78866199544116
H           -0.12503509539851        1.60962963846779       -1.43515883534749
H            1.14689852525154        1.78959650253460       -0.16564452625140
H           -4.86691931838015        1.93401855511250       -0.77144879984278
H           -5.50708382667336        1.60711013339642        0.86608221467642
H           -4.59817467521735        3.89921890209092        0.76498265799740
H           -3.56404323079753        2.91713288964369        1.81719354932852
H           -3.04796787884299        3.29571969626005        0.16634655414465
H           -1.73696622296282       -2.78104189982141        0.77103925722979
H           -2.17288646673585       -1.31972000807064        1.71131591319758
H           -3.84663363063371       -3.15500548641027        2.01239527367092
H           -4.57841482996283       -1.73914680089849        1.23959399850419
H           -4.15417642635360       -3.15388960085665        0.26824079548710
41
 energy: -65.046494699013 gnorm: 0.000039461837 xtb: 6.7.1 (edcfbbe)
C            4.26327248816264        0.05152463571520       -2.73249299869073
C            4.84953103584040       -0.58120574198145       -1.48602554937223
O            3.85261125859466       -1.26198423065508       -0.70506645925925
P            2.77150377266017       -0.49803501293212        0.15908849684146
S            3.35855840514523        1.23096634739461        0.88504244804490
O            2.53028954760272       -1.68893056052339        1.17634821392144
C            1.35616636435991       -1.84402458641547        1.98942607414028
C            1.32634503321857       -0.87723679152897        3.15703913466275
S            1.00667145142555       -0.44046580080496       -1.05448727742691
C            0.33365037181253        1.16965616048010       -0.54975723446286
S           -0.90996822274486        1.06831050631809        0.76130233400685
P           -2.51832928196914        0.33306153648797       -0.44098378259646
S           -2.56437305965945        0.95766763773183       -2.29121443391669
O           -3.81167559124187        0.63319754278037        0.43549933511507
C           -4.60828098445590        1.82255594362950        0.28613024850887
C           -3.90556426665712        3.06383763625302        0.79591592444480
O           -2.40158792127409       -1.23994359988608       -0.35408295002917
C           -2.46876386528209       -1.97932203714934        0.89062294373779
C           -3.85743266253438       -2.54245092620205        1.11599819502378
H            5.06726375636487        0.44590631526248       -3.34605383325973
H            3.70347510566639       -0.68532026847860       -3.30300095558257
H            3.59551033795304        0.86750988193963       -2.45941381294815
H            5.33214273832675        0.17592193094011       -0.85920519590293
H            5.56656922964867       -1.36506035333534       -1.73520268255729
H            0.47132934610929       -1.71652198067187        1.35726588432695
H            1.41367127270229       -2.87880588414172        2.33223933637385
H            2.23959427366645       -0.96513716150268        3.73958219761027
H            1.23556559163597        0.14842180796733        2.80295916670924
H            0.47414701612183       -1.10685876314250        3.78868246449501
H           -0.12506739193067        1.60953977877584       -1.43529774752560
H            1.14700427217687        1.78976477296636       -0.16599258541507
H           -4.86695376190096        1.93387606459657       -0.77138521659563
H           -5.50713626910304        1.60699621175898        0.86611944727926
H           -4.59841760560098        3.89923209917846        0.76478431846992
H           -3.56440482508950        2.91736033612526        1.81732124047594
H           -3.04807632139010        3.29573270106432        0.16649129022368
H           -1.73683360604274       -2.78089917253312        0.77111580865116
H           -2.17286446148482       -1.31963341041092        1.71138200611387
H           -3.84653475013099       -3.15497334154621        2.01237836299812
H           -4.57836913410036       -1.73917355562602        1.23951486849417
H           -4.15398898012895       -3.15391948366868        0.26820441369051
