41
 energy: -65.033210996573 gnorm: 0.052231108273 xtb: 6.7.1 (edcfbbe)
C            5.02691151427926       -2.61173002195783       -1.12065294704498
C            4.06031601440140       -1.51941534122363       -1.49879156853389
O            3.08338796207578       -1.40537085253495       -0.40790715413509
P            2.20640197912619       -0.06869587000037       -0.20252227848996
S            3.15728243196801        1.63140788761188       -0.16964813547619
O            1.37326582153535       -0.46362388812686        1.10370201264372
C            1.81297340360823       -0.14677975516871        2.46754431146264
C            0.57404122018901        0.10147963873426        3.29148480957836
S            0.77051007278807       -0.29183388612510       -1.74012097992823
C           -0.01112189294703        1.36575774521919       -1.74247175802226
S           -0.95520442148666        1.86600983838515       -0.25206650439575
P           -2.49537687717461        0.39984259557570       -0.26356093985252
S           -3.37868815444714        0.12812082109649       -1.97547678004842
O           -3.49389720983402        0.97037484669334        0.85445598341501
C           -3.19115149842796        0.95074473980243        2.30201249469282
C           -2.91216300084647        2.35097804323323        2.79028648751796
O           -1.78175101282644       -0.87726541925780        0.39722840397023
C           -1.96955606067355       -2.24475544310725       -0.12324896704237
C           -0.95019034226956       -3.12613565776607        0.55297668957126
H            4.50529248602329       -3.56207746679947       -0.97185039193664
H            5.75013667274005       -2.73759163492463       -1.93303102242303
H            5.57132106064792       -2.35221746614299       -0.20786289283171
H            3.51176673338375       -1.76134342787470       -2.41466870490806
H            4.56533293058870       -0.55610498102762       -1.62124984488216
H            2.38623957033671       -1.00583513615342        2.82904988083281
H            2.46222471400969        0.73395924355255        2.43550984649067
H            0.86589537907130        0.28937866955913        4.32949834132909
H            0.02990882098127        0.97509206093600        2.91796484347691
H           -0.08892342188956       -0.76931686404044        3.27062966052111
H           -0.67734152752225        1.37361750604686       -2.61148792109624
H            0.76248993707091        2.13013497003500       -1.87226207285631
H           -4.09140910450779        0.53673789071904        2.76278436631507
H           -2.35659415504275        0.27213700426752        2.49541097380008
H           -2.82777603093184        2.32897555652029        3.88231969137788
H           -1.97483557106907        2.74465383926749        2.38453622419735
H           -3.72952072958227        3.02843976551090        2.52132637808878
H           -2.99380959748478       -2.55535518686938        0.10226996733294
H           -1.82754534966894       -2.21938146003466       -1.20726713218017
H           -1.06627072034485       -3.10361998472752        1.64143250138975
H           -1.09709490056973       -4.15664777246608        0.21002926687978
H            0.06777145398793       -2.81781038152841        0.29433146466336
41
 energy: -65.037739166033 gnorm: 0.026478575100 xtb: 6.7.1 (edcfbbe)
C            5.02623048305125       -2.60571048812274       -1.11976097854855
C            4.05093811873063       -1.51090542493880       -1.48680170328367
O            3.07679710338675       -1.39262694388532       -0.40961952895594
P            2.17920481654977       -0.07488896489958       -0.21798031106243
S            3.16475500230105        1.62171694665233       -0.15955254023394
O            1.36605619449182       -0.46615015697300        1.09378890975051
C            1.80749428847164       -0.14487649260460        2.44653376860643
C            0.57832465281083        0.10493844462342        3.28931877481116
S            0.69645229332622       -0.31612000170093       -1.70291584731130
C           -0.00953370312922        1.36274593942401       -1.73456535173018
S           -0.87827734529370        1.81321214512981       -0.19630057309518
P           -2.46718008493114        0.40930695433837       -0.25684375640223
S           -3.35955720681367        0.11366799527904       -1.96870314139657
O           -3.47786991071478        0.95796868367856        0.85239060955342
C           -3.19166449877064        0.94944572166968        2.29063675455363
C           -2.91050978107292        2.34837905656816        2.78736836346887
O           -1.77653005562713       -0.87854350799955        0.39884998993925
C           -1.96421433488495       -2.23222753555279       -0.12284580912088
C           -0.94927724465955       -3.12540194195296        0.54987302155552
H            4.50117682261352       -3.54647842754736       -0.96791793235709
H            5.74472423008420       -2.73061092276327       -1.92808637087671
H            5.56248670445369       -2.35013045428713       -0.20835785307479
H            3.50210138275840       -1.75255920633934       -2.40068155234513
H            4.55059221663167       -0.54550806245361       -1.60813110747524
H            2.38005328831255       -1.00224068673954        2.80818384544536
H            2.45619553553150        0.73564636451144        2.40729762267331
H            0.87526115323736        0.29231056038058        4.31952524967337
H            0.03542765405886        0.97124207658537        2.91490706098021
H           -0.07768684508958       -0.76335138068327        3.26329234264706
H           -0.70145743388193        1.37539774018231       -2.57917133719655
H            0.78145940398043        2.10499520259838       -1.85703151309925
H           -4.09687584929865        0.53989700126952        2.74382435086175
H           -2.35282855373271        0.27639420790056        2.47562976869487
H           -2.82376073262603        2.32768581519122        3.87314462870176
H           -1.98376638548181        2.73756627241326        2.36665271799495
H           -3.72347532127192        3.01764233957661        2.51278907438067
H           -2.98856319435776       -2.53807857641475        0.10162237316586
H           -1.82656555168151       -2.20416822276001       -1.20641618559518
H           -1.06998134217630       -3.09774755828395        1.63098051014018
H           -1.09521126066727       -4.14790702914846        0.20524752691274
H            0.06230389064657       -2.80899271701317        0.30046273211355
41
 energy: -65.039530277541 gnorm: 0.010882753054 xtb: 6.7.1 (edcfbbe)
C            5.01713007399968       -2.59598284900913       -1.11447502173070
C            4.03508727045176       -1.49964270884857       -1.47729643527747
O            3.06398404765438       -1.38578638105787       -0.41260850249543
P            2.14587111677312       -0.09052133509402       -0.22523380328948
S            3.13004963776730        1.61047446902853       -0.19038229302932
O            1.35557517728591       -0.47640733534705        1.09205395091736
C            1.80429407852027       -0.14672885085821        2.42897363466650
C            0.58173145960694        0.10933409627036        3.28514818503889
S            0.66042745317237       -0.34305113669794       -1.70035080944585
C           -0.01005768902988        1.34259086240669       -1.69890029781149
S           -0.83095964189361        1.80438435484019       -0.14722389931158
P           -2.42697924471858        0.41356213522947       -0.24245545997591
S           -3.29225993463118        0.14476566556257       -1.97329001865376
O           -3.45457077023564        0.94428632191583        0.84919718020984
C           -3.18978028722902        0.94569780511645        2.27906647195150
C           -2.90692581809171        2.34731824459156        2.77627470235200
O           -1.77051048526456       -0.89084138312501        0.40859921265280
C           -1.96055591694664       -2.22578616142034       -0.12017482491672
C           -0.94664656924752       -3.12795216696242        0.54806256228247
H            4.48942651859539       -3.53136417738772       -0.96334075219348
H            5.73180548618184       -2.71522334520916       -1.92094584193980
H            5.54719306142688       -2.34150623740299       -0.20300684820472
H            3.49390796678048       -1.74056807336523       -2.39520628069372
H            4.53489660236310       -0.53349406206283       -1.59396860259044
H            2.37873382544888       -1.00021530657234        2.79385227508407
H            2.45174901599343        0.73442740300694        2.37704976754675
H            0.88905497049343        0.29789961245317        4.30734247282127
H            0.04040228463217        0.97167001620953        2.90909305468869
H           -0.06983733290471       -0.75788733098000        3.25934343630480
H           -0.72307125158160        1.37552954176215       -2.52285218248727
H            0.79453261438938        2.06447143113494       -1.83089132609177
H           -4.10227168227512        0.54567401148538        2.72442025367625
H           -2.35204728386091        0.27497242086452        2.47246087989046
H           -2.81687948465415        2.32684997496875        3.85701197655883
H           -1.98618482171201        2.73038898862677        2.34371651905549
H           -3.71879447662270        3.01054499128916        2.49820180771020
H           -2.98535523695388       -2.53183874455846        0.09987869144985
H           -1.82413203163674       -2.19303728583704       -1.20380004170681
H           -1.07463202223734       -3.09905380037856        1.62457145554536
H           -1.09016172981466       -4.14277736669345        0.19624773166511
H            0.06000964927099       -2.80024154298613        0.30647362324086
41
 energy: -65.040092633333 gnorm: 0.006648655216 xtb: 6.7.1 (edcfbbe)
C            5.00798518418565       -2.58931882729022       -1.10898963695773
C            4.02456439944110       -1.49290286278625       -1.47411326475517
O            3.05485351070858       -1.38926624682675       -0.41524982498170
P            2.12778088730063       -0.10734877682442       -0.22718591131108
S            3.09000532080704        1.60626055399586       -0.22114320136366
O            1.34733880775783       -0.48852751079773        1.09000252907072
C            1.80250172838373       -0.14987808737693        2.41747147795644
C            0.58408488875384        0.11338401845433        3.28033238485719
S            0.63638964161637       -0.35923814007683       -1.69587737646475
C           -0.00538639868788        1.33478162296582       -1.67687288842398
S           -0.79492727550450        1.78135346681794       -0.10853569284918
P           -2.40960121498566        0.41487064272187       -0.22865135096787
S           -3.23267098433759        0.18169644984046       -1.98561546348805
O           -3.44942326274095        0.93380582503381        0.84954539950677
C           -3.19318888119412        0.94245226052290        2.27554933950325
C           -2.90434101185578        2.34855899890198        2.76319868829417
O           -1.77121607180357       -0.89815255784080        0.41941513283009
C           -1.95718954466134       -2.22269684720290       -0.11796769677673
C           -0.94241917239402       -3.13024420845818        0.54615958568571
H            4.47859805423733       -3.52465867413369       -0.96073426219447
H            5.72335115946931       -2.70339348736369       -1.91499081868863
H            5.53400776298434       -2.33293675235487       -0.19509975181182
H            3.49253948753301       -1.73079975742833       -2.39879712256877
H            4.52611419351054       -0.52601067990573       -1.58489084320134
H            2.38010769752447       -0.99872347865508        2.78883273630056
H            2.44939792815769        0.73186422026460        2.35710153596556
H            0.90085104396422        0.30455222392444        4.29883795956913
H            0.04346334348644        0.97623753366139        2.90336763948954
H           -0.06837609693925       -0.75367573024390        3.26040304397235
H           -0.73729654665159        1.38973167979268       -2.48423796632923
H            0.81155958985609        2.04125589062826       -1.81998106897752
H           -4.11013595774570        0.55320575012445        2.72071454654469
H           -2.36037692834371        0.26979954393337        2.48673738390708
H           -2.80680932908785        2.33201452190077        3.84277971315004
H           -1.98484886407561        2.72554918220376        2.32139850053504
H           -3.71765919230621        3.01096583661376        2.48537717248723
H           -2.98137252793095       -2.53722279074174        0.09698295024488
H           -1.82033584720247       -2.18770081497708       -1.20244838452796
H           -1.07695717923178       -3.10822580107727        1.62257116629431
H           -1.08127851461298       -4.14188893010774        0.18459202664447
H            0.06356477188080       -2.79459449492387        0.31064821729407
41
 energy: -65.040225322626 gnorm: 0.004326860899 xtb: 6.7.1 (edcfbbe)
C            5.00268775451594       -2.58591856272896       -1.10693348962125
C            4.02022351310081       -1.49005608721923       -1.47488911601725
O            3.04592656328481       -1.39336819767228       -0.41966901314284
P            2.11808746279806       -0.11517621999819       -0.23019635249587
S            3.07731124524956        1.59966589833631       -0.22776155143259
O            1.34175350445533       -0.49503194394860        1.08751145844371
C            1.80212606554012       -0.15117750125506        2.41264504095928
C            0.58657142448470        0.11660631987658        3.27803370445266
S            0.62361630232808       -0.36773151617087       -1.69868967939765
C           -0.00706065650651        1.33104728645284       -1.65886474584319
S           -0.78091705484610        1.77922013633168       -0.08377947136662
P           -2.39825086553414        0.41545337962460       -0.22424737319193
S           -3.20957480666947        0.19511571274916       -1.98667120033755
O           -3.44626470782169        0.93116093655691        0.84483333503824
C           -3.19692455889629        0.94390160505977        2.27285963519184
C           -2.90161525520654        2.35149446322965        2.75337863029769
O           -1.77289774934997       -0.90355309776816        0.42506857766265
C           -1.95579976173808       -2.22586809925096       -0.11783275367529
C           -0.93928205506869       -3.13414473163406        0.54376473572257
H            4.47347271424129       -3.52292683302528       -0.96132631382131
H            5.72234602279739       -2.69924362496637       -1.91063839671449
H            5.52547446295639       -2.32882172604324       -0.19017570668737
H            3.49442992064697       -1.72440602784610       -2.40457942589020
H            4.52178827584048       -0.52208844157128       -1.58058500840008
H            2.38204861466915       -0.99754409749342        2.78748278951688
H            2.44866659100645        0.73078075745184        2.34762127405948
H            0.90745101110815        0.31030840045405        4.29591767411547
H            0.04584794911373        0.98051531453419        2.90066398867708
H           -0.06893600208385       -0.74962881085577        3.26414185428698
H           -0.74366786626603        1.40240564570853       -2.46073350977975
H            0.81631224375080        2.02983098805649       -1.80783079967272
H           -4.11798103129781        0.56267016156505        2.71746243110123
H           -2.37043508790958        0.26650083676337        2.49726944456856
H           -2.79850848376761        2.33989876905039        3.83370365311526
H           -1.98145187670687        2.72373005020427        2.30696986001582
H           -3.71480448271948        3.01636294872309        2.47676540123356
H           -2.97958507956347       -2.54658823436080        0.09374699988485
H           -1.81674485422810       -2.18764980347215       -1.20259077687710
H           -1.07668365179361       -3.12100492530061        1.62120488512353
H           -1.07304269795263       -4.14514569318545        0.17480500932656
H            0.06753554330380       -2.79466067005351        0.31278090503485
41
 energy: -65.040290890264 gnorm: 0.002777892615 xtb: 6.7.1 (edcfbbe)
C            5.00087363397939       -2.58524382985317       -1.10680578893814
C            4.01930366900303       -1.49036409921948       -1.47639394837071
O            3.04031258843198       -1.39967214332971       -0.42329389910583
P            2.11521462330201       -0.12154623746321       -0.23017774715598
S            3.07524335665580        1.59251947436149       -0.22845979623397
O            1.33919067357382       -0.50104753796702        1.08727445842842
C            1.80199937982419       -0.15241367841094        2.41198535543885
C            0.58847660849589        0.11934949302359        3.27772909048995
S            0.62052879950316       -0.36341136322829       -1.69983737994979
C           -0.00636305405375        1.33644512370543       -1.65324944240773
S           -0.78161734762656        1.77393825861052       -0.07805229960015
P           -2.39883441287245        0.41207221863247       -0.21808024444094
S           -3.20049995885260        0.20186090317939       -1.98580403564414
O           -3.45113816937860        0.92791591708237        0.84545722151859
C           -3.20277837156395        0.94735372728262        2.27477863572339
C           -2.89940445090190        2.35560455763516        2.74700085313506
O           -1.77861018509498       -0.90945096090249        0.43155984253556
C           -1.95468888636843       -2.23139128056147       -0.11753322978641
C           -0.93585627109663       -3.13884640279067        0.54101045401929
H            4.47226940762018       -3.52353008685875       -0.96370924896338
H            5.72457643893552       -2.69840421566064       -1.90780046573554
H            5.52054346634497       -2.32844522806228       -0.18764402764306
H            3.49703974867960       -1.72117504026446       -2.40912690827776
H            4.51906584944818       -0.52070785229846       -1.57657728517012
H            2.38300524363402       -0.99764223458774        2.78813256328764
H            2.44854074278073        0.72921327721284        2.34221691409896
H            0.91094466030999        0.31554731007513        4.29532144317777
H            0.04798940340803        0.98361030877886        2.89936971321814
H           -0.06970480252444       -0.74559848496012        3.26850551226347
H           -0.74192766212423        1.41540723975093       -2.45396368907226
H            0.81891565770758        2.03311193113704       -1.79990601453850
H           -4.12687816022119        0.57314539195509        2.71951777629568
H           -2.38157224057837        0.26502992617998        2.50448638770340
H           -2.79033846462146        2.34955404829229        3.82762167071853
H           -1.97915797182111        2.72250783266560        2.29517607402717
H           -3.71126869699197        3.02345688009426        2.47185439762596
H           -2.97762650205840       -2.55702802700793        0.09167969518111
H           -1.81412709330584       -2.18779774617209       -1.20217248256027
H           -1.07485393851987       -3.13436323560645        1.61889574486756
H           -1.06464247861516       -4.14903780777816        0.16558631054461
H            0.07110376681928       -2.79559156176322        0.31406442275929
41
 energy: -65.040340677059 gnorm: 0.002525202082 xtb: 6.7.1 (edcfbbe)
C            4.99969080918247       -2.58556256645179       -1.10730918615254
C            4.01890329007414       -1.49195591248266       -1.47868248971558
O            3.03325223442219       -1.40661341707301       -0.42895132841021
P            2.11422207920978       -0.12581726581303       -0.23012645037303
S            3.08081271503310        1.58468477832423       -0.22419648075157
O            1.33731041010011       -0.50592721490981        1.08705703596094
C            1.80166022884178       -0.15336782294416        2.41217229094676
C            0.59026607106789        0.12293625385983        3.27780969647406
S            0.61785985556619       -0.35740608451974       -1.70053963320292
C           -0.00801902428254        1.34265890622263       -1.64470552236241
S           -0.78235899884459        1.76818465683449       -0.06631359986288
P           -2.40168262951425        0.40734514859217       -0.21428813775658
S           -3.20012716214197        0.19909790601886       -1.98375618857826
O           -3.45628019225432        0.92513650388093        0.84529262058929
C           -3.20907491700435        0.95308529545928        2.27634165958770
C           -2.89594491961753        2.36129157227257        2.73959941655478
O           -1.78599809746826       -0.91577090943422        0.43705601834395
C           -1.95296404434222       -2.23829217961310       -0.11796765326061
C           -0.93116281996162       -3.14404356690695        0.53689941424399
H            4.47200444210238       -3.52502010323514       -0.96762542109471
H            5.72757338735461       -2.69792048579325       -1.90496642267272
H            5.51562960967378       -2.32985695206609       -0.18563558362722
H            3.50043024318121       -1.71936363994777       -2.41423825921066
H            4.51606829249215       -0.52032221168536       -1.57191776529788
H            2.38237746357010       -0.99848647779627        2.78864828488097
H            2.44903747172876        0.72705448709090        2.33749569947594
H            0.91393217256452        0.32159613264057        4.29480819935314
H            0.05054968492126        0.98725287543335        2.89816538913336
H           -0.07037750875348       -0.74031177724920        3.27285140016202
H           -0.74168147874405        1.42828674744299       -2.44584791267510
H            0.81828464701196        2.03904958806992       -1.78589909047374
H           -4.13735709928825        0.58834985774285        2.72060841870595
H           -2.39430478473765        0.26468721708988        2.51026849479335
H           -2.78117537324974        2.36077304644378        3.81994439897718
H           -1.97577126731108        2.72131703835296        2.28194272128507
H           -3.70527036222655        3.03287252841272        2.46577847691327
H           -2.97446175675803       -2.56898877258706        0.08939329107095
H           -1.81157896835248       -2.18820915635480       -1.20214667459771
H           -1.07172231380177       -3.14874862305832        1.61465989266194
H           -1.05448316548213       -4.15274019501069        0.15459264972971
H            0.07518037530385       -2.79600044034431        0.31436493369572
41
 energy: -65.040367312594 gnorm: 0.002402460668 xtb: 6.7.1 (edcfbbe)
C            4.99942567819452       -2.58656488937584       -1.10774433200268
C            4.01854844935251       -1.49388529526377       -1.48026962570960
O            3.02739224237751       -1.41179143367305       -0.43433023938778
P            2.11355137719434       -0.12805543695879       -0.23051724676839
S            3.08773860652366        1.57850569526509       -0.21872973079131
O            1.33661174859655       -0.50924335591755        1.08710075888124
C            1.80129957287906       -0.15416870400797        2.41230791813413
C            0.59118752221524        0.12610494226041        3.27774574169466
S            0.61493734571858       -0.35342899373871       -1.70014044668898
C           -0.00890910347349        1.34743108801287       -1.63730390069781
S           -0.78666767089598        1.76504614166819       -0.05942854113499
P           -2.40466262293972        0.40277076179857       -0.21033575078170
S           -3.20048605751888        0.19363859601448       -1.98130114355551
O           -3.46077447279942        0.92207394481667        0.84670471560588
C           -3.21471453268791        0.95807856698396        2.27838748529585
C           -2.89279243371614        2.36628090718672        2.73390297586404
O           -1.79305761723698       -0.92164534842846        0.44236085058438
C           -1.95155267334673       -2.24361303115235       -0.11865198641763
C           -0.92636838901918       -3.14742155799824        0.53269826444501
H            4.47244876407076       -3.52661928963570       -0.97127194508631
H            5.72968465917399       -2.69690819942943       -1.90311533408352
H            5.51216725279538       -2.33212199448967       -0.18428041247263
H            3.50342486450204       -1.72000275757453       -2.41764109319351
H            4.51356453014886       -0.52091630999304       -1.56849041202030
H            2.38031016987822       -0.99986057405630        2.78943729979517
H            2.45012057496067        0.72470241869565        2.33465718520627
H            0.91587472162658        0.32661014508164        4.29379191947105
H            0.05267786080841        0.99011123182424        2.89650987634561
H           -0.07067876661165       -0.73580982679644        3.27519616652971
H           -0.74100466769711        1.43641305920674       -2.43951176514500
H            0.81773997594915        2.04477904079902       -1.77223401559386
H           -4.14654014117484        0.60246632897130        2.72231675212880
H           -2.40484591142815        0.26535122988017        2.51519730906335
H           -2.77428032914066        2.36976769000665        3.81344465534260
H           -1.97277483350263        2.71954126663306        2.27137744835373
H           -3.69921341713993        3.04082650928558        2.45995675078396
H           -2.97144831620948       -2.57930572781623        0.08701730526004
H           -1.80987807157743       -2.18738172148524       -1.20223512082381
H           -1.06845933588718       -3.15894730193682        1.60981311662159
H           -1.04483983352901       -4.15412916920046        0.14447764047152
H            0.07849187983183       -2.79374388055433        0.31376750994050
41
 energy: -65.040379087530 gnorm: 0.001742718638 xtb: 6.7.1 (edcfbbe)
C            5.00002606508869       -2.58799447289297       -1.10773288933432
C            4.01845280435329       -1.49583918445821       -1.48088309509035
O            3.02499877746028       -1.41547141242449       -0.43730077409613
P            2.11363838249126       -0.13003080429697       -0.23031710027953
S            3.09014062796544        1.57509707437523       -0.21716217001729
O            1.33729625539816       -0.51196856526597        1.08794426978726
C            1.80125875524207       -0.15524214690548        2.41267540297857
C            0.59111232782302        0.12817267170534        3.27733612055106
S            0.61379476331453       -0.34955603213489       -1.69893375241705
C           -0.01156713840083        1.35017697768397       -1.63277676762122
S           -0.78909345544619        1.76310706500688       -0.05318655245397
P           -2.40656647386498        0.40001750287296       -0.20793895327095
S           -3.20091023116143        0.18869793652490       -1.97948028586177
O           -3.46339614659325        0.91991567676823        0.84806646791858
C           -3.21841474839987        0.96104459985364        2.27959427790286
C           -2.89073308768525        2.36945995079065        2.73041103392841
O           -1.79807736408986       -0.92507649295558        0.44603486719434
C           -1.95056867357342       -2.24573001746533       -0.11938839833595
C           -0.92243257438962       -3.14808981977374        0.52943700904130
H            4.47352565134523       -3.52840331575361       -0.97353535853196
H            5.73116026051316       -2.69595365874032       -1.90219271995061
H            5.51070500070320       -2.33430917934598       -0.18320566930921
H            3.50559868856882       -1.72232483937651       -2.41919939339316
H            4.51244621445175       -0.52236118794937       -1.56709693649679
H            2.37828829343058       -1.00144597008171        2.79137775156938
H            2.45153423207614        0.72236956971357        2.33399091965710
H            0.91631651199985        0.33011494545860        4.29261825032737
H            0.05385559210460        0.99187334367382        2.89430021130072
H           -0.07127042461413       -0.73301191782189        3.27588958703550
H           -0.74296231352832        1.44017544734527       -2.43584616503222
H            0.81512257640677        2.04829933634766       -1.76397717135343
H           -4.15237230209435        0.61192672864007        2.72355160630291
H           -2.41158449392896        0.26602046569501        2.51934424089747
H           -2.77084916026873        2.37526110359852        3.80936734435032
H           -1.97044013044326        2.71771660475826        2.26536420488441
H           -3.69482198052399        3.04595946549017        2.45525154225544
H           -2.96917588954440       -2.58577808836994        0.08484497144339
H           -1.80892287000719       -2.18534962267913       -1.20257331809405
H           -1.06569706055637       -3.16376019049274        1.60603115060696
H           -1.03709958992320       -4.15325610671413        0.13714056324971
H            0.08093292756609       -2.78951867549576        0.31279228122068
41
 energy: -65.040386549031 gnorm: 0.001077582087 xtb: 6.7.1 (edcfbbe)
C            5.00050034603482       -2.58949968761432       -1.10734391548893
C            4.01779245647048       -1.49769603821222       -1.48151652624955
O            3.02290651613635       -1.41744037691338       -0.44046601827595
P            2.11348281826173       -0.13007301667843       -0.23073963435071
S            3.09240189987459        1.57339565051913       -0.21533588458275
O            1.33879752752307       -0.51364385454051        1.08859731399562
C            1.80130088744881       -0.15675061193063        2.41273452483872
C            0.59020807885038        0.13009516202119        3.27601256253488
S            0.61187209310775       -0.35077487128280       -1.69743870592501
C           -0.01177111324592        1.34974573566472       -1.62852744262658
S           -0.79243428830443        1.76100318724696       -0.04988754478719
P           -2.40975186421835        0.39766657567199       -0.20472645507812
S           -3.20166304036171        0.18526946982794       -1.97726416326824
O           -3.46702751930041        0.91783195439902        0.85101933291477
C           -3.22264572363371        0.96334780085162        2.28163638030915
C           -2.88927335939886        2.37225768693460        2.72819489263932
O           -1.80418610986804       -0.92781483799794        0.45064369023618
C           -1.94956648559636       -2.24609074649107       -0.12029149052664
C           -0.91734722756120       -3.14659903077464        0.52549152602345
H            4.47480446534403       -3.53055545946746       -0.97552332421755
H            5.73256840610767       -2.69463086203049       -1.90106687037355
H            5.50918198218165       -2.33642792698382       -0.18170470133704
H            3.50749853945714       -1.72583706863769       -2.42077631326565
H            4.51187999884350       -0.52440767883287       -1.56769300312877
H            2.37545523710106       -1.00378320906267        2.79406248609095
H            2.45375795580727        0.71930280545641        2.33494974235924
H            0.91532918007242        0.33349125425919        4.29080037416312
H            0.05459802094568        0.99361562946224        2.89063026080708
H           -0.07279662862322       -0.73043760707484        3.27516069735931
H           -0.74303289320885        1.43995255867879       -2.43220227976018
H            0.81421805470658        2.04919588353453       -1.75772574755646
H           -4.15815325275312        0.62046820413268        2.72624490514148
H           -2.41857246367878        0.26651742057580        2.52509312372764
H           -2.76945268748376        2.38037393169083        3.80684295985522
H           -1.96783724311613        2.71508409038658        2.26194242768887
H           -3.69057652340488        3.05091588955272        2.45048910380175
H           -2.96654482040791       -2.59225156029967        0.08199154535142
H           -1.80805089810589       -2.18116725483565       -1.20316455887389
H           -1.06164942340530       -3.16666790634565        1.60172305972172
H           -1.02704281334117       -4.15026646432450        0.12881231491569
H            0.08407051400834       -2.78178005562776        0.31095795866100
41
 energy: -65.040390752563 gnorm: 0.000722963832 xtb: 6.7.1 (edcfbbe)
C            5.00131525260773       -2.59021675546224       -1.10708173122163
C            4.01819476895760       -1.49867150769081       -1.48150397781247
O            3.02483157242043       -1.41799243806893       -0.43975001394911
P            2.11428894201711       -0.13095341247238       -0.23032373463990
S            3.09067726965945        1.57376324055984       -0.21695974698580
O            1.34035294875968       -0.51496688702122        1.08926240489818
C            1.80145523134497       -0.15768632303564        2.41325391570876
C            0.58938107826823        0.13021887729491        3.27514214668102
S            0.61165612882397       -0.35103989651875       -1.69579749042000
C           -0.01395000536443        1.34844841695956       -1.62941865158480
S           -0.79322710992876        1.76192545816782       -0.05017787589388
P           -2.41023705501829        0.39815477033388       -0.20424750232743
S           -3.20244471377428        0.18685442272762       -1.97652148288907
O           -3.46734508959987        0.91872927893415        0.85174795025817
C           -3.22348336968810        0.96351477894408        2.28210094253044
C           -2.88945563572428        2.37236486652310        2.72903264645522
O           -1.80584665432719       -0.92759566575781        0.45181478777833
C           -1.94916489619890       -2.24496701970076       -0.12061737402306
C           -0.91541267629845       -3.14456128096514        0.52433152709102
H            4.47603340962738       -3.53163662394861       -0.97537302810690
H            5.73381298454067       -2.69501910887707       -1.90067088520820
H            5.50961882219557       -2.33674792840419       -0.18119810829222
H            3.50749379753548       -1.72769143437677       -2.42046924271268
H            4.51259748704752       -0.52554565372261       -1.56939820534735
H            2.37479967017347       -1.00473496144259        2.79610134748459
H            2.45458288757808        0.71809723438888        2.33646373085878
H            0.91327910399478        0.33434265625387        4.29032515377553
H            0.05440085691651        0.99369638793056        2.88841195951178
H           -0.07408586580335       -0.73015045739545        3.27425113224350
H           -0.74531204878381        1.43797186145999       -2.43293672551112
H            0.81209028199024        2.04755275779761       -1.76008167767777
H           -4.15918286497136        0.62107240213239        2.72685270773606
H           -2.42003102161351        0.26620213897281        2.52667975119900
H           -2.77139664465857        2.38085051234715        3.80808258130985
H           -1.96674783280275        2.71422328560176        2.26436832225893
H           -3.68981655936297        3.05173446247742        2.44983909445325
H           -2.96560424263654       -2.59343727674530        0.08096480068986
H           -1.80755663674611       -2.17904502430767       -1.20353173903275
H           -1.05956686807730       -3.16586583850659        1.60072746935296
H           -1.02326909199538       -4.14823250538401        0.12685712471497
H            0.08552298818065       -2.77802504509490        0.31008430010970
41
 energy: -65.040393086942 gnorm: 0.000571262420 xtb: 6.7.1 (edcfbbe)
C            5.00153680263928       -2.59027671889129       -1.10701010309931
C            4.01827123309313       -1.49920415940990       -1.48183264438322
O            3.02572420930182       -1.41788014335552       -0.43930759992683
P            2.11436007238053       -0.13125759485761       -0.23017572352554
S            3.08970351506617        1.57398621651003       -0.21781737910660
O            1.34117140339976       -0.51578500943767        1.08957058306218
C            1.80136060531768       -0.15823181141918        2.41380391812295
C            0.58859763478667        0.13045616745883        3.27424136961342
S            0.61188437795762       -0.35323196852814       -1.69568342038860
C           -0.01370728825253        1.34640273502055       -1.63010654679705
S           -0.79239878831838        1.76084427884150       -0.05062703513792
P           -2.41144402863797        0.39886802846248       -0.20386864944049
S           -3.20418234148696        0.18854189016668       -1.97591781388464
O           -3.46795141268517        0.92046986833263        0.85234211514556
C           -3.22424670652267        0.96405099719211        2.28276093965441
C           -2.88973005878853        2.37246432573056        2.73047593131549
O           -1.80800858810277       -0.92719415155014        0.45281653145742
C           -1.94858813042192       -2.24434894175903       -0.12089717265798
C           -0.91354591844769       -3.14288556387420        0.52328647536637
H            4.47673428681266       -3.53205802495067       -0.97513241209239
H            5.73477943160896       -2.69547302426479       -1.90007825000124
H            5.50948181558817       -2.33631735990820       -0.18092337302175
H            3.50689483433485       -1.72864430215080       -2.42045167467879
H            4.51277939820499       -0.52608181164729       -1.57102100180746
H            2.37422748229937       -1.00532274075984        2.79743736798803
H            2.45495658457876        0.71733427315888        2.33739988480983
H            0.91110901632682        0.33510013356265        4.28992389331601
H            0.05412691540133        0.99393469322149        2.88649633771624
H           -0.07542869314603       -0.72965212141309        3.27332179717254
H           -0.74570133765955        1.43567576947252       -2.43295666054259
H            0.81207773868459        2.04541612575677       -1.76242480539627
H           -4.16020524310422        0.62144476287070        2.72734263109208
H           -2.42146058755569        0.26588126005480        2.52728916472629
H           -2.77351415627135        2.38107157307217        3.80994244605540
H           -1.96575305346974        2.71381797550831        2.26760513310584
H           -3.68916313572793        3.05258487375147        2.45012500374327
H           -2.96445736444074       -2.59487807008618        0.08016493112534
H           -1.80682976284908       -2.17736296409792       -1.20382858784086
H           -1.05739531165152       -3.16547664179261        1.59984037901957
H           -1.01991024431614       -4.14668151936040        0.12525042390719
H            0.08709339333873       -2.77516653972268        0.30926019967792
41
 energy: -65.040394767586 gnorm: 0.000515363568 xtb: 6.7.1 (edcfbbe)
C            5.00199956033618       -2.59051788080997       -1.10701516240940
C            4.01844120570605       -1.50010638343106       -1.48228155097729
O            3.02667099425322       -1.41811184928127       -0.43898228349903
P            2.11466546611323       -0.13195830735710       -0.22997910013152
S            3.08934017445393        1.57374989995355       -0.21778703958588
O            1.34213727110967       -0.51707310183293        1.08979444005709
C            1.80096638802751       -0.15872356076998        2.41439920182677
C            0.58747717057810        0.13111253706358        3.27315739055028
S            0.61129758465131       -0.35538226160081       -1.69453069272930
C           -0.01424058074077        1.34435542476124       -1.63041499244753
S           -0.79238258403819        1.76021833523890       -0.05123930799207
P           -2.41234275123135        0.39927020517673       -0.20321001747829
S           -3.20530558060739        0.18970065709701       -1.97530438927336
O           -3.46790734705327        0.92288204180456        0.85288754837138
C           -3.22501455028480        0.96527474856492        2.28356012198269
C           -2.88971352389726        2.37298677771402        2.73227193913974
O           -1.81132659057112       -0.92765741006542        0.45439048183439
C           -1.94795137826419       -2.24441387120675       -0.12135883874943
C           -0.91092511035390       -3.14125101562260        0.52174109837514
H            4.47766549973803       -3.53254098788623       -0.97497906862564
H            5.73571501980397       -2.69575740549123       -1.89961082676762
H            5.50941703084963       -2.33601540802392       -0.18078917115674
H            3.50616850896939       -1.73020958456894       -2.42025878712861
H            4.51255766717599       -0.52684106610949       -1.57258383073086
H            2.37299281742610       -1.00592471203248        2.79900067959215
H            2.45517586787129        0.71639363066333        2.33799107789860
H            0.90861451361034        0.33633993973012        4.28917297109754
H            0.05383218901384        0.99451000555035        2.88413268405882
H           -0.07699150081997       -0.72864734461000        3.27202235076825
H           -0.74663620315271        1.43288916166207       -2.43282724160036
H            0.81147473662689        2.04327278729746       -1.76366367080383
H           -4.16159309603400        0.62303883018287        2.72735445090022
H           -2.42313446869101        0.26603561253074        2.52785338636983
H           -2.77594579023156        2.38133090087015        3.81199076385057
H           -1.96430357871252        2.71340476745664        2.27154590898026
H           -3.68768895115854        3.05411223868862        2.45027725353577
H           -2.96295397290689       -2.59768504674105        0.07904167644233
H           -1.80612043435069       -2.17544432984271       -1.20415596725572
H           -1.05445664261725       -3.16524280653320        1.59827131102917
H           -1.01545355187145       -4.14487463759153        0.12281042520542
H            0.08902712053953       -2.77156476569024        0.30794138093984
41
 energy: -65.040395733709 gnorm: 0.000373573797 xtb: 6.7.1 (edcfbbe)
C            5.00241960315776       -2.59067107506616       -1.10708815803783
C            4.01837773789286       -1.50083949594258       -1.48258477043248
O            3.02695649342454       -1.41856899485144       -0.43879118661500
P            2.11437517140087       -0.13309389769329       -0.22971523845512
S            3.08827037786243        1.57309613589876       -0.21811816406325
O            1.34254505860290       -0.51851040220459        1.09017135511215
C            1.80044926113064       -0.15900034228252        2.41493061629428
C            0.58633994413793        0.13199726539980        3.27233059968695
S            0.61158321215096       -0.35699246659324       -1.69475087171371
C           -0.01426374849939        1.34260694994910       -1.63028853145931
S           -0.79085294451758        1.75818680615690       -0.05031162340305
P           -2.41318047938890        0.39947010803064       -0.20250512356598
S           -3.20584491132590        0.18969782969466       -1.97470530632480
O           -3.46773617055231        0.92531436569719        0.85317757988512
C           -3.22579411769252        0.96656956603454        2.28419376041143
C           -2.88952301224496        2.37367009021876        2.73390578643171
O           -1.81527558252641       -0.92838167104258        0.45616080515639
C           -1.94749908871110       -2.24467115653205       -0.12184891198897
C           -0.90842816292244       -3.13987860074262        0.52017885214834
H            4.47848925819422       -3.53285593385807       -0.97491611527511
H            5.73625756531064       -2.69564041391649       -1.89951169577231
H            5.50946477860546       -2.33572164662628       -0.18083233041785
H            3.50561864076835       -1.73170203991176       -2.42008005412845
H            4.51199614280207       -0.52743389126376       -1.57357511630564
H            2.37170231198483       -1.00621178177983        2.80053972551437
H            2.45507934018532        0.71570584769966        2.33801458592086
H            0.90671336922609        0.33772453931258        4.28842501106070
H            0.05349496604796        0.99534570987538        2.88223967289630
H           -0.07845302505838       -0.72745694572982        3.27106847253954
H           -0.74747282501949        1.43062677382097       -2.43213866392662
H            0.81121061641773        2.04158765245440       -1.76432362655732
H           -4.16300149501154        0.62492582752887        2.72699080598230
H           -2.42467926281094        0.26646930731366        2.52834198441484
H           -2.77780264328486        2.38150067344018        3.81378076220064
H           -1.96290791840058        2.71310090558592        2.27491505346989
H           -3.68608898893858        3.05581683807583        2.45057235734048
H           -2.96156039924844       -2.60096183124589        0.07777373239492
H           -1.80558954848477       -2.17353818815632       -1.20444196886448
H           -1.05178418691057       -3.16513222685342        1.59664925458343
H           -1.01105494023277       -4.14324352014002        0.12023002622094
H            0.09069820174421       -2.76797190484711        0.30657326110550
41
 energy: -65.040396109319 gnorm: 0.000229456128 xtb: 6.7.1 (edcfbbe)
C            5.00262544841432       -2.59071488883994       -1.10722524019785
C            4.01834043263986       -1.50100989689278       -1.48267448227654
O            3.02690056946716       -1.41883743754152       -0.43877772563450
P            2.11448233439279       -0.13346957347733       -0.22960658049038
S            3.08842947062243        1.57275371575649       -0.21754704158598
O            1.34245973865310       -0.51889208029377        1.09013621151997
C            1.80013661121419       -0.15886082324464        2.41493906607286
C            0.58594133888245        0.13241714384226        3.27219804171551
S            0.61129346033028       -0.35758742632207       -1.69435165235853
C           -0.01434609025075        1.34217036112097       -1.63020480280946
S           -0.79080609163201        1.75766175899698       -0.05038920895538
P           -2.41331286953105        0.39912234970448       -0.20221161248714
S           -3.20526183703622        0.18980934095331       -1.97488358242937
O           -3.46736753356057        0.92635600278353        0.85305150899221
C           -3.22589496645548        0.96704364316176        2.28429188932971
C           -2.88932344530749        2.37397230983581        2.73449179766467
O           -1.81716797568877       -0.92910783874474        0.45701975232947
C           -1.94762714729634       -2.24513079729816       -0.12201891730752
C           -0.90775065854543       -3.13967259769988        0.51970237618296
H            4.47882209991167       -3.53294067194484       -0.97495198726840
H            5.73621030561684       -2.69547585526748       -1.89988704956963
H            5.50985696493832       -2.33568586357729       -0.18110827996345
H            3.50553032365904       -1.73207564964652       -2.42005856131176
H            4.51171616515942       -0.52753920171272       -1.57360643800797
H            2.37127944924879       -1.00595436594679        2.80089944460424
H            2.45470699168231        0.71579882425034        2.33772598197203
H            0.90638470479410        0.33816950884402        4.28824106079655
H            0.05327777121631        0.99581591561919        2.88202434562519
H           -0.07891464031236       -0.72696613323917        3.27094209648857
H           -0.74753187102250        1.43003168126171       -2.43211196132960
H            0.81113337405473        2.04117934621492       -1.76428321938661
H           -4.16334358955317        0.62564909398455        2.72657903435932
H           -2.42498389092753        0.26673169745924        2.52842310874719
H           -2.77805256400442        2.38138150839440        3.81439803922158
H           -1.96241440953280        2.71314665271015        2.27596035278305
H           -3.68551798807792        3.05648381038484        2.45102813607345
H           -2.96132034166343       -2.60261256463938        0.07721768467981
H           -1.80563439331766       -2.17307905307526       -1.20449855809930
H           -1.05103290801054       -3.16519125286940        1.59616250955324
H           -1.00972215030809       -4.14297411836251        0.11952972130211
H            0.09104840640178       -2.76698180973478        0.30607134491948
41
 energy: -65.040396277176 gnorm: 0.000157401744 xtb: 6.7.1 (edcfbbe)
C            5.00279333745548       -2.59072254781700       -1.10738760448360
C            4.01833666266947       -1.50103958647713       -1.48259720035856
O            3.02690168138960       -1.41906955703712       -0.43868339231755
P            2.11453206420785       -0.13371563742914       -0.22950375984514
S            3.08849250519196        1.57248842237908       -0.21741692753565
O            1.34234744504225       -0.51902764726961        1.09026693808583
C            1.80002128678839       -0.15865671357444        2.41496458833556
C            0.58583458213794        0.13259645703554        3.27230791044160
S            0.61156408113723       -0.35762896261548       -1.69447933625975
C           -0.01427612903273        1.34206634052397       -1.63020236153938
S           -0.79067787031967        1.75734585877064       -0.05040845029972
P           -2.41335380268255        0.39891224558736       -0.20213717919026
S           -3.20518234586759        0.18946192381974       -1.97476011433956
O           -3.46718178298295        0.92697144878398        0.85286609609097
C           -3.22589433870177        0.96723732133517        2.28417914430434
C           -2.88920436225290        2.37405989700836        2.73471915143293
O           -1.81847098841690       -0.92952005805255        0.45750055017317
C           -1.94788402116664       -2.24536838745999       -0.12212134292188
C           -0.90765136252553       -3.13959613133782        0.51951306427647
H            4.47905316268062       -3.53295380205223       -0.97496289404586
H            5.73607997071868       -2.69542488631375       -1.90033731749200
H            5.51034146300004       -2.33567305982373       -0.18145768482405
H            3.50553790831003       -1.73211789942811       -2.41996448803041
H            4.51160131532059       -0.52752398898318       -1.57344087170665
H            2.37130282505900       -1.00557578398961        2.80109066551217
H            2.45440804547539        0.71611733107554        2.33758244405451
H            0.90638202735421        0.33830321122175        4.28832406512089
H            0.05315169290196        0.99601320989090        2.88220342598987
H           -0.07901099469011       -0.72678471815176        3.27107060239013
H           -0.74748083996368        1.42990405998765       -2.43211524466912
H            0.81115532566271        2.04114781483122       -1.76428034424785
H           -4.16339375589157        0.62587345231211        2.72629501846702
H           -2.42503521410891        0.26687785056402        2.52822509464259
H           -2.77781834403628        2.38112059439561        3.81461400445518
H           -1.96233172144044        2.71326666177470        2.27617950143412
H           -3.68538902895152        3.05667990446882        2.45151957952830
H           -2.96138720952740       -2.60356784064103        0.07679383820930
H           -1.80573259687460       -2.17286361779892       -1.20454001282216
H           -1.05091665518031       -3.16514711418497        1.59597238109675
H           -1.00934059572028       -4.14292451548653        0.11937016263629
H            0.09102517709629       -2.76660678493412        0.30587490371497
41
 energy: -65.040396279913 gnorm: 0.000206852369 xtb: 6.7.1 (edcfbbe)
C            5.00296122649663       -2.59073020679407       -1.10754996876935
C            4.01833289269908       -1.50106927606147       -1.48251991844058
O            3.02690279331203       -1.41930167653273       -0.43858905900060
P            2.11458179402291       -0.13396170138095       -0.22940093919989
S            3.08855553976149        1.57222312900166       -0.21728681348533
O            1.34223515143140       -0.51916321424545        1.09039766465170
C            1.79990596236260       -0.15845260390424        2.41499011059825
C            0.58572782539342        0.13277577022882        3.27241777916769
S            0.61183470194418       -0.35767049890888       -1.69460702016098
C           -0.01420616781471        1.34196231992697       -1.63019992026930
S           -0.79054964900732        1.75702995854429       -0.05042769164407
P           -2.41339473583405        0.39870214147024       -0.20206274589338
S           -3.20510285469895        0.18911450668617       -1.97463664624975
O           -3.46699603240532        0.92758689478444        0.85268068318974
C           -3.22589371094807        0.96743099950858        2.28406639927896
C           -2.88908527919830        2.37414748418092        2.73494650520120
O           -1.81977400114503       -0.92993227736036        0.45798134801688
C           -1.94814089503695       -2.24560597762181       -0.12222376853625
C           -0.90755206650564       -3.13951966497575        0.51932375236997
H            4.47928422544957       -3.53296693215962       -0.97497380082332
H            5.73594963582052       -2.69537391736002       -1.90078758541437
H            5.51082596106176       -2.33566025607016       -0.18180708968465
H            3.50554549296103       -1.73216014920969       -2.41987041474906
H            4.51148646548175       -0.52750877625364       -1.57327530540534
H            2.37132620086921       -1.00519720203242        2.80128188642009
H            2.45410909926846        0.71643583790074        2.33743890613698
H            0.90637934991432        0.33843691359949        4.28840706944523
H            0.05302561458762        0.99621050416262        2.88238250635456
H           -0.07910734906786       -0.72660330306436        3.27119910829169
H           -0.74742980890486        1.42977643871359       -2.43211852800864
H            0.81117727727069        2.04111628344753       -1.76427746910910
H           -4.16344392222997        0.62609781063967        2.72601100257472
H           -2.42508653729028        0.26702400366880        2.52802708053798
H           -2.77758412406814        2.38085968039681        3.81482996968879
H           -1.96224903334809        2.71338667083924        2.27639865008519
H           -3.68526006982512        3.05687599855280        2.45201102298316
H           -2.96145407739137       -2.60452311664268        0.07636999173879
H           -1.80583080043155       -2.17264818252259       -1.20458146754502
H           -1.05080040235008       -3.16510297550054        1.59578225264026
H           -1.00895904113247       -4.14287491261055        0.11921060397048
H            0.09100194779080       -2.76623176013346        0.30567846251046
41
 energy: -65.040396371187 gnorm: 0.000124083378 xtb: 6.7.1 (edcfbbe)
C            5.00291656790934       -2.59066834486858       -1.10757030553589
C            4.01831489170573       -1.50099296572883       -1.48248059393858
O            3.02695698439936       -1.41923065642327       -0.43851864321339
P            2.11460169226507       -0.13384856841285       -0.22943637872788
S            3.08857402423722        1.57232075018707       -0.21740576901850
O            1.34225097459472       -0.51900958308667        1.09039108965560
C            1.79997815670960       -0.15836097711368        2.41493378637624
C            0.58582535276013        0.13270070070663        3.27243372080700
S            0.61172678520268       -0.35789810387720       -1.69451881899497
C           -0.01425607177512        1.34176089547460       -1.63012607888493
S           -0.79035215909000        1.75673377803258       -0.05008844635493
P           -2.41354785886923        0.39867216301445       -0.20212477391699
S           -3.20477214412627        0.18965465274115       -1.97522535117140
O           -3.46713152398527        0.92756478894321        0.85269408530870
C           -3.22586588029092        0.96738715278653        2.28401169227738
C           -2.88912089756542        2.37410539185185        2.73491454693419
O           -1.81991335156451       -0.92992474422980        0.45794990423060
C           -1.94815944443280       -2.24559684179354       -0.12223791520260
C           -0.90767122670886       -3.13951165296569        0.51944220988273
H            4.47921281028379       -3.53288167333872       -0.97485718688459
H            5.73583872003853       -2.69543687140565       -1.90086107683032
H            5.51089786636313       -2.33556070410322       -0.18189021372562
H            3.50551772965269       -1.73197318923483       -2.41987933877207
H            4.51155155241001       -0.52745024621698       -1.57324094986008
H            2.37156673997780       -1.00503379811991        2.80116278747162
H            2.45410213802573        0.71660892583337        2.33740378272953
H            0.90649671653456        0.33832388688119        4.28843231518497
H            0.05301749858469        0.99612474019517        2.88249943230111
H           -0.07895518003961       -0.72673857470068        3.27121232709133
H           -0.74745740426156        1.42967554012889       -2.43204477708902
H            0.81116863012052        2.04086579984954       -1.76422949546810
H           -4.16334583962547        0.62593584609870        2.72608784122380
H           -2.42503365786657        0.26695419292976        2.52792486886098
H           -2.77731035627104        2.38080218671862        3.81477804823151
H           -1.96244543314672        2.71351400726942        2.27611542311745
H           -3.68547428972966        3.05675197322658        2.45224367524114
H           -2.96150447260675       -2.60450327055896        0.07624497883532
H           -1.80576348132576       -2.17264252779420       -1.20459812105260
H           -1.05098297727615       -3.16502960978811        1.59591352496753
H           -1.00914252230157       -4.14290274740996        0.11936925972333
H            0.09093894034931       -2.76632695679003        0.30581153765423
