----------------------------------------------- 
  Element       SASA      Sigma Z        Total  
     Z         Ang**2 cal/Ang**2/mol   kcal/mol 
----------------------------------------------- 
      H        229.930      48.690      11.195
      C         57.116     129.740       7.410
      O         27.190       0.000       0.000
      P          1.169       0.000       0.000
      S        102.688      -9.100      -0.934

 Subtotal:     418.093                  17.671
 -----------------------------------------------

  Elements    COT*SASA   Sigma Z,Z'     Total   
    Z,Z'       Ang**2  cal/Ang**2/mol kcal/mol  
 ---------------------------------------------- 
  H   C        155.013     -60.770      -9.420
  H   O          0.000       0.000       0.000
  C   C         32.699     -72.950      -2.385
  O   C          0.000      68.690       0.000
  O   O          0.000       0.000       0.000
  O   P         18.774      68.850       1.293

 Subtotal:                             -10.513
 ---------------------------------------------- 

 NONAQUEOUS SOLVENT CONTRIBUTION (kcal/mol):
 (proportional to SASA, atomic number independent)
 ---------------------------------------------- 
 Subtotal:                               0.000
 ---------------------------------------------- 

 CDS TOTAL (kcal/mol):                   7.158
...............................................................................
