11
 energy: -628.367702000862 gnorm: 0.058095462989 xtb: 6.7.1 (edcfbbe)
C           -1.43405710343547       -0.99394438264044       -0.00005963890003
S           -0.00003086940001        0.09077619484023       -0.00000685950000
O           -0.00120657660053        0.87871894728938        1.22588744984322
O           -0.00051958370023        0.87803052208908       -1.22634334064343
C            1.43589683863628       -0.99157580663939        0.00054775140024
H           -1.38897076041549       -1.59771552360799       -0.89562640729688
H           -1.39186822521677       -1.59352379420613        0.89830800449806
H           -2.31810923972722       -0.36959074446378       -0.00281424300125
H            1.39162465041667       -1.59589863620718       -0.89481912459652
H            2.31900180532761       -0.36588413656213       -0.00272434550121
H            1.39478125981806       -1.59100656710502        0.89931444469851
11
 energy: -628.370162688973 gnorm: 0.026862767921 xtb: 6.7.1 (edcfbbe)
C           -1.41439038078277       -0.99895550413103        0.00000218925205
S           -0.00005109061557        0.11256856681014       -0.00007403747609
O           -0.00108062207940        0.89908941154882        1.24403036823540
O           -0.00044492060979        0.89821593999943       -1.24473310922407
C            1.41619173307585       -0.99660249355500        0.00057354926284
H           -1.38036816870441       -1.61415939443482       -0.89961481368373
H           -1.38316859843759       -1.61026567362008        0.90234369976502
H           -2.30153726050381       -0.36266844581233       -0.00272988975358
H            1.38305335847531       -1.61232044498310       -0.89875910191318
H            2.30234125510197       -0.35892362913419       -0.00259181282948
H            1.38599724216410       -1.60759203206334        0.90321654669961
11
 energy: -628.370704672539 gnorm: 0.006895685439 xtb: 6.7.1 (edcfbbe)
C           -1.41575245884835       -0.99554491612367        0.00005227150559
S           -0.00004275376780        0.11115266974085       -0.00013686389275
O           -0.00095587825145        0.89627806913334        1.25788524835036
O           -0.00039786674402        0.89512839304390       -1.25888067478571
C            1.41751682009074       -0.99318972507938        0.00059693755582
H           -1.38010946798907       -1.61454391224893       -0.90118008460932
H           -1.38269598233246       -1.61097188804000        0.90384874144073
H           -2.30896529331607       -0.36142562353477       -0.00252882896073
H            1.38281339757096       -1.61267746570058       -0.90032776486130
H            2.30968929226260       -0.35760112365795       -0.00233402776318
H            1.38544268758724       -1.60821820431198        0.90466862442899
11
 energy: -628.370774680534 gnorm: 0.002695400743 xtb: 6.7.1 (edcfbbe)
C           -1.41647289091189       -0.99411320163578        0.00008357610469
S           -0.00003841641921        0.10934013114448       -0.00019152014240
O           -0.00091980183653        0.89233588468716        1.26362070086561
O           -0.00041393413954        0.89095661411277       -1.26486405931566
C            1.41821931354965       -0.99176920334845        0.00061816427707
H           -1.37954438518381       -1.61272747832736       -0.90059700042993
H           -1.38188782449326       -1.60935241591511        0.90317612950945
H           -2.30954355549523       -0.36131894854917       -0.00231398727812
H            1.38228739647635       -1.61085269237588       -0.89977451247647
H            2.31023246047344       -0.35747751640990       -0.00207803093138
H            1.38462412113187       -1.60663491475602        0.90398411293134
11
 energy: -628.370786233873 gnorm: 0.002588017526 xtb: 6.7.1 (edcfbbe)
C           -1.41665381062189       -0.99365803897646        0.00011019927981
S           -0.00003738697796        0.10867372300971       -0.00024849118982
O           -0.00091090099014        0.88972572790797        1.26555528727757
O           -0.00043248537514        0.88815948448093       -1.26702528726585
C            1.41839625411346       -0.99131734145681        0.00063647709793
H           -1.37950952881521       -1.61156417988234       -0.90023655180990
H           -1.38162708915735       -1.60834316913407        0.90274208335100
H           -2.30874454160265       -0.36089629801760       -0.00211258379361
H            1.38228149929067       -1.60966792504153       -0.89944840706440
H            2.30943105496206       -0.35706002074606       -0.00184238249725
H            1.38434941419319       -1.60566571289749        0.90353322970394
11
 energy: -628.370791006694 gnorm: 0.001894794982 xtb: 6.7.1 (edcfbbe)
C           -1.41675335016509       -0.99335195888051        0.00013927468475
S           -0.00003766027650        0.10858252345151       -0.00031485469761
O           -0.00090486148001        0.88776860116539        1.26632487333096
O           -0.00044583304065        0.88600271051416       -1.26804843499658
C            1.41849580287841       -0.99101058751398        0.00065513515817
H           -1.37996029113853       -1.61085394210137       -0.90014079535803
H           -1.38182309574120       -1.60779850280940        0.90257451954854
H           -2.30826480792849       -0.36034958419848       -0.00188978588402
H            1.38275841623301       -1.60892299145548       -0.89939114620004
H            2.30895642021141       -0.35651997285029       -0.00158023302562
H            1.38452173167547       -1.60516005645453        0.90333502242024
11
 energy: -628.370793293029 gnorm: 0.000491746826 xtb: 6.7.1 (edcfbbe)
C           -1.41693754912385       -0.99293113966876        0.00019741173978
S           -0.00003787962866        0.10903666366623       -0.00044782651778
O           -0.00089202063832        0.88540958223433        1.26691331545648
O           -0.00046128016449        0.88325557620539       -1.26913344599147
C            1.41868235710548       -0.99058735010094        0.00069132024118
H           -1.38115024760000       -1.61019934538324       -0.90026995438201
H           -1.38252118932469       -1.60746971515487        0.90257662405189
H           -2.30814619709167       -0.35942904912735       -0.00146091629656
H            1.38399434830938       -1.60819097497872       -0.89959512704298
H            2.30884498978247       -0.35560464944873       -0.00107070191399
H            1.38516712253607       -1.60490337695550        0.90326287789275
11
 energy: -628.370793293029 gnorm: 0.000491746826 xtb: 6.7.1 (edcfbbe)
C           -1.41693754912385       -0.99293113966876        0.00019741173978
S           -0.00003787962866        0.10903666366623       -0.00044782651778
O           -0.00089202063832        0.88540958223433        1.26691331545648
O           -0.00046128016449        0.88325557620539       -1.26913344599147
C            1.41868235710548       -0.99058735010094        0.00069132024118
H           -1.38115024760000       -1.61019934538324       -0.90026995438201
H           -1.38252118932469       -1.60746971515487        0.90257662405189
H           -2.30814619709167       -0.35942904912735       -0.00146091629656
H            1.38399434830938       -1.60819097497872       -0.89959512704298
H            2.30884498978247       -0.35560464944873       -0.00107070191399
H            1.38516712253607       -1.60490337695550        0.90326287789275
