----------------------------------------------- 
  Element       SASA      Sigma Z        Total  
     Z         Ang**2 cal/Ang**2/mol   kcal/mol 
----------------------------------------------- 
      H         74.883      48.690       3.646
      C          9.578     129.740       1.243
      O         38.388       0.000       0.000

 Subtotal:     122.848                   4.889
 -----------------------------------------------

  Elements    COT*SASA   Sigma Z,Z'     Total   
    Z,Z'       Ang**2  cal/Ang**2/mol kcal/mol  
 ---------------------------------------------- 
  H   C         33.217     -60.770      -2.019
  H   O         18.093       0.000       0.000
  C   C          5.894     -72.950      -0.430
  O   C          0.000      68.690       0.000
  O   O          0.000       0.000       0.000

 Subtotal:                              -2.449
 ---------------------------------------------- 

 NONAQUEOUS SOLVENT CONTRIBUTION (kcal/mol):
 (proportional to SASA, atomic number independent)
 ---------------------------------------------- 
 Subtotal:                               0.000
 ---------------------------------------------- 

 CDS TOTAL (kcal/mol):                   2.440
...............................................................................
