41
 energy: -65.040310169468 gnorm: 0.053045520273 xtb: 6.7.1 (edcfbbe)
C            5.54653684454478       -1.99843383517111       -1.11182879781066
C            4.44228647031130       -1.01381185949528       -1.39719396775364
O            3.58301244250496       -0.97049146471404       -0.20552872736885
P            2.52513631133858        0.21864367438310        0.02822051107175
S            3.16701224578624        2.05338073523895       -0.02725370640951
O            1.95366238519847       -0.14909149350786        1.47628980804935
C            1.47432374509201       -1.50538214037574        1.80670237683116
C            2.48606547981201       -2.19729705401086        2.68628549286348
S            1.05464801960329       -0.28577333735062       -1.42417902439814
C            0.07170595336463        1.26330729568326       -1.46257767936344
S           -0.89482113673207        1.68927820126577        0.03669288486816
P           -2.42096931569237        0.22121904341553       -0.04914220831391
S           -3.20421185250351       -0.10407820924846       -1.80209249624113
O           -3.40033105889125        0.72808813618344        1.12318778827408
C           -4.58849493891533        1.56016960717574        0.88645484591497
C           -4.23780511792433        3.00744171024309        0.64102516322806
O           -1.70617281585455       -1.02254424036927        0.67181108793762
C           -2.11787727863074       -2.41178545781733        0.43597628626698
C           -3.43305579653367       -2.73213384864407        1.10361561634121
H            6.15564490685832       -1.66787144600670       -0.26550941387411
H            5.14023430333055       -2.99097523532662       -0.89609525737301
H            6.18980258699491       -2.07233938983483       -1.99434233101930
H            3.82842054608519       -1.32670524084655       -2.24742156540055
H            4.83348474948432       -0.00809645373967       -1.58124186146311
H            0.52616117165617       -1.34807681715524        2.32540078232963
H            1.28055011777866       -2.06229958614334        0.88450678600751
H            2.68207236352647       -1.60919300772866        3.58780530591004
H            2.08125289713219       -3.16842360421811        2.99034969066084
H            3.42691822871063       -2.36419135154452        2.15517889143968
H           -0.60850340967310        1.16270885624718       -2.31491101763690
H            0.74305296262565        2.11102148904573       -1.63272089188820
H           -5.15062836591010        1.12653426426624        0.05337526137267
H           -5.16555243793944        1.44093819616133        1.80532929906855
H           -3.60762571497502        3.40152146101705        1.44441925180454
H           -3.72875770052713        3.14681387821972       -0.31640421515181
H           -5.16708174746572        3.58616618716154        0.61980184022167
H           -2.15370258469349       -2.58085132081897       -0.64490208060332
H           -1.29761755589490       -2.99498389202811        0.86018871680537
H           -4.25994710717618       -2.17406178629991        0.65418973731230
H           -3.63595965087937       -3.80050778054997        0.97554848566265
H           -3.39335618180160       -2.51419569345948        2.17498454975369
41
 energy: -65.044568370690 gnorm: 0.028256314145 xtb: 6.7.1 (edcfbbe)
C            5.54569930152577       -1.99366479434692       -1.11257129192670
C            4.43345006975674       -1.00787466537697       -1.38646982483240
O            3.57862771884856       -0.96372996128715       -0.20631222916628
P            2.50655749166128        0.20615967888097        0.01842522417793
S            3.16133988264227        2.04398416687729       -0.04810874421165
O            1.93614783243455       -0.15819824126842        1.45879530212385
C            1.47360801820622       -1.50221940648200        1.80336150212592
C            2.48352192574748       -2.19946941532332        2.68393187248551
S            0.98330084463301       -0.31094484882019       -1.38518384477599
C            0.06477888167556        1.26056312289930       -1.45993920031039
S           -0.83487085259604        1.64683821445419        0.07864562695147
P           -2.40718923813662        0.23273507292411       -0.04279884896841
S           -3.21132892006241       -0.11889253376903       -1.79554815698439
O           -3.40225250622167        0.72089820577572        1.11586182516134
C           -4.57689447192409        1.54838889548375        0.88057252783188
C           -4.23193894704735        2.99924239513901        0.63830760578389
O           -1.70083190383951       -1.01343298451697        0.66886027862602
C           -2.11444215457553       -2.39188342547533        0.43353719193866
C           -3.42879091786675       -2.72274164219745        1.10027112930069
H            6.14666739803408       -1.66616539478316       -0.26677946434611
H            5.13672629303806       -2.97814317147894       -0.89494375020044
H            6.18424166772965       -2.06514688635112       -1.99106329631132
H            3.81668713911388       -1.32100968046996       -2.23269679410476
H            4.81755697137297       -0.00039437677164       -1.56961764969245
H            0.52627375408914       -1.33805147170382        2.32168648725368
H            1.29314293760054       -2.05464969162146        0.87747534382382
H            2.68093662786903       -1.60534371639715        3.57400781322627
H            2.08497408489593       -3.16680576838166        2.98663882231218
H            3.41872886693586       -2.35245236954489        2.14912375495132
H           -0.63200682857682        1.15973838512011       -2.29396936524986
H            0.76011772469034        2.08749029857698       -1.61624940504888
H           -5.12745845155357        1.12426963052437        0.03581951072729
H           -5.15492075226735        1.42564461484569        1.79830167315845
H           -3.59955857708696        3.38309310169698        1.43705399628779
H           -3.71374940394543        3.12618878091836       -0.31150114266917
H           -5.15394153127372        3.57905979401227        0.61170364535537
H           -2.16371522398118       -2.55466949162614       -0.64720978771319
H           -1.29536408791518       -2.97685678175266        0.85601837266945
H           -4.24349164089631       -2.15557312329689        0.65028061649359
H           -3.63359981280927       -3.78511102113349        0.97199678705212
H           -3.38722624679968       -2.49723230465004        2.16428110462025
41
 energy: -65.046315912042 gnorm: 0.011399520505 xtb: 6.7.1 (edcfbbe)
C            5.53330667867097       -1.98353777813764       -1.11023180553505
C            4.41303307216593       -0.99774015619374       -1.37878524764512
O            3.56046279272878       -0.95673289519846       -0.21106854251117
P            2.47710466766982        0.19242298830191        0.01395720436508
S            3.12880545367486        2.03054039005680       -0.09194680528841
O            1.91686766662772       -0.16768354234689        1.44825476861779
C            1.46589804457235       -1.49961604418397        1.80086306028597
C            2.48223548341595       -2.19660508127216        2.67892468179641
S            0.94423840323983       -0.34881015390329       -1.38059945716249
C            0.06298083988175        1.23465500469666       -1.42871978351018
S           -0.80837982588739        1.64718657430440        0.11044897656323
P           -2.38221042059922        0.23865246329927       -0.02699093978332
S           -3.17894808177511       -0.09835377859799       -1.78882017153166
O           -3.39732450765213        0.71035588785456        1.11097143635004
C           -4.55907457249581        1.53023240666196        0.87258133372584
C           -4.21412055562508        2.98488049978079        0.63373470664468
O           -1.68948644333388       -1.01271384025432        0.67220385332169
C           -2.10623008872742       -2.37668907163299        0.43112194451363
C           -3.42413504682679       -2.70544074878616        1.09798723582392
H            6.12786197968678       -1.65699853145621       -0.26368652276642
H            5.12329446896855       -2.96410789397559       -0.89419181107362
H            6.16845265248716       -2.04869920830692       -1.98619037258476
H            3.80178853552721       -1.31121594602493       -2.22805895343146
H            4.79673440809488        0.01004763330916       -1.56010799663505
H            0.52174796012870       -1.33549767671663        2.32453509995782
H            1.29004106834768       -2.05617408625080        0.87694958319221
H            2.68173456598543       -1.59819961135873        3.56156571826756
H            2.08911285927990       -3.16134696903440        2.97988751210582
H            3.41186826404681       -2.33856442680762        2.13675288160764
H           -0.64778918155584        1.15026806695951       -2.24929428096716
H            0.77587215535771        2.04286143897754       -1.58892898533913
H           -5.10138064518082        1.11684469667950        0.01693124706277
H           -5.14466444317528        1.40720206811365        1.78528915847497
H           -3.58306130276493        3.36166306689504        1.43244211636280
H           -3.68624655738898        3.09987442495758       -0.31037218936172
H           -5.13065450932640        3.56486502506169        0.59864906935705
H           -2.16895793118238       -2.53018550196764       -0.65030549162942
H           -1.29012765175085       -2.96906179366842        0.84733473801505
H           -4.22753654040844       -2.12799088743022        0.64566403051662
H           -3.63316235567303       -3.76210992067124        0.96775799394875
H           -3.38043839610333       -2.47483990243067        2.15748622380514
41
 energy: -65.046854689086 gnorm: 0.006475907707 xtb: 6.7.1 (edcfbbe)
C            5.52069734314552       -1.97548220728211       -1.10717102216408
C            4.39704095759294       -0.99136002832028       -1.37631158741943
O            3.54855850368301       -0.95687236473964       -0.21188306018616
P            2.45987410926208        0.18008557678920        0.01405692778638
S            3.09245899605523        2.02216421292566       -0.12348082477161
O            1.90401307023941       -0.17281139756596        1.44451744504793
C            1.45516420521613       -1.49988665872840        1.80151828770729
C            2.48197746642521       -2.19141810448231        2.67508571228765
S            0.91831741122823       -0.36637677333508       -1.36871999784063
C            0.05639736551745        1.22288310115746       -1.41448693304919
S           -0.79121050731315        1.64054481604275        0.13476964335033
P           -2.36722708036177        0.23865495219968       -0.01326300444675
S           -3.14077770095072       -0.07522130132998       -1.78964147046769
O           -3.39318251723987        0.69903555499861        1.11279884389049
C           -4.54765863204215        1.51602076698702        0.86803433922224
C           -4.19301185526094        2.97087449097041        0.62963395195333
O           -1.67595356923320       -1.01259143187337        0.67570646036090
C           -2.09617283239897       -2.36894651515380        0.42839453271930
C           -3.41830552440865       -2.68831627107686        1.09663284009233
H            6.11208518044633       -1.64691038514384       -0.25848328945609
H            5.11091975437078       -2.95733459244988       -0.89408269624307
H            6.15546270108974       -2.03430926221519       -1.98362312006372
H            3.79160178460645       -1.30455273215110       -2.23055736681624
H            4.78167978496912        0.01695205778289       -1.55683985032229
H            0.51427438263102       -1.34150162056126        2.33271401236489
H            1.27382012791673       -2.06703638993288        0.88424185575509
H            2.68397505783773       -1.59053286026302        3.55604299042684
H            2.09448112480222       -3.15752522058645        2.97769664276748
H            3.40839241441420       -2.32851060545136        2.12499208329048
H           -0.66754218790440        1.15495968475735       -2.22598031602784
H            0.78260523953757        2.01814634881735       -1.58249862975619
H           -5.08652051637337        1.10925538553567        0.00620359557709
H           -5.14464885539839        1.39661850751436        1.77381664890003
H           -3.56554518792820        3.34482631120132        1.43320024941869
H           -3.65609337750377        3.07809757154536       -0.31127152916092
H           -5.10607125317673        3.55475182251311        0.58442774309424
H           -2.16641726265153       -2.51855794977574       -0.65358323685198
H           -1.28434245226073       -2.97199281372128        0.83726911588174
H           -4.21598989677190       -2.10355459507515        0.64214274773207
H           -3.63502636951889       -3.74286976712267        0.96592899266498
H           -3.37258643916401       -2.45576212409820        2.15604749067845
41
 energy: -65.047019646878 gnorm: 0.004791029289 xtb: 6.7.1 (edcfbbe)
C            5.50895540788921       -1.96836400694697       -1.10621376926331
C            4.38391970100430       -0.98663810136011       -1.37730528196680
O            3.53312401433883       -0.95692405366833       -0.21455601858671
P            2.44282596677023        0.17556132898218        0.01159793309627
S            3.07577183885523        2.01685752062409       -0.13006543837482
O            1.89236294085692       -0.17192523818305        1.44294706125836
C            1.44707353816791       -1.50006377205141        1.80534211526792
C            2.48242068032973       -2.18742940280358        2.67315502892959
S            0.90254288112158       -0.38103494890452       -1.36927744167201
C            0.05487075434039        1.21638944600205       -1.40419926334216
S           -0.78104239003629        1.64266995208880        0.15036916283687
P           -2.35472146327302        0.23759572251715       -0.00667335621599
S           -3.12003711670659       -0.06614500849956       -1.78810731546582
O           -3.38658671200926        0.68859239621213        1.11489463410240
C           -4.53851090842319        1.50740980598892        0.86419957509246
C           -4.17537415052925        2.96077729086153        0.62624371096374
O           -1.66235682957392       -1.01410224220869        0.67559147074916
C           -2.09020948468022       -2.36758205832744        0.42554380867598
C           -3.41444442700071       -2.67729044611419        1.09538916599973
H            6.09793988837527       -1.63883481283847       -0.25494022826819
H            5.10151473109432       -2.95288090494059       -0.89587627547084
H            6.14726090520659       -2.02423538137544       -1.98163175722379
H            3.78277139307981       -1.29883564939327       -2.23552707854982
H            4.76806287226403        0.02270580668696       -1.55629811253603
H            0.50905089622005       -1.34545123291784        2.34287697614477
H            1.25751823375217       -2.07263066159543        0.89235671618873
H            2.68729346018483       -1.58577137508388        3.55409463485200
H            2.10115491137685       -3.15638062147493        2.97910774547412
H            3.40663125419714       -2.32192898412275        2.11703681825867
H           -0.67804930739349        1.15909499484615       -2.20965875877384
H            0.78574928105105        2.00587417828755       -1.58234284459948
H           -5.07566915631703        1.10297404892255       -0.00024032001366
H           -5.14416495751351        1.39149262129634        1.76479897266877
H           -3.55204609660150        3.33338584697735        1.43504376792546
H           -3.63058736426493        3.06369832785694       -0.31150039145090
H           -5.08557736408099        3.55011670923664        0.57226473817603
H           -2.16217055609140       -2.51587451652463       -0.65676364919166
H           -1.28269965978368       -2.97948332106547        0.83004679872369
H           -4.20877536300607       -2.08704657892250        0.64024170641001
H           -3.64024424676158       -3.73121678454454        0.96656329420782
H           -3.36603503330387       -2.44348870421726        2.15546668288962
41
 energy: -65.047094499654 gnorm: 0.003365796650 xtb: 6.7.1 (edcfbbe)
C            5.50231304818017       -1.96453829010082       -1.10663842573357
C            4.37637443090663       -0.98547063304239       -1.37803271772964
O            3.52500133894634       -0.96031794791415       -0.21412827808176
P            2.43544259326128        0.17171219189163        0.01348984105930
S            3.06649498003519        2.01387164447776       -0.13074969800133
O            1.88502455054647       -0.17246245474675        1.44540403971874
C            1.44143070138654       -1.50211735265079        1.81108248725965
C            2.48304600643491       -2.18625592797932        2.67307034978653
S            0.89814772180006       -0.37570562551065       -1.37132352492849
C            0.05022955055735        1.22046529733241       -1.40628340978282
S           -0.78013135311749        1.64430023820647        0.15232198672671
P           -2.34911702166007        0.23448690884430       -0.00234736599653
S           -3.11079755201813       -0.06328917393470       -1.78603412340725
O           -3.38342427527352        0.67903101495297        1.11849540645037
C           -4.53276500234722        1.50274337817234        0.86235461847036
C           -4.16193344496011        2.95362525971539        0.62411449587244
O           -1.65250922540649       -1.01702523031541        0.67490489609573
C           -2.08736527518078       -2.36962925566434        0.42397942473178
C           -3.41249016068152       -2.67086636066152        1.09472882452504
H            6.08925031676196       -1.63479398775882       -0.25350970706167
H            5.09719639207350       -2.95094047025613       -0.89838992862469
H            6.14346544329083       -2.01839333363386       -1.98086795972112
H            3.77576413720498       -1.29656448195582       -2.23723520957146
H            4.75769426048583        0.02557704387525       -1.55469752932175
H            0.50601108349392       -1.34731043451477        2.35317249799222
H            1.24584571639227       -2.07447100334538        0.89907487019476
H            2.69061621207182       -1.58446807319793        3.55380270983351
H            2.10663467306548       -3.15712007468884        2.98153984968244
H            3.40524117689379       -2.31871748637256        2.11253306711148
H           -0.68575749748825        1.16516002995372       -2.20876662737855
H            0.78103103905341        2.00880443827140       -1.58805318713962
H           -5.06780133976310        1.09807312200313       -0.00335989987148
H           -5.14310130567580        1.38972163768476        1.76004607851493
H           -3.54221008865034        3.32545817967390        1.43661797236169
H           -3.61078176439766        3.05316982552162       -0.31054308720905
H           -5.06915739948827        3.54794117717274        0.56309536024398
H           -2.15896881580001       -2.51646094334480       -0.65865484963444
H           -1.28288965373173       -2.98649777647541        0.82695804828956
H           -4.20446811365783       -2.07698842263819        0.63961168631886
H           -3.64538612220118       -3.72415305946480        0.96828720216777
H           -3.36168699821721       -2.43594639827917        2.15492503371368
41
 energy: -65.047143768173 gnorm: 0.002151373359 xtb: 6.7.1 (edcfbbe)
C            5.49567464558033       -1.96085089134397       -1.10759470276756
C            4.36864509840637       -0.98451971516922       -1.37883968293297
O            3.51548556709936       -0.96271736998834       -0.21422218822535
P            2.42922594732076        0.17211907913261        0.01497486463118
S            3.06555021551434        2.01316610362070       -0.12323330189146
O            1.87629873607414       -0.17162825756002        1.44679364109527
C            1.43660659589221       -1.50366785972236        1.81622447851691
C            2.48345654121598       -2.18519555044191        2.67238381234580
S            0.89442847033057       -0.37220821344807       -1.37361821085602
C            0.04811087743723        1.22496199976706       -1.40824938854087
S           -0.78084816271021        1.64509437033564        0.15193573828233
P           -2.34619532723236        0.23054236832767       -0.00188502382225
S           -3.11052283366211       -0.06706553433658       -1.78457039842394
O           -3.38038728652371        0.66953329457986        1.12090223452349
C           -4.52691231441785        1.49940841958945        0.86098287909191
C           -4.14838924913495        2.94720972131178        0.62221951808568
O           -1.64327517350482       -1.02006542165835        0.67136530628384
C           -2.08573212656490       -2.37261289560175        0.42275300976714
C           -3.41120523203465       -2.66572820533083        1.09430350118059
H            6.08051504552950       -1.63148932047248       -0.25285687884892
H            5.09301700499056       -2.94880764089250       -0.90171338513938
H            6.13929950296334       -2.01248533099334       -1.98033172226747
H            3.76784277528282       -1.29493202239233       -2.23803036160291
H            4.74653948200858        0.02823665239692       -1.55274630038309
H            0.50431064139357       -1.34776406098009        2.36329343329958
H            1.23583807860769       -2.07466347469292        0.90471144916173
H            2.69391338148778       -1.58349384626811        3.55252831892486
H            2.11142256722276       -3.15725644328640        2.98303755912374
H            3.40334387643401       -2.31574745169041        2.10784313390234
H           -0.68906509984545        1.16961970909080       -2.20921779343006
H            0.77739140672623        2.01424949558119       -1.59071516231874
H           -5.06009117698144        1.09399808995643       -0.00534595270575
H           -5.13914456024662        1.38908808486990        1.75740206578415
H           -3.53190525989075        3.31818917122021        1.43757951264442
H           -3.59156792572023        3.04315347185884       -0.30927477966944
H           -5.05239236232578        3.54582730107681        0.55495212579640
H           -2.15676674264020       -2.51915626876264       -0.65991634242735
H           -1.28383170839136       -2.99216834452968        0.82635702902387
H           -4.20096593820492       -2.06934084644885        0.63892260231118
H           -3.64988298319930       -3.71816684831115        0.97083845657428
H           -3.35832203116044       -2.42902832909107        2.15405212382916
41
 energy: -65.047162617907 gnorm: 0.001736507648 xtb: 6.7.1 (edcfbbe)
C            5.49210078158160       -1.95880278236018       -1.10826966144070
C            4.36365672269932       -0.98413009405854       -1.37812901657220
O            3.51041124132319       -0.96414080729442       -0.21290130040183
P            2.42608588657438        0.17280141097696        0.01659905628692
S            3.06541806607032        2.01321558710148       -0.11781895706938
O            1.86956123351914       -0.17160313100330        1.44744778724161
C            1.43352222860238       -1.50448727810247        1.81931408472231
C            2.48367714651652       -2.18472644998974        2.67163260667836
S            0.89392506247919       -0.36724462457917       -1.37709149765334
C            0.04578569561877        1.22878831260221       -1.40991505926167
S           -0.78252400117684        1.64604943022732        0.15103004135686
P           -2.34490242712103        0.22776488213653       -0.00314724733723
S           -3.11277921701862       -0.07178322668134       -1.78444574767241
O           -3.37872574823941        0.66340817929132        1.12140815628469
C           -4.52269496903578        1.49756498579997        0.86049223157076
C           -4.13915545382577        2.94341906443357        0.62122658206748
O           -1.63813738197882       -1.02247250113768        0.66794916510736
C           -2.08502915431180       -2.37488403777339        0.42244880976645
C           -3.41086952361330       -2.66337453635238        1.09418006693284
H            6.07578892075458       -1.62992271620664       -0.25291473488739
H            5.09082994418118       -2.94739140110514       -0.90403202136290
H            6.13590193493163       -2.00808453640859       -1.98063375134151
H            3.76213403393359       -1.29510775376377       -2.23638479178600
H            4.73902312719431        0.02953461009529       -1.55110653098205
H            0.50356783889619       -1.34764373905839        2.36985601273371
H            1.23036952757241       -2.07443691918548        0.90802340621945
H            2.69629743243609       -1.58280688013993        3.55082788990282
H            2.11380538209300       -3.15690424141528        2.98325698848423
H            3.40167564117820       -2.31386347221624        2.10420699910328
H           -0.69074922027131        1.17287840863703       -2.21128428802365
H            0.77452541177915        2.01903292108200       -1.59021313008647
H           -5.05562175620175        1.09281943104219       -0.00610484030386
H           -5.13478017480080        1.38926353485926        1.75705501224391
H           -3.52398050762287        3.31336427199918        1.43767414914220
H           -3.57902335834667        3.03610763133906       -0.30832027495072
H           -5.04078046845267        3.54454456411150        0.55031003545331
H           -2.15598985294197       -2.52266798332578       -0.65993493924447
H           -1.28459239363281       -2.99472743561100        0.82813581887785
H           -4.19883667438226       -2.06591383262224        0.63765676608396
H           -3.65194774868062       -3.71514851651364        0.97272296273381
H           -3.35743026515390       -2.42465113952764        2.15318837930994
41
 energy: -65.047170200432 gnorm: 0.001251305302 xtb: 6.7.1 (edcfbbe)
C            5.48926519051701       -1.95705226905290       -1.10863351162041
C            4.35889608125449       -0.98354936083518       -1.37648017506336
O            3.50673696652562       -0.96417735374667       -0.21065824453494
P            2.42347845665565        0.17452229689342        0.01781417871825
S            3.06542749172797        2.01417314836344       -0.11235187163236
O            1.86231096325397       -0.17135769065885        1.44686065606642
C            1.43054512230955       -1.50437969264174        1.82072426804182
C            2.48389198285984       -2.18369520724418        2.67000182198315
S            0.89461637660631       -0.36449873556230       -1.38058714983317
C            0.04684520184328        1.23222512076139       -1.41174908043948
S           -0.78457206347141        1.64437804199903        0.14794491727288
P           -2.34531533923443        0.22494419190368       -0.00432105988535
S           -3.11379705936827       -0.07509339326756       -1.78546779291805
O           -3.37923227516357        0.65815815752522        1.12155073635657
C           -4.51990103088934        1.49637680157361        0.86114617447430
C           -4.13117339199088        2.94075453669148        0.62098525378701
O           -1.63575368335519       -1.02508827142022        0.66536184042422
C           -2.08431650020618       -2.37736205775933        0.42315149030503
C           -3.41118496921498       -2.66277541362239        1.09419421974087
H            6.07260222582948       -1.62872535766682       -0.25316375867806
H            5.08927156074178       -2.94620018114394       -0.90591450123344
H            6.13203338145862       -2.00343920479789       -1.98146454982407
H            3.75664652752299       -1.29593288480159       -2.23357167246274
H            4.73265429928682        0.03039974978160       -1.55004480070023
H            0.50270641821700       -1.34791492603825        2.37466805638063
H            1.22569632560546       -2.07470823617959        0.91029491384989
H            2.69881250231215       -1.58136864783877        3.54810468212757
H            2.11539056472168       -3.15565835971977        2.98250560753661
H            3.40000459237464       -2.31193022260144        2.09974286081779
H           -0.68840626804068        1.17622523970596       -2.21438963053210
H            0.77511269219787        2.02381454949581       -1.58853302376333
H           -5.05431324839576        1.09370468006226       -0.00535254804297
H           -5.13122827698172        1.39050329350314        1.75845810284488
H           -3.51608848776400        3.30943724674966        1.43775476790461
H           -3.56876514841154        3.02973680314187       -0.30737570107133
H           -5.03041193705891        3.54440762339456        0.54730157078462
H           -2.15497201229642       -2.52785994978492       -0.65874790898178
H           -1.28490293625481       -2.99633411572397        0.83203900946451
H           -4.19753837926420       -2.06519952179818        0.63540124202311
H           -3.65292118825641       -3.71419415217209        0.97436347723322
H           -3.35863776507727       -2.42162908616503        2.15243235100547
41
 energy: -65.047173658506 gnorm: 0.000747389901 xtb: 6.7.1 (edcfbbe)
C            5.48888802272740       -1.95674175974211       -1.10855165518249
C            4.35762449677230       -0.98346028077511       -1.37524919914951
O            3.50717191916913       -0.96365144291453       -0.20870704582705
P            2.42314926374627        0.17497469162035        0.01834037097624
S            3.06454169698118        2.01472668117749       -0.11103713440740
O            1.85989001430985       -0.17128897756026        1.44643849476652
C            1.42944181194296       -1.50385817059587        1.82052099328480
C            2.48410760190812       -2.18298052119185        2.66892887884767
S            0.89569772166725       -0.36286758217321       -1.38189836765540
C            0.04518061457095        1.23251614389633       -1.41098757930236
S           -0.78466093772958        1.64450350047068        0.15005681863946
P           -2.34481049355190        0.22418454222837       -0.00695218836754
S           -3.11425854322592       -0.07681660486368       -1.78735988723330
O           -3.37866611807542        0.65736387951016        1.11936041388611
C           -4.51848848911012        1.49652065311439        0.86132599295940
C           -4.12857139916259        2.94083013964937        0.62092709319944
O           -1.63591017914155       -1.02592004164073        0.66357689480303
C           -2.08394895364200       -2.37828311917380        0.42377418507988
C           -3.41164734034817       -2.66354284081210        1.09402854982342
H            6.07270713261568       -1.62848353689652       -0.25334217742147
H            5.08948698314886       -2.94622128411699       -0.90615678984279
H            6.13074265116804       -2.00192281805047       -1.98211642262287
H            3.75482726776121       -1.29670777592793       -2.23171689953851
H            4.73139317828861        0.03025747127280       -1.55019093866335
H            0.50214792895974       -1.34847837227197        2.37565140708410
H            1.22390001702788       -2.07513796221504        0.91075801109058
H            2.70007177444735       -1.58029912168181        3.54657701687690
H            2.11578555567359       -3.15483092174543        2.98206612626506
H            3.39950373534400       -2.31137584132083        2.09748657272705
H           -0.68916625448427        1.17749701557121       -2.21474403961885
H            0.77371101465353        2.02426490463048       -1.58661978254689
H           -5.05546570651220        1.09537613402293       -0.00429437766258
H           -5.12877421012379        1.39156366483264        1.75954171715309
H           -3.51264911850493        3.30895883236493        1.43738911356206
H           -3.56656791747844        3.02876066211212       -0.30775839600336
H           -5.02721728581702        3.54529158479645        0.54745060154551
H           -2.15388975334880       -2.53143680997633       -0.65777830466327
H           -1.28484996650562       -2.99648833596172        0.83462556540229
H           -4.19771350109139       -2.06681364131421        0.63353231072320
H           -3.65277746907430       -3.71525338489755        0.97503419235945
H           -3.36042380282959       -2.42109216414809        2.15206508258002
41
 energy: -65.047175659290 gnorm: 0.000402198833 xtb: 6.7.1 (edcfbbe)
C            5.48886815471154       -1.95665274789180       -1.10854382930222
C            4.35757599684657       -0.98325577025437       -1.37495596781225
O            3.50798206359893       -0.96283139822314       -0.20800659433304
P            2.42297543589223        0.17505982364239        0.01845820447481
S            3.06343073686246        2.01518386281425       -0.11135175034742
O            1.85991043435352       -0.17102045434847        1.44650997941460
C            1.42935877963177       -1.50341024731263        1.82011802564941
C            2.48425185525392       -2.18268607966586        2.66841166067412
S            0.89654032355792       -0.36371731026765       -1.38217918773871
C            0.04657324513077        1.23215776210981       -1.41112886527720
S           -0.78452428598965        1.64340502997162        0.14937307089034
P           -2.34519348128177        0.22397214452864       -0.00664719034637
S           -3.11218931183872       -0.07533974537297       -1.78828927841690
O           -3.37972954392971        0.65752015319763        1.11903306983736
C           -4.51906070634415        1.49713874670820        0.86184400979590
C           -4.12869808555508        2.94148500220278        0.62112923844342
O           -1.63737915336984       -1.02623809705286        0.66449229008659
C           -2.08385160109971       -2.37874382394673        0.42445316381321
C           -3.41204951934675       -2.66474414384054        1.09374591958839
H            6.07314493727745       -1.62825619661508       -0.25353465778632
H            5.08973768213273       -2.94630509122053       -0.90589031372286
H            6.13061742447420       -2.00196844932255       -1.98237694231440
H            3.75447708298752       -1.29652976796286       -2.23130586780544
H            4.73187517526841        0.03023836156220       -1.55073390550772
H            0.50187723836412       -1.34882463104812        2.37528032430331
H            1.22346131887163       -2.07500017531087        0.91046812694463
H            2.70049063791445       -1.57984871256403        3.54600015536245
H            2.11591456860782       -3.15459849121350        2.98200875610286
H            3.39955462821847       -2.31146097644950        2.09672572155917
H           -0.68805467408497        1.17752457318353       -2.21463150874558
H            0.77496902872303        2.02389677055864       -1.58720483368018
H           -5.05742166137259        1.09650301907525       -0.00327891171419
H           -5.12910696463608        1.39259604543533        1.76036133951798
H           -3.51196273121698        3.30939749518447        1.43723896547705
H           -3.56749539493079        3.02945390017541       -0.30816391500289
H           -5.02726073534555        3.54649793499730        0.54850380318290
H           -2.15267915864423       -2.53270990536752       -0.65714207118709
H           -1.28479522055698       -2.99668361564010        0.83597420618534
H           -4.19829644079202       -2.06873835460906        0.63240504605988
H           -3.65246416654437       -3.71682520085515        0.97494200413225
H           -3.36186094867325       -2.42200404968903        2.15188372747109
41
 energy: -65.047176140630 gnorm: 0.000227316695 xtb: 6.7.1 (edcfbbe)
C            5.48853424338120       -1.95644879996034       -1.10870973936752
C            4.35735584618590       -0.98309006409992       -1.37495658374085
O            3.50812980761209       -0.96237093053317       -0.20761917392858
P            2.42300667041464        0.17547650122425        0.01878632230142
S            3.06338884524598        2.01566679919730       -0.11043828068051
O            1.85973965779929       -0.17069305417762        1.44679035273357
C            1.42927075785750       -1.50330568351428        1.82024523308943
C            2.48432914549609       -2.18264271912259        2.66809387742509
S            0.89666551105375       -0.36372427303073       -1.38177991730352
C            0.04655561352701        1.23208208720560       -1.41133142083606
S           -0.78461930574429        1.64298958272220        0.14921778290876
P           -2.34532295934033        0.22361119323689       -0.00692472880294
S           -3.11212962508515       -0.07591030869015       -1.78856319896931
O           -3.37995136237540        0.65718525075007        1.11869757331367
C           -4.51891987285665        1.49761926913479        0.86197972722602
C           -4.12795273061212        2.94165973449317        0.62102462554017
O           -1.63768499686877       -1.02647890202186        0.66456239279882
C           -2.08384662013003       -2.37923438658800        0.42475679560689
C           -3.41226837025670       -2.66529762506802        1.09337165466125
H            6.07295094802799       -1.62803361516297       -0.25378593265273
H            5.08952235681562       -2.94613055267767       -0.90593974818461
H            6.13030045648660       -2.00192699021335       -1.98254860444452
H            3.75375404227981       -1.29625359894576       -2.23099219010988
H            4.73162704303703        0.03040678175142       -1.55091384490735
H            0.50189717965670       -1.34874184833472        2.37565592426655
H            1.22302043961487       -2.07453166497698        0.91043694799907
H            2.70096682315766       -1.57976506346709        3.54556006457991
H            2.11609239183478       -3.15449613246808        2.98200888156517
H            3.39940380485742       -2.31160520542017        2.09611678667527
H           -0.68813973097926        1.17715882656795       -2.21466987583457
H            0.77473386845706        2.02399160790718       -1.58746731070822
H           -5.05796101142282        1.09701654645498       -0.00275948438377
H           -5.12845142492868        1.39342379194404        1.76088516627227
H           -3.51064471423205        3.30933922517551        1.43680189177241
H           -3.56728045332763        3.02954342327109       -0.30858328104969
H           -5.02630188409921        3.54709972956720        0.54901027451059
H           -2.15181727250066       -2.53356913301562       -0.65688075432617
H           -1.28490012895682       -2.99686583682022        0.83698369974821
H           -4.19854359457030       -2.06979893408590        0.63146247966984
H           -3.65230518537535       -3.71751803533014        0.97494860456988
H           -3.36269124601048       -2.42219980357568        2.15146222892281
41
 energy: -65.047176531873 gnorm: 0.000176339566 xtb: 6.7.1 (edcfbbe)
C            5.48800577930910       -1.95606791243371       -1.10894665361372
C            4.35698491335012       -0.98262389328101       -1.37483202302018
O            3.50837270109717       -0.96148533528696       -0.20694801824340
P            2.42277297395992        0.17587892630365        0.01934441777938
S            3.06243843787576        2.01635776124419       -0.11013337316474
O            1.85953394025992       -0.17027849782561        1.44732979976850
C            1.42915886360064       -1.50311832368136        1.82056772218992
C            2.48452788235282       -2.18269441106736        2.66761894189545
S            0.89686996954524       -0.36389376555863       -1.38157403211100
C            0.04633155953343        1.23157474126929       -1.41124169727404
S           -0.78477874181886        1.64259672095904        0.14929599879663
P           -2.34544868155245        0.22310616746431       -0.00695301284604
S           -3.11172765227888       -0.07662450324050       -1.78891521127310
O           -3.38039561424779        0.65660178122541        1.11832556572142
C           -4.51867314878810        1.49826586784824        0.86224865914355
C           -4.12666062760259        2.94182918965090        0.62076579707730
O           -1.63814187534792       -1.02678928403410        0.66496662612202
C           -2.08371373567381       -2.37983915221615        0.42525513981844
C           -3.41261010054652       -2.66608814423668        1.09263548238044
H            6.07265328598810       -1.62766076171879       -0.25418906805968
H            5.08896143959066       -2.94567756684311       -0.90596196301530
H            6.12961736443032       -2.00178373578660       -1.98287509082472
H            3.75267732905966       -1.29572638782830       -2.23038444175845
H            4.73126053850691        0.03082059116680       -1.55114161670728
H            0.50202570664679       -1.34848075997170        2.37638027173931
H            1.22244328561937       -2.07373600074696        0.91049155926802
H            2.70193854109035       -1.57974825671926        3.54482630287643
H            2.11632103490402       -3.15438827332951        2.98194229170797
H            3.39916164866450       -2.31191568183673        2.09503169400104
H           -0.68852453677684        1.17623654006777       -2.21434636783938
H            0.77428185805019        2.02361458089871       -1.58761161440884
H           -5.05871752322481        1.09785592427124       -0.00197053300993
H           -5.12746531380743        1.39474180079474        1.76174340769861
H           -3.50813106125133        3.30900354954422        1.43582301662110
H           -3.56696899606296        3.02930521304032       -0.30947106297004
H           -5.02458341127687        3.54804870447485        0.54981269815016
H           -2.15042942335489       -2.53454182993050       -0.65643933634217
H           -1.28493201197491       -2.99695871861070        0.83858555479003
H           -4.19875156287766       -2.07130179228728        0.62961459167152
H           -3.65198772713185       -3.71850456304321        0.97472278758627
H           -3.36418434471222       -2.42227331940636        2.15060200760475
41
 energy: -65.047176419281 gnorm: 0.000386872341 xtb: 6.7.1 (edcfbbe)
C            5.48755354682794       -1.95574114198565       -1.10914788661942
C            4.35666927723372       -0.98224727098596       -1.37472679970487
O            3.50857683435240       -0.96074895923990       -0.20637223767643
P            2.42256763190275        0.17620464099605        0.01983773500895
S            3.06161485772592        2.01694504960622       -0.10987718909534
O            1.85935079966425       -0.16993484180909        1.44780915785000
C            1.42906172487185       -1.50297535600770        1.82084840004725
C            2.48469037700442       -2.18274539558634        2.66720952431741
S            0.89709881513989       -0.36400165315938       -1.38147774882758
C            0.04617198767332        1.23115688103034       -1.41117880186524
S           -0.78488511252262        1.64225419053749        0.14935213326344
P           -2.34553871818463        0.22267610607625       -0.00698773440617
S           -3.11133481276290       -0.07720341134307       -1.78927052919483
O           -3.38077378558871        0.65610170943979        1.11799015475370
C           -4.51845840460982        1.49882929159010        0.86247008762434
C           -4.12558149559047        2.94198316022619        0.62055886521382
O           -1.63854541183470       -1.02706202655812        0.66530814395060
C           -2.08362024280260       -2.38036435517847        0.42568496970721
C           -3.41290578099314       -2.66677075936721        1.09201590339359
H            6.07237970307839       -1.62732967679861       -0.25452595941424
H            5.08850106827984       -2.94529260811182       -0.90597299471417
H            6.12905904844620       -2.00167243085489       -1.98313269880503
H            3.75174489506670       -1.29529038959446       -2.22985837694467
H            4.73093178206256        0.03116269823753       -1.55133614920707
H            0.50212338725011       -1.34826449894952        2.37699138526969
H            1.22195321549668       -2.07303063043764        0.91051658941368
H            2.70274566959646       -1.57972907281761        3.54418799076787
H            2.11653066294682       -3.15430428107730        2.98188947385508
H            3.39895098212228       -2.31216908559029        2.09410714142199
H           -0.68884028163253        1.17545819971954       -2.21405452039183
H            0.77391493455567        2.02331260742376       -1.58774889134372
H           -5.05935308844092        1.09857168960338       -0.00130927161542
H           -5.12660385900941        1.39585237558114        1.76247584905741
H           -3.50604064264635        3.30872974944386        1.43501877372677
H           -3.56670562131853        3.02914654083663       -0.31019703847262
H           -5.02315537619987        3.54884760461396        0.55050772618599
H           -2.14925149580883       -2.53538133342415       -0.65606571732675
H           -1.28497648106069       -2.99704357620330        0.83996028660163
H           -4.19894321082058       -2.07259485817692        0.62806676702327
H           -3.65172220668464       -3.71935440399618        0.97455514967377
H           -3.36544220965991       -2.42234328840604        2.14987355542423
41
 energy: -65.047176665002 gnorm: 0.000129483588 xtb: 6.7.1 (edcfbbe)
C            5.48773289955320       -1.95587066972531       -1.10908093526565
C            4.35679612571770       -0.98222586520222       -1.37476212224084
O            3.50853665644977       -0.96086813784442       -0.20660705007460
P            2.42268427067997        0.17618797784629        0.01956553790651
S            3.06192300303582        2.01675354923190       -0.11006099260158
O            1.85952162319213       -0.16999947642605        1.44754088081250
C            1.42913377340608       -1.50292358877271        1.82072314197133
C            2.48468342559355       -2.18270763750675        2.66740180976589
S            0.89665010991191       -0.36420925495200       -1.38096530050092
C            0.04598883709433        1.23117070872334       -1.41109859128189
S           -0.78506778667269        1.64246002419367        0.14938996227492
P           -2.34561428104041        0.22282764760780       -0.00684044360998
S           -3.11178530955639       -0.07720020493748       -1.78872535724823
O           -3.38064655731575        0.65631310683024        1.11825837156273
C           -4.51856903618115        1.49855516202670        0.86243984870768
C           -4.12583294895323        2.94187107563470        0.62053586270058
O           -1.63831340412331       -1.02690558001480        0.66526434329610
C           -2.08351528496746       -2.38010542561279        0.42550014739676
C           -3.41277199263208       -2.66647221264553        1.09215840177243
H            6.07262460944707       -1.62754337309412       -0.25446000063811
H            5.08851727750043       -2.94539887684351       -0.90600634125158
H            6.12908439081203       -2.00165881131236       -1.98318453456461
H            3.75219671106019       -1.29534984619470       -2.23009948347059
H            4.73116898068783        0.03112808600696       -1.55126325484013
H            0.50219142374109       -1.34827977341286        2.37680947952255
H            1.22217182498558       -2.07344234879226        0.91064467359862
H            2.70260545608739       -1.57980051927136        3.54451553052544
H            2.11633261777301       -3.15429487595447        2.98187321442940
H            3.39906124560593       -2.31218276691335        2.09445653554094
H           -0.68883707304755        1.17562113547915       -2.21425551939258
H            0.77388748933823        2.02325085691510       -1.58760288076542
H           -5.05916109113977        1.09831720658938       -0.00148782479194
H           -5.12706020315365        1.39554533389292        1.76220087843619
H           -3.50641703119783        3.30874359234280        1.43507100133592
H           -3.56683041647178        3.02891455992870       -0.31016742019132
H           -5.02343763605733        3.54862839407229        0.55021555901857
H           -2.14962844123190       -2.53495168112304       -0.65618338657787
H           -1.28483176491796       -2.99695837588497        0.83940398137742
H           -4.19876197017229       -2.07204927654585        0.62839168445704
H           -3.65177736506882       -3.71899038155357        0.97441589264406
H           -3.36512019464554       -2.42226226748284        2.15006991818055
41
 energy: -65.047176705108 gnorm: 0.000071063307 xtb: 6.7.1 (edcfbbe)
C            5.48774762231770       -1.95589374417428       -1.10915509557537
C            4.35680274956360       -0.98214968457047       -1.37477573858895
O            3.50847879784381       -0.96087593845791       -0.20670511346936
P            2.42263613141723        0.17615368620494        0.01952577268347
S            3.06183242855502        2.01676368482761       -0.11029438149053
O            1.85966327719900       -0.17003131120908        1.44758226891455
C            1.42921425619315       -1.50286700024680        1.82081807744613
C            2.48471973864591       -2.18274913150236        2.66754950924327
S            0.89657577044016       -0.36425901961058       -1.38099058109981
C            0.04592215417714        1.23114373125522       -1.41107386785350
S           -0.78515780988848        1.64249346320365        0.14938647019762
P           -2.34575318105254        0.22284630576730       -0.00667200599978
S           -3.11205884567612       -0.07725360966444       -1.78853840946014
O           -3.38067497470138        0.65635900475194        1.11849326451483
C           -4.51860379780581        1.49849069223389        0.86248302476231
C           -4.12583378955151        2.94181333813332        0.62044808616944
O           -1.63824360915676       -1.02684106334565        0.66536698222863
C           -2.08344406661390       -2.38000038699841        0.42547217760644
C           -3.41272207606989       -2.66641372410665        1.09213598253838
H            6.07270644129021       -1.62763837457685       -0.25456129589444
H            5.08845227136087       -2.94538596746905       -0.90609642384108
H            6.12901726155820       -2.00167199743817       -1.98331538642026
H            3.75231800425260       -1.29523983781377       -2.23020313324349
H            4.73124154541345        0.03118741314420       -1.55117786798773
H            0.50229284456334       -1.34818288783637        2.37690699640883
H            1.22225754546151       -2.07346755134520        0.91079714263295
H            2.70261894427212       -1.57991528419731        3.54471226526825
H            2.11625157597049       -3.15433418978200        2.98191729111971
H            3.39911875509557       -2.31225392774683        2.09464581945408
H           -0.68887246385135        1.17557895097490       -2.21428670299426
H            0.77382035753665        2.02321742025310       -1.58760763518047
H           -5.05906323080010        1.09820519984851       -0.00149296427175
H           -5.12723623766046        1.39557209110804        1.76214872049908
H           -3.50632713548461        3.30867997636112        1.43491565422657
H           -3.56687479490375        3.02869824999028       -0.31029484848880
H           -5.02338173978077        3.54863236142395        0.55012101115892
H           -2.14965192790302       -2.53474589276682       -0.65620281965835
H           -1.28477481373592       -2.99692559771602        0.83927338781875
H           -4.19866156783023       -2.07190636938994        0.62839640731018
H           -3.65177772621704       -3.71890549604639        0.97428257483492
H           -3.36506172131780       -2.42229039216803        2.15006060240699
