----------------------------------------------- 
  Element       SASA      Sigma Z        Total  
     Z         Ang**2 cal/Ang**2/mol   kcal/mol 
----------------------------------------------- 
      H        226.913      48.690      11.048
      C         56.969     129.740       7.391
      O         27.063       0.000       0.000
      P          2.314       0.000       0.000
      S         98.326      -9.100      -0.895

 Subtotal:     411.584                  17.545
 -----------------------------------------------

  Elements    COT*SASA   Sigma Z,Z'     Total   
    Z,Z'       Ang**2  cal/Ang**2/mol kcal/mol  
 ---------------------------------------------- 
  H   C        153.007     -60.770      -9.298
  H   O          0.000       0.000       0.000
  C   C         32.590     -72.950      -2.377
  O   C          0.000      68.690       0.000
  O   O          0.000       0.000       0.000
  O   P         18.725      68.850       1.289

 Subtotal:                             -10.386
 ---------------------------------------------- 

 NONAQUEOUS SOLVENT CONTRIBUTION (kcal/mol):
 (proportional to SASA, atomic number independent)
 ---------------------------------------------- 
 Subtotal:                               0.000
 ---------------------------------------------- 

 CDS TOTAL (kcal/mol):                   7.158
...............................................................................
