----------------------------------------------- 
  Element       SASA      Sigma Z        Total  
     Z         Ang**2 cal/Ang**2/mol   kcal/mol 
----------------------------------------------- 
      H        245.745      48.690      11.965
      C         57.598     129.740       7.473
      O         35.272       0.000       0.000
      P          2.842       0.000       0.000
      S        109.281      -9.100      -0.994

 Subtotal:     450.738                  18.444
 -----------------------------------------------

  Elements    COT*SASA   Sigma Z,Z'     Total   
    Z,Z'       Ang**2  cal/Ang**2/mol kcal/mol  
 ---------------------------------------------- 
  H   C        165.269     -60.770     -10.043
  H   O          0.000       0.000       0.000
  C   C         33.656     -72.950      -2.455
  O   C          0.000      68.690       0.000
  O   O          0.000       0.000       0.000
  O   P         24.169      68.850       1.664

 Subtotal:                             -10.835
 ---------------------------------------------- 

 NONAQUEOUS SOLVENT CONTRIBUTION (kcal/mol):
 (proportional to SASA, atomic number independent)
 ---------------------------------------------- 
 Subtotal:                               0.000
 ---------------------------------------------- 

 CDS TOTAL (kcal/mol):                   7.609
...............................................................................
