41
 energy: -65.038242019339 gnorm: 0.051961486109 xtb: 6.7.1 (edcfbbe)
C            5.61753507110438       -1.35258442437023       -1.26256500336933
C            4.18333136644581       -1.63086286911952       -1.64075641559700
O            3.32306070653509       -1.58260352216148       -0.44704662640224
P            2.37564187746852       -0.31851015020450       -0.13522798705965
S            3.19040062495457        1.45080011885267       -0.12357365736634
O            1.68396792311639       -0.81306672637091        1.22019230513124
C            2.14626337428458       -0.42781060458324        2.56149947918472
C            0.98920624650724        0.18847220898275        3.30639316696682
S            0.83719560364337       -0.61451514268218       -1.56436862557578
C            0.02118201612390        1.02784291088039       -1.54515478616931
S           -0.91487612535688        1.48185367749218       -0.03708935686194
P           -2.79171877637710        0.48849433464456       -0.29953825675864
S           -3.23594148909023        0.10665897724812       -2.15643145987909
O           -3.84835562034425        1.48585352837546        0.38355797954879
C           -4.13088635620927        1.51038367752686        1.83315084116583
C           -2.97147236230324        2.03348498869288        2.64551399575543
O           -2.82082730630482       -0.73078240670116        0.74402665710440
C           -1.77546952840246       -1.75548738480226        0.83796837138653
C           -1.96223001603302       -2.84657791876927       -0.18801800828167
H            5.74533281290869       -0.32215595271637       -0.91932525858242
H            5.95379557790671       -2.03809709502735       -0.47770444698285
H            6.24634351030083       -1.50557340701392       -2.14630406777291
H            4.05794591571160       -2.64648912394577       -2.02819758818609
H            3.81263222498254       -0.92160383725905       -2.38999534857091
H            2.49322570086881       -1.35110268355491        3.03194237152700
H            2.98635256966634        0.26638946849754        2.47000260395721
H            0.68107296252788        1.12891545059136        2.84076432281202
H            0.13433985766571       -0.49511299666967        3.33215582740403
H            1.29846828459204        0.39244778117936        4.33689231950562
H           -0.65784973296132        1.03792710301891       -2.40390514142764
H            0.78096978034610        1.80492908256464       -1.67007192394197
H           -4.99575060073217        2.17190863595098        1.90138487082828
H           -4.42642121743173        0.50539986978113        2.13992763090348
H           -2.63804979631679        3.00857322669528        2.27593802688261
H           -3.30421871876243        2.15609343056924        3.68215529183797
H           -2.12684228126775        1.33553419384410        2.65020485894098
H           -0.80005424375346       -1.26841501002495        0.74689331644255
H           -1.87907258507246       -2.14071625650028        1.85488439595842
H           -1.24141650466398       -3.64349174732570        0.02235495074458
H           -2.97144740731184       -3.26698060845024       -0.13042439496188
H           -1.78427644211758       -2.48204651978568       -1.20252904308189
41
 energy: -65.042583621510 gnorm: 0.028219057201 xtb: 6.7.1 (edcfbbe)
C            5.61246371537268       -1.34621433614430       -1.26147812246748
C            4.17339710097856       -1.62479244950998       -1.63043798693731
O            3.31560148000464       -1.57017361871349       -0.45204747885437
P            2.35499126614256       -0.32045447614657       -0.15209369925559
S            3.20364074062776        1.44842670270035       -0.11304689770400
O            1.67841519682337       -0.81000028296100        1.20554144785379
C            2.13924244546743       -0.42539190319434        2.53743363999207
C            0.98990865780469        0.19097671834971        3.30110031070407
S            0.77720011927386       -0.63035584721934       -1.52977406649377
C            0.01232280142949        1.02504903210320       -1.53077041365136
S           -0.85438073184080        1.43242305660406        0.02035040775384
P           -2.75678661124285        0.49489274762160       -0.28351232297438
S           -3.20977376366505        0.11325496527343       -2.14984196996043
O           -3.82779835767501        1.47199225719280        0.38651156881208
C           -4.12399370880177        1.50947381418351        1.82069711094226
C           -2.97047927966203        2.03449876993684        2.64149360586749
O           -2.79586941967853       -0.72852174827505        0.74814899731278
C           -1.77312199059303       -1.75564549984379        0.83918747881297
C           -1.95885922428905       -2.84572652022771       -0.18928474401057
H            5.73196945835751       -0.32156297532248       -0.91338663702233
H            5.94039714344630       -2.02625068420733       -0.47751581280274
H            6.23927216005560       -1.49456999279186       -2.13956628945798
H            4.04749920451743       -2.64081416666829       -2.01140227908093
H            3.80330243693246       -0.91268556291296       -2.37335679511041
H            2.48790982016794       -1.34791744189807        3.00635346524384
H            2.97507868435806        0.27269804998935        2.43908353039043
H            0.67865105596428        1.12373048052055        2.83313676252632
H            0.14340076523740       -0.49298635822756        3.32642686667183
H            1.30492712612179        0.39608121143914        4.32286027291409
H           -0.68856433140524        1.03128067833898       -2.36864304809801
H            0.78523965697745        1.78598535180181       -1.64967950378382
H           -4.98829262775561        2.17367031586758        1.87217625778709
H           -4.41317533204597        0.50411667839568        2.12937490319500
H           -2.63572608323379        2.99849736711118        2.26296179802518
H           -3.30119132507937        2.15736301390945        3.67244986545772
H           -2.13024492691253        1.34076548906737        2.62881888045607
H           -0.79392560464823       -1.27805367866006        0.74648407516751
H           -1.89228623056598       -2.14196570485178        1.85349074003057
H           -1.24351302711332       -3.64177416235881        0.01125549712830
H           -2.96701226984269       -3.25279190637168       -0.13311453796890
H           -1.78874929316218       -2.46915110655040       -1.19680869025200
41
 energy: -65.044426485711 gnorm: 0.011639482769 xtb: 6.7.1 (edcfbbe)
C            5.59803863185521       -1.33705993743174       -1.25443323767069
C            4.15481828000819       -1.61756922121059       -1.62227819566463
O            3.30269099292722       -1.55765042193690       -0.45664040244774
P            2.32848532703688       -0.32681160818355       -0.16105446183622
S            3.17766786845244        1.44480332392315       -0.13849340955280
O            1.66939600908226       -0.80901995589008        1.19827487017950
C            2.13409101576151       -0.42441261553486        2.51595289897782
C            0.98862700308436        0.19385459412475        3.29189855065947
S            0.75691909716416       -0.64413047559440       -1.53673478685108
C            0.01455015600420        1.01316436030901       -1.49746193897154
S           -0.81315088671375        1.40975537766586        0.06691384733878
P           -2.71955027196217        0.49143401384923       -0.25831083244767
S           -3.13833448948965        0.14029760461659       -2.14067896465527
O           -3.80287498730940        1.45157711597649        0.38872142817962
C           -4.11616660434117        1.50917702073323        1.80552244984285
C           -2.96562531596101        2.03755663876138        2.63283311693903
O           -2.77328990854584       -0.73712024003835        0.75864035776583
C           -1.77252660775370       -1.76421806574392        0.85055311303383
C           -1.95798830390218       -2.84504558472835       -0.19161025729904
H            5.70868129603186       -0.31554382495126       -0.90202169887892
H            5.92073449229033       -2.01458153792726       -0.47148711076751
H            6.22246935489428       -1.47950379003767       -2.12927250765530
H            4.03443092879041       -2.63377110745449       -2.00105030628670
H            3.79316206845057       -0.90388897320762       -2.36582128068873
H            2.48684451200682       -1.34391605291690        2.98615724430711
H            2.96497463889462        0.27876363212123        2.40869888843096
H            0.67360316364505        1.11996113971580        2.81926092737127
H            0.14910635303923       -0.49246778412064        3.32140514283037
H            1.31464588142785        0.40245000635671        4.30437479417610
H           -0.71265572450490        1.02840825628528       -2.31099635219921
H            0.79208566559975        1.76375748994959       -1.62614781253989
H           -4.97800806751359        2.17790380243019        1.83907074690605
H           -4.40555108754304        0.50758445351337        2.12524485555950
H           -2.63104352757742        2.99495823814452        2.24725439773421
H           -3.29455902053921        2.15936782695297        3.65913764823168
H           -2.12927989481640        1.34445251514717        2.60651788332716
H           -0.78502467285612       -1.30233786987269        0.76453699609700
H           -1.90607740200955       -2.16026241963595        1.85901383574258
H           -1.24524499748019       -3.64033650960877       -0.00479324124489
H           -2.96610318345975       -3.24325251549466       -0.14031984085965
H           -1.79188088532004       -2.44895062170607       -1.19080116795443
41
 energy: -65.044907031662 gnorm: 0.006413216451 xtb: 6.7.1 (edcfbbe)
C            5.58677979592202       -1.33008043749641       -1.24673974159806
C            4.14425693781529       -1.61658590951346       -1.62129901871521
O            3.29644103980850       -1.55646246894403       -0.45876278938478
P            2.31864100377136       -0.33372534731730       -0.16511243690122
S            3.15173871287252        1.44510675031947       -0.16024713679243
O            1.66217504221597       -0.80961470115445        1.19175996202233
C            2.13081744935117       -0.42309246722524        2.50295855355106
C            0.98679270064157        0.19623827112510        3.28322896324523
S            0.74282429260410       -0.64759372598208       -1.53458677329748
C            0.01394965490643        1.01350639699729       -1.47377098074251
S           -0.78902622012434        1.39501665601173        0.10264472182009
P           -2.69746924684117        0.48490850582708       -0.24701577329127
S           -3.10125086364309        0.14560655791833       -2.13427844284177
O           -3.78535814424920        1.43862845145984        0.38407214277949
C           -4.10942060126369        1.51207009363226        1.79363268153567
C           -2.95902316865692        2.04245934332703        2.62335772033197
O           -2.75940024779486       -0.74390976693451        0.76550972699368
C           -1.77186680136964       -1.77701249561851        0.86137379849485
C           -1.95890807359900       -2.84699189887150       -0.19521244603302
H            5.68849282818021       -0.30784184636457       -0.89091484745228
H            5.90915039916545       -2.00875526342139       -0.46370791948367
H            6.21309318091565       -1.46602736105304       -2.12126926415454
H            4.02986054694038       -2.63244891020487       -2.00310469469362
H            3.78813268338178       -0.90307395134888       -2.36877044230556
H            2.48832568646722       -1.33877238534178        2.97706733152709
H            2.95951196291028        0.28302809411945        2.39371543398380
H            0.66734378350980        1.11946120610763        2.80664455118581
H            0.14946588031829       -0.49331667967796        3.32060103238706
H            1.32116282637569        0.41034646172306        4.29195146013726
H           -0.72742733434396        1.04587638086545       -2.27496771235068
H            0.79775658314758        1.75650854900110       -1.60945507605653
H           -4.96782028874382        2.18530677822250        1.81786351392069
H           -4.40683917363380        0.51658254849126        2.12720409883292
H           -2.62491796932673        3.00045662857316        2.23635351756657
H           -3.28722344327118        2.16335221859793        3.64958966898065
H           -2.12344294716786        1.34721501143084        2.59523978315934
H           -0.77517125173137       -1.33040162238492        0.78832335283409
H           -1.91421043827542       -2.18495960032585        1.86434706398619
H           -1.24657067869385       -3.64536197950538       -0.02025802884111
H           -2.96874089150301       -3.24334442724488       -0.14968665532916
H           -1.79153831014027       -2.43492538046966       -1.18870271185214
41
 energy: -65.045071454854 gnorm: 0.004788563628 xtb: 6.7.1 (edcfbbe)
C            5.57792309148510       -1.32433825741544       -1.24122358806677
C            4.13758607867425       -1.61573324236710       -1.62266254346643
O            3.28689354817918       -1.55735767910954       -0.46251137529742
P            2.31039927515422       -0.33635611821352       -0.16995285079540
S            3.14399118875993        1.44232147954130       -0.16784024247437
O            1.65438535815120       -0.80753836360088        1.18614676292901
C            2.12876671989343       -0.42023895961416        2.49518677899349
C            0.98617587735356        0.19891866374107        3.27782632871648
S            0.73468124141712       -0.65106238492788       -1.54113132916994
C            0.02205423495815        1.01780869078692       -1.46154488072120
S           -0.78230777655967        1.38810975349584        0.11203157268237
P           -2.68890122940989        0.47525907774792       -0.23695859192143
S           -3.08236450541917        0.14084356121360       -2.12704383794517
O           -3.77918859742190        1.42752420081021        0.38237012142767
C           -4.10622455221554        1.51696666671428        1.78986224757163
C           -2.95372836440499        2.04817940467511        2.61715455050326
O           -2.75303387965405       -0.75293784577621        0.77490318389811
C           -1.77314092337484       -1.79332375730501        0.87054465851418
C           -1.95958985048463       -2.85182419649591       -0.19921256811756
H            5.67242554059623       -0.30175486081252       -0.88176866700664
H            5.90076191963709       -2.00448254626006       -0.45828269972148
H            6.20954335969343       -1.45398676659557       -2.11416348436316
H            4.02760661022591       -2.63126699944066       -2.00774260437899
H            3.78395616216201       -0.90318643682200       -2.37337975355414
H            2.49062039014839       -1.33369297418634        2.97091898434847
H            2.95620938366685        0.28746774795164        2.38406453246776
H            0.66146580793683        1.11973168779029        2.79844245569864
H            0.14978242600121       -0.49291058345720        3.32318449240781
H            1.32512896778779        0.41899165263015        4.28475987049432
H           -0.72023789987628        1.06734970245724       -2.26058075360305
H            0.81177822998420        1.75584156744509       -1.59507084148633
H           -4.96092667803470        2.19494054348678        1.80700926489219
H           -4.41153837899094        0.52688261281429        2.13412346124574
H           -2.61949033686508        3.00708231188826        2.22959559507383
H           -3.27994322796620        2.16971389712164        3.64486755391372
H           -2.11791326284334        1.35143624161918        2.59023129082875
H           -0.77115828596343       -1.35535831556528        0.81071299014573
H           -1.92382709454876       -2.21091205183268        1.86872708020449
H           -1.24715182751545       -3.65356253051409       -0.03440510232412
H           -2.97031945869674       -3.24908507300288       -0.15987238148246
H           -1.79006238477244       -2.42708324326596       -1.18773949390275
41
 energy: -65.045159920838 gnorm: 0.003850571037 xtb: 6.7.1 (edcfbbe)
C            5.57242271670789       -1.31962079772746       -1.23705146984369
C            4.13556240040073       -1.61728902805186       -1.62472535700325
O            3.28093938636615       -1.56393016101650       -0.46555252000863
P            2.30789301807795       -0.34168248138184       -0.17248124860536
S            3.14295969276613        1.43597244729126       -0.17351815321076
O            1.64929054733355       -0.80795755015214        1.18328813782297
C            2.12743806403814       -0.41785219957046        2.49182334470695
C            0.98604688019004        0.20104713282283        3.27505073235034
S            0.73117357095447       -0.64170542960881       -1.54588936731663
C            0.01829471180366        1.02673984535348       -1.45517917135631
S           -0.78098711478103        1.38701588492215        0.12224567531149
P           -2.68372610978115        0.46554515408638       -0.23210297607947
S           -3.07499842673340        0.12792340546588       -2.12194096391775
O           -3.77535176664510        1.41791063580571        0.38010885558045
C           -4.10245107512442        1.52257396948120        1.78801128496455
C           -2.94839840983087        2.05431522995754        2.61202602483569
O           -2.74727423845123       -0.76032579570983        0.78249400103085
C           -1.77378573222061       -1.80912589542339        0.87657132578432
C           -1.95953416644217       -2.85740647649884       -0.20315066652765
H            5.65993356217224       -0.29726276040934       -0.87385497902210
H            5.89661126308117       -2.00089205642365       -0.45489499295532
H            6.20939313288173       -1.44262231987279       -2.10799120055314
H            4.02970862300216       -2.63257625724407       -2.01235052965352
H            3.78048672272937       -0.90548382368936       -2.37613249369226
H            2.49299492363332       -1.32989628339567        2.96772083065697
H            2.95366602577217        0.29086768326235        2.37709482009115
H            0.65639943456146        1.11911530660726        2.79276707560942
H            0.15072124137481       -0.49254490481920        3.32773070766819
H            1.32728624442199        0.42752253371657        4.28053927959074
H           -0.71881974567476        1.08923114151584       -2.25742995189684
H            0.81377568703773        1.76065036693367       -1.58183034939853
H           -4.95332907335365        2.20551478788270        1.79862381369478
H           -4.41515982573184        0.53750922089147        2.14074925401343
H           -2.61357529666529        3.01336907949129        2.22394165917896
H           -3.27309892676481        2.17755236086525        3.64096551005447
H           -2.11247393355578        1.35665124249242        2.58720128515895
H           -0.76884467646597       -1.37656755250982        0.82847919102375
H           -1.93431990815227       -2.23338061660939        1.87060836398456
H           -1.24747130031839       -3.66176672669976       -0.04546020768773
H           -2.97059516129339       -3.25581079025663       -0.16940430560590
H           -1.78771606447271       -2.42395124442452       -1.18752408161924
41
 energy: -65.045210235822 gnorm: 0.002715473610 xtb: 6.7.1 (edcfbbe)
C            5.56797870625030       -1.31617101152581       -1.23436442194649
C            4.13430585215846       -1.61794037280845       -1.62727650132096
O            3.27373386271685       -1.56864129928835       -0.47017668281790
P            2.30717197257869       -0.34175422816784       -0.17507773670820
S            3.15182496467732        1.43169575778660       -0.17278539044196
O            1.64517388459664       -0.80552961908978        1.18053205649706
C            2.12600158587542       -0.41528362399052        2.48991871849859
C            0.98614933734125        0.20282798404320        3.27442449425438
S            0.72883015614901       -0.63747281386867       -1.54812305988833
C            0.02030551841085        1.03333042742002       -1.45259560877540
S           -0.78362295695763        1.38586830298646        0.12329125889255
P           -2.68406058232775        0.45784405245933       -0.22894176718429
S           -3.07393752917174        0.11419097632523       -2.11806534428549
O           -3.77733031139472        1.40979111478113        0.38071372860843
C           -4.10078442493979        1.52661057553475        1.78990582926046
C           -2.94463288815939        2.05897990748629        2.60906505611080
O           -2.74380283576851       -0.76576642229916        0.78907364510172
C           -1.77426096455741       -1.82074265714423        0.87928535616604
C           -1.95891094742760       -2.86172833589756       -0.20637132536950
H            5.65115703934192       -0.29462560980720       -0.86847386300475
H            5.89280568640628       -1.99814704501590       -0.45316617927310
H            6.20868913745418       -1.43452222290664       -2.10319483726671
H            4.03178862149446       -2.63334116449203       -2.01545598638699
H            3.77775168510740       -0.90658703573256       -2.37829804839660
H            2.49330027563497       -1.32758454549609        2.96376002715674
H            2.95151588260546        0.29359464411214        2.37204824233484
H            0.65313535217611        1.11886809663138        2.79081084711671
H            0.15215778904218       -0.49187982496192        3.33185621620116
H            1.32897028072006        0.43321147141953        4.27851147352710
H           -0.71206592080643        1.10126460048784       -2.25834793529766
H            0.81794201484347        1.76659502012553       -1.57168174427164
H           -4.94837715479853        2.21364724436549        1.79554541773486
H           -4.41776144177175        0.54522327055928        2.14824823723041
H           -2.60913968726118        3.01687009994223        2.21904079423354
H           -3.26752427785088        2.18498254369024        3.63850929802545
H           -2.10921385514957        1.36075282172322        2.58532762787010
H           -0.76857157611607       -1.39040483158038        0.83874770533016
H           -1.94308095198692       -2.24904450191721        1.86999943787310
H           -1.24735818006608       -3.66713291697122       -0.05210237963516
H           -2.96973538346899       -3.26085703999521       -0.17665706352623
H           -1.78543083875228       -2.42361551157324       -1.18788340506792
41
 energy: -65.045228019908 gnorm: 0.001725840955 xtb: 6.7.1 (edcfbbe)
C            5.56565734278233       -1.31398250728016       -1.23290498052071
C            4.13390016330655       -1.61889308520969       -1.62837395552535
O            3.26939105085196       -1.57265390179022       -0.47321820771765
P            2.30703618608535       -0.34213388168518       -0.17664856439273
S            3.15815677709292        1.42842846955979       -0.17265465703526
O            1.64352843873566       -0.80424519538045        1.17972544419675
C            2.12538047493933       -0.41366232638206        2.48931597392475
C            0.98632920049892        0.20376465889420        3.27497960910487
S            0.72788090084284       -0.63306899862905       -1.54945250470236
C            0.01945105344395        1.03755126835829       -1.45192109072694
S           -0.78587948597179        1.38748385075356        0.12413959918031
P           -2.68366004600923        0.45393874913893       -0.22721887189382
S           -3.07236450635690        0.10636462393891       -2.11604678725211
O           -3.77947778630243        1.40417769111832        0.38207236266605
C           -4.10005230552555        1.52810837552002        1.79175087685301
C           -2.94215887284575        2.06130724493798        2.60710122040631
O           -2.74099280857242       -0.76827675627173        0.79306390774209
C           -1.77419013517735       -1.82660704248250        0.88016670251716
C           -1.95821357841484       -2.86365327663688       -0.20846196504913
H            5.64590952281425       -0.29310734240130       -0.86555220431293
H            5.89071471810951       -1.99600871952944       -0.45232260803705
H            6.20773960715854       -1.42964242501544       -2.10056899802677
H            4.03441805631920       -2.63469523577916       -2.01563793207873
H            3.77606642606015       -0.90827788646860       -2.37901939531397
H            2.49315013327546       -1.32631450743878        2.96171002002278
H            2.95024288760331        0.29545751811947        2.36953507843898
H            0.65134957985758        1.11838400352936        2.79066751054215
H            0.15379469309199       -0.49185697760528        3.33484326599462
H            1.33065330132395        0.43613947582176        4.27770615954686
H           -0.71183991975300        1.10534811502500       -2.25867786753209
H            0.81697424269452        1.77129795841403       -1.56725631507056
H           -4.94566858369493        2.21748373070350        1.79430256900492
H           -4.41838449200330        0.54887260991883        2.15363138126699
H           -2.60609290242552        3.01732584468842        2.21395688109578
H           -3.26364806969367        2.19046565492534        3.63628934877846
H           -2.10773814636542        1.36248830156111        2.58357791903232
H           -0.76822919560549       -1.39752842957193        0.84307859309182
H           -1.94813782439954       -2.25714029410234        1.86865574999841
H           -1.24749896706405       -3.66950741684700       -0.05496143435401
H           -2.96900238889772       -3.26222900653289       -0.18132596268875
H           -1.78340784496129       -2.42352665453676       -1.18846968401555
41
 energy: -65.045234057083 gnorm: 0.000888463830 xtb: 6.7.1 (edcfbbe)
C            5.56369897116707       -1.31222382722382       -1.23155528874612
C            4.13297067292575       -1.62019624372706       -1.62864449279025
O            3.26612948570265       -1.57533470883247       -0.47531769975206
P            2.30679265472627       -0.34183215407608       -0.17775025830590
S            3.16144101182471        1.42684937298300       -0.17353532912691
O            1.64299161762325       -0.80307424199436        1.17952932171962
C            2.12531233650370       -0.41255139052855        2.48870584959083
C            0.98657649454820        0.20428988118784        3.27571749163236
S            0.72668466193564       -0.63106485155550       -1.54919388156277
C            0.01889388384138        1.03949817215472       -1.45144170597311
S           -0.78687906299590        1.38867615720364        0.12525778587430
P           -2.68287964060019        0.45219161436443       -0.22628523322266
S           -3.07225905994930        0.10265097830173       -2.11439957293899
O           -3.78167370114581        1.39979613695363        0.38345052706640
C           -4.09990056183514        1.52783114375204        1.79291804015520
C           -2.94028979632227        2.06207163864090        2.60533174858032
O           -2.73835830797037       -0.76902291026164        0.79560472630112
C           -1.77353588407839       -1.82885931450064        0.88060121358236
C           -1.95751850880725       -2.86355334783014       -0.21026941454345
H            5.64149354175364       -0.29154411264379       -0.86364786495191
H            5.88923334016543       -1.99385691951800       -0.45109423255264
H            6.20626233898857       -1.42616085575725       -2.09872445449773
H            4.03670145540510       -2.63666474255880       -2.01446802925529
H            3.77477048422790       -0.91095347591868       -2.38006547657722
H            2.49337984586418       -1.32522698555425        2.96059994967532
H            2.94956848250013        0.29702484961237        2.36830570405513
H            0.64994623580225        1.11794855276856        2.79110035338322
H            0.15538051143202       -0.49236766601520        3.33743388988549
H            1.33286490583260        0.43784775397897        4.27719742738723
H           -0.71362484329528        1.10573263452244       -2.25742483996015
H            0.81534582377814        1.77404937481306       -1.56624846832880
H           -4.94445271429944        2.21827566243340        1.79420087067292
H           -4.41841313258736        0.55003490877239        2.15798626917588
H           -2.60348141623886        3.01599193209174        2.20820111082062
H           -3.26035055302247        2.19501541509540        3.63412367588926
H           -2.10726311480397        1.36199143871233        2.58228325327484
H           -0.76691576510322       -1.40129068615695        0.84521048067890
H           -1.94988864694490       -2.26150476049290        1.86745234205558
H           -1.24803341401278       -3.67028293620806       -0.05681058000113
H           -2.96875803376670       -3.26073299788815       -0.18542852522871
H           -1.78087570192091       -2.42209221175036       -1.18933049598210
41
 energy: -65.045236530730 gnorm: 0.000368888726 xtb: 6.7.1 (edcfbbe)
C            5.56301713989256       -1.31149371375389       -1.23096343416805
C            4.13240035059468       -1.62130818027369       -1.62807978250553
O            3.26546425883423       -1.57601679262623       -0.47534574719448
P            2.30642228512294       -0.34186220274020       -0.17790173255060
S            3.16071883280510        1.42685411905139       -0.17465327640994
O            1.64332066811160       -0.80299000997998        1.17989963619822
C            2.12575220508826       -0.41228028600624        2.48848065925308
C            0.98695351752867        0.20429915291326        3.27610569532276
S            0.72579371095867       -0.63101816543625       -1.54876825822986
C            0.01795323918443        1.03932293161334       -1.45210756900604
S           -0.78779888686989        1.38981312656615        0.12460485862681
P           -2.68303278393625        0.45203051639926       -0.22585966643339
S           -3.07173980206301        0.10378819995235       -2.11443157720937
O           -3.78284505125096        1.39851358920433        0.38423012162652
C           -4.10018150614806        1.52695678621548        1.79332301223282
C           -2.93970213401277        2.06158904627881        2.60474426739440
O           -2.73770854712863       -0.76910051588919        0.79627976385865
C           -1.77295325067282       -1.82841770093460        0.88074449167275
C           -1.95698668650758       -2.86260139549134       -0.21100965171365
H            5.63954772453143       -0.29048901785631       -0.86346092772168
H            5.88924695222332       -1.99249679397899       -0.45013238907694
H            6.20573439834997       -1.42504874765032       -2.09818158982311
H            4.03758162562867       -2.63828478557628       -2.01299663334318
H            3.77419672884310       -0.91338044729223       -2.38081656732893
H            2.49431665323962       -1.32456272055845        2.96087593030657
H            2.94973442667745        0.29772041894262        2.36836863037579
H            0.64946910861578        1.11764969956886        2.79138236836173
H            0.15616843342553       -0.49287038895495        3.33866443004012
H            1.33399243012740        0.43838073679278        4.27725916505685
H           -0.71509836135179        1.10525207998818       -2.25760003706340
H            0.81425870388872        1.77385923333729       -1.56790252047699
H           -4.94483373568622        2.21725362936093        1.79532191201105
H           -4.41841598049559        0.54940198478844        2.15952195064028
H           -2.60217315549594        3.01447075075010        2.20552087809753
H           -3.25915783420746        2.19683529700841        3.63342233587848
H           -2.10747042212295        1.36041017958134        2.58271961397125
H           -0.76608275217522       -1.40121171590676        0.84542829463573
H           -1.94857392523103       -2.26204445678451        1.86730436859755
H           -1.24841459819348       -3.67023086844130       -0.05748809969513
H           -2.96876804532063       -3.25863087465657       -0.18718432053398
H           -1.77901903795370       -2.42068542017507       -1.18974241651570
41
 energy: -65.045236159467 gnorm: 0.000884434376 xtb: 6.7.1 (edcfbbe)
C            5.56236197829593       -1.31078978534289       -1.23038816348930
C            4.13185042002438       -1.62238698466296       -1.62753343599510
O            3.26482769364719       -1.57668836655277       -0.47537287983424
P            2.30607026086018       -0.34190050830385       -0.17804711706886
S            3.16001409119959        1.42685371273485       -0.17574247012754
O            1.64364647078818       -0.80291637215610        1.18026200175764
C            2.12617959903118       -0.41202306645320        2.48826397711005
C            0.98731681043836        0.20430593861774        3.27648237848488
S            0.72493093157420       -0.63095708313667       -1.54835113334335
C            0.01702989422980        1.03916003015347       -1.45276642754983
S           -0.78870173173304        1.39092798288725        0.12395758311234
P           -2.68317749695117        0.45187302071469       -0.22543440641804
S           -3.07116916073618        0.10492437056926       -2.11447619903896
O           -3.78398590607430        1.39726640146112        0.38499306619637
C           -4.10046116264588        1.52610842298972        1.79371743738743
C           -2.93913423484038        2.06112302384512        2.60417304953530
O           -2.73708257036662       -0.76917941693410        0.79694330218911
C           -1.77239404809815       -1.82798898529521        0.88089298480741
C           -1.95647475680929       -2.86167616996574       -0.21172522911389
H            5.63766730617503       -0.28947128615820       -0.86327094895341
H            5.88926265134275       -1.99118864649603       -0.44920183326226
H            6.20522603610507       -1.42397018546953       -2.09765710613323
H            4.03844117715273       -2.63985289801746       -2.01157928634194
H            3.77364732421215       -0.91572816259661       -2.38154174467486
H            2.49522086612112       -1.32392303347313        2.96115134860375
H            2.94989674115173        0.29838925284756        2.36843778470011
H            0.64900718790495        1.11735927427236        2.79165579978555
H            0.15692912966883       -0.49335957535441        3.33985567708676
H            1.33508690154234        0.43889335410732        4.27731872742572
H           -0.71654863217556        1.10478143563471       -2.25777431772283
H            0.81318987243069        1.77368232249362       -1.56952804318576
H           -4.94520995005771        2.21626024324864        1.79640757016831
H           -4.41842311912164        0.54878835995659        2.16101720047129
H           -2.60091369124583        3.01300080174373        2.20291889387797
H           -3.25799706855455        2.19859658006923        3.63274235988665
H           -2.10767215851548        1.35887969912136        2.58313135458081
H           -0.76527753915187       -1.40113993913726        0.84564972687344
H           -1.94730355607501       -2.26257254412881        1.86716689979895
H           -1.24878401805707       -3.67017708404394       -0.05814562745569
H           -2.96878137869157       -3.25659303981080       -0.18888599598464
H           -1.77722426714691       -2.41931481662876       -1.19014057098707
41
 energy: -65.045237317300 gnorm: 0.000490392961 xtb: 6.7.1 (edcfbbe)
C            5.56197901685544       -1.31052613133426       -1.23039118322577
C            4.13166684664860       -1.62241641011676       -1.62748785029942
O            3.26436689240025       -1.57624751475673       -0.47534527992946
P            2.30566763022774       -0.34150516820274       -0.17808194234227
S            3.15994795268391        1.42708603603267       -0.17570734808876
O            1.64329034946667       -0.80256594875343        1.18015800526357
C            2.12620170970835       -0.41173553061699        2.48822807453621
C            0.98746508378468        0.20443763474996        3.27641022820307
S            0.72497639224298       -0.63173629765341       -1.54875940049685
C            0.01750018329451        1.03877017920783       -1.45203875714114
S           -0.78832717330514        1.39055861867425        0.12463433416376
P           -2.68339241429382        0.45185540162420       -0.22613771907302
S           -3.07473157146642        0.10312219105738       -2.11376246441220
O           -3.78364503661497        1.39749657458578        0.38454800052287
C           -4.10001720936915        1.52616697053101        1.79358081742650
C           -2.93898946047380        2.06104642396638        2.60426152085678
O           -2.73690389951255       -0.76905243456643        0.79648342254871
C           -1.77208612407512       -1.82810971123321        0.88046318387179
C           -1.95623217116940       -2.86178839252351       -0.21189399808913
H            5.63717041060492       -0.28909423184597       -0.86365715921186
H            5.88913320718913       -1.99058373734432       -0.44899869297222
H            6.20506905608752       -1.42387189811136       -2.09748776253486
H            4.03815809587995       -2.64006566502347       -2.01115965346281
H            3.77325979300556       -0.91615170926662       -2.38183127591899
H            2.49555776508077       -1.32365644580746        2.96087059602098
H            2.94990989473312        0.29867180023850        2.36808820243375
H            0.64899313949139        1.11742241683793        2.79155613162776
H            0.15706966648727       -0.49324395580479        3.33994139655141
H            1.33498595663333        0.43919244494976        4.27733034601970
H           -0.71539612738658        1.10523820966868       -2.25761120716128
H            0.81391888190997        1.77321531005592       -1.56843561597117
H           -4.94481929883691        2.21639027431565        1.79651139328268
H           -4.41820319568098        0.54882231553170        2.16066263197279
H           -2.60040825851522        3.01285360118428        2.20321134649312
H           -3.25823754635880        2.19874661220906        3.63277806602697
H           -2.10753397948073        1.35875131300910        2.58388707037793
H           -0.76510844979204       -1.40100386364222        0.84535672916354
H           -1.94705947621227       -2.26250570099160        1.86690901168796
H           -1.24883421900670       -3.67046736158072       -0.05814493745476
H           -2.96860818259282       -3.25652624620729       -0.18914282206316
H           -1.77666723342448       -2.41961369569684       -1.19021925204366
41
 energy: -65.045237813504 gnorm: 0.000191820747 xtb: 6.7.1 (edcfbbe)
C            5.56186939501847       -1.31026118680279       -1.23055844907077
C            4.13179872407037       -1.62263648621664       -1.62740196177842
O            3.26452158626280       -1.57618263409431       -0.47510292949034
P            2.30574375525021       -0.34163253329398       -0.17797154957998
S            3.15977829227040        1.42713754993335       -0.17577434548519
O            1.64315322236634       -0.80250329679076        1.18012681338406
C            2.12618602038672       -0.41144074741889        2.48828252616568
C            0.98756436569083        0.20460437256652        3.27637691514490
S            0.72486208098329       -0.63147836341943       -1.54835347861696
C            0.01740221675294        1.03906740402917       -1.45272721279762
S           -0.78884272095397        1.39024018083282        0.12365264444863
P           -2.68406626978099        0.45159172531674       -0.22593234663600
S           -3.07445364088455        0.10259473486798       -2.11382500426420
O           -3.78378993815626        1.39760704599541        0.38478641248693
C           -4.09990968809099        1.52627774513529        1.79408456063533
C           -2.93896450935455        2.06101421978286        2.60465001848730
O           -2.73719552111876       -0.76948203734180        0.79653832612628
C           -1.77198153332687       -1.82847986454700        0.88027840611144
C           -1.95597285702060       -2.86206673275641       -0.21192912368483
H            5.63685604500397       -0.28872023450009       -0.86424688691523
H            5.88923752675397       -1.98987329334250       -0.44893774355520
H            6.20498235671809       -1.42380593861724       -2.09753159457837
H            4.03817294844940       -2.64048927096581       -2.01050255518036
H            3.77286444256859       -0.91672314705782       -2.38180705737805
H            2.49576904577816       -1.32339255463111        2.96064008178730
H            2.94983028102608        0.29896524664167        2.36767292648663
H            0.64902552545096        1.11748359648834        2.79145327036827
H            0.15724117943928       -0.49310094369860        3.33990639746562
H            1.33482552674112        0.43949842481699        4.27732219579259
H           -0.71489709452193        1.10543054603476       -2.25878471623507
H            0.81409108347523        1.77338974417098       -1.56843831755890
H           -4.94470695365737        2.21660101880945        1.79699770267501
H           -4.41808131343274        0.54881514155606        2.16072234506420
H           -2.60005874398021        3.01266062653018        2.20364201619198
H           -3.25849599211609        2.19893926331388        3.63305387284457
H           -2.10754769437744        1.35872730128006        2.58465548559316
H           -0.76531544686183       -1.40079009255373        0.84519922927660
H           -1.94706178566815       -2.26265702270187        1.86683044350640
H           -1.24874914854269       -3.67076864262429       -0.05796951773830
H           -2.96832097730185       -3.25673871460807       -0.18928852484998
H           -1.77627689446120       -2.42004587276942       -1.19021308749004
41
 energy: -65.045238093086 gnorm: 0.000136188258 xtb: 6.7.1 (edcfbbe)
C            5.56155794334222       -1.30978662476982       -1.23058321038382
C            4.13158366375261       -1.62305899853822       -1.62713465340969
O            3.26428620768583       -1.57605694403925       -0.47494820654325
P            2.30538386919640       -0.34156491900869       -0.17812460807317
S            3.15941936507274        1.42726615913541       -0.17610249604549
O            1.64306978552895       -0.80221990314623        1.18013605626038
C            2.12633607823940       -0.41103577045432        2.48813779561561
C            0.98773641290936        0.20480404428706        3.27645678390592
S            0.72445257717326       -0.63184716336538       -1.54851744024820
C            0.01681947268777        1.03863253488251       -1.45279921252241
S           -0.78898784664771        1.39063252720510        0.12365740094614
P           -2.68400237998759        0.45158221958560       -0.22579950635391
S           -3.07415544449554        0.10288931821383       -2.11392069256155
O           -3.78375478556988        1.39743300907482        0.38502080196624
C           -4.09981916428510        1.52594064135221        1.79433086970141
C           -2.93877633531101        2.06070103947959        2.60476674084661
O           -2.73705013244715       -0.76959411081575        0.79656553072190
C           -1.77168261674784       -1.82840387027262        0.88021320284253
C           -1.95561311354488       -2.86192529608219       -0.21210017905306
H            5.63604581006369       -0.28799348296502       -0.86484411468563
H            5.88925973921436       -1.98878302474453       -0.44856142201114
H            6.20466935761033       -1.42351128469391       -2.09753568764623
H            4.03840928265673       -2.64126554077166       -2.00939079604393
H            3.77239481376279       -0.91792391083824       -2.38214098952416
H            2.49619994849833       -1.32286718126540        2.96050883578377
H            2.94980694156091        0.29954314913260        2.36735881647665
H            0.64886371926694        1.11754455247592        2.79149814578246
H            0.15762038157695       -0.49313102749380        3.34020589602030
H            1.33519343830730        0.43987886246862        4.27728889039269
H           -0.71570352464137        1.10480454514628       -2.25870819742846
H            0.81348912785062        1.77288625891673       -1.56888849776359
H           -4.94468232750902        2.21618255681521        1.79739785436539
H           -4.41783855351467        0.54841255410026        2.16094038965017
H           -2.59946180230226        3.01194878526531        2.20314096711186
H           -3.25842537027349        2.19943871892711        3.63300509391946
H           -2.10763741309069        1.35806886512630        2.58531684453076
H           -0.76506525992571       -1.40054704061068        0.84503759057791
H           -1.94654260834950       -2.26266310036450        1.86676187249416
H           -1.24878068664773       -3.67093480330937       -0.05787652126277
H           -2.96815107254354       -3.25614383801885       -0.18985209533580
H           -1.77538060127463       -2.41995622867208       -1.19034166585699
41
 energy: -65.045238074898 gnorm: 0.000224545960 xtb: 6.7.1 (edcfbbe)
C            5.56122573486904       -1.30927868014372       -1.23061212238164
C            4.13135459964431       -1.62351186159162       -1.62685163422830
O            3.26403759847828       -1.57592440230756       -0.47478257130398
P            2.30500639541578       -0.34149222431119       -0.17828576276829
S            3.15903296851536        1.42740651508620       -0.17646172909663
O            1.64298125590880       -0.80191455955069        1.18014594057522
C            2.12649602572817       -0.41060032129063        2.48798405904800
C            0.98791907948452        0.20501994443302        3.27654236318152
S            0.72402358318018       -0.63223499551540       -1.54868497557694
C            0.01621146091099        1.03817659323911       -1.45288011606060
S           -0.78914145715547        1.39103491825866        0.12365576698135
P           -2.68394072179007        0.45157039344577       -0.22565943461581
S           -3.07386954499065        0.10318898862521       -2.11401055929337
O           -3.78372380555655        1.39724473326370        0.38527089187554
C           -4.09972430967925        1.52557888569613        1.79459547092317
C           -2.93857647208831        2.06036587161897        2.60489215307781
O           -2.73689597843076       -0.76971320807321        0.79659506458011
C           -1.77136336535160       -1.82832253961813        0.88014315180777
C           -1.95522977205223       -2.86177635772258       -0.21228084583778
H            5.63518115960710       -0.28721521896627       -0.86548697108987
H            5.88928592592664       -1.98761591280334       -0.44816122163317
H            6.20433486419335       -1.42319686587703       -2.09754309076996
H            4.03866347259417       -2.64209668771372       -2.00820492086885
H            3.77189236674565       -0.91920899354295       -2.38250040338153
H            2.49666008325905       -1.32230325882478        2.96036892909656
H            2.94978129994857        0.30016344342684        2.36702380671576
H            0.64868889798684        1.11761231638196        2.79154681503817
H            0.15802468485901       -0.49316105135242        3.34052734680349
H            1.33558571765243        0.44028839675372        4.27725344390748
H           -0.71655126020112        1.10414100734288       -2.25862919847975
H            0.81285679421030        1.77236094492918       -1.56937167492079
H           -4.94465709208690        2.21573369851963        1.79782740961303
H           -4.41758132282650        0.54798130446503        2.16117611778048
H           -2.59882653986933        3.01118885077857        2.20260756745479
H           -3.25834890399697        2.19997041339519        3.63295497369903
H           -2.10773384903926        1.35736534769494        2.58602307432305
H           -0.76479745981070       -1.40028910000702        0.84486405749589
H           -1.94598742883330       -2.26266976966354        1.86668790182266
H           -1.24881280663851       -3.67111236942447       -0.05777536136114
H           -2.96796927677952       -3.25551371629686       -0.19044995361031
H           -1.77442570509332       -2.41986419540765       -1.19047757136307
41
 energy: -65.045238292255 gnorm: 0.000122222220 xtb: 6.7.1 (edcfbbe)
C            5.56102024900316       -1.30891454366999       -1.23068079288065
C            4.13123628947743       -1.62388510625036       -1.62678050774003
O            3.26397026084076       -1.57601657418543       -0.47468223752523
P            2.30507824420830       -0.34146122711436       -0.17827219942320
S            3.15867127330798        1.42756398033444       -0.17709103518928
O            1.64294392648602       -0.80166827319560        1.18017501934973
C            2.12657112532684       -0.41027060702977        2.48793263057752
C            0.98798680842424        0.20523515877392        3.27661310594182
S            0.72413156802460       -0.63211815997324       -1.54847263059218
C            0.01641941480940        1.03832849166476       -1.45311657804806
S           -0.78920113678366        1.39067617531012        0.12338545309545
P           -2.68413434581096        0.45144796829627       -0.22564501551786
S           -3.07502837884002        0.10275044681935       -2.11354188630258
O           -3.78396565483493        1.39699639920919        0.38540701910158
C           -4.09972881285638        1.52531385269394        1.79479538089068
C           -2.93847723741424        2.06017840111439        2.60496317389502
O           -2.73683519265157       -0.76978416686824        0.79667920730772
C           -1.77119868689994       -1.82832192028925        0.88013273168460
C           -1.95502138828055       -2.86174741295227       -0.21235748597224
H            5.63461403043635       -0.28665029588850       -0.86599470440856
H            5.88939125788225       -1.98680866795782       -0.44795120950514
H            6.20414017607929       -1.42295053237334       -2.09761343825489
H            4.03893053641082       -2.64270921903542       -2.00758996468568
H            3.77155063762594       -0.92012930124824       -2.38283982921415
H            2.49692372138976       -1.32190413564428        2.96030455243886
H            2.94973193628650        0.30061000031193        2.36685072112097
H            0.64851932462967        1.11774919615613        2.79161377942901
H            0.15820948937229       -0.49308314559085        3.34082590586614
H            1.33583086010551        0.44064421879255        4.27723996107370
H           -0.71652243485939        1.10403940213782       -2.25870989320152
H            0.81288514665470        1.77264292812826       -1.56983280008728
H           -4.94467592076656        2.21540661058909        1.79813934630315
H           -4.41751199360450        0.54771528639392        2.16146343330105
H           -2.59851822577825        3.01079082096075        2.20231367736692
H           -3.25822369732285        2.20027925227068        3.63297894424010
H           -2.10779492602454        1.35695837155066        2.58643381614477
H           -0.76461724012540       -1.40029233562734        0.84487958406061
H           -1.94572561717328       -2.26281667339151        1.86662029365340
H           -1.24882645582725       -3.67126344189167       -0.05766371772627
H           -2.96787028183866       -3.25526134502739       -0.19082315655902
H           -1.77379175224067       -2.41989359895337       -1.19051246684989
41
 energy: -65.045238368187 gnorm: 0.000082360821 xtb: 6.7.1 (edcfbbe)
C            5.56088798877689       -1.30859822211362       -1.23088462035950
C            4.13118711189724       -1.62402689004176       -1.62682593847764
O            3.26387167625379       -1.57595370144010       -0.47468438193625
P            2.30516469603348       -0.34126908537301       -0.17839726147339
S            3.15898914524404        1.42764820282941       -0.17725473706819
O            1.64282148549687       -0.80123301244072        1.18003805951574
C            2.12657796264664       -0.40985402674979        2.48783537817560
C            0.98802891211630        0.20552014046354        3.27662777577172
S            0.72419150200826       -0.63216286233981       -1.54855284101285
C            0.01633071030753        1.03825126060795       -1.45316976862472
S           -0.78924163381193        1.39030946380253        0.12340984982310
P           -2.68431877891437        0.45118346566762       -0.22562070819839
S           -3.07528745298704        0.10227190338747       -2.11346197289156
O           -3.78404873699209        1.39680978190010        0.38550024458653
C           -4.09968790549503        1.52521165635722        1.79498487104529
C           -2.93841740820354        2.06009114147271        2.60506952960940
O           -2.73684677592558       -0.76999477731823        0.79676298852327
C           -1.77113864368511       -1.82854800212311        0.88017915446152
C           -1.95489163313260       -2.86196945367195       -0.21227795481748
H            5.63432026410436       -0.28619765802542       -0.86660008546252
H            5.88947918790450       -1.98613331885987       -0.44794889377670
H            6.20399829041519       -1.42282155090896       -2.09779079188434
H            4.03906397577198       -2.64301473044114       -2.00722732037544
H            3.77124487219085       -0.92062871849545       -2.38308216022467
H            2.49706190599986       -1.32148359714797        2.96009859428502
H            2.94965283180427        0.30109138712681        2.36663608408524
H            0.64839446029642        1.11797985934623        2.79166234930155
H            0.15833943778076       -0.49287572250553        3.34097834812974
H            1.33592598580086        0.44100361476507        4.27721402918912
H           -0.71651580564449        1.10399342194438       -2.25883067250530
H            0.81274817714444        1.77266057793534       -1.56978669707278
H           -4.94459288303412        2.21534459724294        1.79830471647371
H           -4.41749138307418        0.54762598126192        2.16164681900554
H           -2.59843288608177        3.01067118244107        2.20239975376288
H           -3.25815660015502        2.20026931505980        3.63308716319871
H           -2.10774572000393        1.35686806215639        2.58661208511187
H           -0.76461631298714       -1.40044146308868        0.84499150940222
H           -1.94576369629664       -2.26305406410785        1.86664033809183
H           -1.24870551367578       -3.67145721094821       -0.05748179037428
H           -2.96771072018426       -3.25552183965675       -0.19080274685224
H           -1.77358319286168       -2.42018883062063       -1.19042211100221
