----------------------------------------------- 
  Element       SASA      Sigma Z        Total  
     Z         Ang**2 cal/Ang**2/mol   kcal/mol 
----------------------------------------------- 
      H        225.593      48.690      10.984
      C         56.956     129.740       7.390
      O         31.229       0.000       0.000
      P          2.064       0.000       0.000
      S        101.934      -9.100      -0.928

 Subtotal:     417.776                  17.446
 -----------------------------------------------

  Elements    COT*SASA   Sigma Z,Z'     Total   
    Z,Z'       Ang**2  cal/Ang**2/mol kcal/mol  
 ---------------------------------------------- 
  H   C        152.100     -60.770      -9.243
  H   O          0.000       0.000       0.000
  C   C         32.584     -72.950      -2.377
  O   C          0.000      68.690       0.000
  O   O          0.000       0.000       0.000
  O   P         21.630      68.850       1.489

 Subtotal:                             -10.131
 ---------------------------------------------- 

 NONAQUEOUS SOLVENT CONTRIBUTION (kcal/mol):
 (proportional to SASA, atomic number independent)
 ---------------------------------------------- 
 Subtotal:                               0.000
 ---------------------------------------------- 

 CDS TOTAL (kcal/mol):                   7.315
...............................................................................
