----------------------------------------------- 
  Element       SASA      Sigma Z        Total  
     Z         Ang**2 cal/Ang**2/mol   kcal/mol 
----------------------------------------------- 
      H        233.350      48.690      11.362
      C         54.381     129.740       7.055
      O         26.186       0.000       0.000
      P          2.211       0.000       0.000
      S        110.443      -9.100      -1.005

 Subtotal:     426.572                  17.412
 -----------------------------------------------

  Elements    COT*SASA   Sigma Z,Z'     Total   
    Z,Z'       Ang**2  cal/Ang**2/mol kcal/mol  
 ---------------------------------------------- 
  H   C        156.926     -60.770      -9.536
  H   O          0.000       0.000       0.000
  C   C         31.546     -72.950      -2.301
  O   C          0.000      68.690       0.000
  O   O          0.000       0.000       0.000
  O   P         17.935      68.850       1.235

 Subtotal:                             -10.603
 ---------------------------------------------- 

 NONAQUEOUS SOLVENT CONTRIBUTION (kcal/mol):
 (proportional to SASA, atomic number independent)
 ---------------------------------------------- 
 Subtotal:                               0.000
 ---------------------------------------------- 

 CDS TOTAL (kcal/mol):                   6.809
...............................................................................
