#========================================================================================
#                     Free energy perturbation    
#----------------------------------------------------------------------------------------
#forward/backward          λ              ΔΔA                 ΔA                  δε   
#                                                 
#----------------------------------------------------------------------------------------
forward:               0.0000              0.0000              0.0000              0.0000  
forward:               0.0500              1.6536              1.6536              0.0140  
forward:               0.1000              0.9284              2.5819              0.0180  
forward:               0.1500              0.5413              3.1232              0.0196  
forward:               0.2000              0.3228              3.4460              0.0207  
forward:               0.2500              0.1860              3.6321              0.0214  
forward:               0.3000              0.0916              3.7236              0.0220  
forward:               0.3500              0.0382              3.7618              0.0224  
forward:               0.4000             -0.0034              3.7584              0.0227  
forward:               0.4500             -0.0385              3.7199              0.0229  
forward:               0.5000             -0.0646              3.6553              0.0231  
forward:               0.5500             -0.1562              3.4991              0.0234  
forward:               0.6000             -0.2774              3.2217              0.0236  
forward:               0.6500             -0.3901              2.8315              0.0241  
forward:               0.7000             -0.4708              2.3607              0.0245  
forward:               0.7500             -0.5450              1.8158              0.0249  
forward:               0.8000             -0.6179              1.1979              0.0257  
forward:               0.8500             -0.6455              0.5524              0.0264  
forward:               0.9000             -0.7074             -0.1550              0.0274  
forward:               0.9500             -0.7585             -0.9135              0.0284  
forward:               1.0000             -0.8374             -1.7509              0.0297  
backward:              1.0000              0.0000             -1.7509              0.0000  
backward:              0.9500              0.8244             -0.9266              0.0087  
backward:              0.9000              0.7711             -0.1555              0.0094  
backward:              0.8500              0.7129              0.5574              0.0121  
backward:              0.8000              0.6505              1.2080              0.0139  
backward:              0.7500              0.5993              1.8073              0.0148  
backward:              0.7000              0.5379              2.3452              0.0156  
backward:              0.6500              0.4679              2.8131              0.0162  
backward:              0.6000              0.3902              3.2033              0.0168  
backward:              0.5500              0.2818              3.4851              0.0173  
backward:              0.5000              0.1470              3.6321              0.0179  
backward:              0.4500              0.0677              3.6998              0.0183  
backward:              0.4000              0.0346              3.7344              0.0187  
backward:              0.3500              0.0038              3.7382              0.0192  
backward:              0.3000             -0.0302              3.7080              0.0199  
backward:              0.2500             -0.0992              3.6089              0.0207  
backward:              0.2000             -0.1859              3.4229              0.0226  
backward:              0.1500             -0.3173              3.1056              0.0244  
backward:              0.1000             -0.5423              2.5633              0.0267  
backward:              0.0500             -0.9125              1.6508              0.0317  
backward:              0.0000             -1.5873              0.0635              0.0373  
Inaccuracy estimation
======================================================================================================
                   i        i+δi          P0_overlap_P1   δε(forward)/ε   δε(backward)/ε
======================================================================================================
inaccuracy:  0.00000        0.05000           35.02           -0.03            2.04
inaccuracy:  0.05000        0.10000           47.48           -0.04            0.98
inaccuracy:  0.10000        0.15000           56.39           -0.02            0.52
inaccuracy:  0.15000        0.20000           62.52           -0.02            0.33
inaccuracy:  0.20000        0.25000           66.22           -0.02            0.22
inaccuracy:  0.25000        0.30000           69.62           -0.02            0.17
inaccuracy:  0.30000        0.35000           70.35           -0.02            0.15
inaccuracy:  0.35000        0.40000           72.24           -0.01            0.13
inaccuracy:  0.40000        0.45000           73.15           -0.02            0.11
inaccuracy:  0.45000        0.50000           73.78           -0.02            0.10
inaccuracy:  0.50000        0.55000           69.60           -0.05            0.12
inaccuracy:  0.55000        0.60000           69.48           -0.06            0.10
inaccuracy:  0.60000        0.65000           70.43           -0.07            0.09
inaccuracy:  0.65000        0.70000           70.76           -0.06            0.08
inaccuracy:  0.70000        0.75000           70.77           -0.06            0.07
inaccuracy:  0.75000        0.80000           71.15           -0.06            0.06
inaccuracy:  0.80000        0.85000           69.13           -0.07            0.07
inaccuracy:  0.85000        0.90000           68.79           -0.09            0.07
inaccuracy:  0.90000        0.95000           67.23           -0.10            0.06
inaccuracy:  0.95000        1.00000           68.01           -0.08            0.06
===================================================================================================================================
                BAR        
-----------------------------------------------------------------------------------------------------------------------------------
BAR-estimator:         λ             λ+δλ          ΔΔA             ΔA            C               Δδe            δe       
                          
-----------------------------------------------------------------------------------------------------------------------------------
BAR-estimator:      0.00000        0.05000        1.6509         1.6509         1.6509         0.0105         0.0105 
BAR-estimator:      0.05000        0.10000        0.9323         2.5832         0.9323         0.0060         0.0121 
BAR-estimator:      0.10000        0.15000        0.5424         3.1256         0.5424         0.0050         0.0131 
BAR-estimator:      0.15000        0.20000        0.3226         3.4482         0.3226         0.0040         0.0137 
BAR-estimator:      0.20000        0.25000        0.1832         3.6315         0.1832         0.0035         0.0141 
BAR-estimator:      0.25000        0.30000        0.0946         3.7261         0.0946         0.0034         0.0145 
BAR-estimator:      0.30000        0.35000        0.0357         3.7618         0.0357         0.0030         0.0148 
BAR-estimator:      0.35000        0.40000       -0.0025         3.7594        -0.0025         0.0029         0.0151 
BAR-estimator:      0.40000        0.45000       -0.0389         3.7205        -0.0389         0.0023         0.0153 
BAR-estimator:      0.45000        0.50000       -0.0655         3.6549        -0.0655         0.0022         0.0154 
BAR-estimator:      0.50000        0.55000       -0.1523         3.5026        -0.1523         0.0020         0.0156 
BAR-estimator:      0.55000        0.60000       -0.2789         3.2237        -0.2789         0.0026         0.0158 
BAR-estimator:      0.60000        0.65000       -0.3899         2.8338        -0.3899         0.0028         0.0160 
BAR-estimator:      0.65000        0.70000       -0.4696         2.3642        -0.4696         0.0028         0.0163 
BAR-estimator:      0.70000        0.75000       -0.5425         1.8218        -0.5425         0.0028         0.0165 
BAR-estimator:      0.75000        0.80000       -0.6088         1.2130        -0.6088         0.0037         0.0169 
BAR-estimator:      0.80000        0.85000       -0.6456         0.5674        -0.6456         0.0035         0.0173 
BAR-estimator:      0.85000        0.90000       -0.7096        -0.1422        -0.7096         0.0043         0.0178 
BAR-estimator:      0.90000        0.95000       -0.7639        -0.9061        -0.7639         0.0043         0.0183 
BAR-estimator:      0.95000        1.00000       -0.8295        -1.7356        -0.8295         0.0047         0.0189 
BAR-estimator: total free energy change is -1.7355902137295829 , total error is 0.018888304100213152
