----------------------------------------------- 
  Element       SASA      Sigma Z        Total  
     Z         Ang**2 cal/Ang**2/mol   kcal/mol 
----------------------------------------------- 
      H         50.984      48.690       2.482
      C         23.039     129.740       2.989
      O         26.254       0.000       0.000

 Subtotal:     100.277                   5.472
 -----------------------------------------------

  Elements    COT*SASA   Sigma Z,Z'     Total   
    Z,Z'       Ang**2  cal/Ang**2/mol kcal/mol  
 ---------------------------------------------- 
  H   C         34.318     -60.770      -2.085
  H   O          0.000       0.000       0.000
  C   C         14.590     -72.950      -1.064
  O   C         16.719      68.690       1.148

 Subtotal:                              -2.001
 ---------------------------------------------- 

 NONAQUEOUS SOLVENT CONTRIBUTION (kcal/mol):
 (proportional to SASA, atomic number independent)
 ---------------------------------------------- 
 Subtotal:                               0.000
 ---------------------------------------------- 

 CDS TOTAL (kcal/mol):                   3.470
...............................................................................
