41
 energy: -65.042080377965 gnorm: 0.052643981454 xtb: 6.7.1 (edcfbbe)
C            4.47123874803400       -0.62151299421985       -2.67390064129317
C            4.69967222006659       -1.26539123141593       -1.32787760467546
O            3.44216490214844       -1.58838600392144       -0.63961483993513
P            2.53780858092322       -0.48808565599898        0.11061693214579
S            3.45068820712540        1.03274177760887        0.91695090378584
O            1.68613740480343       -1.42694738479505        1.09788064665123
C            2.01953880382323       -1.57624497032723        2.51968750604268
C            3.25774858250520       -2.41364541879831        2.72910674924610
S            1.10386030333777       -0.03903544102327       -1.38605696417385
C            0.34625411203953        1.47031892634774       -0.66575551252186
S           -0.73837498090414        1.23610810105762        0.79579236910209
P           -2.62937840909629        0.83631187007068       -0.10258947362198
S           -2.63078050755695        0.55833088994097       -2.02911843573917
O           -3.46328395051347        2.08402086008568        0.47158980128110
C           -4.76802367112639        2.46212800406790       -0.09852943950088
C           -5.85286921482958        1.45430510204827        0.19927133653989
O           -3.23617896559187       -0.35096847202988        0.80033089262066
C           -3.11306911886598       -1.76530229802036        0.43253990649307
C           -1.72191998032880       -2.30395340038797        0.66783226739397
H            3.80934069229209       -1.23233031806075       -3.29571742270254
H            4.04764007397326        0.38221929474683       -2.57754028266680
H            5.43763436325096       -0.53575586297049       -3.18226588247315
H            5.29954828819939       -0.63121806499557       -0.66744109387817
H            5.18923476873776       -2.23598150619085       -1.42812594567965
H            2.12360171092383       -0.57706135784600        2.95430944925718
H            1.13290050228463       -2.05541371647410        2.93981552942479
H            3.15569577658709       -3.39490761727105        2.25630069641762
H            4.15104398084272       -1.91724547996450        2.33716156319119
H            3.39706369720746       -2.56119131002089        3.80523429897190
H           -0.21640551839750        1.94076662165924       -1.47583049081018
H            1.14490779524472        2.14460944495060       -0.34132695665008
H           -4.97572661622915        3.42519472658351        0.37154109525723
H           -4.63556501735052        2.61277833253665       -1.17453521790321
H           -5.93811378025573        1.26921453862084        1.27430716434242
H           -6.80445280267807        1.86499478362392       -0.15736477806073
H           -5.68024616860702        0.50442229773493       -0.31629783381910
H           -3.84878868160476       -2.26078535693088        1.06940915465626
H           -3.41968918205766       -1.87466605998588       -0.61309314453632
H           -1.40333413224173       -2.13702238359134        1.70146074659666
H           -1.73394880241746       -3.38283543423170        0.47842047594602
H           -0.99299692240971       -1.84718319368031       -0.00776792813455
41
 energy: -65.045918750448 gnorm: 0.028263069580 xtb: 6.7.1 (edcfbbe)
C            4.46394043830037       -0.62014776323927       -2.66560128051972
C            4.68819489603949       -1.26054451285015       -1.31567850256855
O            3.44486517200960       -1.58037633041557       -0.62955511661490
P            2.52671719602147       -0.48686865549598        0.10049590945099
S            3.46233705494917        1.02694295402459        0.92461269085352
O            1.68336581040507       -1.41752254327169        1.09143731589036
C            2.01725187104654       -1.56756729612261        2.50139725222479
C            3.25351869072875       -2.40773234206446        2.71951292863126
S            1.04346678583857       -0.06598820904561       -1.34670780219289
C            0.33712294189968        1.46991944977275       -0.65557119718587
S           -0.72994198339237        1.21995845353199        0.80561375563377
P           -2.61162317474223        0.82311847770333       -0.09903871631622
S           -2.66839996069239        0.55271373429895       -2.04069381274690
O           -3.44405639960298        2.06837267582597        0.46476342077446
C           -4.73859295907700        2.45199018905855       -0.09719679395295
C           -5.83676588916346        1.45656172190514        0.19740637923882
O           -3.23046978581375       -0.36036590386979        0.78994074305171
C           -3.11261615683450       -1.76098266333705        0.42719627442676
C           -1.72315879785841       -2.30347937721889        0.66599961798930
H            3.79880725762492       -1.22922422400753       -3.27514616769785
H            4.03125272676983        0.37406364415580       -2.55983127907811
H            5.42314497420222       -0.52967394595467       -3.17432876017695
H            5.27914725405876       -0.61212008416515       -0.66213268551503
H            5.17658062251623       -2.23192287810223       -1.41250306454244
H            2.13359197424903       -0.56892486579782        2.93276667695076
H            1.13075404896703       -2.04648766249827        2.92046414634947
H            3.14870338352091       -3.37854757814361        2.23881909995077
H            4.13524054674903       -1.90757316985778        2.31875328872099
H            3.39564615912632       -2.55603975565566        3.78959586048425
H           -0.23432349994788        1.92262016595406       -1.46547063472405
H            1.14879341024766        2.12298813938874       -0.33046930138687
H           -4.93978213579949        3.41478458492604        0.37605036319218
H           -4.61103227256458        2.59089658869741       -1.17477860994374
H           -5.91053808522409        1.26931333000651        1.26700374477154
H           -6.78401676525258        1.86467961059295       -0.15531675921405
H           -5.65527645778257        0.51253024012469       -0.31553343920794
H           -3.84962865089424       -2.25017359447714        1.06672488100852
H           -3.40332577623886       -1.86458344513354       -0.62271241615915
H           -1.41173944463277       -2.12342756749204        1.69362581389927
H           -1.72662911868351       -3.37629650060132        0.47955229834967
H           -0.99994880978510       -1.83948845261794       -0.00465652551132
41
 energy: -65.047516695503 gnorm: 0.010440596547 xtb: 6.7.1 (edcfbbe)
C            4.44335916778286       -0.61618606905074       -2.65154553082333
C            4.66773020666991       -1.25270252703188       -1.29624391584753
O            3.43735423034763       -1.56877983008090       -0.61600963682636
P            2.50349566836205       -0.48765402129494        0.09536397476221
S            3.44183078373797        1.03667674724234        0.90375471620438
O            1.67254530128978       -1.40738264972225        1.09286996781893
C            2.00938544981916       -1.55746742239287        2.48799779597345
C            3.24831469011171       -2.40059027940805        2.70055725103962
S            1.01892731124180       -0.08357745899330       -1.35366342822558
C            0.33219220936631        1.44417149914499       -0.64412446904596
S           -0.72712515313755        1.20136717635755        0.81705308302727
P           -2.59997289551624        0.80739763122754       -0.09100810946032
S           -2.66597670712044        0.54966098738597       -2.03727110183441
O           -3.42343392106220        2.05243890814409        0.46164284270914
C           -4.70122115865598        2.44736024312305       -0.09592561834624
C           -5.80875880777801        1.45765161175166        0.19846735523007
O           -3.22953974109616       -0.37398630674089        0.77931615904199
C           -3.11339765470366       -1.75941728266378        0.42008839194782
C           -1.72216152454119       -2.30160049068233        0.66537252539161
H            3.77761216788318       -1.22725770727172       -3.25242220414015
H            4.00236273242259        0.37126333251483       -2.53701797042584
H            5.39740513654827       -0.52002573449745       -3.15907562694913
H            5.25562499196029       -0.59158952394361       -0.65237648998533
H            5.16054757760060       -2.22179590521830       -1.39100249701670
H            2.14036584939579       -0.55995215981247        2.91784620212629
H            1.12519159327870       -2.03421999919617        2.91282042466609
H            3.13936570292774       -3.36339467955159        2.21201687517913
H            4.11990285273942       -1.89458365965042        2.29104971285544
H            3.39601747501157       -2.55046316831824        3.76494049810168
H           -0.24718898060353        1.89729611762864       -1.44465797053744
H            1.14927336009060        2.08625998630900       -0.31992473763913
H           -4.89506026308011        3.41138143810518        0.37700331531873
H           -4.57755060120037        2.57458690079607       -1.17540771966378
H           -5.87445547736328        1.26808727629163        1.26489542959235
H           -6.75067393579910        1.86675915807067       -0.15191719111816
H           -5.62203567984223        0.51794154406661       -0.31525433046236
H           -3.85105870192972       -2.25014168403131        1.05660464523255
H           -3.38872144480745       -1.86405092225838       -0.63384812142385
H           -1.41822355543730       -2.10838101197933        1.68971428893786
H           -1.71618469635202       -3.37000215008743        0.48223506086894
H           -1.00548646727351       -1.82970327574967       -0.00410424966634
41
 energy: -65.047984835562 gnorm: 0.006217889576 xtb: 6.7.1 (edcfbbe)
C            4.42295976671132       -0.61324340326087       -2.63974104724943
C            4.65644502682778       -1.24916185354190       -1.28320438553128
O            3.43229059709926       -1.56687514946595       -0.60456261328144
P            2.49125874640504       -0.49003475297320        0.09387765026928
S            3.41387447500759        1.05200432760671        0.88643991816595
O            1.65950972134819       -1.39798532274173        1.09319302162010
C            1.99995303650357       -1.54870876154447        2.48257703292361
C            3.24183055942988       -2.39447895210195        2.68316136650670
S            1.00108259860043       -0.09788856150779       -1.35195905248070
C            0.32229336719720        1.43005092079296       -0.64110702047034
S           -0.71961620454839        1.17865221053598        0.83041047924584
P           -2.59174093227606        0.79693072172484       -0.08879832213489
S           -2.64680631306190        0.54287393553206       -2.03539824140285
O           -3.40293300330809        2.04494811784943        0.46092104209472
C           -4.67253911359390        2.44851947256395       -0.09491489596824
C           -5.78416924155099        1.46037338768690        0.20041839220402
O           -3.22919501490320       -0.38254225996172        0.77119398179908
C           -3.11317768711842       -1.76354010898013        0.41382801457126
C           -1.71910027893031       -2.30184561543584        0.66542193767605
H            3.75792894852890       -1.22910530231083       -3.23751951830293
H            3.97508941095639        0.37142520889246       -2.52065667999103
H            5.37444959717360       -0.50960440320227       -3.15000216456226
H            5.24484492373784       -0.58144298257821       -0.64556038105900
H            5.15777536107536       -2.21376233284673       -1.37842961555583
H            2.13938951306801       -0.55331459743631        2.91604916029291
H            1.11912202953299       -2.02331732873396        2.91664843345058
H            3.12910837344632       -3.35468260132893        2.18924688262784
H            4.10962751994128       -1.88463424713032        2.26883780607761
H            3.39737035926609       -2.54879570683606        3.74551427551848
H           -0.26200069829851        1.89226051396210       -1.43330493184328
H            1.14559936789117        2.06598385438604       -0.31968584015183
H           -4.86345978027624        3.41430112445394        0.37483883084492
H           -4.55210145550416        2.57292662023705       -1.17548910388883
H           -5.84623050347048        1.26865214863351        1.26725074791234
H           -6.72541719548759        1.87197390819557       -0.14793846127304
H           -5.59800621675599        0.52155728171192       -0.31653020848397
H           -3.85176880593664       -2.26025305066563        1.04467218038831
H           -3.38178888149186       -1.87419095957206       -0.64181621783583
H           -1.41959480639026       -2.10108957826794        1.69027151997792
H           -1.70690235352084       -3.37065529513215        0.48607062734707
H           -1.00467772203649       -1.82688598867664       -0.00541500345999
41
 energy: -65.048186801025 gnorm: 0.005676628041 xtb: 6.7.1 (edcfbbe)
C            4.40378049310892       -0.60981589023739       -2.62945023105931
C            4.64504386465107       -1.24412606142090       -1.27269346051719
O            3.42283108128138       -1.56402048567773       -0.59241448575915
P            2.47683300655002       -0.48675307049197        0.09345707933464
S            3.39290384505178        1.06356937190321        0.87728910420981
O            1.64238602221352       -1.38446529786762        1.09555357527001
C            1.99245910801296       -1.54028523225434        2.48184822624279
C            3.23574246415950       -2.38899085008739        2.66766573675180
S            0.99362190279887       -0.10870521518784       -1.36534920791988
C            0.32558868226037        1.41759276156710       -0.64054776688898
S           -0.71149814020105        1.15995977682650        0.83348700667400
P           -2.58616691562813        0.78590678688221       -0.08544230659548
S           -2.63049955978711        0.53608738439869       -2.03247399060435
O           -3.38456147491630        2.03946429298207        0.46285070569485
C           -4.65004891097048        2.45106393448874       -0.09393314548305
C           -5.76453613585445        1.46511666831861        0.20158972521805
O           -3.23311173023911       -0.39204590651844        0.76623249063351
C           -3.11288676469796       -1.77296157754906        0.40902703021564
C           -1.71641153338867       -2.30558208863341        0.66606604879720
H            3.74026819692960       -1.23071751698970       -3.22559913757750
H            3.94984220772729        0.37273425566901       -2.50840478958453
H            5.35335771466599       -0.49907777934138       -3.14380357717416
H            5.23485773064897       -0.57334469584266       -0.63884428054982
H            5.15343517686133       -2.20510273654558       -1.36851535928928
H            2.13690982023232       -0.54703380411154        2.91959095338893
H            1.11518511473965       -2.01372489135888        2.92471327510565
H            3.11799680855322       -3.34699631339865        2.16833493049180
H            4.10123417875795       -1.87675279043499        2.24925743393835
H            3.40110156466264       -2.55067513941994        3.72851437526049
H           -0.26458760215837        1.88855558771042       -1.42420081430693
H            1.15207146146594        2.05305613821833       -0.32351506993155
H           -4.83869323708230        3.41839302828194        0.37341444201900
H           -4.53018757398217        2.57632420790432       -1.17488963140294
H           -5.82417924829103        1.27094645178094        1.26916249246977
H           -6.70668042941625        1.87963923887083       -0.14382027924060
H           -5.58151045278560        0.52637661663433       -0.31865265031889
H           -3.85284140735779       -2.27536055489077        1.03423151902575
H           -3.37742639996675       -1.88730097887558       -0.64779251224109
H           -1.41999436826280       -2.09966551985250        1.69176114182436
H           -1.69872412439830       -3.37600798069321        0.49086831634456
H           -1.00232734466083       -1.82987948622389       -0.00576331587874
41
 energy: -65.048271627427 gnorm: 0.003983404903 xtb: 6.7.1 (edcfbbe)
C            4.39032785899193       -0.60833212192697       -2.62224881845172
C            4.64032747876830       -1.24219556440039       -1.26727158241745
O            3.42061348501085       -1.56781823219096       -0.58171626673458
P            2.47118998454047       -0.48807379519159        0.09440876815260
S            3.38099588931145        1.06923995479230        0.87094553605729
O            1.63013819709491       -1.37655285969569        1.09841469244571
C            1.98797757413225       -1.53593648847504        2.48413823938714
C            3.23146062256194       -2.38584597010854        2.65832369051174
S            0.99634121465963       -0.10450410963427       -1.36967005881203
C            0.32051537937734        1.41609426216049       -0.64256508280350
S           -0.70692767673842        1.14786254858972        0.83698077658609
P           -2.58059479294587        0.77842376616852       -0.08656675261730
S           -2.62485111931467        0.53007197159506       -2.03374207204999
O           -3.37024838419624        2.03655535449360        0.46251229762936
C           -4.63587756264363        2.45312835720088       -0.09377605861464
C           -5.75227187424747        1.47011559457373        0.20173919826533
O           -3.23365556707374       -0.39783518803917        0.76227763164036
C           -3.11001886332411       -1.78101230362414        0.40574810149347
C           -1.71351001754408       -2.31073997664658        0.66632378906542
H            3.72827049243273       -1.23263684991372       -3.21734679577603
H            3.93145332390700        0.37214829789117       -2.49975639006239
H            5.33756311577964       -0.49137506390036       -3.14094608618389
H            5.22941959033962       -0.56981024932042       -0.63431731265537
H            5.15290020146686       -2.20076732954014       -1.36450922272144
H            2.13407345972018       -0.54337413743341        2.92304874820789
H            1.11273205065051       -2.00922993413255        2.93124356428530
H            3.10985926805641       -3.34193430017588        2.15524077002864
H            4.09567408853283       -1.87258012378317        2.23772072056177
H            3.40360399153917       -2.55354306299988        3.71779819812494
H           -0.27255771831394        1.89067118490379       -1.42222876686444
H            1.14732272111774        2.05264816393531       -0.32722120188359
H           -4.82139026604966        3.42109917347999        0.37383327298202
H           -4.51500074805056        2.58051066018107       -1.17453666603972
H           -5.81036160933719        1.27377429841730        1.26948126488199
H           -6.69499643954595        1.88788123326346       -0.14028607722456
H           -5.57390145516725        0.53146615760430       -0.32111942347058
H           -3.85119007979394       -2.28460877240502        1.02878913582373
H           -3.37359738857070       -1.89603790303621       -0.65130460282859
H           -1.41850439377655       -2.10212846815795        1.69223968506905
H           -1.69426590002712       -3.38238525147567        0.49484546845231
H           -0.99846104004283       -1.83703828451105       -0.00611471485283
41
 energy: -65.048313536163 gnorm: 0.001828000986 xtb: 6.7.1 (edcfbbe)
C            4.38050451455094       -0.60673591223026       -2.61784805508964
C            4.63678887190591       -1.24003307413211       -1.26480764689501
O            3.41892790757266       -1.56845978007785       -0.57364872094783
P            2.46967228844621       -0.48472465794582        0.09671265812254
S            3.38217731931869        1.07071585834899        0.87419240496147
O            1.62152874180604       -1.36767698807126        1.10035842274071
C            1.98535674933562       -1.53303234743806        2.48577721990955
C            3.22806378966462       -2.38376289135405        2.65256043032242
S            0.99945922943835       -0.10437228903846       -1.37315636772534
C            0.32272951427536        1.41520462876957       -0.64501686645212
S           -0.70279525766490        1.13919616044613        0.83378414018735
P           -2.57787154457954        0.77317358221454       -0.08709565621397
S           -2.62340610322675        0.52588109842390       -2.03435383586654
O           -3.36304054998080        2.03443523405321        0.46248571991059
C           -4.62907053946448        2.45459827158988       -0.09370480038431
C           -5.74661793800222        1.47425821990917        0.20120611810333
O           -3.23371898986957       -0.40242206929398        0.76100383065512
C           -3.10704334498101       -1.78728479141328        0.40423905241121
C           -1.71129501195317       -2.31571758888509        0.66626227777183
H            3.71900750061472       -1.23280893910738       -3.21159064609966
H            3.91898932731302        0.37218507837331       -2.49422274622195
H            5.32570465003631       -0.48654434442543       -3.13945207081841
H            5.22544409621620       -0.56739047719164       -0.63204887846703
H            5.14953173163320       -2.19820875054754       -1.36341299349591
H            2.13198974311486       -0.54130358316293        2.92601291279640
H            1.11095717739423       -2.00737344552011        2.93313264518439
H            3.10412646613085       -3.33774115263858        2.14627127316846
H            4.09165270821276       -1.86987491730717        2.23190875502412
H            3.40342767932659       -2.55627939363462        3.71068249751043
H           -0.27304462707062        1.88843588948423       -1.42319192110288
H            1.14742944223477        2.05475074969190       -0.32998098968316
H           -4.81101675402123        3.42244692259266        0.37582745933122
H           -4.50590570012000        2.58351634823792       -1.17397454823273
H           -5.80357789875519        1.27598055578481        1.26858067924726
H           -6.68893590251926        1.89523826595520       -0.13805801639821
H           -5.57211622686033        0.53610637988535       -0.32366572490501
H           -3.84866516969650       -2.29006826534233        1.02725057267312
H           -3.37051308358442       -1.90083443393463       -0.65279950318127
H           -1.41654628790040       -2.10590011254760        1.69185027538676
H           -1.69255623318559       -3.38780564051681        0.49718913633744
H           -0.99515519381809       -1.84437275947188       -0.00644889698724
41
 energy: -65.048326242823 gnorm: 0.001485316105 xtb: 6.7.1 (edcfbbe)
C            4.37274393249122       -0.60575335591305       -2.61474043286907
C            4.63525582606198       -1.23917662930659       -1.26387128382802
O            3.42028702810563       -1.57007592582977       -0.56666187704641
P            2.47094695407432       -0.48270056681202        0.09896569393483
S            3.38725554509698        1.07018967659836        0.87861572679729
O            1.61677249505835       -1.36208522951564        1.10203822397344
C            1.98347063331983       -1.53209675876192        2.48714170281989
C            3.22554543605258       -2.38267383866071        2.65008345889492
S            1.00588938139539       -0.10046923449706       -1.37528490574595
C            0.32361471710057        1.41606438139191       -0.64646553174000
S           -0.70017978090128        1.13727403913681        0.83211327854086
P           -2.57457198325097        0.76991282740386       -0.08849614059954
S           -2.62586573611468        0.52294843682669       -2.03626082304462
O           -3.35921530183424        2.03217634310131        0.46169319472186
C           -4.62553793682310        2.45520502172177       -0.09372554784064
C           -5.74494411733593        1.47791102604640        0.19991401387183
O           -3.23013376995189       -0.40530271688583        0.76099551137879
C           -3.10332058197060       -1.79095034563012        0.40367704071944
C           -1.70890370848963       -2.32052449318015        0.66545592474265
H            3.71044700680875       -1.23243029320844       -3.20616838567263
H            3.90943986447125        0.37160782043502       -2.48864641094573
H            5.31547217678945       -0.48327960792316       -3.13930690127025
H            5.22420640973748       -0.56622625736927       -0.63217449038047
H            5.14677733423407       -2.19755333697845       -1.36490770392633
H            2.12957052914716       -0.54119543808867        2.92874752223285
H            1.10918517576661       -2.00870162262018        2.93188424100727
H            3.10114514547658       -3.33419113323178        2.14029081008555
H            4.08846292524280       -1.86735589161282        2.23072771430090
H            3.40112819658720       -2.55890931934799        3.70698731991159
H           -0.27460528374511        1.88421363481572       -1.42537745512677
H            1.14529938817409        2.05935743194074       -0.33204153102150
H           -4.80379966345727        3.42223158287165        0.37883193631831
H           -4.50098743477863        2.58524622900886       -1.17346955738493
H           -5.80076064589612        1.27727614408607        1.26647958965554
H           -6.68603249146339        1.90251274070301       -0.13681233108968
H           -5.57374290148975        0.54080686286635       -0.32706414334070
H           -3.84498368873805       -2.29138660995689        1.02820720581116
H           -3.36702295592233       -1.90225696448257       -0.65321004380840
H           -1.41342762583853       -2.10985138893095        1.69024817159147
H           -1.69257654051003       -3.39253773186377        0.49797076095798
H           -0.99172686139289       -1.85185486981482       -0.00757394899935
41
 energy: -65.048330170641 gnorm: 0.000643126077 xtb: 6.7.1 (edcfbbe)
C            4.37249150886533       -0.60582164585105       -2.61488875384165
C            4.63594648578569       -1.23987680760784       -1.26414795274185
O            3.42173711619822       -1.57005379661464       -0.56644407409983
P            2.47234808220876       -0.48277283911542        0.09928132754394
S            3.38790250815918        1.07016741199803        0.87929305482576
O            1.61828537310050       -1.36291244381779        1.10174423527013
C            1.98296042638829       -1.53284379436404        2.48677745374409
C            3.22563996243889       -2.38292829717493        2.65106342752367
S            1.00628145074107       -0.10086268229793       -1.37372188705780
C            0.32444584922107        1.41718645851594       -0.64710539749492
S           -0.69976006580212        1.13848264855647        0.83101439588819
P           -2.57492848000723        0.77069830451795       -0.08770259459546
S           -2.62411673561300        0.52347391436360       -2.03515016122085
O           -3.36132226171288        2.03188967707830        0.46236190279072
C           -4.62664909215585        2.45535847991382       -0.09350300959709
C           -5.74639511567107        1.47774551087011        0.19952978016179
O           -3.22902454485543       -0.40513735103895        0.76197522928767
C           -3.10326105810224       -1.79006394342211        0.40397394584447
C           -1.70862412947296       -2.32050176974194        0.66502295122514
H            3.70920095947537       -1.23204623688211       -3.20571955340633
H            3.90966215691333        0.37166534473995       -2.48770363611708
H            5.31473632892744       -0.48348443981940       -3.14024932598436
H            5.22612147519015       -0.56717009721713       -0.63334004725516
H            5.14718800522519       -2.19834456597818       -1.36605595867378
H            2.12848479849738       -0.54227175776800        2.92933681321432
H            1.10846414624217       -2.01009572850812        2.93055664663340
H            3.10252217333869       -3.33420895068498        2.14050074056809
H            4.08866750992315       -1.86673633915096        2.23285684148598
H            3.40001578835374       -2.55941380306293        3.70812134136424
H           -0.27380536651192        1.88439170219583       -1.42668974734758
H            1.14616084842710        2.06039931860460       -0.33275495364578
H           -4.80515197731690        3.42221263701584        0.37908332088804
H           -4.50228568791316        2.58531320406278       -1.17325262569224
H           -5.80247612161569        1.27650604315450        1.26597660404433
H           -6.68716939584630        1.90275518048878       -0.13730458755010
H           -5.57501534485262        0.54092627123075       -0.32796520918235
H           -3.84476852781403       -2.29088553586967        1.02838238426333
H           -3.36697554430200       -1.90133421265434       -0.65293831347976
H           -1.41259343461430       -2.10996872654812        1.68973193170276
H           -1.69263377237495       -3.39244854347850        0.49713445442347
H           -0.99172920577819       -1.85159316010624       -0.00827139712217
41
 energy: -65.048332026365 gnorm: 0.000498530266 xtb: 6.7.1 (edcfbbe)
C            4.37091341304603       -0.60546114544763       -2.61459733840702
C            4.63602325159357       -1.24041239680512       -1.26425088486363
O            3.42283297700148       -1.56944838041747       -0.56517891490709
P            2.47312213519670       -0.48199762698826        0.09997702400095
S            3.38819084384550        1.07076566836386        0.88054736286822
O            1.61919554538057       -1.36307670577840        1.10175612575434
C            1.98193558563803       -1.53384680243141        2.48666044230497
C            3.22550725809823       -2.38315607749500        2.65206673504489
S            1.00709806178508       -0.10157718913360       -1.37388473307309
C            0.32469713584861        1.41678177608104       -0.64713030774333
S           -0.69914590588995        1.14063482842800        0.83190421984184
P           -2.57399007336656        0.77155314003262       -0.08806893317293
S           -2.62409956234755        0.52368153744542       -2.03536902266911
O           -3.36201741760605        2.03141534874592        0.46273421123833
C           -4.62661222254851        2.45557584259292       -0.09309390910112
C           -5.74725914818759        1.47801924897519        0.19891648739728
O           -3.22620955524606       -0.40468485954069        0.76251351165148
C           -3.10235097334974       -1.78913250285482        0.40395632675741
C           -1.70765472609428       -2.32096459679418        0.66416415409357
H            3.70613870790149       -1.23108227143195       -3.20456982891949
H            3.90889204110325        0.37227592638451       -2.48585688027789
H            5.31233300976324       -0.48330748393094       -3.14155492838343
H            5.22841395826477       -0.56849441219599       -0.63464736730767
H            5.14676954369463       -2.19905239038211       -1.36761342212301
H            2.12622596337086       -0.54385797095573        2.93102667457292
H            1.10743274240019       -2.01231521387775        2.92932595241524
H            3.10421052306123       -3.33394790346210        2.13995064081339
H            4.08870423077057       -1.86540171360470        2.23586004525999
H            3.39845133930938       -2.56082432432414        3.70928101229326
H           -0.27328181304632        1.88366892132340       -1.42728892714502
H            1.14662641666801        2.06024161895292       -0.33375375928577
H           -4.80543916125779        3.42228808860477        0.37953712742838
H           -4.50267789001073        2.58595432752724       -1.17286364171453
H           -5.80370544935566        1.27569974935754        1.26522708066581
H           -6.68783691101810        1.90385369133026       -0.13769912021842
H           -5.57620954890340        0.54159203037037       -0.32960261982372
H           -3.84390394310671       -2.29030725712453        1.02810814243607
H           -3.36640877055393       -1.90041157122710       -0.65292139870308
H           -1.41088992494020       -2.11068353552658        1.68882199582646
H           -1.69245385417199       -3.39295650858562        0.49604695652051
H           -0.99099074145238       -1.85220626566824       -0.00962669475857
41
 energy: -65.048332965160 gnorm: 0.000308148191 xtb: 6.7.1 (edcfbbe)
C            4.36892491049888       -0.60497772962061       -2.61379196987273
C            4.63570091803248       -1.24054426893613       -1.26413495076507
O            3.42346703612520       -1.56985258225860       -0.56336628694180
P            2.47320042417433       -0.48211537856079        0.10066503303462
S            3.38738195524049        1.07149245584979        0.88076652630215
O            1.61856210354884       -1.36284877565432        1.10222933451361
C            1.98115450258968       -1.53440614752839        2.48711652037579
C            3.22507851264938       -2.38310767481504        2.65213534765894
S            1.00841032729248       -0.10084455319847       -1.37388437182910
C            0.32546374953537        1.41768081322374       -0.64797922089184
S           -0.69868894597123        1.14114573419584        0.83060953358980
P           -2.57371081145659        0.77102783287288       -0.08788721879334
S           -2.62371199735070        0.52368395798078       -2.03522367676960
O           -3.36155483095872        2.03086855677306        0.46338593650902
C           -4.62574918759074        2.45587949760414       -0.09279536570126
C           -5.74679298557355        1.47868523821527        0.19852229285492
O           -3.22565962809115       -0.40547710381642        0.76269042986234
C           -3.10163816784558       -1.78986985223012        0.40363667403358
C           -1.70700477374145       -2.32185232678180        0.66361233978776
H            3.70340845432916       -1.23028748999446       -3.20325067231670
H            3.90714604174880        0.37274735174862       -2.48411274758229
H            5.30965876947896       -0.48264442505759       -3.14196090950001
H            5.22902290001373       -0.56908843350038       -0.63488839981776
H            5.14608652886315       -2.19926813662900       -1.36853370016198
H            2.12457406240984       -0.54459821004107        2.93219569552854
H            1.10680972167824       -2.01373844246342        2.92916148230837
H            3.10456948798282       -3.33338989339639        2.13890424629310
H            4.08824083239250       -1.86440099993544        2.23707511027813
H            3.39750013191388       -2.56194760316212        3.70922733925216
H           -0.27261754482100        1.88408093139366       -1.42828461710724
H            1.14721301598245        2.06146082175906       -0.33478458808761
H           -4.80433242315425        3.42252963539224        0.38016512013705
H           -4.50128206170189        2.58672064382441       -1.17248323658404
H           -5.80336807142613        1.27570926321884        1.26469796432643
H           -6.68722428386273        1.90517168213405       -0.13777728475142
H           -5.57621179881441        0.54251773912631       -0.33059985852078
H           -3.84329867091100       -2.29118535518289        1.02755422195768
H           -3.36575525663938       -1.90062180565466       -0.65330403200736
H           -1.41002537339216       -2.11175850304585        1.68822476663479
H           -1.69208083351365       -3.39386389655069        0.49551950761094
H           -0.99028964837643       -1.85331792876607       -0.01024271826043
41
 energy: -65.048333364966 gnorm: 0.000161302096 xtb: 6.7.1 (edcfbbe)
C            4.36797011160558       -0.60442702062071       -2.61334852563630
C            4.63532533830357       -1.24050880134793       -1.26419119320936
O            3.42347413762253       -1.56967964638057       -0.56255166853524
P            2.47299910416413       -0.48194550832841        0.10111566168296
S            3.38718536751779        1.07141199845691        0.88169665437355
O            1.61821234594423       -1.36277781415875        1.10243061437303
C            1.98073010300772       -1.53492793304606        2.48737368896686
C            3.22486891891908       -2.38309263466546        2.65242222471150
S            1.00831859134183       -0.10123115735562       -1.37373083538338
C            0.32565318174977        1.41756407183937       -0.64836444451734
S           -0.69808794364178        1.14070471414783        0.83043861990158
P           -2.57338814183015        0.77123388653684       -0.08793960645012
S           -2.62390356528545        0.52415475080812       -2.03524707929284
O           -3.36118950898419        2.03093964808550        0.46373017374521
C           -4.62531422834995        2.45603593451239       -0.09264743596363
C           -5.74632477088291        1.47889384690634        0.19828142173587
O           -3.22524658320351       -0.40554602205091        0.76246629826333
C           -3.10109445883459       -1.78997044671516        0.40310048429187
C           -1.70663628996588       -2.32209005478726        0.66303926412317
H            3.70182232383547       -1.22921116604233       -3.20261583753215
H            3.90681000498519        0.37349312948852       -2.48319249704326
H            5.30843461541917       -0.48247506275720       -3.14203522987651
H            5.22924656236003       -0.56957814100012       -0.63493414276236
H            5.14509180519491       -2.19949160927987       -1.36922767653366
H            2.12346559845228       -0.54517417757253        2.93282132120342
H            1.10647310071617       -2.01488160871567        2.92889715493953
H            3.10503654456757       -3.33307426381860        2.13854200151020
H            4.08806127626351       -1.86381300918583        2.23825031370409
H            3.39674146296953       -2.56261624967480        3.70945847311160
H           -0.27238049969907        1.88395615332141       -1.42867379058026
H            1.14742661250703        2.06128851973465       -0.33508438157270
H           -4.80388543344530        3.42262355814214        0.38052835992403
H           -4.50037297312531        2.58714598100572       -1.17226095375675
H           -5.80304569110213        1.27572734276811        1.26438692664045
H           -6.68668804761018        1.90546749309602       -0.13802244585819
H           -5.57573462855373        0.54284892406254       -0.33097891522744
H           -3.84283054258486       -2.29127483154102        1.02693398628751
H           -3.36526936946817       -1.90036777837809       -0.65387275224105
H           -1.40969401166471       -2.11229409441543        1.68769658534383
H           -1.69187363189516       -3.39406290942458        0.49476958092502
H           -0.98980969603213       -1.85358337311752       -0.01065080119877
41
 energy: -65.048333631368 gnorm: 0.000121856902 xtb: 6.7.1 (edcfbbe)
C            4.36746435720478       -0.60380731394400       -2.61298314855770
C            4.63509294452569       -1.24066570429815       -1.26429377565499
O            3.42350688729122       -1.56966396940916       -0.56213753229686
P            2.47271915282847       -0.48226481381922        0.10143035031454
S            3.38639744595323        1.07136408326791        0.88225897030573
O            1.61816280027227       -1.36341808793887        1.10253143959288
C            1.98026348643269       -1.53567475470862        2.48759771877386
C            3.22477648067945       -2.38316813284578        2.65300311020721
S            1.00809869731641       -0.10164040151915       -1.37354565229700
C            0.32580949085831        1.41724646835824       -0.64830838887783
S           -0.69801864731305        1.14120513287968        0.83061321088218
P           -2.57314563616000        0.77156511199525       -0.08796818993700
S           -2.62405686468257        0.52514922143444       -2.03541486092056
O           -3.36084856107057        2.03109068889284        0.46414892284995
C           -4.62492776836280        2.45617293737864       -0.09241720625235
C           -5.74587742803600        1.47889491684026        0.19805283690488
O           -3.22496415051183       -0.40548133110375        0.76216135521064
C           -3.10080304504251       -1.78981678493945        0.40240910951559
C           -1.70640831117873       -2.32198648332318        0.66231049633150
H            3.70047867061992       -1.22779295679132       -3.20214598339615
H            3.90717792311308        0.37444736796040       -2.48222025951860
H            5.30775239747468       -0.48242298972591       -3.14212359503154
H            5.22962901138169       -0.57032969655974       -0.63497060614677
H            5.14427062892024       -2.19989008573620       -1.37002870756957
H            2.12224474462826       -0.54591504359510        2.93329789295718
H            1.10608141851160       -2.01623938363678        2.92860366141551
H            3.10583951382010       -3.33292890343398        2.13851812782331
H            4.08797577675619       -1.86321690379290        2.23971197840147
H            3.39600611104751       -2.56318730289357        3.71006237101810
H           -0.27217367936009        1.88366258891717       -1.42863021066285
H            1.14772362822580        2.06085348117367       -0.33515665494810
H           -4.80370352810294        3.42267542801573        0.38087344963650
H           -4.49972505169052        2.58748339562923       -1.17197962070895
H           -5.80282317033066        1.27562648399917        1.26412016106221
H           -6.68621827495788        1.90531009604327       -0.13846959519964
H           -5.57496876053811        0.54292318735456       -0.33121266754705
H           -3.84260712734077       -2.29121156607070        1.02608885760120
H           -3.36492208048177       -1.89985879224730       -0.65462040394615
H           -1.40960949035374       -2.11256353812792        1.68708514376185
H           -1.69161748296703       -3.39388916548273        0.49363550370005
H           -0.98947541809207       -1.85324184566497       -0.01107801220940
41
 energy: -65.048333757788 gnorm: 0.000094891880 xtb: 6.7.1 (edcfbbe)
C            4.36716390490199       -0.60325685499498       -2.61263796118019
C            4.63500374597420       -1.24087624521966       -1.26431356884827
O            3.42353302369355       -1.56984412989614       -0.56189660885711
P            2.47259624665604       -0.48268032349546        0.10170672370026
S            3.38598443998642        1.07099638754799        0.88274056532873
O            1.61810681937295       -1.36408803040627        1.10259228276780
C            1.97980161619675       -1.53632264881260        2.48779220357005
C            3.22466335842843       -2.38329704412814        2.65349904605083
S            1.00817071683446       -0.10186596025706       -1.37349306988421
C            0.32604805277552        1.41702957208909       -0.64826328854942
S           -0.69776299740445        1.14118705994762        0.83079444989879
P           -2.57296036144972        0.77195908514777       -0.08787736379195
S           -2.62374414264583        0.52602148666909       -2.03537033643009
O           -3.36071853614207        2.03133050860290        0.46449557067165
C           -4.62478153550819        2.45639062308826       -0.09221459061773
C           -5.74564174924994        1.47886323905525        0.19789228271874
O           -3.22483451898030       -0.40532794967774        0.76189288752825
C           -3.10068151145183       -1.78958052011920        0.40174115589008
C           -1.70629693807522       -2.32183261424770        0.66162984318301
H            3.69948345887287       -1.22654169213949       -3.20178108449459
H            3.90759545688117        0.37527224924061       -2.48124378864684
H            5.30730166504574       -0.48225317641358       -3.14217808934063
H            5.22999873261142       -0.57105713354838       -0.63489366540004
H            5.14384653079251       -2.20020708545967       -1.37069874460365
H            2.12118338425057       -0.54655792813168        2.93364619141088
H            1.10567582127954       -2.01733374802339        2.92842526086094
H            3.10645317629092       -3.33294379336773        2.13860476918578
H            4.08782201402567       -1.86275117918965        2.24081945533629
H            3.39546969616276       -2.56360895477589        3.71059485685560
H           -0.27195848928440        1.88352510468863       -1.42854916685348
H            1.14801769975229        2.06059573602578       -0.33517946375978
H           -4.80375707205941        3.42277600067755        0.38120450426521
H           -4.49942078308549        2.58789567763187       -1.17172810575589
H           -5.80284710748970        1.27546823183349        1.26394013672946
H           -6.68598064560333        1.90512333891338       -0.13887159324756
H           -5.57438714582425        0.54295986291934       -0.33142839872609
H           -3.84254293110072       -2.29117750951631        1.02518864601211
H           -3.36468466708627       -1.89933328562747       -0.65533605941358
H           -1.40963395675469       -2.11280364092064        1.68653610547613
H           -1.69141951523295       -3.39367565737002        0.49251843300385
H           -0.98928786506907       -1.85278241980773       -0.01149082545610
41
 energy: -65.048333829115 gnorm: 0.000077944410 xtb: 6.7.1 (edcfbbe)
C            4.36714780116042       -0.60291184161680       -2.61235731387746
C            4.63504320443594       -1.24104875996526       -1.26426034226879
O            3.42357056561764       -1.57006629377937       -0.56187681072393
P            2.47270502421785       -0.48294999708276        0.10185935704035
S            3.38607718256884        1.07057529749610        0.88319411029986
O            1.61807310515104       -1.36448343569871        1.10252116565405
C            1.97949420632999       -1.53670192755525        2.48780113008047
C            3.22451880051794       -2.38343313013282        2.65372591559623
S            1.00825292745830       -0.10199100651801       -1.37328790960232
C            0.32623294629527        1.41696504402968       -0.64808551376598
S           -0.69775895436467        1.14122387365335        0.83089180328596
P           -2.57289467375388        0.77213689736413       -0.08790736613764
S           -2.62351124292404        0.52653452098199       -2.03544528684350
O           -3.36064052438601        2.03145800026587        0.46462293111945
C           -4.62473245671566        2.45655160826310       -0.09204272766596
C           -5.74555670748099        1.47887135119903        0.19783073945293
O           -3.22482403616849       -0.40524228512992        0.76165050050123
C           -3.10070235476932       -1.78941681638382        0.40124420485055
C           -1.70631832060619       -2.32173415142596        0.66113596380866
H            3.69912915042257       -1.22579552121471       -3.20154611428569
H            3.90795931114986        0.37574362243920       -2.48056082746943
H            5.30722030567281       -0.48207844066135       -3.14204266402894
H            5.23017034450061       -0.57151569486899       -0.63467876982950
H            5.14375158310309       -2.20040435865009       -1.37102028625165
H            2.12061514553091       -0.54694542770412        2.93373927562026
H            1.10538039203330       -2.01790260285044        2.92824895209513
H            3.10662254523952       -3.33305750501445        2.13872138136939
H            4.08764636952807       -1.86265052889260        2.24127541780474
H            3.39515025657363       -2.56379603369087        3.71084075968583
H           -0.27172382034688        1.88350544668628       -1.42838777708701
H            1.14820974095200        2.06049766370625       -0.33495184705822
H           -4.80378842979785        3.42283052898078        0.38154006613807
H           -4.49937063751866        2.58823049955166       -1.17152728849614
H           -5.80292158935419        1.27538435246195        1.26385385481328
H           -6.68587970558686        1.90507383834166       -0.13906324136656
H           -5.57412912681274        0.54302843692800       -0.33155113286371
H           -3.84260908269397       -2.29114050829459        1.02452926509392
H           -3.36460715336701       -1.89896863385261       -0.65587100885226
H           -1.40975629884665       -2.11297724515063        1.68613077637383
H           -1.69140583506841       -3.39352674802972        0.49171661446509
H           -0.98926286660917       -1.85247744965312       -0.01180036008739
