6
 energy: -997.715497013888 gnorm: 0.015325085433 xtb: 6.7.1 (edcfbbe)
C            0.00004909330002        1.81396046430381       -0.00021905150010
C            0.00000593710000        0.49705006692026       -0.00229572730102
Cl           1.44147608753876       -0.45863681540323        0.00025940830011
Cl          -1.44149912643877       -0.45860097740322        0.00026926270012
H           -0.92348818000922        2.36216993504674        0.00541526310240
H            0.92364279350929        2.36215246354673        0.00595584740264
6
 energy: -997.715872048641 gnorm: 0.005409608806 xtb: 6.7.1 (edcfbbe)
C            0.00004984101171        1.81476796705228        0.00484808610345
C            0.00001583177123        0.49203669656133        0.00407062346260
Cl           1.45392775734357       -0.45887806968521       -0.00223065491222
Cl          -1.45393982854481       -0.45881859970986       -0.00244826599004
H           -0.93220547027752        2.36451137812023        0.00247734323125
H            0.93233844803760        2.36447578051288        0.00266787697890
6
 energy: -997.715908496156 gnorm: 0.002530573271 xtb: 6.7.1 (edcfbbe)
C            0.00005062399412        1.81619427206652        0.00136208159234
C            0.00002032552845        0.49206390978736       -0.00426636832233
Cl           1.45849152709441       -0.46041354656895        0.00088820814134
Cl          -1.45849797114263       -0.46034310060126        0.00061997916214
H           -0.93513330110046        2.36531964508116        0.00533407894603
H            0.93525539568785        2.36527396490733        0.00544701985963
6
 energy: -997.715916780291 gnorm: 0.001531279495 xtb: 6.7.1 (edcfbbe)
C            0.00005006207340        1.81700073182823        0.00312849754014
C            0.00002016616414        0.49306986232091        0.00326596886116
Cl           1.45930767656202       -0.46149468532657       -0.00178018498838
Cl          -1.45931398204123       -0.46142365140962       -0.00203494347977
H           -0.93555432114196        2.36549378668992        0.00333565998257
H            0.93567697851066        2.36544910932140        0.00347000932545
6
 energy: -997.715919800509 gnorm: 0.000338845010 xtb: 6.7.1 (edcfbbe)
C            0.00004940036252        1.81711532304423        0.00355966320658
C            0.00001862597664        0.49405170214318        0.00026973255586
Cl           1.45827813118161       -0.46179713212224       -0.00084090964454
Cl          -1.45828528676739       -0.46172981979176       -0.00107504353302
H           -0.93479271972170        2.36524969307344        0.00365273808587
H            0.93491843619461        2.36520538439132        0.00381882405922
6
 energy: -997.715919800509 gnorm: 0.000338845010 xtb: 6.7.1 (edcfbbe)
C            0.00004940036252        1.81711532304423        0.00355966320658
C            0.00001862597664        0.49405170214318        0.00026973255586
Cl           1.45827813118161       -0.46179713212224       -0.00084090964454
Cl          -1.45828528676739       -0.46172981979176       -0.00107504353302
H           -0.93479271972170        2.36524969307344        0.00365273808587
H            0.93491843619461        2.36520538439132        0.00381882405922
