2025-04-03 20:15:15,064 -     censo.parallel     -  DEBUG   - Free cores decreased 2 -> 1.
2025-04-03 20:15:15,069 -     censo.parallel     -  DEBUG   - Free cores decreased 1 -> 0.
2025-04-03 20:15:15,069 -   censo.qm_processor   -  DEBUG   - worker3642747:Running on 1 cores.
2025-04-03 20:15:15,071 -   censo.qm_processor   -  DEBUG   - worker3642748:Running on 1 cores.
2025-04-03 20:15:15,132 -   censo.qm_processor   -   INFO   - worker3642747:Running xtb_gsolv calculation in /srv/scratch/z5358697/.automated/3935/0_PRESCREENING/CONF1/xtb_gsolv.
2025-04-03 20:15:15,184 -   censo.qm_processor   -  DEBUG   - worker3642747:Running ['/srv/scratch/z5358697/.xtb/bin/xtb', 'gas.coord', '--gfn2', '--sp', '--chrg', '0', '--norestart', '--parallel', '1']...
2025-04-03 20:15:15,192 -   censo.qm_processor   -  DEBUG   - worker3642747:Started (PID: 3642756).
2025-04-03 20:15:15,238 -   censo.qm_processor   -  DEBUG   - worker3642747:Done.
2025-04-03 20:15:15,260 -   censo.qm_processor   -  DEBUG   - worker3642747:Running ['/srv/scratch/z5358697/.xtb/bin/xtb', 'solv.coord', '--gfn2', '--sp', '--chrg', '0', '--norestart', '--parallel', '1', '--alpb', 'water', 'reference', '-I', 'xtb_sp-xcontrol-inp']...
2025-04-03 20:15:15,263 -   censo.qm_processor   -  DEBUG   - worker3642747:Started (PID: 3642772).
2025-04-03 20:15:15,302 -   censo.qm_processor   -  DEBUG   - worker3642747:Done.
2025-04-03 20:15:15,304 -     censo.parallel     -  DEBUG   - Free cores increased 0 -> 1.
2025-04-03 20:15:15,671 -   censo.qm_processor   -   INFO   - worker3642748:Running xtb_gsolv calculation in /srv/scratch/z5358697/.automated/3935/0_PRESCREENING/CONF2/xtb_gsolv.
2025-04-03 20:15:15,745 -   censo.qm_processor   -  DEBUG   - worker3642748:Running ['/srv/scratch/z5358697/.xtb/bin/xtb', 'gas.coord', '--gfn2', '--sp', '--chrg', '0', '--norestart', '--parallel', '1']...
2025-04-03 20:15:15,751 -   censo.qm_processor   -  DEBUG   - worker3642748:Started (PID: 3642800).
2025-04-03 20:15:15,797 -   censo.qm_processor   -  DEBUG   - worker3642748:Done.
2025-04-03 20:15:15,819 -   censo.qm_processor   -  DEBUG   - worker3642748:Running ['/srv/scratch/z5358697/.xtb/bin/xtb', 'solv.coord', '--gfn2', '--sp', '--chrg', '0', '--norestart', '--parallel', '1', '--alpb', 'water', 'reference', '-I', 'xtb_sp-xcontrol-inp']...
2025-04-03 20:15:15,822 -   censo.qm_processor   -  DEBUG   - worker3642748:Started (PID: 3642801).
2025-04-03 20:15:15,861 -   censo.qm_processor   -  DEBUG   - worker3642748:Done.
2025-04-03 20:15:15,862 -     censo.parallel     -  DEBUG   - Free cores increased 1 -> 2.
2025-04-03 20:15:15,869 -     censo.parallel     -  DEBUG   - Checking for failed jobs...
2025-04-03 20:15:15,869 -     censo.parallel     -   INFO   - All jobs executed successfully.
2025-04-03 20:15:15,875 -     censo.parallel     -  DEBUG   - Free cores decreased 2 -> 1.
2025-04-03 20:15:15,878 -     censo.parallel     -  DEBUG   - Free cores decreased 1 -> 0.
2025-04-03 20:15:15,880 -   censo.qm_processor   -  DEBUG   - worker3642817:Running on 1 cores.
2025-04-03 20:15:15,880 -   censo.qm_processor   -  DEBUG   - worker3642816:Running on 1 cores.
2025-04-03 20:15:15,885 -   censo.qm_processor   -   INFO   - worker3642816:Running sp calculation in /srv/scratch/z5358697/.automated/3935/0_PRESCREENING/CONF1/sp.
2025-04-03 20:15:15,898 -   censo.qm_processor   -   INFO   - worker3642817:Running sp calculation in /srv/scratch/z5358697/.automated/3935/0_PRESCREENING/CONF2/sp.
2025-04-03 20:15:15,914 -   censo.qm_processor   -  DEBUG   - worker3642817:Running ['/apps/z_install_tree/linux-rocky8-ivybridge/gcc-12.2.0/orca-6.0.0-srtngmq3qlimg2qxbl6avaaiffipurdx/bin/orca', 'sp.inp']...
2025-04-03 20:15:15,920 -   censo.qm_processor   -  DEBUG   - worker3642817:Started (PID: 3642824).
2025-04-03 20:15:16,826 -   censo.qm_processor   -  DEBUG   - worker3642816:Running ['/apps/z_install_tree/linux-rocky8-ivybridge/gcc-12.2.0/orca-6.0.0-srtngmq3qlimg2qxbl6avaaiffipurdx/bin/orca', 'sp.inp']...
2025-04-03 20:15:16,830 -   censo.qm_processor   -  DEBUG   - worker3642816:Started (PID: 3642832).
2025-04-03 20:15:20,721 -   censo.qm_processor   -  DEBUG   - worker3642817:Done.
2025-04-03 20:15:20,727 -     censo.parallel     -  DEBUG   - Free cores increased 0 -> 1.
2025-04-03 20:15:21,296 -   censo.qm_processor   -  DEBUG   - worker3642816:Done.
2025-04-03 20:15:21,300 -     censo.parallel     -  DEBUG   - Free cores increased 1 -> 2.
2025-04-03 20:15:21,308 -     censo.parallel     -  DEBUG   - Checking for failed jobs...
2025-04-03 20:15:21,308 -     censo.parallel     -   INFO   - All jobs executed successfully.
2025-04-03 20:15:21,308 -censo.ensembleopt.prescreening-  DEBUG   - Writing to /srv/scratch/z5358697/.automated/3935/0_PRESCREENING.out.
2025-04-03 20:15:21,349 -     censo.parallel     -  DEBUG   - Free cores decreased 2 -> 1.
2025-04-03 20:15:21,352 -     censo.parallel     -  DEBUG   - Free cores decreased 1 -> 0.
2025-04-03 20:15:21,354 -   censo.qm_processor   -  DEBUG   - worker3642900:Running on 1 cores.
2025-04-03 20:15:21,355 -   censo.qm_processor   -  DEBUG   - worker3642901:Running on 1 cores.
2025-04-03 20:15:21,389 -   censo.qm_processor   -   INFO   - worker3642900:Running gsolv calculation in /srv/scratch/z5358697/.automated/3935/1_SCREENING/CONF1/gsolv.
2025-04-03 20:15:21,429 -   censo.qm_processor   -   INFO   - worker3642901:Running gsolv calculation in /srv/scratch/z5358697/.automated/3935/1_SCREENING/CONF2/gsolv.
2025-04-03 20:15:21,456 -  censo.orca_processor  -  DEBUG   - worker3642901:Copying .gbw file from /srv/scratch/z5358697/.automated/3935/0_PRESCREENING/CONF2/sp/sp.gbw.
2025-04-03 20:15:21,471 -   censo.qm_processor   -  DEBUG   - worker3642901:Running ['/apps/z_install_tree/linux-rocky8-ivybridge/gcc-12.2.0/orca-6.0.0-srtngmq3qlimg2qxbl6avaaiffipurdx/bin/orca', 'sp_gas.inp']...
2025-04-03 20:15:21,476 -   censo.qm_processor   -  DEBUG   - worker3642901:Started (PID: 3642908).
2025-04-03 20:15:21,491 -  censo.orca_processor  -  DEBUG   - worker3642900:Copying .gbw file from /srv/scratch/z5358697/.automated/3935/0_PRESCREENING/CONF1/sp/sp.gbw.
2025-04-03 20:15:21,506 -   censo.qm_processor   -  DEBUG   - worker3642900:Running ['/apps/z_install_tree/linux-rocky8-ivybridge/gcc-12.2.0/orca-6.0.0-srtngmq3qlimg2qxbl6avaaiffipurdx/bin/orca', 'sp_gas.inp']...
2025-04-03 20:15:21,510 -   censo.qm_processor   -  DEBUG   - worker3642900:Started (PID: 3642909).
2025-04-03 20:15:35,558 -   censo.qm_processor   -  DEBUG   - worker3642900:Done.
2025-04-03 20:15:35,574 -  censo.orca_processor  -  DEBUG   - worker3642900:Copying .gbw file from /srv/scratch/z5358697/.automated/3935/0_PRESCREENING/CONF1/sp/sp.gbw.
2025-04-03 20:15:35,593 -   censo.qm_processor   -  DEBUG   - worker3642900:Running ['/apps/z_install_tree/linux-rocky8-ivybridge/gcc-12.2.0/orca-6.0.0-srtngmq3qlimg2qxbl6avaaiffipurdx/bin/orca', 'sp_solv.inp']...
2025-04-03 20:15:35,597 -   censo.qm_processor   -  DEBUG   - worker3642900:Started (PID: 3643117).
2025-04-03 20:15:39,664 -   censo.qm_processor   -  DEBUG   - worker3642901:Done.
2025-04-03 20:15:39,681 -  censo.orca_processor  -  DEBUG   - worker3642901:Copying .gbw file from /srv/scratch/z5358697/.automated/3935/0_PRESCREENING/CONF2/sp/sp.gbw.
2025-04-03 20:15:39,701 -   censo.qm_processor   -  DEBUG   - worker3642901:Running ['/apps/z_install_tree/linux-rocky8-ivybridge/gcc-12.2.0/orca-6.0.0-srtngmq3qlimg2qxbl6avaaiffipurdx/bin/orca', 'sp_solv.inp']...
2025-04-03 20:15:39,704 -   censo.qm_processor   -  DEBUG   - worker3642901:Started (PID: 3643139).
2025-04-03 20:15:52,879 -   censo.qm_processor   -  DEBUG   - worker3642900:Done.
2025-04-03 20:15:52,884 -     censo.parallel     -  DEBUG   - Free cores increased 0 -> 1.
2025-04-03 20:15:57,292 -   censo.qm_processor   -  DEBUG   - worker3642901:Done.
2025-04-03 20:15:57,296 -     censo.parallel     -  DEBUG   - Free cores increased 1 -> 2.
2025-04-03 20:15:57,303 -     censo.parallel     -  DEBUG   - Checking for failed jobs...
2025-04-03 20:15:57,303 -     censo.parallel     -   INFO   - All jobs executed successfully.
2025-04-03 20:15:57,360 -     censo.parallel     -  DEBUG   - Free cores decreased 2 -> 1.
2025-04-03 20:15:57,363 -     censo.parallel     -  DEBUG   - Free cores decreased 1 -> 0.
2025-04-03 20:15:57,365 -   censo.qm_processor   -  DEBUG   - worker3643206:Running on 1 cores.
2025-04-03 20:15:57,366 -   censo.qm_processor   -  DEBUG   - worker3643207:Running on 1 cores.
2025-04-03 20:15:57,426 -   censo.qm_processor   -   INFO   - worker3643207:Running xtb_opt calculation in /srv/scratch/z5358697/.automated/3935/2_OPTIMIZATION/CONF2/xtb_opt.
2025-04-03 20:15:57,485 -  censo.orca_processor  -  DEBUG   - worker3643207:Copying .gbw file from /srv/scratch/z5358697/.automated/3935/1_SCREENING/CONF2/gsolv/sp_solv.gbw.
2025-04-03 20:15:57,517 -   censo.qm_processor   -  DEBUG   - worker3643207:Running ['/srv/scratch/z5358697/.xtb/bin/xtb', 'xtb_opt.coord', '--opt', 'normal', '--orca', '-I', 'xtb_opt-xcontrol-inp']...
2025-04-03 20:15:57,524 -   censo.qm_processor   -  DEBUG   - worker3643207:Started (PID: 3643214).
2025-04-03 20:15:58,125 -   censo.qm_processor   -   INFO   - worker3643206:Running xtb_opt calculation in /srv/scratch/z5358697/.automated/3935/2_OPTIMIZATION/CONF1/xtb_opt.
2025-04-03 20:15:58,187 -  censo.orca_processor  -  DEBUG   - worker3643206:Copying .gbw file from /srv/scratch/z5358697/.automated/3935/1_SCREENING/CONF1/gsolv/sp_solv.gbw.
2025-04-03 20:15:58,215 -   censo.qm_processor   -  DEBUG   - worker3643206:Running ['/srv/scratch/z5358697/.xtb/bin/xtb', 'xtb_opt.coord', '--opt', 'normal', '--orca', '-I', 'xtb_opt-xcontrol-inp']...
2025-04-03 20:15:58,222 -   censo.qm_processor   -  DEBUG   - worker3643206:Started (PID: 3643218).
2025-04-03 20:17:07,004 -   censo.qm_processor   -  DEBUG   - worker3643207:Done.
2025-04-03 20:17:07,014 -     censo.parallel     -  DEBUG   - Free cores increased 0 -> 1.
2025-04-03 20:17:44,775 -   censo.qm_processor   -  DEBUG   - worker3643206:Done.
2025-04-03 20:17:44,788 -     censo.parallel     -  DEBUG   - Free cores increased 1 -> 2.
2025-04-03 20:17:44,795 -     censo.parallel     -  DEBUG   - Checking for failed jobs...
2025-04-03 20:17:44,795 -     censo.parallel     -   INFO   - All jobs executed successfully.
2025-04-03 20:17:44,801 -     censo.parallel     -  DEBUG   - Free cores decreased 2 -> 1.
2025-04-03 20:17:44,804 -     censo.parallel     -  DEBUG   - Free cores decreased 1 -> 0.
2025-04-03 20:17:44,806 -   censo.qm_processor   -  DEBUG   - worker3644041:Running on 1 cores.
2025-04-03 20:17:44,806 -   censo.qm_processor   -  DEBUG   - worker3644040:Running on 1 cores.
2025-04-03 20:17:44,811 -   censo.qm_processor   -   INFO   - worker3644040:Running xtb_rrho calculation in /srv/scratch/z5358697/.automated/3935/2_OPTIMIZATION/CONF1/xtb_rrho.
2025-04-03 20:17:44,813 -   censo.qm_processor   -   INFO   - worker3644041:Running xtb_rrho calculation in /srv/scratch/z5358697/.automated/3935/2_OPTIMIZATION/CONF2/xtb_rrho.
2025-04-03 20:17:44,832 -   censo.qm_processor   -  DEBUG   - worker3644040:Running ['/srv/scratch/z5358697/.xtb/bin/xtb', 'xtb_rrho.coord', '--gfn2', '--bhess', 'vtight', '--chrg', '0', '--enso', '--norestart', '-I', 'rrho-xcontrol-inp', '--parallel', '1', '--alpb', 'water']...
2025-04-03 20:17:44,838 -   censo.qm_processor   -  DEBUG   - worker3644040:Started (PID: 3644048).
2025-04-03 20:17:44,897 -   censo.qm_processor   -  DEBUG   - worker3644041:Running ['/srv/scratch/z5358697/.xtb/bin/xtb', 'xtb_rrho.coord', '--gfn2', '--bhess', 'vtight', '--chrg', '0', '--enso', '--norestart', '-I', 'rrho-xcontrol-inp', '--parallel', '1', '--alpb', 'water']...
2025-04-03 20:17:44,901 -   censo.qm_processor   -  DEBUG   - worker3644041:Started (PID: 3644049).
2025-04-03 20:17:45,159 -   censo.qm_processor   -  DEBUG   - worker3644040:Done.
2025-04-03 20:17:45,162 -     censo.parallel     -  DEBUG   - Free cores increased 0 -> 1.
2025-04-03 20:17:45,217 -   censo.qm_processor   -  DEBUG   - worker3644041:Done.
2025-04-03 20:17:45,221 -     censo.parallel     -  DEBUG   - Free cores increased 1 -> 2.
2025-04-03 20:17:45,227 -     censo.parallel     -  DEBUG   - Checking for failed jobs...
2025-04-03 20:17:45,227 -     censo.parallel     -   INFO   - All jobs executed successfully.
2025-04-03 20:17:45,228 -censo.ensembleopt.optimization-   INFO   - Threshold: 1.50 kcal/mol
2025-04-03 20:17:45,233 -     censo.parallel     -  DEBUG   - Free cores decreased 2 -> 1.
2025-04-03 20:17:45,236 -     censo.parallel     -  DEBUG   - Free cores decreased 1 -> 0.
2025-04-03 20:17:45,237 -   censo.qm_processor   -  DEBUG   - worker3644065:Running on 1 cores.
2025-04-03 20:17:45,238 -   censo.qm_processor   -  DEBUG   - worker3644066:Running on 1 cores.
2025-04-03 20:17:45,238 -   censo.qm_processor   -   INFO   - worker3644065:Running xtb_rrho calculation in /srv/scratch/z5358697/.automated/3935/2_OPTIMIZATION/CONF1/xtb_rrho.
2025-04-03 20:17:45,239 -   censo.qm_processor   -   INFO   - worker3644066:Running xtb_rrho calculation in /srv/scratch/z5358697/.automated/3935/2_OPTIMIZATION/CONF2/xtb_rrho.
2025-04-03 20:17:45,270 -   censo.qm_processor   -  DEBUG   - worker3644066:Running ['/srv/scratch/z5358697/.xtb/bin/xtb', 'xtb_rrho.coord', '--gfn2', '--ohess', 'vtight', '--chrg', '0', '--enso', '--norestart', '-I', 'rrho-xcontrol-inp', '--parallel', '1', '--alpb', 'water']...
2025-04-03 20:17:45,270 -   censo.qm_processor   -  DEBUG   - worker3644065:Running ['/srv/scratch/z5358697/.xtb/bin/xtb', 'xtb_rrho.coord', '--gfn2', '--ohess', 'vtight', '--chrg', '0', '--enso', '--norestart', '-I', 'rrho-xcontrol-inp', '--parallel', '1', '--alpb', 'water']...
2025-04-03 20:17:45,277 -   censo.qm_processor   -  DEBUG   - worker3644066:Started (PID: 3644073).
2025-04-03 20:17:45,277 -   censo.qm_processor   -  DEBUG   - worker3644065:Started (PID: 3644074).
2025-04-03 20:17:45,582 -   censo.qm_processor   -  DEBUG   - worker3644066:Done.
2025-04-03 20:17:45,585 -     censo.parallel     -  DEBUG   - Free cores increased 0 -> 1.
2025-04-03 20:17:45,605 -   censo.qm_processor   -  DEBUG   - worker3644065:Done.
2025-04-03 20:17:45,608 -     censo.parallel     -  DEBUG   - Free cores increased 1 -> 2.
2025-04-03 20:17:45,615 -     censo.parallel     -  DEBUG   - Checking for failed jobs...
2025-04-03 20:17:45,615 -     censo.parallel     -   INFO   - All jobs executed successfully.
2025-04-03 20:17:45,615 -censo.ensembleopt.optimization-  DEBUG   - Writing to /srv/scratch/z5358697/.automated/3935/2_OPTIMIZATION.out.
2025-04-03 20:17:45,627 -censo.ensembleopt.optimization-  DEBUG   - Writing to /srv/scratch/z5358697/.automated/3935/2_OPTIMIZATION.out.
2025-04-03 20:17:45,677 -     censo.parallel     -  DEBUG   - Free cores decreased 2 -> 1.
2025-04-03 20:17:45,680 -     censo.parallel     -  DEBUG   - Free cores decreased 1 -> 0.
2025-04-03 20:17:45,682 -   censo.qm_processor   -  DEBUG   - worker3644092:Running on 1 cores.
2025-04-03 20:17:45,682 -   censo.qm_processor   -  DEBUG   - worker3644091:Running on 1 cores.
2025-04-03 20:17:46,152 -   censo.qm_processor   -   INFO   - worker3644092:Running gsolv calculation in /srv/scratch/z5358697/.automated/3935/3_REFINEMENT/CONF2/gsolv.
2025-04-03 20:17:46,166 -  censo.orca_processor  -  DEBUG   - worker3644092:Copying .gbw file from /srv/scratch/z5358697/.automated/3935/2_OPTIMIZATION/CONF2/xtb_opt/xtb_opt.gbw.
2025-04-03 20:17:46,195 -   censo.qm_processor   -  DEBUG   - worker3644092:Running ['/apps/z_install_tree/linux-rocky8-ivybridge/gcc-12.2.0/orca-6.0.0-srtngmq3qlimg2qxbl6avaaiffipurdx/bin/orca', 'sp_gas.inp']...
2025-04-03 20:17:46,200 -   censo.qm_processor   -  DEBUG   - worker3644092:Started (PID: 3644099).
2025-04-03 20:17:47,144 -   censo.qm_processor   -   INFO   - worker3644091:Running gsolv calculation in /srv/scratch/z5358697/.automated/3935/3_REFINEMENT/CONF1/gsolv.
2025-04-03 20:17:47,159 -  censo.orca_processor  -  DEBUG   - worker3644091:Copying .gbw file from /srv/scratch/z5358697/.automated/3935/2_OPTIMIZATION/CONF1/xtb_opt/xtb_opt.gbw.
2025-04-03 20:17:47,187 -   censo.qm_processor   -  DEBUG   - worker3644091:Running ['/apps/z_install_tree/linux-rocky8-ivybridge/gcc-12.2.0/orca-6.0.0-srtngmq3qlimg2qxbl6avaaiffipurdx/bin/orca', 'sp_gas.inp']...
2025-04-03 20:17:47,193 -   censo.qm_processor   -  DEBUG   - worker3644091:Started (PID: 3644102).
2025-04-03 20:18:36,846 -   censo.qm_processor   -  DEBUG   - worker3644092:Done.
2025-04-03 20:18:36,858 -  censo.orca_processor  -  DEBUG   - worker3644092:Copying .gbw file from /srv/scratch/z5358697/.automated/3935/2_OPTIMIZATION/CONF2/xtb_opt/xtb_opt.gbw.
2025-04-03 20:18:36,896 -   censo.qm_processor   -  DEBUG   - worker3644092:Running ['/apps/z_install_tree/linux-rocky8-ivybridge/gcc-12.2.0/orca-6.0.0-srtngmq3qlimg2qxbl6avaaiffipurdx/bin/orca', 'sp_solv.inp']...
2025-04-03 20:18:36,899 -   censo.qm_processor   -  DEBUG   - worker3644092:Started (PID: 3644285).
2025-04-03 20:18:37,458 -   censo.qm_processor   -  DEBUG   - worker3644091:Done.
2025-04-03 20:18:37,478 -  censo.orca_processor  -  DEBUG   - worker3644091:Copying .gbw file from /srv/scratch/z5358697/.automated/3935/2_OPTIMIZATION/CONF1/xtb_opt/xtb_opt.gbw.
2025-04-03 20:18:37,510 -   censo.qm_processor   -  DEBUG   - worker3644091:Running ['/apps/z_install_tree/linux-rocky8-ivybridge/gcc-12.2.0/orca-6.0.0-srtngmq3qlimg2qxbl6avaaiffipurdx/bin/orca', 'sp_solv.inp']...
2025-04-03 20:18:37,513 -   censo.qm_processor   -  DEBUG   - worker3644091:Started (PID: 3644301).
2025-04-03 20:19:36,366 -   censo.qm_processor   -  DEBUG   - worker3644092:Done.
2025-04-03 20:19:36,372 -     censo.parallel     -  DEBUG   - Free cores increased 0 -> 1.
2025-04-03 20:19:37,426 -   censo.qm_processor   -  DEBUG   - worker3644091:Done.
2025-04-03 20:19:37,431 -     censo.parallel     -  DEBUG   - Free cores increased 1 -> 2.
2025-04-03 20:19:37,438 -     censo.parallel     -  DEBUG   - Checking for failed jobs...
2025-04-03 20:19:37,438 -     censo.parallel     -   INFO   - All jobs executed successfully.
2025-04-03 20:19:37,438 -censo.ensembleopt.refinement-  DEBUG   - Writing to /srv/scratch/z5358697/.automated/3935/3_REFINEMENT.out.
