----------------------------------------------- 
  Element       SASA      Sigma Z        Total  
     Z         Ang**2 cal/Ang**2/mol   kcal/mol 
----------------------------------------------- 
      H         75.959      48.690       3.698
      C         14.913     129.740       1.935
      O         19.040       0.000       0.000

 Subtotal:     109.912                   5.633
 -----------------------------------------------

  Elements    COT*SASA   Sigma Z,Z'     Total   
    Z,Z'       Ang**2  cal/Ang**2/mol kcal/mol  
 ---------------------------------------------- 
  H   C         42.548     -60.770      -2.586
  H   O          9.112       0.000       0.000
  C   C          9.160     -72.950      -0.668
  O   C          0.035      68.690       0.002

 Subtotal:                              -3.251
 ---------------------------------------------- 

 NONAQUEOUS SOLVENT CONTRIBUTION (kcal/mol):
 (proportional to SASA, atomic number independent)
 ---------------------------------------------- 
 Subtotal:                               0.000
 ---------------------------------------------- 

 CDS TOTAL (kcal/mol):                   2.382
...............................................................................
