----------------------------------------------- 
  Element       SASA      Sigma Z        Total  
     Z         Ang**2 cal/Ang**2/mol   kcal/mol 
----------------------------------------------- 
      H        110.270      48.690       5.369
      C         19.571     129.740       2.539
      N          7.599       0.000       0.000
      O         14.127       0.000       0.000

 Subtotal:     151.567                   7.908
 -----------------------------------------------

  Elements    COT*SASA   Sigma Z,Z'     Total   
    Z,Z'       Ang**2  cal/Ang**2/mol kcal/mol  
 ---------------------------------------------- 
  H   C         65.279     -60.770      -3.967
  H   O          0.000       0.000       0.000
  C   C         11.976     -72.950      -0.874
  O   C          0.019      68.690       0.001
  C   N          3.858       0.000       0.000
  N   C         60.466     -48.220      -2.916
  N  C(3)        0.000      84.100       0.000
  O   N          0.000     121.980       0.000

 Subtotal:                              -7.755
 ---------------------------------------------- 

 NONAQUEOUS SOLVENT CONTRIBUTION (kcal/mol):
 (proportional to SASA, atomic number independent)
 ---------------------------------------------- 
 Subtotal:                               0.000
 ---------------------------------------------- 

 CDS TOTAL (kcal/mol):                   0.153
...............................................................................
