----------------------------------------------- 
  Element       SASA      Sigma Z        Total  
     Z         Ang**2 cal/Ang**2/mol   kcal/mol 
----------------------------------------------- 
      H        240.626      48.690      11.716
      C         56.977     129.740       7.392
      O         34.739       0.000       0.000
      P          2.502       0.000       0.000
      S        106.822      -9.100      -0.972

 Subtotal:     441.666                  18.136
 -----------------------------------------------

  Elements    COT*SASA   Sigma Z,Z'     Total   
    Z,Z'       Ang**2  cal/Ang**2/mol kcal/mol  
 ---------------------------------------------- 
  H   C        161.830     -60.770      -9.834
  H   O          0.000       0.000       0.000
  C   C         33.098     -72.950      -2.414
  O   C          0.000      68.690       0.000
  O   O          0.000       0.000       0.000
  O   P         23.793      68.850       1.638

 Subtotal:                             -10.611
 ---------------------------------------------- 

 NONAQUEOUS SOLVENT CONTRIBUTION (kcal/mol):
 (proportional to SASA, atomic number independent)
 ---------------------------------------------- 
 Subtotal:                               0.000
 ---------------------------------------------- 

 CDS TOTAL (kcal/mol):                   7.525
...............................................................................
