41
 energy: -2932.485483607080 gnorm: 0.002198265482 xtb: 6.7.1 (edcfbbe)
C            5.51116846984135       -2.16234557487499       -0.50095786023739
C            4.48965799501333       -1.20548081439665       -1.05862212401906
O            3.54737041719738       -0.89951050796739        0.02825199594489
P            2.49033258583124        0.30812126835647       -0.08548368705108
S            3.14625720156177        2.07804974077049       -0.54693046966836
O            1.83617721812554        0.29287984337972        1.37518858041472
C            1.32484430952947       -0.94202546951200        2.00166315581865
C            2.29467134626239       -1.42577060084482        3.04980991644051
S            1.10050487792060       -0.53699775910080       -1.46027610674211
C            0.13896035572360        0.94794843086627       -1.93680307119960
S           -0.92244809943606        1.71295790791904       -0.64772743864235
P           -2.41810793469361        0.21946769650013       -0.45490475958997
S           -3.06601440439161       -0.60033296403072       -2.09478276013871
O           -3.58755484665001        1.00907606750272        0.31681516574862
C           -3.36252368953646        1.61614967151337        1.64444947955443
C           -4.70315889784279        1.71791640704697        2.32580376876668
O           -1.73086061018475       -0.76255071187961        0.61852583392941
C           -2.22429404600767       -2.12868499784731        0.85244899528660
C           -3.52231332881429       -2.13653801509520        1.62278975161179
H            6.21711933190948       -2.42898124481706       -1.29290277413658
H            6.06909691202315       -1.70282068934255        0.31979337615383
H            5.03436326751238       -3.07840494260320       -0.14116539385344
H            3.92404918133779       -1.64784676323778       -1.88460494838441
H            4.94787128126225       -0.26902015891875       -1.39249622758437
H            0.36825062287949       -0.64938144755444        2.43924792504986
H            1.14266210649751       -1.69380583399664        1.22784965782766
H            1.85830820461465       -2.29104052821051        3.55878388586651
H            3.24542562466038       -1.72961296287047        2.60493639814680
H            2.48013595025684       -0.64787342811175        3.79537923089819
H           -0.48085280298263        0.64017458528307       -2.78379506260899
H            0.82359246584822        1.73957728104656       -2.25321590599327
H           -2.66766200799238        0.98745311685534        2.20994091611761
H           -2.91581175611291        2.60325632361017        1.48438514458044
H           -5.14497233947229        0.72713602257327        2.47025053370699
H           -4.56478735628476        2.18281448498178        3.30747211559243
H           -5.39413944605643        2.33628782148429        1.74536763716992
H           -2.31682381283773       -2.63025876873082       -0.11555443044723
H           -1.41559034159844       -2.59490199501196        1.42050284921910
H           -3.77830219318459       -3.17408165683012        1.86104228507081
H           -3.42417347240977       -1.58417855868852        2.56094897042057
H           -4.34378049819514       -1.71094943577583        1.03798928765201
41
 energy: -2932.485493913410 gnorm: 0.001034603454 xtb: 6.7.1 (edcfbbe)
C            5.51074802087930       -2.16210673913755       -0.50158461115476
C            4.48969788960646       -1.20500117406133       -1.05856689768264
O            3.54708199031649       -0.90028312223904        0.02831134962673
P            2.49051113583084        0.30764936673877       -0.08543342788173
S            3.14700636468024        2.07825435573696       -0.54565070872386
O            1.83626065937479        0.29265791019683        1.37517534910344
C            1.32390484849686       -0.94230163170882        2.00160102978280
C            2.29445821485121       -1.42579961186041        3.04919890568973
S            1.10429404101385       -0.53726737608348       -1.46213089816443
C            0.14133559113056        0.94776721313002       -1.93774184378696
S           -0.92600877278483        1.71325412263698       -0.65367838294876
P           -2.41878884476369        0.21902870382971       -0.45262379135385
S           -3.06456833112534       -0.59732041886417       -2.09529511951865
O           -3.58911403172127        1.00793133284852        0.31821877443695
C           -3.36325985720742        1.61600156207651        1.64511624552434
C           -4.70343303517322        1.71753383870210        2.32536105491228
O           -1.73160784348253       -0.76309627913886        0.62070980603870
C           -2.22398642898939       -2.12926964439931        0.85420494899790
C           -3.52212161475853       -2.13623894775735        1.62398154758992
H            6.21690855054136       -2.42712014155271       -1.29421495409842
H            6.06806299068185       -1.70341529753861        0.31990796594962
H            5.03352107197034       -3.07875313013774       -0.14369379531374
H            3.92529234163200       -1.64708264077378       -1.88535899955900
H            4.94806477442609       -0.26833096706501       -1.39116228094604
H            0.36745416633049       -0.65020582148929        2.44015173578178
H            1.14046911067219       -1.69517966558328        1.22895525799804
H            1.85789534179026       -2.29178815088788        3.55740192758838
H            3.24534360348749       -1.72933711131415        2.60405605437347
H            2.47981455734174       -0.64838820672093        3.79575167466488
H           -0.47797385867717        0.64025129071159       -2.78551809151504
H            0.82626294880019        1.73984937708393       -2.25379026683415
H           -2.66928189493617        0.98838970804663        2.21162039540485
H           -2.91716924904242        2.60285155022259        1.48461772439949
H           -5.14400942528580        0.72700639829666        2.47120161244333
H           -4.56587715842472        2.18382837666150        3.30599546381385
H           -5.39324094974700        2.33486449052220        1.74313685993742
H           -2.31554705688154       -2.63032446072262       -0.11436030498818
H           -1.41589737985596       -2.59554130851923        1.42245094691132
H           -3.77956646213848       -3.17379161881494        1.86120489903324
H           -3.42387433715280       -1.58375242285259        2.56279385696546
H           -4.34240279980638       -1.70955581475812        1.03891580603323
41
 energy: -2932.485497872327 gnorm: 0.001084024135 xtb: 6.7.1 (edcfbbe)
C            5.51071173809324       -2.16208899487782       -0.50264605665267
C            4.49016201381407       -1.20426723967154       -1.05839154415863
O            3.54714975676339       -0.90128644327289        0.02857148540329
P            2.49091390686590        0.30691753695555       -0.08528017144868
S            3.14842391994123        2.07785202610449       -0.54369200610608
O            1.83612524100992        0.29214010384590        1.37508058212946
C            1.32304008174827       -0.94277058091062        2.00168335266273
C            2.29397782027141       -1.42655247326028        3.04876764498517
S            1.10358677756709       -0.53613483485707       -1.46111551236494
C            0.13911992869591        0.94823190624091       -1.93682223307891
S           -0.92516799417388        1.71378499312192       -0.64987389502818
P           -2.41753028110172        0.21873078798059       -0.45417554434267
S           -3.06741974818219       -0.60182719861903       -2.09364767320959
O           -3.58803241629587        1.00730925515848        0.31677233132736
C           -3.36305772206148        1.61545134367873        1.64401756500642
C           -4.70310621684474        1.71699191519792        2.32320966281393
O           -1.73070531408544       -0.76241205712512        0.62003991486951
C           -2.22303513707881       -2.12813316634173        0.85548797254877
C           -3.52117363911034       -2.13484577816325        1.62507866539650
H            6.21726172156006       -2.42500294361643       -1.29584646332424
H            6.06730626906448       -1.70499877463076        0.32010341287057
H            5.03312145977196       -3.07961253298777       -0.14740335243388
H            3.92646951585822       -1.64535421325552       -1.88611192697116
H            4.94847897271532       -0.26705108985440       -1.38917700173159
H            0.36677213318072       -0.65063821231746        2.44083012422691
H            1.13858326377940       -1.69607453653147        1.22955206996995
H            1.85755102786198       -2.29350241229133        3.55589208251293
H            3.24505173128633       -1.72927410114990        2.60326373095958
H            2.47898849011331       -0.64985297990062        3.79642842937930
H           -0.47968341217551        0.64108010709529       -2.78538004888852
H            0.82509254654818        1.74022807855831       -2.25204577079394
H           -2.66992668746509        0.98851248649674        2.21140048449783
H           -2.91739338770122        2.60214572948917        1.48366555818452
H           -5.14254483340384        0.72665650390887        2.47094152197405
H           -4.56687576217723        2.18516413244407        3.30284640785464
H           -5.39241996103957        2.33277679938612        1.73926252127868
H           -2.31424346495180       -2.63031415931250       -0.11266800359624
H           -1.41545799125120       -2.59425897952866        1.42416184910005
H           -3.78018820466177       -3.17228568367475        1.86158338386840
H           -3.42259745410118       -1.58256567403769        2.56445744355757
H           -4.34064969840149       -1.70698627788871        1.04017569553715
41
 energy: -2932.485502306685 gnorm: 0.000563707754 xtb: 6.7.1 (edcfbbe)
C            5.51047766085940       -2.16197935224782       -0.50379217917858
C            4.49015801067531       -1.20318430099744       -1.05844934466444
O            3.54621772657471       -0.90160940097449        0.02823762693465
P            2.49002935424100        0.30679347124049       -0.08507667263893
S            3.14833116230796        2.07729414643078       -0.54330992449481
O            1.83517502478043        0.29174183531098        1.37528825380787
C            1.32248818557418       -0.94320131845012        2.00200486733545
C            2.29340966139712       -1.42778176880506        3.04868986753783
S            1.10296936589919       -0.53730337746245       -1.46140724304149
C            0.14091003177258        0.94867468911130       -1.93741032628085
S           -0.92437588472234        1.71174266461776       -0.64998357290211
P           -2.41803545853408        0.21795918762008       -0.45384284864691
S           -3.06530244330071       -0.60278810598937       -2.09404526620791
O           -3.58856321614477        1.00657847320697        0.31702214013473
C           -3.36349675471538        1.61546353886743        1.64388009562987
C           -4.70391790891133        1.71718586266339        2.32243469497086
O           -1.73033598555620       -0.76222276256936        0.62051332788701
C           -2.22229785648646       -2.12778355805282        0.85695068980408
C           -3.52059623505849       -2.13392302144694        1.62630763177668
H            6.21769361769896       -2.42333549716818       -1.29685911492045
H            6.06654213675220       -1.70664405783696        0.32029035741617
H            5.03295860470939       -3.08036078824300       -0.15073988180886
H            3.92672208838530       -1.64289327017019       -1.88712178186321
H            4.94861325995466       -0.26541682809022       -1.38755562873166
H            0.36641613736106       -0.65049680551500        2.44119466806098
H            1.13776099953278       -1.69575891362171        1.22923217282828
H            1.85756449751201       -2.29547202122754        3.55495238637626
H            3.24460327824270       -1.72947871542035        2.60284143358998
H            2.47803240297481       -0.65176510651392        3.79704052863247
H           -0.47767142357755        0.64176539738898       -2.78608945440557
H            0.82675205385873        1.74103876842316       -2.25162324154011
H           -2.66999313215868        0.98842860750048        2.21096272915584
H           -2.91765914365595        2.60203605245341        1.48267218575491
H           -5.14269049761134        0.72664673278076        2.47160628575358
H           -4.56844017969027        2.18720885203268        3.30139279360857
H           -5.39376521606750        2.33131140837172        1.73722483292685
H           -2.31357339178975       -2.63095068422619       -0.11067569716104
H           -1.41449954400407       -2.59322473165834        1.42602654167178
H           -3.78044237764220       -3.17116240851527        1.86253334381004
H           -3.42168468114670       -1.58217917572192        2.56582344671217
H           -4.33978645056117       -1.70506528752275        1.04159846719800
41
 energy: -2932.485502306685 gnorm: 0.000563707754 xtb: 6.7.1 (edcfbbe)
C            5.51047766085940       -2.16197935224782       -0.50379217917858
C            4.49015801067531       -1.20318430099744       -1.05844934466444
O            3.54621772657471       -0.90160940097449        0.02823762693465
P            2.49002935424100        0.30679347124049       -0.08507667263893
S            3.14833116230796        2.07729414643078       -0.54330992449481
O            1.83517502478043        0.29174183531098        1.37528825380787
C            1.32248818557418       -0.94320131845012        2.00200486733545
C            2.29340966139712       -1.42778176880506        3.04868986753783
S            1.10296936589919       -0.53730337746245       -1.46140724304149
C            0.14091003177258        0.94867468911130       -1.93741032628085
S           -0.92437588472234        1.71174266461776       -0.64998357290211
P           -2.41803545853408        0.21795918762008       -0.45384284864691
S           -3.06530244330071       -0.60278810598937       -2.09404526620791
O           -3.58856321614477        1.00657847320697        0.31702214013473
C           -3.36349675471538        1.61546353886743        1.64388009562987
C           -4.70391790891133        1.71718586266339        2.32243469497086
O           -1.73033598555620       -0.76222276256936        0.62051332788701
C           -2.22229785648646       -2.12778355805282        0.85695068980408
C           -3.52059623505849       -2.13392302144694        1.62630763177668
H            6.21769361769896       -2.42333549716818       -1.29685911492045
H            6.06654213675220       -1.70664405783696        0.32029035741617
H            5.03295860470939       -3.08036078824300       -0.15073988180886
H            3.92672208838530       -1.64289327017019       -1.88712178186321
H            4.94861325995466       -0.26541682809022       -1.38755562873166
H            0.36641613736106       -0.65049680551500        2.44119466806098
H            1.13776099953278       -1.69575891362171        1.22923217282828
H            1.85756449751201       -2.29547202122754        3.55495238637626
H            3.24460327824270       -1.72947871542035        2.60284143358998
H            2.47803240297481       -0.65176510651392        3.79704052863247
H           -0.47767142357755        0.64176539738898       -2.78608945440557
H            0.82675205385873        1.74103876842316       -2.25162324154011
H           -2.66999313215868        0.98842860750048        2.21096272915584
H           -2.91765914365595        2.60203605245341        1.48267218575491
H           -5.14269049761134        0.72664673278076        2.47160628575358
H           -4.56844017969027        2.18720885203268        3.30139279360857
H           -5.39376521606750        2.33131140837172        1.73722483292685
H           -2.31357339178975       -2.63095068422619       -0.11067569716104
H           -1.41449954400407       -2.59322473165834        1.42602654167178
H           -3.78044237764220       -3.17116240851527        1.86253334381004
H           -3.42168468114670       -1.58217917572192        2.56582344671217
H           -4.33978645056117       -1.70506528752275        1.04159846719800
