----------------------------------------------- 
  Element       SASA      Sigma Z        Total  
     Z         Ang**2 cal/Ang**2/mol   kcal/mol 
----------------------------------------------- 
      H        242.663      48.690      11.815
      C         55.509     129.740       7.202
      O         28.827       0.000       0.000
      P          1.361       0.000       0.000
      S        111.300      -9.100      -1.013

 Subtotal:     439.659                  18.004
 -----------------------------------------------

  Elements    COT*SASA   Sigma Z,Z'     Total   
    Z,Z'       Ang**2  cal/Ang**2/mol kcal/mol  
 ---------------------------------------------- 
  H   C        163.206     -60.770      -9.918
  H   O          0.000       0.000       0.000
  C   C         32.185     -72.950      -2.348
  O   C          0.000      68.690       0.000
  O   O          0.000       0.000       0.000
  O   P         19.738      68.850       1.359

 Subtotal:                             -10.907
 ---------------------------------------------- 

 NONAQUEOUS SOLVENT CONTRIBUTION (kcal/mol):
 (proportional to SASA, atomic number independent)
 ---------------------------------------------- 
 Subtotal:                               0.000
 ---------------------------------------------- 

 CDS TOTAL (kcal/mol):                   7.097
...............................................................................
