----------------------------------------------- 
  Element       SASA      Sigma Z        Total  
     Z         Ang**2 cal/Ang**2/mol   kcal/mol 
----------------------------------------------- 
      H        236.040      48.690      11.493
      C         57.281     129.740       7.432
      O         26.939       0.000       0.000
      P          1.301       0.000       0.000
      S         92.795      -9.100      -0.844

 Subtotal:     414.357                  18.080
 -----------------------------------------------

  Elements    COT*SASA   Sigma Z,Z'     Total   
    Z,Z'       Ang**2  cal/Ang**2/mol kcal/mol  
 ---------------------------------------------- 
  H   C        159.145     -60.770      -9.671
  H   O          0.000       0.000       0.000
  C   C         32.710     -72.950      -2.386
  O   C          0.000      68.690       0.000
  O   O          0.000       0.000       0.000
  O   P         18.652      68.850       1.284

 Subtotal:                             -10.773
 ---------------------------------------------- 

 NONAQUEOUS SOLVENT CONTRIBUTION (kcal/mol):
 (proportional to SASA, atomic number independent)
 ---------------------------------------------- 
 Subtotal:                               0.000
 ---------------------------------------------- 

 CDS TOTAL (kcal/mol):                   7.307
...............................................................................
