----------------------------------------------- 
  Element       SASA      Sigma Z        Total  
     Z         Ang**2 cal/Ang**2/mol   kcal/mol 
----------------------------------------------- 
      H        210.798      48.690      10.264
      C         59.804     129.740       7.759
      O         60.192       0.000       0.000
      P          1.046       0.000       0.000
      S         51.993      -9.100      -0.473

 Subtotal:     383.833                  17.550
 -----------------------------------------------

  Elements    COT*SASA   Sigma Z,Z'     Total   
    Z,Z'       Ang**2  cal/Ang**2/mol kcal/mol  
 ---------------------------------------------- 
  H   C        142.105     -60.770      -8.636
  H   O          0.000       0.000       0.000
  C   C         27.195     -72.950      -1.984
  O   C         24.485      68.690       1.682
  O   O          0.000       0.000       0.000
  O   P         12.219      68.850       0.841

 Subtotal:                              -8.096
 ---------------------------------------------- 

 NONAQUEOUS SOLVENT CONTRIBUTION (kcal/mol):
 (proportional to SASA, atomic number independent)
 ---------------------------------------------- 
 Subtotal:                               0.000
 ---------------------------------------------- 

 CDS TOTAL (kcal/mol):                   9.453
...............................................................................
