----------------------------------------------- 
  Element       SASA      Sigma Z        Total  
     Z         Ang**2 cal/Ang**2/mol   kcal/mol 
----------------------------------------------- 
      H         11.977      48.690       0.583
      C          1.814     129.740       0.235
      F         65.063      38.180       2.484
      Cl        36.336       9.820       0.357
      Br        42.212      -8.720      -0.368

 Subtotal:     157.401                   3.291
 -----------------------------------------------

  Elements    COT*SASA   Sigma Z,Z'     Total   
    Z,Z'       Ang**2  cal/Ang**2/mol kcal/mol  
 ---------------------------------------------- 
  H   C          8.066     -60.770      -0.490
  C   C          1.106     -72.950      -0.081

 Subtotal:                              -0.571
 ---------------------------------------------- 

 NONAQUEOUS SOLVENT CONTRIBUTION (kcal/mol):
 (proportional to SASA, atomic number independent)
 ---------------------------------------------- 
 Subtotal:                               0.000
 ---------------------------------------------- 

 CDS TOTAL (kcal/mol):                   2.720
...............................................................................
