----------------------------------------------- 
  Element       SASA      Sigma Z        Total  
     Z         Ang**2 cal/Ang**2/mol   kcal/mol 
----------------------------------------------- 
      H         48.279      48.690       2.351
      C         91.299     129.740      11.845
      O         21.694       0.000       0.000
      Cl       145.170       9.820       1.426

 Subtotal:     306.442                  15.621
 -----------------------------------------------

  Elements    COT*SASA   Sigma Z,Z'     Total   
    Z,Z'       Ang**2  cal/Ang**2/mol kcal/mol  
 ---------------------------------------------- 
  H   C         32.638     -60.770      -1.983
  H   O          0.000       0.000       0.000
  C   C        122.406     -72.950      -8.930
  O   C          5.506      68.690       0.378
  O   O          0.000       0.000       0.000

 Subtotal:                             -10.535
 ---------------------------------------------- 

 NONAQUEOUS SOLVENT CONTRIBUTION (kcal/mol):
 (proportional to SASA, atomic number independent)
 ---------------------------------------------- 
 Subtotal:                               0.000
 ---------------------------------------------- 

 CDS TOTAL (kcal/mol):                   5.087
...............................................................................
