2025-04-03 20:22:30,548 -     censo.parallel     -  DEBUG   - Free cores decreased 1 -> 0.
2025-04-03 20:22:30,552 -   censo.qm_processor   -  DEBUG   - worker1027172:Running on 1 cores.
2025-04-03 20:22:30,568 -   censo.qm_processor   -   INFO   - worker1027172:Running xtb_gsolv calculation in /srv/scratch/z5358697/.automated/3947/0_PRESCREENING/CONF1/xtb_gsolv.
2025-04-03 20:22:30,664 -   censo.qm_processor   -  DEBUG   - worker1027172:Running ['/srv/scratch/z5358697/.xtb/bin/xtb', 'gas.coord', '--gfn2', '--sp', '--chrg', '0', '--norestart', '--parallel', '1']...
2025-04-03 20:22:30,673 -   censo.qm_processor   -  DEBUG   - worker1027172:Started (PID: 1027250).
2025-04-03 20:22:30,706 -   censo.qm_processor   -  DEBUG   - worker1027172:Done.
2025-04-03 20:22:30,730 -   censo.qm_processor   -  DEBUG   - worker1027172:Running ['/srv/scratch/z5358697/.xtb/bin/xtb', 'solv.coord', '--gfn2', '--sp', '--chrg', '0', '--norestart', '--parallel', '1', '--alpb', 'water', 'reference', '-I', 'xtb_sp-xcontrol-inp']...
2025-04-03 20:22:30,734 -   censo.qm_processor   -  DEBUG   - worker1027172:Started (PID: 1027253).
2025-04-03 20:22:30,773 -   censo.qm_processor   -  DEBUG   - worker1027172:Done.
2025-04-03 20:22:30,775 -     censo.parallel     -  DEBUG   - Free cores increased 0 -> 1.
2025-04-03 20:22:30,781 -     censo.parallel     -  DEBUG   - Checking for failed jobs...
2025-04-03 20:22:30,781 -     censo.parallel     -   INFO   - All jobs executed successfully.
2025-04-03 20:22:30,787 -     censo.parallel     -  DEBUG   - Free cores decreased 1 -> 0.
2025-04-03 20:22:30,791 -   censo.qm_processor   -  DEBUG   - worker1027269:Running on 1 cores.
2025-04-03 20:22:30,795 -   censo.qm_processor   -   INFO   - worker1027269:Running sp calculation in /srv/scratch/z5358697/.automated/3947/0_PRESCREENING/CONF1/sp.
2025-04-03 20:22:30,878 -   censo.qm_processor   -  DEBUG   - worker1027269:Running ['/apps/z_install_tree/linux-rocky8-ivybridge/gcc-12.2.0/orca-6.0.0-srtngmq3qlimg2qxbl6avaaiffipurdx/bin/orca', 'sp.inp']...
2025-04-03 20:22:30,883 -   censo.qm_processor   -  DEBUG   - worker1027269:Started (PID: 1027277).
2025-04-03 20:22:35,808 -   censo.qm_processor   -  DEBUG   - worker1027269:Done.
2025-04-03 20:22:35,813 -     censo.parallel     -  DEBUG   - Free cores increased 0 -> 1.
2025-04-03 20:22:35,821 -     censo.parallel     -  DEBUG   - Checking for failed jobs...
2025-04-03 20:22:35,821 -     censo.parallel     -   INFO   - All jobs executed successfully.
2025-04-03 20:22:35,821 -censo.ensembleopt.prescreening-  DEBUG   - Writing to /srv/scratch/z5358697/.automated/3947/0_PRESCREENING.out.
2025-04-03 20:22:35,881 -     censo.parallel     -  DEBUG   - Free cores decreased 1 -> 0.
2025-04-03 20:22:35,885 -   censo.qm_processor   -  DEBUG   - worker1027512:Running on 1 cores.
2025-04-03 20:22:36,085 -   censo.qm_processor   -   INFO   - worker1027512:Running gsolv calculation in /srv/scratch/z5358697/.automated/3947/1_SCREENING/CONF1/gsolv.
2025-04-03 20:22:36,168 -  censo.orca_processor  -  DEBUG   - worker1027512:Copying .gbw file from /srv/scratch/z5358697/.automated/3947/0_PRESCREENING/CONF1/sp/sp.gbw.
2025-04-03 20:22:36,182 -   censo.qm_processor   -  DEBUG   - worker1027512:Running ['/apps/z_install_tree/linux-rocky8-ivybridge/gcc-12.2.0/orca-6.0.0-srtngmq3qlimg2qxbl6avaaiffipurdx/bin/orca', 'sp_gas.inp']...
2025-04-03 20:22:36,187 -   censo.qm_processor   -  DEBUG   - worker1027512:Started (PID: 1027533).
2025-04-03 20:22:53,657 -   censo.qm_processor   -  DEBUG   - worker1027512:Done.
2025-04-03 20:22:53,677 -  censo.orca_processor  -  DEBUG   - worker1027512:Copying .gbw file from /srv/scratch/z5358697/.automated/3947/0_PRESCREENING/CONF1/sp/sp.gbw.
2025-04-03 20:22:53,699 -   censo.qm_processor   -  DEBUG   - worker1027512:Running ['/apps/z_install_tree/linux-rocky8-ivybridge/gcc-12.2.0/orca-6.0.0-srtngmq3qlimg2qxbl6avaaiffipurdx/bin/orca', 'sp_solv.inp']...
2025-04-03 20:22:53,707 -   censo.qm_processor   -  DEBUG   - worker1027512:Started (PID: 1028839).
2025-04-03 20:23:08,088 -   censo.qm_processor   -  DEBUG   - worker1027512:Done.
2025-04-03 20:23:08,093 -     censo.parallel     -  DEBUG   - Free cores increased 0 -> 1.
2025-04-03 20:23:08,099 -     censo.parallel     -  DEBUG   - Checking for failed jobs...
2025-04-03 20:23:08,099 -     censo.parallel     -   INFO   - All jobs executed successfully.
2025-04-03 20:23:08,145 -     censo.parallel     -  DEBUG   - Free cores decreased 1 -> 0.
2025-04-03 20:23:08,149 -   censo.qm_processor   -  DEBUG   - worker1029756:Running on 1 cores.
2025-04-03 20:23:08,197 -   censo.qm_processor   -   INFO   - worker1029756:Running xtb_opt calculation in /srv/scratch/z5358697/.automated/3947/2_OPTIMIZATION/CONF1/xtb_opt.
2025-04-03 20:23:08,231 -  censo.orca_processor  -  DEBUG   - worker1029756:Copying .gbw file from /srv/scratch/z5358697/.automated/3947/1_SCREENING/CONF1/gsolv/sp_solv.gbw.
2025-04-03 20:23:08,250 -   censo.qm_processor   -  DEBUG   - worker1029756:Running ['/srv/scratch/z5358697/.xtb/bin/xtb', 'xtb_opt.coord', '--opt', 'normal', '--orca', '-I', 'xtb_opt-xcontrol-inp']...
2025-04-03 20:23:08,257 -   censo.qm_processor   -  DEBUG   - worker1029756:Started (PID: 1029767).
2025-04-03 20:23:48,038 -   censo.qm_processor   -  DEBUG   - worker1029756:Done.
2025-04-03 20:23:48,048 -     censo.parallel     -  DEBUG   - Free cores increased 0 -> 1.
2025-04-03 20:23:48,055 -     censo.parallel     -  DEBUG   - Checking for failed jobs...
2025-04-03 20:23:48,055 -     censo.parallel     -   INFO   - All jobs executed successfully.
2025-04-03 20:23:48,061 -     censo.parallel     -  DEBUG   - Free cores decreased 1 -> 0.
2025-04-03 20:23:48,065 -   censo.qm_processor   -  DEBUG   - worker1032804:Running on 1 cores.
2025-04-03 20:23:48,083 -   censo.qm_processor   -   INFO   - worker1032804:Running xtb_rrho calculation in /srv/scratch/z5358697/.automated/3947/2_OPTIMIZATION/CONF1/xtb_rrho.
2025-04-03 20:23:48,106 -   censo.qm_processor   -  DEBUG   - worker1032804:Running ['/srv/scratch/z5358697/.xtb/bin/xtb', 'xtb_rrho.coord', '--gfn2', '--ohess', 'vtight', '--chrg', '0', '--enso', '--norestart', '-I', 'rrho-xcontrol-inp', '--parallel', '1', '--alpb', 'water']...
2025-04-03 20:23:48,111 -   censo.qm_processor   -  DEBUG   - worker1032804:Started (PID: 1032811).
2025-04-03 20:23:48,300 -   censo.qm_processor   -  DEBUG   - worker1032804:Done.
2025-04-03 20:23:48,303 -     censo.parallel     -  DEBUG   - Free cores increased 0 -> 1.
2025-04-03 20:23:48,309 -     censo.parallel     -  DEBUG   - Checking for failed jobs...
2025-04-03 20:23:48,309 -     censo.parallel     -   INFO   - All jobs executed successfully.
2025-04-03 20:23:48,309 -censo.ensembleopt.optimization-  DEBUG   - Writing to /srv/scratch/z5358697/.automated/3947/2_OPTIMIZATION.out.
2025-04-03 20:23:48,322 -censo.ensembleopt.optimization-  DEBUG   - Writing to /srv/scratch/z5358697/.automated/3947/2_OPTIMIZATION.out.
2025-04-03 20:23:48,362 -     censo.parallel     -  DEBUG   - Free cores decreased 1 -> 0.
2025-04-03 20:23:48,366 -   censo.qm_processor   -  DEBUG   - worker1032833:Running on 1 cores.
2025-04-03 20:23:48,381 -   censo.qm_processor   -   INFO   - worker1032833:Running gsolv calculation in /srv/scratch/z5358697/.automated/3947/3_REFINEMENT/CONF1/gsolv.
2025-04-03 20:23:48,393 -  censo.orca_processor  -  DEBUG   - worker1032833:Copying .gbw file from /srv/scratch/z5358697/.automated/3947/2_OPTIMIZATION/CONF1/xtb_opt/xtb_opt.gbw.
2025-04-03 20:23:48,408 -   censo.qm_processor   -  DEBUG   - worker1032833:Running ['/apps/z_install_tree/linux-rocky8-ivybridge/gcc-12.2.0/orca-6.0.0-srtngmq3qlimg2qxbl6avaaiffipurdx/bin/orca', 'sp_gas.inp']...
2025-04-03 20:23:48,413 -   censo.qm_processor   -  DEBUG   - worker1032833:Started (PID: 1032839).
2025-04-03 20:24:13,114 -   censo.qm_processor   -  DEBUG   - worker1032833:Done.
2025-04-03 20:24:13,133 -  censo.orca_processor  -  DEBUG   - worker1032833:Copying .gbw file from /srv/scratch/z5358697/.automated/3947/2_OPTIMIZATION/CONF1/xtb_opt/xtb_opt.gbw.
2025-04-03 20:24:13,153 -   censo.qm_processor   -  DEBUG   - worker1032833:Running ['/apps/z_install_tree/linux-rocky8-ivybridge/gcc-12.2.0/orca-6.0.0-srtngmq3qlimg2qxbl6avaaiffipurdx/bin/orca', 'sp_solv.inp']...
2025-04-03 20:24:13,156 -   censo.qm_processor   -  DEBUG   - worker1032833:Started (PID: 1034505).
2025-04-03 20:24:41,164 -   censo.qm_processor   -  DEBUG   - worker1032833:Done.
2025-04-03 20:24:41,169 -     censo.parallel     -  DEBUG   - Free cores increased 0 -> 1.
2025-04-03 20:24:41,175 -     censo.parallel     -  DEBUG   - Checking for failed jobs...
2025-04-03 20:24:41,175 -     censo.parallel     -   INFO   - All jobs executed successfully.
2025-04-03 20:24:41,176 -censo.ensembleopt.refinement-  DEBUG   - Writing to /srv/scratch/z5358697/.automated/3947/3_REFINEMENT.out.
