----------------------------------------------- 
  Element       SASA      Sigma Z        Total  
     Z         Ang**2 cal/Ang**2/mol   kcal/mol 
----------------------------------------------- 
      H        229.376      48.690      11.168
      C         54.292     129.740       7.044
      O         33.927       0.000       0.000
      P          2.307       0.000       0.000
      S        111.313      -9.100      -1.013

 Subtotal:     431.215                  17.199
 -----------------------------------------------

  Elements    COT*SASA   Sigma Z,Z'     Total   
    Z,Z'       Ang**2  cal/Ang**2/mol kcal/mol  
 ---------------------------------------------- 
  H   C        154.263     -60.770      -9.375
  H   O          0.000       0.000       0.000
  C   C         31.715     -72.950      -2.314
  O   C          0.000      68.690       0.000
  O   O          0.000       0.000       0.000
  O   P         23.225      68.850       1.599

 Subtotal:                             -10.089
 ---------------------------------------------- 

 NONAQUEOUS SOLVENT CONTRIBUTION (kcal/mol):
 (proportional to SASA, atomic number independent)
 ---------------------------------------------- 
 Subtotal:                               0.000
 ---------------------------------------------- 

 CDS TOTAL (kcal/mol):                   7.110
...............................................................................
