2025-04-03 19:40:15,558 -     censo.parallel     -  DEBUG   - Free cores decreased 1 -> 0.
2025-04-03 19:40:15,562 -   censo.qm_processor   -  DEBUG   - worker303247:Running on 1 cores.
2025-04-03 19:40:15,603 -   censo.qm_processor   -   INFO   - worker303247:Running xtb_gsolv calculation in /srv/scratch/z5358697/.automated/3861/0_PRESCREENING/CONF1/xtb_gsolv.
2025-04-03 19:40:15,625 -   censo.qm_processor   -  DEBUG   - worker303247:Running ['/srv/scratch/z5358697/.xtb/bin/xtb', 'gas.coord', '--gfn2', '--sp', '--chrg', '0', '--norestart', '--parallel', '1']...
2025-04-03 19:40:16,677 -   censo.qm_processor   -  DEBUG   - worker303247:Started (PID: 303265).
2025-04-03 19:40:18,687 -   censo.qm_processor   -  DEBUG   - worker303247:Done.
2025-04-03 19:40:18,715 -   censo.qm_processor   -  DEBUG   - worker303247:Running ['/srv/scratch/z5358697/.xtb/bin/xtb', 'solv.coord', '--gfn2', '--sp', '--chrg', '0', '--norestart', '--parallel', '1', '--alpb', 'water', 'reference', '-I', 'xtb_sp-xcontrol-inp']...
2025-04-03 19:40:18,719 -   censo.qm_processor   -  DEBUG   - worker303247:Started (PID: 303267).
2025-04-03 19:40:18,760 -   censo.qm_processor   -  DEBUG   - worker303247:Done.
2025-04-03 19:40:18,762 -     censo.parallel     -  DEBUG   - Free cores increased 0 -> 1.
2025-04-03 19:40:18,768 -     censo.parallel     -  DEBUG   - Checking for failed jobs...
2025-04-03 19:40:18,768 -     censo.parallel     -   INFO   - All jobs executed successfully.
2025-04-03 19:40:18,774 -     censo.parallel     -  DEBUG   - Free cores decreased 1 -> 0.
2025-04-03 19:40:18,778 -   censo.qm_processor   -  DEBUG   - worker303300:Running on 1 cores.
2025-04-03 19:40:18,814 -   censo.qm_processor   -   INFO   - worker303300:Running sp calculation in /srv/scratch/z5358697/.automated/3861/0_PRESCREENING/CONF1/sp.
2025-04-03 19:40:18,919 -   censo.qm_processor   -  DEBUG   - worker303300:Running ['/apps/z_install_tree/linux-rocky8-ivybridge/gcc-12.2.0/orca-6.0.0-srtngmq3qlimg2qxbl6avaaiffipurdx/bin/orca', 'sp.inp']...
2025-04-03 19:40:18,925 -   censo.qm_processor   -  DEBUG   - worker303300:Started (PID: 303307).
2025-04-03 19:40:41,869 -   censo.qm_processor   -  DEBUG   - worker303300:Done.
2025-04-03 19:40:41,874 -     censo.parallel     -  DEBUG   - Free cores increased 0 -> 1.
2025-04-03 19:40:41,880 -     censo.parallel     -  DEBUG   - Checking for failed jobs...
2025-04-03 19:40:41,881 -     censo.parallel     -   INFO   - All jobs executed successfully.
2025-04-03 19:40:41,881 -censo.ensembleopt.prescreening-  DEBUG   - Writing to /srv/scratch/z5358697/.automated/3861/0_PRESCREENING.out.
2025-04-03 19:40:41,924 -     censo.parallel     -  DEBUG   - Free cores decreased 1 -> 0.
2025-04-03 19:40:41,929 -   censo.qm_processor   -  DEBUG   - worker303417:Running on 1 cores.
2025-04-03 19:40:41,944 -   censo.qm_processor   -   INFO   - worker303417:Running gsolv calculation in /srv/scratch/z5358697/.automated/3861/1_SCREENING/CONF1/gsolv.
2025-04-03 19:40:41,955 -  censo.orca_processor  -  DEBUG   - worker303417:Copying .gbw file from /srv/scratch/z5358697/.automated/3861/0_PRESCREENING/CONF1/sp/sp.gbw.
2025-04-03 19:40:42,994 -   censo.qm_processor   -  DEBUG   - worker303417:Running ['/apps/z_install_tree/linux-rocky8-ivybridge/gcc-12.2.0/orca-6.0.0-srtngmq3qlimg2qxbl6avaaiffipurdx/bin/orca', 'sp_gas.inp']...
2025-04-03 19:40:43,002 -   censo.qm_processor   -  DEBUG   - worker303417:Started (PID: 303422).
2025-04-03 19:41:50,369 -   censo.qm_processor   -  DEBUG   - worker303417:Done.
2025-04-03 19:41:50,507 -  censo.orca_processor  -  DEBUG   - worker303417:Copying .gbw file from /srv/scratch/z5358697/.automated/3861/0_PRESCREENING/CONF1/sp/sp.gbw.
2025-04-03 19:41:50,936 -   censo.qm_processor   -  DEBUG   - worker303417:Running ['/apps/z_install_tree/linux-rocky8-ivybridge/gcc-12.2.0/orca-6.0.0-srtngmq3qlimg2qxbl6avaaiffipurdx/bin/orca', 'sp_solv.inp']...
2025-04-03 19:41:51,374 -   censo.qm_processor   -  DEBUG   - worker303417:Started (PID: 303809).
2025-04-03 19:42:41,613 -   censo.qm_processor   -  DEBUG   - worker303417:Done.
2025-04-03 19:42:41,617 -     censo.parallel     -  DEBUG   - Free cores increased 0 -> 1.
2025-04-03 19:42:41,623 -     censo.parallel     -  DEBUG   - Checking for failed jobs...
2025-04-03 19:42:41,623 -     censo.parallel     -   INFO   - All jobs executed successfully.
2025-04-03 19:42:41,673 -     censo.parallel     -  DEBUG   - Free cores decreased 1 -> 0.
2025-04-03 19:42:41,677 -   censo.qm_processor   -  DEBUG   - worker304091:Running on 1 cores.
2025-04-03 19:42:41,693 -   censo.qm_processor   -   INFO   - worker304091:Running xtb_opt calculation in /srv/scratch/z5358697/.automated/3861/2_OPTIMIZATION/CONF1/xtb_opt.
2025-04-03 19:42:41,728 -  censo.orca_processor  -  DEBUG   - worker304091:Copying .gbw file from /srv/scratch/z5358697/.automated/3861/1_SCREENING/CONF1/gsolv/sp_solv.gbw.
2025-04-03 19:42:41,937 -   censo.qm_processor   -  DEBUG   - worker304091:Running ['/srv/scratch/z5358697/.xtb/bin/xtb', 'xtb_opt.coord', '--opt', 'normal', '--orca', '-I', 'xtb_opt-xcontrol-inp']...
2025-04-03 19:42:41,942 -   censo.qm_processor   -  DEBUG   - worker304091:Started (PID: 304100).
2025-04-03 19:46:40,950 -   censo.qm_processor   -  DEBUG   - worker304091:Done.
2025-04-03 19:46:40,961 -     censo.parallel     -  DEBUG   - Free cores increased 0 -> 1.
2025-04-03 19:46:40,967 -     censo.parallel     -  DEBUG   - Checking for failed jobs...
2025-04-03 19:46:40,967 -     censo.parallel     -   INFO   - All jobs executed successfully.
2025-04-03 19:46:40,972 -     censo.parallel     -  DEBUG   - Free cores decreased 1 -> 0.
2025-04-03 19:46:40,976 -   censo.qm_processor   -  DEBUG   - worker305007:Running on 1 cores.
2025-04-03 19:46:40,988 -   censo.qm_processor   -   INFO   - worker305007:Running xtb_rrho calculation in /srv/scratch/z5358697/.automated/3861/2_OPTIMIZATION/CONF1/xtb_rrho.
2025-04-03 19:46:41,009 -   censo.qm_processor   -  DEBUG   - worker305007:Running ['/srv/scratch/z5358697/.xtb/bin/xtb', 'xtb_rrho.coord', '--gfn2', '--ohess', 'vtight', '--chrg', '0', '--enso', '--norestart', '-I', 'rrho-xcontrol-inp', '--parallel', '1', '--alpb', 'water']...
2025-04-03 19:46:41,015 -   censo.qm_processor   -  DEBUG   - worker305007:Started (PID: 305012).
2025-04-03 19:46:41,460 -   censo.qm_processor   -  DEBUG   - worker305007:Done.
2025-04-03 19:46:41,464 -     censo.parallel     -  DEBUG   - Free cores increased 0 -> 1.
2025-04-03 19:46:41,470 -     censo.parallel     -  DEBUG   - Checking for failed jobs...
2025-04-03 19:46:41,470 -     censo.parallel     -   INFO   - All jobs executed successfully.
2025-04-03 19:46:41,470 -censo.ensembleopt.optimization-  DEBUG   - Writing to /srv/scratch/z5358697/.automated/3861/2_OPTIMIZATION.out.
2025-04-03 19:46:41,482 -censo.ensembleopt.optimization-  DEBUG   - Writing to /srv/scratch/z5358697/.automated/3861/2_OPTIMIZATION.out.
2025-04-03 19:46:41,527 -     censo.parallel     -  DEBUG   - Free cores decreased 1 -> 0.
2025-04-03 19:46:41,533 -   censo.qm_processor   -  DEBUG   - worker305028:Running on 1 cores.
2025-04-03 19:46:41,622 -   censo.qm_processor   -   INFO   - worker305028:Running gsolv calculation in /srv/scratch/z5358697/.automated/3861/3_REFINEMENT/CONF1/gsolv.
2025-04-03 19:46:41,641 -  censo.orca_processor  -  DEBUG   - worker305028:Copying .gbw file from /srv/scratch/z5358697/.automated/3861/2_OPTIMIZATION/CONF1/xtb_opt/xtb_opt.gbw.
2025-04-03 19:46:42,424 -   censo.qm_processor   -  DEBUG   - worker305028:Running ['/apps/z_install_tree/linux-rocky8-ivybridge/gcc-12.2.0/orca-6.0.0-srtngmq3qlimg2qxbl6avaaiffipurdx/bin/orca', 'sp_gas.inp']...
2025-04-03 19:46:42,429 -   censo.qm_processor   -  DEBUG   - worker305028:Started (PID: 305033).
2025-04-03 19:48:25,866 -   censo.qm_processor   -  DEBUG   - worker305028:Done.
2025-04-03 19:48:25,890 -  censo.orca_processor  -  DEBUG   - worker305028:Copying .gbw file from /srv/scratch/z5358697/.automated/3861/2_OPTIMIZATION/CONF1/xtb_opt/xtb_opt.gbw.
2025-04-03 19:48:26,333 -   censo.qm_processor   -  DEBUG   - worker305028:Running ['/apps/z_install_tree/linux-rocky8-ivybridge/gcc-12.2.0/orca-6.0.0-srtngmq3qlimg2qxbl6avaaiffipurdx/bin/orca', 'sp_solv.inp']...
2025-04-03 19:48:26,335 -   censo.qm_processor   -  DEBUG   - worker305028:Started (PID: 305241).
2025-04-03 19:50:12,521 -   censo.qm_processor   -  DEBUG   - worker305028:Done.
2025-04-03 19:50:12,526 -     censo.parallel     -  DEBUG   - Free cores increased 0 -> 1.
2025-04-03 19:50:12,532 -     censo.parallel     -  DEBUG   - Checking for failed jobs...
2025-04-03 19:50:12,533 -     censo.parallel     -   INFO   - All jobs executed successfully.
2025-04-03 19:50:12,533 -censo.ensembleopt.refinement-  DEBUG   - Writing to /srv/scratch/z5358697/.automated/3861/3_REFINEMENT.out.
