----------------------------------------------- 
  Element       SASA      Sigma Z        Total  
     Z         Ang**2 cal/Ang**2/mol   kcal/mol 
----------------------------------------------- 
      H        244.329      48.690      11.896
      C         56.134     129.740       7.283
      O         34.292       0.000       0.000
      P          1.808       0.000       0.000
      S        108.093      -9.100      -0.984

 Subtotal:     444.656                  18.196
 -----------------------------------------------

  Elements    COT*SASA   Sigma Z,Z'     Total   
    Z,Z'       Ang**2  cal/Ang**2/mol kcal/mol  
 ---------------------------------------------- 
  H   C        164.311     -60.770      -9.985
  H   O          0.000       0.000       0.000
  C   C         32.570     -72.950      -2.376
  O   C          0.000      68.690       0.000
  O   O          0.000       0.000       0.000
  O   P         23.460      68.850       1.615

 Subtotal:                             -10.746
 ---------------------------------------------- 

 NONAQUEOUS SOLVENT CONTRIBUTION (kcal/mol):
 (proportional to SASA, atomic number independent)
 ---------------------------------------------- 
 Subtotal:                               0.000
 ---------------------------------------------- 

 CDS TOTAL (kcal/mol):                   7.450
...............................................................................
