2025-04-03 20:22:30,514 -     censo.parallel     -  DEBUG   - Free cores decreased 1 -> 0.
2025-04-03 20:22:30,518 -   censo.qm_processor   -  DEBUG   - worker310362:Running on 1 cores.
2025-04-03 20:22:32,458 -   censo.qm_processor   -   INFO   - worker310362:Running xtb_gsolv calculation in /srv/scratch/z5358697/.automated/3948/0_PRESCREENING/CONF1/xtb_gsolv.
2025-04-03 20:22:32,475 -   censo.qm_processor   -  DEBUG   - worker310362:Running ['/srv/scratch/z5358697/.xtb/bin/xtb', 'gas.coord', '--gfn2', '--sp', '--chrg', '0', '--norestart', '--parallel', '1']...
2025-04-03 20:22:32,483 -   censo.qm_processor   -  DEBUG   - worker310362:Started (PID: 310367).
2025-04-03 20:22:32,533 -   censo.qm_processor   -  DEBUG   - worker310362:Done.
2025-04-03 20:22:32,556 -   censo.qm_processor   -  DEBUG   - worker310362:Running ['/srv/scratch/z5358697/.xtb/bin/xtb', 'solv.coord', '--gfn2', '--sp', '--chrg', '0', '--norestart', '--parallel', '1', '--alpb', 'water', 'reference', '-I', 'xtb_sp-xcontrol-inp']...
2025-04-03 20:22:32,560 -   censo.qm_processor   -  DEBUG   - worker310362:Started (PID: 310368).
2025-04-03 20:22:32,613 -   censo.qm_processor   -  DEBUG   - worker310362:Done.
2025-04-03 20:22:32,615 -     censo.parallel     -  DEBUG   - Free cores increased 0 -> 1.
2025-04-03 20:22:32,622 -     censo.parallel     -  DEBUG   - Checking for failed jobs...
2025-04-03 20:22:32,622 -     censo.parallel     -   INFO   - All jobs executed successfully.
2025-04-03 20:22:32,627 -     censo.parallel     -  DEBUG   - Free cores decreased 1 -> 0.
2025-04-03 20:22:32,631 -   censo.qm_processor   -  DEBUG   - worker310382:Running on 1 cores.
2025-04-03 20:22:32,636 -   censo.qm_processor   -   INFO   - worker310382:Running sp calculation in /srv/scratch/z5358697/.automated/3948/0_PRESCREENING/CONF1/sp.
2025-04-03 20:22:32,651 -   censo.qm_processor   -  DEBUG   - worker310382:Running ['/apps/z_install_tree/linux-rocky8-ivybridge/gcc-12.2.0/orca-6.0.0-srtngmq3qlimg2qxbl6avaaiffipurdx/bin/orca', 'sp.inp']...
2025-04-03 20:22:32,657 -   censo.qm_processor   -  DEBUG   - worker310382:Started (PID: 310387).
2025-04-03 20:22:58,975 -   censo.qm_processor   -  DEBUG   - worker310382:Done.
2025-04-03 20:22:58,981 -     censo.parallel     -  DEBUG   - Free cores increased 0 -> 1.
2025-04-03 20:22:58,987 -     censo.parallel     -  DEBUG   - Checking for failed jobs...
2025-04-03 20:22:58,987 -     censo.parallel     -   INFO   - All jobs executed successfully.
2025-04-03 20:22:58,988 -censo.ensembleopt.prescreening-  DEBUG   - Writing to /srv/scratch/z5358697/.automated/3948/0_PRESCREENING.out.
2025-04-03 20:22:59,033 -     censo.parallel     -  DEBUG   - Free cores decreased 1 -> 0.
2025-04-03 20:22:59,037 -   censo.qm_processor   -  DEBUG   - worker310442:Running on 1 cores.
2025-04-03 20:22:59,056 -   censo.qm_processor   -   INFO   - worker310442:Running gsolv calculation in /srv/scratch/z5358697/.automated/3948/1_SCREENING/CONF1/gsolv.
2025-04-03 20:22:59,069 -  censo.orca_processor  -  DEBUG   - worker310442:Copying .gbw file from /srv/scratch/z5358697/.automated/3948/0_PRESCREENING/CONF1/sp/sp.gbw.
2025-04-03 20:22:59,263 -   censo.qm_processor   -  DEBUG   - worker310442:Running ['/apps/z_install_tree/linux-rocky8-ivybridge/gcc-12.2.0/orca-6.0.0-srtngmq3qlimg2qxbl6avaaiffipurdx/bin/orca', 'sp_gas.inp']...
2025-04-03 20:22:59,269 -   censo.qm_processor   -  DEBUG   - worker310442:Started (PID: 310447).
2025-04-03 20:23:39,441 -   censo.qm_processor   -  DEBUG   - worker310442:Done.
2025-04-03 20:23:39,455 -  censo.orca_processor  -  DEBUG   - worker310442:Copying .gbw file from /srv/scratch/z5358697/.automated/3948/0_PRESCREENING/CONF1/sp/sp.gbw.
2025-04-03 20:23:39,620 -   censo.qm_processor   -  DEBUG   - worker310442:Running ['/apps/z_install_tree/linux-rocky8-ivybridge/gcc-12.2.0/orca-6.0.0-srtngmq3qlimg2qxbl6avaaiffipurdx/bin/orca', 'sp_solv.inp']...
2025-04-03 20:23:39,623 -   censo.qm_processor   -  DEBUG   - worker310442:Started (PID: 310484).
2025-04-03 20:24:22,396 -   censo.qm_processor   -  DEBUG   - worker310442:Done.
2025-04-03 20:24:22,401 -     censo.parallel     -  DEBUG   - Free cores increased 0 -> 1.
2025-04-03 20:24:22,407 -     censo.parallel     -  DEBUG   - Checking for failed jobs...
2025-04-03 20:24:22,407 -     censo.parallel     -   INFO   - All jobs executed successfully.
2025-04-03 20:24:22,447 -     censo.parallel     -  DEBUG   - Free cores decreased 1 -> 0.
2025-04-03 20:24:22,451 -   censo.qm_processor   -  DEBUG   - worker310798:Running on 1 cores.
2025-04-03 20:24:22,479 -   censo.qm_processor   -   INFO   - worker310798:Running xtb_opt calculation in /srv/scratch/z5358697/.automated/3948/2_OPTIMIZATION/CONF1/xtb_opt.
2025-04-03 20:24:22,521 -  censo.orca_processor  -  DEBUG   - worker310798:Copying .gbw file from /srv/scratch/z5358697/.automated/3948/1_SCREENING/CONF1/gsolv/sp_solv.gbw.
2025-04-03 20:24:22,655 -   censo.qm_processor   -  DEBUG   - worker310798:Running ['/srv/scratch/z5358697/.xtb/bin/xtb', 'xtb_opt.coord', '--opt', 'normal', '--orca', '-I', 'xtb_opt-xcontrol-inp']...
2025-04-03 20:24:22,661 -   censo.qm_processor   -  DEBUG   - worker310798:Started (PID: 310803).
2025-04-03 20:27:13,455 -   censo.qm_processor   -  DEBUG   - worker310798:Done.
2025-04-03 20:27:13,465 -     censo.parallel     -  DEBUG   - Free cores increased 0 -> 1.
2025-04-03 20:27:13,472 -     censo.parallel     -  DEBUG   - Checking for failed jobs...
2025-04-03 20:27:13,472 -     censo.parallel     -   INFO   - All jobs executed successfully.
2025-04-03 20:27:13,477 -     censo.parallel     -  DEBUG   - Free cores decreased 1 -> 0.
2025-04-03 20:27:13,481 -   censo.qm_processor   -  DEBUG   - worker311266:Running on 1 cores.
2025-04-03 20:27:13,486 -   censo.qm_processor   -   INFO   - worker311266:Running xtb_rrho calculation in /srv/scratch/z5358697/.automated/3948/2_OPTIMIZATION/CONF1/xtb_rrho.
2025-04-03 20:27:13,742 -   censo.qm_processor   -  DEBUG   - worker311266:Running ['/srv/scratch/z5358697/.xtb/bin/xtb', 'xtb_rrho.coord', '--gfn2', '--ohess', 'vtight', '--chrg', '0', '--enso', '--norestart', '-I', 'rrho-xcontrol-inp', '--parallel', '1', '--alpb', 'water']...
2025-04-03 20:27:13,749 -   censo.qm_processor   -  DEBUG   - worker311266:Started (PID: 311271).
2025-04-03 20:27:14,235 -   censo.qm_processor   -  DEBUG   - worker311266:Done.
2025-04-03 20:27:14,239 -     censo.parallel     -  DEBUG   - Free cores increased 0 -> 1.
2025-04-03 20:27:14,249 -     censo.parallel     -  DEBUG   - Checking for failed jobs...
2025-04-03 20:27:14,249 -     censo.parallel     -   INFO   - All jobs executed successfully.
2025-04-03 20:27:14,250 -censo.ensembleopt.optimization-  DEBUG   - Writing to /srv/scratch/z5358697/.automated/3948/2_OPTIMIZATION.out.
2025-04-03 20:27:14,262 -censo.ensembleopt.optimization-  DEBUG   - Writing to /srv/scratch/z5358697/.automated/3948/2_OPTIMIZATION.out.
2025-04-03 20:27:14,312 -     censo.parallel     -  DEBUG   - Free cores decreased 1 -> 0.
2025-04-03 20:27:14,317 -   censo.qm_processor   -  DEBUG   - worker311287:Running on 1 cores.
2025-04-03 20:27:14,334 -   censo.qm_processor   -   INFO   - worker311287:Running gsolv calculation in /srv/scratch/z5358697/.automated/3948/3_REFINEMENT/CONF1/gsolv.
2025-04-03 20:27:14,423 -  censo.orca_processor  -  DEBUG   - worker311287:Copying .gbw file from /srv/scratch/z5358697/.automated/3948/2_OPTIMIZATION/CONF1/xtb_opt/xtb_opt.gbw.
2025-04-03 20:27:14,521 -   censo.qm_processor   -  DEBUG   - worker311287:Running ['/apps/z_install_tree/linux-rocky8-ivybridge/gcc-12.2.0/orca-6.0.0-srtngmq3qlimg2qxbl6avaaiffipurdx/bin/orca', 'sp_gas.inp']...
2025-04-03 20:27:14,526 -   censo.qm_processor   -  DEBUG   - worker311287:Started (PID: 311292).
2025-04-03 20:29:35,345 -   censo.qm_processor   -  DEBUG   - worker311287:Done.
2025-04-03 20:29:35,362 -  censo.orca_processor  -  DEBUG   - worker311287:Copying .gbw file from /srv/scratch/z5358697/.automated/3948/2_OPTIMIZATION/CONF1/xtb_opt/xtb_opt.gbw.
2025-04-03 20:29:35,502 -   censo.qm_processor   -  DEBUG   - worker311287:Running ['/apps/z_install_tree/linux-rocky8-ivybridge/gcc-12.2.0/orca-6.0.0-srtngmq3qlimg2qxbl6avaaiffipurdx/bin/orca', 'sp_solv.inp']...
2025-04-03 20:29:35,504 -   censo.qm_processor   -  DEBUG   - worker311287:Started (PID: 311910).
2025-04-03 20:32:02,618 -   censo.qm_processor   -  DEBUG   - worker311287:Done.
2025-04-03 20:32:02,626 -     censo.parallel     -  DEBUG   - Free cores increased 0 -> 1.
2025-04-03 20:32:02,632 -     censo.parallel     -  DEBUG   - Checking for failed jobs...
2025-04-03 20:32:02,632 -     censo.parallel     -   INFO   - All jobs executed successfully.
2025-04-03 20:32:02,632 -censo.ensembleopt.refinement-  DEBUG   - Writing to /srv/scratch/z5358697/.automated/3948/3_REFINEMENT.out.
