----------------------------------------------- 
  Element       SASA      Sigma Z        Total  
     Z         Ang**2 cal/Ang**2/mol   kcal/mol 
----------------------------------------------- 
      H        222.789      48.690      10.848
      C         55.958     129.740       7.260
      O         31.906       0.000       0.000
      P          1.664       0.000       0.000
      S         98.590      -9.100      -0.897

 Subtotal:     410.907                  17.210
 -----------------------------------------------

  Elements    COT*SASA   Sigma Z,Z'     Total   
    Z,Z'       Ang**2  cal/Ang**2/mol kcal/mol  
 ---------------------------------------------- 
  H   C        150.198     -60.770      -9.128
  H   O          0.000       0.000       0.000
  C   C         31.984     -72.950      -2.333
  O   C          0.000      68.690       0.000
  O   O          0.000       0.000       0.000
  O   P         22.085      68.850       1.521

 Subtotal:                              -9.940
 ---------------------------------------------- 

 NONAQUEOUS SOLVENT CONTRIBUTION (kcal/mol):
 (proportional to SASA, atomic number independent)
 ---------------------------------------------- 
 Subtotal:                               0.000
 ---------------------------------------------- 

 CDS TOTAL (kcal/mol):                   7.270
...............................................................................
