----------------------------------------------- 
  Element       SASA      Sigma Z        Total  
     Z         Ang**2 cal/Ang**2/mol   kcal/mol 
----------------------------------------------- 
      H         75.030      48.690       3.653
      C         60.720     129.740       7.878
      O         18.653       0.000       0.000

 Subtotal:     154.403                  11.531
 -----------------------------------------------

  Elements    COT*SASA   Sigma Z,Z'     Total   
    Z,Z'       Ang**2  cal/Ang**2/mol kcal/mol  
 ---------------------------------------------- 
  H   C         42.614     -60.770      -2.590
  H   O          8.496       0.000       0.000
  C   C         81.257     -72.950      -5.928
  O   C          2.725      68.690       0.187

 Subtotal:                              -8.330
 ---------------------------------------------- 

 NONAQUEOUS SOLVENT CONTRIBUTION (kcal/mol):
 (proportional to SASA, atomic number independent)
 ---------------------------------------------- 
 Subtotal:                               0.000
 ---------------------------------------------- 

 CDS TOTAL (kcal/mol):                   3.201
...............................................................................
