----------------------------------------------- 
  Element       SASA      Sigma Z        Total  
     Z         Ang**2 cal/Ang**2/mol   kcal/mol 
----------------------------------------------- 
      H        245.541      48.690      11.955
      C         53.820     129.740       6.983
      O         36.815       0.000       0.000
      P          1.315       0.000       0.000
      S        107.885      -9.100      -0.982

 Subtotal:     445.376                  17.956
 -----------------------------------------------

  Elements    COT*SASA   Sigma Z,Z'     Total   
    Z,Z'       Ang**2  cal/Ang**2/mol kcal/mol  
 ---------------------------------------------- 
  H   C        165.131     -60.770     -10.035
  H   O          0.000       0.000       0.000
  C   C         31.091     -72.950      -2.268
  O   C          0.000      68.690       0.000
  O   O          0.000       0.000       0.000
  O   P         25.180      68.850       1.734

 Subtotal:                             -10.569
 ---------------------------------------------- 

 NONAQUEOUS SOLVENT CONTRIBUTION (kcal/mol):
 (proportional to SASA, atomic number independent)
 ---------------------------------------------- 
 Subtotal:                               0.000
 ---------------------------------------------- 

 CDS TOTAL (kcal/mol):                   7.387
...............................................................................
