----------------------------------------------- 
  Element       SASA      Sigma Z        Total  
     Z         Ang**2 cal/Ang**2/mol   kcal/mol 
----------------------------------------------- 
      H        215.039      48.690      10.470
      C         59.590     129.740       7.731
      O         67.803       0.000       0.000
      P          1.346       0.000       0.000
      S         54.135      -9.100      -0.493

 Subtotal:     397.913                  17.709
 -----------------------------------------------

  Elements    COT*SASA   Sigma Z,Z'     Total   
    Z,Z'       Ang**2  cal/Ang**2/mol kcal/mol  
 ---------------------------------------------- 
  H   C        144.680     -60.770      -8.792
  H   O          0.000       0.000       0.000
  C   C         26.047     -72.950      -1.900
  O   C         23.567      68.690       1.619
  O   O          0.000       0.000       0.000
  O   P         14.339      68.850       0.987

 Subtotal:                              -8.086
 ---------------------------------------------- 

 NONAQUEOUS SOLVENT CONTRIBUTION (kcal/mol):
 (proportional to SASA, atomic number independent)
 ---------------------------------------------- 
 Subtotal:                               0.000
 ---------------------------------------------- 

 CDS TOTAL (kcal/mol):                   9.623
...............................................................................
