----------------------------------------------- 
  Element       SASA      Sigma Z        Total  
     Z         Ang**2 cal/Ang**2/mol   kcal/mol 
----------------------------------------------- 
      H        243.491      48.690      11.856
      C         56.528     129.740       7.334
      O         26.627       0.000       0.000
      P          2.314       0.000       0.000
      S        114.301      -9.100      -1.040

 Subtotal:     443.261                  18.149
 -----------------------------------------------

  Elements    COT*SASA   Sigma Z,Z'     Total   
    Z,Z'       Ang**2  cal/Ang**2/mol kcal/mol  
 ---------------------------------------------- 
  H   C        163.756     -60.770      -9.951
  H   O          0.000       0.000       0.000
  C   C         32.894     -72.950      -2.400
  O   C          0.000      68.690       0.000
  O   O          0.000       0.000       0.000
  O   P         18.248      68.850       1.256

 Subtotal:                             -11.095
 ---------------------------------------------- 

 NONAQUEOUS SOLVENT CONTRIBUTION (kcal/mol):
 (proportional to SASA, atomic number independent)
 ---------------------------------------------- 
 Subtotal:                               0.000
 ---------------------------------------------- 

 CDS TOTAL (kcal/mol):                   7.055
...............................................................................
