----------------------------------------------- 
  Element       SASA      Sigma Z        Total  
     Z         Ang**2 cal/Ang**2/mol   kcal/mol 
----------------------------------------------- 
      H        240.320      48.690      11.701
      C         56.467     129.740       7.326
      O         32.640       0.000       0.000
      P          1.800       0.000       0.000
      S        110.701      -9.100      -1.007

 Subtotal:     441.928                  18.020
 -----------------------------------------------

  Elements    COT*SASA   Sigma Z,Z'     Total   
    Z,Z'       Ang**2  cal/Ang**2/mol kcal/mol  
 ---------------------------------------------- 
  H   C        161.631     -60.770      -9.822
  H   O          0.000       0.000       0.000
  C   C         32.776     -72.950      -2.391
  O   C          0.000      68.690       0.000
  O   O          0.000       0.000       0.000
  O   P         22.376      68.850       1.541

 Subtotal:                             -10.673
 ---------------------------------------------- 

 NONAQUEOUS SOLVENT CONTRIBUTION (kcal/mol):
 (proportional to SASA, atomic number independent)
 ---------------------------------------------- 
 Subtotal:                               0.000
 ---------------------------------------------- 

 CDS TOTAL (kcal/mol):                   7.347
...............................................................................
