41
 energy: -65.053827703135 gnorm: 0.050335839346 xtb: 6.7.1 (edcfbbe)
C            3.74830687240862        1.92062957415174       -0.91438494139218
C            3.96912730257905        0.85607837024929        0.13102722956346
O            3.20753470599080       -0.34521096592580       -0.23656072814069
P            2.04703203382094       -1.00604780384221        0.66156596586167
S            1.49959129196576       -0.00613499290808        2.23983829527230
O            2.55545883571103       -2.51515411378775        0.91525775572435
C            3.13681824829434       -2.92731032820208        2.19552844209232
C            4.52199384545310       -2.35979048949305        2.39468646688269
S            0.59891088045191       -1.54284208728446       -0.78937776782090
C            0.39567654158364        0.00113044111411       -1.75529644603632
S           -0.38014374687353        1.46266484828553       -0.97069038761027
P           -2.36612444937953        0.79095133290878       -0.66778097709628
S           -3.19716459686048       -0.16170114839734       -2.15119970302139
O           -3.06247269384872        2.14712038783488       -0.16922388187189
C           -3.84281577230686        3.04423303257626       -1.02253377245457
C           -2.96403169230738        3.91399647050002       -1.88999883239455
O           -2.21034297702477        0.00016314543569        0.71565432394199
C           -3.18935750713976       -0.96836073699532        1.21510792636928
C           -2.42539116746295       -2.00579826180067        1.99913280931435
H            2.69940584603030        2.23442316591421       -0.93878287687603
H            4.35880074079845        2.79393301656989       -0.66145550074746
H            4.04056453213421        1.56792269192603       -1.90904017724476
H            3.65598728482839        1.19349816842495        1.12501352821351
H            5.01668064608806        0.53713645373318        0.17561184068664
H            2.45705327419316       -2.62567571960607        2.99813924712668
H            3.15417182911153       -4.01668427683446        2.13257219348096
H            4.50124037980664       -1.26725876105138        2.46455623214203
H            4.92122797879177       -2.75009620542877        3.33617091590529
H            5.19387712054603       -2.65488771139927        1.58505342152172
H           -0.20722780372321       -0.29961355608240       -2.61887265243485
H            1.37133497053956        0.34354252226610       -2.11603075596771
H           -4.53607494984926        2.44167486236985       -1.61830898919655
H           -4.41386899666446        3.64152919606648       -0.30921847942117
H           -2.21752614568719        4.44208535576276       -1.28834511707486
H           -2.45677415492815        3.33194489254444       -2.66395011834694
H           -3.59717793421701        4.65832189731979       -2.38215355828770
H           -3.90279553507822       -0.42131035207229        1.84178695235739
H           -3.72238225249721       -1.40983289173922        0.36591169452600
H           -3.12817518195598       -2.72234229182105        2.43520896335046
H           -1.73071150683619       -2.54449507310724        1.34727368381213
H           -1.85906971379902       -1.53952637889096        2.81165232086351
41
 energy: -65.057835183711 gnorm: 0.024099970925 xtb: 6.7.1 (edcfbbe)
C            3.74081374309579        1.92611164420931       -0.91339891314738
C            3.95285692647220        0.85001612770884        0.12508161741749
O            3.19933378531910       -0.34225950920696       -0.23792805624617
P            2.04146071390355       -1.00058827694688        0.65469488277987
S            1.51875185963064        0.00667703019237        2.25213054987528
O            2.54280874731076       -2.50366359996968        0.91819252625689
C            3.12524272866661       -2.91573724264751        2.18579893003931
C            4.51472537373127       -2.35747250981194        2.39176623700166
S            0.57753112910069       -1.52331529304549       -0.77312600468122
C            0.39742720335367       -0.00231730973315       -1.76256796515455
S           -0.33053090828667        1.42532979476082       -0.88723261404943
P           -2.32981968938974        0.80555511193506       -0.66502492244222
S           -3.20891602164480       -0.15976616052096       -2.12841417089327
O           -3.06488968461136        2.13820804720293       -0.16959950956623
C           -3.83606675202675        3.02732395337626       -1.02164547873189
C           -2.96085768320354        3.90464825839238       -1.88727282949754
O           -2.19025790070544        0.00723549662666        0.70932585955484
C           -3.16721485057349       -0.95518715039718        1.20027140294172
C           -2.42251438294972       -2.00505399686629        1.99275114362942
H            2.69525225193250        2.23399887310503       -0.93831819607262
H            4.35225248658028        2.79036064593642       -0.66000712493310
H            4.03154769358255        1.56734509427934       -1.89906274166159
H            3.62987997850978        1.18085093042972        1.11737996676839
H            4.99724830030082        0.52997689771810        0.16746829417032
H            2.45294566789237       -2.60204874772879        2.98959814722448
H            3.13772338639984       -4.00500642538604        2.11901627963784
H            4.48370413215772       -1.26920298860728        2.45563293322405
H            4.91718221006593       -2.74704044403235        3.32610177861875
H            5.17275499780351       -2.64800261819450        1.57522064379047
H           -0.23536423132389       -0.28580051302185       -2.60681813272958
H            1.37664977540885        0.33079885878910       -2.10660179367266
H           -4.51330726607809        2.41943486984563       -1.62893622320609
H           -4.41160008270793        3.62026483410412       -0.30812672815920
H           -2.21878505040895        4.42222830874539       -1.28186702633015
H           -2.44791372609209        3.31479584905780       -2.64587581978046
H           -3.58761315905195        4.64402238446445       -2.38396963563521
H           -3.87791465025894       -0.40745172252416        1.82541452230813
H           -3.69631758344823       -1.39094005250591        0.34633525470982
H           -3.13036223998874       -2.71224236713888        2.42127795877219
H           -1.72848157435133       -2.54239631494995        1.34795786107342
H           -1.85819927142922       -1.53678408835995        2.79792164236785
41
 energy: -65.059296408120 gnorm: 0.009923967366 xtb: 6.7.1 (edcfbbe)
C            3.72564675552136        1.92967481370742       -0.91552013720543
C            3.93119400309478        0.84424357682927        0.11914919813414
O            3.17855838469300       -0.33508375175994       -0.24108194496984
P            2.02577021949415       -0.98888570678021        0.64948469557393
S            1.53463634978896        0.01994073639749        2.26104880844032
O            2.51835148982692       -2.48563684809709        0.92002418389428
C            3.10229684452349       -2.90172029919361        2.17416156471560
C            4.49862982963263       -2.35092671943049        2.37804118251392
S            0.55770692342369       -1.53022002114673       -0.76435361401539
C            0.39678245602463       -0.00268670874911       -1.74022566925655
S           -0.29179069746867        1.43397210409877       -0.85458364100176
P           -2.28734201401647        0.81283569830351       -0.64905923540955
S           -3.15647268620749       -0.14502000298805       -2.12638446079240
O           -3.05594748743176        2.12618438214410       -0.16368323120611
C           -3.82100786477556        3.00290230350417       -1.01697978141940
C           -2.94651257820317        3.88617417932860       -1.88142261673322
O           -2.16591298631243        0.00656697983332        0.71512996212362
C           -3.14693737997027       -0.94290084809184        1.19218719148294
C           -2.41658924378008       -2.00549444341471        1.98750716774331
H            2.68288274580432        2.23786380779204       -0.93715375808090
H            4.34147275286362        2.78416539809708       -0.65835171897003
H            4.01431172261092        1.56744689296609       -1.89682594467041
H            3.60689821409031        1.17472399337733        1.11116464059063
H            4.97416583525861        0.52494536888740        0.15817217128338
H            2.44178276474845       -2.57943119142049        2.98462601147158
H            3.10903547007739       -3.99088698223653        2.10614397511710
H            4.46332962253614       -1.26513307830400        2.44278553268567
H            4.90390342070313       -2.74359742956952        3.30531451701462
H            5.14573744963874       -2.63811719340692        1.55457816229062
H           -0.25840728923943       -0.26828677350804       -2.57021017521477
H            1.37582683881974        0.31148377299940       -2.09124843372504
H           -4.48579425574166        2.39045974641383       -1.63360640055356
H           -4.40533566422299        3.59373934847116       -0.30895706270925
H           -2.21109799605861        4.40199940758621       -1.27193847592968
H           -2.42771922660538        3.28901445680872       -2.62803996307597
H           -3.57110658140118        4.61780305138376       -2.38431304624072
H           -3.85699327131486       -0.39477269956500        1.81516736849978
H           -3.67058679853924       -1.37037501230859        0.33052259332384
H           -3.13414888938328       -2.70214327388832        2.40665460805885
H           -1.72454921891740       -2.54362032404180        1.34554284858810
H           -1.85350158089714       -1.53829503174466        2.79007747320535
41
 energy: -65.059827855845 gnorm: 0.006526790629 xtb: 6.7.1 (edcfbbe)
C            3.70764971773615        1.92969932722280       -0.91965081886392
C            3.91101558553317        0.83981652102655        0.11437761717026
O            3.15488384986356       -0.33291874539026       -0.24004644617917
P            2.01223387103252       -0.98542594223770        0.65691859963705
S            1.52137287059383        0.03101997698927        2.26183099624866
O            2.49728689029185       -2.47843269881946        0.92929591299346
C            3.08445752192271       -2.89683992958547        2.17407945609046
C            4.48499486773966       -2.34583023554384        2.36532943906499
S            0.54540303421429       -1.51710404008809       -0.75738074506921
C            0.39402079391181        0.00777039015769       -1.73480611730177
S           -0.26618714137287        1.44549453966905       -0.83053527849843
P           -2.26026443255277        0.81723939771154       -0.63555400764098
S           -3.09382002671283       -0.13806711336301       -2.13562521843288
O           -3.04680344237921        2.11803822785965       -0.15446441591509
C           -3.80833812483301        2.98496785477042       -1.01142008307334
C           -2.92885994230762        3.86759688157186       -1.87487737667503
O           -2.14009286320586        0.00512617905662        0.71950255093425
C           -3.12751032878730       -0.93380954636939        1.18818745824922
C           -2.40912468070493       -2.00660608817057        1.98401920205814
H            2.66628636368590        2.24300185541278       -0.93691598258875
H            4.32916188098338        2.77893073268010       -0.66024633018608
H            3.99249886174649        1.56696735957989       -1.90209655168213
H            3.59480975364621        1.17685531436555        1.10738108392030
H            4.95468638154558        0.52223471676912        0.14980610389251
H            2.43403625630346       -2.57029081259292        2.99163660930004
H            3.08757433198139       -3.98585606276402        2.10857286848509
H            4.44783946391591       -1.25998559531702        2.43260436876775
H            4.89735350587453       -2.74084032027916        3.28754801409192
H            5.12320967953653       -2.63068109078967        1.53382791870671
H           -0.27833533430371       -0.24388917824866       -2.55529811829903
H            1.37446825963862        0.30373413243396       -2.09699220891006
H           -4.46576002975757        2.36939843972843       -1.63364961883894
H           -4.40232501676499        3.57673140624363       -0.31233885953786
H           -2.19957883001874        4.38788782357702       -1.26143230874203
H           -2.40351013862370        3.26504802252410       -2.61332800713354
H           -3.55198242047702        4.59311207255063       -2.38685845481253
H           -3.83836056018466       -0.38592641381353        1.81046444702996
H           -3.65132159888722       -1.35667471856999        0.32367294828231
H           -3.13655195582434       -2.69544972368948        2.39763731135308
H           -1.72041497549666       -2.54898099679315        1.34174386442983
H           -1.84493551581422       -1.54415624019120        2.78862472324638
41
 energy: -65.060006677980 gnorm: 0.004864892462 xtb: 6.7.1 (edcfbbe)
C            3.69530753226066        1.92984065215098       -0.92231171540975
C            3.89963220675432        0.84006380620174        0.11248656373971
O            3.13702862856866       -0.32918944070733       -0.24013613484913
P            1.99725217893308       -0.98148017479242        0.65885047409501
S            1.50865172358252        0.03548539884212        2.26377784878855
O            2.47829154230114       -2.47320115489809        0.93311895468429
C            3.07120627232027       -2.89209457321473        2.17487987130832
C            4.47413485257870       -2.34214924404075        2.35624125684482
S            0.53275937988845       -1.51855636135311       -0.76018926011623
C            0.39822995222310        0.01428221657356       -1.72924318799356
S           -0.24949675884179        1.45470561483930       -0.82223233667998
P           -2.24322588102412        0.81935362856384       -0.62840631223627
S           -3.06149857171040       -0.13546401521469       -2.13667936371892
O           -3.03891119518428        2.11205942473490       -0.14606105397912
C           -3.79912224966714        2.97472834427784       -1.00778540288423
C           -2.91547444000791        3.85508820289011       -1.87012116829753
O           -2.11943059957252        0.00223160102839        0.72091217998855
C           -3.11473127428492       -0.92971891643860        1.18703874932692
C           -2.40480663388044       -2.00850632173347        1.98249273153430
H            2.65423771342381        2.24734400204732       -0.93662549050022
H            4.32036570480680        2.77809055455287       -0.66372559403317
H            3.97600820310549        1.56777825442491       -1.90738994647328
H            3.58929201679468        1.18171765261380        1.10632190741361
H            4.94373100827231        0.52100085846543        0.14590973343397
H            2.42757071754088       -2.56596466071125        2.99831695021140
H            3.07337273675100       -3.98123962396626        2.11299702247768
H            4.43822287371944       -1.25561768655815        2.42615518475093
H            4.89479479104734       -2.73897047927499        3.27508865696080
H            5.10613483687222       -2.62581451469160        1.51871778198223
H           -0.28169135484139       -0.22600908001602       -2.54741344093426
H            1.37899123211760        0.29997243255811       -2.10122938029767
H           -4.45358511890565        2.35765923031051       -1.63207364756494
H           -4.39942483056519        3.56845901925753       -0.31581443695971
H           -2.19049644222017        4.38063201457933       -1.25427403085827
H           -2.38432256321565        3.24980724623760       -2.60312781682483
H           -3.53666020130386        4.57745815969770       -2.39054547333591
H           -3.82512536669735       -0.37952882125994        1.80896118080896
H           -3.64105822774686       -1.35034764141647        0.32249495727403
H           -3.13802696819328       -2.69324030989253        2.39491588968357
H           -1.71924508741565       -2.55565022427197        1.33944873678801
H           -1.83771595589531       -1.55210939111137        2.78980310742294
41
 energy: -65.060074437837 gnorm: 0.003134021503 xtb: 6.7.1 (edcfbbe)
C            3.68690210583963        1.92979488594616       -0.92381814137281
C            3.89207331283005        0.84173475699604        0.11191180622550
O            3.12597331438894       -0.32788936510970       -0.23819970470577
P            1.98721870743890       -0.98091759269822        0.66212291345600
S            1.49619981080495        0.03701102270493        2.26518566634354
O            2.46594074035714       -2.47281855352668        0.93786147827674
C            3.06452043774671       -2.89028947376383        2.17879000617737
C            4.46786059964260       -2.34011645368279        2.35152475082211
S            0.52982180784451       -1.51248566324618       -0.76564222875073
C            0.39945408736539        0.02144397172145       -1.73362475846047
S           -0.24350758718012        1.46125948244864       -0.82478515205276
P           -2.23496937683252        0.81927061719885       -0.62489823050865
S           -3.05010335960328       -0.13388982260549       -2.13526765997935
O           -3.03429682891273        2.10739237757918       -0.13958056030515
C           -3.79231591005738        2.96970358518289       -1.00593749183250
C           -2.90554603686695        3.84752824036345       -1.86691129450242
O           -2.10560131582494       -0.00188802069964        0.72117672315783
C           -3.10700031804479       -0.92918516905149        1.18825598179467
C           -2.40223111337203       -2.01087539522803        1.98288899827583
H            2.64588394570563        2.24908406959498       -0.93648247192698
H            4.31329875172192        2.77880921502521       -0.66815791337692
H            3.96460462053923        1.56753985734020       -1.91021442256618
H            3.58441880968063        1.18506695482548        1.10605750392379
H            4.93575966720085        0.51993470106038        0.14415190471422
H            2.42379032716590       -2.56374073741888        3.00423184758083
H            3.06593978990619       -3.97962899668756        2.11890919175188
H            4.43333149051280       -1.25322073259500        2.42273569393235
H            4.89521524919996       -2.73748676127654        3.26775425857591
H            5.09505881619798       -2.62339403381413        1.50995679495201
H           -0.27887050422599       -0.21449009841570       -2.55387035213257
H            1.38151329383470        0.30341982101343       -2.10500832628472
H           -4.44550222455549        2.35143235367105       -1.63040102211139
H           -4.39517092022483        3.56496060701639       -0.31770158559380
H           -2.18364168319404        4.37674372215136       -1.24980120023618
H           -2.37016730181564        3.24075936671440       -2.59586986833768
H           -3.52452454735822        4.56821109807195       -2.39342374269094
H           -3.81521785444865       -0.37449807918896        1.80933377139686
H           -3.63521127707964       -1.34756417782669        0.32365590527247
H           -3.13814056783646       -2.69332650880875        2.39565387721994
H           -1.71914087500456       -2.56147009545964        1.33945708186365
H           -1.83245370079748       -1.55901929623832        2.79152451758605
41
 energy: -65.060103462129 gnorm: 0.001546339245 xtb: 6.7.1 (edcfbbe)
C            3.68154077265686        1.93035497717657       -0.92432708549112
C            3.88806780880548        0.84467768545663        0.11252411478230
O            3.12155099606326       -0.32628876442730       -0.23689611422229
P            1.98050583081592       -0.97984146141407        0.66126546869788
S            1.48626190109466        0.03774181134563        2.26363983608981
O            2.45708485987907       -2.47249519874286        0.93935434296623
C            3.05965900832162       -2.88792880380077        2.18072568861126
C            4.46311833280701       -2.33858622277103        2.34803731964852
S            0.52656374383838       -1.51167827788617       -0.77025944369418
C            0.40308670158871        0.02437375452237       -1.73669496159448
S           -0.24153469350999        1.46142823147533       -0.82695958471433
P           -2.23261250845895        0.81866800870981       -0.62420495918222
S           -3.05009489192303       -0.13374440657850       -2.13409317332616
O           -3.03308384093046        2.10400262167885       -0.13511121830694
C           -3.78796406923863        2.96804340279388       -1.00494649788933
C           -2.89794088653310        3.84302277145487       -1.86431334656055
O           -2.09662444418954       -0.00557403053981        0.72001393362256
C           -3.10165664348775       -0.92987474077240        1.18995570365771
C           -2.40022845978581       -2.01277159699995        1.98424925783520
H            2.64038451213297        2.24943809455871       -0.93642564107285
H            4.30772708321121        2.78050453724496       -0.67163852420952
H            3.95785995927671        1.56689176734245       -1.91065538152017
H            3.57976628422063        1.18754070941862        1.10639158058322
H            4.93115388327348        0.52116042205838        0.14457757751654
H            2.42024779801281       -2.56000019936199        3.00642333687667
H            3.06010975979032       -3.97744028896602        2.12193870346486
H            4.43025706765912       -1.25170347043841        2.42008135507244
H            4.89433902476843       -2.73653399238734        3.26227591372771
H            5.08686953130380       -2.62209614261818        1.50414863355377
H           -0.27231182625751       -0.20962358089667       -2.55992567527221
H            1.38666415393138        0.30586844263080       -2.10427414621093
H           -4.44029485648010        2.34897178115352       -1.62934675939855
H           -4.39101828059542        3.56431479567957       -0.31804136426876
H           -2.17823319391727        4.37407987767420       -1.24625453358661
H           -2.35977740162733        3.23505207575905       -2.59006296541243
H           -3.51476697883135        4.56266152960420       -2.39487250237798
H           -3.80695476601811       -0.37069994007933        1.81027042469744
H           -3.63138734043228       -1.34652522117836        0.32559788195246
H           -3.13751648300291       -2.69356033737498        2.39761923939965
H           -1.71897213191642       -2.56562291360754        1.34078155342415
H           -1.82867893362676       -1.56330202761240        2.79297655770280
41
 energy: -65.060111781280 gnorm: 0.001206268585 xtb: 6.7.1 (edcfbbe)
C            3.67837316037705        1.93080911464754       -0.92400139093093
C            3.88568313672613        0.84699268529457        0.11399360733591
O            3.12207966778513       -0.32657463961327       -0.23520410683028
P            1.97722364334975       -0.97952887130838        0.65938832594932
S            1.48115980591838        0.03884263636293        2.26128190831282
O            2.45173124863193       -2.47317530896684        0.93949102404211
C            3.05669044277034       -2.88596276934700        2.18148724697811
C            4.46015935996345       -2.33745257900442        2.34602583119031
S            0.52733378206176       -1.51116910205581       -0.77550615572209
C            0.40341158967924        0.02590347191804       -1.74039637691162
S           -0.24140306263773        1.46253008246352       -0.83013218581440
P           -2.23151475445445        0.81683227803964       -0.62603894044808
S           -3.05599592415766       -0.13489334304957       -2.13296449916728
O           -3.03265347066880        2.10039534596591       -0.13339081729497
C           -3.78487721693377        2.96749904121751       -1.00434118980422
C           -2.89243819600687        3.84067089610839       -1.86209121915364
O           -2.09152731331210       -0.00952048426843        0.71765873510629
C           -3.09868981506684       -0.93107253276248        1.19121950307670
C           -2.39876926589878       -2.01379364135501        1.98623649356994
H            2.63708707742792        2.24873716182301       -0.93653219912466
H            4.30369585188438        2.78180889058622       -0.67331103826216
H            3.95506423856630        1.56541824164448       -1.90918106403535
H            3.57485405331742        1.18893268004171        1.10712205586449
H            4.92864270271613        0.52435432162565        0.14690659874715
H            2.41761527346644       -2.55552655596372        3.00623495566338
H            3.05609489518129       -3.97551979134009        2.12355448147850
H            4.42813457597171       -1.25079900014713        2.41823281725988
H            4.89283613956078       -2.73585279084834        3.25900701863927
H            5.08162908956271       -2.62125091676061        1.50088406879255
H           -0.26836077332719       -0.20862521736855       -2.56670300754965
H            1.38876167046674        0.30813552418723       -2.10254283958922
H           -4.43732867884764        2.34919957682680       -1.62903923794646
H           -4.38635616119995        3.56434893916359       -0.31674511068988
H           -2.17396778815166        4.37176953773087       -1.24317715837790
H           -2.35308318006517        3.23155658447116       -2.58559937973705
H           -3.50763239312995        4.55979425562170       -2.39463974278697
H           -3.80088617097846       -0.36822449171135        1.81113273033120
H           -3.62981890613539       -1.34716418769685        0.32771760185165
H           -3.13680147045354       -2.69304734018502        2.40024428698441
H           -1.71859339555836       -2.56809608260957        1.34326204761540
H           -1.82639708571137       -1.56437594009365        2.79400086695895
41
 energy: -65.060114812349 gnorm: 0.000824218215 xtb: 6.7.1 (edcfbbe)
C            3.67830991782487        1.93080907596797       -0.92362544867661
C            3.88591541392565        0.84710352492992        0.11480731614168
O            3.12483154972380       -0.32757126994565       -0.23452509530382
P            1.97825527913983       -0.97943810887463        0.65845902834670
S            1.48114070226480        0.03929287092096        2.25969463583107
O            2.45174083449037       -2.47340167250593        0.93874091711540
C            3.05613029957807       -2.88562193376726        2.18079208068165
C            4.45981280412311       -2.33720359753867        2.34572643336777
S            0.52854848476186       -1.51188637064323       -0.77601643204132
C            0.40516155699058        0.02442111240645       -1.74224240037341
S           -0.24327892448981        1.45989702253526       -0.83302053141070
P           -2.23296287115125        0.81679649128104       -0.62627703960389
S           -3.05554454669420       -0.13509103768140       -2.13412054064148
O           -3.03449546870272        2.10017865361606       -0.13324526825165
C           -3.78564739233436        2.96825990093504       -1.00368504036495
C           -2.89220351886271        3.84091580255967       -1.86122512331395
O           -2.09254253770814       -0.00977418395988        0.71742370622155
C           -3.09894054975070       -0.93116595622606        1.19149750551459
C           -2.39842489075277       -2.01346903546280        1.98708551075899
H            2.63696148080891        2.24824207255144       -0.93662344689077
H            4.30326619791719        2.78182562128904       -0.67262194931207
H            3.95574549542649        1.56500964210710       -1.90836669818472
H            3.57375214529160        1.18894262804813        1.10758074095476
H            4.92939044821596        0.52646442943894        0.14860539282289
H            2.41711203340048       -2.55431583522994        3.00526366014650
H            3.05537151159826       -3.97514457984954        2.12345967866418
H            4.42762783949245       -1.25061801816363        2.41793547059340
H            4.89198086117292       -2.73581359641338        3.25872756133888
H            5.08134033422333       -2.62090421741096        1.50062273636193
H           -0.26694435177617       -0.21111595918578       -2.56802243832471
H            1.39019828464953        0.30774267078883       -2.10428709419852
H           -4.43857276541996        2.35100487050065       -1.62886819567952
H           -4.38636014372429        3.56536828154681       -0.31559697365041
H           -2.17356536673362        4.37130172683697       -1.24202586690310
H           -2.35310607015804        3.23116240070867       -2.58440853429322
H           -3.50678517067903        4.56027653426884       -2.39397892204533
H           -3.80086170086477       -0.36837837493845        1.81153167577757
H           -3.63033962904404       -1.34784471696670        0.32845754100405
H           -3.13643277958378       -2.69250295563630        2.40114457510198
H           -1.71808739045678       -2.56773304912459        1.34436279375758
H           -1.82633102344359       -1.56311518442860        2.79440862453257
41
 energy: -65.060116840993 gnorm: 0.000377808929 xtb: 6.7.1 (edcfbbe)
C            3.67827290401168        1.93048919892723       -0.92344363795344
C            3.88630403394497        0.84681026614291        0.11538523403753
O            3.12725482003315       -0.32875464923468       -0.23390084428726
P            1.97933539738225       -0.97949346701748        0.65791376175280
S            1.48127301765410        0.03942786734117        2.25851486265775
O            2.45198636915994       -2.47359662341599        0.93822715763504
C            3.05570909737442       -2.88557313240780        2.18022438501715
C            4.45961310751108       -2.33697078875973        2.34555328851961
S            0.52894588891424       -1.51215398691122       -0.77631885982620
C            0.40439673402589        0.02424296396662       -1.74224069043892
S           -0.24312867536654        1.46058033146750       -0.83249945406129
P           -2.23292735631962        0.81570427890323       -0.62782149301856
S           -3.05566157693960       -0.13628063627267       -2.13541210991373
O           -3.03436040071291        2.09909274801887       -0.13435332304065
C           -3.78563793649168        2.96805168462927       -1.00316561110810
C           -2.89213503163857        3.84094473176282       -1.86078907671350
O           -2.09274993846747       -0.01038465821534        0.71612970279608
C           -3.09894941021731       -0.93084028662126        1.19104703434401
C           -2.39819790438629       -2.01285618901685        1.98748016698620
H            2.63682809331481        2.24770635911054       -0.93672980723907
H            4.30303879411001        2.78157469926510       -0.67195922879262
H            3.95620271943786        1.56478547026364       -1.90816885087523
H            3.57342143215077        1.18899674406156        1.10791581259045
H            4.93045281347757        0.52812648661760        0.15001815879328
H            2.41688369633834       -2.55406901645234        3.00483915433647
H            3.05512271345370       -3.97509550941674        2.12372644471953
H            4.42719832764917       -1.25034476472230        2.41790792702991
H            4.89154359795772       -2.73571745358381        3.25868262267854
H            5.08143459083162       -2.62045377494991        1.50049211660825
H           -0.26845966406231       -0.21137508546405       -2.56742048994977
H            1.38889620251186        0.30778062605794       -2.10572206130611
H           -4.43966922582343        2.35215119295103       -1.62853567839012
H           -4.38564229756218        3.56522186569309       -0.31443233775092
H           -2.17313149958771        4.37088286811652       -1.24150224493017
H           -2.35353364188233        3.23107296092125       -2.58431066511856
H           -3.50663166265965        4.56067021640830       -2.39320516925914
H           -3.80096539752269       -0.36810296741085        1.81114753550539
H           -3.63090677182926       -1.34851980594499        0.32877127251541
H           -3.13629352140457       -2.69162847512754        2.40187329657852
H           -1.71774034391025       -2.56743337316526        1.34505363162252
H           -1.82622571177148       -1.56176323723098        2.79457261282044
41
 energy: -65.060117419578 gnorm: 0.000198142640 xtb: 6.7.1 (edcfbbe)
C            3.67733511024762        1.93016968465237       -0.92347798215538
C            3.88588691023248        0.84702578775763        0.11571056614727
O            3.12791667202340       -0.32953703284773       -0.23298105148746
P            1.97883452221643       -0.97952843424681        0.65804349123770
S            1.48057896662017        0.03971059009586        2.25851248981614
O            2.45073252336181       -2.47387441166745        0.93851751085166
C            3.05507891210781       -2.88541159938900        2.18044651262498
C            4.45898607507960       -2.33674123090352        2.34517641364979
S            0.53005598779828       -1.51180492142639       -0.77797713429746
C            0.40471741515914        0.02470660571466       -1.74343649767681
S           -0.24309381279815        1.46097947564478       -0.83379125581986
P           -2.23255359808623        0.81528910679326       -0.62821534598698
S           -3.05530946474327       -0.13655343767814       -2.13582314747900
O           -3.03450336974041        2.09812500307719       -0.13410484079803
C           -3.78525362277504        2.96785764732928       -1.00268447083197
C           -2.89130829382753        3.84039631687534       -1.86015288815824
O           -2.09179418792039       -0.01114171535293        0.71552282334243
C           -3.09839089063300       -0.93088500697522        1.19104723340132
C           -2.39795568890427       -2.01267698387688        1.98796490838943
H            2.63576686540393        2.24707764547774       -0.93673480858160
H            4.30185501166891        2.78167668812788       -0.67246829550462
H            3.95521938841777        1.56433517440461       -1.90820712052263
H            3.57267605973789        1.18944353086196        1.10806008698816
H            4.93031143041549        0.52907681458327        0.15069927882570
H            2.41646829590169       -2.55382796765740        3.00519674293864
H            3.05457194664890       -3.97498626573668        2.12443400370307
H            4.42662853550753       -1.25009810170164        2.41774101377791
H            4.89152205572685       -2.73557103387253        3.25805661601141
H            5.08042502646551       -2.62009178327386        1.49976866140198
H           -0.26789600728494       -0.21078471391633       -2.56878548610861
H            1.38914632021345        0.30853123000975       -2.10685556197063
H           -4.43989709445824        2.35261383786477       -1.62813537077663
H           -4.38483584828968        3.56529202543872       -0.31379850369815
H           -2.17229524125702        4.37029671575199       -1.24078769738580
H           -2.35264435846200        3.23038643296988       -2.58352765724972
H           -3.50542172256884        4.56031470547039       -2.39285411029744
H           -3.80021605608031       -0.36749097506877        1.81090943493255
H           -3.63070085233216       -1.34896358865177        0.32913280170439
H           -3.13606634356933       -2.69129128976359        2.40271393635865
H           -1.71758265343907       -2.56761183703369        1.34572151701340
H           -1.82582854109539       -1.56152700857662        2.79496772924199
41
 energy: -65.060117602487 gnorm: 0.000117326676 xtb: 6.7.1 (edcfbbe)
C            3.67668284903803        1.92992876815763       -0.92353569240985
C            3.88594335974974        0.84731032183192        0.11593310849712
O            3.12890391809568       -0.32998960167755       -0.23236537278099
P            1.97879769959614       -0.97956708785043        0.65778092087394
S            1.47962690284640        0.03974230881664        2.25782544450053
O            2.45009951144774       -2.47405512163382        0.93859954870354
C            3.05472379262074       -2.88535657161629        2.18053077226072
C            4.45855788505454       -2.33659395812680        2.34496662386565
S            0.53005896970767       -1.51162870308102       -0.77841529560476
C            0.40508475589907        0.02491206652319       -1.74384274272244
S           -0.24296735227072        1.46092800458395       -0.83398858876515
P           -2.23237578864085        0.81504651540581       -0.62853787887203
S           -3.05524266865713       -0.13669580534639       -2.13618610456225
O           -3.03461769377270        2.09752324854534       -0.13401892493413
C           -3.78503142024260        2.96780219199402       -1.00235379814828
C           -2.89094602274102        3.84009822506459       -1.85982374260093
O           -2.09117667123351       -0.01160026357349        0.71501523845255
C           -3.09799336779369       -0.93090681700656        1.19097090973016
C           -2.39776310512519       -2.01245923428922        1.98825875853953
H            2.63497715091407        2.24640887443840       -0.93670740438408
H            4.30085374064994        2.78182109378033       -0.67297201310390
H            3.95454223919487        1.56396176654852       -1.90821634591679
H            3.57244014287690        1.18970352024744        1.10818375356054
H            4.93051958738526        0.52987433405149        0.15103486682455
H            2.41612549571913       -2.55379934350668        3.00529715030721
H            3.05431600525138       -3.97496124453437        2.12459033387641
H            4.42622121754217       -1.24996931830783        2.41770123566918
H            4.89133823881895       -2.73550504392039        3.25767880533767
H            5.07982252125016       -2.61982217251257        1.49941658812735
H           -0.26740683581924       -0.21051656432375       -2.56930354768521
H            1.38954720522265        0.30891545626558       -2.10709669718010
H           -4.44011603346655        2.35292690629540       -1.62775128521606
H           -4.38419939508742        3.56537969991250       -0.31322525666871
H           -2.17178703771153        4.36986214848530       -1.24051812420277
H           -2.35244372486141        3.23001607152473       -2.58324449618882
H           -3.50492224157135        4.56017149220223       -2.39247077664162
H           -3.79973460544271       -0.36702909095400        1.81051859586505
H           -3.63038342590856       -1.34920244303936        0.32919844310071
H           -3.13588803764241       -2.69095193691116        2.40320946362048
H           -1.71739171498891       -2.56764523651608        1.34623444969305
H           -1.82562966321435       -1.56117177666281        2.79517362275444
41
 energy: -65.060117683915 gnorm: 0.000069958751 xtb: 6.7.1 (edcfbbe)
C            3.67637915444278        1.92975648610529       -0.92362714969632
C            3.88608206554782        0.84731223832416        0.11590523525084
O            3.12939653628163       -0.33030322353006       -0.23205636927552
P            1.97891027586091       -0.97955666014296        0.65786139964157
S            1.47986774122849        0.03996893737399        2.25787099125846
O            2.44988487355560       -2.47410907622766        0.93867341055922
C            3.05470859493066       -2.88548905903479        2.18048740406375
C            4.45846967275091       -2.33659279273765        2.34499468730750
S            0.53041355347332       -1.51171029648722       -0.77853750760204
C            0.40531619917714        0.02493495174883       -1.74373631652622
S           -0.24283371539638        1.46087525253434       -0.83383732483085
P           -2.23226895773165        0.81511442298757       -0.62858953111390
S           -3.05496157353821       -0.13660735810496       -2.13639006992979
O           -3.03466232332518        2.09746224634662       -0.13405359524465
C           -3.78511332694057        2.96784846034208       -1.00218032197064
C           -2.89114714334621        3.84008326907711       -1.85982266691645
O           -2.09108966695330       -0.01161681572367        0.71483879765046
C           -3.09792192595609       -0.93088169748682        1.19080312954805
C           -2.39774727647483       -2.01227217795915        1.98832576808583
H            2.63459261999754        2.24597106713230       -0.93666328559598
H            4.30036248296661        2.78183559107170       -0.67327782699025
H            3.95419944041233        1.56371320407973       -1.90828242341038
H            3.57265355611093        1.18970216635935        1.10818008407497
H            4.93073434264065        0.53016238471029        0.15084410358083
H            2.41608339438538       -2.55412694233124        3.00531719686366
H            3.05442502248166       -3.97508351950180        2.12432168514488
H            4.42601099085830       -1.24998636441952        2.41782430556559
H            4.89126342773837       -2.73554443257658        3.25767010084928
H            5.07976298789107       -2.61966555752177        1.49941868938413
H           -0.26721004094757       -0.21047589949587       -2.56918564437702
H            1.38976119036118        0.30900669661823       -2.10697475914913
H           -4.44039328031332        2.35305734653878       -1.62746497229764
H           -4.38405667627200        3.56545072821564       -0.31286632748953
H           -2.17173413874964        4.36967488796100       -1.24067306579862
H           -2.35294593743376        3.22999443937058       -2.58346559646696
H           -3.50520919577738        4.56027291691651       -2.39219752772883
H           -3.79976172935782       -0.36693740811082        1.81014229676831
H           -3.63016564337325       -1.34928312670129        0.32899398356190
H           -3.13588714985946       -2.69073033809829        2.40329003962862
H           -1.71728103364170       -2.56751964709394        1.34646259440023
H           -1.82572100501559       -1.56079962124361        2.79520092479417
