38
 energy: -64.692870070400 gnorm: 0.052333616240 xtb: 6.7.1 (edcfbbe)
C            5.22915307043015       -1.86902402807366       -1.66926615662052
C            4.57904793973930       -0.58910532018242       -1.19287489242845
O            3.11609069426428       -0.68110133740930       -1.25254316186048
C            2.50825084990926       -1.28643172475149       -0.22437658205680
O            3.09251354889446       -1.77482262352037        0.72764503307102
C            1.01029713011842       -1.36267832457557       -0.40487593190537
C            0.35317200955348       -0.09030062676915       -0.93553080857172
H            0.80503261567317        0.18649207524560       -1.89759757421385
C            0.50808607633758        1.15634143260494       -0.06660277384897
O           -0.17301736247190        2.15774375099716       -0.18035165899283
O            1.53603531398574        1.02472607348000        0.76891226748506
C            1.87175487892780        2.18167550053753        1.60737151879411
C            2.62815086446796        3.23574425785668        0.82664391938221
S           -1.41825304457424       -0.39300120459263       -1.40002569556113
P           -2.48877009193176       -0.12971332465684        0.41763122375245
S           -1.53256130601756       -0.47815805442720        2.07040694316517
O           -3.13224173534147        1.33864361376724        0.42669076082979
C           -3.75640738767610        1.90560165041102       -0.76114405292127
O           -3.80004893808163       -1.00934495398345        0.09816479386590
C           -3.75314407969349       -2.46298962102458        0.11805727083097
H            6.31592228709598       -1.73387622815799       -1.65121728624000
H            4.97860395596593       -2.71228038829650       -1.02012513241758
H            4.92951909569703       -2.10338773575577       -2.69423022240319
H            4.81457086333451        0.24809160450298       -1.85155887382899
H            4.86724085141434       -0.33826089908570       -0.16886545663830
H            0.57567506022934       -1.65371586513438        0.55188727801424
H            0.82666457591205       -2.17192925401213       -1.12094724962688
H            0.94340601855560        2.56944069306643        2.03988173211503
H            2.48885420942888        1.74821609824108        2.39762587138060
H            3.52240475828680        2.80835716325220        0.35859178694863
H            2.00528406851983        3.69775130226397        0.05700311779867
H            2.94605859024597        4.01737167684505        1.52574258670835
H           -4.52484985582409        1.23356271411557       -1.15168586969815
H           -2.99666671536693        2.10479630879396       -1.52084311376228
H           -4.21043716303093        2.84033071497886       -0.43198473383249
H           -4.79339899654022       -2.78919086738389        0.07588088302664
H           -3.28474025256390       -2.81477530576905        1.04284519622630
H           -3.20452095623126       -2.83423010489510       -0.75266409382434
38
 energy: -64.696938630893 gnorm: 0.024229706330 xtb: 6.7.1 (edcfbbe)
C            5.22610098673321       -1.86227512981562       -1.66990615859466
C            4.56571661057558       -0.58436949482058       -1.19355441422345
O            3.11320497239891       -0.67317351791935       -1.23796562075775
C            2.50713531988381       -1.27582025507567       -0.21960460993090
O            3.08890578494388       -1.75174499993552        0.72817263313697
C            1.00775184417880       -1.36763917345327       -0.40310273901521
C            0.37232512689418       -0.09591995130652       -0.94788144892569
H            0.82510174631545        0.18039222295979       -1.90802764367612
C            0.49579173010939        1.12942051144536       -0.05554260007643
O           -0.22256456720727        2.10072699613848       -0.14911243465277
O            1.52906502402995        1.02372444609994        0.76318488979499
C            1.86369776755186        2.16916714339392        1.59910724239477
C            2.62245149879491        3.23129946472008        0.82903772763461
S           -1.38888853968594       -0.37215951893459       -1.41374614769618
P           -2.46136806998058       -0.11969718152556        0.39377808774234
S           -1.52934097706452       -0.48508903286664        2.07422633268664
O           -3.10656383300384        1.34009955197937        0.40495142769245
C           -3.75104507784077        1.90283106249282       -0.76207828256116
O           -3.77512051564604       -1.00142005008089        0.10447616125975
C           -3.73833011765192       -2.44473170223268        0.12050550470537
H            6.30695876036421       -1.73144862643786       -1.65327180599789
H            4.96889136941858       -2.69501546888045       -1.01763509824665
H            4.91642337972917       -2.09739074794886       -2.68613243264153
H            4.79839207339187        0.25280045281601       -1.85277252824613
H            4.85629278650221       -0.34995149861990       -0.16643046339119
H            0.57116190875810       -1.64775764055616        0.55785416089496
H            0.82309018757432       -2.17376827614686       -1.11963871777259
H            0.93468693209993        2.56226236194145        2.02109723929235
H            2.47762818459072        1.73373672291716        2.38883982728165
H            3.50745361570224        2.80179685109567        0.36166773696343
H            1.99524701320282        3.67972709408958        0.06103513233753
H            2.93613367747631        4.01058334940925        1.52180274899603
H           -4.51361721235588        1.22167088270874       -1.13807517994370
H           -2.99901636932544        2.10188359787979       -1.52522098040740
H           -4.19986601104051        2.83218957900098       -0.41773324004063
H           -4.77926752548660       -2.76102574657975        0.08405218930800
H           -3.26453932527132       -2.79702521142385        1.03765895759197
H           -3.19734871801736       -2.81032022802449       -0.75234459077414
38
 energy: -64.698906917523 gnorm: 0.013157013647 xtb: 6.7.1 (edcfbbe)
C            5.21449950120891       -1.85205093438196       -1.67008980057129
C            4.54824473633238       -0.57282003551208       -1.19017595201111
O            3.10820324522723       -0.67085393719613       -1.22598810493213
C            2.50715737122847       -1.27391764093274       -0.21527577727477
O            3.08808000404942       -1.72881475426071        0.73906236867194
C            1.00464765106542       -1.37789443137123       -0.40344450994836
C            0.37648889605820       -0.10938529273425       -0.95590458636624
H            0.84290139842269        0.16489039419110       -1.90874371049623
C            0.48146679001900        1.10204366106855       -0.04828592734661
O           -0.30027322458685        2.03253593923484       -0.09587100933392
O            1.52768125783616        1.02464662741066        0.74414727077462
C            1.84775521207339        2.15034090457454        1.59194390663575
C            2.60998378366734        3.22054310822629        0.82900550852849
S           -1.37097856006215       -0.37025361451665       -1.43993767842126
P           -2.41874524000994       -0.09757502557853        0.37722823449414
S           -1.49801814004490       -0.48390007626765        2.06227661161370
O           -3.06867845257237        1.34893039051168        0.38714505188125
C           -3.73899738429467        1.90268940605451       -0.76099136080970
O           -3.73024430544689       -0.98302725801954        0.10850614832275
C           -3.70941135977335       -2.41680438102902        0.11826286528719
H            6.29000669885984       -1.71948164413580       -1.65608141416275
H            4.95592635308350       -2.67728479917078       -1.01274533722442
H            4.89642981760349       -2.08939576497114       -2.68003171483985
H            4.77724525611622        0.26376136510018       -1.85024251760485
H            4.84707329575801       -0.35035633946764       -0.16203412906768
H            0.56851006548005       -1.64294209100647        0.56262479890116
H            0.82058055646158       -2.18773444613372       -1.11301688771548
H            0.91682366662148        2.54696859954495        2.00526040153644
H            2.45766715878031        1.71286038299869        2.38232488067840
H            3.49166996619576        2.79226052312676        0.36378385982851
H            1.97929415356353        3.65967380183202        0.06138338874838
H            2.91532499787919        3.99653101377287        1.52076397746215
H           -4.49845528315598        1.21309903327485       -1.12186077228388
H           -3.00383349762265        2.10749058336486       -1.53737932479149
H           -4.18757366416260        2.82573382091316       -0.40503532797423
H           -4.75267947308169       -2.72124945073560        0.08758378685173
H           -3.23502796145580       -2.77687456492088        1.02976470446018
H           -3.17801384567939       -2.78581423435432       -0.75626105935870
38
 energy: -64.699579301673 gnorm: 0.011013902719 xtb: 6.7.1 (edcfbbe)
C            5.20474206134573       -1.84269882882470       -1.67055763655088
C            4.53632051116082       -0.56259880953111       -1.18728243505617
O            3.10225140757814       -0.67120398409177       -1.21951355332032
C            2.50622513330531       -1.27286597129056       -0.20739365134435
O            3.08727896374374       -1.71734294396361        0.75379459980707
C            1.00396453246306       -1.39189187942492       -0.40440076270631
C            0.38208701638238       -0.12303898405160       -0.96443950843723
H            0.87230035682347        0.15781409050770       -1.90416254126723
C            0.46196819020383        1.07198330781610       -0.03200760391663
O           -0.35143205462411        1.97757003426962       -0.05455472892578
O            1.53124244155931        1.02034962381876        0.72609062897203
C            1.83555110599721        2.13529098766808        1.58478911898138
C            2.59817798773918        3.21327469394120        0.82817358876300
S           -1.35869129491270       -0.37370195880597       -1.45559124456216
P           -2.39500892089459       -0.07812714030859        0.36797415056274
S           -1.45540032611738       -0.47214976986333        2.03949503987241
O           -3.04710609332779        1.35926788488735        0.37960623319296
C           -3.73421173540002        1.90800517641861       -0.75887078242689
O           -3.70534997039463       -0.96703007270531        0.11570222786488
C           -3.68894902548295       -2.39682057630150        0.11636467281449
H            6.27949133114932       -1.70719980186934       -1.66205781304240
H            4.94893301332956       -2.66584272028640       -1.00894910483904
H            4.87953758927511       -2.08165643698618       -2.67801897971995
H            4.76232295617470        0.27383243780515       -1.84797772589172
H            4.84334483427068       -0.34106329127207       -0.16099788250741
H            0.56490196577110       -1.65122074358723        0.56166018107492
H            0.82625856788484       -2.20605142433990       -1.10944887349680
H            0.90141057863015        2.52887648309434        1.99485527140413
H            2.44259515465226        1.69879217466966        2.37781839069660
H            3.48283025837468        2.78755205096243        0.36579039752855
H            1.96616706083745        3.64798792535617        0.05854436355603
H            2.89571528449671        3.98953706491359        1.52249756722626
H           -4.49273403316856        1.21264869227101       -1.11131614376970
H           -3.01193120846370        2.11874710419213       -1.54687512061133
H           -4.18509616221099        2.82764476668675       -0.39790484662387
H           -4.73327384998408       -2.69816376737431        0.09165092076799
H           -3.20908610141694       -2.76602041809595        1.02249583790873
H           -3.16461608510802       -2.76591613780028       -0.76331138983604
38
 energy: -64.699808793193 gnorm: 0.006456413080 xtb: 6.7.1 (edcfbbe)
C            5.20042460922147       -1.83513389226443       -1.67160638847970
C            4.53006293691300       -0.55664062362718       -1.18602428903713
O            3.09646474981621       -0.67403359453760       -1.21797805537302
C            2.50362724137500       -1.27805849840046       -0.20365381676777
O            3.08507760882694       -1.71645280442446        0.76190841505405
C            1.00270803459321       -1.40424247094230       -0.40392109405040
C            0.37986545666198       -0.13456055028823       -0.96557145210738
H            0.88458115822088        0.14866143030587       -1.89681320755858
C            0.46215752896767        1.05829423734605       -0.03143363214503
O           -0.36427994517698        1.95007367101203       -0.03547228635515
O            1.54070536334579        1.01715766697174        0.71085311253732
C            1.82992511005394        2.12704310178576        1.58159787711850
C            2.59148333205842        3.21098379479135        0.83151605217718
S           -1.35809529605723       -0.37964385439552       -1.46669445941701
P           -2.38361660926065       -0.06535470331754        0.36365126685104
S           -1.43378733669185       -0.45806564271171        2.03042749168386
O           -3.04144302822651        1.36621673623363        0.37824344234202
C           -3.73625224745598        1.91369059975081       -0.75740798570873
O           -3.69326502221400       -0.95725525686361        0.12069255348889
C           -3.67530867118431       -2.38717169942924        0.11488734593170
H            6.27615797959821       -1.69715087546335       -1.66866995904903
H            4.94960237701738       -2.65968196339708       -1.00855033566462
H            4.87099828391858       -2.07497077969559       -2.67840780436085
H            4.75288023781686        0.28109095538899       -1.84643759644181
H            4.83970577424192       -0.33166150558166       -0.16136134768598
H            0.56138866879102       -1.66432301687358        0.56028297505807
H            0.83001664225777       -2.22064497016031       -1.10771721766824
H            0.89011505236721        2.51319386059506        1.98706002617165
H            2.43292610246409        1.69169934820998        2.37891912894184
H            3.48154385116522        2.78960768265722        0.37261275162421
H            1.96159007030927        3.64450050092577        0.05837810031834
H            2.88203368419466        3.98878182829395        1.52908248873179
H           -4.49375544969355        1.21523006296822       -1.10789714594395
H           -3.01925288417427        2.12870760427542       -1.54977664967823
H           -4.19015573255433        2.83173472266068       -0.39485069003583
H           -4.71968604255379       -2.69012276617129        0.09452725645503
H           -3.18959925384876       -2.76187977875185        1.01705081663734
H           -3.15481289346231       -2.75304971837129       -0.76977482545241
38
 energy: -64.699899441752 gnorm: 0.003351815845 xtb: 6.7.1 (edcfbbe)
C            5.20024519470189       -1.82987018001637       -1.67331288906372
C            4.52786017193001       -0.55447329767473       -1.18549504565277
O            3.09315499018229       -0.67755483036871       -1.21816392055127
C            2.50200923600983       -1.28473109977880       -0.20268089213387
O            3.08387028751347       -1.72307613357825        0.76276100016852
C            1.00295022776694       -1.41453386100408       -0.40518497887161
C            0.38145745833493       -0.14246719405444       -0.96632883835813
H            0.89084534867266        0.14148486309166       -1.89408854032245
C            0.46537424172120        1.05002425752803       -0.03137998579739
O           -0.36710006960649        1.93436206962473       -0.02275713619623
O            1.55226649311842        1.01610754480272        0.69863931380334
C            1.83041684236111        2.12414835670937        1.57811232834010
C            2.58964370090890        3.21393679024979        0.83601275549878
S           -1.35802631798126       -0.37935039540600       -1.46332042863442
P           -2.38488162604894       -0.05809642879002        0.36509406224855
S           -1.43007327241996       -0.44741740791147        2.02948385062857
O           -3.04800973955562        1.37052578484338        0.37947909472440
C           -3.74173550248814        1.91864671471291       -0.75782134991745
O           -3.69321404146329       -0.95340886377589        0.12633749773684
C           -3.66824665306156       -2.38430560984125        0.11439060511665
H            6.27651039985657       -1.68915755229649       -1.67460236089063
H            4.95490795546695       -2.65684906786581       -1.01051256875734
H            4.86869179756338       -2.06992505665135       -2.67992757469641
H            4.74683518508781        0.28534258056631       -1.84505040813639
H            4.83606505468699       -0.32645239867697       -0.16123494354970
H            0.55881984698869       -1.67779718380401        0.55663195608451
H            0.83309683121874       -2.23024409464637       -1.11084340476286
H            0.88486368910610        2.50066856067603        1.97988912140549
H            2.43020083810036        1.68856550734129        2.37805039204559
H            3.48488630047880        2.79797311404618        0.38039618298638
H            1.96222459549378        3.64746593664999        0.06033081919589
H            2.87374466158878        3.99203198364994        1.53724526010118
H           -4.49801112282623        1.21946401404196       -1.11025126001721
H           -3.02409314162795        2.13581987013729       -1.54879496062006
H           -4.19794723855602        2.83597711385998       -0.39536489111131
H           -4.71128995747698       -2.69230032983125        0.09664909655562
H           -3.17700285415925       -2.76043563787277        1.01341046340758
H           -3.14857836994483       -2.74352960018210       -0.77412655986486
38
 energy: -64.699942048279 gnorm: 0.002359821928 xtb: 6.7.1 (edcfbbe)
C            5.20188715860164       -1.82622087354208       -1.67502486020661
C            4.52621173835567       -0.55468286311571       -1.18511046668945
O            3.09040305273167       -0.68067712937432       -1.21867173789880
C            2.49970089721328       -1.29069813396526       -0.20352221541360
O            3.08220070734626       -1.73069906548259        0.76022008034056
C            1.00149153566895       -1.42071226905060       -0.40675567101133
C            0.37926535473160       -0.14730048517250       -0.96548515070086
H            0.88800860868706        0.13578536079772       -1.89320858792801
C            0.46654339180267        1.04501441673194       -0.02972586307562
O           -0.37111361426596        1.92391310346883       -0.00952758013087
O            1.56156769054028        1.01723762996013        0.68912333360649
C            1.83413184051579        2.12372710448922        1.57459726708795
C            2.59088434755016        3.21904075430363        0.84060839115992
S           -1.36085048016202       -0.38015185584703       -1.46193540747893
P           -2.38570302731088       -0.05443936300289        0.36753932007172
S           -1.43517244068750       -0.44176527715068        2.03540361582950
O           -3.05368013066375        1.37271102783639        0.37965943675394
C           -3.74523261513116        1.92154438450638       -0.75972489797211
O           -3.69313003984324       -0.95194881665426        0.12963994587448
C           -3.66253612861417       -2.38365381807875        0.11412109678634
H            6.27791550777228       -1.68230526681694       -1.67875377424850
H            4.96135846469139       -2.65547523916507       -1.01327862301498
H            4.86951772471229       -2.06614568146186       -2.68144480495604
H            4.74205235132216        0.28735860803263       -1.84317939822682
H            4.83171323124017       -0.32607431335275       -0.16025207455158
H            0.55561675390952       -1.68790142394156        0.55323513827667
H            0.83267490385165       -2.23410311064699       -1.11561056508630
H            0.88473940417826        2.49245271166850        1.97425406147927
H            2.43207334793130        1.68650487170611        2.37502926557048
H            3.48996996724151        2.80878651229378        0.38722699889826
H            1.96540065234365        3.65341393990404        0.06391098656094
H            2.86931480896635        3.99583981987170        1.54572515202548
H           -4.50073948953801        1.22251805252000       -1.11418220731742
H           -3.02563303879567        2.13967012947115       -1.54831548220675
H           -4.20302338649850        2.83832707587490       -0.39737233192393
H           -4.70428720804003       -2.69587228246479        0.09751443960203
H           -3.16806462557044       -2.75911472023020        1.01130580736654
H           -3.14274577514222       -2.73733467641567       -0.77636177511024
38
 energy: -64.699962728319 gnorm: 0.001922251374 xtb: 6.7.1 (edcfbbe)
C            5.20380994361342       -1.82451787032565       -1.67639433543045
C            4.52493817471523       -0.55595032814795       -1.18482891662662
O            3.08886566154374       -0.68386663341427       -1.21968253981101
C            2.49790625200079       -1.29506047227531       -0.20540878996227
O            3.08083375870081       -1.73582168744749        0.75739268905068
C            0.99955636380723       -1.42293219893481       -0.40823618163915
C            0.37858904776582       -0.14821389207888       -0.96532151081132
H            0.88490653583907        0.13336551405341       -1.89476632764092
C            0.46823830994964        1.04356190791683       -0.02912179198725
O           -0.37373396587667        1.91821231866970       -0.00033547934640
O            1.56754230547217        1.02003828941092        0.68276984948802
C            1.83839666378616        2.12440876080721        1.57234014173738
C            2.59379622832559        3.22357043267181        0.84416754797179
S           -1.36261788285040       -0.37914708852270       -1.45784636222985
P           -2.38944311301465       -0.05363646903417        0.36986040943013
S           -1.44041386511818       -0.44146773661613        2.03853727518392
O           -3.06014030924011        1.37318710694341        0.37957289245697
C           -3.74763768380299        1.92268030963046       -0.76199783589734
O           -3.69612883226718       -0.95297406303531        0.13200944154955
C           -3.66022748589874       -2.38477798446364        0.11469282482010
H            6.27911204097147       -1.67716268021505       -1.68074071088789
H            4.96660641780422       -2.65533608540383       -1.01566578855704
H            4.87162639748621       -2.06436214637976       -2.68271772229882
H            4.73892340407566        0.28780675652886       -1.84129963652357
H            4.82804856726574       -0.32870650798640       -0.15893609802946
H            0.55304116468235       -1.69194535881790        0.55118677401943
H            0.82992224853259       -2.23432550054028       -1.11930965609007
H            0.88770028497218        2.48944582407345        1.97161177916693
H            2.43589938271866        1.68476259203681        2.37166877834595
H            3.49515403113036        2.81805402730091        0.39176401692062
H            1.96946599179037        3.65938794129014        0.06760925155299
H            2.86796638781485        3.99818156930066        1.55288062072799
H           -4.50227142659707        1.22406180379435       -1.11870449562124
H           -3.02514202901570        2.14056265431660       -1.54776338678610
H           -4.20602329084649        2.83926248784700       -0.40013723994177
H           -4.70073198362591       -2.70057815860782        0.09845225282325
H           -3.16371761094088       -2.75866572576013        1.01096293796589
H           -3.13988464402744       -2.73453287008046       -0.77659381495133
38
 energy: -64.699974622505 gnorm: 0.001391142575 xtb: 6.7.1 (edcfbbe)
C            5.20580253770214       -1.82398066096217       -1.67781286029552
C            4.52280790578271       -0.55823152582492       -1.18446909391994
O            3.08716971196966       -0.68765888663547       -1.22119036186152
C            2.49508296975086       -1.29697801102469       -0.20730379348144
O            3.07799128229920       -1.73915031066467        0.75473377432593
C            0.99596673542258       -1.42256851612224       -0.41005504015929
C            0.37605816976800       -0.14673252233507       -0.96501697309404
H            0.88011760547865        0.13409685432758       -1.89645259059002
C            0.46684305171660        1.04289248309478       -0.02634977956926
O           -0.37893021786348        1.91285641877661        0.01074549021493
O            1.57187339546931        1.02479166519502        0.67590470894725
C            1.84404179917977        2.12529729634354        1.56973069428230
C            2.59868153413791        3.22877248481737        0.84761343579108
S           -1.36572276174545       -0.37696456323075       -1.45680491470577
P           -2.39202552370347       -0.05425187143417        0.37151509683983
S           -1.44806860706537       -0.44448567636922        2.04254715285754
O           -3.06552000640493        1.37229879691945        0.37916800866691
C           -3.74833729335109        1.92206703742178       -0.76474897121269
O           -3.69818344349850       -0.95496270458118        0.13252010730001
C           -3.65815902831697       -2.38644144289270        0.11567223649266
H            6.28010697351696       -1.67215536802126       -1.68188881086224
H            4.97168285721335       -2.65620836587570       -1.01808771714890
H            4.87434294117159       -2.06385403239152       -2.68414928831490
H            4.73602703638162        0.28725704402494       -1.83866288356225
H            4.82377727998304       -0.33393174270170       -0.15725114421115
H            0.54964226638389       -1.69266658477957        0.54930496986803
H            0.82491302316055       -2.23211045237155       -1.12289977182009
H            0.89405264166783        2.48885556186171        1.97125295213223
H            2.44256250254185        1.68164906095004        2.36596807565461
H            3.50184598702070        2.82821327929470        0.39547688398097
H            1.97498180623552        3.66679043893237        0.07199748453387
H            2.86862234904060        4.00012951033279        1.56090108496500
H           -4.50199665994124        1.22398594562079       -1.12422686918050
H           -3.02271045529727        2.13933037958340       -1.54785855415694
H           -4.20721160245072        2.83868685999194       -0.40416962829003
H           -4.69762814266180       -2.70533465501311        0.09960457672163
H           -3.16053542052897       -2.75823571227999        1.01186706142631
H           -3.13723375852378       -2.73449867347256       -0.77545388642295
38
 energy: -64.699977878007 gnorm: 0.002793454079 xtb: 6.7.1 (edcfbbe)
C            5.20603079975721       -1.82468453299221       -1.67805003983440
C            4.52219302249671       -0.55896270581344       -1.18438931487855
O            3.08721611846758       -0.68921256407936       -1.22226774357905
C            2.49442461115166       -1.29659282241740       -0.20814947513232
O            3.07629797995283       -1.73704829887647        0.75564723489580
C            0.99496849113204       -1.42100598863759       -0.41072086615194
C            0.37611458879694       -0.14476374679736       -0.96574492815622
H            0.87997684835507        0.13685150163926       -1.89714960274266
C            0.46669189957856        1.04403873440444       -0.02640155652649
O           -0.38522562610649        1.90985661585594        0.01804877500647
O            1.57374718008917        1.02760144207333        0.67203052320225
C            1.84595702473812        2.12513058261600        1.56897054512306
C            2.60068850875723        3.23015284042628        0.84830216327015
S           -1.36594861273878       -0.37552416823409       -1.45681894106735
P           -2.39334215250012       -0.05469694897437        0.37102464670645
S           -1.44837936981131       -0.44667462512928        2.04107366857518
O           -3.06741868705488        1.37148273849502        0.37953031645848
C           -3.74805932383429        1.92106525459056       -0.76529515912291
O           -3.69915939648070       -0.95597504682011        0.13124710520874
C           -3.65875360528684       -2.38707012162821        0.11621302523130
H            6.28022702280565       -1.67209098664046       -1.68167826909063
H            4.97188181097340       -2.65698663882941       -1.01841877205861
H            4.87481412396176       -2.06453146361230       -2.68449915143210
H            4.73625766671379        0.28689231646268       -1.83770285936595
H            4.82301152968501       -0.33593308857375       -0.15686777724496
H            0.54905492808990       -1.68982176235465        0.54915340307382
H            0.82304568110583       -2.23103327912569       -1.12263827113413
H            0.89674490370385        2.48890936272113        1.97255187353961
H            2.44544544641019        1.67967240066179        2.36354684338221
H            3.50402857050235        2.83039859928425        0.39583061682588
H            1.97678002813935        3.66873432209567        0.07306620978904
H            2.86994742867685        4.00059967012720        1.56285566907977
H           -4.50119877258916        1.22299485334824       -1.12604449091545
H           -3.02131076818894        2.13786671363491       -1.54767411824724
H           -4.20713907007685        2.83802952368307       -0.40597417151909
H           -4.69814381158110       -2.70646201372017        0.10042864666418
H           -3.16113230540080       -2.75801847101881        1.01299816034501
H           -3.13760327074893       -2.73661935934002       -0.77436305603570
38
 energy: -64.699982451232 gnorm: 0.001095137561 xtb: 6.7.1 (edcfbbe)
C            5.20566544322666       -1.82565872113887       -1.67787802604827
C            4.52240710043743       -0.55926494668775       -1.18443142809452
O            3.08758944372057       -0.68931231313179       -1.22268588639919
C            2.49436506345550       -1.29529409276993       -0.20802126053290
O            3.07544358137055       -1.73459159137098        0.75702701043757
C            0.99481616598026       -1.41934593826820       -0.41038021633310
C            0.37600136043879       -0.14322698403589       -0.96575824257715
H            0.88081358990796        0.13893421182618       -1.89646105091049
C            0.46624149829234        1.04541347858025       -0.02627958036345
O           -0.38370024794563        1.91179054081320        0.01656308969933
O            1.57275993051062        1.02835242144874        0.67237712041437
C            1.84635381333015        2.12527276973068        1.56920638873159
C            2.60149527477444        3.22978841832493        0.84765379859021
S           -1.36610606664685       -0.37453290435686       -1.45762255082738
P           -2.39384888992795       -0.05527604888516        0.37046942362531
S           -1.44855869911169       -0.44870621246217        2.03987451121849
O           -3.06825145579106        1.37064382065566        0.38044771843335
C           -3.74781835716492        1.92015300795299       -0.76490632566454
O           -3.69935099491378       -0.95666738885028        0.12922415871144
C           -3.65990834763913       -2.38770692165943        0.11621799561295
H            6.28008821531072       -1.67379040192517       -1.68110508361039
H            4.97064983863409       -2.65777060204344       -1.01820648580485
H            4.87468628699512       -2.06535917366733       -2.68452690564461
H            4.73742230072678        0.28641799885628       -1.83767556211128
H            4.82355687329173       -0.33630828053441       -0.15701857229809
H            0.54914892868772       -1.68730417681702        0.54976682802449
H            0.82262548771893       -2.22997399466858       -1.12147899587629
H            0.89787534323380        2.49005161011886        1.97397836866460
H            2.44632253677072        1.67945178610233        2.36330109568549
H            3.50435395550164        2.82911295757679        0.39476724289784
H            1.97733264364776        3.66852187957750        0.07259229308018
H            2.87176820308542        4.00042245156218        1.56179057903276
H           -4.50081382401363        1.22214608304584       -1.12632659917423
H           -3.02058382725367        2.13674598038757       -1.54701559080645
H           -4.20706341446162        2.83742907202665       -0.40645540773902
H           -4.69954688366463       -2.70657448060326        0.10040739584118
H           -3.16301003408293       -2.75809365468853        1.01385810619624
H           -3.13849039479033       -2.73932082151699       -0.77361849193953
38
 energy: -64.699984098753 gnorm: 0.000536174398 xtb: 6.7.1 (edcfbbe)
C            5.20528165968829       -1.82639370556904       -1.67794432172653
C            4.52273990914024       -0.55974057124818       -1.18451067652215
O            3.08773631473295       -0.68906544063714       -1.22269999989899
C            2.49415586153165       -1.29334814022563       -0.20702676390697
O            3.07463574306346       -1.73281218403819        0.75813885648558
C            0.99491059562140       -1.41875278851023       -0.41032559376441
C            0.37547169869806       -0.14270016678815       -0.96550531590205
H            0.88128242018581        0.14019115620269       -1.89524419698036
C            0.46498292499857        1.04537097947016       -0.02473857804790
O           -0.38522557198374        1.91074661962483        0.01967621473709
O            1.57367585190498        1.02931212198474        0.67113645503424
C            1.84747624198464        2.12562701927899        1.56860096021136
C            2.60237636087645        3.23034449808246        0.84732238105570
S           -1.36642681495553       -0.37345049979179       -1.45875317228667
P           -2.39372702643850       -0.05533511136017        0.37001140071639
S           -1.45023248606267       -0.44977893036457        2.04015964337914
O           -3.06927225696849        1.36996047922628        0.38118021661831
C           -3.74797729540840        1.91968428829397       -0.76483113970289
O           -3.69881803619558       -0.95699075170293        0.12713531435039
C           -3.66023189049495       -2.38814258654478        0.11601661391650
H            6.27995627977615       -1.67551983900428       -1.68118663321219
H            4.96969840373947       -2.65851611339513       -1.01839982168495
H            4.87427342314302       -2.06571142034363       -2.68472026584131
H            4.73816977225503        0.28590572124814       -1.83780709599360
H            4.82389982105193       -0.33636682163160       -0.15719863104479
H            0.54891393299675       -1.68725600430302        0.54947059136629
H            0.82326936870372       -2.22928194497953       -1.12173155699163
H            0.89891229621001        2.48964443562926        1.97398492799422
H            2.44753082155572        1.67941941141071        2.36244939060582
H            3.50513432082496        2.82937223623980        0.39421065941510
H            1.97815050455618        3.66917539764122        0.07236195846538
H            2.87317425794513        4.00110989871829        1.56127189419933
H           -4.50102293379082        1.22195511954542       -1.12687505144817
H           -3.02016342807080        2.13625813745287       -1.54644492705109
H           -4.20753514361288        2.83714403350890       -0.40693617165028
H           -4.70004852879769       -2.70654824358588        0.10031742964419
H           -3.16376745313319       -2.75765224542661        1.01432699353891
H           -3.13862847762947       -2.74128920560373       -0.77322112593540
38
 energy: -64.699985004638 gnorm: 0.000243876670 xtb: 6.7.1 (edcfbbe)
C            5.20522201656803       -1.82681978886181       -1.67799895787663
C            4.52303354183106       -0.56014219587532       -1.18457504895107
O            3.08786355762602       -0.68935034076236       -1.22289569417888
C            2.49414171468660       -1.29352092365748       -0.20717114706319
O            3.07446634230103       -1.73171496054581        0.75864593741425
C            0.99489221683320       -1.41837787423728       -0.41032685331447
C            0.37554436858960       -0.14217441496467       -0.96538075666094
H            0.88122324800734        0.14051314451959       -1.89517136613723
C            0.46539359772772        1.04581495000716       -0.02452206015777
O           -0.38577898140119        1.91015492918471        0.02188463643781
O            1.57454140193974        1.03018251969577        0.67046563774729
C            1.84841258863084        2.12629782539168        1.56827770946925
C            2.60324104358304        3.23105338346574        0.84733155365425
S           -1.36632176096324       -0.37273151060696       -1.45840121164386
P           -2.39449072361013       -0.05569490390772        0.37004338502129
S           -1.45182249210517       -0.45103523430147        2.04051941297286
O           -3.07059426643399        1.36942691778521        0.38144284169719
C           -3.74835996180779        1.91953026190684       -0.76504983629999
O           -3.69934315743180       -0.95757322548527        0.12614936250826
C           -3.66074217813071       -2.38877347213570        0.11599696233762
H            6.27992497703928       -1.67637681827570       -1.68103073153896
H            4.96929213372866       -2.65901014597095       -1.01869252644115
H            4.87433996852757       -2.06588125081793       -2.68484698431519
H            4.73849395209377        0.28552459705721       -1.83788227189616
H            4.82395656819058       -0.33678171671131       -0.15717205412507
H            0.54873347542776       -1.68717686751164        0.54935864639784
H            0.82322189539790       -2.22860655572934       -1.12208257341260
H            0.89978159755365        2.49001287395631        1.97361657984393
H            2.44838086383059        1.67984091274445        2.36204816240966
H            3.50589299604813        2.83015115636893        0.39401681086660
H            1.97904770317393        3.67012363789580        0.07253342094255
H            2.87423308734300        4.00163755597913        1.56134065043219
H           -4.50145700073698        1.22209257100438       -1.12747637434236
H           -3.01988130224009        2.13582200774607       -1.54606829072137
H           -4.20780030567001        2.83710403622518       -0.40728151354553
H           -4.70054308349058       -2.70709136776605        0.10035184103120
H           -3.16437301696466       -2.75751287345380        1.01460978398172
H           -3.13903518405082       -2.74236800085107       -0.77293622040171
38
 energy: -64.699984923546 gnorm: 0.000458421291 xtb: 6.7.1 (edcfbbe)
C            5.20518035368097       -1.82716921895297       -1.67805182229507
C            4.52328913853074       -0.56048535259704       -1.18462488577426
O            3.08797275917031       -0.68961789534428       -1.22307985743458
C            2.49412776533494       -1.29374277559798       -0.20733755983416
O            3.07430815576748       -1.73077658736383        0.75908175598185
C            0.99486809181852       -1.41804905402590       -0.41032539608572
C            0.37560649796192       -0.14171499512807       -0.96528313477426
H            0.88116328199897        0.14077065824356       -1.89512265752765
C            0.46578454163799        1.04622507402108       -0.02437505613081
O           -0.38619453241523        1.90968366318760        0.02374859386506
O            1.57529252309892        1.03093603540566        0.66987725570986
C            1.84923223348043        2.12686945573322        1.56799832022775
C            2.60399718437078        3.23166326020484        0.84735993968749
S           -1.36624049790598       -0.37208210745878       -1.45809050293280
P           -2.39516640069305       -0.05600289470773        0.37007760026409
S           -1.45322504787695       -0.45211746436884        2.04085218256028
O           -3.07177347475334        1.36896237839339        0.38168403967501
C           -3.74870442987733        1.91939242039482       -0.76524139221809
O           -3.69980524663351       -0.95808414585807        0.12529921136615
C           -3.66118064643574       -2.38932757868100        0.11598664659193
H            6.27990639375401       -1.67709619297774       -1.68090330766820
H            4.96896092457973       -2.65942934018152       -1.01896307318458
H            4.87440967661447       -2.06600182159831       -2.68496299672417
H            4.73877390112405        0.28521416967204       -1.83792761229932
H            4.82399016456927       -0.33714565186614       -0.15713503677793
H            0.54857311147894       -1.68708386234289        0.54927418907664
H            0.82314280804461       -2.22802442629744       -1.12236914905833
H            0.90053720098962        2.49030860394533        1.97329090275687
H            2.44911410815892        1.68018786673937        2.36170549730936
H            3.50656243187483        2.83082659529148        0.39387747782509
H            1.97984120707416        3.67093753683140        0.07269622367816
H            2.87515008464872        4.00209463324296        1.56141677051255
H           -4.50183516023186        1.22220396826060       -1.12801582364344
H           -3.01963083664848        2.13544870981245       -1.54572315574497
H           -4.20806288543634        2.83706062298142       -0.40759109573396
H           -4.70096436895584       -2.70757571774724        0.10037679075744
H           -3.16489950946219       -2.75738685510404        1.01486668488764
H           -3.13937006079556       -2.74330287565694       -0.77267570474929
38
 energy: -64.699985427154 gnorm: 0.000177808794 xtb: 6.7.1 (edcfbbe)
C            5.20494938509809       -1.82753010028968       -1.67796389380694
C            4.52324216217459       -0.56057903406458       -1.18473936396716
O            3.08799099934412       -0.68940429906253       -1.22285008179978
C            2.49419290404781       -1.29273903027517       -0.20672049302414
O            3.07453999977577       -1.73014935431660        0.75936571504533
C            0.99499431841144       -1.41807754030852       -0.41029618250468
C            0.37577691979324       -0.14170059734560       -0.96512131224698
H            0.88152818964535        0.14102249896072       -1.89490654675903
C            0.46550485139022        1.04588175914630       -0.02383705230545
O           -0.38714259960773        1.90880607098897        0.02470352555392
O            1.57533995467407        1.03110284066918        0.66995305823353
C            1.84910713355305        2.12712063756108        1.56798156556509
C            2.60399644312970        3.23173611691803        0.84699453433892
S           -1.36585066290902       -0.37238416312331       -1.45808740932033
P           -2.39503645235482       -0.05604475293691        0.36989529568422
S           -1.45283266865869       -0.45255474689160        2.04035486030477
O           -3.07140753789105        1.36892315359162        0.38142962504972
C           -3.74859825759583        1.91945168913901       -0.76520791611051
O           -3.69971589065183       -0.95804611629122        0.12509392207564
C           -3.66131167423851       -2.38922374340347        0.11585483203134
H            6.27968086280185       -1.67759689552086       -1.68069692203135
H            4.96842320045531       -2.65957554298746       -1.01871355877691
H            4.87415125236812       -2.06642432315519       -2.68485784773107
H            4.73875571124749        0.28486981047132       -1.83826943278055
H            4.82425180343772       -0.33713192441804       -0.15737786958772
H            0.54863303683428       -1.68732756489743        0.54918676413214
H            0.82367342619740       -2.22794278292788       -1.12255291215325
H            0.90049520514990        2.49089416677807        1.97322877027885
H            2.44907016157343        1.68058805310847        2.36170531000322
H            3.50640694986336        2.83075344780381        0.39336137233876
H            1.97970462269210        3.67106797413642        0.07243750718396
H            2.87531571800659        4.00207159759407        1.56106974365520
H           -4.50186356330655        1.22230068943519       -1.12770814763101
H           -3.01978484676041        2.13533728847409       -1.54596573737856
H           -4.20757761016627        2.83716634004303       -0.40733483544931
H           -4.70115966813159       -2.70728552828432        0.10045807335253
H           -3.16496492296625       -2.75740398560731        1.01467787127206
H           -3.13974741478454       -2.74340327020718       -0.77287396859285
38
 energy: -64.699985542216 gnorm: 0.000111752249 xtb: 6.7.1 (edcfbbe)
C            5.20479462435067       -1.82786033805455       -1.67780643627919
C            4.52332989488641       -0.56060447879229       -1.18481728262768
O            3.08811346383733       -0.68946695669987       -1.22279573716697
C            2.49436285463155       -1.29258609752815       -0.20650791963033
O            3.07471997510069       -1.72943605796665        0.75988572215348
C            0.99519587331388       -1.41808950211707       -0.41019058883706
C            0.37580440485750       -0.14172961483638       -0.96493988672646
H            0.88179422571632        0.14129352742010       -1.89455281561548
C            0.46516475961725        1.04562011450626       -0.02335518567460
O           -0.38765132823361        1.90831856427185        0.02523442980011
O            1.57532064066499        1.03120557184409        0.67004662386484
C            1.84903778315354        2.12740717328148        1.56788768632816
C            2.60402003372647        3.23187237240253        0.84658064191100
S           -1.36575154733849       -0.37231874889399       -1.45833724978041
P           -2.39480686359740       -0.05616423069030        0.36977286644900
S           -1.45305835595623       -0.45290970621763        2.04041169694495
O           -3.07105062995056        1.36879439403353        0.38137046593133
C           -3.74852378626213        1.91945895633622       -0.76503532581429
O           -3.69954629276284       -0.95799273789171        0.12472541248534
C           -3.66149727974661       -2.38916427423888        0.11563674203692
H            6.27958217562647       -1.67818181653633       -1.68041837504111
H            4.96794625490780       -2.65973885536733       -1.01843337524862
H            4.87405676747055       -2.06684295784500       -2.68471690492649
H            4.73888384358162        0.28462542289592       -1.83859310389661
H            4.82454872947092       -0.33694773787307       -0.15757675816047
H            0.54875854534056       -1.68744322610574        0.54920273469360
H            0.82411446684871       -2.22792980108911       -1.12249696051799
H            0.90044527970149        2.49136606269508        1.97307522703266
H            2.44900370159550        1.68108592205845        2.36172882512821
H            3.50624327457812        2.83059059791522        0.39278977899385
H            1.97961069088728        3.67123186447549        0.07210347230558
H            2.87565938425628        4.00223972193998        1.56055424712173
H           -4.50203583185090        1.22246550933911       -1.12734642568067
H           -3.01999725069617        2.13523170016357       -1.54611948074180
H           -4.20718135118664        2.83727566852089       -0.40704114229718
H           -4.70143494919390       -2.70703290473078        0.10046935991676
H           -3.16508834567051       -2.75745448556398        1.01442306534655
H           -3.14015639403402       -2.74361977655646       -0.77314718163904
38
 energy: -64.699985599679 gnorm: 0.000072693408 xtb: 6.7.1 (edcfbbe)
C            5.20480221216828       -1.82818522111317       -1.67766427359900
C            4.52345331537797       -0.56076200934950       -1.18493155645059
O            3.08822111420750       -0.68952249699672       -1.22276765557843
C            2.49447766707826       -1.29236377133818       -0.20629010190206
O            3.07483731584955       -1.72905924365954        0.76014474139108
C            0.99536014047111       -1.41808747349877       -0.41007186384776
C            0.37586107509315       -0.14172124918900       -0.96471423648455
H            0.88183579368823        0.14134081033408       -1.89430156693814
C            0.46529748315940        1.04568727543486       -0.02324913021268
O           -0.38761685437045        1.90825572403133        0.02548452771645
O            1.57538416029567        1.03139333980234        0.67016793075247
C            1.84907722533210        2.12777076815039        1.56783984524269
C            2.60411987434452        3.23205466690694        0.84630356554067
S           -1.36565191378259       -0.37256403177952       -1.45826101657525
P           -2.39493192591436       -0.05626625496189        0.36976932824317
S           -1.45344088880482       -0.45327534613856        2.04050391419265
O           -3.07119101828393        1.36868812921474        0.38143376728821
C           -3.74865863403246        1.91952078369929       -0.76488593028013
O           -3.69965407732792       -0.95804969523010        0.12442474607040
C           -3.66171214612085       -2.38922968411147        0.11542841718854
H            6.27962584011346       -1.67871882374248       -1.68017318005485
H            4.96772505298115       -2.65992427937772       -1.01819689391397
H            4.87414400321632       -2.06724284411923       -2.68458136434561
H            4.73901485971780        0.28428507383664       -1.83894514847312
H            4.82477063795558       -0.33684946323112       -0.15777896990796
H            0.54885594615816       -1.68763662622646        0.54923378017838
H            0.82444251260470       -2.22783490839941       -1.12252980182593
H            0.90044183645431        2.49180334237743        1.97284032194495
H            2.44895859324492        1.68161714415861        2.36183635086265
H            3.50617980336548        2.83054447404514        0.39238651585847
H            1.97966468505870        3.67146332407271        0.07189968780847
H            2.87605237772577        4.00244587199835        1.56014616076708
H           -4.50238372370836        1.22271291106461       -1.12713064224093
H           -3.02017833950160        2.13513353593155       -1.54606730480492
H           -4.20705169239559        2.83745127453026       -0.40683262474376
H           -4.70167517252085       -2.70703703468710        0.10044286855654
H           -3.16520104476840       -2.75749608056593        1.01416682910941
H           -3.14052465248799       -2.74377307336890       -0.77340917439102
