----------------------------------------------- 
  Element       SASA      Sigma Z        Total  
     Z         Ang**2 cal/Ang**2/mol   kcal/mol 
----------------------------------------------- 
      H         95.587      48.690       4.654
      C        113.369     129.740      14.708
      N         10.247       0.000       0.000
      O         52.622       0.000       0.000

 Subtotal:     271.824                  19.363
 -----------------------------------------------

  Elements    COT*SASA   Sigma Z,Z'     Total   
    Z,Z'       Ang**2  cal/Ang**2/mol kcal/mol  
 ---------------------------------------------- 
  H   C         47.802     -60.770      -2.905
  H   O          4.908       0.000       0.000
  C   C        165.058     -72.950     -12.041
  O   C         24.723      68.690       1.698
  O   O          0.000       0.000       0.000
  C   N          3.170       0.000       0.000
  N   C         12.806     -48.220      -0.618
  N  C(3)        0.000      84.100       0.000
  O   N          0.000     121.980       0.000

 Subtotal:                             -13.865
 ---------------------------------------------- 

 NONAQUEOUS SOLVENT CONTRIBUTION (kcal/mol):
 (proportional to SASA, atomic number independent)
 ---------------------------------------------- 
 Subtotal:                               0.000
 ---------------------------------------------- 

 CDS TOTAL (kcal/mol):                   5.497
...............................................................................
