----------------------------------------------- 
  Element       SASA      Sigma Z        Total  
     Z         Ang**2 cal/Ang**2/mol   kcal/mol 
----------------------------------------------- 
      H        230.976      48.690      11.246
      C         59.063     129.740       7.663
      O         31.419       0.000       0.000
      P          2.638       0.000       0.000
      S         94.567      -9.100      -0.861

 Subtotal:     418.662                  18.048
 -----------------------------------------------

  Elements    COT*SASA   Sigma Z,Z'     Total   
    Z,Z'       Ang**2  cal/Ang**2/mol kcal/mol  
 ---------------------------------------------- 
  H   C        155.761     -60.770      -9.466
  H   O          0.000       0.000       0.000
  C   C         33.957     -72.950      -2.477
  O   C          0.000      68.690       0.000
  O   O          0.000       0.000       0.000
  O   P         21.766      68.850       1.499

 Subtotal:                             -10.444
 ---------------------------------------------- 

 NONAQUEOUS SOLVENT CONTRIBUTION (kcal/mol):
 (proportional to SASA, atomic number independent)
 ---------------------------------------------- 
 Subtotal:                               0.000
 ---------------------------------------------- 

 CDS TOTAL (kcal/mol):                   7.604
...............................................................................
