----------------------------------------------- 
  Element       SASA      Sigma Z        Total  
     Z         Ang**2 cal/Ang**2/mol   kcal/mol 
----------------------------------------------- 
      H         60.412      48.690       2.941
      C         54.255     129.740       7.039
      O         18.245       0.000       0.000
      Br        44.840      -8.720      -0.391

 Subtotal:     177.752                   9.589
 -----------------------------------------------

  Elements    COT*SASA   Sigma Z,Z'     Total   
    Z,Z'       Ang**2  cal/Ang**2/mol kcal/mol  
 ---------------------------------------------- 
  H   C         32.615     -60.770      -1.982
  H   O          8.746       0.000       0.000
  C   C         72.894     -72.950      -5.318
  O   C          5.172      68.690       0.355

 Subtotal:                              -6.944
 ---------------------------------------------- 

 NONAQUEOUS SOLVENT CONTRIBUTION (kcal/mol):
 (proportional to SASA, atomic number independent)
 ---------------------------------------------- 
 Subtotal:                               0.000
 ---------------------------------------------- 

 CDS TOTAL (kcal/mol):                   2.645
...............................................................................
