----------------------------------------------- 
  Element       SASA      Sigma Z        Total  
     Z         Ang**2 cal/Ang**2/mol   kcal/mol 
----------------------------------------------- 
      H        237.858      48.690      11.581
      C         53.584     129.740       6.952
      O         27.729       0.000       0.000
      P          2.170       0.000       0.000
      S        107.673      -9.100      -0.980

 Subtotal:     429.014                  17.553
 -----------------------------------------------

  Elements    COT*SASA   Sigma Z,Z'     Total   
    Z,Z'       Ang**2  cal/Ang**2/mol kcal/mol  
 ---------------------------------------------- 
  H   C        159.961     -60.770      -9.721
  H   O          0.000       0.000       0.000
  C   C         31.008     -72.950      -2.262
  O   C          0.000      68.690       0.000
  O   O          0.000       0.000       0.000
  O   P         18.983      68.850       1.307

 Subtotal:                             -10.676
 ---------------------------------------------- 

 NONAQUEOUS SOLVENT CONTRIBUTION (kcal/mol):
 (proportional to SASA, atomic number independent)
 ---------------------------------------------- 
 Subtotal:                               0.000
 ---------------------------------------------- 

 CDS TOTAL (kcal/mol):                   6.877
...............................................................................
