41
 energy: -65.042549942842 gnorm: 0.051103420053 xtb: 6.7.1 (edcfbbe)
C            3.57674823551468       -2.34371278598703        2.03585023685992
C            3.59464017188381       -0.86306085691100        1.74806296002525
O            3.68198568759047       -0.63385617450912        0.28897626896457
P            2.47201783786560        0.00279791963455       -0.55423910279101
S            3.01278203926808        0.54011423758303       -2.34368786737927
O            1.82836746578914        1.13648468723243        0.38234982875144
C            1.98367688001730        2.57562309209311        0.15195061647783
C            3.30884066036232        3.07376109752112        0.67433868059648
S            1.01354659040179       -1.53681406296835       -0.44665036102324
C           -0.15932520865534       -0.95826816778019       -1.73626505646331
S           -0.97441546921577        0.67468706761449       -1.48009145444976
P           -2.55494535093190        0.22191685216653       -0.16643437519047
S           -3.42669401647380        1.87839599976131        0.37911621306843
O           -1.95714191021848       -0.71719289127813        0.99554050908740
C           -1.16778163477649       -0.13350891723769        2.08616040662904
C           -0.79952012891265       -1.25925825742986        3.01815442105921
O           -3.42596803949372       -0.85291459721085       -0.97833950710283
C           -4.82938690754400       -1.11546356896030       -0.60579537464282
C           -4.95402745503592       -1.82534089714560        0.72021935044860
H            3.62389403913043       -2.48732413052798        3.12042738516315
H            2.65826740157860       -2.81584276153191        1.67309849240876
H            4.43838359213243       -2.84402292894054        1.58428912075966
H            4.48632169960428       -0.38244879230032        2.15774946270327
H            2.71152170716539       -0.35767917733299        2.14814525509115
H            1.86297328697603        2.77329251680588       -0.91768925308538
H            1.14228018546482        3.01611821548296        0.69193817844348
H            3.34244278631995        4.16269968711517        0.56101892124774
H            3.42846572173528        2.83414496140545        1.73577779805207
H            4.14512549168038        2.64682225870005        0.11314229637095
H           -0.90967830921906       -1.74743130888334       -1.83531175037500
H            0.37939616390242       -0.86594720119810       -2.68521713307101
H           -0.28105523361645        0.34545944986952        1.65642363594053
H           -1.78385184477887        0.62089190115173        2.58528465991670
H           -0.23275520834944       -0.85197771148278        3.86191802796525
H           -1.69807447808665       -1.74932520875379        3.40821305806426
H           -0.17857560530148       -2.00383736652309        2.51048233542566
H           -5.36204337650206       -0.15972520955636       -0.60989528585053
H           -5.19656309959878       -1.73145055390911       -1.42776725896394
H           -6.00600026827795       -2.09459805950964        0.86577230882536
H           -4.35739683959960       -2.74232029558300        0.73562000052543
H           -4.65066281575364       -1.18645739269859        1.55503790003642
41
 energy: -65.046662987542 gnorm: 0.027122523872 xtb: 6.7.1 (edcfbbe)
C            3.57240596810718       -2.34094675157380        2.03330452807963
C            3.59173037968168       -0.85917306930447        1.74097818877078
O            3.67005347419699       -0.61770723460766        0.29630298760591
P            2.45718184028239       -0.00239060401990       -0.54567160623716
S            3.00530164279398        0.55817303571374       -2.33458183482348
O            1.81387364466664        1.13456343933556        0.38392782634043
C            1.97678042685463        2.56142181565097        0.15087072519637
C            3.30298359005835        3.06463055138835        0.67169933735625
S            0.96466788900729       -1.49508414301258       -0.39546112233203
C           -0.15274871198164       -0.98334085199714       -1.74420097700381
S           -0.94477833450249        0.63832499445287       -1.46355720686051
P           -2.55060872359309        0.23035991887091       -0.15712704166262
S           -3.47932488388872        1.84763284416663        0.44888997143395
O           -1.94453972491253       -0.70512233457063        0.99519490072707
C           -1.16793123301270       -0.13287976362846        2.08336809429283
C           -0.79553384008440       -1.25822419651002        3.01957225164991
O           -3.41302693475893       -0.84112836421866       -0.97081722825563
C           -4.80715622958997       -1.10727963196488       -0.61171553212337
C           -4.94627337664304       -1.82009016755497        0.71219902743720
H            3.61910747963847       -2.48756934150958        3.11172156177462
H            2.66149623931635       -2.80286479173330        1.65431656270902
H            4.42925794753890       -2.83027038540589        1.57519442109460
H            4.48768659298815       -0.38358782596059        2.14522898803161
H            2.70379122500695       -0.35902901368646        2.13278742733732
H            1.86925247201711        2.75075142193761       -0.92088279483411
H            1.13584892519601        3.00679404889863        0.68610539230214
H            3.34106807879065        4.14683386402644        0.55368148804183
H            3.41989583871554        2.82399663566156        1.72708395318791
H            4.12883007961165        2.62491262516567        0.11208081161643
H           -0.91688900169563       -1.75414219641106       -1.82613418098466
H            0.41098100030227       -0.87541944396724       -2.67268300017778
H           -0.28407109250107        0.34883322709313        1.65564307593618
H           -1.78547493546999        0.62391610747253        2.57496500202762
H           -0.23263684698825       -0.85376548938676        3.85873431773702
H           -1.69131416293155       -1.74589435819644        3.39892445564387
H           -0.18523668558974       -1.99631686361063        2.50234990914302
H           -5.33952444370316       -0.15169887012817       -0.60552133693908
H           -5.16521514067294       -1.72299868901144       -1.43811952826985
H           -5.99258132442521       -2.08819695895813        0.85751787476384
H           -4.34417949036670       -2.72663697140639        0.72658257010049
H           -4.63733517341828       -1.17595554951174        1.53492228868553
41
 energy: -65.048274257367 gnorm: 0.011023689268 xtb: 6.7.1 (edcfbbe)
C            3.56432152407058       -2.33656781379525        2.02146242753960
C            3.58333307590812       -0.85083965785450        1.73273488936399
O            3.64458422935388       -0.59869987631159        0.30129751907779
P            2.42450524291116       -0.00648972594863       -0.53188640168292
S            2.96565569330868        0.54942685471263       -2.32577807283325
O            1.78878050279148        1.13986771383143        0.38951898979446
C            1.96413916288890        2.55154539905577        0.14921098197119
C            3.29589867367340        3.05026230116307        0.66872128552616
S            0.93589815539917       -1.49909943943947       -0.36005576664694
C           -0.15857808860154       -0.97523270591090       -1.70777822240131
S           -0.93497488858324        0.65451083598468       -1.47122808086999
P           -2.53079805477864        0.21280551893308       -0.15184142085024
S           -3.47551557903695        1.81170750064316        0.47648950067835
O           -1.92388169904752       -0.70881959920935        1.00138446095938
C           -1.16535044873828       -0.13473502306560        2.08361716296311
C           -0.78999483186998       -1.25914304778881        3.02445747717182
O           -3.39114364900846       -0.84919263202304       -0.96518215086956
C           -4.77935015479745       -1.10145060609129       -0.62503602935843
C           -4.93119744630331       -1.81334165963662        0.70073108088297
H            3.61119802486186       -2.48647078970542        3.09469297244039
H            2.65742266340702       -2.78952071502922        1.63146299385515
H            4.41910033984222       -2.81633797104001        1.55723076741754
H            4.48577264752581       -0.38378960903462        2.13110855774309
H            2.69653994026956       -0.35630378480505        2.13188643577165
H            1.87031394083186        2.73252310422370       -0.92518899991466
H            1.12602714415060        3.00989825335936        0.67689397187482
H            3.34274476100106        4.12669573882060        0.54301370117635
H            3.40869136607509        2.81021970751420        1.72091646665249
H            4.11062675228630        2.59343746623853        0.10995450975344
H           -0.92531748954098       -1.73747022935021       -1.79622868957060
H            0.42506198060198       -0.87042464146055       -2.62121366385041
H           -0.28067926274496        0.35120915365370        1.66361616982721
H           -1.78601275938597        0.62390124054552        2.56894887705918
H           -0.23001748210288       -0.85438956648643        3.85883760168331
H           -1.68539965535400       -1.74478796500239        3.39470551790470
H           -0.18637408187864       -1.99042518548765        2.49725136370809
H           -5.30750172320739       -0.14341223855390       -0.61159194039533
H           -5.13403118536159       -1.71488476828593       -1.45437563322422
H           -5.97421389477481       -2.07596626486259        0.84463638028161
H           -4.32729731005847       -2.71443696216099        0.71737787048582
H           -4.61717169194245       -1.16234764235186        1.51289968742326
41
 energy: -65.048861700387 gnorm: 0.006671845252 xtb: 6.7.1 (edcfbbe)
C            3.55696012746642       -2.33289048900125        2.00634611425025
C            3.57830850531960       -0.84196476564878        1.73181596733980
O            3.63199376942710       -0.58069627296907        0.30662883929577
P            2.40548762995242       -0.00689811685068       -0.52034000192955
S            2.92035467344873        0.52725019556788       -2.32661014805129
O            1.76604566518640        1.14361741351152        0.39371623270561
C            1.94902507226521        2.54716922760877        0.14606743129788
C            3.28710628086017        3.03547406883004        0.66613738658269
S            0.92118204791589       -1.50114311788519       -0.33420672732997
C           -0.16057948620056       -0.97731504193042       -1.68719619626463
S           -0.93769822837208        0.65363631134098       -1.46102468447480
P           -2.52711189387810        0.21639262281838       -0.13636220464146
S           -3.48217662478003        1.80158441606742        0.50653124384383
O           -1.90219237191038       -0.70445257544521        1.00178035637846
C           -1.15790058398130       -0.13178255353022        2.08771480004007
C           -0.78370670658259       -1.26036340041395        3.02689149308403
O           -3.36939444558550       -0.84246858412003       -0.96298838535166
C           -4.75577254053065       -1.09653403041058       -0.64126916641616
C           -4.91434018351944       -1.80811357189568        0.68687889588590
H            3.60109753715671       -2.49033064154451        3.07802579501333
H            2.64923570849858       -2.78008290467033        1.61058906013033
H            4.41312091160468       -2.80869199898450        1.53891297627298
H            4.48470197670035       -0.38371625608535        2.13111328350287
H            2.69657823343543       -0.35078183263974        2.14788011252254
H            1.86370110845694        2.72626770965120       -0.92994690342093
H            1.11430269037118        3.02083322884029        0.66614280566405
H            3.34526378885022        4.11027232203604        0.53341442021094
H            3.39568030120740        2.79808970053379        1.71988349480659
H            4.09607568883768        2.56495116276132        0.10905621961941
H           -0.92954786523819       -1.73634115275889       -1.78421736896314
H            0.43289822726888       -0.88150925130789       -2.59551171537192
H           -0.26977103426159        0.36305131936395        1.68268052142051
H           -1.78382260760818        0.62192537054807        2.57590101621575
H           -0.22501247494361       -0.85797374816829        3.86274569470292
H           -1.68126119076670       -1.74689420888711        3.39263553356020
H           -0.17955285438946       -1.98822726877351        2.49474962842298
H           -5.28723777353810       -0.14000293423440       -0.62647962097542
H           -5.10737165860635       -1.70784628273308       -1.47321268527953
H           -5.95755873333787       -2.06885924308299        0.82814322173968
H           -4.30904750954826       -2.70878148521244        0.70779616237117
H           -4.60224873260977       -1.15242267230804        1.49686165010880
41
 energy: -65.049099235920 gnorm: 0.005175022364 xtb: 6.7.1 (edcfbbe)
C            3.54965060114003       -2.32968044080332        1.99271095036771
C            3.57512973568416       -0.83526048634542        1.73252520809267
O            3.62425617273462       -0.56319161361007        0.30957994072714
P            2.39041930575792       -0.00734748909910       -0.51385044589224
S            2.89190908413866        0.51531610610881       -2.32705615778590
O            1.74269465588865        1.14534970471994        0.39370288061293
C            1.93593282802969        2.54540378335911        0.14122818210014
C            3.27855672600781        3.02287801280032        0.66279105356492
S            0.90677720869682       -1.50043158423957       -0.31134401214272
C           -0.16799223595025       -0.97860386908759       -1.67048938796547
S           -0.92818486472499        0.66545455729251       -1.45597331452403
P           -2.51547677272768        0.21747788825828       -0.13012660271356
S           -3.47643141601130        1.79505402037952        0.51949408985215
O           -1.88206431122898       -0.70239345077371        1.00135695484742
C           -1.15104398151989       -0.12999375494993        2.09645663544843
C           -0.77816420758974       -1.26205392316531        3.03286207011859
O           -3.34941000663878       -0.83912284864574       -0.96367056069780
C           -4.73732548819147       -1.09338456246978       -0.65403603812436
C           -4.90159026180020       -1.80406003739987        0.67507825415838
H            3.58990914755254       -2.49824597638862        3.06413620067408
H            2.64032597922546       -2.77171784859877        1.59182502108299
H            4.40674907699544       -2.80402831488410        1.52295069431220
H            4.48430316892163       -0.38405079177493        2.13414900431237
H            2.69868174126176       -0.34513570094552        2.16314360565734
H            1.85432175476104        2.72466882854226       -0.93554283015801
H            1.10473822902593        3.03241373218318        0.65531267467179
H            3.35039505076775        4.09743732562262        0.52493098082269
H            3.38197954220427        2.78897036086950        1.71914975523490
H            4.08409215069857        2.54017821254347        0.10953521093138
H           -0.94297644071208       -1.73329655179622       -1.77246581347438
H            0.42949789808704       -0.89421174349871       -2.57843858455068
H           -0.25993414080179        0.37219023409471        1.70450360278596
H           -1.78350849688955        0.61847360195932        2.58599415375446
H           -0.21981579479453       -0.86288130978179        3.87210471454798
H           -1.67689040514178       -1.75109409778137        3.39654371074244
H           -0.17123727478192       -1.98855045833701        2.49960426412874
H           -5.27218181987378       -0.13829576707422       -0.64366446693090
H           -5.08637991828671       -1.70471356906239       -1.48686016908242
H           -5.94620577472535       -2.06433122760845        0.81428195309732
H           -4.29600995400284       -2.70592400037825        0.69984955666223
H           -4.59168204714488       -1.14583428224628        1.48539160925184
41
 energy: -65.049191152628 gnorm: 0.003692098337 xtb: 6.7.1 (edcfbbe)
C            3.54340541520542       -2.32778997945110        1.98422449330399
C            3.57286065875530       -0.83230249738120        1.73395316435754
O            3.62029065382460       -0.55003524803048        0.31169255496531
P            2.38142269620717       -0.00597150111041       -0.51091957159815
S            2.88135755105941        0.51121032210976       -2.32598782624347
O            1.72545773509133        1.14789409541193        0.39170234826732
C            1.92862878146254        2.54705869797552        0.13784200540759
C            3.27349307849246        3.01579766300291        0.66031220002062
S            0.90754595429279       -1.50686027431306       -0.30865594865691
C           -0.16875381873143       -0.98204647132747       -1.66527960369296
S           -0.92219596604987        0.66693075995661       -1.45399094642466
P           -2.50771469193919        0.22261664509104       -0.12539227694243
S           -3.47380785582910        1.79600751717902        0.52723455581151
O           -1.87086384857280       -0.69846722419093        1.00296253201050
C           -1.14677446064325       -0.12872534035530        2.10633153414941
C           -0.77533921481325       -1.26340497448885        3.03940047757723
O           -3.33679569617558       -0.83397251929056       -0.96351629415614
C           -4.72667040694819       -1.09150915149850       -0.66057261274485
C           -4.89474757637723       -1.80168926194253        0.66774624624337
H            3.58088237672392       -2.50499878528485        3.05516484175821
H            2.63321447026287       -2.76568708286851        1.57962080565666
H            4.40023368037709       -2.80205260596028        1.51327381536124
H            4.48416759287660       -0.38539183712226        2.13610995735910
H            2.69949718469297       -0.34112651118110        2.16989242025818
H            1.84738691143248        2.72543196251970       -0.93928270632956
H            1.09987539351375        3.04039959030220        0.64968946922170
H            3.35516782605353        4.08984027198328        0.51976869210143
H            3.37267201901165        2.78466702318666        1.71817259879119
H            4.07690069647044        2.52515894670830        0.11067308142415
H           -0.95033264218299       -1.73150139843654       -1.76179597562188
H            0.42396588571269       -0.90629621886254       -2.57710646985763
H           -0.25529929303483        0.37750323941924        1.72075193366603
H           -1.78481995865288        0.61548724634932        2.59509154895038
H           -0.21712470680029       -0.86687683069835        3.88100931172646
H           -1.67373174027884       -1.75448801379260        3.40244666741384
H           -0.16658846544898       -1.98918101171840        2.50622558247517
H           -5.26382714298623       -0.13752012594543       -0.65510612836589
H           -5.07051998880061       -1.70418042775586       -1.49477220106953
H           -5.94010446319032       -2.06278594280718        0.80456130886430
H           -4.28920498165631       -2.70402558668363        0.69449654198637
H           -4.58739519836553       -1.14368649071005        1.47970242109386
41
 energy: -65.049244597628 gnorm: 0.002028358616 xtb: 6.7.1 (edcfbbe)
C            3.53629965506738       -2.32611370348152        1.97653402088659
C            3.57098069022932       -0.83021445703620        1.73608685644937
O            3.62050005626542       -0.53673698713606        0.31474283639146
P            2.37914973278961       -0.00318718632090       -0.51085563701801
S            2.88169113052313        0.51371457797329       -2.32544203817131
O            1.71058291519675        1.14929412634656        0.38698707322763
C            1.92275936850673        2.54866942664966        0.13470687310381
C            3.26896064762879        3.00931525804255        0.65795490145120
S            0.90947641860149       -1.50639995954454       -0.30942260493856
C           -0.17202989919167       -0.98557864800167       -1.66362859807605
S           -0.91530466324031        0.66837739599912       -1.45378744103417
P           -2.49877989392054        0.22570608219085       -0.12246925280991
S           -3.46403691508580        1.79962105025989        0.52789539982226
O           -1.86274389603241       -0.69560280231068        1.00668637937488
C           -1.14351146574155       -0.12849067931583        2.11712928026924
C           -0.77396103936432       -1.26503693620573        3.04732436900127
O           -3.32679442324024       -0.83091755661523       -0.96256909916359
C           -4.71847033800889       -1.09076150782277       -0.66447665915069
C           -4.89000653059638       -1.80019768863265        0.66249667797928
H            3.57090022550596       -2.51084015022420        3.04644127644214
H            2.62571518203810       -2.75927834731695        1.56766170818512
H            4.39246538331651       -2.80055927065174        1.50489520347934
H            4.48435379962712       -0.38821710674650        2.13912747682988
H            2.69955709719629       -0.33722712025966        2.17322408598562
H            1.84143522182427        2.72665957475501       -0.94249398143924
H            1.09609686588483        3.04500527688078        0.64646138389824
H            3.35842817748111        4.08230430787656        0.51511522619665
H            3.36443437824605        2.78083685848689        1.71668552238842
H            4.07024652377806        2.51225927340832        0.11156392907734
H           -0.95889001093745       -1.73059783109144       -1.75013565175034
H            0.41509095721915       -0.91730257061004       -2.57963187909409
H           -0.25236857079430        0.38023299644494        1.73575211982848
H           -1.78650704066850        0.61214319170440        2.60402165303901
H           -0.21608314339512       -0.87029084151084        3.89033101702495
H           -1.67181876879360       -1.75725779204833        3.40975386142492
H           -0.16423416117147       -1.99011670038242        2.51426909759730
H           -5.25628834472904       -0.13719358453106       -0.66394414841598
H           -5.05582237245299       -1.70511737951383       -1.50030067967315
H           -5.93576666020983       -2.06171245441663        0.79638080839567
H           -4.28489957073369       -2.70271340568973        0.69064605977043
H           -4.58499227457662       -1.14304606161415        1.47595712173313
41
 energy: -65.049257853382 gnorm: 0.001276196184 xtb: 6.7.1 (edcfbbe)
C            3.53197369567493       -2.32533379059214        1.97318804002573
C            3.56937179327798       -0.82947396159369        1.73631389260381
O            3.62021195988582       -0.53149135321397        0.31539706217075
P            2.37909893802294       -0.00138964526574       -0.51300315750321
S            2.88674222682110        0.51864311016093       -2.32550524021569
O            1.70497697246002        1.14988399278096        0.38325675784896
C            1.92107764092335        2.54969380683144        0.13387766447126
C            3.26784181688208        3.00698248911046        0.65708908281648
S            0.91351910407055       -1.50888516247884       -0.31030758196063
C           -0.16978996644318       -0.98735459611249       -1.66350132136079
S           -0.91169902922715        0.66637536832869       -1.45491619569040
P           -2.49496205123822        0.22738857566356       -0.12211086121911
S           -3.46020576209577        1.80235044325985        0.52814876185925
O           -1.86122387113659       -0.69411903296499        1.00877711750880
C           -1.14298303278431       -0.12848698490550        2.12133415249382
C           -0.77457542978317       -1.26579798022694        3.05062774626807
O           -3.32396843124618       -0.82970571862837       -0.96161954428921
C           -4.71593598302683       -1.09078002044768       -0.66449969739064
C           -4.88916558578424       -1.80009554875029        0.66174313462147
H            3.56591551077678       -2.51219976065733        3.04237378865095
H            2.62128152977098       -2.75604465105924        1.56272746270842
H            4.38752451616394       -2.79996288756672        1.50101235802817
H            4.48386786048477       -0.39041714883751        2.13977522294339
H            2.69845743780781       -0.33552848718060        2.17295924129541
H            1.83936993205926        2.72881207747044       -0.94298555640688
H            1.09545780187368        3.04569469322882        0.64738477885726
H            3.35977470407906        4.07930568487462        0.51327901046854
H            3.36238174073673        2.77927873708032        1.71579528854838
H            4.06771889837904        2.50744589675062        0.11133356655453
H           -0.95798907316348       -1.73090096751310       -1.74452391440652
H            0.41410077820796       -0.92170107310120       -2.58156681679865
H           -0.25197114646221        0.38048244538517        1.74099603646430
H           -1.78713930146947        0.61113809204076        2.60758969715538
H           -0.21712462401641       -0.87154673742292        3.89387620779350
H           -1.67251440507454       -1.75776789649746        3.41234014595219
H           -0.16506673968304       -1.99054012627148        2.51736358956067
H           -5.25380208801012       -0.13742122655235       -0.66536045639966
H           -5.05029652507137       -1.70580398451896       -1.50099183285173
H           -5.93495787246915       -2.06146202346817        0.79396080796200
H           -4.28431671110626       -2.70249833709086        0.69043527407460
H           -4.58516278502577       -1.14333564206061        1.47561083530553
41
 energy: -65.049262079723 gnorm: 0.001004867668 xtb: 6.7.1 (edcfbbe)
C            3.52905562116332       -2.32478713254217        1.97166726406619
C            3.56934471743277       -0.82857166842511        1.73729635843686
O            3.62291473864897       -0.52776468710600        0.31734577336079
P            2.38249076263643        0.00044875980638       -0.51340685315111
S            2.89072710228405        0.52106693490340       -2.32560302193435
O            1.70423864437167        1.15040732355826        0.38155018130096
C            1.92068344318066        2.55049827539349        0.13456017511340
C            3.26824436873667        3.00626528321217        0.65679713144504
S            0.91812843504762       -1.50789943133112       -0.31524137600787
C           -0.17004255761160       -0.98915391607876       -1.66578666177671
S           -0.91064566285122        0.66384149203238       -1.45689831187003
P           -2.49316819366003        0.22743854676301       -0.12265228990325
S           -3.45587145140606        1.80475674388986        0.52552139371327
O           -1.86170114299053       -0.69384510304126        1.01013840660268
C           -1.14328162469639       -0.12862542342368        2.12235568896513
C           -0.77588933708418       -1.26637369247756        3.05180227479280
O           -3.32391962817051       -0.83012167698062       -0.96045117449218
C           -4.71554695952740       -1.09124644992677       -0.66314296146708
C           -4.88954967899826       -1.80047997878981        0.66305692875304
H            3.56237865797951       -2.51285938979968        3.04030929127054
H            2.61815525952316       -2.75316207190900        1.55979592723710
H            4.38394050424455       -2.79974543237314        1.49887186040501
H            4.48404743714516       -0.39193017775331        2.14226186546564
H            2.69806803455163       -0.33421779336713        2.17255494106059
H            1.83819043330302        2.73145247394356       -0.94182497877515
H            1.09579580824644        3.04519787986770        0.65056433098799
H            3.36102167526970        4.07813260578150        0.51198009933673
H            3.36331971271706        2.77890261469499        1.71528828440627
H            4.06673862155407        2.50523137627315        0.11052634069269
H           -0.95693731602864       -1.73370984275866       -1.74380840605234
H            0.41298189706296       -0.92364744398946       -2.58417827312835
H           -0.25204323852456        0.37980044496747        1.74209533530469
H           -1.78706951742024        0.61121078749961        2.60854843024186
H           -0.21898875792097       -0.87230255070435        3.89509639112649
H           -1.67444361833998       -1.75749448690550        3.41251386542617
H           -0.16698718536722       -1.99108634062914        2.51833779518236
H           -5.25326966281241       -0.13795724015623       -0.66375699888279
H           -5.04908905418167       -1.70640738467273       -1.49969099746187
H           -5.93532561842868       -2.06134059464106        0.79427028555994
H           -4.28495736842286       -2.70281725763320        0.69222137152702
H           -4.58592385661467       -1.14367370718393        1.47678886164038
41
 energy: -65.049264879645 gnorm: 0.000433508078 xtb: 6.7.1 (edcfbbe)
C            3.52797879633686       -2.32442742227132        1.97105768909712
C            3.56904198005470       -0.82791782249854        1.73692640049761
O            3.62285114071124       -0.52704141938351        0.31724753727454
P            2.38249943282767        0.00076877227143       -0.51383002074996
S            2.89162932837064        0.52232381903578       -2.32545362709012
O            1.70436236646143        1.15047177242321        0.38114069815029
C            1.92069184812532        2.55060051422466        0.13539916496759
C            3.26901896358133        3.00606895503354        0.65674990609805
S            0.91831962779541       -1.50809300436876       -0.31299418071579
C           -0.16829793977990       -0.98927880895773       -1.66565042654464
S           -0.91054972458505        0.66279280605526       -1.45754129624803
P           -2.49334001689019        0.22692415728204       -0.12343099712027
S           -3.45449708853747        1.80526558289925        0.52372428221332
O           -1.86194170301099       -0.69420014510748        1.00958202217973
C           -1.14342817024736       -0.12872831955754        2.12105446591839
C           -0.77657861435130       -1.26657236338148        3.05103170360906
O           -3.32470867859605       -0.83089329452813       -0.96021121673445
C           -4.71599784449412       -1.09148633763536       -0.66237753743288
C           -4.88972666062200       -1.80062179311676        0.66426272915662
H            3.56143518027938       -2.51283712361556        3.03968985488915
H            2.61667391834326       -2.75204107157803        1.55929911634315
H            4.38252012348334       -2.79974823309374        1.49783872029539
H            4.48382065601752       -0.39217880108771        2.14260227611467
H            2.69805260665800       -0.33344348082736        2.17290244391102
H            1.83735300030293        2.73314905539613       -0.94064633446747
H            1.09637513406990        3.04512870198871        0.65268566333088
H            3.36223336856160        4.07795241102199        0.51158766591647
H            3.36492163412079        2.77878317579866        1.71525113815353
H            4.06690419052807        2.50458745547890        0.10983740344568
H           -0.95437913975565       -1.73481106646558       -1.74445335489041
H            0.41543853532617       -0.92389458454683       -2.58376115046091
H           -0.25171583022775        0.37930511416932        1.74093752255146
H           -1.78654995867066        0.61168653223918        2.60753403013598
H           -0.21994906208055       -0.87270198107621        3.89460649212251
H           -1.67569572728751       -1.75725455718296        3.41121481562586
H           -0.16778412495201       -1.99154860943393        2.51774570872207
H           -5.25379949052827       -0.13819496349657       -0.66238107912528
H           -5.05059474567329       -1.70652024583638       -1.49854710118767
H           -5.93556714378398       -2.06128492346602        0.79559163817261
H           -4.28522826358792       -2.70308079956812        0.69362734225877
H           -4.58597746025217       -1.14357698524893        1.47782444013492
41
 energy: -65.049265763797 gnorm: 0.000341163143 xtb: 6.7.1 (edcfbbe)
C            3.52719409718729       -2.32406524119451        1.97058415081703
C            3.56908966763291       -0.82737048665489        1.73707865144144
O            3.62308394101809       -0.52589959816242        0.31766754862406
P            2.38217498285543        0.00112898389655       -0.51310678754178
S            2.89056856025994        0.52151593932660       -2.32528353764024
O            1.70398190566451        1.15089621658013        0.38152314393109
C            1.92055763964960        2.55099050339082        0.13629683375938
C            3.26964972222065        3.00580994979020        0.65654874556543
S            0.91883924438522       -1.50844850165982       -0.31267289390067
C           -0.16773818758702       -0.98985131010252       -1.66572720198988
S           -0.91065170296187        0.66221045942814       -1.45871983053079
P           -2.49334777435806        0.22690684770617       -0.12416652628442
S           -3.45527178565721        1.80498572911765        0.52378248216677
O           -1.86139339467723       -0.69431836339343        1.00849989695245
C           -1.14316625098321       -0.12886598632136        2.12000961799379
C           -0.77695160733407       -1.26668514167829        3.05036943198001
O           -3.32485322236467       -0.83119395139787       -0.96037291911883
C           -4.71603845462800       -1.09142869233088       -0.66196902822747
C           -4.88944029730936       -1.80040948100705        0.66496408767261
H            3.56065143802127       -2.51316410389562        3.03923643921139
H            2.61540504753261       -2.75100748482347        1.55896588029555
H            4.38140898966590       -2.79979808627534        1.49705148464517
H            4.48400757789298       -0.39223474044543        2.14324250939662
H            2.69853869861558       -0.33260053259309        2.17373854443435
H            1.83603237875088        2.73440378770933       -0.93956740789380
H            1.09697572941918        3.04575163662858        0.65457240978520
H            3.36353669400064        4.07769380494836        0.51112374183034
H            3.36626023321500        2.77874979874260        1.71514580613376
H            4.06691807189664        2.50378743345700        0.10914991072121
H           -0.95349484004182       -1.73602367776370       -1.74535211944720
H            0.41656631106187       -0.92466330711453       -2.58357473831156
H           -0.25103031035660        0.37882852426521        1.74022947387977
H           -1.78599158291638        0.61200607622080        2.60640247652425
H           -0.22054280971238       -0.87306184123021        3.89435557997558
H           -1.67641765652265       -1.75720785076126        3.41023038822602
H           -0.16793460682633       -1.99197958453865        2.51755527624678
H           -5.25391264625785       -0.13808751946842       -0.66185954405188
H           -5.05165753306243       -1.70649388445714       -1.49777874049992
H           -5.93534669548423       -2.06113799564566        0.79672215737962
H           -4.28496397249012       -2.70297955684413        0.69431861179442
H           -4.58548115537335       -1.14325810346090        1.47846054257292
41
 energy: -65.049266181281 gnorm: 0.000225109327 xtb: 6.7.1 (edcfbbe)
C            3.52629304531728       -2.32371765418063        1.97010905171921
C            3.56901809100434       -0.82703172315092        1.73722842152535
O            3.62323297350654       -0.52473103619002        0.31800945004336
P            2.38206978195000        0.00158125772692       -0.51291205872178
S            2.89066803306171        0.52199738810450       -2.32503820412468
O            1.70316375993840        1.15117002367023        0.38138783213749
C            1.92038496897983        2.55134245016060        0.13691067810909
C            3.27001105152930        3.00533558322446        0.65628301797972
S            0.91900970315692       -1.50812477605398       -0.31242769032935
C           -0.16743582298617       -0.99024858823798       -1.66590691907205
S           -0.91074006669719        0.66166439251012       -1.45942455835555
P           -2.49312922120431        0.22656679162705       -0.12461062881014
S           -3.45418365996482        1.80506968705042        0.52261901142742
O           -1.86096682865199       -0.69450830982170        1.00811393942778
C           -1.14286252041881       -0.12911256290976        2.11975323447164
C           -0.77725939883531       -1.26686072013596        3.05031986459321
O           -3.32492879368516       -0.83164414627703       -0.96042685663363
C           -4.71612134069230       -1.09148147440138       -0.66159813520726
C           -4.88920817730046       -1.80024508520335        0.66542174455803
H            3.55981097802149       -2.51330407698329        3.03866984797766
H            2.61420671057085       -2.75004130138824        1.55850867683502
H            4.38015591775364       -2.79974707621007        1.49627962727943
H            4.48423362568349       -0.39256186699945        2.14353541767609
H            2.69880829626836       -0.33187248918795        2.17409554983305
H            1.83493120349187        2.73537855585735       -0.93880463949700
H            1.09746731331021        3.04611453310679        0.65619225497708
H            3.36444820119902        4.07712810587019        0.51072881015539
H            3.36712819142537        2.77837937187947        1.71485350151017
H            4.06665364970190        2.50282193389971        0.10849671454569
H           -0.95304690827229       -1.73662112729951       -1.74529218645367
H            0.41695737526330       -0.92522388287997       -2.58368694955860
H           -0.25050945689232        0.37821866159375        1.74010909639809
H           -1.78566647370663        0.61203770830536        2.60572844826905
H           -0.22108029149564       -0.87325827637603        3.89447809473708
H           -1.67688542547521       -1.75723186514278        3.40993975959523
H           -0.16811287470771       -1.99234516960335        2.51788328333727
H           -5.25371378330685       -0.13797116939697       -0.66156784301789
H           -5.05211097092073       -1.70662730981309       -1.49724656015768
H           -5.93508646653281       -2.06097089304395        0.79748581390524
H           -4.28475601967017       -2.70282636323726        0.69467638832925
H           -4.58503392567559       -1.14306683247476        1.47880024710475
41
 energy: -65.049266126628 gnorm: 0.000382829140 xtb: 6.7.1 (edcfbbe)
C            3.52539318756002       -2.32337056639735        1.96963449211629
C            3.56894660454165       -0.82669344178246        1.73737797861779
O            3.62338193617878       -0.52356395545374        0.31835091333665
P            2.38196474293244        0.00203284250668       -0.51271754901021
S            2.89076751039245        0.52247811478766       -2.32479311892725
O            1.70234672411388        1.15144339736016        0.38125270448660
C            1.92021249419312        2.55169386074567        0.13752365446590
C            3.27037178242758        3.00486194109974        0.65601767058838
S            0.91917987023266       -1.50780135793682       -0.31218258352895
C           -0.16713391373864       -0.99064521455794       -1.66608634206562
S           -0.91082840466357        0.66111910060154       -1.46012804405042
P           -2.49291099923051        0.22622712164130       -0.12505404349481
S           -3.45309610038032        1.80515385903375        0.52145622943452
O           -1.86054087350307       -0.69469802160926        1.00772866987762
C           -1.14255916420959       -0.12935880285237        2.11949726720219
C           -0.77756672512248       -1.26703606081990        3.05027040447588
O           -3.32500428217860       -0.83209381960488       -0.96048062372842
C           -4.71620414603956       -1.09153421638156       -0.66122778347687
C           -4.88897639669279       -1.80008094365515        0.66587873457426
H            3.55897153567768       -2.51344403866556        3.03810392351690
H            2.61300997181938       -2.74907643393199        1.55805192636369
H            4.37890454980727       -2.79969614432687        1.49550875838953
H            4.48445930947923       -0.39288854776949        2.14382808634983
H            2.69907752169192       -0.33114546625773        2.17445206728254
H            1.83383144742082        2.73635192700910       -0.93804296007388
H            1.09795816717409        3.04647691051600        0.65780978187376
H            3.36535838096807        4.07656324250672        0.51033435649471
H            3.36799476298909        2.77800969391562        1.71456166986968
H            4.06638956665691        2.50185781163365        0.10784459206226
H           -0.95259964411475       -1.73721772914514       -1.74523227162740
H            0.41734782114652       -0.92578363525855       -2.58379901497044
H           -0.24998930078992        0.37760961532289        1.73998890693877
H           -1.78534177162459        0.61206932078134        2.60505539034879
H           -0.22161695779996       -0.87345449903419        3.89460050916682
H           -1.67735249181574       -1.75725586691744        3.40964961729417
H           -0.16829082797014       -1.99271029652967        2.51821092730332
H           -5.25351524158942       -0.13785499845194       -0.66127666967480
H           -5.05256379968522       -1.70676063476276       -1.49671514860935
H           -5.93482663742867       -2.06080409706299        0.79824832939624
H           -4.28454837294562       -2.70267341626499        0.69503363813314
H           -4.58458739183902       -1.14287588604352        1.47913950179678
41
 energy: -65.049266375089 gnorm: 0.000124309188 xtb: 6.7.1 (edcfbbe)
C            3.52559259099449       -2.32339005049518        1.96986756288615
C            3.56896959998822       -0.82673563896159        1.73736710560256
O            3.62318880504652       -0.52392472823225        0.31826432856859
P            2.38200288996101        0.00206010335897       -0.51284434320612
S            2.89073925610873        0.52269463358832       -2.32487684817165
O            1.70250981075656        1.15144693394641        0.38126131480398
C            1.92031223064232        2.55168603542951        0.13748019246923
C            3.27046113356023        3.00482619551840        0.65603003277413
S            0.91907585152475       -1.50782245816025       -0.31241654718222
C           -0.16718834018702       -0.99065612844797       -1.66611678400401
S           -0.91080180964323        0.66119898806692       -1.46033742183305
P           -2.49294183421294        0.22620466283824       -0.12509255363032
S           -3.45402172738784        1.80471301402675        0.52241295687767
O           -1.86063799882766       -0.69472937676765        1.00765449215641
C           -1.14265550494205       -0.12935946993287        2.11944011075029
C           -0.77759818022712       -1.26700851129684        3.05024457688103
O           -3.32507446196331       -0.83202541237040       -0.96059092189501
C           -4.71625523767132       -1.09150749077207       -0.66121040029912
C           -4.88900127140568       -1.80007161684098        0.66589127609830
H            3.55934051583081       -2.51316429491612        3.03833425458253
H            2.61325646804156       -2.74922965262994        1.55839147676287
H            4.37909255226015       -2.79967977514270        1.49568932462317
H            4.48451994481736       -0.39285647078347        2.14354348407163
H            2.69904684539145       -0.33122990128112        2.17438500808141
H            1.83413472803671        2.73624582260171       -0.93809084500261
H            1.09798513988836        3.04641280451160        0.65772643509141
H            3.36529784845783        4.07654811070896        0.51046617702309
H            3.36814100128506        2.77774335152948        1.71449257636757
H            4.06646455454905        2.50193308100995        0.10770446057043
H           -0.95258678228230       -1.73713612964375       -1.74531676838149
H            0.41736939533540       -0.92563238786633       -2.58373524412394
H           -0.25009235350011        0.37762367966151        1.73989121576787
H           -1.78541329660228        0.61204469259916        2.60502443800782
H           -0.22165718323211       -0.87330604715016        3.89446794640811
H           -1.67737436361535       -1.75719680017441        3.40961555999120
H           -0.16839943845683       -1.99261799284682        2.51808202424290
H           -5.25351568731447       -0.13783540209022       -0.66111722291126
H           -5.05258370718666       -1.70665194837894       -1.49671867031693
H           -5.93480145580310       -2.06074302727157        0.79832055403854
H           -4.28454517192162       -2.70262409323407        0.69502459989859
H           -4.58454091205223       -1.14281663572073        1.47906563407882
41
 energy: -65.049266429089 gnorm: 0.000047834076 xtb: 6.7.1 (edcfbbe)
C            3.52583082231309       -2.32336571065610        1.97012272840701
C            3.56907468868387       -0.82672553261901        1.73733492969370
O            3.62298500247358       -0.52424302846407        0.31812631972860
P            2.38185565860643        0.00207767771692       -0.51282682187121
S            2.89043471398785        0.52268944543621       -2.32491704193797
O            1.70262598129486        1.15148877070255        0.38143498148618
C            1.92043705377518        2.55172582774841        0.13756997350693
C            3.27066039853956        3.00479821681999        0.65603360028577
S            0.91892286415370       -1.50785008823746       -0.31262198116130
C           -0.16720182138847       -0.99061848184540       -1.66624065698001
S           -0.91109611256707        0.66120141116909       -1.46034263439784
P           -2.49317624903493        0.22612431909637       -0.12507473735931
S           -3.45433558168207        1.80448307310866        0.52261040626605
O           -1.86070876985639       -0.69482214655194        1.00749418682015
C           -1.14270900687121       -0.12938432354189        2.11927600386361
C           -0.77762924509610       -1.26700580707888        3.05013386663379
O           -3.32526314700832       -0.83200762652841       -0.96072378792169
C           -4.71645037460308       -1.09150808115179       -0.66116042078642
C           -4.88900535761407       -1.80007785790596        0.66597704712267
H            3.55976789644379       -2.51295499902245        3.03863164032076
H            2.61345189434381       -2.74933272563788        1.55885678071330
H            4.37928981233811       -2.79968659921084        1.49588050861542
H            4.48464191399197       -0.39269667840137        2.14325577763949
H            2.69917140629899       -0.33123464405336        2.17440884443730
H            1.83422172394565        2.73628390528241       -0.93798227682925
H            1.09815723007174        3.04648910548349        0.65785671737343
H            3.36547279385589        4.07656970999549        0.51068548257132
H            3.36852646345760        2.77746137401735        1.71443140177158
H            4.06659125711611        2.50203935896465        0.10745221868443
H           -0.95261928337339       -1.73706286647814       -1.74565600686255
H            0.41738215934106       -0.92540627063773       -2.58383449920495
H           -0.25014825135553        0.37757753219317        1.73966604390114
H           -1.78546817266775        0.61204176206928        2.60482430808693
H           -0.22169691422784       -0.87325660767544        3.89434573047282
H           -1.67742029084439       -1.75717679926559        3.40951533489141
H           -0.16843496515840       -1.99263142136773        2.51799024675563
H           -5.25368487770572       -0.13782676082528       -0.66093182597080
H           -5.05290467862584       -1.70659935044104       -1.49663865297009
H           -5.93478689015982       -2.06074814028541        0.79857175613531
H           -4.28452007075878       -2.70262174292865        0.69505785348110
H           -4.58442723039230       -1.14277653100469        1.47908120310611
