----------------------------------------------- 
  Element       SASA      Sigma Z        Total  
     Z         Ang**2 cal/Ang**2/mol   kcal/mol 
----------------------------------------------- 
      H        108.099      48.690       5.263
      C         10.036     129.740       1.302
      O         73.334       0.000       0.000

 Subtotal:     191.469                   6.565
 -----------------------------------------------

  Elements    COT*SASA   Sigma Z,Z'     Total   
    Z,Z'       Ang**2  cal/Ang**2/mol kcal/mol  
 ---------------------------------------------- 
  H   C         45.048     -60.770      -2.738
  H   O         29.156       0.000       0.000
  C   C          8.413     -72.950      -0.614
  O   C          0.457      68.690       0.031
  O   O          0.000       0.000       0.000

 Subtotal:                              -3.320
 ---------------------------------------------- 

 NONAQUEOUS SOLVENT CONTRIBUTION (kcal/mol):
 (proportional to SASA, atomic number independent)
 ---------------------------------------------- 
 Subtotal:                               0.000
 ---------------------------------------------- 

 CDS TOTAL (kcal/mol):                   3.246
...............................................................................
