----------------------------------------------- 
  Element       SASA      Sigma Z        Total  
     Z         Ang**2 cal/Ang**2/mol   kcal/mol 
----------------------------------------------- 
      H         96.042      48.690       4.676
      C         90.971     129.740      11.803
      O         18.447       0.000       0.000

 Subtotal:     205.460                  16.479
 -----------------------------------------------

  Elements    COT*SASA   Sigma Z,Z'     Total   
    Z,Z'       Ang**2  cal/Ang**2/mol kcal/mol  
 ---------------------------------------------- 
  H   C         56.874     -60.770      -3.456
  H   O          8.586       0.000       0.000
  C   C        129.187     -72.950      -9.424
  O   C          4.343      68.690       0.298

 Subtotal:                             -12.582
 ---------------------------------------------- 

 NONAQUEOUS SOLVENT CONTRIBUTION (kcal/mol):
 (proportional to SASA, atomic number independent)
 ---------------------------------------------- 
 Subtotal:                               0.000
 ---------------------------------------------- 

 CDS TOTAL (kcal/mol):                   3.897
...............................................................................
