----------------------------------------------- 
  Element       SASA      Sigma Z        Total  
     Z         Ang**2 cal/Ang**2/mol   kcal/mol 
----------------------------------------------- 
      H        229.591      48.690      11.179
      C         53.458     129.740       6.936
      O         35.859       0.000       0.000
      P          2.842       0.000       0.000
      S        108.710      -9.100      -0.989

 Subtotal:     430.460                  17.125
 -----------------------------------------------

  Elements    COT*SASA   Sigma Z,Z'     Total   
    Z,Z'       Ang**2  cal/Ang**2/mol kcal/mol  
 ---------------------------------------------- 
  H   C        154.405     -60.770      -9.383
  H   O          0.000       0.000       0.000
  C   C         31.301     -72.950      -2.283
  O   C          0.000      68.690       0.000
  O   O          0.000       0.000       0.000
  O   P         24.569      68.850       1.692

 Subtotal:                              -9.975
 ---------------------------------------------- 

 NONAQUEOUS SOLVENT CONTRIBUTION (kcal/mol):
 (proportional to SASA, atomic number independent)
 ---------------------------------------------- 
 Subtotal:                               0.000
 ---------------------------------------------- 

 CDS TOTAL (kcal/mol):                   7.150
...............................................................................
