----------------------------------------------- 
  Element       SASA      Sigma Z        Total  
     Z         Ang**2 cal/Ang**2/mol   kcal/mol 
----------------------------------------------- 
      H        241.532      48.690      11.760
      C         54.880     129.740       7.120
      O         26.431       0.000       0.000
      P          1.919       0.000       0.000
      S        110.435      -9.100      -1.005

 Subtotal:     435.197                  17.875
 -----------------------------------------------

  Elements    COT*SASA   Sigma Z,Z'     Total   
    Z,Z'       Ang**2  cal/Ang**2/mol kcal/mol  
 ---------------------------------------------- 
  H   C        162.427     -60.770      -9.871
  H   O          0.000       0.000       0.000
  C   C         31.526     -72.950      -2.300
  O   C          0.000      68.690       0.000
  O   O          0.000       0.000       0.000
  O   P         18.102      68.850       1.246

 Subtotal:                             -10.924
 ---------------------------------------------- 

 NONAQUEOUS SOLVENT CONTRIBUTION (kcal/mol):
 (proportional to SASA, atomic number independent)
 ---------------------------------------------- 
 Subtotal:                               0.000
 ---------------------------------------------- 

 CDS TOTAL (kcal/mol):                   6.951
...............................................................................
