----------------------------------------------- 
  Element       SASA      Sigma Z        Total  
     Z         Ang**2 cal/Ang**2/mol   kcal/mol 
----------------------------------------------- 
      H         76.139      48.690       3.707
      C         10.009     129.740       1.299
      O         36.426       0.000       0.000

 Subtotal:     122.574                   5.006
 -----------------------------------------------

  Elements    COT*SASA   Sigma Z,Z'     Total   
    Z,Z'       Ang**2  cal/Ang**2/mol kcal/mol  
 ---------------------------------------------- 
  H   C         33.348     -60.770      -2.027
  H   O         18.849       0.000       0.000
  C   C          6.122     -72.950      -0.447
  O   C          0.307      68.690       0.021
  O   O          0.000       0.000       0.000

 Subtotal:                              -2.452
 ---------------------------------------------- 

 NONAQUEOUS SOLVENT CONTRIBUTION (kcal/mol):
 (proportional to SASA, atomic number independent)
 ---------------------------------------------- 
 Subtotal:                               0.000
 ---------------------------------------------- 

 CDS TOTAL (kcal/mol):                   2.554
...............................................................................
