41
 energy: -65.048789263213 gnorm: 0.050611012163 xtb: 6.7.1 (edcfbbe)
C            0.80276800786965       -1.84661189828202        2.86916978318167
C            1.81411207545301       -0.73931685045835        2.69519169668229
O            1.48050425502232        0.03753635186395        1.48977722720479
P            2.37798832979752       -0.03877195732252        0.16314258661916
S            3.09820672015304       -1.77866548014355       -0.33725553453146
O            3.44104034317363        1.13425801970154        0.45101352826060
C            4.76239258305722        1.21874568341206       -0.18326784195150
C            4.68703954838843        1.74975834254076       -1.59475300063566
S            1.09509632598153        0.89298780569018       -1.23949703305190
C            0.12638288032047       -0.53611447942930       -1.85832978151879
S           -0.95767851165670       -1.45049591180937       -0.69717074038162
P           -2.38260469127337        0.03242364406161       -0.19436424308043
S           -2.97189555093104        1.20711260431949       -1.63289664455307
O           -1.67738195303641        0.71259916506734        1.07548274969148
C           -2.12698837915875        2.00931481245308        1.60662678671927
C           -1.10126281585209        3.06588377541600        1.27463917901566
O           -3.51582793248356       -0.85052618438031        0.53081058865963
C           -4.73615222436152       -1.32354864258278       -0.13523276099341
C           -4.48216861153630       -2.53193027912005       -1.00447487612824
H            0.86525111144846       -2.56692893994835        2.04816901953075
H            1.00412275442315       -2.36837319032345        3.81118538406808
H           -0.21287165762422       -1.43989511162559        2.90730735465579
H            2.83597879246581       -1.12491889098938        2.61553932605863
H            1.77293812335721       -0.01866359128106        3.51770042890693
H            5.31396945365518        1.89814443924709        0.46936022490074
H            5.22834340553231        0.22906653276022       -0.14290012730651
H            4.20414765594645        1.03840879643673       -2.26981519796300
H            4.14885553768814        2.70185949808576       -1.62907848803383
H            5.70778681585074        1.91989301945963       -1.95214456696317
H            0.81248423569025       -1.29145873702029       -2.25498349691824
H           -0.47820776455380       -0.13405266663738       -2.67772879118727
H           -3.11361793762295        2.25308826624409        1.19922037145884
H           -2.21912256107473        1.85738020153248        2.68619917122220
H           -1.03051537078110        3.21516397238079        0.19325718738102
H           -1.39892023567016        4.01063211629795        1.74242666876871
H           -0.11614581530810        2.78255972094537        1.65903314616455
H           -5.40295746556552       -1.56346980028404        0.69553758443638
H           -5.16253448497079       -0.49167251188588       -0.70498471622376
H           -3.98276023775139       -3.32515787830573       -0.43959399606905
H           -5.44788166122646       -2.91419851893465       -1.35130336184565
H           -3.88005694758915       -2.28097962629876       -1.88185469625605
41
 energy: -65.053374585726 gnorm: 0.025677782155 xtb: 6.7.1 (edcfbbe)
C            0.80343514463465       -1.84585425222716        2.86292760910480
C            1.80792579778074       -0.73238630457107        2.67331439884251
O            1.47795484355200        0.04089030927687        1.47813204046103
P            2.36102851281342       -0.02674626887111        0.14813480216248
S            3.11411858012524       -1.77744669437115       -0.31523090844366
O            3.43873103762049        1.12230599187388        0.45184264111396
C            4.74706608349517        1.20789681497345       -0.18005079707707
C            4.67835111852021        1.74470949424739       -1.59087967686698
S            1.02236480996197        0.90732972844418       -1.18385698212051
C            0.12773427208353       -0.53524057234973       -1.85475357671159
S           -0.89387507414851       -1.42808017853392       -0.63552237234580
P           -2.36549681119309        0.01432866225607       -0.19706548168333
S           -2.98714841590182        1.21437684243485       -1.61806858714277
O           -1.67418194636295        0.70336895659140        1.06837916469518
C           -2.11860448205344        1.99211742136609        1.59323686196014
C           -1.10111239470956        3.06218750787145        1.26997947705620
O           -3.51472328708283       -0.84042041854604        0.52620857640018
C           -4.72203807237683       -1.31230263637521       -0.13582174927480
C           -4.47435855809054       -2.52511788397669       -1.00256916156285
H            0.86573155979018       -2.56052572962134        2.04353475965171
H            1.00783873611055       -2.36267881587160        3.79948323102418
H           -0.20643324802784       -1.43978625554393        2.89388336828325
H            2.82581326068530       -1.12201315840757        2.58164794314136
H            1.76885715178896       -0.01146257999121        3.49325030963240
H            5.29778407279491        1.88425851866436        0.47644016328517
H            5.20351664972154        0.21410333931606       -0.15478993212918
H            4.18491611426095        1.03562683424811       -2.25422838135684
H            4.13638725908710        2.68828042281283       -1.61766797736057
H            5.69262982255000        1.91163585866297       -1.95166936793613
H            0.83330213930887       -1.27542276683934       -2.23644405901896
H           -0.49884623822652       -0.13755600748628       -2.65514390286410
H           -3.09993496144248        2.23322183335334        1.17484645802216
H           -2.21229946396201        1.83810358005817        2.67066596003594
H           -1.03012633125597        3.20854136944115        0.19315089353214
H           -1.40087076114888        3.99985979000271        1.73559412501224
H           -0.12074282098368        2.77520787685377        1.64709290350763
H           -5.38804545384452       -1.54764051571662        0.69656975834317
H           -5.13641822770354       -0.48460942149595       -0.71888267625700
H           -3.97183954994669       -3.30689859021230       -0.43585465680902
H           -5.43279641996367       -2.90622232686404       -1.35329818192430
H           -3.86373830301404       -2.26887415402360       -1.86735691838790
41
 energy: -65.054966206721 gnorm: 0.010835355596 xtb: 6.7.1 (edcfbbe)
C            0.80151589510551       -1.84363321592796        2.85266676281614
C            1.80253608129982       -0.72411958934422        2.65862411237747
O            1.46740113468745        0.04435444758721        1.47723315292552
P            2.33259890323931       -0.01188068498450        0.14238813020574
S            3.09264243856238       -1.75839150215482       -0.33427248935558
O            3.42584176876428        1.11317776943451        0.45427212593459
C            4.72235978778596        1.19446593687442       -0.17453538720100
C            4.65570080169309        1.73717618128792       -1.58582959432645
S            0.98823084307022        0.93572249571518       -1.16919785942830
C            0.12455778698941       -0.52638022908434       -1.82300242950737
S           -0.86311155903746       -1.44566288750898       -0.60292287057340
P           -2.33620228719787       -0.00030429550976       -0.19157685189954
S           -2.96297141329132        1.18881017450597       -1.62283871636293
O           -1.66317268900391        0.70058734999285        1.06926640405272
C           -2.11174668383173        1.97731783690199        1.58585978164943
C           -1.09809520586099        3.05515555540151        1.26326662732171
O           -3.50087539179888       -0.83106945879873        0.52381226090708
C           -4.69746727175101       -1.29685487080112       -0.13507912991535
C           -4.45271747242211       -2.51486481042038       -0.99954734383513
H            0.86717277971713       -2.55397414177207        2.03262590754086
H            1.01124520301980       -2.35581496299334        3.78536043294262
H           -0.20609082366706       -1.43956835293499        2.87926402378160
H            2.81754220239599       -1.11724639125250        2.55416632723192
H            1.76709868292405       -0.00714973168555        3.48030149169515
H            5.27873063449819        1.86526460491871        0.48263920261308
H            5.17284192892283        0.19747849385506       -0.16288065481729
H            4.15229115170139        1.02916404817251       -2.24027314820056
H            4.11462031106544        2.67807114919090       -1.60570740175972
H            5.66576090789235        1.89777758028987       -1.94971091942098
H            0.84662622016465       -1.24677982821731       -2.20470951097551
H           -0.51836008407521       -0.14544648497706       -2.61525340678653
H           -3.08878399925591        2.21474880583435        1.15606691354542
H           -2.20870259524144        1.82662749698929        2.66214402982332
H           -1.03022054517507        3.19859116344239        0.18798158435344
H           -1.40282905115972        3.98639421253044        1.72814007255264
H           -0.11930302927534        2.76725399957016        1.63518507127083
H           -5.36811954049704       -1.52753974742245        0.69453535848052
H           -5.10453232733330       -0.47368742279093       -0.72986135507525
H           -3.95172807293275       -3.29068327979728       -0.42902134303222
H           -5.40640955651532       -2.89200971551633       -1.35528927743175
H           -3.83401971892945       -2.25401207774750       -1.85512998612254
41
 energy: -65.055502307747 gnorm: 0.006368465880 xtb: 6.7.1 (edcfbbe)
C            0.79722406313846       -1.84204924531407        2.84342297301528
C            1.79555846505099       -0.71708526540391        2.65074321228439
O            1.45496621551670        0.05036507992481        1.47840423770462
P            2.31513001756316        0.00197797842826        0.14601097803376
S            3.05512023854017       -1.74295248632994       -0.36650401978691
O            3.41691902574265        1.11177921036446        0.46288173839147
C            4.70471052657538        1.18639240829389       -0.16848586462183
C            4.62971403731268        1.73108024319516       -1.58101137282176
S            0.96491686991634        0.94917082719849       -1.15736829049446
C            0.12552922202480       -0.52338919314305       -1.81234410072586
S           -0.84155457142257       -1.44840143514879       -0.58412695255246
P           -2.32017676447670       -0.00995628069888       -0.17863722903127
S           -2.92042806777030        1.15820948468948       -1.63819348071879
O           -1.65125822190708        0.69667900197858        1.07462936421625
C           -2.10408721957599        1.96745052811809        1.58397427381081
C           -1.09286669395432        3.04925812712541        1.25742186133016
O           -3.49383613700707       -0.82489562911778        0.53164362010637
C           -4.68123795462590       -1.28606054982559       -0.13147713976040
C           -4.42821327650831       -2.50576001912567       -0.99520609373364
H            0.86849343469537       -2.55036488375379        2.02151561923294
H            1.00945118391299       -2.35272356062493        3.77559696444843
H           -0.21162730411687       -1.44065966626648        2.86752410043176
H            2.81004683135901       -1.11188913052145        2.54284932009002
H            1.76306353022691       -0.00706874069644        3.47820986249294
H            5.27251872935574        1.85117742953041        0.48483036325949
H            5.15163893796792        0.18699122754456       -0.16650869027082
H            4.11592831574446        1.02366423839084       -2.22908538357501
H            4.09199627528768        2.67419923141937       -1.59506056880436
H            5.63701211517587        1.88495317422634       -1.95304694731682
H            0.86212092345824       -1.22766083621688       -2.19645493255187
H           -0.53254936528615       -0.15816558603721       -2.59962612973013
H           -3.08022508983401        2.20432443162636        1.15070323778078
H           -2.20411417771934        1.82504647218178        2.66082453846468
H           -1.03040718115448        3.19045115192111        0.18106007292978
H           -1.40017331131891        3.97858288708870        1.72292997066041
H           -0.11239119779006        2.76214123239236        1.62581401126472
H           -5.36204555055912       -1.51457235979854        0.69025712840057
H           -5.08364167050059       -0.46589332644426       -0.73476534101516
H           -3.93123249127760       -3.28054565465423       -0.41948068065744
H           -5.37776850240599       -2.88158793010675       -1.36090933328206
H           -3.80036806410777       -2.24114696555684       -1.84379479890426
41
 energy: -65.055655586225 gnorm: 0.004557921238 xtb: 6.7.1 (edcfbbe)
C            0.79375989947753       -1.84297416346311        2.83896276736782
C            1.78964978523625       -0.71477316396218        2.64801834685573
O            1.44258675420051        0.05186609261884        1.47689494939768
P            2.30230155519999        0.00688563343143        0.14631960446202
S            3.03645033390776       -1.73722390795752       -0.37714056872713
O            3.40660124891173        1.11055225414182        0.46781560412719
C            4.69256169300404        1.18172949778998       -0.16702582020850
C            4.61091562311761        1.72762750529553       -1.57928339433194
S            0.95221156316860        0.96228002029422       -1.15555638505436
C            0.12394337380774       -0.52075321065437       -1.80213627864581
S           -0.82949767675401       -1.45991812705877       -0.57271082262866
P           -2.30666089673271       -0.01319286647986       -0.17571253758636
S           -2.90163741112886        1.14911958415690       -1.64192587879205
O           -1.63782056289449        0.69540926111512        1.07403445673162
C           -2.09770833547528        1.96389153251049        1.58326875770399
C           -1.08899383615348        3.04793876814201        1.25395784734797
O           -3.48297851344325       -0.82048185992416        0.53524596440543
C           -4.66864050231242       -1.28060353007897       -0.13123294911461
C           -4.41000621109905       -2.50089788461730       -0.99338281663166
H            0.86838260695117       -2.55104671946201        2.01605197720114
H            1.00533658261135       -2.35413392175103        3.77222038601698
H           -0.21714034602967       -1.44411947023635        2.86190930082814
H            2.80555185532219       -1.10748954750594        2.54098788162602
H            1.75786630299353       -0.00852090513609        3.47940389043037
H            5.26856855873055        1.84298942851082        0.48287048593519
H            5.13864713497943        0.18158923603638       -0.16869959295493
H            4.08989378684726        1.02181701117582       -2.22446831043293
H            4.07681198840850        2.67394948746060       -1.58949991153654
H            5.61687395817379        1.87742936853884       -1.95900997662301
H            0.86793158293744       -1.21563562986233       -2.19082305044395
H           -0.54068578473418       -0.16678199947766       -2.58993509713285
H           -3.07551246831617        2.19924698376283        1.15179964798444
H           -2.19862335916121        1.82590139899593        2.66110417023982
H           -1.02988817250149        3.18901107536801        0.17656710659065
H           -1.39613829179396        3.97777898219729        1.72094658668945
H           -0.10613862190139        2.76243498864922        1.62007039862790
H           -5.35628715630274       -1.50849169388129        0.68517999645005
H           -5.07033591761730       -0.46176898705891       -0.73740015017725
H           -3.91708334883571       -3.27660902388847       -0.41357341590346
H           -5.35729796021580       -2.87723029110186       -1.36692984273664
H           -3.77591466933740       -2.23573558578112       -1.83802322936275
41
 energy: -65.055724084663 gnorm: 0.002970646090 xtb: 6.7.1 (edcfbbe)
C            0.79103756036006       -1.84496021630981        2.83778068748284
C            1.78446753662291       -0.71459776192042        2.64932000727295
O            1.43449858089753        0.05288072599043        1.47772219873087
P            2.29700372448617        0.00925385586753        0.14941539219752
S            3.02898024156685       -1.73420558186034       -0.37773578422139
O            3.40185366690906        1.11071802258612        0.47371221355220
C            4.68653654645068        1.18033757320001       -0.16713804106644
C            4.59863208071541        1.72625422352773       -1.57864089104762
S            0.95114630491674        0.96120746427347       -1.15878003564996
C            0.12528139966788       -0.52216239367849       -1.80639032969093
S           -0.82803284193065       -1.46000897847985       -0.57682789338966
P           -2.30209781436726       -0.01348150253697       -0.17107076227558
S           -2.89383661931106        1.14583343062237       -1.64042329122073
O           -1.62967488513036        0.69538018652493        1.07600348206813
C           -2.09267355259306        1.96449073149141        1.58508127453601
C           -1.08627143725210        3.04924064350402        1.25254630095624
O           -3.47941196037941       -0.81711131638543        0.54110631782631
C           -4.66291351880887       -1.27919466093366       -0.13094285318791
C           -4.39828322981438       -2.49865208074521       -0.99187563317062
H            0.86797959282378       -2.55269399022514        2.01443385847330
H            1.00096560421545       -2.35717820881159        3.77155768934066
H           -0.22119591802678       -1.44826075181695        2.85958983279350
H            2.80201029368207       -1.10354090792229        2.54205798549964
H            1.75154989118825       -0.00915832541936        3.48173355128441
H            5.26697779122008        1.84016982042667        0.48021707276847
H            5.13111365995846        0.17949520367283       -0.16984839048797
H            4.07205262488454        1.02213043833252       -2.22148622613535
H            4.06743618213433        2.67468468845869       -1.58631662371359
H            5.60306058089070        1.87347982943713       -1.96499685000945
H            0.87021920602252       -1.21517260319338       -2.19587217881192
H           -0.54002880395305       -0.17066684263836       -2.59434318093743
H           -3.07221821811980        2.19635466183178        1.15520050997454
H           -2.19260444628430        1.82741547246304        2.66340363829626
H           -1.02955438009481        3.19007717484050        0.17472975232788
H           -1.39198609767783        3.98004380355997        1.71997857466847
H           -0.10177316582184        2.76506256587325        1.61653837912620
H           -5.35431350862407       -1.50761852719362        0.68214992431961
H           -5.06311726571195       -0.46018609703709       -0.73795933622304
H           -3.90856731911644       -3.27503264732885       -0.40949078231497
H           -5.34313162055656       -2.87626465319462       -1.37195842886696
H           -3.75926032079248       -2.23329684800033       -1.83302103308036
41
 energy: -65.055770353404 gnorm: 0.001655206900 xtb: 6.7.1 (edcfbbe)
C            0.78798200169346       -1.84781082416307        2.83741877230099
C            1.77798109836143       -0.71511404170158        2.65096240170212
O            1.42667134264576        0.05211035047266        1.47732503300057
P            2.29381099477577        0.00806954663792        0.15185330944909
S            3.02774976450230       -1.73562494265892       -0.37203573410572
O            3.39734936184656        1.10966671296459        0.47881798183418
C            4.68077003339804        1.17979114663380       -0.16841484862741
C            4.58623080065482        1.72546246875073       -1.57875223620475
S            0.95134196295179        0.95883813084886       -1.16131823183301
C            0.12561475326935       -0.52359379182936       -1.81039292319645
S           -0.82781515997795       -1.46013186894962       -0.58012087830845
P           -2.29883953246930       -0.01110530479029       -0.16988357993925
S           -2.89321029430433        1.15004666926202       -1.63684653919108
O           -1.62108298033799        0.69622908752969        1.07534934762483
C           -2.08632497730507        1.96568904175521        1.58673464010350
C           -1.08337891413939        3.05175278374284        1.25145801357887
O           -3.47520836436905       -0.81309463062500        0.54509430689000
C           -4.65686140997029       -1.27899386752641       -0.13135958463853
C           -4.38624366982172       -2.49721052914224       -0.99079699444777
H            0.86794910413806       -2.55552382819544        2.01438931858764
H            0.99663097161016       -2.36010891738079        3.77167986764050
H           -0.22543391103277       -1.45376760580565        2.85755341211682
H            2.79729480486695       -1.09928159392982        2.54365240223981
H            1.74200332772609       -0.00873966658701        3.48248823947284
H            5.26316787015724        1.83944444289754        0.47708031635585
H            5.12387306380598        0.17846219908481       -0.17149445593739
H            4.05450193081965        1.02309814541631       -2.21907087846262
H            4.05780241590695        2.67548321355466       -1.58390505251624
H            5.58883375761792        1.87036302247263       -1.97097990634978
H            0.87007242858920       -1.21702783859172       -2.19955747570465
H           -0.53861190828452       -0.17194530311515       -2.59893009278841
H           -3.06783983383657        2.19332136408525        1.15917962697996
H           -2.18325856117243        1.82693096188140        2.66514977983188
H           -1.02978310092839        3.19322829144555        0.17360518858768
H           -1.38819862370293        3.98256015585556        1.71993452523629
H           -0.09728107326934        2.76907803974662        1.61258417073809
H           -5.34953985898550       -1.50850737147213        0.68014077273426
H           -5.05587219502462       -0.45964543193952       -0.73844216828334
H           -3.89953378670709       -3.27383597857553       -0.40616418255688
H           -5.32858017687391       -2.87580197997253       -1.37641028021020
H           -3.74287731157789       -2.23169483723441       -1.82841528570979
41
 energy: -65.055792178772 gnorm: 0.001751547742 xtb: 6.7.1 (edcfbbe)
C            0.78432832246334       -1.85117718139545        2.83749357912571
C            1.77037505853846       -0.71566041907119        2.65231217228173
O            1.41930212604798        0.05054825069504        1.47677302665468
P            2.29015772843214        0.00554146032215        0.15326078648764
S            3.02755056087017       -1.73914691918045       -0.36407541558463
O            3.39300591315562        1.10696448223109        0.48317093348145
C            4.67428782945630        1.17925965123076       -0.17010396344264
C            4.57290986937058        1.72501793976563       -1.57925378085073
S            0.95243157455494        0.95707369898778       -1.16434442632922
C            0.12704034302576       -0.52500436626822       -1.81431861379386
S           -0.82840580032413       -1.45989234382713       -0.58477265219631
P           -2.29538120513587       -0.00846534932789       -0.16947751102224
S           -2.89300761387659        1.15620540035237       -1.63291363159863
O           -1.61316707118551        0.69753718544314        1.07459919621411
C           -2.07899378073967        1.96686504736130        1.58839449294239
C           -1.08002395077581        3.05497948212913        1.25062918529744
O           -3.47169626140902       -0.80813883917763        0.54822251078844
C           -4.65050587930558       -1.27899137427505       -0.13171506773405
C           -4.37339618849761       -2.49609746244988       -0.98955354247132
H            0.86838100124065       -2.55900701984025        2.01532975053898
H            0.99287729638642       -2.36205312208696        3.77215651523448
H           -0.23016155888159       -1.46055643972319        2.85516778305524
H            2.79108502361302       -1.09564606973689        2.54602177529412
H            1.72959358010435       -0.00781608392761        3.48202199366932
H            5.25713402763622        1.83975482362088        0.47381156033969
H            5.11710962238874        0.17802890055021       -0.17482333700198
H            4.03596960899122        1.02398886225280       -2.21620021603356
H            4.04643638770468        2.67576937728784       -1.58143166242210
H            5.57329920346562        1.86767993348964       -1.97687625548516
H            0.87067001597021       -1.22008386094168       -2.20225160845901
H           -0.53617901906190       -0.17156770969049       -2.60297052676978
H           -3.06218650620367        2.19127494213064        1.16362482779059
H           -2.17123678764774        1.82564492014972        2.66665149635341
H           -1.03054485293136        3.19747953639227        0.17298129420496
H           -1.38517397752182        3.98448909105531        1.72067621960381
H           -0.09233557059683        2.77402426614867        1.60788148420587
H           -5.34319123032050       -1.51030238176041        0.67901155279967
H           -5.04917905568176       -0.46048661600787       -0.73980374109450
H           -3.88885623522958       -3.27194280676143       -0.40268904204437
H           -5.31280906549552       -2.87556697752063       -1.38037079851735
H           -3.72565733734792       -2.22945828777381       -1.82308624551832
41
 energy: -65.055797613779 gnorm: 0.000975368274 xtb: 6.7.1 (edcfbbe)
C            0.78304129467911       -1.85201410437766        2.83762279501913
C            1.76851452439841       -0.71553812266455        2.65288448537714
O            1.41896011416991        0.05029648164099        1.47745843929628
P            2.28986613104848        0.00468678021685        0.15388689340831
S            3.02529832707081       -1.74043890087410       -0.36444071265502
O            3.39340686903384        1.10555883574445        0.48412355031843
C            4.67326669789945        1.17933700613660       -0.17036599271896
C            4.56966283208875        1.72528896652524       -1.57961266608016
S            0.95268620608690        0.95531237978048       -1.16408503345117
C            0.12553131543979       -0.52529399373267       -1.81463501987506
S           -0.82848056869902       -1.46056860682198       -0.58369682337330
P           -2.29416738173596       -0.00717576177756       -0.17070176801502
S           -2.89155681787709        1.15824069109906       -1.63362514047856
O           -1.61215679667260        0.69828528872428        1.07394440833864
C           -2.07715585358608        1.96681864031581        1.58875487060497
C           -1.07885973923124        3.05581670164610        1.25056882699614
O           -3.47085861020983       -0.80636374179894        0.54722302089635
C           -4.64867992949748       -1.27892005336376       -0.13197062701611
C           -4.36999354042988       -2.49621317993848       -0.98951451786017
H            0.86849239883453       -2.56002405544828        2.01576810516750
H            0.99207151914232       -2.36199202588837        3.77250290723616
H           -0.23178732762043       -1.46252620445248        2.85451655118608
H            2.78929643476946       -1.09553790458116        2.54815789697621
H            1.72611091235248       -0.00777642073924        3.48246964989170
H            5.25614686798664        1.84044070832117        0.47294155340172
H            5.11745950380207        0.17872606210770       -0.17642231353469
H            4.03174897157328        1.02398421939195       -2.21544672277245
H            4.04281646490808        2.67576842291834       -1.58092849721549
H            5.56933744137151        1.86789054259757       -1.97865340585657
H            0.86921248920383       -1.22071457323034       -2.20206027358280
H           -0.53733197220564       -0.17135696455368       -2.60347784695449
H           -3.06064161199693        2.19202245736335        1.16528753442902
H           -2.16784881579458        1.82530010872149        2.66702252434448
H           -1.03069666408056        3.19899038609918        0.17296109547388
H           -1.38479945817119        3.98443864887072        1.72153545111541
H           -0.09069096602637        2.77544206422666        1.60663409436049
H           -5.34099201116405       -1.51106550044373        0.67885996810810
H           -5.04886861177978       -0.46171678048711       -0.74076371691472
H           -3.88507871476487       -3.27137508065084       -0.40216504351725
H           -5.30868098124262       -2.87625708841228       -1.38105790088933
H           -3.72174479782701       -2.22871070735858       -1.82234050119088
41
 energy: -65.055800371359 gnorm: 0.000755023828 xtb: 6.7.1 (edcfbbe)
C            0.78164924477962       -1.85291089107069        2.83799551501666
C            1.76687064244581       -0.71557830915762        2.65344179291796
O            1.41917312223396        0.04907226964465        1.47768138044706
P            2.28919102850988        0.00201240000728        0.15331191360759
S            3.02404446465783       -1.74354029917994       -0.36402448909465
O            3.39339952141508        1.10267873462068        0.48357999388325
C            4.67200213376297        1.17916672265659       -0.17129326608026
C            4.56655438948020        1.72560572796549       -1.58065525243885
S            0.95320738456797        0.95677265462538       -1.16335756592990
C            0.12734405087470       -0.52511677546163       -1.81413789132459
S           -0.82903363322459       -1.45921151620695       -0.58421114400638
P           -2.29415013612075       -0.00570580057693       -0.17125052632743
S           -2.88899954413534        1.15940515800677       -1.63520600545367
O           -1.61283478905670        0.69926680206010        1.07433745043031
C           -2.07582795287813        1.96735465964156        1.58961825417874
C           -1.07763563585491        3.05685736881075        1.25074144696772
O           -3.47186877378129       -0.80429114225366        0.54639478107315
C           -4.64808027558653       -1.27924780029548       -0.13214505568642
C           -4.36702698368112       -2.49670003091520       -0.98952576266568
H            0.86840904805542       -2.56134413715108        2.01659790636249
H            0.99103982856059       -2.36182611986882        3.77334504640116
H           -0.23353219508087       -1.46442425194951        2.85407983280632
H            2.78780208275061       -1.09592866122165        2.55145381419220
H            1.72257799131777       -0.00785541213211        3.48296866651557
H            5.25442900407726        1.84132519506891        0.47147140912225
H            5.11899646870793        0.17979390180275       -0.17866275940237
H            4.02853190641013        1.02369201237805       -2.21573597931394
H            4.03869173496580        2.67553873703212       -1.58114765055127
H            5.56562486491466        1.86900472850113       -1.98068293458348
H            0.87053491262293       -1.22110470624679       -2.20173076461893
H           -0.53554460499104       -0.17075379837958       -2.60289589829657
H           -3.05968201053725        2.19419540158030        1.16788121996310
H           -2.16488669487528        1.82609940320033        2.66804599164006
H           -1.03067587372210        3.20049329481257        0.17310233006211
H           -1.38404152234878        3.98488124861258        1.72251079070635
H           -0.08903166268615        2.77688433865421        1.60576932582324
H           -5.34015691987925       -1.51267485442992        0.67861432684295
H           -5.05060973033675       -0.46378943887992       -0.74180416332860
H           -3.88108635718042       -3.27091670599789       -0.40174229980677
H           -5.30486598731344       -2.87808858051502       -1.38162954505439
H           -3.71864639659402       -2.22802590693964       -1.82194413700216
41
 energy: -65.055801623480 gnorm: 0.000252951419 xtb: 6.7.1 (edcfbbe)
C            0.78150982789642       -1.85309574377014        2.83811402062326
C            1.76685838942378       -0.71592255582069        2.65415512957346
O            1.41948705026434        0.04929060409451        1.47836972682756
P            2.28960724797131        0.00210403856368        0.15401737066052
S            3.02403937699587       -1.74345463372667       -0.36383625372705
O            3.39407768953241        1.10257969904540        0.48433120778927
C            4.67239357729602        1.17930978381720       -0.17159438121266
C            4.56604355385293        1.72557449666569       -1.58084684979186
S            0.95387458114102        0.95542243115255       -1.16380251032333
C            0.12660998469257       -0.52535349606621       -1.81468597340682
S           -0.82957865616907       -1.45941204269054       -0.58456422919341
P           -2.29422264302237       -0.00526830978389       -0.17124771038838
S           -2.88951645991399        1.16002452235735       -1.63488952046655
O           -1.61293981951923        0.69953636729253        1.07452892466554
C           -2.07585597722180        1.96792574543255        1.58987230202517
C           -1.07752353763606        3.05708379160517        1.25077745102545
O           -3.47203885961003       -0.80380184409075        0.54640699436122
C           -4.64804790720157       -1.27947836022030       -0.13252450148026
C           -4.36639097938218       -2.49673260242976       -0.98975524310729
H            0.86819140995473       -2.56130822312295        2.01651339343131
H            0.99017048769518       -2.36261017758635        3.77343797347999
H           -0.23363034959905       -1.46431872901533        2.85411894229811
H            2.78803172810693       -1.09593844091085        2.55240225240993
H            1.72242367128135       -0.00827532082231        3.48385051514164
H            5.25509253734729        1.84160184847344        0.47080044527626
H            5.11956459792871        0.17997687595729       -0.17884650847810
H            4.02803363175266        1.02361187486672       -2.21593485200516
H            4.03797903268926        2.67545039565108       -1.58116343842335
H            5.56495673291978        1.86947173094863       -1.98143413498601
H            0.86976448638211       -1.22133156106009       -2.20221561898196
H           -0.53601786821374       -0.17098029673988       -2.60357295136429
H           -3.05999390999371        2.19463371262752        1.16850206509277
H           -2.16482847834893        1.82670455163801        2.66840431740285
H           -1.03044159220069        3.20052257382120        0.17311970751908
H           -1.38324936433232        3.98555602143603        1.72237195229552
H           -0.08895478897791        2.77684536037241        1.60590335598958
H           -5.34020360500971       -1.51322624436849        0.67809373459281
H           -5.05092075318661       -0.46401387405439       -0.74199959088288
H           -3.88023649517428       -3.27080913007143       -0.40187512147109
H           -5.30410161251600       -2.87877190729859       -1.38184315275271
H           -3.71815979264895       -2.22805731131717       -1.82229914204424
41
 energy: -65.055801925340 gnorm: 0.000129458139 xtb: 6.7.1 (edcfbbe)
C            0.78137969409514       -1.85309487075960        2.83795739867880
C            1.76694119715123       -0.71613431446878        2.65449426674504
O            1.41985469342777        0.04933189677466        1.47869926739629
P            2.28985077506391        0.00189033764372        0.15434235380756
S            3.02390723468332       -1.74373713384962       -0.36378959360583
O            3.39443827573376        1.10223383247541        0.48454473171757
C            4.67249391580227        1.17927129600611       -0.17195677095832
C            4.56552398966429        1.72542596094424       -1.58111278158867
S            0.95383873106067        0.95537794623125       -1.16305652653093
C            0.12646089192453       -0.52520783669139       -1.81410663352024
S           -0.82962360579549       -1.45907391536346       -0.58378611704320
P           -2.29446537773419       -0.00489923000876       -0.17118338336566
S           -2.88944764276951        1.16038206413831       -1.63499060340587
O           -1.61331518353092        0.69968243229983        1.07472432534618
C           -2.07597883529609        1.96827671505200        1.59000034057237
C           -1.07737138003312        3.05700587328935        1.25068643808322
O           -3.47233939922014       -0.80341730632197        0.54630543089497
C           -4.64804325972393       -1.27964937302679       -0.13286997946615
C           -4.36581289321077       -2.49671953471335       -0.99001389161746
H            0.86798489882393       -2.56115292336041        2.01622548720154
H            0.98960574077476       -2.36296818494885        3.77319658568119
H           -0.23366804155888       -1.46401268709501        2.85390059769198
H            2.78816468980677       -1.09609032829638        2.55280327897136
H            1.72249238334515       -0.00852355256755        3.48425125751741
H            5.25523404160722        1.84174074544267        0.47022027154852
H            5.11985273861013        0.18000002947381       -0.17915068259148
H            4.02781657428560        1.02323835643761       -2.21619523779313
H            4.03700733795434        2.67505711229754       -1.58133387373608
H            5.56430137184868        1.86992181762076       -1.98187146278928
H            0.86955219192948       -1.22121140336662       -2.20165344808100
H           -0.53607222165502       -0.17083113044674       -2.60304197323275
H           -3.06015981410354        2.19497767934140        1.16867163855611
H           -2.16499315236899        1.82711466792948        2.66856357401437
H           -1.03016397717863        3.20023862705208        0.17301178409389
H           -1.38266214767042        3.98575321288727        1.72205494281717
H           -0.08890911256655        2.77647512605437        1.60595283153379
H           -5.34019290211440       -1.51367708425070        0.67767630755294
H           -5.05113222787797       -0.46420394663396       -0.74225911170975
H           -3.87918539289699       -3.27051558576397       -0.40214781216934
H           -5.30340033423482       -2.87935303316856       -1.38186505160246
H           -3.71790832080616       -2.22785673343718       -1.82273807762073
41
 energy: -65.055802156217 gnorm: 0.000127038240 xtb: 6.7.1 (edcfbbe)
C            0.78121617302225       -1.85308557326659        2.83778889756030
C            1.76719462561274       -0.71647478299453        2.65496247447575
O            1.42054512398869        0.04958442997873        1.47936476947322
P            2.29002002867134        0.00192102448604        0.15477295112889
S            3.02359578022641       -1.74388521189933       -0.36357875943945
O            3.39504231305021        1.10181721968937        0.48481631520560
C            4.67271506070125        1.17916210125277       -0.17244017771559
C            4.56486885785347        1.72515880143399       -1.58152541124392
S            0.95385223230174        0.95559026180996       -1.16237760939710
C            0.12641949768838       -0.52499026691477       -1.81329792847565
S           -0.82972676707754       -1.45887336404697       -0.58312302143144
P           -2.29469836902801       -0.00472473265170       -0.17077467944267
S           -2.88916058191734        1.16056968732412       -1.63479566555817
O           -1.61412905876111        0.69982624786365        1.07536820403674
C           -2.07631695201227        1.96884496508582        1.59015673719651
C           -1.07717677180472        3.05691800330486        1.25060034003329
O           -3.47297739245482       -0.80296226078770        0.54626912378604
C           -4.64819794333593       -1.27983815857627       -0.13334237282515
C           -4.36507695527689       -2.49667372736971       -0.99042001569729
H            0.86769322997466       -2.56081586807228        2.01576994017975
H            0.98895586098410       -2.36347820689512        3.77284547759105
H           -0.23366576400759       -1.46355178750644        2.85363258844336
H            2.78834241055671       -1.09662586071846        2.55328687471120
H            1.72280227163862       -0.00907227779969        3.48489632936617
H            5.25555059168469        1.84187463892930        0.46940961000307
H            5.12033371909906        0.17999322119581       -0.17971625394357
H            4.02765050889214        1.02251717309581       -2.21652059613317
H            4.03549230744628        2.67430784495377       -1.58160330319021
H            5.56342006073897        1.87059770554436       -1.98252336737476
H            0.86952483181224       -1.22100008099181       -2.20082930151179
H           -0.53615247953632       -0.17058621195557       -2.60219793513501
H           -3.06038409836606        2.19573862360134        1.16867595046357
H           -2.16547855937525        1.82797515710987        2.66874321840232
H           -1.02973658581595        3.19968957410822        0.17288230272873
H           -1.38195522867744        3.98604098847085        1.72154468369987
H           -0.08891485158514        2.77594219179790        1.60608551233782
H           -5.34041220724658       -1.51428052619406        0.67703685754070
H           -5.05153737542929       -0.46452518443946       -0.74276568280095
H           -3.87756150619841       -3.26994793772240       -0.40260435586598
H           -5.30244076766154       -2.88024216194848       -1.38191319827634
H           -3.71767912512928       -2.22737005743299       -1.82339942491179
41
 energy: -65.055802216721 gnorm: 0.000063663574 xtb: 6.7.1 (edcfbbe)
C            0.78111832865696       -1.85313377289049        2.83775040800959
C            1.76730423832006       -0.71662111478416        2.65515574726518
O            1.42082251546151        0.04968449726560        1.47966353942796
P            2.29013198523948        0.00186491474523        0.15499400627203
S            3.02351337389926       -1.74402003787733       -0.36337841715400
O            3.39522706818175        1.10169976537078        0.48484289396515
C            4.67277114458645        1.17913456891393       -0.17264919179582
C            4.56456532933575        1.72503129998697       -1.58177821695322
S            0.95390277281698        0.95573412071951       -1.16197466551880
C            0.12645232343741       -0.52486985249281       -1.81291001714639
S           -0.82982447633222       -1.45865055025523       -0.58274510088231
P           -2.29490305972270       -0.00456960058482       -0.17057352656494
S           -2.88905925211154        1.16073092478533       -1.63474103621561
O           -1.61449474398287        0.69988926521899        1.07568096527170
C           -2.07645503247166        1.96909337579722        1.59022644091848
C           -1.07705587719119        3.05694210372068        1.25056823036428
O           -3.47322194906209       -0.80287415118219        0.54626089494695
C           -4.64826083236401       -1.27995387641433       -0.13351337800012
C           -4.36473692913486       -2.49669321362498       -0.99065193365909
H            0.86754979354974       -2.56075951315209        2.01562086625162
H            0.98881692864766       -2.36366527022828        3.77273463144546
H           -0.23371941173483       -1.46349582967168        2.85361554973590
H            2.78835144386745       -1.09698455571022        2.55343504328116
H            1.72298136643381       -0.00936645135981        3.48520152635016
H            5.25566415057210        1.84195486954675        0.46902790154092
H            5.12049608575955        0.18003573400308       -0.17996790430246
H            4.02758074620223        1.02209676649559       -2.21666142060204
H            4.03474522559102        2.67393802071177       -1.58182079959626
H            5.56299962227665        1.87088489083211       -1.98290285162634
H            0.86949585066624       -1.22094618268959       -2.20044449241484
H           -0.53609270917252       -0.17040921831975       -2.60181241275354
H           -3.06039088811101        2.19616092132510        1.16857491434840
H           -2.16572593809188        1.82841727240191        2.66881410539341
H           -1.02952254643858        3.19954994517748        0.17281982945802
H           -1.38178225754379        3.98615553199851        1.72135749209794
H           -0.08886281930658        2.77587820888434        1.60616171904077
H           -5.34052236331240       -1.51460027814156        0.67675733808331
H           -5.05169360654073       -0.46472122741276       -0.74294936067244
H           -3.87676033061426       -3.26972095723967       -0.40288603662431
H           -5.30197291751635       -2.88069013841180       -1.38201901058877
H           -3.71757620749956       -2.22706558460512       -1.82372417240317
