41
 energy: -65.042944536779 gnorm: 0.052469709898 xtb: 6.7.1 (edcfbbe)
C            5.35551678778690       -2.20648625663351       -1.69616191731239
C            4.33637125218222       -1.09804308959704       -1.77288242011280
O            3.36603210006113       -1.32031696984419       -0.69399493617090
P            2.41116910800129       -0.13736479101682       -0.15862970144576
S            3.26976348456306        1.54714259902572        0.31076949982354
O            1.61617801565321       -0.90881003006623        0.99499080915581
C            2.00172420595670       -0.86615323846408        2.41066340140069
C            0.73144123623014       -0.85298426954753        3.22480258288348
S            0.96554427363457       -0.03869578179438       -1.70353581624244
C            0.15587766847980        1.56369441948238       -1.32343277599304
S           -0.74095952786430        1.73245794827381        0.26874194430363
P           -2.28196300061570        0.30096953225469        0.00872472666411
S           -3.17071073316079        0.30189025214988       -1.72456110694692
O           -3.18230435758661        0.57647008938809        1.31356963086568
C           -4.38369846709067        1.41966431664735        1.31714717172756
C           -4.04751154816088        2.89005449610438        1.37233193909377
O           -1.54074668236501       -1.05152492964112        0.45177553702681
C           -1.88927336852335       -2.36251901558767       -0.10168340728535
C           -3.15083860038285       -2.90875533014973        0.52238487591095
H            4.88029422513303       -3.18598137899713       -1.80450973858033
H            6.07522692080272       -2.08012355075583       -2.51153712724028
H            5.89828106925178       -2.17290233703758       -0.74689748718538
H            3.79158297759505       -1.11256509582504       -2.72193229460865
H            4.79930733299843       -0.11578515973898       -1.63515964811061
H            2.60977971942029       -1.75569478025188        2.60463576780118
H            2.60592901943041        0.02937441022230        2.58821016394531
H            0.98917567064876       -0.86436710410722        4.28839779684175
H            0.14788815775514        0.04964721294309        3.01604744535272
H            0.11658469488701       -1.73248688266532        3.00778163367816
H           -0.53906463253642        1.73832849997961       -2.15109629519455
H            0.91178680648163        2.35600576806161       -1.31222700813411
H           -4.98477203231698        1.16847868136441        0.43723783199340
H           -4.91642549068924        1.09818975440323        2.21408907934989
H           -4.97739630980733        3.44960514416907        1.51724971601695
H           -3.38101068266895        3.10920155447066        2.21252351982330
H           -3.58264945393108        3.23457974568391        0.44460689550119
H           -1.97758019952302       -2.26822251340144       -1.18891869256252
H           -1.01974381339478       -2.98173859904812        0.13101336154308
H           -3.06076823449121       -2.95587072580494        1.61215431789396
H           -4.02190579443755       -2.29961759155989        0.26104317064940
H           -3.31828424094000       -3.92283681589390        0.14440433498367
41
 energy: -65.047203544633 gnorm: 0.027229750913 xtb: 6.7.1 (edcfbbe)
C            5.35293397195656       -2.20042937125702       -1.69338291957240
C            4.32549191281736       -1.09322110560830       -1.75995336311530
O            3.35661595912892       -1.30852823385960       -0.69338982012168
P            2.38545661737983       -0.13966325402723       -0.17497206324750
S            3.27707024299670        1.53516122686576        0.32138965172914
O            1.60989706396068       -0.90720256900123        0.98547019474039
C            1.99483036178291       -0.85893531322240        2.39149247053084
C            0.73347600330228       -0.84858103823399        3.22436488229288
S            0.89092918681745       -0.07070115489433       -1.66278511705838
C            0.15333741061403        1.56295283563074       -1.31994544007800
S           -0.67824093319914        1.67428062318828        0.30006314178663
P           -2.26693361425472        0.30776356440185        0.01490243664793
S           -3.17935257677949        0.28743117432257       -1.72008305914726
O           -3.18266923126029        0.56871604619458        1.30456364042730
C           -4.37030452505994        1.40950128224566        1.30775962515115
C           -4.04070952536865        2.88302979997102        1.36763672091099
O           -1.53474391672247       -1.04505763751097        0.44817553148746
C           -1.88646263730710       -2.34524603260924       -0.09981580032533
C           -3.14733218762015       -2.90028889151789        0.52084130638312
H            4.87303947623762       -3.17142327976640       -1.79660919454591
H            6.06794846345260       -2.07373663698607       -2.50457546831258
H            5.88673030241764       -2.17044730635213       -0.74584909511538
H            3.78075046992268       -1.10833092988653       -2.70744233638717
H            4.78160251372094       -0.10901253314993       -1.61901526469272
H            2.60154064368499       -1.74720101633524        2.58440150467717
H            2.59859984104990        0.03804606971459        2.56165173540392
H            0.99608275660587       -0.85885953474170        4.28073177433611
H            0.14670645908019        0.04417963509298        3.01297839977152
H            0.12491842828403       -1.72276559741964        3.00135512402177
H           -0.56130047521031        1.73418060008520       -2.12673326175424
H            0.92855716931747        2.33125892066266       -1.30541130579811
H           -4.96108251758467        1.16978033382981        0.41867855158221
H           -4.90366439608947        1.08519802045838        2.20331211878850
H           -4.96394524777980        3.44421357634038        1.50736474358198
H           -3.37298112451821        3.09351912570302        2.20117456175775
H           -3.56680727308182        3.21564489552529        0.44498912696347
H           -1.98648539779312       -2.24704367137916       -1.18515028589471
H           -1.01605876163115       -2.96260442028108        0.13111778484615
H           -3.05666155338705       -2.93860927169983        1.60491370080303
H           -4.00691482430780       -2.28272590455684        0.26006710417705
H           -3.31601697910881       -3.90833483874141        0.14385474347217
41
 energy: -65.048851589814 gnorm: 0.011619928276 xtb: 6.7.1 (edcfbbe)
C            5.33891365416580       -2.19119886129025       -1.68508899481038
C            4.30479319599963       -1.08424614346923       -1.74864711220915
O            3.33592362158040       -1.30034289039355       -0.69633605077649
P            2.34966922769553       -0.15071105168947       -0.18525034357810
S            3.24478106679760        1.53079166554639        0.29291711947178
O            1.59837514718072       -0.91351710561341        0.98389052807713
C            1.98918960798957       -0.85584680899530        2.37663141678920
C            0.73296483938545       -0.84368027394863        3.22260406829366
S            0.84887037992765       -0.09836855382608       -1.66253462817185
C            0.14606103484241        1.53803953314664       -1.29344069617231
S           -0.64810725102253        1.66735518774274        0.33526754786013
P           -2.23848077479435        0.30843455038312        0.02844447543242
S           -3.14731161258570        0.30735244650120       -1.71135296042008
O           -3.17465855614997        0.55793785308581        1.29707684272538
C           -4.35027085060074        1.39405507129362        1.29472791769427
C           -4.02111346362087        2.87056409523604        1.35912858400000
O           -1.52206790588279       -1.04834489493990        0.44822638200211
C           -1.87884088797532       -2.33378198221655       -0.09906370193291
C           -3.14370276481737       -2.88627690957405        0.52160294452933
H            4.85619474715446       -3.15707291514228       -1.78822502034317
H            6.05073408275444       -2.05969774420897       -2.49245103772125
H            5.86573709794796       -2.16274130387935       -0.73723396474778
H            3.76909949242751       -1.09760762055318       -2.70072918603250
H            4.76005447123918       -0.10029828977472       -1.60169086261587
H            2.59683437204683       -1.74130572435265        2.57267722373250
H            2.59160508193110        0.04443438356449        2.53599140755622
H            1.00518345240163       -0.85055106921768        4.27204068368378
H            0.14453281295508        0.04373961568616        3.00855406828613
H            0.12936684139475       -1.71664737685591        2.99864119689002
H           -0.58168784268262        1.72223777379740       -2.08217500803121
H            0.93585298079132        2.28780344076476       -1.29049226351417
H           -4.93354976735876        1.16608485849110        0.39751464310482
H           -4.89074973095903        1.07047781265294        2.18614040393927
H           -4.94034746292750        3.43235718084822        1.49080998499893
H           -3.35561008637807        3.07484905798850        2.19173006906270
H           -3.53816250196558        3.19281736259640        0.43956282372922
H           -1.99027890947883       -2.23008391523490       -1.18288521262521
H           -1.01075022712671       -2.95564097141576        0.12559875729333
H           -3.05229856857197       -2.91876378419285        1.60245182498964
H           -3.99241986592823       -2.25804703010753        0.25948999749248
H           -3.31648062131564       -3.88865048123857        0.14401291317188
41
 energy: -65.049415580572 gnorm: 0.006783943058 xtb: 6.7.1 (edcfbbe)
C            5.32390332365559       -2.18468831103315       -1.67703058490874
C            4.28785270281979       -1.07754018482903       -1.74379264564821
O            3.31899689257995       -1.30257272764401       -0.70122373424678
P            2.32708404805113       -0.16584442529278       -0.18969855929617
S            3.20183496753194        1.53379028128962        0.26039204275776
O            1.58756261135061       -0.92311431247621        0.98245850131445
C            1.98347165894235       -0.85543031970693        2.36773511236689
C            0.73007815197914       -0.83945242519496        3.22086771214465
S            0.81665659310293       -0.11391342635806       -1.65702482667468
C            0.14020847945143        1.52929741554547       -1.27960765892018
S           -0.62795150607710        1.65305738748222        0.35811878253939
P           -2.22259982694425        0.30370065341761        0.04483491641938
S           -3.10418488905875        0.33441138261402       -1.70875021216370
O           -3.17198290238378        0.54345152611562        1.29896115970224
C           -4.33842335007469        1.38047855274506        1.28760189877715
C           -3.99779094892553        2.85694222830776        1.35136637961697
O           -1.50864448914849       -1.05154394158120        0.45169396384725
C           -1.86814264322354       -2.32810119549383       -0.09922491373742
C           -3.13852738183716       -2.87222562431193        0.52320014479465
H            4.83999131762315       -3.14991358707765       -1.78354835939510
H            6.03675917497953       -2.04791868457465       -2.48181749506980
H            5.84572519461909       -2.15524214548329       -0.72598069544600
H            3.76258300665234       -1.08602174687182       -2.70230810087560
H            4.74397890155388       -0.09418377702346       -1.58983952131234
H            2.59379332075513       -1.73752761839836        2.57140886626935
H            2.58506609201947        0.04720097374917        2.52098262031978
H            1.01062870920295       -0.84199503527637        4.26753707686732
H            0.14118948598988        0.04782452932876        3.00550215219606
H            0.12745648645972       -1.71474424989672        3.00170831367881
H           -0.60087606487721        1.72842861015923       -2.05282870187353
H            0.94321825547906        2.26533423627340       -1.28950416667564
H           -4.91706269504392        1.16083490554158        0.38455563217573
H           -4.89151669960816        1.06280083184737        2.17328164553271
H           -4.91387381835525        3.42483677726889        1.47312304995934
H           -3.33596404895890        3.05723493165727        2.18831438178027
H           -3.50506307588151        3.17044737902719        0.43302100234490
H           -1.98632215856873       -2.22247547092511       -1.18280719167107
H           -1.00480790756855       -2.95936754934647        0.11747594882824
H           -3.04683090946608       -2.90264262456037        1.60429425562884
H           -3.98079882702600       -2.23525492902843        0.25926393691019
H           -3.31882767530510       -3.87245010279056        0.14542465224648
41
 energy: -65.049570664919 gnorm: 0.004888979721 xtb: 6.7.1 (edcfbbe)
C            5.31213784857429       -2.17975231492049       -1.67262857607945
C            4.27662686468714       -1.07257986350194       -1.74352287366720
O            3.30181738549440       -1.30343223441737       -0.70803954220143
P            2.31114384273788       -0.17013800511593       -0.19394219075360
S            3.18541304502602        1.53063033685408        0.25121587758242
O            1.57714496228511       -0.92557041192027        0.98006674357347
C            1.97867286206405       -0.85403264976534        2.36408238840658
C            0.72774752619179       -0.83605134919153        3.22106152408973
S            0.79694377164975       -0.12313217155738       -1.66166802961856
C            0.13411133790120        1.52273477754199       -1.26738053699405
S           -0.61645310506022        1.65216222413282        0.37882718426757
P           -2.20957010556366        0.30104836391955        0.04963022776833
S           -3.08461395840911        0.34193311959731       -1.70668857086332
O           -3.16480618216690        0.53245510222796        1.29826277860073
C           -4.32862420213744        1.37321560506751        1.28198677876733
C           -3.97908349717917        2.84802611709530        1.34551532578942
O           -1.49535946103303       -1.05357114220735        0.44995116419510
C           -1.86190449480855       -2.32833998608796       -0.10113672107915
C           -3.13549827187815       -2.86385977367324        0.52370156575121
H            4.82919714784063       -3.14621085646834       -1.78275061148588
H            6.03003311046526       -2.04236262177303       -2.47431640540279
H            5.83005901207883       -2.15028782419268       -0.71823397487796
H            3.75914086944839       -1.07620003956575       -2.70678158193125
H            4.73263936962823       -0.08958514911831       -1.58393776586662
H            2.59159344108717       -1.73429814284786        2.57134504944104
H            2.57985528552296        0.04960580958469        2.51481883086585
H            1.01207808199151       -0.83580077800119        4.26782038919716
H            0.13827315638000        0.05216011948254        3.00611917655853
H            0.12334795538737       -1.71305949334243        3.00778272472057
H           -0.61358289564618        1.73377118296632       -2.03220178594202
H            0.94294765856005        2.25314448251538       -1.28783571523043
H           -4.90609637728205        1.15681844789394        0.37704087699330
H           -4.89054000693710        1.06041304401547        2.16394592385001
H           -4.89273531680366        3.42316802416546        1.46028781782714
H           -3.32072511537000        3.04578895509904        2.18721639553662
H           -3.47882742951622        3.15664706000148        0.42866465302685
H           -1.98019806177453       -2.22300752373639       -1.18506674414019
H           -1.00305035669188       -2.96728336802525        0.11176370745706
H           -3.04270400133490       -2.89338092232225        1.60584536816284
H           -3.97453507633663       -2.22137478594314        0.25932413740087
H           -3.32416906260634       -3.86450317727040        0.14799179740797
41
 energy: -65.049645658663 gnorm: 0.003303037981 xtb: 6.7.1 (edcfbbe)
C            5.30576722133421       -2.17756336262471       -1.67094443358578
C            4.27082544923038       -1.07130154889679       -1.74454851292720
O            3.29110583193704       -1.30726154992932       -0.71323647424926
P            2.30389003929083       -0.17400259900131       -0.19498569097355
S            3.17989419547400        1.52603590717259        0.24807071048817
O            1.57024909732971       -0.92821952176935        0.97940451473367
C            1.97431902617803       -0.85359372696881        2.36424692503460
C            0.72527696960696       -0.83355454724176        3.22284695989418
S            0.79235793031379       -0.11575185518478       -1.66398691713135
C            0.13135551542223        1.52954312623319       -1.26671442639167
S           -0.61655098608611        1.65184259086086        0.38054977415021
P           -2.20506535251892        0.29597906018813        0.05460279499904
S           -3.07533363916699        0.34454934309681       -1.70358244445811
O           -3.16350221572522        0.52106669519000        1.30108788011057
C           -4.32390281706976        1.36929046257140        1.28012708564752
C           -3.96498371705730        2.84145445557051        1.34212647875023
O           -1.48686095569031       -1.05742404452599        0.44996832590607
C           -1.85888560866856       -2.33209698216473       -0.10188142515648
C           -3.13453284901289       -2.86000360269597        0.52394698224168
H            4.82402765261264       -3.14481273973254       -1.78389658858456
H            6.02806897716556       -2.04048064277541       -2.46967730147364
H            5.82019798258929       -2.14875424640873       -0.71414032813971
H            3.75715749278920       -1.07133679358964       -2.70993535067172
H            4.72449075026816       -0.08797576672740       -1.57962118146947
H            2.58871581509517       -1.73306389915970        2.57178215960688
H            2.57543735024459        0.05066250472925        2.51169564795902
H            1.01092645963854       -0.83105073891910        4.26998273706897
H            0.13555650084591        0.05499002266890        3.00784586044727
H            0.11898539100740       -1.71097938436040        3.01411229108679
H           -0.61846589599457        1.74370823611305       -2.02807013824824
H            0.94033085230495        2.25912178488073       -1.28922985265164
H           -4.89954487202184        1.15365089043227        0.37375530850982
H           -4.89119530931518        1.06076149609739        2.16004724673370
H           -4.87532773172729        3.42417499508745        1.45128260123748
H           -3.30939316242128        3.03718440734150        2.18705955221816
H           -3.45824980216584        3.14552444601560        0.42697200128790
H           -1.97484394225127       -2.22564545810970       -1.18606182752955
H           -1.00289993028873       -2.97501147151555        0.11067432425202
H           -3.04089382795675       -2.88889037195323        1.60655866039928
H           -3.97119157877715       -2.21390827259553        0.25958438505417
H           -3.32946475029631       -3.86094911020405        0.15031846692838
41
 energy: -65.049694093854 gnorm: 0.002149497562 xtb: 6.7.1 (edcfbbe)
C            5.29996226003267       -2.17598419131521       -1.66977358460136
C            4.26545194321712       -1.07095112411649       -1.74625052336753
O            3.27998592863923       -1.31020750545117       -0.71900179214347
P            2.29918361078313       -0.17387924349397       -0.19542351389276
S            3.18278603314214        1.52137158039267        0.25159054249474
O            1.56319510050072       -0.92778194571955        0.97819909326561
C            1.96889070175770       -0.85247784034970        2.36462042159882
C            0.72212023236336       -0.83057211458023        3.22487418983405
S            0.78937676832642       -0.10668220788282       -1.66618560051222
C            0.12813537773759        1.53734378193221       -1.26516062259958
S           -0.61794575295232        1.65134733468384        0.38335612129865
P           -2.20279582120164        0.29094817956866        0.05477794597084
S           -3.07518022741062        0.33973891074638       -1.70242145910709
O           -3.16182213194717        0.50974400724885        1.30176796350908
C           -4.31842455953681        1.36654624872346        1.27850291671388
C           -3.94983425343033        2.83538336770765        1.33878766586861
O           -1.47826156382522       -1.06044496524313        0.44673596897713
C           -1.85679625076899       -2.33668363210687       -0.10248323629035
C           -3.13405496678231       -2.85684049606568        0.52406309804024
H            4.81952931201059       -3.14361794067962       -1.78572027194745
H            6.02619076996577       -2.03894240214808       -2.46523245909153
H            5.81071785845115       -2.14827615175380       -0.71095579633811
H            3.75485384874783       -1.06847352287706       -2.71305906354207
H            4.71596824525992       -0.08725109863852       -1.57575010156383
H            2.58339182163132       -1.73224322143114        2.57003273679684
H            2.57074753447393        0.05157542423393        2.50897173049458
H            1.00932288341472       -0.82655975208665        4.27189519019612
H            0.13230569794461        0.05804393530022        3.01034454311557
H            0.11419459568657       -1.70775223074611        3.01981534845381
H           -0.62233435032920        1.75282494028960       -2.02501227054502
H            0.93574746480117        2.26797603751566       -1.28637514827344
H           -4.89277518589703        1.15097989044646        0.37148280285401
H           -4.88794546337567        1.06170612713693        2.15793997061092
H           -4.85635667283081        3.42505133188483        1.44315017759961
H           -3.29663387886762        3.02887682517872        2.18610148378015
H           -3.43742237427100        3.13464742281572        0.42539960000832
H           -1.96997375151230       -2.23047803373430       -1.18690658229509
H           -1.00321296488847       -2.98175280512474        0.11251709078186
H           -3.03999086598618       -2.88437742097404        1.60675013911353
H           -3.96828788111105       -2.20805209224250        0.25909796500087
H           -3.33416151549660       -3.85791521984920        0.15307410083696
41
 energy: -65.049710336847 gnorm: 0.001695942895 xtb: 6.7.1 (edcfbbe)
C            5.29738288851243       -2.17555921035315       -1.66902009130773
C            4.26248889870806       -1.07127117714157       -1.74673812336038
O            3.27429091103226       -1.31113054005220       -0.72166584386501
P            2.29682608195109       -0.17236410072026       -0.19600385504339
S            3.18605951696197        1.51902130227150        0.25515145345581
O            1.55911753755522       -0.92632636901045        0.97716610981651
C            1.96534292356074       -0.85143778584314        2.36410770568592
C            0.71976060277484       -0.82850392869776        3.22550382132433
S            0.78888970308082       -0.10035332440655       -1.66836249527515
C            0.12701874742668        1.54256018276716       -1.26398238465764
S           -0.62022727595125        1.65153536333916        0.38394205268516
P           -2.20221364121942        0.28800193571847        0.05424999733378
S           -3.07611835254712        0.33566229694365       -1.70267763428563
O           -3.16203759215535        0.50285082530765        1.30160749111167
C           -4.31537219111332        1.36495695915576        1.27814722249339
C           -3.94088094508278        2.83188119030287        1.33717952098193
O           -1.47406563578102       -1.06246802444604        0.44440093314981
C           -1.85587820777310       -2.33955363197633       -0.10211655150612
C           -3.13436353695384       -2.85555914317069        0.52416729197212
H            4.81747663125926       -3.14300788162984       -1.78654792614996
H            6.02474085259466       -2.03760521985763       -2.46285041376709
H            5.80604413541103       -2.14850314918638       -0.70941135466620
H            3.75334401490921       -1.06902791960115       -2.71407165022927
H            4.71124041902381       -0.08731912134120       -1.57430184039428
H            2.57873767721112       -1.73203974526940        2.56801029866249
H            2.56813658686852        0.05199385889332        2.50735538574634
H            1.00846437901043       -0.82394715053184        4.27186396225492
H            0.13004774492450        0.05992567090783        3.01121676016456
H            0.11143533870191       -1.70528091573008        3.02161407684535
H           -0.62321003172644        1.75830337137772       -2.02394172787934
H            0.93387150394795        2.27418461177598       -1.28209306474892
H           -4.88982189269629        1.15047567902574        0.37110323865048
H           -4.88481631474241        1.06245913221118        2.15825264848511
H           -4.84481607709026        3.42525078627219        1.43914157235237
H           -3.28830062044500        3.02366424504240        2.18499858210926
H           -3.42560633767095        3.12750350354713        0.42451018823772
H           -1.96759736552492       -2.23481167748230       -1.18670349344819
H           -1.00352535880469       -2.98501161835844        0.11601578079576
H           -3.04105531711571       -2.88160976667356        1.60669970492733
H           -3.96664571167693       -2.20523476598529        0.25773935342587
H           -3.33631713288940       -3.85639656019915        0.15448007902021
41
 energy: -65.049717748435 gnorm: 0.001047413190 xtb: 6.7.1 (edcfbbe)
C            5.29619973001660       -2.17586851881507       -1.66812621164004
C            4.26033877084330       -1.07207721841941       -1.74676856730065
O            3.27146338572555       -1.31140971861639       -0.72271909518413
P            2.29589833541687       -0.17041097998675       -0.19653858342811
S            3.18795638382143        1.51871865728478        0.25727539284977
O            1.55615144566918       -0.92453586909137        0.97592386424533
C            1.96228247583588       -0.85063361816332        2.36265627497214
C            0.71712466411598       -0.82648229063069        3.22492240361411
S            0.78958197801650       -0.09392512776751       -1.66969831426257
C            0.12534382807296        1.54714053891458       -1.26187224594478
S           -0.62239516232764        1.65108930459685        0.38615932232585
P           -2.20212542996652        0.28586030982908        0.05239178038148
S           -3.07682148929060        0.33167731251178       -1.70439563363271
O           -3.16310088560341        0.49725685596466        1.29995518169558
C           -4.31295053235538        1.36340571716624        1.27832601288034
C           -3.93333889782664        2.82908068567997        1.33609703394919
O           -1.47140182871933       -1.06393968409465        0.44166702501758
C           -1.85487817850622       -2.34181610679514       -0.10098585299754
C           -3.13518545262241       -2.85460400858722        0.52434900215399
H            4.81671082032296       -3.14310973009081       -1.78685061229180
H            6.02369793397845       -2.03620094231756       -2.46097235241115
H            5.80330467505568       -2.14910285261810       -0.70801060401449
H            3.75210815365981       -1.07154767806564       -2.71446023427369
H            4.70834613427673       -0.08792954177540       -1.57462327085430
H            2.57390757106812       -1.73239798500032        2.56589300006572
H            2.56639418009757        0.05180909451647        2.50600657060149
H            1.00739049387783       -0.82155109912638        4.27045980936771
H            0.12781045602560        0.06191236969947        3.01058412525809
H            0.10866443875926       -1.70289310257578        3.02144335656908
H           -0.62386674778827        1.76361262297656       -2.02281913027152
H            0.93182053634999        2.27957937809068       -1.27602815087750
H           -4.88944045487415        1.15103253889462        0.37224573076719
H           -4.88123217805597        1.06321871036444        2.15991848866280
H           -4.83495062331360        3.42539453706405        1.43669950358117
H           -3.28028983672921        3.01923175281098        2.18360656822323
H           -3.41652463328259        3.12111248198730        0.42338218839155
H           -1.96529825551506       -2.24036538476513       -1.18589003530626
H           -1.00364407279259       -2.98732908822478        0.12116395835188
H           -3.04387147082399       -2.87869866038299        1.60683183658762
H           -3.96547926863330       -2.20310531618443        0.25524748345450
H           -3.33785343551308       -3.85529015906224        0.15568976182778
41
 energy: -65.049720339422 gnorm: 0.000666329390 xtb: 6.7.1 (edcfbbe)
C            5.29623093920590       -2.17605890460637       -1.66767474081960
C            4.25996365154015       -1.07214387707733       -1.74675192446433
O            3.27168139751865       -1.31019426992742       -0.72239706716514
P            2.29599570513414       -0.16850085680858       -0.19701074714009
S            3.18876997996919        1.51983110502638        0.25804804227413
O            1.55556398327674       -0.92302307024150        0.97499954595077
C            1.96156669031601       -0.85041363278606        2.36130837236888
C            0.71605902010297       -0.82574007058678        3.22359974188609
S            0.79016341716693       -0.09374608765861       -1.67095512414778
C            0.12711312062042        1.54776880130541       -1.26077220925856
S           -0.62346542561683        1.65032677530787        0.38581536347260
P           -2.20277836557925        0.28515192123999        0.05214431313778
S           -3.07521795088761        0.33228991970801       -1.70565728069058
O           -3.16487980510466        0.49557328594321        1.29928908140775
C           -4.31321306069041        1.36281696539228        1.27924354664829
C           -3.93184436143367        2.82839525552687        1.33621068939424
O           -1.47192710817162       -1.06463514174270        0.44148264753681
C           -1.85459733099522       -2.34265611224727       -0.09988056575529
C           -3.13610055615993       -2.85470161106660        0.52437938364711
H            4.81704484807329       -3.14345417823794       -1.78660818236404
H            6.02389044328478       -2.03592332927179       -2.46034532167565
H            5.80305983281379       -2.14911998590610       -0.70736029463589
H            3.75184543662461       -1.07277156991310       -2.71459399728027
H            4.70873069288756       -0.08801216370431       -1.57626620485981
H            2.57237172201229       -1.73276825177093        2.56485464726343
H            2.56641747034557        0.05139344201269        2.50586437844507
H            1.00634407824552       -0.82090319430380        4.26910958536314
H            0.12719345214442        0.06295878374326        3.00909403644200
H            0.10731666334196       -1.70198221652520        3.01992968352055
H           -0.62171371386986        1.76510994150609       -2.02197442293026
H            0.93338485482032        2.28057311578363       -1.27370723108550
H           -4.89181154104382        1.15161766340105        0.37419184292460
H           -4.88083793979162        1.06372084565009        2.16172875032237
H           -4.83273826093125        3.42579521178761        1.43708158161639
H           -3.27789387922235        3.01812847267384        2.18319984241722
H           -3.41534594412488        3.11931818151923        0.42288906713049
H           -1.96393894443038       -2.24324222274793       -1.18511440017695
H           -1.00389658356013       -2.98832085738809        0.12412914933434
H           -3.04633223611217       -2.87794405089153        1.60704590501595
H           -3.96575053894238       -2.20301120458682        0.25353285730746
H           -3.33857629631086       -3.85559464033531        0.15603444072621
41
 energy: -65.049721759639 gnorm: 0.000576789058 xtb: 6.7.1 (edcfbbe)
C            5.29698739442092       -2.17641668614386       -1.66753374207736
C            4.26063081143936       -1.07246584989262       -1.74686799966914
O            3.27354827971597       -1.30995189551384       -0.72162230351606
P            2.29700570552723       -0.16843416368786       -0.19706972319640
S            3.18810926810525        1.52084264942241        0.25699142451697
O            1.55611254293312       -0.92296229870150        0.97465858884567
C            1.96158190557823       -0.85067480124664        2.36074551797888
C            0.71546564738783       -0.82536102611652        3.22241187096766
S            0.79110916272493       -0.09214040627863       -1.67059658161238
C            0.12618567888288        1.54836024638705       -1.25996549863200
S           -0.62356551212703        1.65016235771025        0.38739276903348
P           -2.20274438669086        0.28510691854910        0.05129433908279
S           -3.07413604622191        0.33288679348991       -1.70685581755908
O           -3.16548457527856        0.49525783732342        1.29806512147713
C           -4.31334669554777        1.36261354577168        1.27975529122643
C           -3.93159582748451        2.82829091254118        1.33623731342474
O           -1.47259985745290       -1.06480550279098        0.44124378715672
C           -1.85461080865285       -2.34308024343956       -0.09909081585265
C           -3.13693063709089       -2.85475548042216        0.52433499353137
H            4.81803468786746       -3.14405262030941       -1.78636551538678
H            6.02494107064903       -2.03635485282392       -2.46016923440477
H            5.80373271761156       -2.14910564296833       -0.70703279012507
H            3.75200421473507       -1.07371702580874       -2.71454755960380
H            4.70999031836151       -0.08820841022128       -1.57786862867085
H            2.57203777846915       -1.73326955795922        2.56494010128602
H            2.56684127904683        0.05082969937712        2.50618314906547
H            1.00492131976947       -0.82049736163486        4.26827428219575
H            0.12718281635268        0.06372999532876        3.00735255611012
H            0.10627783722676       -1.70142896153355        3.01856573215424
H           -0.62225593856131        1.76655801915448       -2.02128951278272
H            0.93273815393006        2.28083585837000       -1.27259118340693
H           -4.89398674861406        1.15185829296488        0.37581707639709
H           -4.88020950837573        1.06400579369527        2.16298789309031
H           -4.83231202521316        3.42605903187772        1.43807503674022
H           -3.27668917866982        3.01799624268671        2.18265508224127
H           -3.41609492958739        3.11908790034476        0.42222573956147
H           -1.96278575208612       -2.24522592845244       -1.18466532505743
H           -1.00436728846138       -2.98902096598805        0.12614668292370
H           -3.04825802111431       -2.87735645316332        1.60722384751005
H           -3.96638984301957       -2.20323197922509        0.25219312620224
H           -3.33922745401888       -3.85605579347690        0.15649768993751
41
 energy: -65.049722224070 gnorm: 0.000253387663 xtb: 6.7.1 (edcfbbe)
C            5.29688733368450       -2.17628171234029       -1.66757711068783
C            4.26071123457945       -1.07241621786739       -1.74716002310273
O            3.27336589775955       -1.30980425051071       -0.72189233920316
P            2.29712731270020       -0.16822790927616       -0.19701203080363
S            3.18872771318697        1.52076035576780        0.25744732754117
O            1.55613224287622       -0.92280850224356        0.97462844087685
C            1.96147463894397       -0.85066872576388        2.36093942889466
C            0.71532833535770       -0.82517489529111        3.22231170186413
S            0.79123353394771       -0.09208960585340       -1.67063945852818
C            0.12652851137208        1.54849178698757       -1.25996039514661
S           -0.62346093396964        1.64980998079733        0.38727067079015
P           -2.20283470130756        0.28495275313371        0.05126613305228
S           -3.07432931589519        0.33259456952262       -1.70684939846324
O           -3.16553742580583        0.49488532537001        1.29802800889787
C           -4.31333095969237        1.36264737475710        1.27993574771629
C           -3.93133976088474        2.82812502981943        1.33611322749395
O           -1.47253984900476       -1.06485588801601        0.44122496943863
C           -1.85477044553872       -2.34334043083903       -0.09902772450600
C           -3.13716275313412       -2.85464093357385        0.52418420696283
H            4.81798772232276       -3.14393695687497       -1.78640400861741
H            6.02511723453089       -2.03653580276784       -2.46001055733768
H            5.80346311348916       -2.14894812069403       -0.70700132374928
H            3.75195895166332       -1.07353661982481       -2.71474860877004
H            4.70991343090292       -0.08811024083781       -1.57798721198557
H            2.57184576311905       -1.73335812091285        2.56488930145985
H            2.56685415916626        0.05076128562284        2.50631154289291
H            1.00441087273789       -0.82043221747593        4.26830534251100
H            0.12725818193296        0.06402425191073        3.00718723770253
H            0.10594082764107       -1.70105490103801        3.01836029327074
H           -0.62206218095653        1.76655144858893       -2.02110330125339
H            0.93289025397973        2.28111801690715       -1.27254882233005
H           -4.89413253740335        1.15156812257311        0.37616829848347
H           -4.87980650843292        1.06410026991130        2.16340860493365
H           -4.83193480207232        3.42599773762494        1.43835906711984
H           -3.27612367110427        3.01784355305624        2.18225491406166
H           -3.41618801169794        3.11892855929906        0.42193763081516
H           -1.96243701907044       -2.24545413239117       -1.18466213468999
H           -1.00463375897035       -2.98926327568250        0.12663067693343
H           -3.04862708878499       -2.87702501465070        1.60707729223785
H           -3.96660028675253       -2.20324459872094        0.25180598278819
H           -3.33945769894950       -3.85604316100750        0.15667518153962
41
 energy: -65.049722437349 gnorm: 0.000099467886 xtb: 6.7.1 (edcfbbe)
C            5.29692778600794       -2.17614961676295       -1.66754933903817
C            4.26089473479065       -1.07231110188365       -1.74740001883681
O            3.27343953415647       -1.30953367658784       -0.72208396485286
P            2.29719624424449       -0.16816514457392       -0.19711175199044
S            3.18891037603236        1.52075229404304        0.25755959267140
O            1.55631136882138       -0.92275494897637        0.97449229833166
C            1.96135809024508       -0.85065644223319        2.36096782580277
C            0.71503790084705       -0.82481619743351        3.22194866683758
S            0.79114639112165       -0.09205398984007       -1.67064148996716
C            0.12662521332828        1.54848183793141       -1.25963286785504
S           -0.62335828029607        1.64965752603165        0.38752484992402
P           -2.20265492637191        0.28472193750811        0.05143381728773
S           -3.07376903270335        0.33279609051349       -1.70695642635966
O           -3.16560388433750        0.49435503699890        1.29790722896028
C           -4.31321790345444        1.36247782945557        1.28023725133109
C           -3.93096004459540        2.82781918419075        1.33590026529925
O           -1.47249282295552       -1.06508455886223        0.44129003771759
C           -1.85492388717456       -2.34367142747631       -0.09881446770685
C           -3.13762504227010       -2.85442096737808        0.52399944633183
H            4.81799654307844       -3.14377993421910       -1.78634112963251
H            6.02536251905626       -2.03661898640770       -2.45980136130990
H            5.80326803672807       -2.14874900151736       -0.70687080282087
H            3.75204567508022       -1.07349665483848       -2.71492701870182
H            4.70999418303243       -0.08795022934465       -1.57826254548360
H            2.57145946414109       -1.73350300744395        2.56494327131357
H            2.56695326233635        0.05062565557386        2.50635028599132
H            1.00370618397026       -0.82026003159388        4.26805263139865
H            0.12734920719945        0.06458116922590        3.00668459840947
H            0.10540576884868       -1.70043166046726        3.01770774176368
H           -0.62207511122786        1.76663739396144       -2.02059295634791
H            0.93300737893956        2.28107184535795       -1.27213232772770
H           -4.89447584370625        1.15121760487275        0.37679143791162
H           -4.87915966705570        1.06412757871883        2.16412208444628
H           -4.83138683219386        3.42582825083195        1.43881152673120
H           -3.27505048159995        3.01754037330614        2.18148562250805
H           -3.41648320410155        3.11847323782815        0.42129426241062
H           -1.96202009811137       -2.24590010013049       -1.18451460774523
H           -1.00499374813662       -2.98964419556549        0.12744632675706
H           -3.04955060451280       -2.87629194426665        1.60692655376099
H           -3.96685631634474       -2.20305217820546        0.25097899095983
H           -3.33989057439033       -3.85596066314587        0.15691324262296
41
 energy: -65.049722402026 gnorm: 0.000266884461 xtb: 6.7.1 (edcfbbe)
C            5.29696140976253       -2.17602257295643       -1.66752250922136
C            4.26106621456826       -1.07221137514235       -1.74762723573727
O            3.27350509269596       -1.30927322896350       -0.72226498685858
P            2.29725650635044       -0.16810122702452       -0.19720860841532
S            3.18909099960832        1.52074128249288        0.25767403383859
O            1.55647665320318       -0.92269848490558        0.97436225919808
C            1.96124674365379       -0.85064301819811        2.36099356857968
C            0.71476557705161       -0.82447882488780        3.22160547272415
S            0.79105672049771       -0.09202989361670       -1.67064707341856
C            0.12672398048139        1.54846957109079       -1.25932565262493
S           -0.62326554090412        1.64952272880877        0.38775200003653
P           -2.20248178566181        0.28450204278063        0.05159777358493
S           -3.07322622828306        0.33299974376310       -1.70706127392910
O           -3.16566923848110        0.49385057683994        1.29779397552810
C           -4.31311075951792        1.36231951290041        1.28052070677825
C           -3.93060158675508        2.82752942816923        1.33570065183675
O           -1.47245043773659       -1.06530429303418        0.44135654237925
C           -1.85507075448759       -2.34398693744501       -0.09861162426909
C           -3.13806112121414       -2.85421595732404        0.52382480240092
H            4.81800084643027       -3.14362905252742       -1.78627897162115
H            6.02559183610412       -2.03670057024706       -2.45960099514597
H            5.80307715129081       -2.14855778658780       -0.70674677901304
H            3.75212222083422       -1.07345690310343       -2.71509384298386
H            4.71006594760772       -0.08779710214625       -1.57852247485747
H            2.57109551854277       -1.73363758718148        2.56498627215273
H            2.56704570745176        0.05049973408278        2.50638480317717
H            1.00303848839052       -0.82009736402106        4.26781464116608
H            0.12743569189662        0.06510313665651        3.00620738782364
H            0.10490360105904       -1.69984389129042        3.01709158051640
H           -0.62208226991360        1.76671512099014       -2.02010889385086
H            0.93312687258977        2.28102309390982       -1.27174066971395
H           -4.89479615726567        1.15088812952856        0.37737526888103
H           -4.87854851479037        1.06415266375198        2.16479377353387
H           -4.83086973481934        3.42566679793873        1.43923780433558
H           -3.27404173002416        3.01725128711901        2.18076345837162
H           -3.41675667933383        3.11804372599579        0.42069194552999
H           -1.96162403354696       -2.24631937798998       -1.18437434337302
H           -1.00533394472678       -2.99000347844084        0.12822059660753
H           -3.05041883239004       -2.87560406638681        1.60678298896385
H           -3.96709809702215       -2.20287291148784        0.25020230134722
H           -3.34029877673019       -3.85588448471505        0.15713810684553
41
 energy: -65.049722515399 gnorm: 0.000090451392 xtb: 6.7.1 (edcfbbe)
C            5.29708076129167       -2.17609928226957       -1.66754166573050
C            4.26108950095228       -1.07223037168255       -1.74758442059934
O            3.27360154987362       -1.30933700533078       -0.72222217205898
P            2.29739191029341       -0.16809889821748       -0.19712172321500
S            3.18895226957505        1.52091073155390        0.25752827605530
O            1.55655523013578       -0.92276942274418        0.97439344029288
C            1.96128808221993       -0.85068565632900        2.36098278103462
C            0.71472927805840       -0.82447710360763        3.22161294459785
S            0.79133235318276       -0.09187727294217       -1.67063654674396
C            0.12673709051006        1.54852927930568       -1.25931060992541
S           -0.62320801920191        1.64921943266200        0.38790799088141
P           -2.20266422440629        0.28455824595552        0.05144134856864
S           -3.07363798885480        0.33262380030869       -1.70697222122632
O           -3.16570114327981        0.49398419086981        1.29777854297424
C           -4.31319084246497        1.36230987498856        1.28056234404664
C           -3.93067180477170        2.82759752215579        1.33573299907990
O           -1.47248260527122       -1.06519860354459        0.44123912867310
C           -1.85501607751944       -2.34390110730321       -0.09863417447095
C           -3.13805378649244       -2.85420563030630        0.52384685472767
H            4.81813109256766       -3.14372375289162       -1.78635508837783
H            6.02562022593786       -2.03661013958216       -2.45970469358822
H            5.80329766787018       -2.14867513540086       -0.70679426978067
H            3.75224885319499       -1.07353720234771       -2.71511863731391
H            4.71019733768548       -0.08786509982313       -1.57854334890931
H            2.57108925784734       -1.73369505219793        2.56513357969209
H            2.56708437775399        0.05044548829387        2.50642014847214
H            1.00313438232833       -0.82011974897677        4.26778788710741
H            0.12739393292444        0.06514569859656        3.00628037001740
H            0.10486405468423       -1.69987761172122        3.01710571336455
H           -0.62198811865710        1.76677526535849       -2.02023007549359
H            0.93304912005296        2.28119153828532       -1.27170077835252
H           -4.89496435526234        1.15095047045859        0.37748205556045
H           -4.87866063794412        1.06419009947061        2.16483095005925
H           -4.83094809406997        3.42572641105305        1.43929338592354
H           -3.27404385663908        3.01736684786941        2.18076146705193
H           -3.41691990285000        3.11809119043138        0.42066036538292
H           -1.96170690405254       -2.24640178376981       -1.18438935644820
H           -1.00529191207430       -2.98996772685087        0.12812683005345
H           -3.05049570379292       -2.87559697654525        1.60682961642385
H           -3.96708867402783       -2.20287005434586        0.25014139445897
H           -3.34028612084135       -3.85588726169116        0.15711614883845
41
 energy: -65.049722542050 gnorm: 0.000030865582 xtb: 6.7.1 (edcfbbe)
C            5.29723572382670       -2.17613540818875       -1.66759813907512
C            4.26119211824240       -1.07223550864978       -1.74756137145740
O            3.27372274887769       -1.30939479166377       -0.72223577720054
P            2.29751317993826       -0.16813835934550       -0.19711866282894
S            3.18906119017580        1.52083926265781        0.25765447260383
O            1.55670097889435       -0.92288665784892        0.97437721057994
C            1.96131679867988       -0.85068394493064        2.36098504372945
C            0.71471044030148       -0.82441306884552        3.22161585680456
S            0.79131702022891       -0.09185440611206       -1.67051902568808
C            0.12660545384759        1.54855456146149       -1.25932611879162
S           -0.62341124153482        1.64941737420137        0.38785876901378
P           -2.20270790157875        0.28452358391517        0.05147180918836
S           -3.07374254581640        0.33267041253808       -1.70695598582680
O           -3.16565564609334        0.49402557123628        1.29789570903963
C           -4.31318982437382        1.36226904078944        1.28064999155671
C           -3.93073859569407        2.82761723539973        1.33569971580425
O           -1.47247710789225       -1.06526648142399        0.44121973257488
C           -1.85505395939654       -2.34392223975391       -0.09865147511447
C           -3.13814124581175       -2.85420716517308        0.52383623393391
H            4.81827149404412       -3.14375076495243       -1.78642934304366
H            6.02569464139548       -2.03655747156879       -2.45982622163496
H            5.80351578397862       -2.14873602611387       -0.70688201957385
H            3.75239812823055       -1.07357231061876       -2.71511523677845
H            4.71031843999150       -0.08789101164793       -1.57851699225144
H            2.57105103666264       -1.73370588770538        2.56529321495895
H            2.56711730950088        0.05043093607230        2.50644868450517
H            1.00314350470010       -0.82013234924504        4.26778084202357
H            0.12744219866995        0.06526482378092        3.00632744047373
H            0.10479486081576       -1.69977095817503        3.01705398312156
H           -0.62201135754020        1.76680542534000       -2.02037198205773
H            0.93295732815166        2.28120987032861       -1.27165818742428
H           -4.89500474249194        1.15087829785276        0.37761950477027
H           -4.87865186085570        1.06422469006261        2.16494639278967
H           -4.83101507646082        3.42573125430498        1.43937533829874
H           -3.27396864311104        3.01743148410304        2.18061198703670
H           -3.41714941648489        3.11806629381881        0.42051636127853
H           -1.96180651027177       -2.24644652334317       -1.18439398944830
H           -1.00536419812209       -2.99004208794979        0.12807307588868
H           -3.05063390625427       -2.87554249337367        1.60682385737620
H           -3.96714524530251       -2.20286237857254        0.25004143202088
H           -3.34036379760108       -3.85590363546565        0.15712064992763
