41
 energy: -65.042940964119 gnorm: 0.050170046675 xtb: 6.7.1 (edcfbbe)
C            4.21022702823129       -1.99657870644950       -2.23111414994206
C            4.70853766512651       -1.55865532717645       -0.87650317423170
O            3.60959890864260       -1.29207218108225        0.06250192526180
P            2.75063434977149        0.06728731331853        0.05235774766229
S            3.64134123428929        1.68959561928762       -0.54950860112824
O            2.29835233416355        0.18621354114217        1.58620029685937
C            1.26107342141696       -0.63290618111064        2.23515829138073
C            1.63653978731101       -2.09156009279778        2.34458326040942
S            1.05985388214421       -0.52975280194808       -1.09586588991445
C            0.28712483131262        1.10003512715270       -1.45903369525391
S           -0.65675781818481        1.89113077019601       -0.10610202739975
P           -2.37676915692158        0.64048265946928       -0.08885713056414
S           -3.05850180437570        0.14235810167240       -1.84626190231630
O           -3.24878191437238        1.61076416703059        0.84672828714763
C           -4.38209554143574        1.11505770989708        1.64983681268230
C           -5.66106329334374        1.07849514312727        0.85075826143350
O           -2.02905761452868       -0.58497171220189        0.89001257493849
C           -2.03153401910999       -1.99317431302362        0.48609828848936
C           -3.32059758977918       -2.64355188335526        0.92067358297998
H            3.52318016437793       -2.84367122452741       -2.14116241551009
H            3.70924673385729       -1.18217422972466       -2.76127076388958
H            5.07142777948788       -2.31353031177703       -2.82828473478401
H            5.33019554025615       -0.66014311125782       -0.93856756374231
H            5.27550387496067       -2.34990225377936       -0.38276593467490
H            1.16856116427700       -0.17222417094451        3.22119682225242
H            0.32451917081070       -0.49083183665710        1.68949172301618
H            2.61940883473259       -2.21317102037535        2.81061616829250
H            0.89132319195055       -2.58811432867649        2.97507826090376
H            1.63946236721402       -2.58976582859319        1.37013382512930
H           -0.37054801708040        0.93891699699980       -2.31906378209693
H            1.07632719025474        1.80702293587000       -1.73551468114064
H           -4.12256154357620        0.13322068224358        2.05470200556163
H           -4.44360869245913        1.83112736450419        2.47136001222065
H           -5.85621224753827        2.04568752517894        0.37785909320782
H           -5.63904084308275        0.30069159679196        0.08488304447999
H           -6.48462013863712        0.86140473953000        1.53803430433609
H           -1.88933221091389       -2.05767528672609       -0.59624128169772
H           -1.16159660136000       -2.42797471735166        0.98530512936384
H           -4.17835076685700       -2.17789504130939        0.42408798501527
H           -3.29346316087201       -3.70336105215750        0.64492023270590
H           -3.45073121340974       -2.57106776264352        2.00474378613400
41
 energy: -65.046849914444 gnorm: 0.027355359704 xtb: 6.7.1 (edcfbbe)
C            4.20398999938405       -1.99148417054810       -2.22728780773950
C            4.69795036575751       -1.54854549680391       -0.87047858489693
O            3.60975029807495       -1.28821538128618        0.06078051332811
P            2.72558403668767        0.04804183559798        0.03592836597519
S            3.64094540433612        1.67247068562782       -0.55086672206145
O            2.27652619045166        0.17846525854017        1.56206821733730
C            1.26173965744873       -0.63099722219372        2.22959656348695
C            1.63634354494939       -2.09002210575029        2.33980476973644
S            0.98900190630382       -0.54030629756742       -1.05328848464541
C            0.28228825966201        1.09536291691038       -1.45319404112011
S           -0.61792284302244        1.84980598007533       -0.06028010917915
P           -2.36105242623238        0.63625581172686       -0.08578951900196
S           -3.05828966741052        0.12028553409576       -1.84446569128272
O           -3.23585901003235        1.59779851849296        0.84569001621974
C           -4.36540387203475        1.11692225244842        1.64065121448724
C           -5.65176116252285        1.07694866296516        0.84807842820567
O           -2.02109793017936       -0.58971572480228        0.88732399225777
C           -2.03137203469316       -1.98653630226414        0.48289963170456
C           -3.32014220804945       -2.64378743225948        0.91796264057444
H            3.51741605495455       -2.83059606550221       -2.13212422846880
H            3.69723016615196       -1.17709854370059       -2.74317386243421
H            5.05880102148352       -2.30287560521495       -2.82609789905773
H            5.30817265996461       -0.64363367023559       -0.94295444035187
H            5.26581294553947       -2.33734439054078       -0.37409770328050
H            1.18387060572406       -0.16071707946369        3.21167433001494
H            0.32200411567949       -0.49571598336333        1.68999020744021
H            2.61917235508481       -2.19823041666962        2.79444827843688
H            0.90119710152665       -2.58958413737221        2.97046590494711
H            1.64809871016496       -2.57013910227121        1.36177550655521
H           -0.39183132706331        0.93539909728018       -2.29682780262906
H            1.08769279911405        1.78569786822132       -1.71331359275593
H           -4.10921046680714        0.13463594986530        2.04312819770704
H           -4.42462640407383        1.84046676017889        2.45578324572716
H           -5.83795243693789        2.03920401239905        0.37504924161411
H           -5.61787246306790        0.31079566559996        0.07533251310412
H           -6.47566509148145        0.85644023618685        1.52602046392084
H           -1.89942934670277       -2.04182048701152       -0.60095959538006
H           -1.16407816039915       -2.42416248274584        0.98059145325128
H           -4.17069532239880       -2.17659638703668        0.42234651522652
H           -3.29361641824438       -3.69640733925943        0.64284795442815
H           -3.44849434033942       -2.56569860458364        1.99616591217591
41
 energy: -65.048495117930 gnorm: 0.011006619075 xtb: 6.7.1 (edcfbbe)
C            4.18705490054100       -1.98190844303827       -2.22221630284289
C            4.67844180459456       -1.53545280415242       -0.86197751630368
O            3.60079639125290       -1.28294468790824        0.06060818860636
P            2.69497693998988        0.03038301658720        0.02954272759341
S            3.60034081194863        1.65192715345428       -0.58366010428974
O            2.25071534502775        0.17238284510132        1.54610748866044
C            1.25834296364455       -0.62565865530420        2.23131418248281
C            1.63917926655052       -2.08568489595880        2.33334724467218
S            0.95720563004427       -0.57001198961784       -1.05801437720018
C            0.27971434581707        1.07235224486101       -1.42787459209101
S           -0.59663586038280        1.83902803436694       -0.03268226241000
P           -2.33720844316568        0.62892370496753       -0.07170804593060
S           -3.01905551164388        0.12204682097686       -1.84132441493960
O           -3.21742943122603        1.58296359963391        0.84862671445519
C           -4.34313552322500        1.11935868354394        1.63476556771017
C           -5.63152845145944        1.07771135327944        0.83834875130190
O           -2.01371180260337       -0.60254351874239        0.89125983458387
C           -2.02942420598914       -1.98555599366804        0.48069509862940
C           -3.32168844887699       -2.64509916256827        0.91450263171475
H            3.50282263876503       -2.81776787431363       -2.12274368353654
H            3.67429438660966       -1.16523922331274       -2.72427399603401
H            5.03781435085458       -2.28534499247969       -2.82295495216536
H            5.28162915184588       -0.62656215078844       -0.94524289962586
H            5.25207788859713       -2.32137315076534       -0.36792048312816
H            1.19797979182679       -0.15207560609728        3.21238194570849
H            0.30843285386612       -0.49901733415944        1.70743781805889
H            2.62439560455983       -2.18374497526358        2.77717231568370
H            0.91392925241408       -2.59328622407129        2.96128113162506
H            1.65484663632047       -2.54563719710675        1.34852895773583
H           -0.40831408511548        0.93180206918747       -2.26097681265577
H            1.09529057122939        1.74808764576671       -1.68404017826240
H           -4.09727321431880        0.13685839814843        2.04201115173103
H           -4.40518224231812        1.85099156049199        2.44241768082926
H           -5.81268677629744        2.03852821209778        0.36777255466481
H           -5.58367628585367        0.32026080626361        0.05950332482528
H           -6.45507996450314        0.84962556630093        1.50748846593239
H           -1.90790453628353       -2.03356949565818       -0.60483075203004
H           -1.16525772672749       -2.43248977232215        0.97272899166159
H           -4.16539991585013       -2.17399837229901        0.41745819926997
H           -3.29444407082093       -3.69243419820001        0.63937050761751
H           -3.44802976288822       -2.56106437946767        1.98897389126904
41
 energy: -65.048994728874 gnorm: 0.006120024107 xtb: 6.7.1 (edcfbbe)
C            4.16782244364580       -1.97270468819531       -2.21738103179912
C            4.66541559357011       -1.52753856978200       -0.85631116316462
O            3.59400944376258       -1.27852723476310        0.06498754033093
P            2.67915455875790        0.02308070544614        0.02864015045593
S            3.56190522826782        1.64688019141808       -0.61137295867727
O            2.23212894330164        0.17516208908466        1.53697714988041
C            1.25387996586180       -0.62003179630080        2.23639909678430
C            1.64287060338533       -2.08092129964920        2.32832152663889
S            0.93990932689439       -0.59030881868437       -1.05106951402294
C            0.28030851703919        1.05485389444124       -1.41806898180834
S           -0.57568763376059        1.82390349649538       -0.01196868504054
P           -2.32242920394712        0.62464157330559       -0.06134702219278
S           -2.98734532964674        0.12974625736641       -1.84036228642138
O           -3.20235247730559        1.57621389826843        0.85302682668852
C           -4.32742545000576        1.12328191140968        1.63603227498212
C           -5.61057241200182        1.08030284549655        0.82744955431254
O           -2.00925518175989       -0.61242369075307        0.89344430589263
C           -2.02726572851229       -1.98953229582512        0.47736494720918
C           -3.32318108331521       -2.64662806415148        0.91152122726354
H            3.48615730281045       -2.81116632263221       -2.11566729866231
H            3.64923084920588       -1.15397343705648       -2.71181324990550
H            5.01638673391516       -2.26983233681034       -2.82386865437241
H            5.26758152444105       -0.61796293199194       -0.94666305913418
H            5.24737194375337       -2.31155515079361       -0.36881332445210
H            1.20624638674298       -0.15035768184285        3.22006027275394
H            0.29092165555848       -0.50033620993063        1.73255222928405
H            2.63215295886894       -2.17573326815625        2.76579069580324
H            0.92383790575272       -2.59908858628604        2.95409579445556
H            1.65585375325592       -2.53015298687071        1.33792037233358
H           -0.41895996154198        0.93260640478125       -2.24571662121508
H            1.10325974626098        1.72059787496630       -1.67818852522699
H           -4.09295667073814        0.14112371138982        2.05267708131313
H           -4.39616495078575        1.85896313964693        2.43945612141417
H           -5.79201560215343        2.04368338356403        0.36053043883928
H           -5.55009716825009        0.32640541884419        0.04491326810749
H           -6.43693031449244        0.84274873935224        1.48914600703687
H           -1.91176454801346       -2.03735575341853       -0.60920438286611
H           -1.16432763084707       -2.44732821274408        0.96194239964994
H           -4.16469349039484       -2.17249135279794        0.41218228083045
H           -3.29673204950434       -3.69439631903257        0.63734624589378
H           -3.44903323132509       -2.55908190904255        1.98624294438477
41
 energy: -65.049181449055 gnorm: 0.004954021678 xtb: 6.7.1 (edcfbbe)
C            4.15025644609492       -1.96457890169748       -2.21371338108445
C            4.65611963476667       -1.52085011982644       -0.85440681468695
O            3.58889635951527       -1.27259071874206        0.07175719905478
P            2.66708337353461        0.02147748651788        0.02927992450267
S            3.54091694513936        1.64544715145396       -0.62169774785582
O            2.21811513854728        0.18294927947528        1.53292267415440
C            1.25202739711083       -0.61652652665555        2.24539541930980
C            1.64604288322260       -2.07767209975415        2.32560868147047
S            0.93351937728343       -0.60617654016030       -1.05348160439709
C            0.28176480809829        1.04168391629294       -1.41494241081592
S           -0.56019642836021        1.81754291158139       -0.00279659971072
P           -2.30996184949114        0.62187866371175       -0.05412595310731
S           -2.97232760782537        0.13837182968948       -1.83714265944876
O           -3.18648084807084        1.57382999171169        0.85871893326160
C           -4.31627216755114        1.12790602694470        1.63825412951011
C           -5.59293926460705        1.08279214839303        0.81872008378212
O           -2.00606951061774       -0.62122267073532        0.89466182188841
C           -2.02747930410005       -1.99658657639790        0.47356537455664
C           -3.32526049775504       -2.65033808705333        0.90886102798318
H            3.47127668766507       -2.80639844666366       -2.10999596486537
H            3.62574532145674       -1.14561719256755       -2.70323457211094
H            4.99600309260829       -2.25751547217711       -2.82781212413525
H            5.25902477931695       -0.61168859643722       -0.94884674103925
H            5.24412978138703       -2.30423181805347       -0.37290069954144
H            1.21624557346054       -0.15144121464095        3.23204459275976
H            0.27942988040558       -0.49883679811873        1.75862770979995
H            2.63865258991421       -2.17343985105517        2.75776786982998
H            0.93129230475769       -2.60441515590525        2.95060564616974
H            1.65361853873998       -2.52068890101753        1.33136951476759
H           -0.42458546828370        0.92975161948686       -2.23870305535381
H            1.10782021440565        1.70145857425232       -1.68383990560036
H           -4.08947184683880        0.14696963858122        2.06355360597807
H           -4.39060915614907        1.86630226189043        2.43874096499031
H           -5.77612966243551        2.04852393845240        0.35515722903306
H           -5.52086705241116        0.33211229642499        0.03318302481885
H           -6.42454722279270        0.83633671251254        1.47211034946196
H           -1.91406651101657       -2.04319062313308       -0.61358065843614
H           -1.16423794129236       -2.46113074033100        0.95206825300202
H           -4.16643169964000       -2.17451213000585        0.40856734853300
H           -3.30156467945077       -3.69993490811482        0.63647012503734
H           -3.45126714199085       -2.56098374036313        1.98441338211148
41
 energy: -65.049279987887 gnorm: 0.003879734852 xtb: 6.7.1 (edcfbbe)
C            4.13502995248098       -1.95791037132769       -2.21029290685097
C            4.65118000646963       -1.51703364729995       -0.85427087785991
O            3.58989576181568       -1.26831322967037        0.08131214092518
P            2.66376968249003        0.02141557281574        0.03372403756594
S            3.52995221821374        1.64692011354052       -0.62382091364508
O            2.20858508726911        0.19002317518626        1.53346554451414
C            1.25172176935219       -0.61591967703097        2.25473899767523
C            1.64832359957020       -2.07654993346247        2.32354131389549
S            0.93603448029804       -0.61072782606189       -1.05478275716047
C            0.28257673495277        1.03412071763254       -1.42039983475977
S           -0.55100148675824        1.81022424640506       -0.00315840514206
P           -2.30392240547039        0.61972926930785       -0.04893041687533
S           -2.96940896294424        0.14569160894959       -1.83320903418243
O           -3.17363690917132        1.57347187649241        0.86668835502471
C           -4.30966063811138        1.13217556851596        1.64191491867404
C           -5.57913922110893        1.08483790472492        0.81223999711004
O           -2.00448728428188       -0.62812555498741        0.89507400762627
C           -2.02898031660932       -2.00341477008063        0.46977815504810
C           -3.32700723990168       -2.65447820004212        0.90663621714965
H            3.45834604403524       -2.80203710419367       -2.10436000260930
H            3.60527534991892       -1.13901626035479       -2.69504214221107
H            4.97678562871719       -2.24799509526689       -2.83239300385645
H            5.25429876756121       -0.60810402444294       -0.95065917578342
H            5.24225157544143       -2.30113417300477       -0.37788838870177
H            1.22790305093390       -0.15513468260225        3.24398986519703
H            0.27308657726974       -0.49594914465797        1.78120829624255
H            2.64318508180949       -2.17520992585409        2.75085649147900
H            0.93653454628900       -2.60840082115194        2.94860050158320
H            1.65018718145605       -2.51491850959477        1.32673359481704
H           -0.42826021374078        0.92307909743597       -2.24015360402359
H            1.10757847926873        1.69277236415601       -1.69663201048798
H           -4.08633334719869        0.15296921052550        2.07332929826538
H           -4.38763726311198        1.87375436090815        2.43912688620731
H           -5.76428625133207        2.05201027743923        0.35146970423065
H           -5.49665297657264        0.33764375740491        0.02416185253014
H           -6.41565524155273        0.83072986339038        1.45741675227456
H           -1.91729547052618       -2.04720954629194       -0.61784055510867
H           -1.16466980061458       -2.47111139162407        0.94374431700383
H           -4.16873952287173       -2.17839160106506        0.40667763752188
H           -3.30588547302007       -3.70537517065621        0.63591679329597
H           -3.45262628396351       -2.56434170634019        1.98269234697873
41
 energy: -65.049341027049 gnorm: 0.002597403655 xtb: 6.7.1 (edcfbbe)
C            4.12036426700330       -1.95140050503439       -2.20711040914759
C            4.64675848918545       -1.51344664272975       -0.85517411782293
O            3.59121207926574       -1.26228590783445        0.08998874231012
P            2.66212330226964        0.02484645377990        0.03712507249816
S            3.52925615231173        1.65110785016806       -0.61747282990205
O            2.20030782705488        0.19760815972736        1.53420207845421
C            1.25271194050613       -0.61651718337254        2.26307469621471
C            1.64984528265401       -2.07640734630569        2.32063941279907
S            0.93965908702290       -0.61823879176524       -1.05580115270561
C            0.28400935199770        1.02534261559721       -1.42384112826221
S           -0.54410398315713        1.80480635437873       -0.00535661842118
P           -2.30049616360099        0.61812257055462       -0.04735950241934
S           -2.97684507691405        0.14912714808815       -1.82910438178876
O           -3.16075397382587        1.57416127282415        0.87472759286287
C           -4.30392259971196        1.13622842212208        1.64477684108277
C           -5.56684350143240        1.08662219682949        0.80697969571891
O           -2.00287330399363       -0.63303471239803        0.89338794141001
C           -2.03099967033714       -2.00904953446968        0.46529276315403
C           -3.32809405519962       -2.65842554946407        0.90446380008842
H            3.44514396027467       -2.79641993081990       -2.09849008530704
H            3.58680801369083       -1.13239639562584       -2.68715989236768
H            4.95768121162669       -2.24001171177638       -2.83614290845612
H            5.25065538641694       -0.60538780499698       -0.95270153849825
H            5.23789858314589       -2.29954399647825       -0.38262631754871
H            1.24189869286673       -0.16022621708122        3.25472454930906
H            0.26940232927211       -0.49228835174468        1.80152963058481
H            2.64672648017251       -2.17868870965608        2.74230955634639
H            0.94092248481221       -2.61104939705524        2.94698255023634
H            1.64537212150192       -2.51050660854661        1.32198582381422
H           -0.43014080653756        0.91089674807072       -2.23998526348284
H            1.10601508321348        1.68512466918791       -1.70695592664753
H           -4.08241781674140        0.15898201252109        2.08110036390761
H           -4.38482402802681        1.88148041328602        2.43820515324432
H           -5.75388156379891        2.05458115334602        0.34864937630177
H           -5.47525274519161        0.34313526764908        0.01674198718770
H           -6.40711399761262        0.82594804940641        1.44470455923262
H           -1.92156836432623       -2.04958606115252       -0.62266576392393
H           -1.16544849410880       -2.47763265177123        0.93600211343167
H           -4.17089121617693       -2.18299932666011        0.40573997780730
H           -3.30869887606925       -3.70993634698656        0.63509749274167
H           -3.45238662275154       -2.56787505604557        1.98072005954093
41
 energy: -65.049360925624 gnorm: 0.001832071256 xtb: 6.7.1 (edcfbbe)
C            4.11437436515812       -1.94872401440741       -2.20489891094439
C            4.64656914060680       -1.51314197744351       -0.85502757970682
O            3.59507509725325       -1.26067524225090        0.09535749218299
P            2.66384466137396        0.02513762618954        0.04015828350892
S            3.52896094230565        1.65308072931037       -0.61366856423435
O            2.19839813430061        0.19888743048058        1.53634452117439
C            1.25409437085063       -0.61790348742315        2.26717523955675
C            1.64974931451764       -2.07773057588386        2.31863345062536
S            0.94378292813119       -0.61738523233793       -1.05617470280538
C            0.28265380359482        1.02302349246913       -1.42823839113332
S           -0.54412004311587        1.80318921271463       -0.00999851682590
P           -2.30109873881747        0.61795889837422       -0.04716887908743
S           -2.98287855560774        0.15007164303964       -1.82734728856019
O           -3.15575728769104        1.57489523696169        0.88013185238929
C           -4.30247496642907        1.13774764816447        1.64618254189437
C           -5.56272329708802        1.08713907741455        0.80532771405112
O           -2.00201752841384       -0.63396623175354        0.89233257531706
C           -2.03159372872068       -2.01003954367377        0.46297678554310
C           -3.32769504915825       -2.65972304653315        0.90358506439733
H            3.43875072801882       -2.79274390146809       -2.09465554939295
H            3.57993542171574       -1.12878203964589       -2.68171370040463
H            4.94870655878547       -2.23741698112678       -2.83727541668268
H            5.25087172576418       -0.60569264971905       -0.95330863772729
H            5.23662366922112       -2.30105471558230       -0.38444572147319
H            1.24986611990632       -0.16396738127085        3.25967350069489
H            0.26955201865106       -0.49020861979587        1.81011832631152
H            2.64770480798662       -2.18213695107808        2.73643513425021
H            0.94238066623093       -2.61240681429483        2.94629247280479
H            1.64175442922854       -2.50909051817525        1.31915625233751
H           -0.43220097195424        0.90308558552454       -2.24283848400924
H            1.10278964375069        1.68406808913685       -1.71289572787746
H           -4.08104532943509        0.16136188283198        2.08379272068388
H           -4.38475710542314        1.88486196280523        2.43757397116510
H           -5.75005816500885        2.05511433513866        0.34782290988665
H           -5.46752571470884        0.34555280503785        0.01418785976937
H           -6.40388595180856        0.82414228790345        1.44010674147780
H           -1.92411373050162       -2.04871462429180       -0.62509843312348
H           -1.16545966561170       -2.47807457483156        0.93270776988932
H           -4.17116284147213       -2.18484097171416        0.40610992317423
H           -3.30808795838812       -3.71080235742544        0.63406891264177
H           -3.45056665124685       -2.56932887360416        1.97970648183894
41
 energy: -65.049368398643 gnorm: 0.001109590708 xtb: 6.7.1 (edcfbbe)
C            4.11154688945387       -1.94724367144675       -2.20318766492740
C            4.64647139570592       -1.51332693740373       -0.85401252127628
O            3.59701654285059       -1.25872941657084        0.09751392023063
P            2.66430613949093        0.02642519267451        0.04074508595791
S            3.53013815365149        1.65509067265173       -0.61041924798057
O            2.19829807546093        0.19862508667401        1.53734985000581
C            1.25571472776297       -0.61882641792007        2.26878633535604
C            1.64908670539907       -2.07932844344238        2.31588711297270
S            0.94462180587116       -0.62017263174177       -1.05435109956684
C            0.28320807167014        1.02049960002060       -1.42961627237900
S           -0.54544012023435        1.80312508221752       -0.01458861400950
P           -2.30303435413678        0.61909276956694       -0.04780858767892
S           -2.98916948786036        0.14994177105227       -1.82587685740453
O           -3.15418239210928        1.57578188561120        0.88436467576935
C           -4.30256760500924        1.13825244957328        1.64700632853772
C           -5.56182108436166        1.08696015781876        0.80474349617328
O           -2.00110065779496       -0.63254340694172        0.89126245430245
C           -2.03090738596126       -2.00819433386461        0.46125710722703
C           -3.32613754951571       -2.65924334024067        0.90312336563577
H            3.43415024003343       -2.78929371319287       -2.09186360136293
H            3.57832626126433       -1.12566726678482       -2.67792240668187
H            4.94390655753931       -2.23730715153618       -2.83675478788480
H            5.25244868607951       -0.60728954131292       -0.95288804559732
H            5.23452710807544       -2.30314424460212       -0.38419175202624
H            1.25584266823117       -0.16736859363909        3.26205384819607
H            0.27006784286155       -0.48852790603723        1.81476211607365
H            2.64836992148419       -2.18572100299375        2.72946779583756
H            0.94344618945113       -2.61366351214060        2.94532385061097
H            1.63722881243417       -2.50817123926513        1.31569956449516
H           -0.43153710065857        0.89581460480933       -2.24378577130845
H            1.10236430012282        1.68206052218631       -1.71498650693264
H           -4.08121452598609        0.16214125531869        2.08492687707652
H           -4.38654303420877        1.88606732851506        2.43742648179022
H           -5.74917722735453        2.05478333722139        0.34740468196164
H           -5.46530173630975        0.34614952832850        0.01331569009406
H           -6.40277479515032        0.82315019927853        1.43866272984041
H           -1.92543199630519       -2.04602718920901       -0.62683493244251
H           -1.16438216399430       -2.47569678264456        0.93042027035062
H           -4.17030501605342       -2.18463746196857        0.40708418126266
H           -3.30546127543743       -3.70959117123202        0.63253635701656
H           -3.44738231970109       -2.56947944962116        1.97916848626295
41
 energy: -65.049371348394 gnorm: 0.000634659235 xtb: 6.7.1 (edcfbbe)
C            4.11177095989100       -1.94716751498450       -2.20228682025772
C            4.64705829579044       -1.51417618057680       -0.85260073756336
O            3.59810610189158       -1.25864690985363        0.09830168380310
P            2.66438665324991        0.02595806727034        0.04110339065825
S            3.52838968230108        1.65485965176083       -0.61163631407068
O            2.19956597360734        0.19744143323914        1.53826030057520
C            1.25653134145011       -0.61895949693524        2.26916257693306
C            1.64845437978764       -2.08028434523816        2.31433980104824
S            0.94409162118687       -0.61965256703683       -1.05296605957645
C            0.28053061223848        1.02014246809259       -1.42927969761519
S           -0.54614211294048        1.80543323770024       -0.01410184614540
P           -2.30306448021050        0.61995430761428       -0.04859882049052
S           -2.99094360803224        0.14997550162347       -1.82574231994000
O           -3.15411044314300        1.57616916957279        0.88472809033163
C           -4.30246350007993        1.13833386817884        1.64656038976831
C           -5.56210641554131        1.08670035176185        0.80435916726788
O           -2.00024463869740       -0.63128522831437        0.89077761773812
C           -2.02973083611777       -2.00651113891936        0.46076924792827
C           -3.32482541416344       -2.65823638450190        0.90308180777759
H            3.43289313111433       -2.78812006840003       -2.09102461913346
H            3.57989452983612       -1.12444254010990       -2.67672062127045
H            4.94367444917421       -2.23841336744885       -2.83594028020394
H            5.25449121921822       -0.60908042935846       -0.95169848278317
H            5.23449956024825       -2.30476248428758       -0.38314503515102
H            1.25732882059683       -0.16888891973894        3.26299624488040
H            0.27045743035050       -0.48769677508655        1.81595717744686
H            2.64854357447105       -2.18787376076576        2.72578554751536
H            0.94362775239950       -2.61473760401620        2.94455504879270
H            1.63422722955703       -2.50798111593759        1.31365364306263
H           -0.43367922559495        0.89478724018371       -2.24394519735193
H            1.10031368817921        1.68070084724089       -1.71510349644881
H           -4.08175652748965        0.16206386496187        2.08475866618201
H           -4.38762580837289        1.88571580986031        2.43730172091551
H           -5.74961717988003        2.05443084313093        0.34673773853625
H           -5.46594974291647        0.34543125798161        0.01321900862130
H           -6.40289182864820        0.82309732831377        1.43876467150687
H           -1.92488028284871       -2.04458033283689       -0.62732711687921
H           -1.16302046508732       -2.47421713207736        0.92942606263203
H           -4.16928698063541       -2.18330406851917        0.40774013470194
H           -3.30389620565437       -3.70840530669930        0.63170686696009
H           -3.44538604373459       -2.56900495907803        1.97927485287560
41
 energy: -65.049372772305 gnorm: 0.000519614534 xtb: 6.7.1 (edcfbbe)
C            4.11178144017082       -1.94693277724615       -2.20183092763785
C            4.64683239420271       -1.51455849388151       -0.85160670316645
O            3.59789295423377       -1.25823429505477        0.09866384184810
P            2.66368035792583        0.02597932326098        0.04128143773798
S            3.52638162302801        1.65479493411754       -0.61326429808649
O            2.20010372364619        0.19724733940033        1.53881966923053
C            1.25687114371903       -0.61884115415489        2.26945541094219
C            1.64798155129588       -2.08070659602472        2.31311500229405
S            0.94327665629851       -0.62047109837227       -1.05186189020977
C            0.28144155576840        1.01979449040092       -1.42985115878532
S           -0.54633283944945        1.80548993923617       -0.01568035386879
P           -2.30325886057468        0.62063618943731       -0.04746731377564
S           -2.98987836721472        0.15195860386680       -1.82533842688883
O           -3.15489913709740        1.57647225221723        0.88576832203061
C           -4.30312970204366        1.13838674476729        1.64704688978006
C           -5.56248834046143        1.08652160714424        0.80406445222465
O           -2.00001822269691       -0.63089831333328        0.89147689027951
C           -2.02887532784530       -2.00571677180076        0.46076460000157
C           -3.32391136793804       -2.65777312308260        0.90307005387355
H            3.43184559118400       -2.78729169578737       -2.09101426979487
H            3.58106547503227       -1.12350310599164       -2.67662515141395
H            4.94374067294852       -2.23915687411056       -2.83524107131801
H            5.25560983439588       -0.61021382101251       -0.95054766411389
H            5.23386453278865       -2.30564255025065       -0.38233376574686
H            1.25793452520294       -0.16988227951028        3.26390946302915
H            0.27043490270633       -0.48697020718134        1.81705660173761
H            2.64864066017526       -2.18925774720450        2.72313720297215
H            0.94369151952154       -2.61553423728775        2.94375813733257
H            1.63188271616230       -2.50774398872649        1.31204606477188
H           -0.43293390575794        0.89481758306610       -2.24439531984793
H            1.10157327003543        1.67967733695264       -1.71644102075436
H           -4.08272560776166        0.16199641538455        2.08536435449618
H           -4.38906025246736        1.88530491273914        2.43821334834967
H           -5.74994700469755        2.05422152587025        0.34610139460017
H           -5.46613851750028        0.34477533604543        0.01319727159789
H           -6.40368426581773        0.82305445967954        1.43840741948103
H           -1.92412976726817       -2.04368678929537       -0.62742358923667
H           -1.16188684257288       -2.47386240888835        0.92864125276654
H           -4.16853919531860       -2.18235196203765        0.40823009253514
H           -3.30326156416562       -3.70795884235526        0.63106955326653
H           -3.44421274504186       -2.56917324322975        1.97946819104420
41
 energy: -65.049373307705 gnorm: 0.000241725139 xtb: 6.7.1 (edcfbbe)
C            4.11145843023593       -1.94664909689142       -2.20174766942330
C            4.64655257586128       -1.51466413220362       -0.85157472159171
O            3.59765496890982       -1.25789906759897        0.09891825341454
P            2.66365032060776        0.02641810764466        0.04149122618106
S            3.52680633990381        1.65516984672278       -0.61259933545910
O            2.20004310835341        0.19764264386545        1.53909984712011
C            1.25688940681222       -0.61901373309688        2.26962557569055
C            1.64767721790164       -2.08083248722642        2.31265677053270
S            0.94330037879882       -0.62071197702554       -1.05154058317471
C            0.28134981929200        1.01942931563268       -1.42951613180023
S           -0.54592562965615        1.80552806687553       -0.01516230093877
P           -2.30308780662772        0.62071629364159       -0.04771287901545
S           -2.99068152375865        0.15186134345345       -1.82514972702167
O           -3.15451549913496        1.57668127566135        0.88559529786968
C           -4.30293470449991        1.13855346024548        1.64693418572543
C           -5.56208735487546        1.08661919127106        0.80389293693543
O           -1.99987814640755       -0.63088390659456        0.89126091993118
C           -2.02882281353249       -2.00584036277102        0.46055147021999
C           -3.32365779742249       -2.65788648709704        0.90295605644132
H            3.43115464898240       -2.78673481834044       -2.09117888945504
H            3.58128330577595       -1.12304531525835       -2.67678382473035
H            4.94346080410000       -2.23931329353056       -2.83491067855289
H            5.25572179170806       -0.61053767849355       -0.95013788479781
H            5.23302972890248       -2.30611774508107       -0.38226452173122
H            1.25841570750441       -0.17047492695508        3.26430037649859
H            0.27047128074758       -0.48653965934604        1.81760182364955
H            2.64844592431148       -2.18982487746437        2.72221313806406
H            0.94347709290094       -2.61555004568611        2.94352435926831
H            1.63095222465875       -2.50775787654841        1.31157242006054
H           -0.43321845247882        0.89434833672259       -2.24385603587762
H            1.10125343933247        1.67943905488895       -1.71654316096988
H           -4.08242442990191        0.16225400605838        2.08533858537128
H           -4.38879735565563        1.88557823593295        2.43802377887403
H           -5.74949829758481        2.05418465238267        0.34567822873138
H           -5.46571223577360        0.34471157668370        0.01328739376557
H           -6.40340188942648        0.82340681645420        1.43810924109908
H           -1.92404006432189       -2.04363763582036       -0.62767084521391
H           -1.16166869125607       -2.47382078975238        0.92827193724035
H           -4.16841488486998       -2.18243731488563        0.40837889554876
H           -3.30324406384233       -3.70806616769972        0.63086766724959
H           -3.44382160782323       -2.56953621100388        1.97940279784840
41
 energy: -65.049373523478 gnorm: 0.000153565816 xtb: 6.7.1 (edcfbbe)
C            4.11131355691354       -1.94636170514954       -2.20156439526837
C            4.64643443151845       -1.51498398800814       -0.85129790008284
O            3.59764667437046       -1.25789280686491        0.09929996178029
P            2.66364325375913        0.02634731410871        0.04182086096607
S            3.52679169539797        1.65517569246285       -0.61219520523200
O            2.19999924986050        0.19765871298837        1.53944225196967
C            1.25678943180501       -0.61921560990052        2.26980418320201
C            1.64713385165109       -2.08107866588296        2.31201519099948
S            0.94333715959731       -0.62051929971351       -1.05142549243702
C            0.28124968650078        1.01935531993656       -1.42940688798518
S           -0.54587073561189        1.80568028800822       -0.01508052633235
P           -2.30297466777013        0.62084081743337       -0.04762126124902
S           -2.99049417417356        0.15208978856528       -1.82516799404403
O           -3.15433221486316        1.57682779279406        0.88561811864244
C           -4.30285101846214        1.13867276369773        1.64689708667793
C           -5.56188425556067        1.08669529453224        0.80380860209170
O           -1.99977301205869       -0.63085068983178        0.89125599895835
C           -2.02869924738135       -2.00579228865278        0.46038403586499
C           -3.32335310904550       -2.65798878638451        0.90282391219191
H            3.43037401221964       -2.78591559201471       -2.09126567754882
H            3.58186664357017       -1.12234994989463       -2.67667291211048
H            4.94328162410573       -2.23957651341253       -2.83448282778037
H            5.25597032908878       -0.61108393130770       -0.94952828299805
H            5.23229885126093       -2.30689424951069       -0.38200789313557
H            1.25887165120501       -0.17111835690503        3.26466330498341
H            0.27035853373054       -0.48606315377164        1.81808542823857
H            2.64806802622752       -2.19051108595036        2.72093480345801
H            0.94312234086194       -2.61568175682002        2.94315910381259
H            1.62977441540614       -2.50766240588703        1.31082890386615
H           -0.43345197132484        0.89410234155228       -2.24358454943313
H            1.10106388077955        1.67942805142673       -1.71646526621341
H           -4.08218769285789        0.16241328284779        2.08524376162591
H           -4.38863016242590        1.88579851665981        2.43789108945583
H           -5.74895534722914        2.05413083726917        0.34524949191048
H           -5.46546957688978        0.34460809705397        0.01340381017860
H           -6.40332551535651        0.82386594703561        1.43792203331194
H           -1.92402127692054       -2.04333452190613       -0.62786696990046
H           -1.16142165651075       -2.47361057594647        0.92800044370328
H           -4.16820637718331       -2.18244402161292        0.40856843480606
H           -3.30297344571998       -3.70803705234923        0.63042716061637
H           -3.44329857573339       -2.56995723292890        1.97929006201687
41
 energy: -65.049373487206 gnorm: 0.000311183033 xtb: 6.7.1 (edcfbbe)
C            4.11113500227340       -1.94599671330174       -2.20133184477586
C            4.64628703203557       -1.51539071432564       -0.85092710235471
O            3.59761287402332       -1.25788977281720        0.09977223539909
P            2.66363087555788        0.02626628928143        0.04222353752753
S            3.52678343408108        1.65517511682094       -0.61170130673190
O            2.19992657048291        0.19767609801306        1.53985370329076
C            1.25664655221243       -0.61945636803812        2.27002403054623
C            1.64643152816575       -2.08139332859026        2.31120070643664
S            0.94337400110307       -0.62033502860423       -1.05125411972516
C            0.28121929009454        1.01927388213790       -1.42925354849310
S           -0.54576270091372        1.80582908589006       -0.01496290783310
P           -2.30283878336647        0.62101244265187       -0.04750442972694
S           -2.99025831110156        0.15238589036543       -1.82517565475066
O           -3.15412223433531        1.57701205640862        0.88564845987138
C           -4.30275187389263        1.13882319209167        1.64686674589098
C           -5.56163596206794        1.08680110913759        0.80369583592775
O           -1.99965238403897       -0.63079585411216        0.89124404135980
C           -2.02853808955910       -2.00571728918830        0.46016150858196
C           -3.32297883145623       -2.65810912339205        0.90264662752270
H            3.42937883462483       -2.78488128789557       -2.09138167594223
H            3.58261962627565       -1.12145033488238       -2.67652315654919
H            4.94305497314934       -2.23990890281568       -2.83395821867596
H            5.25630955908441       -0.61179202401444       -0.94873742306948
H            5.23139821417835       -2.30787389277768       -0.38167888309184
H            1.25940990789277       -0.17192543977668        3.26511815952722
H            0.27018396591838       -0.48546949233186        1.81869732404840
H            2.64758069677682       -2.19138783437958        2.71932704513474
H            0.94265766800055       -2.61588253608948        2.94267513211114
H            1.62826234915808       -2.50753694994285        1.30987481450613
H           -0.43364368970909        0.89385602908376       -2.24324687053172
H            1.10093309236106        1.67941961303822       -1.71634489980655
H           -4.08191963541838        0.16260731556002        2.08515281678511
H           -4.38844805240912        1.88606045902265        2.43775194460012
H           -5.74829205635046        2.05408325550635        0.34470961726830
H           -5.46518988121018        0.34447169146388        0.01354733103299
H           -6.40323902963453        0.82444915587914        1.43769302492617
H           -1.92399407257779       -2.04295725484834       -0.62812141033549
H           -1.16111106418557       -2.47335961050164        0.92763810948907
H           -4.16795684782732       -2.18244093644119        0.40878969584250
H           -3.30262988837876       -3.70800017870800        0.62985140092003
H           -3.44265739226600       -2.57048519681146        1.97914359742488
41
 energy: -65.049373644240 gnorm: 0.000130473199 xtb: 6.7.1 (edcfbbe)
C            4.11112670991529       -1.94599736532110       -2.20127591582505
C            4.64631738809455       -1.51539633835686       -0.85078204485249
O            3.59759432651013       -1.25789546377694        0.09978034962332
P            2.66360025390214        0.02625769038302        0.04217548772658
S            3.52663859329348        1.65510413671815       -0.61196492781779
O            2.19989208080846        0.19761710533360        1.53978217142732
C            1.25664524031149       -0.61938243678582        2.27003377951628
C            1.64643380611000       -2.08142102819843        2.31116634104948
S            0.94329517973600       -0.62054006527297       -1.05108607656873
C            0.28145547893248        1.01929716874474       -1.42924364385202
S           -0.54559653200501        1.80572380370993       -0.01488794276602
P           -2.30285174372941        0.62109119829233       -0.04752104202479
S           -2.99037512080344        0.15242215503813       -1.82507834462749
O           -3.15419202073179        1.57699337354459        0.88570528713130
C           -4.30276425369749        1.13881086312772        1.64692437293506
C           -5.56166719810412        1.08681514231412        0.80363497293625
O           -1.99966307333038       -0.63070820025306        0.89120787059855
C           -2.02846907498727       -2.00559018772745        0.46011221122657
C           -3.32299295855379       -2.65800586531079        0.90261248173289
H            3.42932475217516       -2.78490508829027       -2.09132718040066
H            3.58262193539451       -1.12136460282383       -2.67639011659801
H            4.94299236341910       -2.23990457491959       -2.83402878216110
H            5.25647585297380       -0.61188290288532       -0.94864883257123
H            5.23156524673634       -2.30785356308702       -0.38163956621013
H            1.25932511289182       -0.17191955974578        3.26515805163206
H            0.27008663718083       -0.48551930187343        1.81878671968243
H            2.64763652952402       -2.19144633828667        2.71927589090751
H            0.94269703819418       -2.61608571681953        2.94256563820511
H            1.62816315393778       -2.50747962606273        1.30976968654209
H           -0.43334116698107        0.89411155807884       -2.24335563288163
H            1.10129128301056        1.67931562076310       -1.71635344109339
H           -4.08210608962088        0.16255695003149        2.08530021581936
H           -4.38864562827428        1.88594671301306        2.43788952452182
H           -5.74844252769457        2.05415878497784        0.34473513225620
H           -5.46527468812033        0.34445270432401        0.01346672466130
H           -6.40327586566471        0.82435641932182        1.43767988307685
H           -1.92394021739257       -2.04293819981279       -0.62815419892520
H           -1.16107549544130       -2.47339297641507        0.92752870899318
H           -4.16797944730612       -2.18230358038522        0.40872694655778
H           -3.30261023838154       -3.70794184910089        0.62978327500909
H           -3.44270035548098       -2.57038993843885        1.97913995898507
41
 energy: -65.049373588823 gnorm: 0.000198543906 xtb: 6.7.1 (edcfbbe)
C            4.11112175046526       -1.94599656619260       -2.20121681589082
C            4.64635063439466       -1.51540670943893       -0.85062914785093
O            3.59757659885778       -1.25790780182749        0.09979117770563
P            2.66357093267160        0.02624303591761        0.04212880516653
S            3.52650128621670        1.65502433398432       -0.61222471549346
O            2.19985555679402        0.19755049477501        1.53970988595886
C            1.25664102086812       -0.61931015845362        2.27004288391592
C            1.64643023992080       -2.08145340762418        2.31112981712214
S            0.94321782179463       -0.62074334000292       -1.05092264683349
C            0.28169491275299        1.01932759230082       -1.42923051537006
S           -0.54543083501297        1.80562523947059       -0.01481081405983
P           -2.30286159374861        0.62117091244971       -0.04753744096457
S           -2.99048210377636        0.15247042110247       -1.82498706220515
O           -3.15426116576011        1.57697306580818        0.88576303662096
C           -4.30277580724497        1.13879813943108        1.64698100953605
C           -5.56170092667315        1.08683248332338        0.80357443329418
O           -1.99967616991507       -0.63062061910149        0.89117069180468
C           -2.02840003531848       -2.00546057703633        0.46006013185311
C           -3.32301020087655       -2.65790113837536        0.90257291866535
H            3.42926938682690       -2.78492477248686       -2.09127220493386
H            3.58263172042678       -1.12127192908039       -2.67624960803954
H            4.94293109022566       -2.23990036980008       -2.83409821005745
H            5.25664964631538       -0.61198111706778       -0.94855032735230
H            5.23173576756971       -2.30784023642290       -0.38159661553196
H            1.25923522092852       -0.17191689206034        3.26519787847408
H            0.26998541310512       -0.48557232776782        1.81887578579967
H            2.64768609161966       -2.19151131549121        2.71922418845355
H            0.94272930113168       -2.61629688621894        2.94244954538280
H            1.62805815985861       -2.50742272587642        1.30966040742333
H           -0.43302780655195        0.89438430736406       -2.24346908057293
H            1.10165994565172        1.67921369019940       -1.71635165454733
H           -4.08229738546219        0.16250411434118        2.08544607722795
H           -4.38884468602976        1.88582855519852        2.43802962348536
H           -5.74859499672106        2.05423935391185        0.34476366286079
H           -5.46536625903310        0.34443698416980        0.01338523301090
H           -6.40331515217783        0.82426708154093        1.43766930013798
H           -1.92388524819058       -2.04291774229360       -0.62818921511584
H           -1.16104225008403       -2.47342749216705        0.92741724588783
H           -4.16800387084721       -2.18216213874390        0.40865818564782
H           -3.30259308617090       -3.70788205966725        0.62970695057088
H           -3.44274765205038       -2.57029486432539        1.97913119239086
41
 energy: -65.049373703095 gnorm: 0.000105929127 xtb: 6.7.1 (edcfbbe)
C            4.11128777350387       -1.94595936858077       -2.20124802446273
C            4.64636499211595       -1.51558183409081       -0.85059758025456
O            3.59749688363924       -1.25811555539350        0.09979458557091
P            2.66365335136915        0.02612759936788        0.04221408537503
S            3.52698078785789        1.65490279621173       -0.61170476606909
O            2.19982965154227        0.19745694088934        1.53976895705736
C            1.25647726522569       -0.61944087232674        2.26996637191143
C            1.64615335212512       -2.08154271019954        2.31106795732249
S            0.94332359395955       -0.62047758168283       -1.05117645758476
C            0.28167802046066        1.01954230812945       -1.42905953693223
S           -0.54554892747439        1.80582620843751       -0.01469769106677
P           -2.30276920390941        0.62113369349506       -0.04754035927634
S           -2.99002164826317        0.15264463014531       -1.82526099366564
O           -3.15424991507800        1.57698882409866        0.88555348409925
C           -4.30275863960256        1.13880847870616        1.64686736959039
C           -5.56176824495821        1.08691688149598        0.80368018703763
O           -1.99974601374122       -0.63068259551769        0.89118008952048
C           -2.02846881967697       -2.00554401371207        0.46005270900487
C           -3.32304106706676       -2.65801212858989        0.90248145047418
H            3.42925330784304       -2.78471541081070       -2.09145840742662
H            3.58305918728230       -1.12113372341929       -2.67634811455578
H            4.94315916724488       -2.24001279053530       -2.83393375424618
H            5.25664479402746       -0.61213585344044       -0.94830487919725
H            5.23153023622275       -2.30813378924654       -0.38151147935160
H            1.25907716550435       -0.17202172892540        3.26509800547559
H            0.26993999574799       -0.48554253086302        1.81865421801947
H            2.64733689975699       -2.19164537527487        2.71923379229494
H            0.94236171685164       -2.61625233661586        2.94236922901594
H            1.62789008721671       -2.50752003526002        1.30963436163513
H           -0.43296381505243        0.89464709400488       -2.24335093966603
H            1.10164348022597        1.67952606763436       -1.71591796166064
H           -4.08215018420064        0.16250456349268        2.08517389190572
H           -4.38859548685528        1.88586092632187        2.43790815296238
H           -5.74845679372281        2.05426286761835        0.34472509459128
H           -5.46559030701026        0.34444106142480        0.01357695287800
H           -6.40336366972183        0.82463316722669        1.43785069512926
H           -1.92390769287490       -2.04290407654114       -0.62819708310328
H           -1.16111369497521       -2.47339195736431        0.92749947691310
H           -4.16801776946044       -2.18226362315124        0.40860164776543
H           -3.30261231148612       -3.70793520804043        0.62953883461805
H           -3.44278223784185       -2.57049239135224        1.97902042192884
41
 energy: -65.049373741834 gnorm: 0.000112148323 xtb: 6.7.1 (edcfbbe)
C            4.11143167225775       -1.94590081570263       -2.20122431023342
C            4.64639310004028       -1.51580228768328       -0.85045846068159
O            3.59745153831344       -1.25837418546717        0.09987948971401
P            2.66377110649167        0.02598367760536        0.04236980332844
S            3.52728947397957        1.65473573377794       -0.61138153994813
O            2.19979793975510        0.19728080595312        1.53987792540183
C            1.25631149473368       -0.61958271366017        2.26994158621175
C            1.64586250193047       -2.08169969030068        2.31097749333157
S            0.94349660915932       -0.62023038853915       -1.05133796548534
C            0.28190057246660        1.01985264050407       -1.42891347755250
S           -0.54546759734758        1.80582921995455       -0.01447319387105
P           -2.30273001786801        0.62118581597304       -0.04760539810292
S           -2.98980880935524        0.15272405663794       -1.82539089252138
O           -3.15431075639416        1.57701178291280        0.88539938171398
C           -4.30275996756125        1.13880756911213        1.64680183714588
C           -5.56183557441494        1.08703944768067        0.80373349627492
O           -1.99986164094010       -0.63066834060690        0.89109725422131
C           -2.02852719361425       -2.00552651822269        0.45994676352755
C           -3.32308567244100       -2.65804720245871        0.90229588558998
H            3.42918944499274       -2.78449710332339       -2.09161790335008
H            3.58346452017365       -1.12091123310801       -2.67631985603641
H            4.94333317114813       -2.24009012549281       -2.83379326271472
H            5.25675144273543       -0.61238459243466       -0.94793149002454
H            5.23138267369169       -2.30850090395898       -0.38140666543248
H            1.25891610566094       -0.17220227122042        3.26509368312281
H            0.26983798113162       -0.48553570585510        1.81855196201781
H            2.64699243721686       -2.19190926002440        2.71921297754767
H            0.94197131534511       -2.61634896967066        2.94220833033954
H            1.62766222049207       -2.50761910038174        1.30952584303283
H           -0.43268258926019        0.89510370963783       -2.24327733919053
H            1.10189524164242        1.67989495533041       -1.71552795940491
H           -4.08210400676412        0.16247354468610        2.08499033591669
H           -4.38844935476444        1.88583059873770        2.43788542416900
H           -5.74838142384943        2.05436855482810        0.34471300558527
H           -5.46582636151261        0.34450385290755        0.01366966203609
H           -6.40342070652421        0.82495934455504        1.43798641197137
H           -1.92390656130472       -2.04283464939886       -0.62830237175846
H           -1.16118554168585       -2.47332356557940        0.92745645707053
H           -4.16805266068572       -2.18227347010589        0.40844824778736
H           -3.30265049182891       -3.70793487347436        0.62927196133479
H           -3.44284036849078       -2.57062072635820        1.97883086149312
