41
 energy: -65.056524816742 gnorm: 0.053742686089 xtb: 6.7.1 (edcfbbe)
C            4.89813303755678       -1.78590617829035       -0.86291710391383
C            4.89378809591310       -0.39711503810534       -0.27062268966129
O            3.66494295737964       -0.11023175452294        0.48140164795698
P            2.26512946001212        0.25227262583318       -0.22755441959643
S            2.35353524789312        1.13083217401073       -1.96280557521165
O            1.51726872978920        1.03566402934706        0.95753565221632
C            1.52042158975722        2.50162358438464        1.03187618473712
C            2.86335270435184        3.04525523239025        1.46137444235457
S            1.29835049478397       -1.63587290065444       -0.16758238048885
C           -0.09543554797314       -1.38662842866331       -1.35779720902474
S           -1.76829660749072       -1.71262328753365       -0.68570470775048
P           -2.25257216675634        0.16978047848552        0.18761846527390
S           -1.72442034543582        1.73484375993203       -0.83527837276632
O           -1.64770154999854        0.20111057669572        1.67215169823872
C           -1.49184835086096       -0.96834848368316        2.55230054526244
C           -2.80613857274810       -1.57349732880847        2.98547573839289
O           -3.82237541763652       -0.03873154101763        0.46663323523329
C           -4.87941437063383        0.38948635762033       -0.45849537709230
C           -5.33577750591098       -0.75149293712974       -1.33431927426265
H            4.71762324752608       -2.54424745897038       -0.09523866893382
H            4.15062647815439       -1.89145900816181       -1.65422362602931
H            5.88524720993034       -1.96734518025119       -1.30163358036554
H            5.01257242668062        0.37255959686925       -1.04036984078447
H            5.68154616804812       -0.27788027685639        0.47559656100819
H            1.21431540113564        2.89450227016215        0.05791671897297
H            0.73980404310938        2.72279839408622        1.76335968720582
H            3.63289643764484        2.86412153283342        0.70285086290317
H            2.77095664191652        4.12800255945149        1.59571058510289
H            3.18530135694446        2.60449071114800        2.41005032645698
H            0.03996403283955       -2.10630628051452       -2.17018374702961
H           -0.05003069645203       -0.37109995320300       -1.77097733086743
H           -0.85886428668743       -1.69738853020314        2.03828165862111
H           -0.94056195339820       -0.56396434700684        3.40394024599233
H           -2.59099091504641       -2.33943869933093        3.73767640421987
H           -3.46215148886307       -0.82256218761105        3.43516850752244
H           -3.33085098906031       -2.05643274306504        2.15500661190808
H           -5.68149110762095        0.73789293063523        0.19634223467845
H           -4.50967800432553        1.23548133738782       -1.04792152288142
H           -4.54591597472590       -1.07568419747824       -2.01824131551282
H           -5.66532578080504       -1.60394829653576       -0.73191096283180
H           -6.18523468238710       -0.40508383941055       -1.93263349142341
41
 energy: -65.060539697455 gnorm: 0.027422514748 xtb: 6.7.1 (edcfbbe)
C            4.88842866055820       -1.78145992699311       -0.85929335384757
C            4.87815509459444       -0.39031762540724       -0.26995991579384
O            3.66133200913731       -0.10061172465540        0.47452967522654
P            2.25867183927266        0.24057516997784       -0.22471632254965
S            2.35241689172413        1.15108290122713       -1.95868596236445
O            1.51220073543470        1.02897949011776        0.95015550067094
C            1.51804943663231        2.48344829265638        1.02522824785015
C            2.85732162000772        3.03571557885493        1.45511993412344
S            1.25956381353710       -1.60934968815811       -0.13324847727768
C           -0.08519550795342       -1.37166623430108       -1.36448608240697
S           -1.72760201484939       -1.72568065428465       -0.67094491733592
P           -2.25387031617091        0.14128914252661        0.18642797708787
S           -1.71708120485240        1.73061969436754       -0.82115153847351
O           -1.64055690845673        0.17757012437498        1.65888358798725
C           -1.48843393545097       -0.97253103779424        2.54526010211681
C           -2.80316109058388       -1.57367194526599        2.98060178915525
O           -3.82207501228259       -0.02225937395634        0.47276195432071
C           -4.86387830036405        0.39448058049648       -0.45349145815836
C           -5.32640136521087       -0.74670287229194       -1.33064946244829
H            4.69983483271509       -2.52857671620539       -0.09063703585176
H            4.13436116825874       -1.87926577671201       -1.63946963400940
H            5.86816722980527       -1.96667663112843       -1.29839594327788
H            4.98730722193221        0.36941557787163       -1.04969823538547
H            5.66340502193215       -0.26846697862700        0.47824229604462
H            1.21874544910426        2.87629142561327        0.04881612094227
H            0.73639504543040        2.70188215486628        1.75515486982792
H            3.61608875011011        2.84294741688176        0.69584503179679
H            2.76723256131918        4.11323892091412        1.58866009972905
H            3.17473730001421        2.58711951535392        2.39477107531792
H            0.05700978561826       -2.10071506101395       -2.16111370015430
H           -0.05132652874897       -0.34967904410203       -1.75217299451601
H           -0.86329402555855       -1.70943492196528        2.03389719760597
H           -0.93863924736962       -0.55406368611559        3.39050383614257
H           -2.59810721764786       -2.33576721176781        3.73160696645172
H           -3.45029528309491       -0.81434558178460        3.41543334736873
H           -3.31927944587963       -2.03979542310663        2.14240407447558
H           -5.66601198927373        0.74498221039443        0.19886519784177
H           -4.48449781282252        1.23126727709571       -1.04805179946478
H           -4.53232833146855       -1.07409978424226       -1.99979064752518
H           -5.64696421470973       -1.59188842134160       -0.72503892503784
H           -6.16972526783913       -0.40644987810489       -1.93031565837456
41
 energy: -65.062078716933 gnorm: 0.011807287585 xtb: 6.7.1 (edcfbbe)
C            4.86618294008185       -1.77482660327004       -0.85189991742641
C            4.85675232976820       -0.37808326820047       -0.26830083279782
O            3.65177037331438       -0.08507535773076        0.46778549836880
P            2.24739143857273        0.23760773202254       -0.21897523357105
S            2.33711703758019        1.14802928639346       -1.95717865294628
O            1.50050105471603        1.02929262365290        0.94409832354043
C            1.50739388911928        2.47002525456712        1.02034198724145
C            2.84994816435277        3.02034460036469        1.44852392193357
S            1.24276130309088       -1.59942832544844       -0.11460934834705
C           -0.09475651743280       -1.35735454476246       -1.34330032822464
S           -1.73724010955158       -1.74357990936654       -0.69051875132324
P           -2.23729579960388        0.12278336206595        0.18623914480287
S           -1.69284564542148        1.71552010989630       -0.81920901052828
O           -1.62065837797729        0.15401466054402        1.64702785596014
C           -1.47630953657607       -0.97903693389179        2.53764264259948
C           -2.79884941586553       -1.57053965174023        2.96905134819831
O           -3.80186889842748       -0.00607495357282        0.47385107733170
C           -4.83342409205048        0.39922456740049       -0.44840359348704
C           -5.30168443892363       -0.74496580129854       -1.32478435322195
H            4.67213065786113       -2.51241033735290       -0.07971518085149
H            4.10613157847937       -1.86590717607235       -1.62438379304399
H            5.83967738310196       -1.96428691854535       -1.29212537231828
H            4.96366241346376        0.37016881037576       -1.05927451582576
H            5.64374350574796       -0.25400636661923        0.47735528958552
H            1.21497865431902        2.86495016604909        0.04185943508037
H            0.72495219617062        2.69023994328780        1.74800426553700
H            3.59853726501748        2.81730885259514        0.68549432811350
H            2.76437849853760        4.09388911230609        1.58104186563834
H            3.16435650186711        2.56420296085157        2.38175357199595
H            0.06613075695922       -2.07383728514482       -2.14325980152720
H           -0.06505667668304       -0.32996282318341       -1.71068521011857
H           -0.85710107005300       -1.72853560643312        2.03683776369221
H           -0.93013524879737       -0.55332644533223        3.38094752174750
H           -2.60853103863553       -2.33157784845057        3.71896116019845
H           -3.43823322242126       -0.80184703635317        3.39197733004552
H           -3.30675991696530       -2.02261741359459        2.12179479163845
H           -5.63862742994884        0.75002111471599        0.19963630326513
H           -4.45554660726702        1.23153074678766       -1.04963523618265
H           -4.50454159099793       -1.07397694048994       -1.98498933951264
H           -5.61744105003430       -1.58354292556864       -0.71358574349141
H           -6.14089181193766       -0.40692415718886       -1.92353439393843
41
 energy: -65.062613091643 gnorm: 0.007300565366 xtb: 6.7.1 (edcfbbe)
C            4.84125334157055       -1.76961332051753       -0.84476317764880
C            4.83662418538323       -0.36780480123042       -0.26708461073870
O            3.63580643631163       -0.07288025481791        0.46386927512995
P            2.23114374298069        0.23783117908574       -0.21643660314204
S            2.31607883866053        1.13640911819140       -1.96076851241809
O            1.48172946415075        1.03013352303484        0.93864876146844
C            1.49288792870067        2.46435138102075        1.01709982859403
C            2.84157337787421        3.00664940455882        1.44348884415749
S            1.23519209204812       -1.60796886478356       -0.09506543657141
C           -0.08858903654941       -1.35960201724551       -1.33806815992156
S           -1.73005435766812       -1.74209174883308       -0.69369395765145
P           -2.22677048820726        0.12321835323209        0.19013788056817
S           -1.66258476070792        1.70201856567353       -0.82454323869655
O           -1.60008975123313        0.13984048381370        1.63992462163376
C           -1.46316175404791       -0.98661819360716        2.53299851326771
C           -2.79514831466673       -1.56752771607543        2.95800346187687
O           -3.78786021012843        0.01506982747973        0.48099601131493
C           -4.81386493899454        0.40852664928648       -0.44316117472865
C           -5.27544577386917       -0.74412651879536       -1.31610098173778
H            4.64527459262444       -2.50191811642454       -0.06765402714194
H            4.07747381242024       -1.85881746298997       -1.61441463272729
H            5.81221459364334       -1.96405612795477       -1.28699878902209
H            4.94769387169494        0.37280941048030       -1.06543165432824
H            5.62793528045143       -0.24193189321235        0.47373278869609
H            1.20381234637580        2.86597895369832        0.03947401074954
H            0.71203674185596        2.69162025662455        1.74431304443300
H            3.58455566079733        2.79795306586554        0.67596381122716
H            2.76403501763040        4.08000582110386        1.57721573049180
H            3.15560303922993        2.54474081500591        2.37437121228788
H            0.08176362164789       -2.06025367666326       -2.15035617189058
H           -0.06335644882634       -0.32512666227095       -1.68816705227482
H           -0.84696101086710       -1.74631093401629        2.04260873844210
H           -0.91898750491004       -0.56341281982705        3.37861759901389
H           -2.61842139462693       -2.33109576039088        3.70784289366985
H           -3.42956763067082       -0.79145370056245        3.37590739532870
H           -3.30005461048850       -2.01262371516521        2.10483887860177
H           -5.62538252513979        0.76115869738874        0.19642473714545
H           -4.44027526943946        1.23807891606441       -1.05193331748373
H           -4.47392050825020       -1.07411736915261       -1.97126699837734
H           -5.59091973545767       -1.57948398950476       -0.69961698006970
H           -6.11257251475250       -0.41012948330228       -1.91909574369722
41
 energy: -65.062851623528 gnorm: 0.006411876624 xtb: 6.7.1 (edcfbbe)
C            4.81993928279468       -1.76533516007284       -0.83790388305387
C            4.82353736614483       -0.36003940741551       -0.26590634487303
O            3.62530802389882       -0.05996101198137        0.46551994088929
P            2.21975295309536        0.23904435208903       -0.21249692622815
S            2.29519126482132        1.12161020478925       -1.96484109707173
O            1.46365700148680        1.03000221554282        0.93604086311655
C            1.47936823376909        2.46331879009789        1.01589013753391
C            2.83315262318569        2.99767446602081        1.44005183803638
S            1.22635746726202       -1.60942693917686       -0.08936097093472
C           -0.09775933130983       -1.36448311518846       -1.33402272943020
S           -1.74098901232063       -1.75313189481850       -0.69852620993587
P           -2.20826958465979        0.12447490221008        0.18805555500990
S           -1.63666755432713        1.70224365709447       -0.82379446105221
O           -1.57461575321580        0.12968192707633        1.63115236615059
C           -1.45133250929184       -0.99376091075591        2.53056489141080
C           -2.79135348762002       -1.56461371892247        2.94827086386762
O           -3.76697777695570        0.03258283605665        0.48474163597130
C           -4.79404838375135        0.41684813778053       -0.44129334275626
C           -5.24953925470262       -0.74376755734612       -1.30814255263651
H            4.62318353448406       -2.49394091891687       -0.05614229272543
H            4.05266454489334       -1.85462341401079       -1.60528998630370
H            5.78896108603584       -1.96690968698494       -1.28359226019775
H            4.93738728705340        0.37592148947766       -1.06888819669095
H            5.61960757909899       -0.23289227129468        0.46971962389973
H            1.19025637758067        2.87080500936579        0.04011746096640
H            0.70122485943914        2.69708582197031        1.74438959085703
H            3.57300856905714        2.78625278735976        0.66892524716899
H            2.76398228480954        4.07219426123416        1.57652446714965
H            3.14792814632911        2.53135285754506        2.36976201613169
H            0.08356738086416       -2.05493493314079       -2.15408275605075
H           -0.07282245899026       -0.32739465501515       -1.67925653479201
H           -0.83664357009511       -1.76079379424618        2.04906329461757
H           -0.90924725651020       -0.57446405629498        3.37966164169931
H           -2.62652244514812       -2.33092497206570        3.69933287360474
H           -3.42256848878211       -0.78307834793655        3.36321344334202
H           -3.29493352634722       -2.00714614580830        2.09183713366496
H           -5.60974898172451        0.77099042081911        0.19279770839410
H           -4.42632517485362        1.24499359440037       -1.05668871841639
H           -4.44507455109954       -1.07535397581642       -1.96034704788888
H           -5.56520402014872       -1.57710106514908       -0.68696217701384
H           -6.08669329769972       -0.41557050430617       -1.91623728759959
41
 energy: -65.062956019666 gnorm: 0.004255576522 xtb: 6.7.1 (edcfbbe)
C            4.80607275914901       -1.76363802180835       -0.83386964167459
C            4.81395395528003       -0.35732481196667       -0.26598583849876
O            3.61525749783689       -0.05223560123051        0.46656720290230
P            2.20944410887434        0.24004947992672       -0.21332127494813
S            2.28537590977270        1.11761292688650       -1.96774865161511
O            1.44876138947337        1.03010946157462        0.93255344984808
C            1.47108853539972        2.46534168797245        1.01557927965973
C            2.82750296165416        2.99360919526943        1.43809903541594
S            1.22618024604873       -1.61461569681877       -0.08914776121091
C           -0.09653073298200       -1.37041319607788       -1.33745644281489
S           -1.74337582944067       -1.74832876002501       -0.70606895028475
P           -2.19917664688614        0.12787276260648        0.19025684398067
S           -1.61933154273025        1.69939100445970       -0.82542432669607
O           -1.55848533327090        0.12568598102697        1.62945753211531
C           -1.44531000506449       -0.99885201139789        2.53203258580365
C           -2.78926209321405       -1.56354521849565        2.94336118472685
O           -3.75709443098331        0.04711096369504        0.49164912226702
C           -4.78459263940079        0.42333663163058       -0.44029150661226
C           -5.23303371175029       -0.74303858261857       -1.30207060637931
H            4.60936302069700       -2.49030018679667       -0.04965521437664
H            4.03770454585927       -1.85408814001976       -1.60041949720873
H            5.77434099965077       -1.96966375071832       -1.28094813439584
H            4.92901163969480        0.37749903041011       -1.06987816915230
H            5.61123974371254       -0.22961254027690        0.46828619020958
H            1.17990438961477        2.87541848004179        0.04157869787359
H            0.69546501952666        2.70094193033163        1.74643648285743
H            3.56623812604308        2.78271350942540        0.66524191012756
H            2.76307876887471        4.06875649787968        1.57787108910600
H            3.14294534598811        2.52463492756350        2.36688569455523
H            0.08485924800299       -2.06251764585731       -2.15569595973272
H           -0.06817087178753       -0.33531196817409       -1.68825666249862
H           -0.83054332749483       -1.76733182681341        2.05349803368000
H           -0.90519006948564       -0.58131307882595        3.38344394883795
H           -2.63017965184097       -2.33107082345171        3.69524529108096
H           -3.41942185461229       -0.78014520656485        3.35710683815730
H           -3.29205861611747       -2.00592102537078        2.08587210379226
H           -5.60240035785900        0.77832386006037        0.19057944190215
H           -4.41823391672924        1.25018777793581       -1.05847649898165
H           -4.42606002811991       -1.07550121716303       -1.95139780008522
H           -5.54850703015517       -1.57524083891455       -0.67844995765673
H           -6.07013007467856       -0.42115668504469       -1.91518224624555
41
 energy: -65.063010186623 gnorm: 0.001827357470 xtb: 6.7.1 (edcfbbe)
C            4.79538254353352       -1.76271628347322       -0.83050093084040
C            4.80746496584124       -0.35630566504815       -0.26590577057743
O            3.60884366583120       -0.04549313133991        0.46844661357975
P            2.20292656816824        0.24201875513555       -0.21452185275743
S            2.28017977720794        1.11766974919160       -1.96994596469895
O            1.43789504299102        1.03087745128941        0.92996794973416
C            1.46535791675308        2.46819032488123        1.01618894585814
C            2.82309138450836        2.99185148498114        1.43663892802003
S            1.22344101755953       -1.61426069290459       -0.09297018499836
C           -0.09866575018046       -1.37742119933719       -1.34357210284365
S           -1.74580789438720       -1.74565307256006       -0.70783082701986
P           -2.19088958186968        0.13138157720437        0.19060523938683
S           -1.60734535297334        1.70249792388889       -0.82397581729416
O           -1.54532131503912        0.12323012614330        1.62776019485832
C           -1.44157186476412       -1.00307099486365        2.53277961102614
C           -2.78755988379583       -1.56317966068204        2.93910461241105
O           -3.74809174891779        0.05855888741492        0.49681169456390
C           -4.77664362429152        0.42796788743003       -0.43990210688616
C           -5.21946520391624       -0.74236209766113       -1.29721195435532
H            4.59846857672803       -2.48780673220289       -0.04492262137360
H            4.02660928629782       -1.85389979845344       -1.59645464361434
H            5.76290917785894       -1.97189184641773       -1.27800668013321
H            4.92216919300756        0.37823568349236       -1.06981544126894
H            5.60435204628237       -0.22876840506438        0.46870741656808
H            1.17130152354673        2.87875466910186        0.04361010903828
H            0.69206064948333        2.70220635602061        1.74997451975212
H            3.56073821265427        2.78286720121420        0.66236597946964
H            2.76029615877676        4.06680714205577        1.57962344519666
H            3.13948172580721        2.52068725213642        2.36397526968882
H            0.08048692876686       -2.07810985296749       -2.15455335032123
H           -0.06583542344881       -0.34548830077647       -1.70348675614282
H           -0.82594373011044       -1.77163964660308        2.05620533415230
H           -0.90427703465045       -0.58509240633695        3.38584152255075
H           -2.63188802583202       -2.33035320189871        3.69224604657042
H           -3.41744818590144       -0.77876970401217        3.35105900841218
H           -3.28922876926158       -2.00612074433995        2.08134796221564
H           -5.59496818889352        0.78238421764092        0.19020030949837
H           -4.41032899077788        1.25387546186855       -1.05888736357802
H           -4.41092025040896       -1.07506668787491       -1.94427413129313
H           -5.53393655621296       -1.57336207250471       -0.67160917627261
H           -6.05661953942045       -0.42580067950286       -1.91325621845103
41
 energy: -65.063021937828 gnorm: 0.001483410396 xtb: 6.7.1 (edcfbbe)
C            4.78963882695245       -1.76307376081200       -0.82877430993966
C            4.80326476430572       -0.35690788125370       -0.26563106324351
O            3.60453829865774       -0.04280591951998        0.46863001041787
P            2.19904864636433        0.24380514021664       -0.21715597329222
S            2.27996796765199        1.12298424803133       -1.97116205971484
O            1.43301149811976        1.03196810755327        0.92790737471548
C            1.46291166233242        2.46996038197413        1.01699220478653
C            2.82071772579699        2.99243651517938        1.43560107331260
S            1.22147548547567       -1.61275615632990       -0.09412003408569
C           -0.09879161886449       -1.38178836823039       -1.34722493703518
S           -1.74700247215102       -1.74428855185423       -0.71029652523178
P           -2.18633512846290        0.13204852141336        0.19094929183628
S           -1.60177648397718        1.70330314189224       -0.82384013878156
O           -1.53966114339982        0.12293664282380        1.62799949308829
C           -1.44016632573829       -1.00408917562272        2.53369761090695
C           -2.78668506570845       -1.56334931964375        2.93631620161825
O           -3.74318578835698        0.06382472198630        0.49979575186726
C           -4.77189930155334        0.43005893468756       -0.43905334839182
C           -5.21222933741536       -0.74153438664942       -1.29466977789068
H            4.59148820894871       -2.48698908476659       -0.04288581428499
H            4.02121802121729       -1.85394503419124       -1.59470683540509
H            5.75693883722865       -1.97334389832350       -1.27531538935270
H            4.91809844589323        0.37729255661754       -1.06949520927697
H            5.59867613616296       -0.23017249182556        0.47057957215289
H            1.16658814250823        2.88091030706257        0.04555519826180
H            0.69126324719254        2.70088264424429        1.75322706445139
H            3.55674976015942        2.78534135495218        0.65977766119283
H            2.75718474040661        4.06670018609157        1.58102795322464
H            3.13856433467836        2.51923043424637        2.36093004233170
H            0.07765642735367       -2.09272515506704       -2.15008739750205
H           -0.06244968441736       -0.35319303123739       -1.71641815374646
H           -0.82345242062662       -1.77201181485381        2.05783355712902
H           -0.90551008934392       -0.58447542421098        3.38745353030738
H           -2.63250170839665       -2.32925179394946        3.69072025603839
H           -3.41733044259552       -0.77855260100060        3.34559802401441
H           -3.28633002227110       -2.00674252619955        2.07799539821691
H           -5.59031330885815        0.78319415794538        0.19133106426826
H           -4.40506977880967        1.25552704013824       -1.05770380038006
H           -4.40309953119999       -1.07375843427010       -1.94059165432043
H           -5.52507979863222       -1.57176086203807       -0.66794526101006
H           -6.04943228007749       -0.42746009094071       -1.91098383342239
41
 energy: -65.063025113216 gnorm: 0.000688985017 xtb: 6.7.1 (edcfbbe)
C            4.79029584645489       -1.76351209386087       -0.82870468259316
C            4.80412813053294       -0.35711965787156       -0.26512682681040
O            3.60593855005844       -0.04318666294675        0.46892863836787
P            2.20014566961277        0.24415379862194       -0.21622804645809
S            2.27945878955949        1.12192797432234       -1.97080824703217
O            1.43518805441864        1.03274058404709        0.92927856451055
C            1.46321204434245        2.47011302851961        1.01757912272336
C            2.82115961263662        2.99359066255495        1.43537957893636
S            1.22163719638984       -1.61151646107049       -0.09485584485692
C           -0.09876368533708       -1.38324422831192       -1.34751208645817
S           -1.74650189016441       -1.74489170819862       -0.70847095260997
P           -2.18706189887706        0.13168916613405        0.19057688896827
S           -1.60256313249298        1.70239582034261       -0.82500388146493
O           -1.54131416097333        0.12369673185238        1.62817307113289
C           -1.44040838667440       -1.00290554583411        2.53341322289005
C           -2.78684396695420       -1.56330420613819        2.93600895198792
O           -3.74386787519306        0.06288060873226        0.49924889544958
C           -4.77240468276376        0.42980688426927       -0.43862964722793
C           -5.21338051347284       -0.74141270784551       -1.29503369524290
H            4.59145439603954       -2.48743091975276       -0.04302028470550
H            4.02197743242473       -1.85381752635086       -1.59485257645903
H            5.75762458229358       -1.97390812482511       -1.27498529783913
H            4.91940117871124        0.37674168659803       -1.06926909712999
H            5.59972871021230       -0.23071620414220        0.47094436590869
H            1.16652922465812        2.88102190091935        0.04616820143806
H            0.69167123213783        2.70079022662439        1.75398426009753
H            3.55654688661416        2.78675524584005        0.65885946698945
H            2.75705580174411        4.06771876424988        1.58085912103331
H            3.14000874389811        2.52027728660945        2.36025649831078
H            0.07742699788797       -2.09477187406257       -2.14995640786527
H           -0.06318535130721       -0.35489717456711       -1.71718290498379
H           -0.82326121623819       -1.77082005885166        2.05789174885142
H           -0.90614781530440       -0.58319051717833        3.38728839664907
H           -2.63272604783681       -2.32875689397634        3.69077207237555
H           -3.41824514770971       -0.77859665056501        3.34435611416702
H           -3.28548451083656       -2.00711744823910        2.07736898922095
H           -5.59092027297976        0.78270729864004        0.19183838131206
H           -4.40586250307110        1.25550509997373       -1.05721415459874
H           -4.40444278623750       -1.07317965987127       -1.94143889846580
H           -5.52567223948635       -1.57193184184600       -0.66842310251119
H           -6.05083155016685       -0.42685532827961       -1.91060109817671
41
 energy: -65.063026403768 gnorm: 0.000418716856 xtb: 6.7.1 (edcfbbe)
C            4.79042243928995       -1.76418476647427       -0.82856704475431
C            4.80402068592385       -0.35754709356883       -0.26474425204006
O            3.60571299818855       -0.04387974645567        0.46840005426948
P            2.19980014509076        0.24425718601743       -0.21661290426526
S            2.27926847720318        1.12250348225650       -1.97080880899409
O            1.43629051057510        1.03315272602293        0.92971155669351
C            1.46322739380490        2.47007428204605        1.01791978902376
C            2.82136869229888        2.99473880606534        1.43480730093213
S            1.22184997812410       -1.61223577204961       -0.09261682508880
C           -0.09792530745153       -1.38427853216964       -1.34570716904954
S           -1.74609271811849       -1.74660476294198       -0.70673570990545
P           -2.18685481671286        0.13134325249581        0.18967095799337
S           -1.60254866028892        1.70165788354375       -0.82646094773863
O           -1.54218727054719        0.12466983893916        1.62798449862767
C           -1.44047691387790       -1.00145325510756        2.53314407534945
C           -2.78695216679369       -1.56302893346058        2.93532741931559
O           -3.74367906179848        0.06225844064202        0.49830914574937
C           -4.77244403623618        0.42971464448485       -0.43846742857712
C           -5.21409906722223       -0.74129358193697       -1.29538556104240
H            4.59075750647272       -2.48807920659448       -0.04299285354801
H            4.02257470372887       -1.85408748298883       -1.59529332618619
H            5.75804087996317       -1.97479470660051       -1.27420216267736
H            4.92031272849617        0.37604633623969       -1.06902927538136
H            5.59969849284389       -0.23139683348536        0.47134304529985
H            1.16588359982179        2.88139615879982        0.04679699212336
H            0.69204353777748        2.70090450243877        1.75470978592256
H            3.55606589760185        2.78850827598663        0.65738071980355
H            2.75693284556476        4.06883940885987        1.58067375468113
H            3.14151259457090        2.52125584386842        2.35921721316781
H            0.07828015822468       -2.09625297029788       -2.14781332288407
H           -0.06286694278812       -0.35638594176659       -1.71673978557070
H           -0.82269396955252       -1.76937008619881        2.05829434744603
H           -0.90681029863489       -0.58182655178978        3.38742629160166
H           -2.63303736948535       -2.32792486947215        3.69068448856118
H           -3.41935522719603       -0.77846138604639        3.34256248958326
H           -3.28434718790654       -2.00778627604436        2.07640644915518
H           -5.59101939209980        0.78245996943164        0.19211172706804
H           -4.40663668893502        1.25571668647551       -1.05722470457764
H           -4.40548692624438       -1.07252556030507       -1.94258507177192
H           -5.52576229028315       -1.57222868920797       -0.66887153260975
H           -6.05208850684210       -0.42644144538547       -1.91016659787437
41
 energy: -65.063027079089 gnorm: 0.000219081247 xtb: 6.7.1 (edcfbbe)
C            4.78944217918194       -1.76434282726410       -0.82801915703513
C            4.80357331173929       -0.35764236037659       -0.26453316805320
O            3.60544878239643       -0.04318989163556        0.46870626168784
P            2.19930866111407        0.24436123727401       -0.21636578837271
S            2.27814449931737        1.12178066611243       -1.97100609401456
O            1.43573766148506        1.03326557239955        0.92997858964869
C            1.46267823967038        2.47030142862049        1.01811848700148
C            2.82095381195176        2.99512972475523        1.43422297513904
S            1.22170028761414       -1.61206285962436       -0.09233127927147
C           -0.09787124440974       -1.38585028717877       -1.34587107115501
S           -1.74666249995365       -1.74657236843676       -0.70722519560818
P           -2.18615818974632        0.13142344974635        0.18972053786545
S           -1.60082419389813        1.70053598894558       -0.82763683045337
O           -1.54122676714320        0.12499927446125        1.62804160276115
C           -1.44020315402976       -1.00105032914773        2.53347404358725
C           -2.78682746629596       -1.56273013848026        2.93471186498004
O           -3.74303043844274        0.06356699169741        0.49867310410221
C           -4.77184543436213        0.43024677022924       -0.43853143968439
C           -5.21299161042593       -0.74115753513502       -1.29505180881229
H            4.58939832530559       -2.48800653319332       -0.04231992918246
H            4.02174297385219       -1.85418292674127       -1.59490388363924
H            5.75708094418352       -1.97550607348093       -1.27342572588768
H            4.92006265862383        0.37583532459599       -1.06890339723025
H            5.59932221128863       -0.23158308016629        0.47150309378477
H            1.16460395858766        2.88151646602703        0.04717834414875
H            0.69193458925210        2.70108971376650        1.75541577949700
H            3.55527294946884        2.78937365647491        0.65630726143083
H            2.75638290026295        4.06919986206998        1.58048458780212
H            3.14176470161001        2.52151466506273        2.35835370883218
H            0.07838833852912       -2.09882566074448       -2.14710427838841
H           -0.06246242163432       -0.35834916967795       -1.71814904992987
H           -0.82197370784473       -1.76881313923798        2.05904041383538
H           -0.90714198359493       -0.58123930755711        3.38808259647176
H           -2.63318660724909       -2.32723612869300        3.69053411843315
H           -3.41971697864830       -0.77818677762828        3.34119470109949
H           -3.28353340710880       -2.00813425645854        2.07569872113070
H           -5.59049760140407        0.78299745019696        0.19192876296133
H           -4.40621952982127        1.25615452576551       -1.05752913377200
H           -4.40435433961035       -1.07219092860338       -1.94234857645893
H           -5.52427360332200       -1.57213360143725       -0.66839710631798
H           -6.05124135993928       -0.42687731303680       -1.90985982510262
41
 energy: -65.063027325789 gnorm: 0.000154323970 xtb: 6.7.1 (edcfbbe)
C            4.78882337339231       -1.76450053032300       -0.82757614552417
C            4.80325018645582       -0.35776478372821       -0.26441070962416
O            3.60526482915817       -0.04277832023665        0.46891609302282
P            2.19891007447514        0.24422357168376       -0.21600606218205
S            2.27748375254760        1.12103552072681       -1.97093818931662
O            1.43546156867567        1.03334949342275        0.93027054817256
C            1.46245115062668        2.47046206802408        1.01812456505029
C            2.82077786538394        2.99543164194045        1.43362751508538
S            1.22166874732349       -1.61233941022179       -0.09174233093749
C           -0.09776445716954       -1.38680478249852       -1.34545350485281
S           -1.74646717107068       -1.74691754650019       -0.70634922485893
P           -2.18567232893215        0.13151496392799        0.18938272315205
S           -1.60004850004753        1.70035110426989       -0.82822864863046
O           -1.54069639836772        0.12529184693642        1.62773401929053
C           -1.44012729221176       -1.00058353790720        2.53352701307545
C           -2.78674150304151       -1.56233665342363        2.93435212095434
O           -3.74254609053416        0.06429391633450        0.49843752503783
C           -4.77147631760677        0.43046053231096       -0.43892552348384
C           -5.21240184933414       -0.74115000827982       -1.29509134794920
H            4.58849749320573       -2.48796179703740       -0.04177954199623
H            4.02128553090807       -1.85435972864666       -1.59460060643103
H            5.75649768455846       -1.97599665115134       -1.27272658490690
H            4.91981158680256        0.37561702076623       -1.06886583980864
H            5.59900545337127       -0.23172624632158        0.47162793123680
H            1.16386777528084        2.88131750274245        0.04720611418759
H            0.69199246330773        2.70120876327742        1.75573071128801
H            3.55487878346829        2.78993167377124        0.65547049352964
H            2.75593772138081        4.06946058339163        1.57997572341747
H            3.14202459684046        2.52189708195788        2.35763152743905
H            0.07831889774487       -2.10050169590360       -2.14601806769235
H           -0.06222077881189       -0.35956835448643       -1.71848323073967
H           -0.82145719455291       -1.76829756364239        2.05960052856319
H           -0.90760064591982       -0.58036512724197        3.38828910074539
H           -2.63318216405801       -2.32641821132951        3.69063375539503
H           -3.42004362433508       -0.77780494684042        3.34017110405183
H           -3.28296798818695       -2.00834540824601        2.07538497736308
H           -5.59008325427405        0.78318383888805        0.19159093664532
H           -4.40594006791775        1.25628780822220       -1.05805611420496
H           -4.40385271657694       -1.07204185545048       -1.94254574016894
H           -5.52334071091289       -1.57212126624187       -0.66828743697492
H           -6.05087903449551       -0.42720523267062       -1.90974335858942
41
 energy: -65.063027494921 gnorm: 0.000126846346 xtb: 6.7.1 (edcfbbe)
C            4.78868780614019       -1.76468860158514       -0.82730002493175
C            4.80326511293579       -0.35790628541508       -0.26432649154932
O            3.60536246465502       -0.04268190695577        0.46899847414879
P            2.19892200704016        0.24403180383448       -0.21574530403464
S            2.27723357704298        1.12064653223313       -1.97083999153425
O            1.43559228527270        1.03327847805975        0.93047789167574
C            1.46249684301206        2.47042681343671        1.01802332718999
C            2.82079686338539        2.99568444293584        1.43316389479509
S            1.22161369065917       -1.61246366870772       -0.09072945068707
C           -0.09760926855238       -1.38730922265292       -1.34475571302032
S           -1.74646048149688       -1.74728997651515       -0.70608114463603
P           -2.18566231885277        0.13141564085697        0.18922206382198
S           -1.59984619283180        1.69990622085565       -0.82888093681558
O           -1.54081446149146        0.12568083314676        1.62763382111650
C           -1.44020271818571       -0.99993955493417        2.53369967711648
C           -2.78674858680504       -1.56194313666933        2.93431056407066
O           -3.74256377284967        0.06442770685516        0.49807265034890
C           -4.77148388146161        0.43043433070974       -0.43935458879430
C           -5.21241840612990       -0.74124267510888       -1.29536839808410
H            4.58812625483627       -2.48800084245755       -0.04143377214196
H            4.02125817116104       -1.85454953408718       -1.59442633238792
H            5.75639721790642       -1.97638438480624       -1.27225811619768
H            4.91983234426441        0.37537445125173       -1.06887770180979
H            5.59904117513220       -0.23184057441574        0.47168767266361
H            1.16370752119002        2.88099344880402        0.04704625849038
H            0.69214584513117        2.70125322870075        1.75570663369880
H            3.55478476444327        2.79020665107312        0.65491329238868
H            2.75576231015962        4.06971719548750        1.57937611835216
H            3.14230455175702        2.52233076953015        2.35716180657089
H            0.07870659163378       -2.10115654067533       -2.14511520716726
H           -0.06197163323896       -0.36015555272816       -1.71795442022364
H           -0.82121793493455       -1.76761206945485        2.06011183502985
H           -0.90799311357724       -0.57935145507255        3.38847375486456
H           -2.63315525217020       -2.32570048374220        3.69091657259910
H           -3.42038907189522       -0.77745266998425        3.33965350765543
H           -3.28263002061969       -2.00840645976749        2.07537384962816
H           -5.59007083886160        0.78322021262204        0.19115725956513
H           -4.40594336110305        1.25618679543362       -1.05857548607168
H           -4.40397422986343       -1.07207321077981       -1.94297962561491
H           -5.52312660373404       -1.57221773319776       -0.66847233577042
H           -6.05105580255336       -0.42741974184845       -1.90984906648737
41
 energy: -65.063027634920 gnorm: 0.000093428691 xtb: 6.7.1 (edcfbbe)
C            4.78866889172216       -1.76489721343765       -0.82704376768210
C            4.80338078071504       -0.35803577979114       -0.26424292991353
O            3.60551372588540       -0.04265730556212        0.46912626046466
P            2.19903834120739        0.24386166517002       -0.21546479169087
S            2.27713456322329        1.12016949835047       -1.97073293533983
O            1.43577327972276        1.03327409420232        0.93065343889115
C            1.46259054820774        2.47047515222060        1.01787791137013
C            2.82090381071159        2.99588333509366        1.43281274207155
S            1.22173984575964       -1.61264253282539       -0.09004147081613
C           -0.09744455891544       -1.38763888208155       -1.34421084092125
S           -1.74631675955733       -1.74760479482453       -0.70568455607343
P           -2.18581630788265        0.13134452762707        0.18906858947547
S           -1.59996014449936        1.69960503420142       -0.82936716748253
O           -1.54109541373288        0.12607991633160        1.62752349722139
C           -1.44033466387879       -0.99927528813792        2.53392017427481
C           -2.78684356890362       -1.56149783279738        2.93442168760796
O           -3.74271489755689        0.06434450631897        0.49771979041086
C           -4.77159180925508        0.43032449328451       -0.43979139732078
C           -5.21254867511400       -0.74146284429173       -1.29567774896618
H            4.58794175296426       -2.48808189613511       -0.04109479502552
H            4.02126900714419       -1.85474622400591       -1.59421393865666
H            5.75638172358287       -1.97678784172275       -1.27191967892132
H            4.91993747569243        0.37512011059029       -1.06889961540635
H            5.59922218235570       -0.23192820883673        0.47168680954597
H            1.16374760822277        2.88081159228969        0.04681563368059
H            0.69226616410485        2.70143468761929        1.75553865705376
H            3.55482932755787        2.79025984193426        0.65452889262244
H            2.75585417906479        4.06995879467669        1.57879748910686
H            3.14253533328410        2.52273201048668        2.35688455570341
H            0.07904623417227       -2.10155866173688       -2.14448259186715
H           -0.06176949004360       -0.36052998621848       -1.71752678859016
H           -0.82109961043219       -1.76693582752429        2.06063585773431
H           -0.90835556900278       -0.57836019964986        3.38866282915614
H           -2.63325729879693       -2.32500560799812        3.69128647078066
H           -3.42075665316742       -0.77702636828750        3.33939581647995
H           -3.28243370877931       -2.00832975629307        2.07549661007541
H           -5.59020552320647        0.78323753728136        0.19062261495982
H           -4.40598281754416        1.25597905714879       -1.05910522699744
H           -4.40414817138616       -1.07230243725422       -1.94335620671093
H           -5.52311623234051       -1.57241191706898       -0.66866563199517
H           -6.05128345475543       -0.42774917408097       -1.91009743047914
41
 energy: -65.063027744162 gnorm: 0.000095338085 xtb: 6.7.1 (edcfbbe)
C            4.78868454839172       -1.76508509039556       -0.82679498333441
C            4.80347508213124       -0.35814931573585       -0.26414808506326
O            3.60561310930454       -0.04268364593177        0.46921753048860
P            2.19915597208300        0.24375632112256       -0.21535898707750
S            2.27721143622554        1.11986466702762       -1.97073281372160
O            1.43588841119655        1.03330812947868        0.93065896585126
C            1.46267904468982        2.47052809661165        1.01769069412346
C            2.82100048366547        2.99598677928412        1.43256880886220
S            1.22184261721814       -1.61274789522867       -0.08963490945743
C           -0.09736407448118       -1.38787108047245       -1.34385570031731
S           -1.74622739446758       -1.74779755938435       -0.70532434005438
P           -2.18593003411323        0.13134540970752        0.18895163386507
S           -1.60009658640087        1.69944521947707       -0.82974625560028
O           -1.54132493999039        0.12641655085513        1.62744599373779
C           -1.44049065183926       -0.99871990604520        2.53411732361986
C           -2.78698920075488       -1.56101995339270        2.93460221784937
O           -3.74282566787270        0.06421490342470        0.49745383015984
C           -4.77162980375730        0.43015158204850       -0.44016196694691
C           -5.21259469299035       -0.74175205111684       -1.29591391823989
H            4.58790269374144       -2.48816875443990       -0.04076712220140
H            4.02129286979413       -1.85496231454659       -1.59397039707283
H            5.75638731312120       -1.97708422083448       -1.27163351935985
H            4.92000362810912        0.37490889411805       -1.06888858569537
H            5.59934100628796       -0.23197837433990        0.47173900732343
H            1.16386621921645        2.88072619175010        0.04656255477996
H            0.69233260652533        2.70159135587081        1.75529365071258
H            3.55493204269758        2.79019328104053        0.65433369842249
H            2.75599841405519        4.07009164784921        1.57834893869193
H            3.14259998119184        2.52300087696726        2.35673726670735
H            0.07915386405865       -2.10185775031006       -2.14406607527901
H           -0.06167740802179       -0.36080536605987       -1.71729541773773
H           -0.82110661269698       -1.76640860042750        2.06107096280552
H           -0.90866263045961       -0.57753994986456        3.38881743680165
H           -2.63341873323702       -2.32435372700390        3.69163970555847
H           -3.42103847472519       -0.77652941544517        3.33933523790888
H           -3.28240841887405       -2.00807979236834        2.07570030419842
H           -5.59027378534664        0.78319794157867        0.19013335177883
H           -4.40593409471544        1.25569681857002       -1.05956975073582
H           -4.40418707668369       -1.07265249201172       -1.94355514627304
H           -5.52314079924682       -1.57262151827660       -0.66878286476753
H           -6.05134081647987       -0.42812661888484       -1.91036145748058
41
 energy: -65.063027839431 gnorm: 0.000093377142 xtb: 6.7.1 (edcfbbe)
C            4.78874283904313       -1.76524332653719       -0.82656103639946
C            4.80352561635542       -0.35824665322215       -0.26405716147637
O            3.60565816680715       -0.04272476036569        0.46929029158950
P            2.19922356705485        0.24367133396924       -0.21533876177419
S            2.27733741726777        1.11962277596952       -1.97078265776677
O            1.43592797168145        1.03336266379594        0.93057736060107
C            1.46275445131082        2.47058376866708        1.01748152837983
C            2.82107029841098        2.99602543427065        1.43241301358699
S            1.22191643011524       -1.61282886926994       -0.08948694653211
C           -0.09731474130045       -1.38801885128570       -1.34370089429330
S           -1.74614733399679       -1.74792823396271       -0.70508729751247
P           -2.18600942582685        0.13133386146432        0.18887606872203
S           -1.60022194841438        1.69932394896703       -0.82999926957188
O           -1.54147988072427        0.12668880617752        1.62739727247344
C           -1.44064591332093       -0.99826023029757        2.53430287836926
C           -2.78715225912033       -1.56053916924913        2.93481394078423
O           -3.74292690708092        0.06413553328991        0.49728606269196
C           -4.77163630114598        0.42998307994802       -0.44046942606081
C           -5.21258039058163       -0.74205750580139       -1.29606141010054
H            4.58797221664843       -2.48823865215932       -0.04044933303817
H            4.02132883854939       -1.85518953081282       -1.59370542718262
H            5.75643489915151       -1.97729291029790       -1.27140078009196
H            4.92004187930035        0.37472248694547       -1.06887855886059
H            5.59939939068118       -0.23199690184403        0.47180488044220
H            1.16402368352574        2.88072037561776        0.04630173046339
H            0.69236882259408        2.70173928169071        1.75501511227546
H            3.55505212773606        2.79004953930340        0.65427266917811
H            2.75613448541386        4.07015800097592        1.57801464354937
H            3.14255019949636        2.52315747569661        2.35668470248694
H            0.07919593769295       -2.10207513985073       -2.14385398322752
H           -0.06163712677493       -0.36098052625869       -1.71722389644056
H           -0.82121125335026       -1.76601769836470        2.06143773131866
H           -0.90888168324172       -0.57689171554597        3.38894747438765
H           -2.63360321896013       -2.32376159152899        3.69196576595789
H           -3.42122817900615       -0.77599905159228        3.33940733808149
H           -3.28252325915116       -2.00772379465409        2.07595146472049
H           -5.59032134931174        0.78318503259905        0.18968254911369
H           -4.40583987035650        1.25539404091422       -1.05999686906584
H           -4.40413456479655       -1.07309042389961       -1.94358575164873
H           -5.52319042192163       -1.57280985183737       -0.66880740019215
H           -6.05127376390334       -0.42851277735902       -1.91062080010681
