41
 energy: -65.043370870048 gnorm: 0.051252566490 xtb: 6.7.1 (edcfbbe)
C            4.30834754557916       -2.02067490715702       -2.14147864394848
C            4.73618160673524       -1.56696044489594       -0.76761175810337
O            3.58966644706771       -1.33144739818486        0.12068118491651
P            2.70805985413584        0.01238044505840        0.08782444653269
S            3.58811885825816        1.65722451082269       -0.46382003918140
O            2.18923837497208        0.10355445110182        1.60226986663219
C            1.12419987893169       -0.72671565687262        2.18604269063843
C            1.50141745817344       -2.18513047831597        2.29279618230481
S            1.07787910416098       -0.60024230377348       -1.13726488777527
C            0.29430728360334        1.02277201707135       -1.51929814719977
S           -0.61134760053506        1.86245239639381       -0.17188110245129
P           -2.42165665280678        0.73993303542361       -0.16594221133674
S           -3.18430706720352        0.34076722003523       -1.91375252038809
O           -3.20603655782761        1.75099985700653        0.80165647519366
C           -4.67326550315729        1.74442887935698        0.90479056430295
C           -5.20867385411327        0.46709339555806        1.50771313542002
O           -2.18291035165461       -0.52317413334360        0.80083158658609
C           -2.13067854582808       -1.92099923376997        0.36857447576695
C           -2.74784751346574       -2.75481462214021        1.46315731423215
H            5.20191840520136       -2.31570024994663       -2.70122958470349
H            3.64009274210989       -2.88527251429164       -2.07802638261838
H            3.80884038103186       -1.22024139674342       -2.69406879366658
H            5.33359444810756       -0.65072179835104       -0.80565179612692
H            5.30477490979274       -2.34036621919331       -0.24816903513058
H            0.97689489498991       -0.28016828332764        3.17170049424891
H            0.21529469190342       -0.58276274876642        1.59634193729299
H            1.56950845505847       -2.66377349695825        1.31039977139532
H            2.45460046450345       -2.30960570773149        2.81661783053951
H            0.71980975955762       -2.69838777540986        2.86353798672072
H           -0.37889728195087        0.84316632551047       -2.36376961344608
H            1.08100420987546        1.71799152619512       -1.83026647762779
H           -4.88452670477689        2.60792119319781        1.53905499909298
H           -5.08262497156329        1.92759938420336       -0.09422653508047
H           -6.28556042831770        0.58901852407015        1.66838088600270
H           -5.06223450693419       -0.38914925899988        0.84154590706693
H           -4.73671735368100        0.25660462689743        2.47251617483764
H           -2.67098476173770       -2.02016241610067       -0.57714240309714
H           -1.07825922473795       -2.17652146014434        0.20997222068085
H           -2.69508411521830       -3.81071418005786        1.17796480481340
H           -2.20487426807905       -2.62328341381502        2.40442239899786
H           -3.79787782839595       -2.48463821828960        1.61446948462715
41
 energy: -65.047467959593 gnorm: 0.028127568998 xtb: 6.7.1 (edcfbbe)
C            4.30165900365638       -2.01541392240638       -2.13838190410759
C            4.72437396262950       -1.55647057180724       -0.76268001968668
O            3.58912057636910       -1.32593278168058        0.11860672821041
P            2.68370175100450       -0.00491714091976        0.06994881824329
S            3.59418450782482        1.64085552126245       -0.46313083985607
O            2.16793213577599        0.09733208426640        1.57703896670251
C            1.12514332377105       -0.72511476225290        2.18136350700454
C            1.50126902589032       -2.18396164625780        2.28789238360194
S            1.00295021888474       -0.61125519568416       -1.09387234158346
C            0.28924183771595        1.01885288477898       -1.51319724708499
S           -0.57479742049110        1.81330833309635       -0.12043935666538
P           -2.40914824977312        0.73761661911711       -0.16374904081784
S           -3.19627351762274        0.31552862781859       -1.90774057194861
O           -3.19715374276165        1.74270220048463        0.79576668863375
C           -4.65346473995087        1.74067411980658        0.89650795396960
C           -5.20303125483816        0.47015045414400        1.50160783392174
O           -2.17077387224520       -0.52399885017766        0.79534504220613
C           -2.12768877320558       -1.91268871495189        0.36648315711053
C           -2.74518555018821       -2.75593089808358        1.45920297592029
H            5.18916589589766       -2.30523020436488       -2.69916300644234
H            3.63414668421714       -2.87236470950082       -2.06982234275823
H            3.79596421836602       -1.21579504815159       -2.67787850631520
H            5.31142229417106       -0.63472850345812       -0.81130725470248
H            5.29282848866720       -2.32794292653459       -0.24037171621681
H            0.99407251666075       -0.26958157212725        3.16465927269236
H            0.21212239967847       -0.58681768320059        1.59867499462563
H            1.57669023207793       -2.64516144958172        1.30362612651997
H            2.45460144095973       -2.29589634708941        2.80066238768039
H            0.73039110358868       -2.70024522230802        2.85924030434962
H           -0.40063733743419        0.84141837045199       -2.34041236716785
H            1.09191876438927        1.69916782961201       -1.80587621938615
H           -4.85918285968092        2.60532975069607        1.53024860482424
H           -5.06227009010673        1.91313377516917       -0.10356334254867
H           -6.27408610913179        0.59102491211764        1.66212581265232
H           -5.04712996592072       -0.37487314468014        0.83090673748544
H           -4.72393593484715        0.26245465318411        2.45699760076030
H           -2.67160720725308       -2.00224532766308       -0.57807537715698
H           -1.07916811887040       -2.17287192335461        0.20129019082894
H           -2.69254535928112       -3.80454568985772        1.17341125304849
H           -2.20743482795485       -2.61744125302956        2.39495473162122
H           -3.78800076887414       -2.48584517555996        1.61276226879316
41
 energy: -65.049133566039 gnorm: 0.011966959574 xtb: 6.7.1 (edcfbbe)
C            4.28398877692288       -2.00605437596039       -2.13447283155981
C            4.70364861826601       -1.54363940572783       -0.75568511974851
O            3.57964468932517       -1.32003760201358        0.11843196124556
P            2.65386418129957       -0.02122999478250        0.06346454699170
S            3.55881188902356        1.61982035244277       -0.49601125235446
O            2.14317145167252        0.09249204770521        1.56170129402334
C            1.12198091073874       -0.72045411795348        2.18544106386166
C            1.50412418487479       -2.18019211895929        2.28193993826350
S            0.97199806763285       -0.63593461800592       -1.09991264194437
C            0.28428028248108        0.99968798425527       -1.48739942653853
S           -0.55540733220478        1.80267586887475       -0.08903240733060
P           -2.38672445683265        0.72984119657256       -0.14643323678959
S           -3.16571906243780        0.31477800103154       -1.89800187243484
O           -3.18147064292923        1.73097721906361        0.79722511430122
C           -4.62680101581408        1.74151119909572        0.88555468328242
C           -5.18799479430867        0.47354164350940        1.49182437574487
O           -2.15819374203706       -0.53534861250991        0.79861937101054
C           -2.12555274453088       -1.91141841641456        0.36505868996503
C           -2.74427280425024       -2.76166963879543        1.45622220608876
H            5.16791967384502       -2.28802549436654       -2.69662905899650
H            3.61923817368417       -2.86024047477330       -2.06179152439787
H            3.77177203683658       -1.20498723507155       -2.66148728323096
H            5.28462810210277       -0.61852482183671       -0.81474146263556
H            5.27700271069764       -2.31258550875605       -0.23524821514881
H            1.01050203077834       -0.26253667041708        3.16953057154826
H            0.19742473140206       -0.58919760971905        1.61925395549757
H            1.58173493971574       -2.62119254007238        1.29164200288563
H            2.46052388584149       -2.28329602650501        2.78367381004261
H            0.74357094000890       -2.70423348133991        2.85131966089101
H           -0.41904836437757        0.84186971530427       -2.30418982773015
H            1.09630076383004        1.66678295545277       -1.77458374461884
H           -4.83143247066106        2.60880259440829        1.51547847551236
H           -5.03241969002032        1.90388454044429       -0.11714792145357
H           -6.25447677667265        0.59646923751401        1.64948346462288
H           -5.02628904432886       -0.36407571559437        0.81730688014262
H           -4.70613294027583        0.26649304445673        2.44207817575714
H           -2.67401005755201       -1.99189895174152       -0.57844761622667
H           -1.08132356049291       -2.18086028592929        0.19272212607978
H           -2.68847740099426       -3.80406852981300        1.16702495308563
H           -2.20795868106313       -2.61562769739348        2.38737001090576
H           -3.78304077743138       -2.49001818435703        1.60851099835119
41
 energy: -65.049662275294 gnorm: 0.006348384206 xtb: 6.7.1 (edcfbbe)
C            4.26276468414584       -1.99674208055620       -2.13065073386478
C            4.68803400823473       -1.53543473004946       -0.75058488923472
O            3.57060455981701       -1.31488998414910        0.12226809701188
P            2.63696057623663       -0.02739995420570        0.06247877809499
S            3.52110190966233        1.61523171943276       -0.52512817505831
O            2.12413273273381        0.09611066206332        1.55238899825124
C            1.11764816523429       -0.71500597081282        2.19233980698628
C            1.50815658222080       -2.17556317279046        2.27692183121836
S            0.95267433554930       -0.65627880686088       -1.09279309715296
C            0.28474285972970        0.98321466411929       -1.47513820646395
S           -0.53554782962330        1.79006522398180       -0.06749696367272
P           -2.36966322260539        0.72470069544000       -0.13163671373039
S           -3.13170337952014        0.32227173963633       -1.89340220051651
O           -3.16584082519698        1.72489299605755        0.80204718831403
C           -4.60624134065869        1.74629130150107        0.87905565383420
C           -5.17325349280797        0.47688750435126        1.48331235556472
O           -2.14674757853615       -0.54501285042156        0.80174303166141
C           -2.12381903517100       -1.91521695125175        0.36270192207776
C           -2.74342508474304       -2.76737388479689        1.45393876364424
H            5.14503461431866       -2.27192376654584       -2.69816264066777
H            3.60099031599342       -2.85374984998565       -2.05584673603800
H            3.74420154813204       -1.19394814296543       -2.65038158660924
H            5.26852035361738       -0.60980330010543       -0.81668103240745
H            5.26948406092264       -2.30245777108641       -0.23617211148018
H            1.02147560177730       -0.26189594033996        3.18033425407551
H            0.17798181013445       -0.59011326466882        1.64750630662695
H            1.58190417280998       -2.60426468396695        1.28026813926371
H            2.46971996516431       -2.27620861016325        2.77102232336902
H            0.75453291830482       -2.71038838985493        2.84488141194370
H           -0.43044496841094        0.84606192183505       -2.28632603901986
H            1.10347630800021        1.64110431959734       -1.76503846302962
H           -4.81539900963924        2.61589783380284        1.50406685000298
H           -5.00696402981907        1.90506034680131       -0.12662076878350
H           -6.23951571187067        0.60161357807057        1.63785736286971
H           -5.01006154603821       -0.35909098662356        0.80617799087882
H           -4.69226704984434        0.26771425353370        2.43405082340358
H           -2.67695746642244       -1.99293004706577       -0.57906446439101
H           -1.08312944941073       -2.19615340549174        0.18373274486413
H           -2.68433764891650       -3.80905705951355        1.16316010231287
H           -2.20618501369854       -2.61837817890617        2.38474771778916
H           -3.78325371804174       -2.49555750572378        1.60378525502309
41
 energy: -65.049839267858 gnorm: 0.004886711953 xtb: 6.7.1 (edcfbbe)
C            4.24430176437260       -1.98917481499137       -2.12762176047530
C            4.67775716410486       -1.52932335255002       -0.74882927498733
O            3.56432316299862       -1.30958182680432        0.12908444918768
P            2.62487925905243       -0.02895449409089        0.06389836326209
S            3.49927697364788        1.61393161925282       -0.53636394157541
O            2.11093060379511        0.10378002362300        1.54943106389794
C            1.11612828403870       -0.71189511312678        2.20305758689368
C            1.51160275258191       -2.17267362230838        2.27448778693692
S            0.94562373451390       -0.66842667853140       -1.09478885673925
C            0.28421115533869        0.97283923123888       -1.47131410794376
S           -0.52054177884255        1.78668855979793       -0.05697788315516
P           -2.35525196268180        0.72193531340415       -0.12510646444014
S           -3.11338990466268        0.32818524048162       -1.89055150756000
O           -3.15028274370129        1.72229894843228        0.80514200128949
C           -4.59070453044880        1.74948412669736        0.87510815264453
C           -5.16294700375850        0.48027532341849        1.47670543587337
O           -2.13639621807934       -0.55171827059187        0.80168110931216
C           -2.12322323255712       -1.92153382616327        0.36013105341751
C           -2.74323044412049       -2.77263921331444        1.45214874714446
H            5.12414692538758       -2.25993455192020       -2.70277091622578
H            3.58533494472233       -2.84955005298581       -2.05105183061695
H            3.71953787037229       -1.18629875315155       -2.64264734907957
H            5.25911053107936       -0.60402478201463       -0.81878506195641
H            5.26530135063675       -2.29566895626805       -0.24010430831762
H            1.03298137847387       -0.26398848862102        3.19486841270938
H            0.16592408499984       -0.58835686119181        1.67541196610475
H            1.57893022704797       -2.59426387306550        1.27329118397516
H            2.47735397812363       -2.27520917377711        2.76219653796649
H            0.76256018489335       -2.71589878524484        2.84228006718078
H           -0.43787972857885        0.84654399097565       -2.27882266671208
H            1.10602729556818        1.62473707843041       -1.76899043935997
H           -4.80378407460761        2.62014291088802        1.49733104906347
H           -4.98677055301283        1.90929528687634       -0.13270683688253
H           -6.23035354657045        0.60634442112456        1.62912912198221
H           -5.00004357998974       -0.35610560503599        0.79860349265684
H           -4.68435256170553        0.26839078033106        2.42921509750943
H           -2.67974162317099       -1.99643301179289       -0.58009246712211
H           -1.08477500262829       -2.20933620916193        0.17615433923717
H           -2.68260342128118       -3.81577529067931        1.16258578375521
H           -2.20591388837871       -2.62363753687023        2.38414398192454
H           -3.78467314520851       -2.50219023939675        1.60110177618550
41
 energy: -65.049927261821 gnorm: 0.003651560676 xtb: 6.7.1 (edcfbbe)
C            4.22849092134959       -1.98312073821547       -2.12496071627257
C            4.67144349197152       -1.52555486704166       -0.74879426457463
O            3.56266748692799       -1.30501715646895        0.13761939500101
P            2.62024504460165       -0.02783085436201        0.06787332412341
S            3.48924797769673        1.61596550461595       -0.53775006647093
O            2.10167818668334        0.11126872318306        1.54995351517627
C            1.11610755431489       -0.71131652840666        2.21289787835327
C            1.51426533962693       -2.17153146298933        2.27229538977420
S            0.94576936624145       -0.67324218936929       -1.09434401115220
C            0.28745294369891        0.96688773979359       -1.47643166727417
S           -0.51207198522629        1.78205552764215       -0.06006118132036
P           -2.34758548424097        0.72035477709418       -0.12087647925286
S           -3.10446722268697        0.33352491100802       -1.88812914440130
O           -3.14014454021517        1.72118007068764        0.80976819246843
C           -4.58182124909704        1.75161186531806        0.87431466545767
C           -5.15692622889562        0.48264160669885        1.47227615722791
O           -2.12852076162031       -0.55643885166519        0.80148969203305
C           -2.12307854016734       -1.92753873005311        0.35829156104599
C           -2.74320465799631       -2.77680667133870        1.45084387111413
H            5.10495497157702       -2.25107820962282       -2.70777008114802
H            3.57180105918056       -2.84572778590027       -2.04632048491388
H            3.69844459281738       -1.18051266242446       -2.63565638640612
H            5.25321284402254       -0.60054572031588       -0.82044557074975
H            5.26187508462651       -2.29251174874785       -0.24448095181659
H            1.04550994739573       -0.26821776611825        3.20800312779906
H            0.15910947421813       -0.58542423165184        1.69868939844047
H            1.57494681716551       -2.58804485100564        1.26809667619590
H            2.48303331090651       -2.27744485755018        2.75417474873887
H            0.76856072794243       -2.71974644770917        2.84081557518963
H           -0.43865471804464        0.84174352522662       -2.28016643287733
H            1.10871180904217        1.61705742800217       -1.78095774351838
H           -4.79620013427580        2.62255334955392        1.49567436032999
H           -4.97232216578063        1.91388495178620       -0.13555128221230
H           -6.22510329322768        0.60988423771777        1.62278469878723
H           -4.99432132004956       -0.35406456830784        0.79376559625228
H           -4.68113766460410        0.26836487095143        2.42628957016551
H           -2.68260853631055       -1.99867652227223       -0.58035286079096
H           -1.08614877704786       -2.21872488405027        0.17060145956772
H           -2.68184508485251       -3.82119531126994        1.16280642951326
H           -2.20635067540627       -2.62836439935262        2.38383813480849
H           -3.78563123049719       -2.50802160174775        1.59954879455002
41
 energy: -65.049981696953 gnorm: 0.002527796490 xtb: 6.7.1 (edcfbbe)
C            4.21297832635878       -1.97728508442858       -2.12206354147942
C            4.66666345209736       -1.52263143891497       -0.74939057171229
O            3.56331475316278       -1.30006805136031        0.14695350162413
P            2.61865468896549       -0.02505981329448        0.07252674477778
S            3.48701258371200        1.61955670670802       -0.53221523953146
O            2.09423774959899        0.11849228625414        1.55186073714504
C            1.11739840081136       -0.71198393938616        2.22239729200416
C            1.51621527741719       -2.17145455727013        2.26940749659761
S            0.94870237238855       -0.67639285856689       -1.09404593968735
C            0.28741863496234        0.96096663170047       -1.48084946458498
S           -0.50537443760377        1.78132643537411       -0.06356449313855
P           -2.34122217462781        0.71848149558059       -0.12242946330756
S           -3.10715691243619        0.33322667679816       -1.88624393378185
O           -3.12963767339310        1.71988345834348        0.81170695859716
C           -4.57309840455218        1.75253667634955        0.87374720324144
C           -5.15181007377400        0.48478430335059        1.46831027562665
O           -2.11963628072893       -0.55950814336537        0.79855292230062
C           -2.12230460013394       -1.93290646065001        0.35599427872158
C           -2.74297302415982       -2.77936776887122        1.44933259828072
H            5.08516701471058       -2.24349893887120       -2.71241157328047
H            3.55783587405846       -2.84089474959905       -2.04074392460065
H            3.67849317537389       -1.17460927787425       -2.62785196204714
H            5.24895324372631       -0.59823615163190       -0.82219359830473
H            5.25776607292713       -2.29141759714110       -0.24904242859319
H            1.06032684822986       -0.27395883931010        3.22063151190741
H            0.15508714614453       -0.58153193313955        1.72047419127874
H            1.56954443057417       -2.58311555816611        1.26281436891050
H            2.48778443574198       -2.28143464661977        2.74466905332446
H            0.77367381429843       -2.72252392389210        2.83970326370048
H           -0.44077062188672        0.83274934288367       -2.28190196465278
H            1.10701277930594        1.61070227907925       -1.79144858539099
H           -4.78643819023081        2.62328331559569        1.49568745840253
H           -4.95941741429457        1.91793742639601       -0.13719671336690
H           -6.22026200895781        0.61396225110767        1.61700295409164
H           -4.99008662315980       -0.35200913636383        0.78963089805043
H           -4.67904363611716        0.26812424229654        2.42341184071173
H           -2.68464631824193       -2.00004602579295       -0.58098824976918
H           -1.08677983927926       -2.22657859065669        0.16569433802277
H           -2.68169196790692       -3.82466292708692        1.16313932044805
H           -2.20679752434472       -2.63103940818863        2.38285652750026
H           -3.78570866697196       -2.51151823605331        1.59773879892503
41
 energy: -65.050001635686 gnorm: 0.001900780437 xtb: 6.7.1 (edcfbbe)
C            4.20489750019834       -1.97412386147266       -2.12013793505924
C            4.66489300261258       -1.52155874791293       -0.74945307738858
O            3.56531907761911       -1.29734963512480        0.15232928782241
P            2.61898876567909       -0.02349502927348        0.07539139378644
S            3.48762484994922        1.62201603669292       -0.52718860525185
O            2.09148052176448        0.12108593858165        1.55375838019403
C            1.11895455589814       -0.71294142524854        2.22727590148067
C            1.51667381817017       -2.17228998535391        2.26701109525660
S            0.95171288486428       -0.67834544201436       -1.09348429631398
C            0.29023233803380        0.95798505604248       -1.48576544564310
S           -0.50504140690198        1.77988557946749       -0.07185913401953
P           -2.34069600335487        0.71769092322529       -0.12332705836566
S           -3.11119428860493        0.33197143068319       -1.88506566276354
O           -3.12698452323616        1.71890316459703        0.81399609495399
C           -4.57086077186683        1.75267299857853        0.87494441809148
C           -5.15086066109779        0.48517276707363        1.46732202176915
O           -2.11497985253247       -0.56020885911693        0.79740251245787
C           -2.12100355463208       -1.93423386597635        0.35489179881915
C           -2.74247586557746       -2.77939451935738        1.44843771383770
H            5.07408159142033       -2.24019605633768       -2.71438923799259
H            3.54958064373523       -2.83701699509271       -2.03696678900003
H            3.66890405463162       -1.17062666048089       -2.62239963867749
H            5.24784036401014       -0.59790251169793       -0.82314869745280
H            5.25520308875782       -2.29220072353510       -0.25129553750451
H            1.06966078554662       -0.27800861831564        3.22702552985525
H            0.15439676063001       -0.57899068454978        1.73134119778757
H            1.56537649045494       -2.58076036288177        1.25923550763203
H            2.48999704943604       -2.28462991636028        2.73746643945766
H            0.77620257014765       -2.72384748011117        2.83912346999326
H           -0.43807276948071        0.82468526156904       -2.28574584066415
H            1.10847123288866        1.60834089418571       -1.79791937098315
H           -4.78241668542451        2.62286596611389        1.49817372503640
H           -4.95546875851383        1.91966287054392       -0.13619666460138
H           -6.21908193192663        0.61526516136771        1.61474368202919
H           -4.98879804144633       -0.35077261912307        0.78802089279396
H           -4.67941501776093        0.26732579888853        2.42248091842832
H           -2.68442758103937       -1.99921310811580       -0.58142409480869
H           -1.08613276178725       -2.22889562035986        0.16410088358427
H           -2.68161172418257       -3.82457556775729        1.16277334493029
H           -2.20675843742709       -2.63059152432644        2.38179687696961
H           -3.78482662788970       -2.51108055639186        1.59638688648446
41
 energy: -65.050011216902 gnorm: 0.001310402958 xtb: 6.7.1 (edcfbbe)
C            4.19897516864255       -1.97171920009717       -2.11775539362974
C            4.66480395360283       -1.52172775882452       -0.74830618721722
O            3.56930693958509       -1.29557268521308        0.15749748934767
P            2.62074102703652       -0.02306542554163        0.07826981303157
S            3.48753234686923        1.62377466167023       -0.52375959429124
O            2.09113843183268        0.12122272975240        1.55627658886282
C            1.12113061675415       -0.71393451690129        2.23104747833901
C            1.51649661546281       -2.17390904690313        2.26391291211628
S            0.95432886636319       -0.67810387273375       -1.09117687906789
C            0.28889028415895        0.95554905839290       -1.48964730077448
S           -0.50675638029006        1.78175488236402       -0.07872070210978
P           -2.34103299429096        0.71695227828565       -0.12652304764909
S           -3.11843680777769        0.32802172950566       -1.88446168803465
O           -3.12574202618846        1.71731656836583        0.81467007409813
C           -4.56935863456003        1.75243180875327        0.87620490496845
C           -5.15084629664962        0.48487905936872        1.46712723130520
O           -2.10986987622168       -0.55951020832492        0.79530090470784
C           -2.11835303504186       -1.93340699965661        0.35352624534940
C           -2.74149604061681       -2.77732770921080        1.44737707676830
H            5.06505234079999       -2.23867975391285       -2.71530443606679
H            3.54207373990769       -2.83280539980701       -2.03287385927998
H            3.66290533711633       -1.16632934584685       -2.61632504621417
H            5.24928155290078       -0.59937303375403       -0.82323658952739
H            5.25397111663736       -2.29465734996445       -0.25247979829155
H            1.07832569036281       -0.28248629770570        3.23217682678012
H            0.15468185069449       -0.57634712308952        1.73997367561731
H            1.55972886824040       -2.57882796637037        1.25483894384783
H            2.49201499550558       -2.28882036485033        2.72859383764798
H            0.77837372985844       -2.72548658750113        2.83842994949955
H           -0.43786474929578        0.81653345662641       -2.29025957897551
H            1.10692299804872        1.60564703464098       -1.80182317347763
H           -4.77885299645422        2.62183272038691        1.50120510460166
H           -4.95454577714013        1.92071842610280       -0.13421997917106
H           -6.21873423567910        0.61575437288647        1.61328781004214
H           -4.98828309003358       -0.34993786390159        0.78697273685750
H           -4.68042966477527        0.26595023303422        2.42214493439264
H           -2.68183197527619       -1.99748057137573       -0.58271005317157
H           -1.08398018533766       -2.22954935542099        0.16350451679310
H           -2.68163844046099       -3.82217481891687        1.16213992922014
H           -2.20607021998777       -2.62762984314653        2.38033872631095
H           -3.78316836253794       -2.50719644984313        1.59442848340571
41
 energy: -65.050014943888 gnorm: 0.000825051915 xtb: 6.7.1 (edcfbbe)
C            4.19841656531778       -1.97117985867431       -2.11708359343182
C            4.66447183518544       -1.52176305921895       -0.74724210844922
O            3.56928932863897       -1.29415827928015        0.15752873990807
P            2.61987959063843       -0.02214362790670        0.07761632236082
S            3.48726202390778        1.62436635830090       -0.52403142463937
O            2.09191553211021        0.12098366905042        1.55639493219472
C            1.12215533669014       -0.71361087003766        2.23124911119048
C            1.51626344624487       -2.17438084522367        2.26217182643565
S            0.95297217590281       -0.68174144246247       -1.08947543381332
C            0.29023095533902        0.95364766544671       -1.48906425857877
S           -0.50792477964354        1.78300484231259       -0.08132850963636
P           -2.34177693054709        0.71730929279945       -0.12736689588591
S           -3.12011017929834        0.32707492637973       -1.88440085819745
O           -3.12703313501733        1.71669665364809        0.81491098741167
C           -4.57008597296872        1.75231579006550        0.87707769118994
C           -5.15171272741015        0.48417960863111        1.46774215903926
O           -2.10818856338519       -0.55850112755228        0.79475543767247
C           -2.11670040175196       -1.93180855911317        0.35318084422010
C           -2.74098901853500       -2.77554396144833        1.44697583376242
H            5.06406069151881       -2.23942778459450       -2.71462683284586
H            3.54001453004543       -2.83122054768375       -2.03212985926497
H            3.66373368809772       -1.16463943385519       -2.61531186138171
H            5.25084564038612       -0.60059136367602       -0.82250723376982
H            5.25293645509748       -2.29557378080615       -0.25181553093893
H            1.08026372968619       -0.28377388896951        3.23304814068758
H            0.15488364930431       -0.57537346529333        1.74150248384894
H            1.55663193207130       -2.57822053184487        1.25251265888751
H            2.49295580944788       -2.29038838869354        2.72427095143216
H            0.77924200926962       -2.72619321549096        2.83791084722510
H           -0.43577236694033        0.81397725999791       -2.29044511139923
H            1.10870533868159        1.60306263101092       -1.80157031539451
H           -4.77958074971014        2.62132157112720        1.50265651814768
H           -4.95649205435470        1.92096669282838       -0.13285428563077
H           -6.21971418807629        0.61475007970205        1.61349188174607
H           -4.98861454308561       -0.35027761491760        0.78718330501041
H           -4.68146891152691        0.26503183543987        2.42284459394693
H           -2.67934117425303       -1.99660938634812       -0.58358784969722
H           -1.08232116676846       -2.22887123284008        0.16411398365241
H           -2.68185263975844       -3.82043086564744        1.16186187829060
H           -2.20557149084803       -2.62582099098127        2.37999517198256
H           -3.78249458793780       -2.50416528285830        1.59350854967328
41
 energy: -65.050016757296 gnorm: 0.000505501547 xtb: 6.7.1 (edcfbbe)
C            4.19886624957350       -1.97111976078229       -2.11671352750926
C            4.66478433901800       -1.52227659669636       -0.74634646171103
O            3.56984828585951       -1.29423312174470        0.15803659776759
P            2.61985003362080       -0.02272090759510        0.07811159323442
S            3.48459331699881        1.62392497447045       -0.52675147076556
O            2.09293087139971        0.12047147919492        1.55716186044726
C            1.12253207111573       -0.71334584896295        2.23146309770896
C            1.51605667979854       -2.17456591263571        2.26147565539127
S            0.95277486772005       -0.68044478384696       -1.08881513648789
C            0.28925659933414        0.95392553592408       -1.48982690052176
S           -0.50846720518843        1.78366485734910       -0.08174781631580
P           -2.34175245949084        0.71749525294140       -0.12706455688454
S           -3.11891532374103        0.32766619420105       -1.88463463396531
O           -3.12759332440738        1.71638681802846        0.81507622822180
C           -4.57034947463549        1.75233173824083        0.87734497270778
C           -5.15192930993355        0.48388066446238        1.46795072928460
O           -2.10732994788334       -0.55834662497327        0.79470105325947
C           -2.11593839616038       -1.93140560781516        0.35331448488338
C           -2.74099909096514       -2.77489321577782        1.44696713667948
H            5.06458858239900       -2.24020944184944       -2.71410273781106
H            3.53953907647271       -2.83070525442786       -2.03221904302540
H            3.66513564858683       -1.16394954242668       -2.61527860436534
H            5.25219932124014       -0.60161070825064       -0.82155603939355
H            5.25321804247789       -2.29639136830130       -0.25122464253478
H            1.08029688223016       -0.28417596106251        3.23364323963328
H            0.15517907352016       -0.57480207144936        1.74188101718370
H            1.55498842273368       -2.57813004407163        1.25150804222425
H            2.49324760523012       -2.29121249351093        2.72252560740146
H            0.77938618788114       -2.72659150490718        2.83761025310467
H           -0.43665907842944        0.81472660314254       -2.29131183228391
H            1.10821901389409        1.60270991264678       -1.80256248900553
H           -4.78036039252856        2.62124482897978        1.50291904411876
H           -4.95723273428362        1.92119531405675       -0.13252701163800
H           -6.22015865207754        0.61409638252487        1.61357140853963
H           -4.98857925285013       -0.35067891484980        0.78738610435073
H           -4.68180674837183        0.26477190736387        2.42328921233404
H           -2.67795099285928       -1.99672265246168       -0.58390353339913
H           -1.08151975938786       -2.22912165955090        0.16477956028507
H           -2.68239368126755       -3.82002300121586        1.16201411349671
H           -2.20563275781688       -2.62561256371629        2.38026987276800
H           -3.78253790706163       -2.50292342932241        1.59324843955310
41
 energy: -65.050017316602 gnorm: 0.000238196677 xtb: 6.7.1 (edcfbbe)
C            4.19838480825127       -1.97074514955458       -2.11660710088431
C            4.66454313407971       -1.52230745607180       -0.74631645159627
O            3.56972598900952       -1.29368807668082        0.15833135589834
P            2.61981382937134       -0.02215543225580        0.07823451673726
S            3.48485832060035        1.62445615405829       -0.52633180999082
O            2.09293866222726        0.12101347053509        1.55736391951913
C            1.12271205638956       -0.71336110122368        2.23164338893516
C            1.51597411962094       -2.17453097537421        2.26099210347887
S            0.95258963135632       -0.68055785703867       -1.08830555208296
C            0.28904870551412        0.95355914607768       -1.48991565279061
S           -0.50822590625587        1.78409770062873       -0.08193384311621
P           -2.34138687974669        0.71743117857358       -0.12740908013316
S           -3.11946892150295        0.32746271869536       -1.88459072315043
O           -3.12705988103769        1.71623053506683        0.81498364396915
C           -4.56995382460988        1.75219126448580        0.87738202374333
C           -5.15164179039952        0.48387968646648        1.46782479097162
O           -2.10640918117641       -0.55845777712924        0.79427508231450
C           -2.11568317093542       -1.93183576140282        0.35336094437413
C           -2.74119484152050       -2.77481363271916        1.44696358123020
H            5.06404685800938       -2.24039777300215       -2.71385202900386
H            3.53857857255080       -2.82997100079016       -2.03227909843738
H            3.66522239251295       -1.16332409437555       -2.61533983659996
H            5.25242393283756       -0.60190560581807       -0.82120636621508
H            5.25240724446112       -2.29684388718883       -0.25119054435813
H            1.08104620927955       -0.28461336395785        3.23406572467771
H            0.15528470398715       -0.57426228074426        1.74255869342390
H            1.55403876077096       -2.57802539662442        1.25098866098483
H            2.49341669708517       -2.29157379443735        2.72133746421473
H            0.77952252333765       -2.72642730412085        2.83755866480717
H           -0.43702266978142        0.81412307447596       -2.29118381078919
H            1.10784448278569        1.60234783027944       -1.80316931803574
H           -4.77980964089086        2.62106203324742        1.50308706620662
H           -4.95674210838399        1.92136997387022       -0.13249129692312
H           -6.21990321845145        0.61413567455203        1.61333989760149
H           -4.98833237613150       -0.35077975677792        0.78738913986060
H           -4.68176301845937        0.26475593203358        2.42328150236140
H           -2.67754044757337       -1.99697519976064       -0.58395780261192
H           -1.08130479289734       -2.22977984887759        0.16508122084877
H           -2.68295761978803       -3.82004769895676        1.16215213601627
H           -2.20596104551160       -2.62584128165558        2.38040377485017
H           -3.78267561721969       -2.50261539518526        1.59314390665540
41
 energy: -65.050017243511 gnorm: 0.000389342895 xtb: 6.7.1 (edcfbbe)
C            4.19788241645564       -1.97034808298610       -2.11649480075756
C            4.66429077522089       -1.52234393658121       -0.74628119676519
O            3.56959949908951       -1.29311669596766        0.15864435480212
P            2.61977527674422       -0.02156550715564        0.07836721009498
S            3.48512142571449        1.62501337700476       -0.52590242829955
O            2.09294821660120        0.12158294569165        1.55758029825711
C            1.12289916030301       -0.71337419651663        2.23183450169079
C            1.51588228471560       -2.17449279116671        2.26047601505309
S            0.95240582069868       -0.68066944794931       -1.08778178821021
C            0.28884881475109        0.95318009886922       -1.49002523441316
S           -0.50798242470596        1.78453924110688       -0.08215523866103
P           -2.34100935886082        0.71736318756577       -0.12775612736787
S           -3.12003534220184        0.32725036353881       -1.88453780111505
O           -3.12650800515793        1.71606348503944        0.81489908213582
C           -4.56954519337518        1.75204245420390        0.87742865753440
C           -5.15134203079071        0.48387403555637        1.46769635541864
O           -2.10543353316233       -0.55857727625852        0.79383402996283
C           -2.11541160283647       -1.93229015421985        0.35341470528113
C           -2.74140798877335       -2.77472810125191        1.44696242052958
H            5.06348066743718       -2.24060234047594       -2.71358395554990
H            3.53756063997336       -2.82918646604332       -2.03234478174923
H            3.66532976611326       -1.16265522841230       -2.61540456482707
H            5.25266579684274       -0.60222290947496       -0.82083274892448
H            5.25154914113423       -2.29732916737282       -0.25115142604715
H            1.08183491221552       -0.28507324702680        3.23451145560774
H            0.15539417317789       -0.57368656550126        1.74327172865721
H            1.55302938228034       -2.57791072284946        1.25043338938199
H            2.49359230714287       -2.29195394304069        2.72007311668348
H            0.77966483331550       -2.72625243563151        2.83750203090630
H           -0.43738903399936        0.81348831780483       -2.29106171872282
H            1.10746571810040        1.60197753908434       -1.80381949229776
H           -4.77923485441485        2.62086820564716        1.50327250630387
H           -4.95622913190730        1.92155188379078       -0.13244723356087
H           -6.21963676332599        0.61416998056752        1.61309735435336
H           -4.98806921252304       -0.35088635884056        0.78739273751587
H           -4.68171879095465        0.26473399916772        2.42327639238403
H           -2.67710168754167       -1.99724032675703       -0.58401235986292
H           -1.08107640485057       -2.23048039465397        0.16540957346783
H           -2.68356449901727       -3.82007040335876        1.16229742034686
H           -2.20631503910849       -2.62608264870148        2.38054755132517
H           -3.78282544875499       -2.50228029512225        1.59303289639921
41
 energy: -65.050017584809 gnorm: 0.000136864049 xtb: 6.7.1 (edcfbbe)
C            4.19817524315392       -1.97033732937583       -2.11649973497652
C            4.66435034805172       -1.52246506856565       -0.74612446901701
O            3.56964048036073       -1.29323286924684        0.15856636882703
P            2.61967594468640       -0.02182080548782        0.07832924722092
S            3.48468223762901        1.62482388057425       -0.52633766244771
O            2.09305241127697        0.12138574128747        1.55758521120411
C            1.12284285266004       -0.71326553176474        2.23174276646697
C            1.51574249407412       -2.17446081627749        2.26028956768097
S            0.95245443615604       -0.68058414665317       -1.08806951286684
C            0.28920657503857        0.95332102446072       -1.49019354455300
S           -0.50825524403970        1.78425631606492       -0.08251800072171
P           -2.34121526720814        0.71735787055014       -0.12740410789952
S           -3.11971275352634        0.32714173360723       -1.88436529141524
O           -3.12686013024359        1.71595750082346        0.81511983375475
C           -4.56977670178157        1.75198318791938        0.87757669450131
C           -5.15148216861349        0.48372703010681        1.46785294836536
O           -2.10529606455126       -0.55856433475530        0.79401142249658
C           -2.11528937651615       -1.93215883878659        0.35352975252512
C           -2.74154564021792       -2.77458398513867        1.44701424104240
H            5.06379659436031       -2.24084107510127       -2.71339691794691
H            3.53750633985787       -2.82888789907910       -2.03242958266611
H            3.66599449744305       -1.16240078536955       -2.61541933200118
H            5.25282950541120       -0.60242437506221       -0.82070105113118
H            5.25145176925013       -2.29754973521006       -0.25095557641044
H            1.08169616402968       -0.28496995405563        3.23437452125317
H            0.15537427044099       -0.57355417444850        1.74301454216787
H            1.55282428142806       -2.57777117579842        1.25020638511353
H            2.49352867342881       -2.29186441952241        2.71970234323405
H            0.77965031147639       -2.72619506236224        2.83745247098034
H           -0.43705819435808        0.81355702569730       -2.29120659586600
H            1.10785601547461        1.60213798107360       -1.80371752480806
H           -4.77941246157623        2.62081013353803        1.50342131541607
H           -4.95648337601402        1.92135500698523       -0.13228940366213
H           -6.21974792188645        0.61393744815769        1.61317318640492
H           -4.98799520493336       -0.35089720335455        0.78744862026631
H           -4.68177361375404        0.26462931326225        2.42337015837875
H           -2.67686079681452       -1.99710330130496       -0.58397444616517
H           -1.08097601556718       -2.23054570962058        0.16570154640564
H           -2.68386946766553       -3.81984517944186        1.16223663302502
H           -2.20646143972392       -2.62594748188597        2.38056411108783
H           -3.78287492493232       -2.50183046511660        1.59298175369731
41
 energy: -65.050017662995 gnorm: 0.000096486917 xtb: 6.7.1 (edcfbbe)
C            4.19846589041930       -1.97027748416240       -2.11653293468541
C            4.66446639913294       -1.52261830243041       -0.74597487010276
O            3.56962498870970       -1.29328480697853        0.15846026117468
P            2.61968981187632       -0.02189455014554        0.07820233545658
S            3.48459585309082        1.62471935133310       -0.52664269669891
O            2.09312388546338        0.12137811144682        1.55747353486842
C            1.12274181866006       -0.71310262565694        2.23155322450137
C            1.51556922748243       -2.17435971708320        2.26009522537276
S            0.95231691131900       -0.68050133563363       -1.08801473297116
C            0.28915677670014        0.95341139849955       -1.49013507993028
S           -0.50837321627824        1.78441572681384       -0.08249141187163
P           -2.34116742067133        0.71724890210501       -0.12724673262655
S           -3.11953562499359        0.32699036718857       -1.88425210190505
O           -3.12689081923267        1.71578804747001        0.81518047835914
C           -4.56978625231650        1.75189728248194        0.87763956685710
C           -5.15146059228579        0.48357774193686        1.46794386022988
O           -2.10494610494861       -0.55862878282876        0.79406498591811
C           -2.11518993248173       -1.93220255215979        0.35363927974790
C           -2.74183199886476       -2.77445722509971        1.44709622394195
H            5.06412612743950       -2.24116574596165       -2.71321694503621
H            3.53734701276281       -2.82851285758679       -2.03264748768601
H            3.66680400789204       -1.16205114342900       -2.61557382216998
H            5.25314939108107       -0.60270756639363       -0.82041836646056
H            5.25136142085206       -2.29784766503897       -0.25077792174405
H            1.08148030006335       -0.28483059675628        3.23416599481416
H            0.15529534102093       -0.57338141180873        1.74270084889805
H            1.55246958878971       -2.57764910918673        1.24998777271989
H            2.49345736229662       -2.29175351109804        2.71932944338134
H            0.77959651347848       -2.72610865303284        2.83739466153649
H           -0.43702771073332        0.81379946143574       -2.29125517040507
H            1.10789128266088        1.60219627844789       -1.80349501175313
H           -4.77942293905651        2.62073453462876        1.50346149205743
H           -4.95654599887658        1.92119898941199       -0.13220520122108
H           -6.21973893484264        0.61372886888138        1.61319186675511
H           -4.98786806944835       -0.35100892444115        0.78750237946431
H           -4.68175757107492        0.26449367263690        2.42347580059737
H           -2.67659272101324       -1.99711673821470       -0.58396670557945
H           -1.08091011649605       -2.23086039187394        0.16604332626773
H           -2.68443595726604       -3.81971894706672        1.16229789480433
H           -2.20676909559211       -2.62592797622210        2.38067790627444
H           -3.78309415295375       -2.50133064310568        1.59293171581035
