----------------------------------------------- 
  Element       SASA      Sigma Z        Total  
     Z         Ang**2 cal/Ang**2/mol   kcal/mol 
----------------------------------------------- 
      H         48.802      48.690       2.376
      C          8.487     129.740       1.101
      Cl        39.686       9.820       0.390
      Br        45.360      -8.720      -0.396

 Subtotal:     142.336                   3.471
 -----------------------------------------------

  Elements    COT*SASA   Sigma Z,Z'     Total   
    Z,Z'       Ang**2  cal/Ang**2/mol kcal/mol  
 ---------------------------------------------- 
  H   C         32.897     -60.770      -1.999
  C   C          5.296     -72.950      -0.386

 Subtotal:                              -2.385
 ---------------------------------------------- 

 NONAQUEOUS SOLVENT CONTRIBUTION (kcal/mol):
 (proportional to SASA, atomic number independent)
 ---------------------------------------------- 
 Subtotal:                               0.000
 ---------------------------------------------- 

 CDS TOTAL (kcal/mol):                   1.086
...............................................................................
