----------------------------------------------- 
  Element       SASA      Sigma Z        Total  
     Z         Ang**2 cal/Ang**2/mol   kcal/mol 
----------------------------------------------- 
      H        221.663      48.690      10.793
      C         56.441     129.740       7.323
      O         37.232       0.000       0.000
      P          2.274       0.000       0.000
      S         93.343      -9.100      -0.849

 Subtotal:     410.953                  17.266
 -----------------------------------------------

  Elements    COT*SASA   Sigma Z,Z'     Total   
    Z,Z'       Ang**2  cal/Ang**2/mol kcal/mol  
 ---------------------------------------------- 
  H   C        149.452     -60.770      -9.082
  H   O          0.000       0.000       0.000
  C   C         32.302     -72.950      -2.356
  O   C          0.000      68.690       0.000
  O   O          0.000       0.000       0.000
  O   P         25.813      68.850       1.777

 Subtotal:                              -9.661
 ---------------------------------------------- 

 NONAQUEOUS SOLVENT CONTRIBUTION (kcal/mol):
 (proportional to SASA, atomic number independent)
 ---------------------------------------------- 
 Subtotal:                               0.000
 ---------------------------------------------- 

 CDS TOTAL (kcal/mol):                   7.605
...............................................................................
