----------------------------------------------- 
  Element       SASA      Sigma Z        Total  
     Z         Ang**2 cal/Ang**2/mol   kcal/mol 
----------------------------------------------- 
      H         51.120      48.690       2.489
      C         51.833     129.740       6.725
      N         13.521       0.000       0.000
      Cl        39.685       9.820       0.390

 Subtotal:     156.159                   9.604
 -----------------------------------------------

  Elements    COT*SASA   Sigma Z,Z'     Total   
    Z,Z'       Ang**2  cal/Ang**2/mol kcal/mol  
 ---------------------------------------------- 
  H   C         34.545     -60.770      -2.099
  C   C         56.646     -72.950      -4.132
  C   N          9.109       0.000       0.000
  N   C         42.181     -48.220      -2.034
  N  C(3)        0.000      84.100       0.000

 Subtotal:                              -8.266
 ---------------------------------------------- 

 NONAQUEOUS SOLVENT CONTRIBUTION (kcal/mol):
 (proportional to SASA, atomic number independent)
 ---------------------------------------------- 
 Subtotal:                               0.000
 ---------------------------------------------- 

 CDS TOTAL (kcal/mol):                   1.338
...............................................................................
