41
 energy: -65.051301599047 gnorm: 0.048766632526 xtb: 6.7.1 (edcfbbe)
C            4.68526843224580        2.29526755805232       -0.90449750955984
C            4.87343953843480        0.80354258376995       -0.76508999123112
O            3.61488901104841        0.06961550363635       -0.91736673453367
P            2.51146005776555       -0.08297973360627        0.24213863531670
S            3.12849785137439       -0.01917826434014        2.08907169250382
O            1.76447733861393       -1.41935050609513       -0.23085066639244
C            1.91377168581455       -2.70489323150907        0.44875967454291
C            3.17248696047147       -3.41322325261046        0.00926658599081
S            1.12452871430891        1.41398495798458       -0.34200845159609
C           -0.00645508739087        1.38705216419901        1.09733229449549
S           -1.01983895162815       -0.11583850135777        1.41659577808136
P           -2.27569903721616       -0.23821089192748       -0.29744134047486
S           -1.66942814936022       -1.27355987507548       -1.82782665223601
O           -2.57932221496801        1.32182619160057       -0.53397217063226
C           -2.98913872401300        1.83068679366352       -1.85287277626155
C           -4.41104028404249        1.44098676244870       -2.18522760832100
O           -3.61358422305204       -0.90048239800450        0.30329834594755
C           -4.40994406255948       -0.25900926582400        1.36359381326328
C           -5.83840488560581       -0.70816173880775        1.17800705100084
H            4.12302357794941        2.71206285314025       -0.06418259544082
H            5.67391729982304        2.76563620010612       -0.92091934279938
H            4.17278577800696        2.54193253044373       -1.83965183838834
H            5.31689062881977        0.53667877571129        0.19983244801442
H            5.50042631866724        0.40505248302793       -1.56520643321860
H            1.89603079019149       -2.53591066789729        1.53096543523545
H            1.01598248187266       -3.25978426013359        0.16337368835058
H            4.06789403949043       -2.87529291979425        0.33855489107173
H            3.18653428521681       -4.41181591178818        0.45761724505955
H            3.20044803563101       -3.52164308701884       -1.08016404152475
H           -0.66163977555714        2.25323993709012        0.97084854282342
H            0.58024650350588        1.51908685278306        2.01427486922278
H           -2.87547478900325        2.91235040070233       -1.75862934648942
H           -2.27912601340089        1.45708405743370       -2.59749923911423
H           -4.68961153629209        1.92303839782192       -3.12910917755936
H           -4.50874208036092        0.35877424265662       -2.31605473611553
H           -5.10645497592349        1.77669647854077       -1.40872164562622
H           -4.00455273238751       -0.58635384892686        2.32544012963959
H           -4.31719935172691        0.82810280232673        1.28145050121571
H           -5.91710458302436       -1.79870418237918        1.23225491642689
H           -6.44819647305606       -0.27768528296384        1.97996906107101
H           -6.23504228750430       -0.36673568704015        0.21668801877750
41
 energy: -65.054998122452 gnorm: 0.023928282434 xtb: 6.7.1 (edcfbbe)
C            4.67651355424997        2.28849395129480       -0.90054872387958
C            4.86037893603999        0.79497292147436       -0.75766199950679
O            3.61643499699631        0.05864006917036       -0.91098383351564
P            2.49931059626152       -0.07534196877269        0.22946213994789
S            3.12925859753236       -0.03431174033412        2.08390846550365
O            1.75463939059688       -1.41058476854500       -0.23071347852759
C            1.91097691782931       -2.68750612695661        0.44309483978945
C            3.16907077582818       -3.40344679651544        0.00948754795426
S            1.06010973887955        1.34195619339549       -0.37566195935190
C           -0.00312815757389        1.39826881992916        1.10541022196102
S           -0.99722307229312       -0.10487178252375        1.40292458416772
P           -2.27033068263699       -0.22603203214313       -0.29201516362515
S           -1.65507531921682       -1.24984509458294       -1.83625026293227
O           -2.57937997572809        1.32796553311870       -0.53313492177035
C           -2.98323354730367        1.82722447321759       -1.84321763392504
C           -4.40393518158535        1.44007916759760       -2.18230403706412
O           -3.60071860080797       -0.88982705336005        0.30481433702617
C           -4.40025783640785       -0.26175963078330        1.35563447705341
C           -5.83535907124768       -0.70454079752857        1.17977850258466
H            4.10370937281494        2.69248659165708       -0.06659471867653
H            5.65736560716159        2.76248122641734       -0.91253903945169
H            4.16092245263510        2.52480854927908       -1.82966852425731
H            5.29152461287892        0.54065019398628        0.21536420745910
H            5.48838691179245        0.39364502285420       -1.55537804957049
H            1.90416394136428       -2.51292792721954        1.52401675781037
H            1.01359563604284       -3.24077535715990        0.15692357362968
H            4.05425956422818       -2.85648993651686        0.33510479589300
H            3.18630721531497       -4.39611851899503        0.45729924946293
H            3.19432759280996       -3.50392862774403       -1.07430118108626
H           -0.66642238615061        2.25038600562002        0.96838300505934
H            0.60715312425971        1.51109037455181        2.00451753911106
H           -2.86846452902640        2.90779970061372       -1.74754587988150
H           -2.27858728836347        1.44210430120671       -2.58559352827095
H           -4.68265035110306        1.91226674818459       -3.12369607215749
H           -4.49036232671615        0.35901097065370       -2.29683202574824
H           -5.09107735322406        1.77389157460444       -1.40637406137912
H           -3.99095771415842       -0.59047656613655        2.31345795625769
H           -4.30013171214880        0.82253840496361        1.26971829955204
H           -5.90597728835252       -1.78917778432055        1.22683993845846
H           -6.44197215705403       -0.27696543454117        1.97672110645439
H           -6.22616587323876       -0.37194782907222        0.22019486997753
41
 energy: -65.056332121867 gnorm: 0.010221385469 xtb: 6.7.1 (edcfbbe)
C            4.65222770738493        2.27704030512364       -0.89429636258860
C            4.83491428372688        0.78119142907983       -0.74619479120598
O            3.60270627212785        0.04582649715846       -0.90430799162777
P            2.46784691663084       -0.07342400374911        0.21158484420300
S            3.09486631120904       -0.01546440561737        2.06956515965544
O            1.73358974148053       -1.41342488854175       -0.23102905953142
C            1.90293684688048       -2.67847143878272        0.43920879279019
C            3.16700121526430       -3.38889673431137        0.00601426610972
S            1.03027189193240        1.33421598257238       -0.41285958461055
C            0.00122069792718        1.38622084287812        1.08691451726338
S           -0.99292367641751       -0.10148100106634        1.42000074176518
P           -2.25356555578779       -0.21298211592843       -0.28642939085876
S           -1.64212005200223       -1.22392265241480       -1.84273313721232
O           -2.56988567328876        1.33523196730334       -0.52899856381354
C           -2.96908294558103        1.82662263996336       -1.83008098981487
C           -4.39101480443905        1.43737642487702       -2.17111604501312
O           -3.57536760239273       -0.87832563852552        0.30648776736649
C           -4.37925203340030       -0.26179022135152        1.34870090262942
C           -5.81862801269124       -0.70355967880841        1.17496600057223
H            4.07006615815433        2.67172358059710       -0.06479233279234
H            5.62818022894946        2.75216093956833       -0.89925259080732
H            4.13869586783726        2.50601656814335       -1.82272205049547
H            5.25810473436628        0.53878119482032        0.23340571815056
H            5.46971884483738        0.37978462315767       -1.53833904394764
H            1.90582193357486       -2.49849859609661        1.51924136435813
H            1.00889744494172       -3.23744369627411        0.15695392622772
H            4.04201080220432       -2.82940065288664        0.33003410525944
H            3.19079088868631       -4.37621272434045        0.45545772763535
H            3.18981287682084       -3.48472378082589       -1.07477013666134
H           -0.66057284206269        2.23655930204041        0.96100555061734
H            0.63320968568453        1.49271086219918        1.96834166438247
H           -2.85475684325580        2.90716463625041       -1.73985419545901
H           -2.27099311087988        1.43310125471608       -2.57386732770678
H           -4.66920369104034        1.89782774466041       -3.11339030477137
H           -4.46750759263126        0.35580267147127       -2.27126418985271
H           -5.07456789732994        1.77249531778060       -1.39718570132685
H           -3.97414565385605       -0.59177246190768        2.30698060704292
H           -4.28114616962954        0.82230487294648        1.26548277972256
H           -5.88402894935125       -1.78522448155116        1.21903080865213
H           -6.42079340992265       -0.27681463011879        1.96960179516822
H           -6.20633572348246       -0.37444083417018        0.21654607106164
41
 energy: -65.056858659849 gnorm: 0.006678431915 xtb: 6.7.1 (edcfbbe)
C            4.62431744601451        2.26431339937271       -0.88923610138035
C            4.81644508379671        0.76751540734017       -0.73890009712643
O            3.59307670770908        0.02992794727775       -0.90354365986108
P            2.44730695969940       -0.07778324515252        0.19566175909657
S            3.04999891347601        0.01260499196286        2.06076753581497
O            1.71156294432855       -1.41646828250056       -0.23215379089417
C            1.89092045284141       -2.67475160772263        0.43696094270065
C            3.16310395335550       -3.37329653820735        0.00047812595684
S            1.01193774164841        1.32745699032071       -0.43802617367660
C            0.00757562089051        1.39282451162768        1.07586196489969
S           -0.98752924608007       -0.08906183745312        1.41752239525403
P           -2.24601709292376       -0.21522801844822       -0.28776700551823
S           -1.62327370651472       -1.21356534149203       -1.84590802288364
O           -2.55872945245982        1.33272965511336       -0.52220984292694
C           -2.95202344774343        1.82690487009121       -1.81743961478990
C           -4.37654342762247        1.43564432005762       -2.15761350427839
O           -3.56293390763312       -0.87827788851779        0.30298570039451
C           -4.36179175869678       -0.26424163156827        1.34476866678825
C           -5.80248968016737       -0.70571870959484        1.16799075866399
H            4.03306315891462        2.65280286858275       -0.06250325728449
H            5.59692642021536        2.74454670448924       -0.88586540087190
H            4.11522492251345        2.48895138046143       -1.82140240396323
H            5.23493754832879        0.53328072182636        0.24521754204321
H            5.46215660385916        0.36994278652406       -1.52404169087556
H            1.89967004911292       -2.49578234764728        1.51760671083581
H            1.00185326737060       -3.24465978458397        0.16133830223226
H            4.03161485192735       -2.80291573012016        0.32428926986101
H            3.19656125068299       -4.35892277487335        0.45137740316724
H            3.18499509047593       -3.46787136018812       -1.08054890923573
H           -0.65091749906948        2.24739887874492        0.96358384378373
H            0.66033565172599        1.49551945467318        1.94296305460047
H           -2.83756164334194        2.90799158488349       -1.73327719487137
H           -2.25893693302058        1.43195668623378       -2.56579512991904
H           -4.65383612037605        1.88730009831527       -3.10359962798826
H           -4.44899934050911        0.35265755635963       -2.24889015333008
H           -5.06049030200551        1.77498703168866       -1.38549916842852
H           -3.96163400342465       -0.59635284161697        2.30479789676331
H           -4.26699481559170        0.82132240269927        1.26786503319187
H           -5.86656323673430       -1.78781133725322        1.21146233851367
H           -6.40129107642468       -0.27776423757055        1.96365241677024
H           -6.18802883736854       -0.37422171409660        0.20911040930726
41
 energy: -65.057063017890 gnorm: 0.005320163812 xtb: 6.7.1 (edcfbbe)
C            4.60208094089217        2.25416941861022       -0.88582723045427
C            4.80195426901367        0.75792964734441       -0.73402199501552
O            3.58164151360793        0.01695146265925       -0.90187077823338
P            2.43145349599703       -0.07966550294239        0.19021091957713
S            3.02581305891246        0.02296239107907        2.05709393666819
O            1.68963190176568       -1.41542383299413       -0.22822335755086
C            1.88116059180167       -2.67376208121319        0.43757348936675
C            3.15912058747612       -3.36025016723227       -0.00422627090430
S            0.99983082086224        1.32551829831171       -0.45988917454547
C            0.01100807868980        1.39697135222739        1.06397930485515
S           -0.97908780947628       -0.08515647517226        1.42644589703085
P           -2.23314428540750       -0.21270257581457       -0.28482857211675
S           -1.60826882099332       -1.21042279509716       -1.84189976002341
O           -2.54784584484973        1.33518161504067       -0.51763716841560
C           -2.94084458169413        1.82909273264359       -1.81202012981073
C           -4.36660421827692        1.43529366672581       -2.14945929806692
O           -3.54765333913576       -0.87890664584106        0.30159954117537
C           -4.34810569304117       -0.26685330530890        1.34344838799648
C           -5.78838922961414       -0.70855012776749        1.16192431562631
H            4.00396170880451        2.63967984588675       -0.06164089266082
H            5.57256425610395        2.74079314875790       -0.87642486210295
H            4.09710061340745        2.47632491148400       -1.82206828746291
H            5.21936640354227        0.52743825490041        0.25170003464274
H            5.45556119780922        0.36390969908086       -1.51443833876533
H            1.89111985172797       -2.49942456656296        1.51934706030991
H            0.99695505194641       -3.25384973192014        0.16642722889259
H            4.02400491999343       -2.78211181520981        0.31856961908440
H            3.20396071041436       -4.34722735776010        0.44548841104595
H            3.17957092245731       -3.45380531938142       -1.08655820733239
H           -0.64561521554749        2.25606001941867        0.96283633032631
H            0.67661505265023        1.50281454423788        1.92206141594433
H           -2.82718557245381        2.91080747538542       -1.73232181455452
H           -2.24845322701978        1.43601186645922       -2.56271452625052
H           -4.64494743876245        1.88013302647911       -3.09959692426017
H           -4.43828178901115        0.35085428397774       -2.23353717146517
H           -5.05104172091019        1.78011153000654       -1.37851446881268
H           -3.95110440665938       -0.60014449335404        2.30489685032030
H           -4.25550781703009        0.81985291359287        1.27176058970218
H           -5.85375709044160       -1.79172754441987        1.20460224692567
H           -6.38950700834247       -0.28086831487386        1.95772783240513
H           -6.17213172802937       -0.37412443140555        0.20206713744454
41
 energy: -65.057154291106 gnorm: 0.003688943322 xtb: 6.7.1 (edcfbbe)
C            4.58634505348696        2.24616712526392       -0.88461772310552
C            4.79340635096521        0.75143158422781       -0.73225965786236
O            3.57556162744890        0.00400602051440       -0.90221059456055
P            2.42302749308205       -0.08333851468852        0.18696071740308
S            3.01407166053415        0.02765468621565        2.05412200680000
O            1.67308556480838       -1.41622515625587       -0.22441152743895
C            1.87489755764734       -2.67629725554040        0.43848797773928
C            3.15666208771870       -3.35190290390607       -0.00739307002841
S            1.00007506796457        1.33060679422610       -0.46203884104196
C            0.01435969500903        1.40803346529032        1.06164862690996
S           -0.97426866839435       -0.07475403438810        1.42883903996350
P           -2.22417757990960       -0.21315867612180       -0.28358666800474
S           -1.59764496932513       -1.21222509715143       -1.83910860535203
O           -2.53962445820242        1.33559858700919       -0.51556474905872
C           -2.93436195712988        1.83030637277468       -1.81043134694097
C           -4.36019176282722        1.43595421368203       -2.14571789573139
O           -3.53817032792053       -0.88182122723155        0.30085286269698
C           -4.33998455780020       -0.27029424975167        1.34382054343802
C           -5.77937676328714       -0.71110555542073        1.15848199366244
H            3.98306284856524        2.62939956121396       -0.06278853128910
H            5.55442003600233        2.73908310995726       -0.87127935546594
H            4.08425738438086        2.46665486822614       -1.82335886925037
H            5.20993466602799        0.52217956497127        0.25418115071363
H            5.45110841162273        0.36025099781512       -1.51049914157780
H            1.88342448452408       -2.50438352798647        1.52079958326521
H            0.99425289909901       -3.26214105774011        0.16772364130802
H            4.01887333244479       -2.76855697041616        0.31434768472844
H            3.21059538824020       -4.34026160422535        0.44009562982172
H            3.17555539791923       -3.44404887008995       -1.09046458277977
H           -0.64339863291947        2.26675924480805        0.96101301478002
H            0.68141288307056        1.51790899757086        1.91761004216032
H           -2.82087746659859        2.91218397200352       -1.73058841433762
H           -2.24112812184859        1.43927734216314       -2.56173346901745
H           -4.63932836918955        1.87726154795125       -3.09797297078027
H           -4.43337530139821        0.35114265161149       -2.22568264272351
H           -5.04444415927218        1.78497127485323       -1.37579036395353
H           -3.94332197900568       -0.60519913053291        2.30505008952319
H           -4.24626478742191        0.81657718308880        1.27418337537577
H           -5.84653882004952       -1.79469402136206        1.19973891623606
H           -6.38369230786217       -0.28439415150528        1.95355886062100
H           -6.16121978902085       -0.37472214108565        0.19802458368987
41
 energy: -65.057204510075 gnorm: 0.001874668479 xtb: 6.7.1 (edcfbbe)
C            4.57248143846966        2.23951691799640       -0.88429099386895
C            4.78653226976066        0.74675573559107       -0.73147029688471
O            3.57068191609927       -0.00756508728759       -0.90043309362274
P            2.41845711219273       -0.08628876549912        0.18947938408392
S            3.01315872934124        0.02412715703382        2.05566766609901
O            1.65853622435551       -1.41518479937968       -0.21771131425272
C            1.86997066035190       -2.67897853411581        0.43927865287695
C            3.15454521141819       -3.34453584331027       -0.01008714098381
S            1.00064091511872        1.33197093899921       -0.46364937617025
C            0.01763206281329        1.41727711918814        1.06039458938215
S           -0.97003705356090       -0.06569109027907        1.43339705170095
P           -2.21543715245762       -0.21100085632559       -0.28119035715603
S           -1.58601358223165       -1.21227217704636       -1.83418595831433
O           -2.53345834229255        1.33795072518271       -0.51559014609972
C           -2.93064085677326        1.83194579564638       -1.81156879029493
C           -4.35581844182280        1.43708275220942       -2.14469817020455
O           -3.52917425088028       -0.88339605740767        0.30168331853778
C           -4.33373045161768       -0.27324285863265        1.34540622922087
C           -5.77182946302205       -0.71354414469253        1.15608211801017
H            3.96565632446740        2.62059302369970       -0.06423673520937
H            5.53810134137100        2.73739668480324       -0.86882605011911
H            4.07193853039113        2.45816756398963       -1.82430849461834
H            5.20310413493978        0.51804722685110        0.25494505852054
H            5.44474579271546        0.35738038404494       -1.50987240922807
H            1.87635553632925       -2.51031606300976        1.52204588776313
H            0.99239087916551       -3.26776228210309        0.16541024858164
H            4.01413427008894       -2.75762436258996        0.31174130865734
H            3.21548962190823       -4.33406979282718        0.43421253640164
H            3.17233843298523       -3.43414702572320       -1.09346068756556
H           -0.64210484782188        2.27397316441011        0.95554109290535
H            0.68329952993063        1.53237327048495        1.91654920171986
H           -2.81743559074278        2.91381487913258       -1.73014927266783
H           -2.23620256064019        1.44176661253671       -2.56216019301409
H           -4.63524716895011        1.87599830668347       -3.09805399508815
H           -4.43048183477955        0.35230585912293       -2.22160210595304
H           -5.03959780249378        1.78929230406992       -1.37583583333176
H           -3.93716495215251       -0.61038367112304        2.30581871616623
H           -4.23831927863125        0.81338718509643        1.27685877357382
H           -5.83988330823802       -1.79716857513835        1.19552289211215
H           -6.37901322153204       -0.28834327787008        1.95008251071446
H           -6.15160166239365       -0.37572332237392        0.19530549815571
41
 energy: -65.057217309455 gnorm: 0.001555893675 xtb: 6.7.1 (edcfbbe)
C            4.56347439702418        2.23483213654960       -0.88528607932564
C            4.78383765710467        0.74364633916729       -0.73231884041918
O            3.57048463513823       -0.01717371658852       -0.89876317380839
P            2.41819305490574       -0.08906595777327        0.19235785423687
S            3.01569481235800        0.01972928893863        2.05818514879123
O            1.65043118294950       -1.41502738289384       -0.21247285357925
C            1.86700908255300       -2.68182044179576        0.43887853963656
C            3.15375935917215       -3.34038448400349       -0.01142553095862
S            1.00450167745847        1.33324150624444       -0.45754033328911
C            0.01797839900660        1.42489972710911        1.06249016597243
S           -0.96975929792259       -0.05751476893515        1.43891129779774
P           -2.20944765217289       -0.20771492232736       -0.27883460680622
S           -1.57729864158754       -1.20917866586684       -1.83088794949688
O           -2.53083496532435        1.34052524474023       -0.51686440166154
C           -2.92956026976593        1.83316475900208       -1.81369377487271
C           -4.35398016149603        1.43819694554537       -2.14623838101836
O           -3.52304672637369       -0.88330658180379        0.30325465982950
C           -4.33006743721340       -0.27514590987761        1.34716057405676
C           -5.76741684492932       -0.71533607715071        1.15528625871527
H            3.95459973056803        2.61313381051887       -0.06580959025742
H            5.52670810989407        2.73643250814495       -0.86939003665671
H            4.06231912183192        2.45126604261036       -1.82506927518092
H            5.20172148535973        0.51640301216339        0.25370383547673
H            5.44059491382319        0.35576069486247       -1.51252119887203
H            1.87081487345122       -2.51662520689900        1.52197855273547
H            0.99168841444983       -3.27084834822443        0.15916568448426
H            4.01046853279944       -2.75100674953869        0.31241503401722
H            3.21808618776571       -4.33045007860046        0.43002966117277
H            3.17215760324138       -3.42663416813884       -1.09466731030390
H           -0.64269501776130        2.27970547670845        0.95103395518920
H            0.68079216780891        1.54270613123365        1.92047658912099
H           -2.81661222098605        2.91491263132458       -1.73088904093010
H           -2.23469598339643        1.44228548475135       -2.56316885692912
H           -4.63295476767943        1.87604919824338       -3.09981168537923
H           -4.42890565385819        0.35363297697559       -2.22165878308837
H           -5.03750381648750        1.79140825269556       -1.37821670282952
H           -3.93396846651915       -0.61466213513293        2.30663588526185
H           -4.23352799645482        0.81115710846444        1.27964359749229
H           -5.83466484365957       -1.79871978990626        1.19276714822909
H           -6.37578703790298       -0.29178595847567        1.94861997158783
H           -6.14558848599362       -0.37680291202329        0.19457531239476
41
 energy: -65.057221255865 gnorm: 0.000939869911 xtb: 6.7.1 (edcfbbe)
C            4.56410601580152        2.23533593873960       -0.88567404745658
C            4.78425465307445        0.74395120930870       -0.73262929977420
O            3.57070653162762       -0.01632786722367       -0.89671902245523
P            2.41875816788661       -0.08832743184617        0.19521342141903
S            3.01824979745749        0.01749503578952        2.06048733820568
O            1.65162393399737       -1.41440585156144       -0.21096721563906
C            1.86714326566964       -2.68186239432839        0.43836888030752
C            3.15437793820471       -3.34063509364526       -0.01109627872860
S            1.00593525903496        1.33388838509146       -0.45866018600859
C            0.02071146713924        1.42405443565277        1.06320163844777
S           -0.97025264756985       -0.05639291446213        1.43747916672946
P           -2.21126541607272       -0.20737479687943       -0.27893254086797
S           -1.57741635402004       -1.20782544428586       -1.83084534893959
O           -2.53282123756807        1.34044379734311       -0.51716265416267
C           -2.93038837853163        1.83308691410294       -1.81399597169317
C           -4.35488606459649        1.43818434214061       -2.14744484563495
O           -3.52491713395879       -0.88285794873936        0.30331609390225
C           -4.33112949558970       -0.27505871737971        1.34738851395119
C           -5.76878755708694       -0.71536260504929        1.15580340118791
H            3.95629226759984        2.61339374097992       -0.06537419001878
H            5.52735557940944        2.73657184674623       -0.87096430833648
H            4.06168294120197        2.45148541273899       -1.82477381830365
H            5.20418723936701        0.51720673410535        0.25256270508319
H            5.43955808842498        0.35598603033971       -1.51409825936990
H            1.87012940748949       -2.51866553747780        1.52171458616817
H            0.99199779586380       -3.27018884638549        0.15658519265104
H            4.01060464868786       -2.75154211906642        0.31442557507540
H            3.21784060788230       -4.33091292116549        0.42972053841127
H            3.17412707414403       -3.42573563422713       -1.09431663887787
H           -0.63964530550132        2.27897711902643        0.95130046813574
H            0.68266562860147        1.54132033028426        1.92205834260719
H           -2.81732802311044        2.91480500734259       -1.73166194116959
H           -2.23580209752383        1.44151021188236       -2.56327786033577
H           -4.63328993725315        1.87653685993374       -3.10085482803344
H           -4.42938977120877        0.35364447852319       -2.22362471720661
H           -5.03886161695514        1.79057763294840       -1.37952565602884
H           -3.93528721204402       -0.61497073838871        2.30679531450835
H           -4.23488266805916        0.81130822104982        1.28043888318620
H           -5.83539308225391       -1.79873944385740        1.19291216841289
H           -6.37641951541763       -0.29205662674978        1.94956371729235
H           -6.14714568306499       -0.37663573131289        0.19530500389451
41
 energy: -65.057223893503 gnorm: 0.000381233276 xtb: 6.7.1 (edcfbbe)
C            4.56538533114981        2.23566998767895       -0.88610377624529
C            4.78586095815071        0.74395100587875       -0.73339532509604
O            3.57261520394425       -0.01603120907004       -0.89614882503515
P            2.42038132119069       -0.08832494893434        0.19569678313925
S            3.01797882391525        0.01835134021125        2.06145237961172
O            1.65383757274169       -1.41445173826648       -0.21125380915588
C            1.86731557067936       -2.68184195307496        0.43756934165660
C            3.15516304754482       -3.34115741633406       -0.01063621348879
S            1.00656227239251        1.33311457615383       -0.45685662209288
C            0.01922036071721        1.42310161457526        1.06389011411744
S           -0.97157056879818       -0.05744049616166        1.43815371532397
P           -2.21233848988085       -0.20627488498823       -0.27895925734585
S           -1.57844843761759       -1.20658029124598       -1.83086032227791
O           -2.53458758457782        1.34101825685058       -0.51720455403286
C           -2.93113488976118        1.83322129857407       -1.81406062470720
C           -4.35577602445951        1.43801286227851       -2.14823975617346
O           -3.52570717081603       -0.88190107887157        0.30342341047971
C           -4.33165542449331       -0.27463149372878        1.34739301452674
C           -5.76964599915036       -0.71525408796406        1.15616622041193
H            3.95838709972311        2.61354430828679       -0.06499473918252
H            5.52865293282053        2.73699753297134       -0.87230314866544
H            4.06188744856119        2.45179280528034       -1.82470799606348
H            5.20738750046361        0.51762031134481        0.25124135159763
H            5.44065226108245        0.35626033519481       -1.51553554188495
H            1.86937109042020       -2.51999481847172        1.52115447102463
H            0.99229017008427       -3.26991753238734        0.15462925004420
H            4.01111874588741       -2.75235663255463        0.31640224140720
H            3.21772624685238       -4.33166283134888        0.42995118008110
H            3.17641820700767       -3.42568766228641       -1.09392316433853
H           -0.63961763686340        2.27940650303849        0.95291913742518
H            0.68166922060025        1.53898883656234        1.92266569797635
H           -2.81812635715885        2.91499285458042       -1.73279196909271
H           -2.23663071529544        1.44119691442447       -2.56323093924469
H           -4.63392419280399        1.87664627936786       -3.10166518595134
H           -4.42976893066679        0.35337142197311       -2.22493342430100
H           -5.04020589200506        1.78979224060099       -1.38031945662646
H           -3.93615460626122       -0.61444808175633        2.30702962892119
H           -4.23623762657057        0.81191748672872        1.28108330115981
H           -5.83598937535231       -1.79871502095594        1.19308818825269
H           -6.37689129723520       -0.29216181308111        1.95038434536949
H           -6.14847105498248       -0.37624976103525        0.19587219901123
41
 energy: -65.057224599596 gnorm: 0.000174426168 xtb: 6.7.1 (edcfbbe)
C            4.56374204163483        2.23468363794783       -0.88616770641435
C            4.78535348968845        0.74317500661963       -0.73367657905894
O            3.57255302056841       -0.01789054471841       -0.89549395469259
P            2.42004310413526       -0.08877288626021        0.19621714527685
S            3.01756339026367        0.01826063832303        2.06195725408788
O            1.65236965250291       -1.41439305504964       -0.21034620371529
C            1.86671492035760       -2.68240504342055        0.43723046661236
C            3.15538082257612       -3.34018668846220       -0.01068075430334
S            1.00745274318610        1.33391772577543       -0.45619397294933
C            0.01977317761409        1.42444991546709        1.06423158771603
S           -0.97142116162851       -0.05580951551043        1.43859901429669
P           -2.21168616909481       -0.20587689346653       -0.27874419825594
S           -1.57771470524259       -1.20634201935896       -1.83058631858367
O           -2.53444682254915        1.34132021493239       -0.51701735854087
C           -2.93088332864233        1.83338811653187       -1.81411382399901
C           -4.35541594508975        1.43818082936502       -2.14849887083435
O           -3.52496644796218       -0.88199255663823        0.30350716018580
C           -4.33109767194677       -0.27503586537242        1.34761095759969
C           -5.76899374778460       -0.71557107641600        1.15604884454450
H            3.95677068899405        2.61216300358157       -0.06483330799227
H            5.52666806595248        2.73684987581028       -0.87270680453382
H            4.05980640208404        2.45059398170095       -1.82462257022637
H            5.20792383461822        0.51701493598713        0.25059098696625
H            5.43987654055361        0.35601753818859       -1.51630875055449
H            1.86751957117629       -2.52177760421677        1.52104158525905
H            0.99243387848499       -3.27099138482902        0.15295716640319
H            4.01069571640942       -2.75097161621645        0.31735615247239
H            3.21858029769694       -4.33108699188186        0.42910922691783
H            3.17738532385238       -3.42392747949603       -1.09406115474791
H           -0.63900484746827        2.28080224300636        0.95288370095689
H            0.68201984309926        1.54062088255371        1.92307510478269
H           -2.81794369723794        2.91519121465439       -1.73296766006430
H           -2.23607396036499        1.44145424811314       -2.56310006398745
H           -4.63351099727594        1.87675538504558       -3.10201990230537
H           -4.42953200397580        0.35354975633572       -2.22507983849411
H           -5.03993518564490        1.79014296858008       -1.38070591498232
H           -3.93556510020128       -0.61511876843480        2.30717287984174
H           -4.23565806974684        0.81154383734446        1.28166544874343
H           -5.83548637503509       -1.79906622488309        1.19251075463521
H           -6.37655948588152       -0.29286051310367        1.95035821241290
H           -6.14773169149663       -0.37611420809105        0.19584338006030
41
 energy: -65.057224350153 gnorm: 0.000287170392 xtb: 6.7.1 (edcfbbe)
C            4.56218734986584        2.23375048867852       -0.88623499918286
C            4.78487442913693        0.74244056642862       -0.73393762414505
O            3.57249817479567       -0.01965831414344       -0.89488763718636
P            2.41971815502046       -0.08920375777965        0.19669335800249
S            3.01714833160031        0.01820276000104        2.06241835564314
O            1.65097696737343       -1.41435154935249       -0.20949421992417
C            1.86614650458051       -2.68294605359125        0.43691747295035
C            3.15558124646584       -3.33928276554511       -0.01073090855493
S            1.00832876134155        1.33472703457511       -0.45551502243021
C            0.02029772032112        1.42576282048916        1.06457680658343
S           -0.97129324543133       -0.05422537353025        1.43901479583488
P           -2.21106611796109       -0.20551847286492       -0.27854879642836
S           -1.57703363015625       -1.20613744852653       -1.83034698228483
O           -2.53430353737137        1.34159109893744       -0.51683726507877
C           -2.93064057461541        1.83353714593359       -1.81416115600644
C           -4.35507320888031        1.43833878134437       -2.14874411854002
O           -3.52426869254313       -0.88209144372333        0.30357504277628
C           -4.33056615465230       -0.27542752035196        1.34781150457987
C           -5.76837542957495       -0.71587553771528        1.15593509833075
H            3.95522082907149        2.61086020121963       -0.06470206471163
H            5.52478841489644        2.73672300851824       -0.87307854203518
H            4.05785652051003        2.44945411606770       -1.82456179573952
H            5.20842252194570        0.51645027761281        0.24998747354411
H            5.43916371665554        0.35578874441588       -1.51701910338142
H            1.86577612292414       -2.52346845426425        1.52094334345171
H            0.99256568888095       -3.27202250931067        0.15140342345770
H            4.01029450942839       -2.74966659621589        0.31823113873333
H            3.21939715019105       -4.33055706827362        0.42831248189031
H            3.17827840374843       -3.42228833489640       -1.09420167522597
H           -0.63842511123087        2.28215993947021        0.95286943878784
H            0.68234192507570        1.54220100401421        1.92348955199843
H           -2.81776522667073        2.91537052329307       -1.73313630156771
H           -2.23554425734812        1.44169516742621       -2.56297981684493
H           -4.63311978888022        1.87685192979028       -3.10236091088084
H           -4.42931058525503        0.35371672274283       -2.22521016693485
H           -5.03967632094964        1.79048334596753       -1.38107304532579
H           -3.93500094909696       -0.61576400050947        2.30730242818842
H           -4.23510606170192        0.81118240321902        1.28221656915444
H           -5.83501506878053       -1.79940435133693        1.19196219470013
H           -6.37625082148449       -0.29352532618714        1.95033129957720
H           -6.14702955006563       -0.37598818198900        0.19581169476056
41
 energy: -65.057224776612 gnorm: 0.000096287101 xtb: 6.7.1 (edcfbbe)
C            4.56311403899053        2.23425617031516       -0.88612504983118
C            4.78518350136387        0.74284497606167       -0.73395914814586
O            3.57257650973778       -0.01864275935714       -0.89500032895388
P            2.42001349883909       -0.08895068098185        0.19662537106480
S            3.01756050264978        0.01800044164202        2.06239822589651
O            1.65189338006876       -1.41426968047732       -0.20991931343077
C            1.86650236745197       -2.68263860985180        0.43689312136931
C            3.15567080988275       -3.33961230050664       -0.01050841583683
S            1.00766430729516        1.33381496474178       -0.45623429146538
C            0.01995777774725        1.42463359378172        1.06420364153516
S           -0.97126583497720       -0.05553931384829        1.43870091918886
P           -2.21157655182024       -0.20550846908818       -0.27860509835846
S           -1.57742832084574       -1.20602569378226       -1.83029451482307
O           -2.53461247196743        1.34161913994511       -0.51691885158204
C           -2.93086789964498        1.83355713764563       -1.81415409625619
C           -4.35529999906095        1.43829258390120       -2.14865894113957
O           -3.52474002804663       -0.88186863163068        0.30368154670365
C           -4.33099663683464       -0.27509690760990        1.34779986999559
C           -5.76879974669651       -0.71565391098684        1.15609103879946
H            3.95657442046175        2.61155849106131       -0.06440837810150
H            5.52594093644929        2.73660339411430       -0.87319271501265
H            4.05862149403625        2.45020036630011       -1.82427015783675
H            5.20851914448901        0.51660417893143        0.24998800525708
H            5.43923652822854        0.35595125877736       -1.51711886152874
H            1.86641383400901       -2.52266360544333        1.52081208546831
H            0.99265844695670       -3.27136267877547        0.15158699807385
H            4.01060497815711       -2.75038779661340        0.31842133459363
H            3.21886317537002       -4.33072997717774        0.42874486584557
H            3.17840699419603       -3.42278247042769       -1.09391145419316
H           -0.63877633980691        2.28099122124307        0.95265430914021
H            0.68214341043529        1.54092337583579        1.92306017695250
H           -2.81795890862295        2.91537595081555       -1.73303139664519
H           -2.23584333310804        1.44158147734767       -2.56293746904501
H           -4.63332408757239        1.87696825396916       -3.10214002686518
H           -4.42945188337466        0.35368750063325       -2.22533322731436
H           -5.03988126772351        1.79021255237847       -1.38091526945044
H           -3.93541818695087       -0.61525803755780        2.30732340158766
H           -4.23557053289444        0.81148900469176        1.28194063734868
H           -5.83531542716851       -1.79914986807092        1.19226428176782
H           -6.37642187026400       -0.29319267801776        1.95049415291367
H           -6.14757161825609       -0.37594694389058        0.19599434284945
41
 energy: -65.057224832576 gnorm: 0.000064945776 xtb: 6.7.1 (edcfbbe)
C            4.56348977001889        2.23436637432500       -0.88604422643706
C            4.78541084712053        0.74290042917157       -0.73412168685054
O            3.57272318208307       -0.01844356430039       -0.89507029956721
P            2.42011925620844       -0.08889636538810        0.19644569257162
S            3.01756982257785        0.01797411295025        2.06225849801372
O            1.65224548493366       -1.41430016824642       -0.21016740139873
C            1.86663245803659       -2.68262591189674        0.43677686490906
C            3.15586030881710       -3.33969787039796       -0.01029678529007
S            1.00759643924697        1.33375311527609       -0.45629952572793
C            0.01985302149928        1.42435837026467        1.06415733278006
S           -0.97136700294001       -0.05580210404128        1.43857772230961
P           -2.21183859687394       -0.20568804074387       -0.27867026371925
S           -1.57796873999038       -1.20602761397362       -1.83061848158254
O           -2.53473534278726        1.34148783010310       -0.51683794888638
C           -2.93095278500916        1.83354154890442       -1.81404743613705
C           -4.35538098794798        1.43835096264805       -2.14865956851977
O           -3.52502646447720       -0.88187223929749        0.30371719929838
C           -4.33123479214519       -0.27497720038631        1.34780169328513
C           -5.76905922589472       -0.71552952195418        1.15622475101488
H            3.95727975933310        2.61164883666764       -0.06406612356040
H            5.52639583257198        2.73656593329684       -0.87339017965179
H            4.05867228477321        2.45046553098332       -1.82397604517915
H            5.20888666929351        0.51652433709231        0.24973280469381
H            5.43929033559957        0.35603281285055       -1.51744978628211
H            1.86635235902099       -2.52259487531426        1.52067835711930
H            0.99282376445710       -3.27130338955893        0.15129510818457
H            4.01073618574796       -2.75055906008911        0.31894709251014
H            3.21883256332465       -4.33086068037063        0.42888848792902
H            3.17891745235203       -3.42273347958334       -1.09369751591537
H           -0.63891412472419        2.28068152722934        0.95265370356627
H            0.68207287667472        1.54057357355719        1.92301013458308
H           -2.81802253914564        2.91534780210897       -1.73284711622764
H           -2.23594733250909        1.44158499510514       -2.56284390267799
H           -4.63341268546016        1.87718940024612       -3.10206324470837
H           -4.42948988373755        0.35375345507112       -2.22552951099999
H           -5.03996617007829        1.79009280445029       -1.38084114924231
H           -3.93564427526554       -0.61505292668695        2.30734337308610
H           -4.23579166303791        0.81160102747337        1.28183960088041
H           -5.83551254865492       -1.79902534392549        1.19239124233882
H           -6.37658951139111       -0.29307936915073        1.95068372991166
H           -6.14790689044171       -0.37584003443165        0.19615613011161
