----------------------------------------------- 
  Element       SASA      Sigma Z        Total  
     Z         Ang**2 cal/Ang**2/mol   kcal/mol 
----------------------------------------------- 
      H        233.542      48.690      11.371
      C         57.369     129.740       7.443
      O         25.722       0.000       0.000
      P          1.419       0.000       0.000
      S         90.529      -9.100      -0.824

 Subtotal:     408.581                  17.990
 -----------------------------------------------

  Elements    COT*SASA   Sigma Z,Z'     Total   
    Z,Z'       Ang**2  cal/Ang**2/mol kcal/mol  
 ---------------------------------------------- 
  H   C        157.458     -60.770      -9.569
  H   O          0.000       0.000       0.000
  C   C         32.737     -72.950      -2.388
  O   C          0.000      68.690       0.000
  O   O          0.000       0.000       0.000
  O   P         17.770      68.850       1.223

 Subtotal:                             -10.733
 ---------------------------------------------- 

 NONAQUEOUS SOLVENT CONTRIBUTION (kcal/mol):
 (proportional to SASA, atomic number independent)
 ---------------------------------------------- 
 Subtotal:                               0.000
 ---------------------------------------------- 

 CDS TOTAL (kcal/mol):                   7.257
...............................................................................
