2025-04-03 19:46:37,423 -     censo.parallel     -  DEBUG   - Free cores decreased 1 -> 0.
2025-04-03 19:46:37,430 -   censo.qm_processor   -  DEBUG   - worker2302535:Running on 1 cores.
2025-04-03 19:46:37,447 -   censo.qm_processor   -   INFO   - worker2302535:Running xtb_gsolv calculation in /srv/scratch/z5358697/.automated/3894/0_PRESCREENING/CONF1/xtb_gsolv.
2025-04-03 19:46:37,463 -   censo.qm_processor   -  DEBUG   - worker2302535:Running ['/srv/scratch/z5358697/.xtb/bin/xtb', 'gas.coord', '--gfn2', '--sp', '--chrg', '0', '--norestart', '--parallel', '1']...
2025-04-03 19:46:37,474 -   censo.qm_processor   -  DEBUG   - worker2302535:Started (PID: 2302540).
2025-04-03 19:46:37,515 -   censo.qm_processor   -  DEBUG   - worker2302535:Done.
2025-04-03 19:46:37,540 -   censo.qm_processor   -  DEBUG   - worker2302535:Running ['/srv/scratch/z5358697/.xtb/bin/xtb', 'solv.coord', '--gfn2', '--sp', '--chrg', '0', '--norestart', '--parallel', '1', '--alpb', 'water', 'reference', '-I', 'xtb_sp-xcontrol-inp']...
2025-04-03 19:46:37,544 -   censo.qm_processor   -  DEBUG   - worker2302535:Started (PID: 2302541).
2025-04-03 19:46:37,593 -   censo.qm_processor   -  DEBUG   - worker2302535:Done.
2025-04-03 19:46:37,596 -     censo.parallel     -  DEBUG   - Free cores increased 0 -> 1.
2025-04-03 19:46:37,604 -     censo.parallel     -  DEBUG   - Checking for failed jobs...
2025-04-03 19:46:37,604 -     censo.parallel     -   INFO   - All jobs executed successfully.
2025-04-03 19:46:37,612 -     censo.parallel     -  DEBUG   - Free cores decreased 1 -> 0.
2025-04-03 19:46:37,618 -   censo.qm_processor   -  DEBUG   - worker2302555:Running on 1 cores.
2025-04-03 19:46:37,623 -   censo.qm_processor   -   INFO   - worker2302555:Running sp calculation in /srv/scratch/z5358697/.automated/3894/0_PRESCREENING/CONF1/sp.
2025-04-03 19:46:37,641 -   censo.qm_processor   -  DEBUG   - worker2302555:Running ['/apps/z_install_tree/linux-rocky8-ivybridge/gcc-12.2.0/orca-6.0.0-srtngmq3qlimg2qxbl6avaaiffipurdx/bin/orca', 'sp.inp']...
2025-04-03 19:46:37,648 -   censo.qm_processor   -  DEBUG   - worker2302555:Started (PID: 2302560).
2025-04-03 19:46:50,836 -   censo.qm_processor   -  DEBUG   - worker2302555:Done.
2025-04-03 19:46:50,851 -     censo.parallel     -  DEBUG   - Free cores increased 0 -> 1.
2025-04-03 19:46:50,868 -     censo.parallel     -  DEBUG   - Checking for failed jobs...
2025-04-03 19:46:50,868 -     censo.parallel     -   INFO   - All jobs executed successfully.
2025-04-03 19:46:50,869 -censo.ensembleopt.prescreening-  DEBUG   - Writing to /srv/scratch/z5358697/.automated/3894/0_PRESCREENING.out.
2025-04-03 19:46:50,922 -     censo.parallel     -  DEBUG   - Free cores decreased 1 -> 0.
2025-04-03 19:46:50,928 -   censo.qm_processor   -  DEBUG   - worker2303052:Running on 1 cores.
2025-04-03 19:46:51,711 -   censo.qm_processor   -   INFO   - worker2303052:Running gsolv calculation in /srv/scratch/z5358697/.automated/3894/1_SCREENING/CONF1/gsolv.
2025-04-03 19:46:51,752 -  censo.orca_processor  -  DEBUG   - worker2303052:Copying .gbw file from /srv/scratch/z5358697/.automated/3894/0_PRESCREENING/CONF1/sp/sp.gbw.
2025-04-03 19:46:51,776 -   censo.qm_processor   -  DEBUG   - worker2303052:Running ['/apps/z_install_tree/linux-rocky8-ivybridge/gcc-12.2.0/orca-6.0.0-srtngmq3qlimg2qxbl6avaaiffipurdx/bin/orca', 'sp_gas.inp']...
2025-04-03 19:46:51,787 -   censo.qm_processor   -  DEBUG   - worker2303052:Started (PID: 2303081).
2025-04-03 19:47:04,638 -   censo.qm_processor   -  DEBUG   - worker2303052:Done.
2025-04-03 19:47:04,653 -  censo.orca_processor  -  DEBUG   - worker2303052:Copying .gbw file from /srv/scratch/z5358697/.automated/3894/0_PRESCREENING/CONF1/sp/sp.gbw.
2025-04-03 19:47:04,676 -   censo.qm_processor   -  DEBUG   - worker2303052:Running ['/apps/z_install_tree/linux-rocky8-ivybridge/gcc-12.2.0/orca-6.0.0-srtngmq3qlimg2qxbl6avaaiffipurdx/bin/orca', 'sp_solv.inp']...
2025-04-03 19:47:04,680 -   censo.qm_processor   -  DEBUG   - worker2303052:Started (PID: 2303149).
2025-04-03 19:47:19,571 -   censo.qm_processor   -  DEBUG   - worker2303052:Done.
2025-04-03 19:47:19,576 -     censo.parallel     -  DEBUG   - Free cores increased 0 -> 1.
2025-04-03 19:47:19,585 -     censo.parallel     -  DEBUG   - Checking for failed jobs...
2025-04-03 19:47:19,585 -     censo.parallel     -   INFO   - All jobs executed successfully.
2025-04-03 19:47:19,636 -     censo.parallel     -  DEBUG   - Free cores decreased 1 -> 0.
2025-04-03 19:47:19,642 -   censo.qm_processor   -  DEBUG   - worker2303281:Running on 1 cores.
2025-04-03 19:47:19,657 -   censo.qm_processor   -   INFO   - worker2303281:Running xtb_opt calculation in /srv/scratch/z5358697/.automated/3894/2_OPTIMIZATION/CONF1/xtb_opt.
2025-04-03 19:47:19,710 -  censo.orca_processor  -  DEBUG   - worker2303281:Copying .gbw file from /srv/scratch/z5358697/.automated/3894/1_SCREENING/CONF1/gsolv/sp_solv.gbw.
2025-04-03 19:47:19,740 -   censo.qm_processor   -  DEBUG   - worker2303281:Running ['/srv/scratch/z5358697/.xtb/bin/xtb', 'xtb_opt.coord', '--opt', 'normal', '--orca', '-I', 'xtb_opt-xcontrol-inp']...
2025-04-03 19:47:19,750 -   censo.qm_processor   -  DEBUG   - worker2303281:Started (PID: 2303286).
2025-04-03 19:49:03,873 -   censo.qm_processor   -  DEBUG   - worker2303281:Done.
2025-04-03 19:49:03,885 -     censo.parallel     -  DEBUG   - Free cores increased 0 -> 1.
2025-04-03 19:49:03,893 -     censo.parallel     -  DEBUG   - Checking for failed jobs...
2025-04-03 19:49:03,893 -     censo.parallel     -   INFO   - All jobs executed successfully.
2025-04-03 19:49:03,899 -     censo.parallel     -  DEBUG   - Free cores decreased 1 -> 0.
2025-04-03 19:49:03,903 -   censo.qm_processor   -  DEBUG   - worker2303940:Running on 1 cores.
2025-04-03 19:49:03,909 -   censo.qm_processor   -   INFO   - worker2303940:Running xtb_rrho calculation in /srv/scratch/z5358697/.automated/3894/2_OPTIMIZATION/CONF1/xtb_rrho.
2025-04-03 19:49:03,932 -   censo.qm_processor   -  DEBUG   - worker2303940:Running ['/srv/scratch/z5358697/.xtb/bin/xtb', 'xtb_rrho.coord', '--gfn2', '--ohess', 'vtight', '--chrg', '0', '--enso', '--norestart', '-I', 'rrho-xcontrol-inp', '--parallel', '1', '--alpb', 'water']...
2025-04-03 19:49:03,939 -   censo.qm_processor   -  DEBUG   - worker2303940:Started (PID: 2303945).
2025-04-03 19:49:04,286 -   censo.qm_processor   -  DEBUG   - worker2303940:Done.
2025-04-03 19:49:04,290 -     censo.parallel     -  DEBUG   - Free cores increased 0 -> 1.
2025-04-03 19:49:04,296 -     censo.parallel     -  DEBUG   - Checking for failed jobs...
2025-04-03 19:49:04,296 -     censo.parallel     -   INFO   - All jobs executed successfully.
2025-04-03 19:49:04,296 -censo.ensembleopt.optimization-  DEBUG   - Writing to /srv/scratch/z5358697/.automated/3894/2_OPTIMIZATION.out.
2025-04-03 19:49:04,318 -censo.ensembleopt.optimization-  DEBUG   - Writing to /srv/scratch/z5358697/.automated/3894/2_OPTIMIZATION.out.
2025-04-03 19:49:04,378 -     censo.parallel     -  DEBUG   - Free cores decreased 1 -> 0.
2025-04-03 19:49:04,382 -   censo.qm_processor   -  DEBUG   - worker2303964:Running on 1 cores.
2025-04-03 19:49:04,424 -   censo.qm_processor   -   INFO   - worker2303964:Running gsolv calculation in /srv/scratch/z5358697/.automated/3894/3_REFINEMENT/CONF1/gsolv.
2025-04-03 19:49:04,437 -  censo.orca_processor  -  DEBUG   - worker2303964:Copying .gbw file from /srv/scratch/z5358697/.automated/3894/2_OPTIMIZATION/CONF1/xtb_opt/xtb_opt.gbw.
2025-04-03 19:49:04,466 -   censo.qm_processor   -  DEBUG   - worker2303964:Running ['/apps/z_install_tree/linux-rocky8-ivybridge/gcc-12.2.0/orca-6.0.0-srtngmq3qlimg2qxbl6avaaiffipurdx/bin/orca', 'sp_gas.inp']...
2025-04-03 19:49:04,472 -   censo.qm_processor   -  DEBUG   - worker2303964:Started (PID: 2303969).
2025-04-03 19:50:06,623 -   censo.qm_processor   -  DEBUG   - worker2303964:Done.
2025-04-03 19:50:06,642 -  censo.orca_processor  -  DEBUG   - worker2303964:Copying .gbw file from /srv/scratch/z5358697/.automated/3894/2_OPTIMIZATION/CONF1/xtb_opt/xtb_opt.gbw.
2025-04-03 19:50:06,670 -   censo.qm_processor   -  DEBUG   - worker2303964:Running ['/apps/z_install_tree/linux-rocky8-ivybridge/gcc-12.2.0/orca-6.0.0-srtngmq3qlimg2qxbl6avaaiffipurdx/bin/orca', 'sp_solv.inp']...
2025-04-03 19:50:06,674 -   censo.qm_processor   -  DEBUG   - worker2303964:Started (PID: 2304425).
2025-04-03 19:51:18,803 -   censo.qm_processor   -  DEBUG   - worker2303964:Done.
2025-04-03 19:51:18,809 -     censo.parallel     -  DEBUG   - Free cores increased 0 -> 1.
2025-04-03 19:51:18,818 -     censo.parallel     -  DEBUG   - Checking for failed jobs...
2025-04-03 19:51:18,818 -     censo.parallel     -   INFO   - All jobs executed successfully.
2025-04-03 19:51:18,818 -censo.ensembleopt.refinement-  DEBUG   - Writing to /srv/scratch/z5358697/.automated/3894/3_REFINEMENT.out.
