----------------------------------------------- 
  Element       SASA      Sigma Z        Total  
     Z         Ang**2 cal/Ang**2/mol   kcal/mol 
----------------------------------------------- 
      H        241.201      48.690      11.744
      C         55.626     129.740       7.217
      O         36.000       0.000       0.000
      P          1.585       0.000       0.000
      S        109.805      -9.100      -0.999

 Subtotal:     444.216                  17.962
 -----------------------------------------------

  Elements    COT*SASA   Sigma Z,Z'     Total   
    Z,Z'       Ang**2  cal/Ang**2/mol kcal/mol  
 ---------------------------------------------- 
  H   C        162.213     -60.770      -9.858
  H   O          0.000       0.000       0.000
  C   C         32.307     -72.950      -2.357
  O   C          0.000      68.690       0.000
  O   O          0.000       0.000       0.000
  O   P         24.624      68.850       1.695

 Subtotal:                             -10.519
 ---------------------------------------------- 

 NONAQUEOUS SOLVENT CONTRIBUTION (kcal/mol):
 (proportional to SASA, atomic number independent)
 ---------------------------------------------- 
 Subtotal:                               0.000
 ---------------------------------------------- 

 CDS TOTAL (kcal/mol):                   7.443
...............................................................................
