----------------------------------------------- 
  Element       SASA      Sigma Z        Total  
     Z         Ang**2 cal/Ang**2/mol   kcal/mol 
----------------------------------------------- 
      H        240.639      48.690      11.717
      C         55.026     129.740       7.139
      O         34.039       0.000       0.000
      P          1.383       0.000       0.000
      S        104.494      -9.100      -0.951

 Subtotal:     435.580                  17.905
 -----------------------------------------------

  Elements    COT*SASA   Sigma Z,Z'     Total   
    Z,Z'       Ang**2  cal/Ang**2/mol kcal/mol  
 ---------------------------------------------- 
  H   C        161.843     -60.770      -9.835
  H   O          0.000       0.000       0.000
  C   C         31.836     -72.950      -2.322
  O   C          0.000      68.690       0.000
  O   O          0.000       0.000       0.000
  O   P         23.283      68.850       1.603

 Subtotal:                             -10.555
 ---------------------------------------------- 

 NONAQUEOUS SOLVENT CONTRIBUTION (kcal/mol):
 (proportional to SASA, atomic number independent)
 ---------------------------------------------- 
 Subtotal:                               0.000
 ---------------------------------------------- 

 CDS TOTAL (kcal/mol):                   7.350
...............................................................................
