38
 energy: -64.697976095233 gnorm: 0.052794403785 xtb: 6.7.1 (edcfbbe)
C            5.23893959207516       -1.73761025938533       -1.63933211351873
C            4.53209959128969       -0.45995466752271       -1.24810159785197
O            3.07641236825250       -0.62702368354688       -1.29605003444984
C            2.49706540520524       -1.17912658863144       -0.22237534168769
O            3.10297926339664       -1.56813726185126        0.76118902950626
C            1.00218769343646       -1.32708841888819       -0.38707775064617
C            0.29412548135874       -0.12487013744077       -1.01080251689665
H            0.71103702241813        0.07676104946510       -2.00732804111547
C            0.44081891285272        1.19771724483237       -0.26165466722093
O           -0.25950261636643        2.17328693504616       -0.44459369708775
O            1.49130950753961        1.15689147032365        0.54946269350490
C            1.85356178885145        2.38616509686694        1.26079155735628
C            3.27348087579167        2.20794206484017        1.73227701307754
S           -1.47901357994715       -0.51488274781397       -1.38790933755464
P           -2.51070917243553       -0.10358372871668        0.42454887867556
S           -1.48663612046527       -0.24972463315918        2.06732093872173
O           -3.20309046063271        1.33770150025157        0.30193988343146
C           -3.89452980212983        1.75324531628459       -0.91151402909138
O           -3.79879644718676       -1.05420195849740        0.24109225884141
C           -3.69182640276457       -2.49501961860136        0.40594324969299
H            4.94246043518523       -2.05727338784151       -2.64209295605043
H            6.31835722222062       -1.55388570242044       -1.64221076269121
H            5.03055661295924       -2.54338525240330       -0.93047547733501
H            4.72653063518293        0.34130204640163       -1.96274797586821
H            4.80885470959231       -0.12614660841092       -0.24478146437832
H            0.58338924850409       -1.55753725424963        0.59314599569586
H            0.84652008916946       -2.19662273572293       -1.03601675445199
H            1.74494474488339        3.22772126421238        0.57257533737630
H            1.14761658853543        2.50186828001117        2.08900387712892
H            3.96259541803551        2.15234608733259        0.88246941214963
H            3.55301909074407        3.06781782551562        2.35001129561702
H            3.37572657160756        1.30086064648538        2.33668802791767
H           -4.35339298825408        2.71188545311147       -0.66922288844420
H           -4.66480000327119        1.02720390164598       -1.18331441826616
H           -3.17569563925452        1.87725118601490       -1.72536030441700
H           -3.15721340012009       -2.93284502623783       -0.44200944122758
H           -4.71803714098267       -2.86300019977132        0.43504826404068
H           -3.17992856975750       -2.73248155064529        1.34359411228296
38
 energy: -64.701891191291 gnorm: 0.024277604821 xtb: 6.7.1 (edcfbbe)
C            5.23569484757308       -1.73255928650401       -1.64108823817919
C            4.51739241596268       -0.45752495876154       -1.24977182829286
O            3.07117525288803       -0.61743937382230       -1.28251468969486
C            2.49342271926138       -1.16605723328382       -0.21797133169323
O            3.09693654948761       -1.54653609866157        0.75856374350165
C            0.99806029673761       -1.33370350542472       -0.38562014502810
C            0.30866707256697       -0.13445290985683       -1.02291774124929
H            0.72826518844691        0.06799405059257       -2.01616744965159
C            0.42670300240381        1.16675121928826       -0.24423836612572
O           -0.30117656135268        2.12105317689344       -0.41066241231185
O            1.48423518774326        1.14953688896007        0.54482662350821
C            1.84478616574146        2.36767054990737        1.25634689558297
C            3.27072124256799        2.21392602113611        1.73418539001126
S           -1.45464504283995       -0.49821284392269       -1.41107953343198
P           -2.48002335454216       -0.09478676319302        0.39754300205434
S           -1.48691821939178       -0.25396681036401        2.07474361740122
O           -3.17592287620866        1.33708092276515        0.27949780485249
C           -3.88789301061309        1.74965961674920       -0.91129763301169
O           -3.76964758085239       -1.04412126359561        0.24444997618760
C           -3.67623381723846       -2.47588059854376        0.40580172025093
H            4.93092656921123       -2.05268690118704       -2.63542004484762
H            6.30929484650280       -1.55161277723460       -1.64376216788178
H            5.02092125947772       -2.52813998953791       -0.92975533901519
H            4.71010636724129        0.34368721364251       -1.96447885159334
H            4.79772134078966       -0.14106656237473       -0.24188971801553
H            0.57727072640861       -1.55337066968509        0.59781332084353
H            0.84215840516493       -2.20012616671607       -1.03525452027756
H            1.72373332829345        3.21037767186610        0.57068657531817
H            1.14309863278883        2.47951205049873        2.08744454109365
H            3.95260819211962        2.15552761442242        0.88780795522927
H            3.54478018123655        3.06938322750583        2.34869105058477
H            3.36990620121936        1.30651350465562        2.32716858266788
H           -4.34128890817613        2.70458125512092       -0.65371571861060
H           -4.65126210953108        1.01615686618312       -1.16805052368500
H           -3.17808549474974        1.87269297525659       -1.72899771920924
H           -3.14980362097652       -2.90967517193181       -0.44434512309550
H           -4.70442628772861       -2.83167532887147        0.43926918727648
H           -3.15984258211399       -2.71494366508788        1.33628936330315
38
 energy: -64.703680842707 gnorm: 0.012600982248 xtb: 6.7.1 (edcfbbe)
C            5.22455080255612       -1.72477072593357       -1.64303282622058
C            4.49909227257374       -0.44887669059898       -1.24800519294445
O            3.06524686550519       -0.61759025019422       -1.27246359033296
C            2.49316094876692       -1.16926845807433       -0.21609450926801
O            3.09496645506367       -1.52698477048182        0.76583586868351
C            0.99506280625706       -1.34796800175750       -0.38563100815077
C            0.31618903821289       -0.15092582339200       -1.03015734296689
H            0.74789714152245        0.05054995018085       -2.01675007770535
C            0.42082848019373        1.13772297329572       -0.23619310682717
O           -0.36597760183489        2.05834637579047       -0.35266166379747
O            1.48659478200085        1.14437312140175        0.52900094518638
C            1.82601556851028        2.34787346901938        1.25374505176620
C            3.25938731852087        2.21414392990838        1.73255876364717
S           -1.43651526940435       -0.49703388698715       -1.43284146833261
P           -2.44193681262804       -0.07417390658519        0.37869995058050
S           -1.45314342905325       -0.25197625576431        2.05880520200388
O           -3.14090962303884        1.34472326553851        0.26052016242768
C           -3.87586009033413        1.74957082371601       -0.91015991786093
O           -3.72852304732600       -1.02508729759071        0.24760618395074
C           -3.65079539761253       -2.44905312733506        0.40090471968430
H            4.91380226748072       -2.04692772466317       -2.63153489297048
H            6.29253051582529       -1.54011129812999       -1.64663400960363
H            5.00885749255461       -2.51330987160726       -0.92771696348405
H            4.68835918580881        0.35211547606430       -1.96274885925365
H            4.78741058189227       -0.14518088520314       -0.23773856304802
H            0.57466926430104       -1.55077387236853        0.60226374051435
H            0.83836201663260       -2.21780671735026       -1.02707311100783
H            1.69147203405042        3.19840445896943        0.57805906057595
H            1.12807156158865        2.44686149954662        2.08985974136121
H            3.93708160203787        2.16365260569931        0.88728970311549
H            3.51822119083539        3.06799233481982        2.34671827209507
H            3.36237147709898        1.30536359155480        2.31679822162645
H           -4.32823034971928        2.69990429487222       -0.64147058143498
H           -4.63531160615064        1.00949550740003       -1.15126773461173
H           -3.18325290421931        1.87515083152108       -1.74062314520416
H           -3.13352262934072       -2.88565035873310       -0.45083405643295
H           -4.68172638536024       -2.79255125772616        0.43872232181445
H           -3.13307999824860       -2.69665738193833        1.32637496719120
38
 energy: -64.704321825127 gnorm: 0.010392547745 xtb: 6.7.1 (edcfbbe)
C            5.21558226784085       -1.71841890802779       -1.64496353914124
C            4.48660239572216       -0.44231934008903       -1.24633973149510
O            3.05899276047459       -0.62076023286773       -1.26664333566147
C            2.49195731237115       -1.17070314748293       -0.20888636925654
O            3.09405603096179       -1.52067494727996        0.77752930694136
C            0.99431293817380       -1.36394681592009       -0.38538224867065
C            0.32130536326603       -0.16625293520040       -1.03559232206342
H            0.77555255581673        0.04254312079559       -2.01122023942306
C            0.40513177319081        1.10877463763815       -0.21662653943602
O           -0.40990786448954        2.00905339012375       -0.30839175866566
O            1.49203211802272        1.13921271435387        0.51336059757054
C            1.81024320273806        2.33517144340567        1.25063671768738
C            3.24721381520710        2.21412353196542        1.72850062532008
S           -1.42534783591384       -0.50111251404310       -1.45085419584986
P           -2.41615250732105       -0.05577848347579        0.36798985713988
S           -1.41346012615896       -0.24135119320103        2.03840282519052
O           -3.11643557381324        1.35440880315123        0.25117255573716
C           -3.86889656358171        1.75387304870199       -0.90836409870629
O           -3.70131940557841       -1.00746940664517        0.25219005799611
C           -3.63124575467810       -2.42898598531214        0.39664457849994
H            4.89951377997163       -2.04198059642240       -2.63141669280334
H            6.28240967417459       -1.52980904368167       -1.65276983805536
H            5.00275205701345       -2.50510888469903       -0.92632356677200
H            4.67279704783273        0.35865510841342       -1.96125007117633
H            4.78253277871540       -0.13966714252348       -0.23771173814752
H            0.57150448797502       -1.56152713421593        0.60224751866603
H            0.84284499806779       -2.23706824705684       -1.02232322735310
H            1.66321429363962        3.19607641203259        0.58918221085515
H            1.11390300009072        2.41567214461793        2.09115790764956
H            3.92391629852539        2.17629224079705        0.88137433959404
H            3.49311200263951        3.06810276979763        2.34725452222720
H            3.35876273484130        1.30242475418741        2.30751286642182
H           -4.32325307673301        2.70166025390324       -0.63512707895348
H           -4.62752583647585        1.00922997871137       -1.13938235743892
H           -3.19079435465947        1.88291345384521       -1.75134534568717
H           -3.12105456488330       -2.86750840154681       -0.45920312714451
H           -4.66375270685262       -2.76722591128436        0.43892910699896
H           -3.10968299061420       -2.68695258858164        1.31816208217115
38
 energy: -64.704563365839 gnorm: 0.007438894578 xtb: 6.7.1 (edcfbbe)
C            5.21218561333434       -1.71310082227432       -1.64713963421155
C            4.48053396683353       -0.43906280672516       -1.24571183759579
O            3.05430656336208       -0.62711889281123       -1.26535159134946
C            2.49059546842805       -1.17926114562891       -0.20552265243852
O            3.09267846901043       -1.52357590963530        0.78473869249772
C            0.99407609415293       -1.37673081027761       -0.38389036746850
C            0.32259165471330       -0.17725159319687       -1.03660799962062
H            0.79137857581045        0.03410384513886       -2.00483738370256
C            0.40666998834215        1.09639133048044       -0.21637714574703
O           -0.42520519744771        1.98241432466981       -0.28577235961136
O            1.50427195931799        1.13933977674542        0.49445815458913
C            1.80103962796777        2.32859587942405        1.25152198221840
C            3.23811372199928        2.21643749212460        1.72930577703823
S           -1.42201299232108       -0.50626717264651       -1.45864966859994
P           -2.40524884732924       -0.04344186914861        0.36275949869679
S           -1.38971400595332       -0.22856498843326        2.02604155050461
O           -3.10852165656593        1.36171994611982        0.24846672394504
C           -3.86946028158503        1.75924382660864       -0.90723524917275
O           -3.68966134096909       -0.99658698364677        0.25755880945026
C           -3.61928634476733       -2.41873547730797        0.39458536318787
H            4.89263528454714       -2.03722484342232       -2.63322080276309
H            6.27966973647845       -1.52186193683288       -1.65982379926215
H            5.00410636269698       -2.50135821047060       -0.92767450631807
H            4.66307314412670        0.36334919522631       -1.96017877233340
H            4.77865757844588       -0.13308143422098       -0.23886344342734
H            0.56895313579773       -1.57442597009715        0.60222321812213
H            0.84595108664266       -2.25180530632962       -1.01905214065244
H            1.64667637820113        3.19815508114053        0.60318547820836
H            1.09984848318028        2.38827950338460        2.09072676752771
H            3.91563930043609        2.19211784513780        0.88061881385379
H            3.47617952084571        3.06906541078185        2.35520039259045
H            3.35914205813616        1.30078912670568        2.30229906204923
H           -4.32622393443088        2.70593300308698       -0.63252470368468
H           -4.62718023767086        1.01159647235491       -1.13449558757490
H           -3.19761965234859        1.89095304360193       -1.75544649993690
H           -3.11317448755967       -2.85466574708220       -0.46637139775854
H           -4.65178822787827       -2.75737992670945        0.44066590872553
H           -3.09246004046053       -2.68341730895001        1.31252160479016
38
 energy: -64.704664298448 gnorm: 0.003413881928 xtb: 6.7.1 (edcfbbe)
C            5.21267911619304       -1.70999540087684       -1.64950534892561
C            4.47887951426339       -0.43924857467466       -1.24556580579554
O            3.05187157004329       -0.63271551359543       -1.26562100364285
C            2.48935063598219       -1.18620393462936       -0.20398203635408
O            3.09170291526612       -1.53182440898847        0.78590754195951
C            0.99427159128697       -1.38485567802318       -0.38363208616995
C            0.32357638833524       -0.18339512797831       -1.03690571484413
H            0.79834778647729        0.02756569806585       -2.00183427862977
C            0.40908137391225        1.09096439727108       -0.21720053976929
O           -0.42713620528564        1.97020351406737       -0.27490243594771
O            1.51610518806042        1.14245087947275        0.47818710558297
C            1.79909972685407        2.32662208587856        1.25130516734359
C            3.23381011875369        2.22025492323358        1.73225022674955
S           -1.42186573377017       -0.50632102966300       -1.45741432735219
P           -2.40426206896023       -0.03633428489069        0.36354860112805
S           -1.38544982079242       -0.21918917507173        2.02494765773392
O           -3.11179400455254        1.36600418019286        0.24942375631522
C           -3.87316127239762        1.76342908205232       -0.90746172614325
O           -3.68744937660997       -0.99171695720794        0.26251450799480
C           -3.61240448079793       -2.41526648995682        0.39374323471832
H            4.89157197850465       -2.03399149715438       -2.63576619343143
H            6.28059385382749       -1.51650787452785       -1.66596399121411
H            5.00971787827359       -2.50085083822373       -0.93072874590905
H            4.65758287591755        0.36514733203409       -1.95926186219878
H            4.77545026715192       -0.13004564774460       -0.23938220728797
H            0.56659268049413       -1.58554644033114        0.60053079902426
H            0.84776872748390       -2.25945801542245       -1.02038422806274
H            1.63964412788851        3.20202866067005        0.61310220925237
H            1.09153470305139        2.36771087985477        2.08649024443101
H            3.91337821157049        2.20630802225330        0.88404714249366
H            3.46689002893071        3.07059817660660        2.36463909572998
H            3.36151886903588        1.30185651218424        2.30040934482072
H           -4.33202106737777        2.70950431763433       -0.63273506350106
H           -4.62990530908112        1.01471707588093       -1.13545607679705
H           -3.20141121642757        1.89710338535469       -1.75523663484742
H           -3.10726195172945       -2.84601175868738       -0.47099641330215
H           -4.64382001449425       -2.75724107879588        0.44187397188724
H           -3.08166107976179       -2.68218344937890        1.30914636772674
38
 energy: -64.704709454396 gnorm: 0.004050394623 xtb: 6.7.1 (edcfbbe)
C            5.21506727596343       -1.70847976050490       -1.65165678589834
C            4.47870476438931       -0.44121615803271       -1.24573021646559
O            3.05082319892855       -0.63711744351927       -1.26676056824486
C            2.48817634012897       -1.19145411378599       -0.20474989474480
O            3.09072123144771       -1.53859560306136        0.78404348292366
C            0.99378460965975       -1.38867230557934       -0.38475083352907
C            0.32332557946713       -0.18598749710728       -1.03757306859284
H            0.79698805404623        0.02306869421149       -2.00273074904264
C            0.41165563468520        1.08934711650900       -0.21862095372599
O           -0.43556239019410        1.96094286615783       -0.25732101868278
O            1.52775772997444        1.14767948992547        0.46241976922730
C            1.80088449585506        2.32628047573171        1.25002567432232
C            3.23290323889130        2.22430669495799        1.73585673399986
S           -1.42303028699978       -0.50570122104881       -1.45480756602444
P           -2.40538366987904       -0.03266761253031        0.36562181545174
S           -1.38841020816040       -0.21302372223592        2.02894699759446
O           -3.11674783850042        1.36811515934613        0.24997038785274
C           -3.87606659784540        1.76597073788307       -0.90903489494134
O           -3.68765900444107       -0.98991354190927        0.26619894106555
C           -3.60789141208697       -2.41435181670940        0.39373996035761
H            4.89348398942286       -2.03207375336965       -2.63797651270218
H            6.28271988159284       -1.51271882332403       -1.67011257211083
H            5.01603874290160       -2.50144978406036       -0.93406718574476
H            4.65463863199791        0.36519706749422       -1.95816146673185
H            4.77246318543695       -0.13137053314612       -0.23895613796740
H            0.56449371401922       -1.59181531738117        0.59831654052476
H            0.84709322984849       -2.26198419086652       -1.02363921395135
H            1.63803377123296        3.20641069629625        0.62014293947651
H            1.08775139514021        2.35216158593837        2.08081045126927
H            3.91530584307803        2.21795019696538        0.88989350730470
H            3.46120438709443        3.07218898960142        2.37354533910451
H            3.36403344458296        1.30404780060296        2.29994867989513
H           -4.33620139057612        2.71158373067097       -0.63430204521926
H           -4.63201504318027        1.01707065638577       -1.13873108576058
H           -3.20225505247739        1.90063155102709       -1.75462770265294
H           -3.10247036220856       -2.84008394475641       -0.47315409614837
H           -4.63811086298423       -2.75964927885209        0.44257539067290
H           -3.07483172473209       -2.68106114103941        1.30753821260494
38
 energy: -64.704734502176 gnorm: 0.002277816372 xtb: 6.7.1 (edcfbbe)
C            5.21749391301158       -1.70850440336276       -1.65307938140948
C            4.47896737015000       -0.44375642311567       -1.24589856950056
O            3.05039071537285       -0.64028900746535       -1.26833099007623
C            2.48672701415985       -1.19427474385930       -0.20658666543266
O            3.08945441187378       -1.54172033037176        0.78165202176238
C            0.99194455140175       -1.38808592197151       -0.38559606337841
C            0.32165056848147       -0.18486395899289       -1.03749834590078
H            0.79278822331130        0.02159448206968       -2.00435001253992
C            0.41298195587894        1.09022879397097       -0.21803123034654
O           -0.43449975507875        1.95940902931352       -0.24970380719140
O            1.53367999470957        1.15223797801022        0.45424225750172
C            1.80465505262558        2.32743127943412        1.24820695993530
C            3.23443775987815        2.22629698533346        1.73879945332218
S           -1.42570564420573       -0.50360187425912       -1.45249304324926
P           -2.40818493231861       -0.03202150639493        0.36823361483617
S           -1.39558425893804       -0.21321348522808        2.03429155153110
O           -3.12326193058221        1.36809047029832        0.25124686848813
C           -3.87826011231547        1.76665396125162       -0.91060970065278
O           -3.68952493191999       -0.99101641094856        0.26736618025267
C           -3.60574850166197       -2.41577688904525        0.39409999876840
H            4.89666379059463       -2.03182082920423       -2.63956984889787
H            6.28449715616472       -1.51035941605994       -1.67169679206401
H            5.02094295201671       -2.50289969817648       -0.93661695417474
H            4.65376085595904        0.36412917086488       -1.95698790844236
H            4.77015643107666       -0.13512631087810       -0.23796152069467
H            0.56225831492984       -1.59230727069931        0.59728410743566
H            0.84380690989270       -2.26007365570874       -1.02619186685513
H            1.64204477297268        3.20942765055399        0.62190360748577
H            1.08837771660644        2.34738918097497        2.07537294684223
H            3.91979114232269        2.22305828158520        0.89571609149289
H            3.45919610442120        3.07293334371422        2.37886933412326
H            3.36550529388353        1.30569795965048        2.30152071876941
H           -4.33915677734373        2.71195325207263       -0.63633800145654
H           -4.63341031562975        1.01803609755268       -1.14311714432633
H           -3.20096398084794        1.90167697359856       -1.75312627943732
H           -3.09914820687846       -2.83853989207478       -0.47305125039738
H           -4.63499359382081       -2.76375249731615        0.44245979359416
H           -3.07231350463444       -2.68067441823183        1.30770012504867
38
 energy: -64.704749487248 gnorm: 0.001712537304 xtb: 6.7.1 (edcfbbe)
C            5.21889004875835       -1.70949704371260       -1.65374967224115
C            4.47895559587820       -0.44563250120282       -1.24611826972150
O            3.05057847508482       -0.64215365729983       -1.26967142131316
C            2.48584106214217       -1.19368631842762       -0.20783991955453
O            3.08831867539802       -1.54089244458576        0.78049742269528
C            0.99064281597223       -1.38661817762421       -0.38690122651430
C            0.32171065464287       -0.18275317792973       -1.03830735155454
H            0.79068921661020        0.02324384907036       -2.00655908940870
C            0.41318138830543        1.09062645930954       -0.21635486378808
O           -0.43950134976803        1.95585422531850       -0.23849831571732
O            1.53795107108911        1.15604636300225        0.44818894550508
C            1.80742760307555        2.32857996666990        1.24610510449689
C            3.23630785501066        2.22689339994846        1.74001155426062
S           -1.42646242268732       -0.50063595250861       -1.45058158725821
P           -2.41055546155600       -0.03225035863713        0.36937021586470
S           -1.39944391771597       -0.21547327053598        2.03599026030149
O           -3.12754058883195        1.36750453277678        0.25187341639366
C           -3.87901328142593        1.76641422860562       -0.91176407454953
O           -3.69134422299896       -0.99238065545930        0.26760882465058
C           -3.60527152578940       -2.41677193982114        0.39473473243243
H            4.89873133602440       -2.03284842424253       -2.64026133776242
H            6.28528350835145       -1.50957351250404       -1.67177775922933
H            5.02311316887893       -2.50418659383776       -0.93763744621593
H            4.65396652504087        0.36290272972963       -1.95621570706503
H            4.76895819556063       -0.13881321061898       -0.23725351401727
H            0.56118352417874       -1.59035316929675        0.59631035369518
H            0.84144559252391       -2.25815772007650       -1.02780973804781
H            1.64602553081011        3.21244586280452        0.62202018434935
H            1.09000501141332        2.34636172678388        2.07191745595110
H            3.92393736679129        2.22520598135424        0.89912936180274
H            3.45802920694867        3.07276672836990        2.38162941888425
H            3.36599713606811        1.30574590851597        2.30178971079650
H           -4.34014681339347        2.71161374222597       -0.63817557897306
H           -4.63355059686358        1.01797693407206       -1.14641425776877
H           -3.19929058416711        1.90129228714658       -1.75237852370762
H           -3.09782218121900       -2.83871679368381       -0.47201961689270
H           -4.63395666352838       -2.76624163490737        0.44267280495447
H           -3.07185442909323       -2.68027242190694        1.30856975903239
38
 energy: -64.704761783239 gnorm: 0.001970159182 xtb: 6.7.1 (edcfbbe)
C            5.22029069750051       -1.71200519292382       -1.65402230714053
C            4.47852036942622       -0.44837512679670       -1.24641099059419
O            3.05086411692954       -0.64519670741263       -1.27208611378332
C            2.48414738271469       -1.19123506011707       -0.20955237772230
O            3.08534296689868       -1.53560794401015        0.78085214947592
C            0.98801965703800       -1.38296200077843       -0.38853923022935
C            0.31984307547809       -0.17837285205126       -1.03836195525840
H            0.78707017535858        0.02843795932232       -2.00780498546190
C            0.41199241304071        1.09194117193110       -0.21259913619193
O           -0.44803883449544        1.95064636207367       -0.22062224697001
O            1.54286607896622        1.16274644590243        0.43979864735687
C            1.81191153403348        2.33160030781813        1.24180944658629
C            3.23975195275587        2.22638766883002        1.74082930808612
S           -1.42893848748855       -0.49639070268263       -1.45189258944251
P           -2.41207338826568       -0.03311077458911        0.37003001845470
S           -1.40608517295475       -0.22195128457647        2.03925182057439
O           -3.13262445285423        1.36581265957641        0.25361690748427
C           -3.87877304084339        1.76494887371567       -0.91274800600484
O           -3.69208161553760       -0.99471827033046        0.26462309272521
C           -3.60475591465797       -2.41821225963297        0.39519798195778
H            4.90131719626277       -2.03568092661784       -2.64066281470238
H            6.28607533711351       -1.50997841792337       -1.67067970566201
H            5.02454309191743       -2.50659416620115       -0.93796669618869
H            4.65516521941861        0.36070234952941       -1.95510351230499
H            4.76751535493034       -0.14427496349322       -0.23645958960956
H            0.55970332165181       -1.58534164460289        0.59544992479735
H            0.83741663408852       -2.25444981459044       -1.02886876522617
H            1.65506601642705        3.21814368880611        0.61973392195423
H            1.09310045394151        2.35000024414830        2.06637122642863
H            3.93076162272191        2.22551434804482        0.90297935205145
H            3.45835027924785        3.07093441010551        2.38477751880731
H            3.36539580292388        1.30386397006563        2.30130703432110
H           -4.34054546889669        2.71022624263264       -0.64118741716388
H           -4.63255055356544        1.01682917536996       -1.15112550516308
H           -3.19571573652845        1.89949525153725       -1.75106611015053
H           -3.09568872091468       -2.84201306255601       -0.46956782968792
H           -4.63313165281191       -2.76890507585288        0.44225863895177
H           -3.07261118545123       -2.67928893478523        1.31057114941083
38
 energy: -64.704767988354 gnorm: 0.001072260126 xtb: 6.7.1 (edcfbbe)
C            5.22001805037522       -1.71294563115128       -1.65356828905675
C            4.47873508635039       -0.44863218512166       -1.24642407468462
O            3.05131118212603       -0.64607554962286       -1.27239597926340
C            2.48433573028245       -1.19042063441941       -0.20905469788129
O            3.08440540967234       -1.53254147919334        0.78303169615714
C            0.98832747286354       -1.38234093637679       -0.38826238737977
C            0.32088521616193       -0.17720092272117       -1.03823988543809
H            0.78961617418096        0.03076802572935       -2.00659634075275
C            0.41192164102605        1.09271745894821       -0.21209399588095
O           -0.44916801486284        1.94949616209146       -0.21791035043194
O            1.54366821064133        1.16499766510341        0.43815450713659
C            1.81298525432344        2.33365838461736        1.24017328699927
C            3.24030957017907        2.22550878341814        1.74030350002552
S           -1.42818347873912       -0.49476322130053       -1.45101459718533
P           -2.41389118620024       -0.03339619820317        0.36974771378809
S           -1.40633603141695       -0.22493582080648        2.03743104207954
O           -3.13512413538115        1.36518638447968        0.25524869168169
C           -3.87921409066437        1.76461515385939       -0.91216167085230
O           -3.69345008714024       -0.99568489134157        0.26260399755526
C           -3.60604132815577       -2.41886693956326        0.39504329082754
H            4.90100074178406       -2.03666919412020       -2.64031063529277
H            6.28615134718569       -1.51176279340348       -1.67014071817886
H            5.02349534863760       -2.50727126696949       -0.93725946894176
H            4.65593635176375        0.36020721078025       -1.95533318073045
H            4.76796397974093       -0.14391289737857       -0.23679206431750
H            0.55984055014108       -1.58465881229936        0.59560498937830
H            0.83790818350274       -2.25396938076436       -1.02834624000343
H            1.65893174178522        3.22030426128832        0.61755096475398
H            1.09295968090141        2.35416372645608        2.06410540382402
H            3.93168505918391        2.22361831474445        0.90255624832738
H            3.46060335783518        3.06927780666118        2.38494693200015
H            3.36391908235070        1.30225238892126        2.30035329840568
H           -4.34118539938269        2.71022077350211       -0.64170070655497
H           -4.63292770348385        1.01666824557493       -1.15178754672099
H           -3.19510363482541        1.89892560868817       -1.74973097608580
H           -3.09633729304468       -2.84423306798169       -0.46893826745448
H           -4.63440017710078       -2.76975797650290        0.44223021659489
H           -3.07413533707718       -2.67898060873755        1.31110654831889
38
 energy: -64.704771543300 gnorm: 0.000615529988 xtb: 6.7.1 (edcfbbe)
C            5.21941326604369       -1.71386440245023       -1.65289416951039
C            4.47915816798783       -0.44892182457036       -1.24634047985587
O            3.05158336645060       -0.64620304568406       -1.27194106261618
C            2.48441696068678       -1.18871030132080       -0.20740249427769
O            3.08349613054929       -1.52953616330788        0.78565857292978
C            0.98886383739505       -1.38191483498128       -0.38758974536000
C            0.32022623299953       -0.17678633299199       -1.03721042057045
H            0.79099063076471        0.03224503987777       -2.00401527775596
C            0.41063120711253        1.09331335459300       -0.21091016412526
O           -0.45259025251327        1.94765589978480       -0.21283466966458
O            1.54502186488070        1.16771526940517        0.43533961630144
C            1.81443809743384        2.33627599326638        1.23790910250708
C            3.24064644908118        2.22477818920494        1.73957464204852
S           -1.42821289806319       -0.49475446280977       -1.45253020409830
P           -2.41356022267128       -0.03366792619502        0.36909497502949
S           -1.40814688879116       -0.22725109393578        2.03791426222402
O           -3.13571095949119        1.36433758745304        0.25652107802592
C           -3.87910439974993        1.76421998510666       -0.91149878354669
O           -3.69291236346514       -0.99616910942181        0.25933960064724
C           -3.60678370320913       -2.41923335125394        0.39434241048065
H            4.90009693509756       -2.03746066998125       -2.63970844086585
H            6.28607313246965       -1.51436149393961       -1.66968599618568
H            5.02201506130289       -2.50796485806198       -0.93641322165647
H            4.65654469036871        0.35946742839281       -1.95593412786279
H            4.76874847868905       -0.14266659062880       -0.23729912318803
H            0.55974702392190       -1.58575329795298        0.59559917496570
H            0.83947624072911       -2.25311359983489       -1.02856416055974
H            1.66306830859202        3.22303563502324        0.61494634026997
H            1.09239925840938        2.35821719704020        2.06041352616872
H            3.93241566326906        2.22160820278328        0.90192483112718
H            3.46361039290732        3.06745880717845        2.38511654832202
H            3.36193456578519        1.30074486151751        2.29904049179169
H           -4.34106873060354        2.71022516595951       -0.64169522196979
H           -4.63332323063269        1.01677192320653       -1.15157079913609
H           -3.19460580282588        1.89830790265007       -1.74879029631168
H           -3.09674302176764       -2.84670565020547       -0.46865870345499
H           -4.63540503574806       -2.76948740950753        0.44169569640902
H           -3.07543192787573       -2.67828607652336        1.31118694808979
38
 energy: -64.704772546863 gnorm: 0.000259777273 xtb: 6.7.1 (edcfbbe)
C            5.21926787221595       -1.71432274833292       -1.65249711287423
C            4.47946971191194       -0.44914452379456       -1.24635722537658
O            3.05177805218889       -0.64606350200236       -1.27169569425304
C            2.48456618966844       -1.18833450586880       -0.20710710892273
O            3.08362221550247       -1.52781896645626        0.78635722861292
C            0.98899462005321       -1.38132947727597       -0.38736090310140
C            0.32042496249388       -0.17624574501727       -1.03717936558618
H            0.79097727768798        0.03231140553870       -2.00416455557604
C            0.41090117434547        1.09388123618510       -0.21089310146801
O           -0.45305098540012        1.94753389223536       -0.21122942189167
O            1.54556547741199        1.16870726566638        0.43445016555969
C            1.81552283107366        2.33734337169568        1.23686362575403
C            3.24122354007428        2.22461714715381        1.73948318683566
S           -1.42783769358985       -0.49417809725825       -1.45205402114087
P           -2.41427291152057       -0.03434590993930        0.36919915630328
S           -1.40974042372007       -0.22884460205138        2.03853423687613
O           -3.13644507391628        1.36363555404554        0.25668356996810
C           -3.87934829003370        1.76404599094149       -0.91148610196656
O           -3.69358274606189       -0.99690976580066        0.25842948600559
C           -3.60760675698239       -2.41987076028140        0.39420862296271
H            4.90006016684736       -2.03793678025220       -2.63927316019817
H            6.28591673225410       -1.51525156452879       -1.66900657371106
H            5.02141212138490       -2.50823423063863       -0.93601178501853
H            4.65679006416751        0.35892226413386       -1.95634448710504
H            4.76912336260208       -0.14267253199832       -0.23734493134739
H            0.55961327964450       -1.58548046131081        0.59571762975915
H            0.83977524496669       -2.25221783231669       -1.02884804009441
H            1.66541215186149        3.22396555157338        0.61337539041376
H            1.09287435183471        2.36030281091922        2.05857653987181
H            3.93351629337393        2.22047128560212        0.90232473225958
H            3.46468194676944        3.06725227249171        2.38481456593805
H            3.36114780298611        1.30064508686883        2.29918708929852
H           -4.34070089599774        2.71024526103822       -0.64147849593503
H           -4.63388345720074        1.01701315328412       -1.15154407573509
H           -3.19447665393273        1.89772917599205       -1.74847528001555
H           -3.09768609305698       -2.84770680766781       -0.46854348691168
H           -4.63626727801849       -2.76981625315981        0.44165507597191
H           -3.07632165836968       -2.67833171252881        1.31116488060409
38
 energy: -64.704772851363 gnorm: 0.000194731127 xtb: 6.7.1 (edcfbbe)
C            5.21899873359453       -1.71470555728018       -1.65206233209804
C            4.47953904764782       -0.44922113763874       -1.24640770003818
O            3.05176539490977       -0.64573789181499       -1.27137686620456
C            2.48454660534773       -1.18733953380810       -0.20648970775739
O            3.08382694254840       -1.52643802713910        0.78688067231807
C            0.98909292005966       -1.38119218960844       -0.38718504562237
C            0.32045247880801       -0.17619388567307       -1.03705458847570
H            0.79093890422056        0.03211677863052       -2.00420063814110
C            0.41097212726150        1.09383459236130       -0.21058799771948
O           -0.45328213087571        1.94710330876402       -0.21029270572432
O            1.54614955959200        1.16916654091245        0.43374014215647
C            1.81624747749058        2.33798156715869        1.23602522945763
C            3.24164880115521        2.22471414357734        1.73942322940809
S           -1.42753663817001       -0.49435934496366       -1.45188870151997
P           -2.41446865577312       -0.03474511904541        0.36914125176998
S           -1.41030414857403       -0.22981436941339        2.03853590738342
O           -3.13643834075153        1.36321854288465        0.25651665170638
C           -3.87954019858986        1.76408025457753       -0.91138433402532
O           -3.69380899026497       -0.99725228259001        0.25790287737382
C           -3.60817325926706       -2.42019916222108        0.39394676778543
H            4.89990772496435       -2.03847414038540       -2.63879620731465
H            6.28564820104643       -1.51588699664821       -1.66832846522953
H            5.02072769663319       -2.50834569662126       -0.93541651602232
H            4.65678510205871        0.35843144679568       -1.95683297855944
H            4.76937730583975       -0.14239280778909       -0.23754121883569
H            0.55947368500401       -1.58563675487310        0.59573451422506
H            0.84039417478227       -2.25193142308172       -1.02902121528287
H            1.66686808004971        3.22444539645247        0.61203194879108
H            1.09323094793645        2.36149837227862        2.05735150022713
H            3.93444634764819        2.21975745424264        0.90270763857249
H            3.46506302825427        3.06757069015135        2.38442326115252
H            3.36067970065453        1.30093584073824        2.29959404502460
H           -4.34012762017708        2.71048219932428       -0.64102170335062
H           -4.63446516711050        1.01740179062174       -1.15107055822372
H           -3.19484021435418        1.89731689086610       -1.74854181585039
H           -3.09874903295901       -2.84828595568001       -0.46889220628006
H           -4.63693085293874       -2.76974978806978        0.44180479105844
H           -3.07669921218210       -2.67858779910833        1.31076332863084
38
 energy: -64.704772950435 gnorm: 0.000087427342 xtb: 6.7.1 (edcfbbe)
C            5.21895574728985       -1.71483245523852       -1.65175944417010
C            4.47954439474818       -0.44918680081942       -1.24642986410237
O            3.05178161386549       -0.64591447909309       -1.27140226132088
C            2.48459960025933       -1.18744676852558       -0.20642029499427
O            3.08389009908846       -1.52580953400260        0.78725281324654
C            0.98918439002269       -1.38129618867222       -0.38711125099044
C            0.32045836723505       -0.17633824880184       -1.03704063485888
H            0.79097707732038        0.03197500377820       -2.00419807442323
C            0.41107090533025        1.09371842138722       -0.21061665932578
O           -0.45345804439531        1.94678653781886       -0.20992920499509
O            1.54648452540054        1.16931095277352        0.43325743093949
C            1.81653473635759        2.33821100368953        1.23554247396477
C            3.24176423715751        2.22488021996931        1.73945314878861
S           -1.42753959795826       -0.49438500456263       -1.45199924420812
P           -2.41442232457920       -0.03486885052973        0.36912698154199
S           -1.41049251101503       -0.23002229672868        2.03869905687076
O           -3.13628131422317        1.36309447740223        0.25648638109170
C           -3.87965658843244        1.76416379346740       -0.91120167683605
O           -3.69381575419416       -0.99728528764167        0.25773317386618
C           -3.60842505255921       -2.42027474828004        0.39372763617881
H            4.89997681604688       -2.03876105623988       -2.63848906428559
H            6.28564330988796       -1.51612154611300       -1.66790172522473
H            5.02048285179525       -2.50833065493736       -0.93499524548725
H            4.65675578831614        0.35827061456180       -1.95707514012966
H            4.76938143894227       -0.14208524192093       -0.23765951510503
H            0.55946549296921       -1.58573508784990        0.59575540231720
H            0.84066598629939       -2.25208221796692       -1.02889338477512
H            1.66747772881230        3.22458796199291        0.61135202240243
H            1.09327053959349        2.36190487673424        2.05666421848003
H            3.93482544144212        2.21955772575327        0.90294883330773
H            3.46506771606433        3.06793045352614        2.38425622192546
H            3.36051637323688        1.30125985597676        2.29998244215588
H           -4.33983567519185        2.71072221186504       -0.64072243879394
H           -4.63488894129362        1.01770946315256       -1.15063773470384
H           -3.19522942474819        1.89715565224855       -1.74863110340808
H           -3.09939101649627       -2.84843950071735       -0.46931557718114
H           -4.63724391182545       -2.76963870716130        0.44196858230471
H           -3.07667849504962       -2.67881860341038        1.31035297470302
