----------------------------------------------- 
  Element       SASA      Sigma Z        Total  
     Z         Ang**2 cal/Ang**2/mol   kcal/mol 
----------------------------------------------- 
      H        235.954      48.690      11.489
      C         58.065     129.740       7.533
      O         28.744       0.000       0.000
      P          0.798       0.000       0.000
      S         91.797      -9.100      -0.835

 Subtotal:     415.358                  18.187
 -----------------------------------------------

  Elements    COT*SASA   Sigma Z,Z'     Total   
    Z,Z'       Ang**2  cal/Ang**2/mol kcal/mol  
 ---------------------------------------------- 
  H   C        159.075     -60.770      -9.667
  H   O          0.000       0.000       0.000
  C   C         33.260     -72.950      -2.426
  O   C          0.000      68.690       0.000
  O   O          0.000       0.000       0.000
  O   P         19.874      68.850       1.368

 Subtotal:                             -10.725
 ---------------------------------------------- 

 NONAQUEOUS SOLVENT CONTRIBUTION (kcal/mol):
 (proportional to SASA, atomic number independent)
 ---------------------------------------------- 
 Subtotal:                               0.000
 ---------------------------------------------- 

 CDS TOTAL (kcal/mol):                   7.462
...............................................................................
