----------------------------------------------- 
  Element       SASA      Sigma Z        Total  
     Z         Ang**2 cal/Ang**2/mol   kcal/mol 
----------------------------------------------- 
      H        209.763      48.690      10.213
      C         62.608     129.740       8.123
      O         71.912       0.000       0.000
      P          1.440       0.000       0.000
      S         54.752      -9.100      -0.498

 Subtotal:     400.475                  17.838
 -----------------------------------------------

  Elements    COT*SASA   Sigma Z,Z'     Total   
    Z,Z'       Ang**2  cal/Ang**2/mol kcal/mol  
 ---------------------------------------------- 
  H   C        141.127     -60.770      -8.576
  H   O          0.000       0.000       0.000
  C   C         28.480     -72.950      -2.078
  O   C         28.575      68.690       1.963
  O   O          0.000       0.000       0.000
  O   P         13.178      68.850       0.907

 Subtotal:                              -7.784
 ---------------------------------------------- 

 NONAQUEOUS SOLVENT CONTRIBUTION (kcal/mol):
 (proportional to SASA, atomic number independent)
 ---------------------------------------------- 
 Subtotal:                               0.000
 ---------------------------------------------- 

 CDS TOTAL (kcal/mol):                  10.054
...............................................................................
