17
 energy: -22.498109650197 gnorm: 0.027758179398 xtb: 6.7.1 (edcfbbe)
C            2.42608946555496        1.09691170486571       -0.00177236233346
C            1.16533848864728        0.28710348732486        0.00318247840344
C            1.19793438294812       -1.10536273795402        0.00410709479191
C           -0.00409344689635       -1.80627646185606        0.00021782588810
C           -1.19557750674467       -1.09889636658938       -0.00356841668509
C           -1.15297214300784        0.29896084569757       -0.00249504845504
N            0.00590679095219        0.97615488593128        0.00037986891959
C           -2.42558847412352        1.09235409655542        0.00042223282242
H            2.43316708666856        1.80439127962931        0.83366628501534
H            3.30855322497590        0.45780325335112        0.07076571619109
H            2.49835270690631        1.68547186322257       -0.92310436550685
H            2.14853829787971       -1.62809804468818        0.00724929399794
H           -0.00738922014310       -2.89200169915800        0.00023914877230
H           -2.15219078341193       -1.61171352677765       -0.00613560369885
H           -3.00453079505374        0.88724665828125        0.90762915111088
H           -2.21952974029827        2.16276156783372       -0.04750463662614
H           -3.05682580579975        0.81499479384085       -0.85038219470165
17
 energy: -22.499110702721 gnorm: 0.009868637023 xtb: 6.7.1 (edcfbbe)
C            2.40945651074063        1.09940189048511       -0.00179255294437
C            1.15444865898058        0.28601041573938        0.00193240533826
C            1.19152667264048       -1.10311268293529        0.00305810145602
C           -0.00376030908846       -1.80562532325053        0.00032499165986
C           -1.19139778707407       -1.09943792162165       -0.00257743202467
C           -1.14573045515652        0.29410823374914       -0.00154273749227
N            0.00309773113734        0.96470329574682        0.00029723737371
C           -2.40956101934980        1.09395539998782        0.00043264634686
H            2.40537151017191        1.80157639148395        0.83086518810407
H            3.28603346158405        0.45954535636666        0.07199761951717
H            2.47257884118877        1.68332485376266       -0.92003159212057
H            2.13913755404573       -1.62163177457103        0.00598379142997
H           -0.00525927883385       -2.88720911690833        0.00040350083280
H           -2.14441275535551       -1.60837381417560       -0.00527852177707
H           -2.97923188422208        0.89031769559126        0.90792141640447
H           -2.18595995092441        2.15621513364200       -0.04736998553982
H           -3.03115497143092        0.81803756641801       -0.85172760865850
17
 energy: -22.499212603931 gnorm: 0.001583440344 xtb: 6.7.1 (edcfbbe)
C            2.40335762533713        1.10247601984689       -0.00173617709135
C            1.15095563714913        0.28417337187347        0.00195190956698
C            1.19068570546737       -1.10504129933871        0.00265333705169
C           -0.00319397690915       -1.80855052337298        0.00022189885697
C           -1.19135741937251       -1.10317908862084       -0.00230569712422
C           -1.14385673975719        0.28977100684345       -0.00169507688090
N            0.00196340654657        0.95618693492342        0.00020781824238
C           -2.40377952267018        1.09670284923046        0.00044052745072
H            2.39030050329544        1.80315156220949        0.82940814443191
H            3.28024900005856        0.46623127209387        0.07334721911434
H            2.45979294003968        1.68422419790610       -0.91923113219392
H            2.13753375735102       -1.62201743288681        0.00472719737026
H           -0.00352276581748       -2.88878011993789        0.00046503186759
H           -2.14321876307981       -1.61092607563361       -0.00414863444179
H           -2.97134706459336        0.89705678813238        0.90745291277459
H           -2.16612812133570        2.15446174352562       -0.04680731501218
H           -3.02325167265563        0.82586439271606       -0.85205549607715
17
 energy: -22.499222260137 gnorm: 0.001052262731 xtb: 6.7.1 (edcfbbe)
C            2.40188950317118        1.10468340159019       -0.00160701369701
C            1.15093521105021        0.28252462925294        0.00147171228769
C            1.19162698356804       -1.10748084493892        0.00182272679065
C           -0.00272762971127       -1.81072232361771        0.00015992279311
C           -1.19242651586916       -1.10648672966842       -0.00160712200039
C           -1.14473929284702        0.28680669659046       -0.00121427659482
N            0.00151158909702        0.95197798912054        0.00026021601447
C           -2.40263237367638        1.09892703093294        0.00043186343698
H            2.38349035584035        1.80574888611173        0.82900752191197
H            3.28074236880908        0.47186939925499        0.07507381050480
H            2.45552326146378        1.68543269956322       -0.91974233701870
H            2.13835098220941       -1.62482847834056        0.00349079167349
H           -0.00248110556965       -2.89101401456805        0.00032018392242
H           -2.14379678351387       -1.61517712251907       -0.00308587025234
H           -2.97103743101979        0.90252042549399        0.90721807231074
H           -2.15660087861823        2.15478147357055       -0.04638935961289
H           -3.02244571532984        0.83224248168155       -0.85271437456424
17
 energy: -22.499223582632 gnorm: 0.000242798899 xtb: 6.7.1 (edcfbbe)
C            2.40152674954369        1.10508740218052       -0.00157379710142
C            1.15121722441367        0.28196250482819        0.00174222704174
C            1.19197393605468       -1.10812480304831        0.00171581342730
C           -0.00257367444507       -1.81084596698687       -0.00000075480135
C           -1.19268280034163       -1.10718356402979       -0.00160533050639
C           -1.14537782597493        0.28600838352956       -0.00134187315233
N            0.00140551800467        0.95143847913606        0.00036420474613
C           -2.40238864148012        1.09948953890654        0.00054990458243
H            2.38203403181406        1.80731259824584        0.82821774101648
H            3.28115992050431        0.47334564076643        0.07660054138238
H            2.45568427504176        1.68484885044502       -0.92053967502764
H            2.13855665036544       -1.62602309998016        0.00280025976579
H           -0.00233413027622       -2.89136948604466        0.00013647867291
H           -2.14367884856367       -1.61688494123474       -0.00252349327016
H           -2.97179588757221        0.90341821069490        0.90698847967692
H           -2.15503434899826        2.15507166108941       -0.04560034621027
H           -3.02250961903629        0.83425419101244       -0.85303391233658
17
 energy: -22.499223960556 gnorm: 0.000149628496 xtb: 6.7.1 (edcfbbe)
C            2.40111941757341        1.10517957710236       -0.00152379677498
C            1.15114221834139        0.28178564049317        0.00146704995997
C            1.19201780560808       -1.10824868616262        0.00125081005040
C           -0.00250138797938       -1.81084154585285       -0.00009400807564
C           -1.19269249296430       -1.10731647989116       -0.00126759903587
C           -1.14550884954090        0.28571027094544       -0.00093379239664
N            0.00134532172357        0.95117175041449        0.00052356923679
C           -2.40202466912941        1.09966382053014        0.00066986515180
H            2.38059522234370        1.80860006081739        0.82720366707422
H            3.28093065017289        0.47386222873768        0.07837606686906
H            2.45609482479610        1.68365095133889       -0.92123387679802
H            2.13849741709403       -1.62626073711020        0.00229350431670
H           -0.00233176390480       -2.89138918592555       -0.00011003248269
H           -2.14342364325674       -1.61745998750737       -0.00225322382215
H           -2.97207027146576        0.90336897631081        0.90665970848690
H           -2.15407544629237        2.15508612071548       -0.04477886929506
H           -3.02193182406565        0.83524282455427       -0.85335257455887
17
 energy: -22.499224501275 gnorm: 0.000302271245 xtb: 6.7.1 (edcfbbe)
C            2.40077749503075        1.10520876398403       -0.00152853252783
C            1.15103665924856        0.28170216537259        0.00164710935545
C            1.19204383846184       -1.10829439369581        0.00096720253670
C           -0.00242242118434       -1.81085354406606       -0.00041708118530
C           -1.19266948290000       -1.10733855829133       -0.00127910662610
C           -1.14560948506518        0.28552490330033       -0.00077381449493
N            0.00129808057351        0.95099946537381        0.00084877867535
C           -2.40172488943144        1.09977249112923        0.00105382752556
H            2.37850107592092        1.81131027312046        0.82481512470691
H            3.28060677405946        0.47433919753108        0.08200414032680
H            2.45753005857831        1.68072796758384       -0.92299464853393
H            2.13846000561561       -1.62632594475032        0.00160551116462
H           -0.00239289122001       -2.89138799872782       -0.00060692214460
H           -2.14313062780913       -1.61792375299313       -0.00202550630863
H           -2.97272856706258        0.90246290881146        0.90622885325826
H           -2.15333303833779        2.15511269748167       -0.04280713801910
H           -3.02106005542461        0.83676895834635       -0.85384132980330
17
 energy: -22.499225345936 gnorm: 0.000413018798 xtb: 6.7.1 (edcfbbe)
C            2.40072604623426        1.10514059041838       -0.00155589036121
C            1.15096457486103        0.28177856881574        0.00176596887132
C            1.19203198733202       -1.10822032341458        0.00062046126387
C           -0.00237593166069       -1.81084059280731       -0.00087552095787
C           -1.19261600169702       -1.10720765658744       -0.00139758841199
C           -1.14564043197999        0.28558060354294       -0.00041243312471
N            0.00128957571742        0.95107857570977        0.00134247805229
C           -2.40169798546071        1.09974358764066        0.00166111068587
H            2.37631835054178        1.81498865826771        0.82148608311430
H            3.28030710358909        0.47455971803744        0.08696530905316
H            2.46009124504890        1.67648787891570       -0.92550568509803
H            2.13847342312616       -1.62616130750016        0.00123031132842
H           -0.00249731276108       -2.89133931422607       -0.00141001102643
H           -2.14294851974298       -1.61801505051908       -0.00241009531965
H           -2.97356337177616        0.90099764936014        0.90598980442756
H           -2.15336973160451        2.15516350524284       -0.04041521735189
H           -3.02031049071364        0.83807050861370       -0.85418261723909
17
 energy: -22.499227995884 gnorm: 0.000704827133 xtb: 6.7.1 (edcfbbe)
C            2.40082078918167        1.10490953508391       -0.00162123307193
C            1.15079249925436        0.28210067398555        0.00225158677781
C            1.19195835588029       -1.10793565455938       -0.00020893470987
C           -0.00229012492479       -1.81077235089212       -0.00233029926854
C           -1.19246172319547       -1.10677885176103       -0.00205763149848
C           -1.14563897618311        0.28589836103807        0.00054069434885
N            0.00129114914822        0.95144758553542        0.00283968647592
C           -2.40184492547428        1.09956436581544        0.00352354293087
H            2.37019914344690        1.82589983303068        0.81156170102388
H            3.27947602272417        0.47502479337858        0.10174221341228
H            2.46797962646203        1.66374641174566       -0.93298083333230
H            2.13853932249376       -1.62554959523743        0.00036818387281
H           -0.00276100611046       -2.89116601300865       -0.00391534587450
H           -2.14261587245953       -1.61789660547112       -0.00395503030188
H           -2.97569603496897        0.89678876768200        0.90572558910852
H           -2.15403434894238        2.15530182187671       -0.03384060561579
H           -3.01853136727852        0.84122252126809       -0.85474681637172
17
 energy: -22.499217712472 gnorm: 0.004968916811 xtb: 6.7.1 (edcfbbe)
C            2.40124811617775        1.10396082357844       -0.00190471286456
C            1.15006038767867        0.28348458464782        0.00459229199759
C            1.19165999913615       -1.10674065165819       -0.00395133884778
C           -0.00192254925900       -1.81046419868865       -0.00917332241095
C           -1.19185912874306       -1.10503381648294       -0.00542274904517
C           -1.14569272372954        0.28719790578816        0.00485377235453
N            0.00125248932146        0.95299096073506        0.00986249502780
C           -2.40256777816147        1.09881714620928        0.01224423124679
H            2.34160248356080        1.87695208238346        0.76469970329426
H            3.27552474698679        0.47796342660465        0.17103782029825
H            2.50490543987779        1.60397411178551       -0.96755130893526
H            2.13885970937590       -1.62295533821477       -0.00358322153206
H           -0.00380856221221       -2.89043720921882       -0.01569017018297
H           -2.14129376655226       -1.61741927428560       -0.01148311544013
H           -2.98523556264146        0.87769889429837        0.90484003199182
H           -2.15686672932634        2.15591496655716       -0.00349520770282
H           -3.01068404243609        0.85590118547146       -0.85697873134342
17
 energy: -22.499233454387 gnorm: 0.001782315603 xtb: 6.7.1 (edcfbbe)
C            2.40124160197002        1.10430611785277       -0.00182806402181
C            1.15040061083522        0.28297424588926        0.00353183967278
C            1.19174903776690       -1.10718291353748       -0.00220898543471
C           -0.00213477125190       -1.81058602558045       -0.00580802086751
C           -1.19212284268242       -1.10572462240037       -0.00371340586049
C           -1.14560260717276        0.28678371844897        0.00292779343156
N            0.00128346824192        0.95245594899705        0.00675199626378
C           -2.40244202604349        1.09903583318672        0.00798221209826
H            2.35622579945732        1.85178732875923        0.78707676029172
H            3.27730823808585        0.47655420527736        0.13711103816332
H            2.48740507011677        1.63278576350125       -0.95040050686319
H            2.13872268108688       -1.62395814708101       -0.00170742598836
H           -0.00334629669502       -2.89072767863332       -0.00986553498991
H           -2.14201170734585       -1.61730853515166       -0.00777202588859
H           -2.98105437944171        0.88638058842361        0.90495170767051
H           -2.15616401301294        2.15557860421325       -0.01793212750005
H           -3.01427533486092        0.84865116734523       -0.85620078227138
17
 energy: -22.499235794502 gnorm: 0.001628286897 xtb: 6.7.1 (edcfbbe)
C            2.40140129046547        1.10418006757098       -0.00188256752294
C            1.15033735281690        0.28320155994413        0.00372549388741
C            1.19170706774220       -1.10699290899901       -0.00268593653887
C           -0.00210761275559       -1.81052257057426       -0.00639609790620
C           -1.19205261966109       -1.10549801010685       -0.00388820101307
C           -1.14556836561327        0.28701220770066        0.00346821455613
N            0.00128729089661        0.95271109636014        0.00756979060071
C           -2.40264564406865        1.09889861127113        0.00881387119832
H            2.35384190994583        1.85640644957051        0.78186840024313
H            3.27662184990853        0.47725981569893        0.14388597899565
H            2.49134507099603        1.62650524090140       -0.95318846717939
H            2.13878591301534       -1.62357720628814       -0.00242327003988
H           -0.00341934507209       -2.89061409429470       -0.01089458274838
H           -2.14195939007814       -1.61705336310352       -0.00823686584227
H           -2.98242664873621        0.88404318554493        0.90446622978325
H           -2.15678860461997        2.15559271919807       -0.01454477020402
H           -3.01317698612802        0.85025279911599       -0.85676075236367
17
 energy: -22.499248667970 gnorm: 0.002880677707 xtb: 6.7.1 (edcfbbe)
C            2.40192039852636        1.10380941822697       -0.00226956657180
C            1.14994393872121        0.28428530227583        0.00523623768992
C            1.19161417031334       -1.10610890553401       -0.00669440048357
C           -0.00178812658358       -1.81008682680423       -0.01184817200782
C           -1.19171693654506       -1.10451721854451       -0.00557277723190
C           -1.14559455476817        0.28782081615264        0.00765849291460
N            0.00123500700927        0.95376488533851        0.01368478569582
C           -2.40341953977964        1.09843623470250        0.01598096377616
H            2.32945450485608        1.89831359028077        0.73778928179160
H            3.27124065027789        0.48400867720997        0.20434392570300
H            2.52388677796378        1.57276399074534       -0.97909806803656
H            2.13921639442091       -1.62170670170977       -0.00886375193189
H           -0.00363906330834       -2.88999220308779       -0.02023249172504
H           -2.14147596051000       -1.61636103673052       -0.01160451489423
H           -2.99279465811307        0.86578581837605        0.90095184068224
H           -2.15878323638943        2.15589291215704        0.01454569634215
H           -3.00411723703766        0.86569684645560       -0.86111101380676
17
 energy: -22.499257598981 gnorm: 0.002707204355 xtb: 6.7.1 (edcfbbe)
C            2.40178373397924        1.10416055286216       -0.00243274878493
C            1.14994460916732        0.28419665492848        0.00546500104687
C            1.19171677288993       -1.10620555100697       -0.00826338397601
C           -0.00171097505160       -1.80996156791589       -0.01353227987050
C           -1.19183822205343       -1.10485933229231       -0.00570235364031
C           -1.14574837958940        0.28746100194693        0.00886382994347
N            0.00112641962153        0.95350774846655        0.01517900774003
C           -2.40334940123391        1.09862953652886        0.01810417374855
H            2.32057446518413        1.91141357190015        0.72277648785431
H            3.26899133716849        0.48825333272040        0.22429272004269
H            2.53417001369781        1.55536080160049       -0.98629163214765
H            2.13930705161407       -1.62187245119671       -0.01204788802568
H           -0.00326287552624       -2.88998224831689       -0.02301898090835
H           -2.14164589270878       -1.61663094497896       -0.01114113267070
H           -2.99632801839206        0.86008707233766        0.89900291659817
H           -2.15797287836483        2.15589265832781        0.02476892916847
H           -3.00057523134842        0.87235476359865       -0.86312619821251
17
 energy: -22.499283271111 gnorm: 0.001473551239 xtb: 6.7.1 (edcfbbe)
C            2.40063945245227        1.10633190937481       -0.00287651965714
C            1.15039516133919        0.28269930906610        0.00509137675250
C            1.19234569414046       -1.10752795588166       -0.01265757948242
C           -0.00170104731214       -1.80973129737175       -0.01682214369595
C           -1.19283813925732       -1.10766800428332       -0.00465880314796
C           -1.14645842630223        0.28487411141309        0.01109880050743
N            0.00059947735166        0.95119935527565        0.01713715849103
C           -2.40237205464854        1.10003553024792        0.02208968642833
H            2.29851964424987        1.93824706886950        0.68745873507570
H            3.26228241969774        0.50408569970752        0.26885380217894
H            2.55637991324447        1.51737288950296       -0.99783725476164
H            2.13934295870296       -1.62460756170892       -0.02294628671382
H           -0.00092272571865       -2.89054440438105       -0.02809932848842
H           -2.14324639560180       -1.61843218649910       -0.00498686721442
H           -3.00502811115210        0.84799321568819        0.89198530080885
H           -2.15205566841606        2.15554044976894        0.04970675242762
H           -2.99069962371589        0.89193747072156       -0.86964036160271
17
 energy: -22.498214006680 gnorm: 0.028090628798 xtb: 6.7.1 (edcfbbe)
C            2.39927391743193        1.10941411309614       -0.00432564225246
C            1.15041642064664        0.28173486943533        0.00690653138199
C            1.19304114338762       -1.10829519714508       -0.02780019890754
C           -0.00165779338467       -1.80881013884004       -0.03193506600250
C           -1.19437663138388       -1.11139094061579       -0.00566377035293
C           -1.14781339175211        0.28169090406756        0.02160391040981
N           -0.00078815301547        0.94888246748127        0.03064796087316
C           -2.40226867594409        1.10148520719614        0.04126778802694
H            2.22001689092832        2.05506534493587        0.54911223445534
H            3.24030306955646        0.54587775235888        0.44890853815414
H            2.65460357754658        1.36052356684599       -1.05944039254324
H            2.13959853627024       -1.62663698515199       -0.05318384301315
H            0.00322523409971       -2.89070974213720       -0.05239839358118
H           -2.14602282518830       -1.62000307345385        0.00104398446473
H           -3.03839051145288        0.79596584120341        0.87342557170433
H           -2.14592047549183        2.15468160353004        0.14228957156609
H           -2.95805780320037        0.95233000670380       -0.88756231647761
17
 energy: -22.499264051312 gnorm: 0.006614045583 xtb: 6.7.1 (edcfbbe)
C            2.39988236166619        1.10819186656630       -0.00422248024856
C            1.15059528172409        0.28196383169986        0.00618024250811
C            1.19273312115014       -1.10806679649367       -0.02047530608059
C           -0.00188710428215       -1.80932906949342       -0.02381772433352
C           -1.19388133635456       -1.11024440624548       -0.00428560117538
C           -1.14713017605670        0.28295619578852        0.01690803884631
N           -0.00024554812057        0.94969447367986        0.02468521838484
C           -2.40241081304012        1.10087379067489        0.03136245151517
H            2.26008065599124        1.99503434987419        0.61543493959741
H            3.24958001576245        0.52828787572012        0.35792390007335
H            2.60692565654923        1.43860180414389       -1.02624016374091
H            2.13929357687630       -1.62621327241186       -0.03960738040974
H            0.00190536969070       -2.89082797792142       -0.03924397723436
H           -2.14539609384541       -1.61905434855846        0.00027377490939
H           -3.02476743099185        0.81951589827184        0.87913626093140
H           -2.14878279021173        2.15459184368041        0.10012183966784
H           -2.97131221745337        0.92582954053490       -0.88123756530485
17
 energy: -22.499305357395 gnorm: 0.003677593384 xtb: 6.7.1 (edcfbbe)
C            2.40037651122996        1.10780295160434       -0.00421812647431
C            1.15075545180606        0.28222113931401        0.00500108173815
C            1.19263741936903       -1.10777627831625       -0.02042166634548
C           -0.00204686763431       -1.80931225436609       -0.02315369216719
C           -1.19379273997524       -1.10994270445407       -0.00377277469295
C           -1.14685070768685        0.28350661467015        0.01617693170377
N           -0.00011048949169        0.95011637313555        0.02288270145689
C           -2.40281020602112        1.10055821094868        0.03087539368021
H            2.26312492247044        1.98950607450647        0.61785664379152
H            3.24910207359266        0.52868337342749        0.35289986178648
H            2.60598522493551        1.44287511533048       -1.02139503611962
H            2.13917785944032       -1.62592159554255       -0.03932702395895
H            0.00187833902938       -2.89072482667856       -0.03801491870400
H           -2.14562486928258       -1.61815956921602        0.00076932646790
H           -3.02377539671490        0.82086517255536        0.87913448248655
H           -2.15076038849642        2.15391925315447        0.09739239003452
H           -2.97208360751636        0.92358854943698       -0.87978910677757
17
 energy: -22.499316451299 gnorm: 0.002466357825 xtb: 6.7.1 (edcfbbe)
C            2.40095524907452        1.10703728566111       -0.00439360509572
C            1.15057010355969        0.28302428789331        0.00490134076027
C            1.19233621597686       -1.10703005795133       -0.01995430890046
C           -0.00211293246055       -1.80929124536027       -0.02297017889856
C           -1.19341773571420       -1.10882174441288       -0.00420454200665
C           -1.14653573780391        0.28467212673837        0.01617186249553
N            0.00001253326827        0.95121657323163        0.02287900186504
C           -2.40351586735230        1.09984007659831        0.03082740593945
H            2.26686010770056        1.98671396304818        0.61857937402241
H            3.24843731290755        0.52726891032599        0.34940874402109
H            2.60618445797236        1.44431324708291       -1.01945030750510
H            2.13915199564128       -1.62457290206572       -0.03706402547478
H            0.00118570399370       -2.89038844130213       -0.03753394995571
H           -2.14524179473371       -1.61702944836062       -0.00108560019974
H           -3.02327015259104        0.82007177666753        0.87973999189170
H           -2.15349581320494        2.15368026551317        0.09611844889292
H           -2.97292111718026        0.92110092620291       -0.87907318394579
17
 energy: -22.499321453573 gnorm: 0.001743290489 xtb: 6.7.1 (edcfbbe)
C            2.40147552160848        1.10619719567406       -0.00453757771694
C            1.15030021661758        0.28381985312123        0.00461425256820
C            1.19209594605624       -1.10631557537993       -0.01959464672736
C           -0.00202885349210       -1.80924846769619       -0.02296613441535
C           -1.19297897157466       -1.10760470252200       -0.00483628001151
C           -1.14630820530820        0.28575164239324        0.01609210337052
N            0.00015232317165        0.95226586860204        0.02274899484349
C           -2.40406578301120        1.09923580897836        0.03126067035561
H            2.26888319180076        1.98607996400369        0.61779537209645
H            3.24816192820113        0.52582402890618        0.34926630016750
H            2.60728137364417        1.44330383037720       -1.01912904062830
H            2.13928030994266       -1.62312050986591       -0.03487127718939
H            0.00037059559151       -2.89001495903164       -0.03773993354954
H           -2.14456899598339       -1.61624346942119       -0.00363569461962
H           -3.02263678804692        0.81934211683196        0.88090484779971
H           -2.15613014947607        2.15359896305248        0.09525744507348
H           -2.97410113068778        0.91893401148686       -0.87773293351105
17
 energy: -22.499327383855 gnorm: 0.000895941098 xtb: 6.7.1 (edcfbbe)
C            2.40205323560266        1.10493369026146       -0.00474464329793
C            1.14957944484645        0.28532415261109        0.00499170693448
C            1.19172448110007       -1.10500911254873       -0.01896834193290
C           -0.00165546271352       -1.80906113047815       -0.02379799460866
C           -1.19216391889799       -1.10540407347761       -0.00643601532856
C           -1.14614583438153        0.28742873874526        0.01653327612599
N            0.00027984819506        0.95407157256080        0.02363281599275
C           -2.40482429204375        1.09827193565250        0.03266290539453
H            2.27055775035330        1.98899190579388        0.61185316867320
H            3.24644955908408        0.52441799909201        0.35401731200866
H            2.61159604958421        1.43568189906878       -1.02085971425961
H            2.13966747818918       -1.62028954064679       -0.03094293920847
H           -0.00113316893880       -2.88924970637900       -0.03929230530376
H           -2.14295195687513       -1.61552766648899       -0.00906122430939
H           -3.02220357808432        0.81677984557547        0.88283565465060
H           -2.15997677452187        2.15357918022294        0.09626162754703
H           -2.97567033144423        0.91686590994554       -0.87578882117204
17
 energy: -22.499330678164 gnorm: 0.000335212960 xtb: 6.7.1 (edcfbbe)
C            2.40147753353746        1.10528462075455       -0.00450403502989
C            1.14948577396342        0.28502737395508        0.00546125619709
C            1.19185136761277       -1.10521365255241       -0.01836590152499
C           -0.00151267096001       -1.80881245501679       -0.02443291805033
C           -1.19227325249151       -1.10575393010837       -0.00739856314941
C           -1.14644183877232        0.28679963009597        0.01580235164383
N            0.00012052636993        0.95364696460498        0.02308099217230
C           -2.40422652936981        1.09860848378341        0.03320985557222
H            2.26770550423455        1.99188451108379        0.60829692720646
H            3.24563230210950        0.52630869563470        0.35871145926273
H            2.61315155716831        1.43145426616515       -1.02174113174601
H            2.13962106922293       -1.62069260665376       -0.03130624170160
H           -0.00088483861144       -2.88916347157209       -0.04062476589093
H           -2.14273999993484       -1.61638453089645       -0.00949548099539
H           -3.02119374303056        0.81763249032633        0.88401107203383
H           -2.15824834561207        2.15357148473576        0.09688157168560
H           -2.97634188638243        0.91760772517062       -0.87468997977959
17
 energy: -22.499337024037 gnorm: 0.001167482868 xtb: 6.7.1 (edcfbbe)
C            2.40027028782241        1.10610459165451       -0.00393673986751
C            1.14926025076693        0.28437455746507        0.00561055454965
C            1.19220772314185       -1.10582668317723       -0.01934273943225
C           -0.00118148599896       -1.80869648725753       -0.02667528982660
C           -1.19260918427136       -1.10672913196527       -0.00846716058956
C           -1.14719925226737        0.28533384381923        0.01625015205269
N           -0.00024068395481        0.95251591132017        0.02335110974822
C           -2.40315355076198        1.09940311575092        0.03484208785364
H            2.26008491830459        2.00026135886891        0.59674339454326
H            3.24275712227124        0.53252912231267        0.37343793876957
H            2.61993052192203        1.41886927658377       -1.02388532547148
H            2.13970097717065       -1.62164833111776       -0.03231950629681
H           -0.00038829063625       -2.88931794484323       -0.04459034145614
H           -2.14237123496877       -1.61853224105435       -0.01123278954876
H           -3.01942053486649        0.82043539830488        0.88706067206015
H           -2.15445157237328        2.15364271262589        0.09772842657211
H           -2.97801348224656        0.91908653021980       -0.87167797575429
17
 energy: -22.499345990891 gnorm: 0.002211410266 xtb: 6.7.1 (edcfbbe)
C            2.39902624903171        1.10692785811475       -0.00313925265869
C            1.14888389962735        0.28392416363815        0.00683113688904
C            1.19260298479303       -1.10637052464870       -0.02083751896336
C           -0.00073119796236       -1.80875226702496       -0.03037619126732
C           -1.19293592946432       -1.10769697614747       -0.01123149224167
C           -1.14809121240922        0.28389842398862        0.01653801280294
N           -0.00069544152136        0.95132560053541        0.02528732677064
C           -2.40231864098751        1.10021293464948        0.03817097422023
H            2.24815263714183        2.01519037304996        0.57418851557412
H            3.23690930874476        0.54321055800210        0.40065849168872
H            2.63439018086505        1.39469040609272       -1.02764244777326
H            2.13995391058305       -1.62228573550632       -0.03549040391602
H            0.00014934459001       -2.88951214127382       -0.05119869145819
H           -2.14188924847625       -1.62091597348353       -0.01455776041730
H           -3.01712863724889        0.82360112511416        0.89241989353446
H           -2.15054927943961        2.15374567438582        0.09968368416987
H           -2.98054639881338        0.92061210002409       -0.86640780904829
17
 energy: -22.499355327029 gnorm: 0.002878908625 xtb: 6.7.1 (edcfbbe)
C            2.39845701764164        1.10724100066838       -0.00227923168703
C            1.14852343595793        0.28402237014179        0.00715072812837
C            1.19272550891178       -1.10634082650833       -0.02329032849058
C           -0.00044074521249       -1.80859560366978       -0.03407891025104
C           -1.19303419007064       -1.10796076142233       -0.01325986962710
C           -1.14860375065654        0.28333801781430        0.01769675222309
N           -0.00102619490646        0.95093780965693        0.02758614167634
C           -2.40214527856761        1.10049999812212        0.04132612706286
H            2.23815296024985        2.02872124327184        0.55199767611044
H            3.23073022102219        0.55284432988499        0.42697120929850
H            2.64981346451147        1.37076568832221       -1.03019531297945
H            2.14013414751309       -1.62206666700339       -0.03916661193233
H            0.00044538173355       -2.88935824320642       -0.05702872904982
H           -2.14153788841461       -1.62197956021216       -0.01769221601289
H           -3.01508059476194        0.82551752905367        0.89748450061181
H           -2.14901266882249        2.15378792862535        0.10123824412133
H           -2.98291829707484        0.92043134597129       -0.86156370129658
17
 energy: -22.499368903279 gnorm: 0.004059414347 xtb: 6.7.1 (edcfbbe)
C            2.39824761971301        1.10729829271959       -0.00089616664538
C            1.14797630135354        0.28473452977975        0.00761427279475
C            1.19270708480655       -1.10576800095407       -0.02804127112293
C           -0.00012310834383       -1.80824955795071       -0.04018394034798
C           -1.19303430706769       -1.10775201858200       -0.01655712932386
C           -1.14910619248595        0.28328768197848        0.01956768968935
N           -0.00143982645315        0.95109697071195        0.03190135083211
C           -2.40263055585632        1.10043961696853        0.04663414389757
H            2.22358844476982        2.04999312650579        0.51397211683538
H            3.21948774439423        0.56887512005111        0.47087383851113
H            2.67757528327876        1.33017091342855       -1.03283629412404
H            2.14044853225862       -1.62083153984853       -0.04616672692711
H            0.00070024506689       -2.88887572172418       -0.06638908702171
H           -2.14119369911319       -1.62242998426128       -0.02259988100572
H           -3.01182542702695        0.82760914105912        0.90611186146739
H           -2.14898451768211        2.15382231256448        0.10321964517993
H           -2.98721109255834        0.91838471706389       -0.85332795478298
17
 energy: -22.499393785186 gnorm: 0.002239711122 xtb: 6.7.1 (edcfbbe)
C            2.39916634597520        1.10661352598958       -0.00037593796843
C            1.14782023576751        0.28576039884602        0.00724308670944
C            1.19236127995628       -1.10481789108947       -0.03103618387365
C           -0.00023610469308       -1.80800675641093       -0.04235207429021
C           -1.19276937685614       -1.10674218879963       -0.01732735215298
C           -1.14877218675701        0.28451548388183        0.02074721318985
N           -0.00139159766058        0.95225155156016        0.03439791995290
C           -2.40386089252338        1.09966849000753        0.04848662090205
H            2.22145824206846        2.05532582212887        0.49913017480486
H            3.21401392452771        0.57472111491422        0.48620132285478
H            2.69007030901685        1.31495955833312       -1.03090474457242
H            2.14055633281342       -1.61914580369279       -0.05016901897063
H            0.00044234755598       -2.88835784325436       -0.06900330484346
H           -2.14135758585959       -1.62073380266147       -0.02390342155875
H           -3.01080465244032        0.82716663443428        0.90943807592042
H           -2.15242006750114        2.15381144642931        0.10260112769692
H           -2.98909402433631        0.91481585889422       -0.85027703589479
17
 energy: -22.499414876516 gnorm: 0.003573335103 xtb: 6.7.1 (edcfbbe)
C            2.40105067004002        1.10551971766691        0.00146487848527
C            1.14750918392764        0.28792223040068        0.00620045813768
C            1.19179893927185       -1.10273961139091       -0.03875038534957
C           -0.00032305129201       -1.80716845920608       -0.04991754804346
C           -1.19222053936408       -1.10466270173817       -0.02011768006670
C           -1.14814034629763        0.28687087970858        0.02358068109796
N           -0.00128045434695        0.95469960412983        0.03927379679438
C           -2.40617627898364        1.09815308568904        0.05498398786729
H            2.20861003164259        2.07785268574987        0.44965973736268
H            3.19695927944189        0.59467766348195        0.54153153757312
H            2.72903634112262        1.26264321775387       -1.02875781805376
H            2.14094999483102       -1.61541293330007       -0.06156850962053
H            0.00013169439918       -2.88705897782708       -0.08046013201164
H           -2.14166338162420       -1.61725895843367       -0.02851682583596
H           -3.00619792830770        0.82746055738246        0.92112151590341
H           -2.15911267084335        2.15385083355724        0.10243577296852
H           -2.99574895456337        0.90645676588602       -0.83926699930276
17
 energy: -22.499430726738 gnorm: 0.001840663393 xtb: 6.7.1 (edcfbbe)
C            2.40318151079538        1.10446163391833        0.00198407394108
C            1.14784737663663        0.28918535290198        0.00445842787030
C            1.19125783741678       -1.10131479590634       -0.04160571738069
C           -0.00080314356819       -1.80661109406236       -0.05152801410626
C           -1.19168866988633       -1.10284606465584       -0.01953440915789
C           -1.14690270866103        0.28922337099928        0.02411628662932
N           -0.00066684894461        0.95697644174958        0.03876821176776
C           -2.40779076999103        1.09670511701123        0.05608379525907
H            2.21057692975942        2.07864861234927        0.43835312831143
H            3.19066499072699        0.59918994875855        0.55290950262730
H            2.73984810649122        1.25112961534682       -1.02297090960754
H            2.14095685531152       -1.61308752065576       -0.06586524816245
H           -0.00043811039217       -2.88624469319942       -0.08291094910422
H           -2.14243599977769       -1.61316135360019       -0.02762503904747
H           -3.00417274497664        0.82597241373199        0.92455555511484
H           -2.16572048486972        2.15384525166221        0.09980967678969
H           -2.99853159701666        0.89973336316113       -0.83610190383836
17
 energy: -22.499436323786 gnorm: 0.004283513505 xtb: 6.7.1 (edcfbbe)
C            2.40397985461121        1.10411744261994        0.00397425036326
C            1.14738200255227        0.29042582435936        0.00351743106105
C            1.19082411278917       -1.09983901369899       -0.04858707086548
C           -0.00091023523981       -1.80551919641314       -0.06007337559222
C           -1.19153775011592       -1.10175316583346       -0.02336118513028
C           -1.14680761782190        0.29028103353441        0.02522741748324
N           -0.00090582043859        0.95850800483704        0.04099862517732
C           -2.40886869185939        1.09576474301030        0.06267122138610
H            2.19658834778560        2.10144811971190        0.38689530611080
H            3.17169055037342        0.62320511010863        0.60957996296624
H            2.77880455349608        1.19750181877612       -1.01827570318398
H            2.14102423995714       -1.61055435797901       -0.07637592251955
H           -0.00030024330993       -2.88501152594433       -0.09571161696845
H           -2.14275846144754       -1.61116083767876       -0.03093453131983
H           -2.99749255790090        0.82822676768659        0.93761834374229
H           -2.16912281646403        2.15370566691516        0.09936192854304
H           -3.00640693791302        0.89245916549868       -0.82362861334764
17
 energy: -22.499451159551 gnorm: 0.001743813138 xtb: 6.7.1 (edcfbbe)
C            2.40269339138227        1.10485794516647        0.00342559398705
C            1.14733572813020        0.28936245735012        0.00401310080909
C            1.19116970347990       -1.10084287433178       -0.04588990901352
C           -0.00074547681807       -1.80580759673839       -0.05791180883617
C           -1.19190169855934       -1.10301247514416       -0.02295476655926
C           -1.14743185257243        0.28876603559261        0.02396819159738
N           -0.00120108308387        0.95709717373484        0.03911559336386
C           -2.40757592194530        1.09666688154415        0.06076398420111
H            2.19922947196846        2.09515842939241        0.40162318930426
H            3.17661983327507        0.61837117404327        0.59288138102712
H            2.76639707720512        1.21329722098890       -1.01893661172336
H            2.14086690750236       -1.61237321401320       -0.07227083579533
H            0.00010516994890       -2.88555327292455       -0.09251924091160
H           -2.14247637207896       -1.61348762742971       -0.02973563104213
H           -2.99844581947130        0.82932042133067        0.93432665794021
H           -2.16491890913159        2.15365281353486        0.09961385773372
H           -3.00453762017758        0.89633210741397       -0.82661627817652
17
 energy: -22.499463382733 gnorm: 0.000644011935 xtb: 6.7.1 (edcfbbe)
C            2.40179301214653        1.10547903129576        0.00392904087420
C            1.14705810310919        0.28903875495141        0.00302788512196
C            1.19145475896447       -1.10100523585055       -0.04757606072420
C           -0.00050237459593       -1.80550910785078       -0.06036385857038
C           -1.19217250731316       -1.10379923665002       -0.02431280818665
C           -1.14808776273854        0.28770354828448        0.02352218290501
N           -0.00167313230106        0.95642910796338        0.03794451333010
C           -2.40683639633986        1.09716475868229        0.06273658068199
H            2.19358637391929        2.10042731699847        0.38532639217883
H            3.16887553391753        0.62912658982344        0.60923276143039
H            2.77733962274345        1.19784929922349       -1.01438802452192
H            2.14088731506645       -1.61284255884599       -0.07468240915775
H            0.00082581814915       -2.88542605266167       -0.09686236413310
H           -2.14229239692115       -1.61500664311991       -0.03091163168418
H           -2.99482429842081        0.83295918414943        0.93938643416555
H           -2.16215487620407        2.15366752036261        0.09841269509380
H           -3.00809426412761        0.89554932275463       -0.82152486089773
17
 energy: -22.499472890421 gnorm: 0.003666010803 xtb: 6.7.1 (edcfbbe)
C            2.40101109445346        1.10629902774177        0.00591965206325
C            1.14635932491417        0.28958581697256        0.00088133462083
C            1.19172007065295       -1.10034344115544       -0.05513407174276
C           -0.00003340606709       -1.80475043895899       -0.07006375328544
C           -1.19240924723575       -1.10429397494813       -0.02906382042689
C           -1.14906525679565        0.28676651575832        0.02425310305056
N           -0.00250334027576        0.95616044745620        0.03876681982211
C           -2.40666912085831        1.09736576084696        0.07036853272105
H            2.17643615557960        2.12226496505134        0.32379715687929
H            3.14232701309465        0.66336749131359        0.67116868401042
H            2.82086828539439        1.13826238367649       -1.00149270114346
H            2.14115780556747       -1.61188314183469       -0.08539563566772
H            0.00194504233065       -2.88467170382549       -0.11147278857720
H           -2.14196121597780       -1.61647065516812       -0.03646000761813
H           -2.98462009806903        0.84122297758637        0.95640613136180
H           -2.16014240499391        2.15378781241008        0.09513404352524
H           -3.01923817266018        0.88913575658765       -0.80471621168705
17
 energy: -22.499483612441 gnorm: 0.001260737069 xtb: 6.7.1 (edcfbbe)
C            2.40116249655071        1.10621742022311        0.00542017141914
C            1.14649963793825        0.28955349101477        0.00140094658957
C            1.19172542414306       -1.10056486361401       -0.05362240893686
C           -0.00002850944279       -1.80513047197404       -0.06822570734903
C           -1.19234491843085       -1.10423127643668       -0.02831741832766
C           -1.14893530348711        0.28687480478637        0.02440999583879
N           -0.00232693449836        0.95599555242993        0.03921954007759
C           -2.40678691282341        1.09740007650752        0.06900812703172
H            2.18008480053686        2.11740048785866        0.33480785986747
H            3.14669969413882        0.65743404211246        0.65848462179291
H            2.81250989576419        1.15005743229343       -1.00293318372704
H            2.14119452567220       -1.61215602920858       -0.08303722503923
H            0.00165592622414       -2.88497004287758       -0.10836785315060
H           -2.14184858858551       -1.61656488738491       -0.03632769079681
H           -2.98653294026653        0.84020527187050        0.95330565670752
H           -2.16034417905712        2.15385883101188        0.09535498046365
H           -3.01720158532271        0.89042576089765       -0.80768394455523
17
 energy: -22.499492715679 gnorm: 0.000448214244 xtb: 6.7.1 (edcfbbe)
C            2.40131553412618        1.10619767091653        0.00585246443925
C            1.14631826768263        0.28998386372764        0.00066283448423
C            1.19165535112654       -1.10034300741926       -0.05597980341669
C            0.00010200588521       -1.80519891439899       -0.07075600427799
C           -1.19230114818827       -1.10395098988823       -0.03005760605793
C           -1.14906831433093        0.28699107608293        0.02502847374056
N           -0.00238113186143        0.95594579436050        0.04069435471375
C           -2.40719390196032        1.09727395103383        0.07150431213577
H            2.17670388413868        2.12228762200838        0.31457242527074
H            3.13756979714707        0.66910830301589        0.67604642253497
H            2.82601860786275        1.13233691096831       -0.99680913958848
H            2.14134033086077       -1.61158518886051       -0.08619028053956
H            0.00146366531007       -2.88483411587987       -0.11233063015665
H           -2.14159011809801       -1.61675851846396       -0.03945523600831
H           -2.98339037636253        0.84289861176417        0.95875303343128
H           -2.16084511611047        2.15395102785308        0.09364995965248
H           -3.02053480817407        0.88750150269001       -0.80228911245150
17
 energy: -22.499488264698 gnorm: 0.004424721287 xtb: 6.7.1 (edcfbbe)
C            2.40126287470813        1.10619641540357        0.00775350841440
C            1.14569304492012        0.29087446621508       -0.00112881287824
C            1.19147290864786       -1.09957967769506       -0.06373244920802
C            0.00038642970163       -1.80463585630199       -0.08057247947278
C           -1.19232204931524       -1.10332652013795       -0.03585876762429
C           -1.14955916216583        0.28706124445991        0.02631685188021
N           -0.00268710181816        0.95607752573805        0.04386929107201
C           -2.40779184367650        1.09695089495396        0.07960501566497
H            2.16402749193287        2.14100813909852        0.24737965713353
H            3.10779568367041        0.70838099590500        0.73736916194307
H            2.87106545170062        1.07034999452365       -0.97822321923471
H            2.14164622545806       -1.60982114164722       -0.09704342141720
H            0.00125961814658       -2.88396013959887       -0.12687375170301
H           -2.14114923546889       -1.61702223843536       -0.04739703669487
H           -2.97241437307949        0.85123452403077        0.97684203368439
H           -2.16173064993143        2.15399273589360        0.08898863896086
H           -3.03177278437688        0.87802423710481       -0.78439775261442
17
 energy: -22.499505015016 gnorm: 0.001206478837 xtb: 6.7.1 (edcfbbe)
C            2.40117745603618        1.10609318830959        0.00708158484770
C            1.14593534176613        0.29037475433874       -0.00032046760438
C            1.19150901603200       -1.09995087600495       -0.06069233019891
C            0.00023854923790       -1.80472939806794       -0.07704612429791
C           -1.19234171692570       -1.10351170469310       -0.03392037492289
C           -1.14935203308042        0.28701279609656        0.02567330335598
N           -0.00250944743548        0.95602302436127        0.04259599064283
C           -2.40741568104045        1.09708840706752        0.07658087552450
H            2.16924917457972        2.13349979304987        0.27178486124705
H            3.11851214379896        0.69505724549427        0.71438119260057
H            2.85397212857938        1.09297021920428       -0.98425717861886
H            2.14150904249363       -1.61051659766868       -0.09285019342938
H            0.00118035279936       -2.88421464405256       -0.12168452041581
H           -2.14134444182598       -1.61682954937677       -0.04447072230394
H           -2.97616188073675        0.84827277866466        0.97026720358242
H           -2.16136532961614        2.15390532037374        0.09064848130772
H           -3.02761014560847        0.88126084241398       -0.79087511341079
17
 energy: -22.499509720845 gnorm: 0.000530493584 xtb: 6.7.1 (edcfbbe)
C            2.40120131485425        1.10596900168243        0.00734798094019
C            1.14588431530624        0.29044597486960       -0.00071857339306
C            1.19150911140803       -1.09978948190451       -0.06192047765102
C            0.00024838902440       -1.80443124833614       -0.07861668094279
C           -1.19234527071999       -1.10337400474380       -0.03467852921133
C           -1.14937292051224        0.28706995436484        0.02582578611548
N           -0.00252490846862        0.95623676847304        0.04267494315294
C           -2.40740692159582        1.09699587884931        0.07785335030879
H            2.16781783301548        2.13545209381405        0.26009268706347
H            3.11277615931370        0.70275921476979        0.72419732852737
H            2.86150842415086        1.08236746076440       -0.97961423409059
H            2.14158468632229       -1.61014634122341       -0.09478724208390
H            0.00114567548376       -2.88394344635068       -0.12448371205163
H           -2.14138311103417       -1.61658758994751       -0.04550772954396
H           -2.97404063766816        0.84973778440332        0.97337719502033
H           -2.16173783701797        2.15387548005129        0.08947451635289
H           -3.02968177280817        0.87916809997446       -0.78762014060728
17
 energy: -22.499517025534 gnorm: 0.001874797703 xtb: 6.7.1 (edcfbbe)
C            2.40134522237092        1.10589214233148        0.00867916004995
C            1.14558804598106        0.29099553254233       -0.00237599825012
C            1.19144109146878       -1.09906957243691       -0.06753778874803
C            0.00029237544222       -1.80369474727910       -0.08546266173054
C           -1.19234027531642       -1.10303342736305       -0.03795316706034
C           -1.14951373631818        0.28722216508052        0.02662122260722
N           -0.00273917898568        0.95684306528247        0.04360591062782
C           -2.40764685250297        1.09656367199864        0.08326634486300
H            2.16103690187584        2.14592054554767        0.21178958198494
H            3.08938301692156        0.73254010755990        0.76551528203703
H            2.89361399809296        1.03861718899541       -0.96184836584088
H            2.14174974534443       -1.60874670935707       -0.10310313410991
H            0.00128013990672       -2.88311987737801       -0.13529705781067
H           -2.14148610175684       -1.61596766586072       -0.04956781115930
H           -2.96596924636680        0.85549000430664        0.98589267731719
H           -2.16300695283184        2.15374354439365        0.08531654809440
H           -3.03784566427188        0.87160963114663       -0.77464427496587
17
 energy: -22.499521202407 gnorm: 0.000466556430 xtb: 6.7.1 (edcfbbe)
C            2.40139057638462        1.10603670526903        0.00864044342319
C            1.14558329134754        0.29106873501275       -0.00294194665277
C            1.19139712687111       -1.09897804252656       -0.06798519687367
C            0.00022852619248       -1.80380054224937       -0.08538791043019
C           -1.19233022349660       -1.10314716660245       -0.03763912568901
C           -1.14947536736052        0.28722711654488        0.02649782766818
N           -0.00281349414090        0.95684887539488        0.04313387890859
C           -2.40770910012380        1.09648084369100        0.08315251041640
H            2.16176768653759        2.14507985438629        0.21199652759966
H            3.08853903555160        0.73267874228593        0.76472980393598
H            2.89394205085069        1.03937034250666       -0.96035508220002
H            2.14162473798222       -1.60878262736508       -0.10360118940447
H            0.00148294322469       -2.88317365568810       -0.13475174523334
H           -2.14159267607882       -1.61588285347144       -0.04862800291939
H           -2.96615373441810        0.85528411703515        0.98553798457119
H           -2.16307313200304        2.15365196427986        0.08539276145451
H           -3.03762571826691        0.87184319100705       -0.77489507066895
17
 energy: -22.499526022973 gnorm: 0.000841790007 xtb: 6.7.1 (edcfbbe)
C            2.40137875609181        1.10622933712654        0.00930233146891
C            1.14535702051169        0.29148134941263       -0.00530067492284
C            1.19127613366307       -1.09843354835483       -0.07252080167011
C            0.00019716614914       -1.80355661348135       -0.08937085409409
C           -1.19234296814427       -1.10311835596940       -0.03912827783420
C           -1.14958977536104        0.28724352055304        0.02671275933067
N           -0.00307578981006        0.95699194135250        0.04290622113215
C           -2.40791962185151        1.09620098560610        0.08641807801504
H            2.15838106119967        2.15005533950980        0.18134839150342
H            3.07198915094143        0.75262598456794        0.79038627922414
H            2.91503669982888        1.01274731074286       -0.94649431035587
H            2.14149876433109       -1.60812737591708       -0.11009579904899
H            0.00186882337421       -2.88279650904880       -0.14050336563231
H           -2.14170616660789       -1.61569566354184       -0.04966256417895
H           -2.96122840186921        0.85875484560823        0.99295121412233
H           -2.16356285732440        2.15346409731950        0.08315395554444
H           -3.04237546606876        0.86773895402465       -0.76720611469784
17
 energy: -22.499527975809 gnorm: 0.001374972678 xtb: 6.7.1 (edcfbbe)
C            2.40117408369213        1.10631547498135        0.01019128422513
C            1.14523964477541        0.29166548370331       -0.00611969601348
C            1.19124948155080       -1.09813177818624       -0.07602277306350
C            0.00024058838486       -1.80332049053533       -0.09293946142700
C           -1.19239852546009       -1.10312182578808       -0.04043002915506
C           -1.14976005363736        0.28711246807789        0.02731167199372
N           -0.00320563489962        0.95686962932990        0.04371489332532
C           -2.40791228071074        1.09614862252012        0.08924268342368
H            2.15605869443280        2.15524536352041        0.15239816775023
H            3.05663606140143        0.77169306572319        0.81220576116690
H            2.93278672284784        0.98788278576575       -0.93328582666074
H            2.14141719466718       -1.60784191374236       -0.11585735212997
H            0.00205941259650       -2.88252559529296       -0.14623723530552
H           -2.14161717159813       -1.61601797278275       -0.05118515006988
H           -2.95719497293197        0.86162718622164        0.99895344304368
H           -2.16357357957399        2.15339237681201        0.08185057255906
H           -3.04601713648320        0.86481271918265       -0.76089448575668
17
 energy: -22.499531097609 gnorm: 0.000297487373 xtb: 6.7.1 (edcfbbe)
C            2.40109082090822        1.10621537380836        0.00998531483357
C            1.14523734308542        0.29172123393692       -0.00721507549390
C            1.19127213525150       -1.09804956960962       -0.07737273117162
C            0.00030585948027       -1.80320197943902       -0.09344179237479
C           -1.19243889462511       -1.10307764078039       -0.04025178851640
C           -1.14988034153259        0.28705810874354        0.02743052763875
N           -0.00322498831453        0.95671420126222        0.04340502633315
C           -2.40791000844696        1.09624655290938        0.08983617851396
H            2.15595178919305        2.15462557464828        0.14521773930862
H            3.05186222410547        0.77776053989662        0.81745330299570
H            2.93744817610407        0.98244992339284       -0.92872580404310
H            2.14137799233486       -1.60787978385059       -0.11796366580796
H            0.00202815583233       -2.88242840938334       -0.14694838442324
H           -2.14141764479345       -1.61646748481842       -0.05063623803665
H           -2.95672853604241        0.86179107085507        0.99979995371371
H           -2.16340464454237        2.15344137762117        0.08237116583166
H           -3.04638690894391        0.86488651031749       -0.76004726139556
17
 energy: -22.499531393072 gnorm: 0.000098695756 xtb: 6.7.1 (edcfbbe)
C            2.40131808973701        1.10612842376016        0.00989463173287
C            1.14528295904239        0.29166499182160       -0.00697681713158
C            1.19127489803149       -1.09819857715493       -0.07703018086209
C            0.00026788031567       -1.80323088898341       -0.09389489102737
C           -1.19242302525046       -1.10300990818952       -0.04073783961444
C           -1.14978660376803        0.28710703728916        0.02745541627110
N           -0.00311783640696        0.95683412024879        0.04343706535689
C           -2.40789524888804        1.09616952342507        0.09014979834498
H            2.15566116113572        2.15458362867379        0.14373794793042
H            3.05177755425496        0.77857576193059        0.81794631352411
H            2.93799899600308        0.98179570671026       -0.92879268803265
H            2.14145277670895       -1.60782294725630       -0.11712267561241
H            0.00173935555474       -2.88240949279338       -0.14709604604345
H           -2.14143172396060       -1.61627255459190       -0.05101753484984
H           -2.95727436672206        0.86107068980977        0.99972740493547
H           -2.16361205510025        2.15342926359773        0.08330814027870
H           -3.04605028163373        0.86539082121300       -0.76009157729483
17
 energy: -22.499531597737 gnorm: 0.000145018366 xtb: 6.7.1 (edcfbbe)
C            2.40138478005287        1.10610233630390        0.00975519582012
C            1.14527811673149        0.29162006028097       -0.00708228385952
C            1.19126541250873       -1.09830219092591       -0.07684837092837
C            0.00026037552055       -1.80327648330506       -0.09377432784956
C           -1.19239073803338       -1.10294313323663       -0.04079619501923
C           -1.14970140809181        0.28715126020785        0.02761723158020
N           -0.00303004888213        0.95693230997504        0.04343111605071
C           -2.40785667195346        1.09610666747481        0.09042326183422
H            2.15548562725826        2.15471794664973        0.14194796243858
H            3.05125523559809        0.77962638521340        0.81863600343112
H            2.93869885267119        0.98062352000096       -0.92849426191633
H            2.14155101752751       -1.60769171626223       -0.11667010454249
H            0.00149790561625       -2.88241156655200       -0.14745049324968
H           -2.14145663942971       -1.61605477155176       -0.05153782886059
H           -2.95778707068155        0.86012469309720        0.99947513778702
H           -2.16371457311838        2.15341166166183        0.08464110836116
H           -3.04555764424067        0.86606862047839       -0.76037668317144
17
 energy: -22.499531969736 gnorm: 0.000236004101 xtb: 6.7.1 (edcfbbe)
C            2.40139101661369        1.10607677910602        0.00938889862194
C            1.14523918775270        0.29158469712442       -0.00714418552760
C            1.19125360935606       -1.09837030498805       -0.07673022379536
C            0.00028020596648       -1.80329117734484       -0.09389310688083
C           -1.19233511727587       -1.10282922423015       -0.04096504787689
C           -1.14962588760544        0.28721948251700        0.02780875991765
N           -0.00294701745946        0.95705151953078        0.04349707970832
C           -2.40783645862620        1.09602692527985        0.09090065608690
H            2.15530682452083        2.15507393293708        0.13827164966148
H            3.04988740680530        0.78186310820142        0.82020274807568
H            2.94022729088654        0.97785971738513       -0.92762015137368
H            2.14171735018805       -1.60743288699429       -0.11628285343821
H            0.00125397440966       -2.88242480650482       -0.14771161361271
H           -2.14147704980162       -1.61578336766051       -0.05203083584056
H           -2.95885391836087        0.85804327175251        0.99876548691316
H           -2.16378041235463        2.15336668964407        0.08762702274874
H           -3.04451847596137        0.86777124375486       -0.76118781548214
17
 energy: -22.499532419926 gnorm: 0.000201992012 xtb: 6.7.1 (edcfbbe)
C            2.40137092520381        1.10606405732102        0.00891093151995
C            1.14519905993009        0.29163790940602       -0.00731184315618
C            1.19125281021641       -1.09832285562167       -0.07670009551617
C            0.00031746286909       -1.80326169508005       -0.09394303982398
C           -1.19230763984071       -1.10277572374248       -0.04117469981615
C           -1.14965168602233        0.28724577196998        0.02787363396535
N           -0.00296572906956        0.95709701532223        0.04351338387551
C           -2.40788320561433        1.09598885564671        0.09145326860105
H            2.15521694250924        2.15549262163554        0.13408253220988
H            3.04822781419450        0.78447720005750        0.82214512801316
H            2.94207708432566        0.97459093053488       -0.92650686460888
H            2.14179726544426       -1.60728715902151       -0.11600420572721
H            0.00124773527504       -2.88240749952520       -0.14782332922898
H           -2.14146721343063       -1.61571305365417       -0.05262715939452
H           -2.96003624169697        0.85572201845778        0.99799193486353
H           -2.16372744856706        2.15330895188659        0.09106388178091
H           -3.04348540667266        0.86994825391730       -0.76204698965135
17
 energy: -22.499532934824 gnorm: 0.000121786106 xtb: 6.7.1 (edcfbbe)
C            2.40131517228423        1.10611549940659        0.00842616316145
C            1.14517248031251        0.29173152226635       -0.00758890206295
C            1.19124870844152       -1.09822158206333       -0.07685413451368
C            0.00033009636908       -1.80321309124228       -0.09412106023697
C           -1.19232782960491       -1.10279955394833       -0.04130678499907
C           -1.14972092310028        0.28720901034686        0.02804442763127
N           -0.00304436648859        0.95705982032662        0.04352913794775
C           -2.40791750907414        1.09598998171674        0.09200895787089
H            2.15513681069757        2.15602454722332        0.12945780985758
H            3.04620176368430        0.78743056004836        0.82445033151088
H            2.94428615652485        0.97102436449800       -0.92508730999730
H            2.14174244554767       -1.60731854946621       -0.11608768307200
H            0.00140818747252       -2.88237491523391       -0.14787529843892
H           -2.14144836634892       -1.61583217653373       -0.05288818018788
H           -2.96136603418228        0.85331281539318        0.99707302440085
H           -2.16351506350539        2.15324807292150        0.09476047645449
H           -3.04231919997589        0.87241927385076       -0.76304450742050
17
 energy: -22.499533349920 gnorm: 0.000066252050 xtb: 6.7.1 (edcfbbe)
C            2.40128618197290        1.10616420020579        0.00813289117924
C            1.14517817465858        0.29179449308889       -0.00783555322835
C            1.19125393501285       -1.09813179352223       -0.07717982413336
C            0.00032475297272       -1.80317018347702       -0.09421367693490
C           -1.19236834551331       -1.10285875423847       -0.04121525171461
C           -1.14977859051277        0.28716147958063        0.02812766702960
N           -0.00311347771048        0.95699145792613        0.04349139359640
C           -2.40792843309575        1.09600856456939        0.09241832099487
H            2.15497507467590        2.15641765090220        0.12576646646214
H            3.04445837791773        0.78986476729411        0.82649774085873
H            2.94622742661176        0.96823903022870       -0.92377537535820
H            2.14163366141839       -1.60744213281888       -0.11665894383393
H            0.00159908912849       -2.88233396028394       -0.14799914100114
H           -2.14143582819042       -1.61600430723604       -0.05263582268810
H           -2.96249928956136        0.85155963689333        0.99629856078940
H           -2.16329366482250        2.15319601009189        0.09753554930776
H           -3.04133651590888        0.87434944030600       -0.76385853341966
17
 energy: -22.499533638712 gnorm: 0.000063771503 xtb: 6.7.1 (edcfbbe)
C            2.40126687015143        1.10621162412136        0.00802201304748
C            1.14519327014587        0.29181543875579       -0.00812676884035
C            1.19125214401502       -1.09808600973460       -0.07765852530239
C            0.00030346929328       -1.80315051742936       -0.09439534117703
C           -1.19239823000588       -1.10291931706970       -0.04093804877880
C           -1.14979610886712        0.28711575694125        0.02839519430072
N           -0.00314292168166        0.95693321266219        0.04350024141111
C           -2.40791266082572        1.09602875229205        0.09262571065874
H            2.15480295478205        2.15667673788222        0.12335232714891
H            3.04318131957397        0.79151715102321        0.82801590266044
H            2.94764848637488        0.96644338406906       -0.92274188749654
H            2.14153858714793       -1.60755187394489       -0.11743141636287
H            0.00170640974895       -2.88231825548258       -0.14809952321165
H           -2.14143176383764       -1.61613424243781       -0.05203315787376
H           -2.96330000580548        0.85052487902424        0.99570155497290
H           -2.16312713165451        2.15316957270999        0.09919077602881
H           -3.04060215950151        0.87552930612805       -0.76448258327983
17
 energy: -22.499533848775 gnorm: 0.000061589807 xtb: 6.7.1 (edcfbbe)
C            2.40126074502976        1.10624085781591        0.00799282569995
C            1.14520799867201        0.29180759313679       -0.00828266192373
C            1.19124853747045       -1.09807532565469       -0.07803615771072
C            0.00028476826787       -1.80315092548315       -0.09445505709676
C           -1.19241063635816       -1.10295441649289       -0.04066725040222
C           -1.14978904914428        0.28709760708797        0.02851734621419
N           -0.00314293325509        0.95690571475643        0.04349917864168
C           -2.40789045953812        1.09603526114606        0.09275520696677
H            2.15464460413163        2.15685355601042        0.12163275767893
H            3.04220473133535        0.79271462479569        0.82919096885932
H            2.94874334782385        0.96516002550815       -0.92192305605531
H            2.14148353784827       -1.60759292070524       -0.11829367299019
H            0.00173069610575       -2.88231056654812       -0.14826784533838
H           -2.14143220000153       -1.61619439452290       -0.05135688625847
H           -2.96387511369742        0.84985976989119        0.99527971511649
H           -2.16303553154315        2.15315385530308        0.10024028784719
H           -3.04005051409335        0.87625528346577       -0.76492923134286
17
 energy: -22.499534023103 gnorm: 0.000053541734 xtb: 6.7.1 (edcfbbe)
C            2.40127237715804        1.10623847166692        0.00798935091449
C            1.14521401739126        0.29180262177788       -0.00848204361492
C            1.19124449304182       -1.09806496604511       -0.07847794206616
C            0.00027709628091       -1.80314746113301       -0.09456804443564
C           -1.19240605505293       -1.10296651753757       -0.04036015033752
C           -1.14977415662166        0.28709479045170        0.02870214483160
N           -0.00313137507247        0.95690735901090        0.04350734265316
C           -2.40788301102472        1.09602736169237        0.09286536188675
H            2.15450678595564        2.15697722093903        0.12011375085191
H            3.04133722225486        0.79375090898232        0.83027382311722
H            2.94974420908523        0.96400331904300       -0.92116955703816
H            2.14147333769612       -1.60756455369491       -0.11904779818582
H            0.00171262161749       -2.88230321933433       -0.14841551101155
H           -2.14143084972112       -1.61620247003053       -0.05074279799378
H           -2.96437874744632        0.84931431573636        0.99492735910871
H           -2.16300765770457        2.15313536520363        0.10108306470640
H           -3.03958777878374        0.87680305278183       -0.76530188548077
17
 energy: -22.499534181620 gnorm: 0.000038077673 xtb: 6.7.1 (edcfbbe)
C            2.40128030952935        1.10623758831456        0.00796829452627
C            1.14520976065420        0.29180232879119       -0.00863916941900
C            1.19123493603704       -1.09806351010135       -0.07880029090064
C            0.00027256158409       -1.80314993424266       -0.09466653935293
C           -1.19239520975553       -1.10296460997786       -0.04015463133236
C           -1.14975641082178        0.28709866918298        0.02887182832503
N           -0.00311620611488        0.95692584893956        0.04353334719232
C           -2.40787653630732        1.09601265857853        0.09298980842054
H            2.15441488580569        2.15712076642781        0.11853259028962
H            3.04046804946070        0.79480754767048        0.83133143137622
H            2.95072525871038        0.96277758291310       -0.92042818895592
H            2.14147926071741       -1.60749870197417       -0.11972416892758
H            0.00166633563738       -2.88229950245048       -0.14859657639447
H           -2.14142732341192       -1.61618811800824       -0.05024146894416
H           -2.96482838540589        0.84874556688796        0.99461745117251
H           -2.16300593608284        2.15311849176503        0.10193338054610
H           -3.03916282118221        0.87732292679403       -0.76563062971567
17
 energy: -22.499534353058 gnorm: 0.000031971813 xtb: 6.7.1 (edcfbbe)
C            2.40129433634817        1.10622656077862        0.00791391087550
C            1.14520023977059        0.29181063138256       -0.00879988762958
C            1.19122640211858       -1.09805350026542       -0.07914584627934
C            0.00027434992464       -1.80314417267766       -0.09479262368484
C           -1.19238141743137       -1.10295245484392       -0.03996835668905
C           -1.14974204994177        0.28710813154792        0.02902209409404
N           -0.00310269743304        0.95695405574054        0.04355373087196
C           -2.40787843398550        1.09598950962865        0.09317628605678
H            2.15432109640209        2.15728483317204        0.11657458363470
H            3.03945269990825        0.79609176716924        0.83256358528763
H            2.95187296913533        0.96125754817190       -0.91957804414531
H            2.14149904162765       -1.60741099999655       -0.12030090149770
H            0.00161797915972       -2.88228744425148       -0.14880519406690
H           -2.14142283437886       -1.61615860562046       -0.04987518001187
H           -2.96532407430311        0.84804972330539        0.99431463110128
H           -2.16301411846413        2.15308982304982        0.10299465956341
H           -3.03871095940338        0.87795019321928       -0.76595097957483
17
 energy: -22.499534550502 gnorm: 0.000038033413 xtb: 6.7.1 (edcfbbe)
C            2.40130567373223        1.10621637266880        0.00781447780529
C            1.14518616615205        0.29182617099357       -0.00898293256416
C            1.19121852090556       -1.09803997252632       -0.07944441744604
C            0.00027945052936       -1.80313499680477       -0.09493846509909
C           -1.19236842397411       -1.10293597575328       -0.03986902613003
C           -1.14973298129581        0.28711582709696        0.02918751760570
N           -0.00309402249887        0.95698259722593        0.04358278128064
C           -2.40788398114744        1.09596464868305        0.09343247942382
H            2.15422323986466        2.15749472447902        0.11409010381894
H            3.03822273351174        0.79772214961894        0.83404677932861
H            2.95325105807945        0.95933120876588       -0.91855887415164
H            2.14152150404657       -1.60731793026780       -0.12084499247848
H            0.00157643863695       -2.88227229619195       -0.14906001662528
H           -2.14141674279869       -1.61613072227226       -0.04961611160805
H           -2.96588301874840        0.84716457654791        0.99398785841379
H           -2.16301632164815        2.15305451635046        0.10436046396891
H           -3.03820676429325        0.87876470089635       -0.76629115763704
17
 energy: -22.499534803353 gnorm: 0.000050316005 xtb: 6.7.1 (edcfbbe)
C            2.40131000487086        1.10621749957513        0.00764378439050
C            1.14516943783998        0.29184955975618       -0.00919366676211
C            1.19120795142387       -1.09801821718899       -0.07980103337587
C            0.00028228368798       -1.80312085085623       -0.09515106263069
C           -1.19235861509934       -1.10292189566450       -0.03979526147992
C           -1.14972796441790        0.28711907137739        0.02937425666899
N           -0.00309065042645        0.95700788789200        0.04362502486478
C           -2.40788741905504        1.09593587955287        0.09381046312645
H            2.15410178878783        2.15779749512674        0.11064072358205
H            3.03655151080982        0.79999133224142        0.83602176000824
H            2.95510021470278        0.95667858426942       -0.91719610206762
H            2.14153592979655       -1.60723072433786       -0.12139224160832
H            0.00154269937897       -2.88225148709394       -0.14939025076384
H           -2.14141068277769       -1.61611005931719       -0.04946249814539
H           -2.96660428242520        0.84593585684873        0.99358473618795
H           -2.16299188228041        2.15300400577997        0.10628543001403
H           -3.03754779576274        0.87992166154935       -0.76670759410334
17
 energy: -22.499535112939 gnorm: 0.000053283051 xtb: 6.7.1 (edcfbbe)
C            2.40131202092493        1.10621803429462        0.00740071588635
C            1.14515275579563        0.29188227289261       -0.00948636232433
C            1.19120120418833       -1.09798229365908       -0.08020108282946
C            0.00028749007198       -1.80309543535472       -0.09541802143507
C           -1.19235353836416       -1.10290813771640       -0.03978140372874
C           -1.14973137263376        0.28711741338170        0.02959394396760
N           -0.00309614941379        0.95702450615193        0.04366299015931
C           -2.40789486760226        1.09590456701056        0.09432485581345
H            2.15393285584638        2.15817560969532        0.10606934838633
H            3.03436666857325        0.80302200533490        0.83859851954165
H            2.95751100965989        0.95317900657802       -0.91540313165397
H            2.14154357656619       -1.60715208765007       -0.12202056441360
H            0.00153521239830       -2.88221978221527       -0.14980357368981
H           -2.14140447311173       -1.61610222836068       -0.04936228809313
H           -2.96752879655473        0.84430931315298        0.99307496774554
H           -2.16293707542616        2.15293183946797        0.10887034555717
H           -3.03671399186444        0.88150099650610       -0.76722279098338
17
 energy: -22.499535457459 gnorm: 0.000051330316 xtb: 6.7.1 (edcfbbe)
C            2.40130126483062        1.10624212407744        0.00708308007335
C            1.14513762205085        0.29191908880696       -0.00981311898042
C            1.19118926644968       -1.09794019512090       -0.08069241166904
C            0.00028414211863       -1.80307008619414       -0.09575613085462
C           -1.19235513819365       -1.10290864114086       -0.03975878114210
C           -1.14973785539574        0.28710446659653        0.02985912099031
N           -0.00310814185821        0.95702781861956        0.04372420511770
C           -2.40789307899761        1.09587520907641        0.09496038823305
H            2.15374608826312        2.15865080828549        0.10042791887662
H            3.03165982944394        0.80678691890263        0.84171875550794
H            2.96045836205058        0.94889674513112       -0.91318557250066
H            2.14152688105555       -1.60710156633802       -0.12274571551380
H            0.00154289240121       -2.88218736082112       -0.15029899181539
H           -2.14139897310609       -1.61611867858260       -0.04928630887453
H           -2.96866496083674        0.84228952301947        0.99243150528913
H           -2.16283948823966        2.15284412782681        0.11209161317175
H           -3.03566618298263        0.88349529736571       -0.76786308800338
17
 energy: -22.499535780981 gnorm: 0.000042618958 xtb: 6.7.1 (edcfbbe)
C            2.40129304714897        1.10625790033584        0.00675087548582
C            1.14512655184305        0.29195821016655       -0.01020546812715
C            1.19118282874668       -1.09788794478989       -0.08122311211504
C            0.00028274739300       -1.80303572387554       -0.09610141481357
C           -1.19236043161663       -1.10291046554226       -0.03973564233768
C           -1.14974852748967        0.28708923227243        0.03013568755506
N           -0.00312458493544        0.95702261441535        0.04376318552884
C           -2.40789445551612        1.09584498452786        0.09563384802567
H            2.15353859663400        2.15910451480442        0.09443765185390
H            3.02876999622907        0.81081571342362        0.84502804102463
H            2.96359186930569        0.94436789731406       -0.91077946328713
H            2.14150451185186       -1.60706181786604       -0.12356743926500
H            0.00157307553370       -2.88214678120575       -0.15080119536262
H           -2.14139428907114       -1.61614561418664       -0.04914177128836
H           -2.96990548852192        0.84013085966302        0.99171027368188
H           -2.16272240691190        2.15273556428155        0.11555908398762
H           -3.03453051156936        0.88566645577189       -0.76856667264097
17
 energy: -22.499536035717 gnorm: 0.000032837829 xtb: 6.7.1 (edcfbbe)
C            2.40127899895203        1.10628863093212        0.00644891096383
C            1.14511922610891        0.29198752671385       -0.01053806004085
C            1.19117204448197       -1.09784800440239       -0.08173814179540
C            0.00027471982039       -1.80301523064062       -0.09641046846160
C           -1.19236599112086       -1.10292540285996       -0.03965049897866
C           -1.14975397879195        0.28706860036373        0.03040977627835
N           -0.00313737518477        0.95701122877963        0.04381676418782
C           -2.40788542711706        1.09582467183000        0.09622310305372
H            2.15337886871856        2.15950679931289        0.08906541285068
H            3.02613965170748        0.81444926085388        0.84796041550410
H            2.96640134504137        0.94034026432473       -0.90858378424640
H            2.14147069965399       -1.60704330509841       -0.12437190056842
H            0.00159629755336       -2.88212024577075       -0.15124977234923
H           -2.14138926849824       -1.61618372281425       -0.04893447185038
H           -2.97106666475957        0.83815809994574        0.99099123915515
H           -2.16260772148098        2.15263995836941        0.11871372211336
H           -3.03344289603077        0.88766646967087       -0.76925577791018
17
 energy: -22.499536214649 gnorm: 0.000024986905 xtb: 6.7.1 (edcfbbe)
C            2.40127460015519        1.10630152543538        0.00622244907817
C            1.14511501052001        0.29201042558555       -0.01084379917059
C            1.19116693115434       -1.09781251336503       -0.08217312839692
C            0.00027114874407       -1.80299347901562       -0.09664117904359
C           -1.19236933954925       -1.10293245591068       -0.03955197877498
C           -1.14975682241336        0.28705590478530        0.03062966542406
N           -0.00314536557544        0.95700460665048        0.04383354675834
C           -2.40788158453565        1.09580424744438        0.09667950106627
H            2.15324478970606        2.15978441825092        0.08485694549273
H            3.02405777844572        0.81730775596043        0.85026998376911
H            2.96861784717361        0.93719190578987       -0.90681985592131
H            2.14144882690462       -1.60701949996450       -0.12508412079251
H            0.00161532608896       -2.88209388949037       -0.15158365946955
H           -2.14138549850700       -1.61620918909405       -0.04866253515907
H           -2.97203723606502        0.83657337132291        0.99036777219073
H           -2.16251628749889        2.15254906616474        0.12124643667413
H           -3.03253759569412        0.88928339896076       -0.76984957581912
17
 energy: -22.499536331002 gnorm: 0.000019510359 xtb: 6.7.1 (edcfbbe)
C            2.40127050855346        1.10631789342123        0.00605693737702
C            1.14511171454834        0.29202329016721       -0.01104594164004
C            1.19115978517086       -1.09779313577614       -0.08250826135305
C            0.00026594768718       -1.80298590358714       -0.09679710608406
C           -1.19236910896614       -1.10294306466397       -0.03942699756326
C           -1.14975443668526        0.28704492525239        0.03081308714026
N           -0.00314782800449        0.95700125351528        0.04386245842768
C           -2.40787420173524        1.09579281600578        0.09699028994257
H            2.15316689441766        2.15998439151457        0.08187023826916
H            3.02256361745591        0.81933647510753        0.85189042610804
H            2.97019448783544        0.93497304866531       -0.90556167157012
H            2.14143093080242       -1.60700051229055       -0.12564587287238
H            0.00161832649571       -2.88208235797570       -0.15182090339433
H           -2.14138074944189       -1.61622974312571       -0.04839888792707
H           -2.97278617542306        0.83539433173775        0.98985190369158
H           -2.16245787509916        2.15248900270382        0.12310301646757
H           -3.03182930855790        0.89048288883882       -0.77033624711367
17
 energy: -22.499536405903 gnorm: 0.000017075974 xtb: 6.7.1 (edcfbbe)
C            2.40127224808645        1.10632087055203        0.00594826523819
C            1.14510972996743        0.29203221249007       -0.01120971965156
C            1.19115618764084       -1.09777845822469       -0.08275082613921
C            0.00026393007615       -1.80297726968167       -0.09689240835451
C           -1.19236741024026       -1.10294464039398       -0.03932012963274
C           -1.14975065826264        0.28704167538737        0.03094117895372
N           -0.00314637562479        0.95700346992696        0.04386754893318
C           -2.40787172405444        1.09578002302072        0.09719776719106
H            2.15310589512217        2.16010409175939        0.07985578454490
H            3.02155554987137        0.82070299303456        0.85298935936600
H            2.97126258238122        0.93347819548201       -0.90470559361191
H            2.14142414780114       -1.60697652780148       -0.12606702308820
H            0.00161516691146       -2.88207106245138       -0.15196248662602
H           -2.14137796022834       -1.61623596160615       -0.04815138623016
H           -2.97335110827522        0.83454432711858        0.98944921362011
H           -2.16242002707752        2.15243763800905        0.12442788665254
H           -3.03129764504115        0.89134402288908       -0.77072096325950
