41
 energy: -65.041707628694 gnorm: 0.049821884858 xtb: 6.7.1 (edcfbbe)
C            2.59741296805278       -2.98324174685156       -1.32371666234439
C            3.49427544640996       -1.86027206738915       -1.79249383129310
O            3.72013293667331       -0.81357076034459       -0.78132416759699
P            2.56603774379959        0.07569786733020       -0.09817461150822
S            3.33094790183688        1.64623911414850        0.76427861126298
O            1.70660162171475       -0.89789903817854        0.84020712086200
C            2.12062313105725       -1.19137379443626        2.22695659274866
C            1.13876989709268       -0.54155640053033        3.17666439734389
S            1.19172023502004        0.41243322108572       -1.68256755218627
C            0.31405663607058        1.88700635712382       -1.03952880552641
S           -0.69157577791134        1.73276547301910        0.48400289645051
P           -2.12664167037161        0.30085693371416       -0.12434147876352
S           -2.84328728271909        0.49737363866297       -1.92383988871837
O           -3.16208716253599        0.37316469279761        1.10489737039050
C           -4.40576338122598        1.15266860835853        1.08748017981153
C           -4.16837397626145        2.62064960253729        1.35581621428450
O           -1.36855741994988       -1.07202354593677        0.21752447893474
C           -1.64841309431653       -2.33382998901920       -0.47180000093868
C           -2.94495463380011       -2.95488774594162       -0.00352752036191
H            2.95610623495491       -3.40742505149020       -0.37907031594612
H            1.55893204895504       -2.65954910822609       -1.19755516863148
H            2.61523969224490       -3.77048473369334       -2.08662298338225
H            3.11242137691074       -1.38130553235619       -2.70180256288915
H            4.50331877978140       -2.22359674532997       -1.99963357739761
H            2.11129967036083       -2.28246583153264        2.30674319124551
H            3.14246866203878       -0.83347442162126        2.38974342626775
H            1.40937141159721       -0.80046947842968        4.20779347270165
H            1.16189375695744        0.54717589399764        3.06778906788102
H            0.11940960961517       -0.89359639654704        2.98394469755247
H           -0.32693699227231        2.21087304730649       -1.86580943686458
H            1.04380671195993        2.67397089698018       -0.82079666057743
H           -4.90217990325330        0.98862822958049        0.12534273385367
H           -5.00281769145513        0.69500281384986        1.87874661425037
H           -3.63962406827282        3.10485009987872        0.52987194405858
H           -5.14405382957004        3.10586400718851        1.46846520109828
H           -3.60396588231231        2.76763312071546        2.28214117255629
H           -1.64988825765477       -2.14672414240444       -1.55191165623638
H           -0.78869125817160       -2.96092970755685       -0.22068872349085
H           -3.04861449151992       -3.93677240362491       -0.47707475776587
H           -2.94443271255602       -3.09451044701100        1.08279785299162
H           -3.81034656647942       -2.34692578665477       -0.28745155297034
41
 energy: -65.046348897060 gnorm: 0.026143732793 xtb: 6.7.1 (edcfbbe)
C            2.59858001880034       -2.98005610447018       -1.32486663013718
C            3.49199918943249       -1.85373177583049       -1.78919309011392
O            3.69515366569010       -0.81140479382017       -0.78593565216029
P            2.53914037593824        0.07022520684907       -0.11031275633368
S            3.32581895016866        1.62518498952931        0.77183551179564
O            1.69872420153150       -0.90409413091369        0.84050033800332
C            2.11001578428989       -1.18286733504906        2.21524157483015
C            1.13780134662866       -0.53863441969317        3.17662385720733
S            1.11757060024182        0.36623381327189       -1.64004406530541
C            0.31149190796151        1.88604397932194       -1.03875124977836
S           -0.63010192227920        1.67567125511474        0.50757692894843
P           -2.11538754728991        0.30635050997994       -0.11341923288941
S           -2.85390038420924        0.47944840682308       -1.92182429239901
O           -3.16487909061274        0.36610996915848        1.09716959995721
C           -4.39350479920671        1.14477026209495        1.07875772004133
C           -4.16190305281711        2.61370454125320        1.35078176749743
O           -1.36403591251263       -1.06520586266314        0.21819554098437
C           -1.64731453049060       -2.31607430955370       -0.46729292381601
C           -2.94101401000371       -2.94638596256271       -0.00483831029497
H            2.95883186308011       -3.39415505799538       -0.38406519549626
H            1.57142172372079       -2.64051262449939       -1.19450015283962
H            2.61184611847386       -3.76386495589696       -2.08142836292380
H            3.09635466965701       -1.37432292380835       -2.68920051260834
H            4.50758301396997       -2.20615775319052       -1.98282842874982
H            2.10022846327144       -2.27200390474913        2.29573623703567
H            3.12863688399163       -0.81366043261441        2.36628304138490
H            1.41111634676352       -0.79786883120919        4.19845246809480
H            1.16250292385100        0.54462398666992        3.06665149736333
H            0.12517912955730       -0.88603396099606        2.97732583250871
H           -0.35000479439115        2.19951721982999       -1.84838366546870
H            1.06237170893828        2.64851233580044       -0.82147464427608
H           -4.87912306057351        0.99317850094404        0.11016421510613
H           -4.99168359603260        0.68568367020054        1.86801068045493
H           -3.62266310818290        3.08427691248377        0.52961453263344
H           -5.12860495362803        3.10469791589792        1.45945240080299
H           -3.59381774890723        2.75098229550079        2.26906781054532
H           -1.66090647980102       -2.12429765497314       -1.54511805240814
H           -0.78869417911690       -2.94242651105402       -0.21589018403104
H           -3.04827577966476       -3.92243467577932       -0.47680040602603
H           -2.93952965309724       -3.07517649250110        1.07622656669064
H           -3.79338386264643       -2.32787655373187       -0.28602499267335
41
 energy: -65.048039383730 gnorm: 0.011339466175 xtb: 6.7.1 (edcfbbe)
C            2.59786250128514       -2.97466030418603       -1.32545972109679
C            3.48392128275819       -1.84024350861653       -1.78964075298092
O            3.65614315912010       -0.80207819141312       -0.79148963668391
P            2.49550011795296        0.06224654111260       -0.11811580548638
S            3.28814153148294        1.62144639592160        0.75323483779557
O            1.68344714160568       -0.91784886789671        0.84916754356686
C            2.09949558299666       -1.18021928245257        2.20864029096705
C            1.13353531639825       -0.53357857315887        3.17634325357189
S            1.06521904351920        0.32762297559020       -1.64146363508733
C            0.30057839402487        1.85295854141744       -1.01978552423292
S           -0.60510911637707        1.66533420576718        0.54388402570593
P           -2.09103205427270        0.30557184454181       -0.09726409515175
S           -2.83041351056863        0.49217911604291       -1.90661667345572
O           -3.15809864830349        0.35698922066593        1.08973072308739
C           -4.37371154764083        1.13215887655293        1.06569345674026
C           -4.14122831395180        2.60246878532259        1.34213654222221
O           -1.35225400606011       -1.06727817809816        0.22112602928852
C           -1.64044624221847       -2.30343987806909       -0.46427524544414
C           -2.93807083527438       -2.93041929564014       -0.00296203954056
H            2.96255532640614       -3.38092863532061       -0.38696648703703
H            1.57772419146782       -2.62504898071959       -1.19065477460489
H            2.60754346528151       -3.75568924738347       -2.07799930868561
H            3.07907522852549       -1.37066476296327       -2.68851239955030
H            4.50640951339762       -2.17917287188049       -1.97017492743405
H            2.09281432683686       -2.26745971725624        2.29919562383864
H            3.11550897673326       -0.79981193326266        2.34938948844288
H            1.41059913150375       -0.79460788979388        4.19093311390888
H            1.16288197077432        0.54697158133631        3.06475532049506
H            0.12362503684766       -0.87562023999122        2.97332133744910
H           -0.37458636650013        2.17468384852467       -1.81113100561132
H            1.07031150995067        2.59798846434057       -0.81912070198743
H           -4.85208737168766        0.99284915143198        0.09162064275253
H           -4.97932429917959        0.67491187288282        1.85015757780386
H           -3.59172187091163        3.06166431661086        0.52370457760194
H           -5.10151397276301        3.09808608769120        1.44394334740036
H           -3.57389259020342        2.73179049708155        2.25830934529691
H           -1.66490234021415       -2.10485465317887       -1.54012713816324
H           -0.78472242104646       -2.93427804627002       -0.21827481685225
H           -3.05087656986014       -3.90078323406467       -0.47546606588002
H           -2.93613126405211       -3.05313496734589        1.07523531720910
H           -3.77912898728885       -2.30013232070417       -0.28354631902179
41
 energy: -65.048569781268 gnorm: 0.006356821499 xtb: 6.7.1 (edcfbbe)
C            2.59775370682476       -2.97302336478912       -1.32808175268481
C            3.48067748571877       -1.83345701204049       -1.79377154725448
O            3.63748207432685       -0.80061943078972       -0.79518203662766
P            2.47404088321258        0.05008280156049       -0.12146035088700
S            3.24336447213414        1.63083604978999        0.73011692527832
O            1.67463949012182       -0.93263145009460        0.85272714705927
C            2.09097981629102       -1.18037855013255        2.20715829142170
C            1.12713951952258       -0.52713402819693        3.17612153256260
S            1.02646203498008        0.30948049321832       -1.62963966410136
C            0.28574766175166        1.84354588370840       -1.01067366245537
S           -0.59710318715428        1.65668768457518        0.56302399394707
P           -2.07985786259142        0.29831453711560       -0.07968722384843
S           -2.79573928162592        0.51440617757787       -1.89474754527937
O           -3.15799062962888        0.34209291473139        1.09141595251060
C           -4.36373313008557        1.12018652537962        1.05850981138041
C           -4.11805809956870        2.59067126937453        1.33495522479635
O           -1.34061589589655       -1.07030357159934        0.22813203525684
C           -1.63041990910757       -2.29735209990497       -0.46205713933720
C           -2.93465662775808       -2.91539215064510       -0.00027996468726
H            2.96791898379116       -3.37787098942234       -0.39069698499427
H            1.57922424655498       -2.61983219348927       -1.18725716605552
H            2.60213632151438       -3.75282702771167       -2.08110385372133
H            3.07385163435966       -1.37231357803877       -2.69615865942813
H            4.50551194331045       -2.16485543426449       -1.97047078690959
H            2.08819577202151       -2.26659971437005        2.31343760752420
H            3.10640790725699       -0.79698416888494        2.34769987767976
H            1.40392206779292       -0.79035859691742        4.18993785129903
H            1.16309751098730        0.55372447547586        3.06349162498559
H            0.11529981119622       -0.86387395012555        2.97181774201477
H           -0.40180063125729        2.17299625477443       -1.78813073460868
H            1.07066614812263        2.57714228041856       -0.82591648568241
H           -4.83705671985132        0.98926465477247        0.08002625469235
H           -4.98218558813200        0.66934301897605        1.83669178765616
H           -3.55782326186156        3.04070725184170        0.51754263957713
H           -5.07359164256686        3.09574223465487        1.42858210133306
H           -3.55387747395812        2.71442629929798        2.25430718850910
H           -1.65979944063939       -2.09523156921200       -1.53759539641823
H           -0.77867417572182       -2.93649014712836       -0.22408910639914
H           -3.05535783771102       -3.88348735889794       -0.47398841225667
H           -2.93336783438382       -3.03693643177127        1.07831578533505
H           -3.76916984179784       -2.27572924564749       -0.28154758002583
41
 energy: -65.048735743315 gnorm: 0.004603419582 xtb: 6.7.1 (edcfbbe)
C            2.59734662362121       -2.97223069277851       -1.33202696886837
C            3.47518275576668       -1.82710065530086       -1.79754387475745
O            3.62277531219254       -0.79218443511580       -0.79969858080503
P            2.45682034810601        0.04880493751323       -0.12364271323102
S            3.21923521262222        1.63432899849869        0.72584912602910
O            1.66719950208987       -0.93911984147680        0.85401852324238
C            2.08590402066618       -1.17916583778720        2.20907827908924
C            1.12178272878298       -0.52067144544566        3.17649335372068
S            1.00345996539581        0.29684701025346       -1.63165019888516
C            0.27718769992738        1.83292680228069       -1.00082340513445
S           -0.59222659482048        1.65442112132064        0.58201459714369
P           -2.07135577395771        0.29464104052984       -0.07195263129443
S           -2.78111625234953        0.51926227909118       -1.88855750798659
O           -3.15439863949106        0.32970860182205        1.09203223095344
C           -4.35601992923140        1.11341121376258        1.05361265214054
C           -4.09903707649106        2.58269624033418        1.32978639196924
O           -1.32870637872957       -1.07054965960275        0.23059055137124
C           -1.62371684176934       -2.29555106598055       -0.46151502867033
C           -2.93251696876974       -2.90555324181660        0.00090203419777
H            2.97240649940284       -3.37888938556011       -0.39600387787888
H            1.57727584660452       -2.62257200111094       -1.18640422087146
H            2.59987770958859       -3.75117780123868       -2.08750778036282
H            3.06920871768533       -1.37261404999894       -2.70446880959493
H            4.50148902018663       -2.15357919935707       -1.97383293573407
H            2.08561800276121       -2.26512040033456        2.32616936381918
H            3.10189479558499       -0.79635446943537        2.35091727839962
H            1.39544809648959       -0.78549474951834        4.19228814896978
H            1.16218613973506        0.56096647547670        3.06388100680649
H            0.10741762013287       -0.85351600348645        2.97174889608886
H           -0.41879268469644        2.16874819833042       -1.76924302981027
H            1.06723963402597        2.56464834660976       -0.82942943143743
H           -4.82714053549383        0.98635896812909        0.07307777783313
H           -4.98454004333866        0.66848070816107        1.82731097590908
H           -3.53014484808275        3.02641036404492        0.51376653056191
H           -5.05099511236620        3.09766681235964        1.41722464981370
H           -3.53830486704687        2.70254728389246        2.25301669278160
H           -1.65194049341387       -2.09301464028831       -1.53746626371024
H           -0.77599576190690       -2.94204907550186       -0.22807498385470
H           -3.06155104082770       -3.87386733416239       -0.47244067319750
H           -2.93161660457357       -3.02696183445625        1.08068888381785
H           -3.76319938351740       -2.25956883948762       -0.28070970741679
41
 energy: -65.048807962051 gnorm: 0.003299011757 xtb: 6.7.1 (edcfbbe)
C            2.59702991236925       -2.97274989128971       -1.33611910829131
C            3.47162116079438       -1.82527819645430       -1.80098690524163
O            3.61766571989744       -0.78949145387311       -0.80260999997744
P            2.45148254425892        0.04594558774455       -0.12200636050732
S            3.20973948682031        1.63376050378541        0.72657277601114
O            1.66525396486573       -0.94510722891893        0.85572650836667
C            2.08245972156298       -1.17882256754796        2.21390339475238
C            1.11746094448894       -0.51516912504558        3.17715199210384
S            0.99988251206297        0.30195948037469       -1.62913465324894
C            0.27119265416666        1.83587492527487       -0.99888703840740
S           -0.59535227233455        1.65500241572102        0.58501100847414
P           -2.06945340042404        0.28913718745446       -0.06686777085817
S           -2.77693320697999        0.51830214596672       -1.88362053821023
O           -3.15478832084038        0.31760575392071        1.09418098718294
C           -4.35245317992234        1.10998281605279        1.05202290641382
C           -4.08528058298782        2.57734458298750        1.32698817947841
O           -1.32143699537974       -1.07319527953430        0.23249971080470
C           -1.62062238833283       -2.29815253915424       -0.46093412140539
C           -2.93228939539769       -2.90126520872696        0.00102981906797
H            2.97540263088353       -3.38276675079098       -0.40241052657163
H            1.57576161102678       -2.62688238841706       -1.18639161505343
H            2.59876849730576       -3.74964735950432       -2.09462986759312
H            3.06572279892691       -1.37129920056862       -2.70868930680084
H            4.49860060729713       -2.14916401934907       -1.97834667890827
H            2.08204458608401       -2.26444982531881        2.33568283832306
H            3.09895587437963       -0.79654904227839        2.35476095752028
H            1.38670847786425       -0.77971583044850        4.19502721727512
H            1.16119784588112        0.56649405948488        3.06376226562839
H            0.10194366713581       -0.84520362791916        2.97096518670879
H           -0.42740910301312        2.17153211833958       -1.76484163886890
H            1.05967219764140        2.56904640795976       -0.83089973429238
H           -4.82150042526291        0.98407342375735        0.07027078052923
H           -4.98681417078411        0.67000269815459        1.82362722440376
H           -3.50979241747861        3.01574854190489        0.51245676616614
H           -5.03353683905383        3.10099727690129        1.41008263660199
H           -3.52724744443628        2.69459623719624        2.25263017984441
H           -1.64524375147736       -2.09451008179652       -1.53698499751858
H           -0.77569145575640       -2.94835092702119       -0.22749362952629
H           -3.06695515521692       -3.86979168684482       -0.47150675257811
H           -2.93194760329725       -3.02246582692511        1.08133249190852
H           -3.76017888684336       -2.25140936208465       -0.28084926254974
41
 energy: -65.048858434898 gnorm: 0.001965041083 xtb: 6.7.1 (edcfbbe)
C            2.59624504004888       -2.97271037330775       -1.34117723175984
C            3.46683256452805       -1.82301082853045       -1.80499541025211
O            3.61352939584456       -0.78610881160171       -0.80605834056400
P            2.44904579563338        0.04581786733917       -0.11893914134325
S            3.20826627848002        1.63047203898307        0.73476602179693
O            1.66482473193879       -0.94920556610916        0.85676567685403
C            2.07800524084315       -1.17734679560892        2.21917570800868
C            1.11222338577952       -0.50830462268972        3.17694559157799
S            0.99661685927153        0.30545552608094       -1.62599561172465
C            0.26636119309489        1.83889349442046       -0.99610753579896
S           -0.60009216842471        1.65468444850741        0.58727470074790
P           -2.06958383211303        0.28321425335292       -0.06482971940515
S           -2.77867272979262        0.51181524721128       -1.88109353148402
O           -3.15560010173887        0.30460330571872        1.09537525124565
C           -4.34866936188425        1.10740323139112        1.05131567266213
C           -4.06995572526329        2.57208796640769        1.32432927348634
O           -1.31402704533702       -1.07570993329186        0.23247465545743
C           -1.61826619374580       -2.30233844255685       -0.45977052937739
C           -2.93269660055992       -2.89792285431802        0.00088726800187
H            2.97826709815861       -3.38687093383106       -0.41077064483941
H            1.57414830487885       -2.63103561347151       -1.18667357412637
H            2.59759078006220       -3.74645005416286       -2.10334289951712
H            3.05992147253131       -1.36766049685431       -2.71172739410053
H            4.49450551869500       -2.14442572022596       -1.98373221569665
H            2.07521390348253       -2.26242425079163        2.34371533458790
H            3.09492332349834       -0.79622752260760        2.35902696625395
H            1.37603183650089       -0.77228695075248        4.19669771596452
H            1.16024856874332        0.57295131815309        3.06262253123736
H            0.09618413046402       -0.83514101913254        2.96791095841203
H           -0.43325046840548        2.17256120781142       -1.76178290244747
H            1.05215914241876        2.57469047138600       -0.82857832855074
H           -4.81609551930683        0.98183068174849        0.06893653805284
H           -4.98652003369635        0.67254753817890        1.82248863681538
H           -3.48814559835228        3.00442328832716        0.51131437745406
H           -5.01378713232415        3.10433846352521        1.40332168654035
H           -3.51447353603458        2.68673784261523        2.25183182121189
H           -1.63812130748909       -2.09884509327113       -1.53596210847596
H           -0.77627936255644       -2.95497564878544       -0.22298031458786
H           -3.07205187012171       -3.86653073971326       -0.47031656274324
H           -2.93380360797592       -3.01821723783208        1.08137572929008
H           -3.75741194927993       -2.24480993854292       -0.28224279770794
41
 energy: -65.048879576165 gnorm: 0.001871515311 xtb: 6.7.1 (edcfbbe)
C            2.59529556801788       -2.97178843974675       -1.34563426259626
C            3.46338595611740       -1.82094983089160       -1.80857827726055
O            3.61182003964806       -0.78472502684445       -0.80835296484512
P            2.44917818773564        0.04569379917515       -0.11595947526253
S            3.21094150771984        1.62619635363766        0.74293441399908
O            1.66639152375562       -0.95288593629466        0.85718976132764
C            2.07353195955592       -1.17592399790501        2.22311801274498
C            1.10682215578929       -0.50146280906481        3.17483721868635
S            0.99874816568989        0.31094676620695       -1.62374330692840
C            0.26298972382439        1.84146200531387       -0.99300411274830
S           -0.60404850123735        1.65276652584475        0.58952501445485
P           -2.07026623775520        0.27851002549487       -0.06521322663509
S           -2.78202821445873        0.50346502869485       -1.88144198983012
O           -3.15685046053269        0.29451224538189        1.09491584580492
C           -4.34543418593629        1.10563191473140        1.05189515615888
C           -4.05721668182137        2.56807662121276        1.32264496389328
O           -1.30918699234805       -1.07839328273673        0.23122209410154
C           -1.61716345822228       -2.30707703966687       -0.45761961983186
C           -2.93421567427903       -2.89669530059354        0.00055833008440
H            2.98030964283117       -3.38886376882190       -0.41828161020417
H            1.57376841503401       -2.63155013513040       -1.18678112084170
H            2.59534508704096       -3.74242112068496       -2.11051596509192
H            3.05366286794633       -1.36286389898631       -2.71235942603649
H            4.49135764200488       -2.14059702212198       -1.98897308748329
H            2.06642775612678       -2.26034417723080        2.34962145078678
H            3.09056406383176       -0.79624318571731        2.36343943373492
H            1.36565013242551       -0.76426702721134        4.19565497226674
H            1.15953308929205        0.57904217408549        3.05883609418117
H            0.09091469224639       -0.82492451943689        2.96208626812021
H           -0.43575898795833        2.17295535376164       -1.76037603855504
H            1.04666501205983        2.57898677541446       -0.82197689682010
H           -4.81349748739455        0.98093647622740        0.07001583774276
H           -4.98343086089403        0.67503505555522        1.82490807188780
H           -3.47099813262196        2.99444186562922        0.51020501045632
H           -4.99699569046910        3.10669560864240        1.39895820696266
H           -3.50251754306350        2.68048974973340        2.25045836537912
H           -1.63264750030616       -2.10610960409950       -1.53411366539948
H           -0.77784498639232       -2.96059504613906       -0.21455919875470
H           -3.07572098363167       -3.86511581170898       -0.46944774574543
H           -2.93838466461768       -3.01503876585258        1.08089729628773
H           -3.75545552425902       -2.24103985468788       -0.28551450703492
41
 energy: -65.048888482582 gnorm: 0.001072928713 xtb: 6.7.1 (edcfbbe)
C            2.59500997432461       -2.97045533606254       -1.34640269342850
C            3.46346193476724       -1.81948668373546       -1.80940386894607
O            3.61292006400064       -0.78487857385146       -0.80809018581369
P            2.45044944932170        0.04630215317899       -0.11578449129928
S            3.21298453970982        1.62552219988360        0.74492289163315
O            1.66798808035721       -0.95328133750571        0.85627685112485
C            2.07207007743473       -1.17556649817416        2.22257686425080
C            1.10478316934585       -0.49904501256578        3.17240734261867
S            0.99978548863826        0.30984900303947       -1.62411762474497
C            0.26566708293214        1.84123392710240       -0.99143220695799
S           -0.60445693254709        1.65077322622909        0.58870256695599
P           -2.07069325972034        0.27716697105439       -0.06550015547412
S           -2.78019971458480        0.50313008784393       -1.88236682486684
O           -3.15819647109460        0.29307192561859        1.09421634403359
C           -4.34541092060252        1.10507056431439        1.05317797874545
C           -4.05522861588980        2.56755450275790        1.32286323384978
O           -1.31001181416634       -1.08023349574113        0.23112453737986
C           -1.61727622861642       -2.30928060565193       -0.45604774977338
C           -2.93577413882395       -2.89769795176269        0.00042460726637
H            2.98060543632298       -3.38774927297950       -0.41951601677602
H            1.57425980673927       -2.62888765776123       -1.18647900584701
H            2.59361933534258       -3.74064973319198       -2.11141910477717
H            3.05248236321433       -1.36063750717216       -2.71202589695339
H            4.49102373074622       -2.13933176870326       -1.99097151122459
H            2.06283148073303       -2.25983780856397        2.35012452099700
H            3.08926286318308       -0.79727472242640        2.36490783027517
H            1.36208087853057       -0.76136658695734        4.19349379941308
H            1.15931300669946        0.58126711547389        3.05550306056446
H            0.08887734790401       -0.82113679080658        2.95821786222239
H           -0.43226196869610        2.17327137919027       -1.75940897860224
H            1.04936504111027        2.57853535446863       -0.81813103568430
H           -4.81584482037624        0.98120902275731        0.07234750930317
H           -4.98219343199134        0.67552054548716        1.82788481612183
H           -3.46894226630905        2.99225461784361        0.50961749642796
H           -4.99414981499482        3.10728215703483        1.39924049914557
H           -3.49953738919360        2.67978983729672        2.25003775875822
H           -1.63139313824350       -2.11059991326053       -1.53288173820308
H           -0.77877770033521       -2.96277046949506       -0.21004365334566
H           -3.07672753751184       -3.86614339552303       -0.46939089224049
H           -2.94232255233620       -3.01500322650737        1.08075427779902
H           -3.75580201482989       -2.24152149900680       -0.28793369277094
41
 energy: -65.048893969920 gnorm: 0.001063392791 xtb: 6.7.1 (edcfbbe)
C            2.59500930725648       -2.96872443029091       -1.34743644762126
C            3.46469503609562       -1.81790523681622       -1.81063159418541
O            3.61660907453864       -0.78656592517142       -0.80720846404749
P            2.45373694643345        0.04552122042508       -0.11566762436590
S            3.21482108120715        1.62508627403522        0.74538836892792
O            1.67146677846880       -0.95516911976842        0.85494588454062
C            2.07012252616454       -1.17565987632684        2.22209931309214
C            1.10148936536846       -0.49506073481418        3.16831705335346
S            1.00269405115062        0.31107208084446       -1.62311515556321
C            0.26584880165941        1.84045004351135       -0.98809073108892
S           -0.60374276868684        1.64752346537990        0.59242026606391
P           -2.06983439120351        0.27638792818574       -0.06798698754788
S           -2.77811381716849        0.50210423640572       -1.88521715304341
O           -3.15819587781991        0.29270122732268        1.09151228185545
C           -4.34436334624184        1.10450766409833        1.05490082029395
C           -4.05273766694047        2.56743087142817        1.32306697521870
O           -1.31111202484285       -1.08216464688166        0.22992124131435
C           -1.61747280978484       -2.31224886361236       -0.45372339517804
C           -2.93831611415770       -2.89908600004101        0.00003818236388
H            2.98144473696000       -3.38655407893598       -0.42110344350474
H            1.57529708843240       -2.62494250119810       -1.18577310509392
H            2.59097227812499       -3.73849361130663       -2.11269131277766
H            3.05202282518140       -1.35760796431076       -2.71164749963663
H            4.49129395662026       -2.13865321326378       -1.99494223427800
H            2.05760627610613       -2.25973494575656        2.35206621094762
H            3.08783224153669       -0.80001010630792        2.36808690912631
H            1.35567310322281       -0.75617112186741        4.19044559187613
H            1.15895625100320        0.58499941381132        3.04940319670546
H            0.08538956961473       -0.81502502011949        2.95181140529282
H           -0.43029261886222        2.17482110066902       -1.75683335604991
H            1.05036727138844        2.57651631756142       -0.81197242345922
H           -4.81985703826459        0.98145759544446        0.07635805322783
H           -4.97860848334640        0.67601322115762        1.83253271623980
H           -3.46753357449887        2.99047698825330        0.50814269395199
H           -4.99101027285235        3.10797178151775        1.40039437916684
H           -3.49512438640522        2.67991680223500        2.24912999866024
H           -1.62901658188045       -2.11794735101345       -1.53136829008320
H           -0.78044995390178       -2.96612863553356       -0.20337344513834
H           -3.07851182137077       -3.86804561379801       -0.46902921275359
H           -2.94870595876175       -3.01462337336647        1.08052933259246
H           -3.75670863904905       -2.24246711861626       -0.29222367823846
41
 energy: -65.048896402216 gnorm: 0.000426322517 xtb: 6.7.1 (edcfbbe)
C            2.59508090100629       -2.96851109675485       -1.34845275817714
C            3.46405490468313       -1.81716577160016       -1.81128886077183
O            3.61631007345089       -0.78573738289854       -0.80772121874031
P            2.45326061602823        0.04544444196843       -0.11519520940247
S            3.21445954101700        1.62467331670430        0.74632622910188
O            1.67177946335945       -0.95618602982958        0.85532370090396
C            2.06939369356683       -1.17567499725287        2.22326235840320
C            1.10031023549682       -0.49353018808434        3.16787419547697
S            1.00379769348604        0.31173709071772       -1.62373812345456
C            0.26736394824493        1.84076949567014       -0.98768689649918
S           -0.60365499177541        1.64666873494288        0.59164145711842
P           -2.06995997222910        0.27518686157022       -0.06710886034083
S           -2.77701920949833        0.50250538929305       -1.88467277313505
O           -3.15874952653602        0.29071706956308        1.09191179534020
C           -4.34420929028885        1.10411872092237        1.05541704772809
C           -4.05106062775344        2.56687423279669        1.32272661926878
O           -1.31086611620667       -1.08309130791534        0.23063840122337
C           -1.61743753283524       -2.31331045434865       -0.45322726413614
C           -2.93892382516580       -2.89895171556270       -0.00026716346120
H            2.98210777187119       -3.38714919113435       -0.42260179196133
H            1.57503789142630       -2.62571951643515       -1.18604138700710
H            2.59109798588098       -3.73785692616387       -2.11437164985903
H            3.05132029480303       -1.35659118997202       -2.71231014616512
H            4.49069983833297       -2.13781659781919       -1.99647629557782
H            2.05618708890807       -2.25966105867221        2.35407177912736
H            3.08741679872539       -0.80073780924558        2.36957938017725
H            1.35285875967315       -0.75416438694870        4.19074820559495
H            1.15869540114841        0.58641551886786        3.04834679832558
H            0.08406973502448       -0.81293850226859        2.95061276840715
H           -0.42929053246519        2.17535121212551       -1.75579431862743
H            1.05129319391842        2.57721712797417       -0.81186965686414
H           -4.82017790146569        0.98076077811818        0.07707442409527
H           -4.97872965470846        0.67644683603773        1.83327176443497
H           -3.46567818488115        2.98934252311610        0.50753278437016
H           -4.98896114626969        3.10846541601378        1.40010759580411
H           -3.49330865480844        2.67945614822381        2.24876618720483
H           -1.62737061367317       -2.11913112804131       -1.53104497499713
H           -0.78111296418393       -2.96784453512187       -0.20218320844888
H           -3.07969194316208       -3.86821976489324       -0.46881405143140
H           -2.94993167548362       -3.01417242112921        1.08033815840185
H           -3.75682104616740       -2.24202019936456       -0.29322972029355
41
 energy: -65.048896882974 gnorm: 0.000195531125 xtb: 6.7.1 (edcfbbe)
C            2.59520502421316       -2.96845591937566       -1.34902045080411
C            3.46396544633327       -1.81702979213952       -1.81154978761045
O            3.61655532579722       -0.78568224490045       -0.80794191272716
P            2.45363392911557        0.04524323535535       -0.11490679247814
S            3.21484150583597        1.62428651349423        0.74712839194080
O            1.67215112560648       -0.95662005802411        0.85547203199404
C            2.06895832661098       -1.17558934375013        2.22384579646146
C            1.09974768226207       -0.49284072356417        3.16771818758680
S            1.00284633797810        0.31093092323325       -1.62273135676056
C            0.26733325463340        1.84059658849396       -0.98730267015107
S           -0.60349059440693        1.64679833658855        0.59212071428204
P           -2.06939941303723        0.27492612515969       -0.06687080749729
S           -2.77633119390429        0.50266855814039       -1.88436982753883
O           -3.15823821001482        0.29048885359173        1.09190758916094
C           -4.34371622314131        1.10410479400960        1.05546038905355
C           -4.05055608327477        2.56679247972359        1.32241521999931
O           -1.31072196875038       -1.08343686484038        0.23080492529803
C           -1.61765444878819       -2.31363124094435       -0.45325446149157
C           -2.93930708911597       -2.89876233816593       -0.00054701959302
H            2.98224698929358       -3.38741317176041       -0.42333969106452
H            1.57500570863891       -2.62615888553549       -1.18653345767291
H            2.59149993814050       -3.73756734729791       -2.11520623782214
H            3.05135463127492       -1.35614499796892       -2.71253016831131
H            4.49062374513542       -2.13773863148318       -1.99695144383857
H            2.05538866464799       -2.25950824739263        2.35494279555510
H            3.08707376207213       -0.80094437491837        2.37031670635291
H            1.35157155366554       -0.75318453719885        4.19084658709778
H            1.15852045603712        0.58700732059504        3.04792770494618
H            0.08353325040661       -0.81207997353099        2.95006917887074
H           -0.42943333650415        2.17530018738440       -1.75517323215100
H            1.05144871694831        2.57688932919615       -0.81173870885855
H           -4.81981525352097        0.98036267803555        0.07720063476066
H           -4.97805340607987        0.67659292244937        1.83351867962049
H           -3.46575638525911        2.98937865835145        0.50689795868022
H           -4.98854740299510        3.10817131842676        1.40028475282288
H           -3.49241420612302        2.67963514466919        2.24818510072900
H           -1.62708383132418       -2.11919863116644       -1.53105783225288
H           -0.78158190909574       -2.96843611434743       -0.20211217934986
H           -3.08019400847937       -3.86818182144223       -0.46875059206267
H           -2.95047992519048       -3.01374191670465        1.08009162966130
H           -3.75709006514707       -2.24185804727689       -0.29379102368095
41
 energy: -65.048897152610 gnorm: 0.000137145055 xtb: 6.7.1 (edcfbbe)
C            2.59533524012997       -2.96839742634448       -1.34957907913211
C            3.46407228675401       -1.81693096395449       -1.81178633095950
O            3.61672056646979       -0.78579557703045       -0.80799626852270
P            2.45379373237911        0.04477235851301       -0.11456648396553
S            3.21501757311030        1.62374484653851        0.74744314567023
O            1.67255973438556       -0.95735534266599        0.85580987974800
C            2.06860552360944       -1.17568006403261        2.22450529838092
C            1.09913958752844       -0.49223667201217        3.16750167745462
S            1.00329105806240        0.31084935374226       -1.62250035720448
C            0.26778804314297        1.84019490330117       -0.98685383425474
S           -0.60270328106032        1.64606618784241        0.59280328073260
P           -2.06904841453148        0.27485411647918       -0.06668856339935
S           -2.77583113633861        0.50265679112843       -1.88432950330415
O           -3.15786542019841        0.29065673085299        1.09192988035810
C           -4.34344224275474        1.10416141794133        1.05563026940703
C           -4.05044527060538        2.56689543555784        1.32214618159431
O           -1.31086404907858       -1.08363385969199        0.23100940461574
C           -1.61794380916076       -2.31375699243002       -0.45327557834733
C           -2.93975113479488       -2.89863444568013       -0.00089539887580
H            2.98223670286350       -3.38744834787006       -0.42391490060385
H            1.57508185249561       -2.62625982511979       -1.18721778476107
H            2.59188233414360       -3.73736462009123       -2.11588772356586
H            3.05148646483249       -1.35575500633095       -2.71262912170742
H            4.49074673220724       -2.13764523966487       -1.99724243733821
H            2.05460732896681       -2.25952792708783        2.35600391425850
H            3.08673768070593       -0.80120921505286        2.37123617759006
H            1.35034698413126       -0.75219969357774        4.19082972726032
H            1.15832192235468        0.58752211856039        3.04730482715928
H            0.08295856141433       -0.81124505771655        2.94944600146964
H           -0.42907084081121        2.17501399305394       -1.75459106821928
H            1.05195491352643        2.57640318274500       -0.81124236811379
H           -4.81967943849497        0.98007538706235        0.07747775629484
H           -4.97740472530269        0.67667934224504        1.83399818375707
H           -3.46647293252741        2.98963669315219        0.50612367233536
H           -4.98856560136013        3.10792801675663        1.40076298196662
H           -3.49155260317250        2.68000545420904        2.24741846133987
H           -1.62713160796895       -2.11909998111163       -1.53102655231441
H           -0.78203608381353       -2.96870595174805       -0.20201609012811
H           -3.08052953156602       -3.86817294568832       -0.46884084706764
H           -2.95129469947094       -3.01329035811132        1.07976506724227
H           -3.75741157970802       -2.24180207349905       -0.29459017569337
41
 energy: -65.048897275125 gnorm: 0.000119448733 xtb: 6.7.1 (edcfbbe)
C            2.59546381852698       -2.96845079100232       -1.35000023853512
C            3.46441362695005       -1.81700396548486       -1.81194797742631
O            3.61707136036241       -0.78612431858913       -0.80788260601307
P            2.45414657136478        0.04426580864062       -0.11427944232168
S            3.21531909453831        1.62316213642454        0.74793304489708
O            1.67303666339902       -0.95807282301520        0.85596418044987
C            2.06836435080094       -1.17583307876109        2.22496630192359
C            1.09862767759856       -0.49182321267487        3.16731279116390
S            1.00370220764045        0.31071067066909       -1.62218348632837
C            0.26822091701711        1.83999439035102       -0.98650294895868
S           -0.60250721188463        1.64608585664897        0.59306869547439
P           -2.06881913681580        0.27484147511616       -0.06647332062105
S           -2.77548170711137        0.50284971174898       -1.88416020473653
O           -3.15768369608729        0.29084267192830        1.09204443514333
C           -4.34337435584738        1.10422441793496        1.05576885782763
C           -4.05051235050951        2.56707727015510        1.32195670620277
O           -1.31097699152763       -1.08382716551351        0.23114455331650
C           -1.61816627459336       -2.31381841868303       -0.45339623314832
C           -2.94012368432997       -2.89858334547500       -0.00123239946338
H            2.98214032589902       -3.38754423572203       -0.42424876312354
H            1.57521807044569       -2.62616036989510       -1.18782630287288
H            2.59207324777428       -3.73738966405831       -2.11634347707296
H            3.05188010308828       -1.35558728170271       -2.71267286617936
H            4.49104970733801       -2.13775519655861       -1.99739532296599
H            2.05405452330236       -2.25962811652493        2.35689010060521
H            3.08648767683500       -0.80150932649447        2.37204249247772
H            1.34936670536302       -0.75149958248386        4.19083984642830
H            1.15811837540455        0.58789871829920        3.04676804521713
H            0.08244597757387       -0.81061825998502        2.94894484244821
H           -0.42849943972551        2.17499291513374       -1.75429031888658
H            1.05246076206522        2.57610337359939       -0.81072293675747
H           -4.81975582020282        0.97993541906737        0.07773038033443
H           -4.97715526152670        0.67679994245518        1.83432831534474
H           -3.46721025213078        2.98988777251978        0.50544873977326
H           -4.98869444265114        3.10796519754290        1.40123820928138
H           -3.49091781399691        2.68036080470855        2.24679326988991
H           -1.62729310801122       -2.11895231474486       -1.53108985580168
H           -0.78235858301274       -2.96888874843799       -0.20215210775767
H           -3.08081924638241       -3.86820418539038       -0.46905187217979
H           -2.95200745030023       -3.01301163308092        1.07944694628925
H           -3.75766451614615       -2.24174377549646       -0.29530275218148
41
 energy: -65.048897268478 gnorm: 0.000173975517 xtb: 6.7.1 (edcfbbe)
C            2.59556633571016       -2.96848741627503       -1.35033244984381
C            3.46468036821593       -1.81705735975677       -1.81208195051388
O            3.61735016601281       -0.78637950328694       -0.80780125054410
P            2.45442161223814        0.04386725861002       -0.11406531045157
S            3.21554573512736        1.62271368322558        0.74829539062986
O            1.67340737771650       -0.95863161975191        0.85607958995109
C            2.06817577844408       -1.17594615970050        2.22532388844639
C            1.09823044259935       -0.49149298400727        3.16716572761793
S            1.00404033939615        0.31063077102965       -1.62194257939831
C            0.26854064946867        1.83983863793552       -0.98623197240012
S           -0.60235890524367        1.64613209173795        0.59328415682196
P           -2.06861634121353        0.27482109672051       -0.06629272726347
S           -2.77519003313172        0.50299485267346       -1.88401778872014
O           -3.15752765699807        0.29098229286928        1.09213417440020
C           -4.34331097811121        1.10426771798275        1.05587953911562
C           -4.05056394336072        2.56721577059765        1.32180937333814
O           -1.31106434922049       -1.08399821753172        0.23126021875093
C           -1.61834507496947       -2.31388583151053       -0.45348286994089
C           -2.94042207883074       -2.89855764699322       -0.00149017069612
H            2.98207247065084       -3.38761043760805       -0.42451291132236
H            1.57532730140446       -2.62607484699190       -1.18829985706235
H            2.59222082994857       -3.73740457392640       -2.11670324876331
H            3.05217663342681       -1.35544958976760       -2.71270731478039
H            4.49128514037804       -2.13783376756998       -1.99753044133431
H            2.05362139677632       -2.25970063092766        2.35757917575134
H            3.08629180860783       -0.80173730374673        2.37266823271128
H            1.34860553851281       -0.75094237769728        4.19084911947775
H            1.15796077577007        0.58820083918668        3.04634455661781
H            0.08204683151916       -0.81011730798544        2.94855495712815
H           -0.42807485913459        2.17497651987290       -1.75405477386421
H            1.05283542857343        2.57587317016865       -0.81032383984418
H           -4.81980744497428        0.97982020830846        0.07793205146588
H           -4.97694642579107        0.67688484291182        1.83459067998335
H           -3.46778110815182        2.99008010383344        0.50492228516183
H           -4.98879645244540        3.10799300998324        1.40160830706995
H           -3.49041874419925        2.68063730900460        2.24630407352364
H           -1.62742119288628       -2.11885291719122       -1.53113006405474
H           -0.78261766604666       -2.96905082752409       -0.20224427276021
H           -3.08105592772932       -3.86824453240109       -0.46920823505622
H           -2.95257951758532       -3.01279950575361        1.07920502812878
H           -3.75786383997951       -2.24170607557806       -0.29586117632051
41
 energy: -65.048897335320 gnorm: 0.000099523794 xtb: 6.7.1 (edcfbbe)
C            2.59555602571774       -2.96856186197237       -1.35031854442850
C            3.46473353886725       -1.81713238301495       -1.81200882684531
O            3.61735434324067       -0.78646668182527       -0.80769347359727
P            2.45447657962879        0.04380882516706       -0.11392456076725
S            3.21560118113082        1.62262014958280        0.74848063344478
O            1.67347311945832       -0.95873806208935        0.85615843813963
C            2.06817531708267       -1.17605149624227        2.22539655925002
C            1.09817005950666       -0.49155055977858        3.16715170068501
S            1.00396209719781        0.31043447275927       -1.62182048194319
C            0.26866693186116        1.83983098266022       -0.98616123975000
S           -0.60230537449364        1.64580232368620        0.59330210589173
P           -2.06884553761557        0.27495017251143       -0.06646157173114
S           -2.77539901243606        0.50305807172859       -1.88414727542825
O           -3.15762935302017        0.29109335541678        1.09211491380802
C           -4.34340043844498        1.10434762205192        1.05584620507436
C           -4.05057494742400        2.56728371258655        1.32178822602685
O           -1.31106918775059       -1.08377659887705        0.23113131504520
C           -1.61830204100762       -2.31366942762657       -0.45358767572362
C           -2.94036441977508       -2.89839567044187       -0.00157235131389
H            2.98197653667476       -3.38773205302772       -0.42448372492629
H            1.57531314674644       -2.62614118424640       -1.18836115230823
H            2.59223742881812       -3.73747975560760       -2.11668253325520
H            3.05236266176760       -1.35554227129180       -2.71271181593888
H            4.49134214459024       -2.13795986408303       -1.99736843140279
H            2.05361715602183       -2.25979588140714        2.35769646702910
H            3.08629516858410       -0.80185149789334        2.37278155763556
H            1.34849665114159       -0.75100351627161        4.19084607482735
H            1.15792871788230        0.58813786610659        3.04634817355806
H            0.08199635233816       -0.81020764890900        2.94851815328330
H           -0.42787978551568        2.17500366531777       -1.75404367314895
H            1.05297951006822        2.57583209179816       -0.81020101859591
H           -4.81989116066193        0.97987935292772        0.07789327001648
H           -4.97706066186461        0.67699410210499        1.83454371835401
H           -3.46789794766751        2.99017196956272        0.50486533859565
H           -4.98879368156569        3.10801620048875        1.40166242415166
H           -3.49040513677202        2.68069065932742        2.24627122343315
H           -1.62741758316554       -2.11866677304011       -1.53124917636899
H           -0.78255718318012       -2.96885045598842       -0.20243605322942
H           -3.08095683075867       -3.86807190482106       -0.46931761561614
H           -2.95245242205718       -3.01271953119902        1.07911408919020
H           -3.75787154265422       -2.24162177296120       -0.29588406996420
