41
 energy: -2932.482421654683 gnorm: 0.001351960815 xtb: 6.7.1 (edcfbbe)
C            5.12962366554855       -1.53888340370123       -0.87868968499862
C            4.91763701914649       -0.25129827749581       -0.12275001980513
O            3.58172576526755       -0.18868459455322        0.48498075798495
P            2.25665822580160        0.20423575392630       -0.34019052585287
S            2.48929466261305        1.29802409080337       -1.93456683133173
O            1.31138741924678        0.80267491144208        0.81265341505614
C            1.28955322148812        2.24269456010900        1.11589847211931
C            2.54341358031752        2.68280207971157        1.83198686468302
S            1.41703661730039       -1.71770518087614       -0.61367129971699
C           -0.08488928647391       -1.32656522681302       -1.61486158536979
S           -1.67583581363154       -1.70283962979119       -0.78240626811000
P           -2.29878755746915        0.17985523926109       -0.01234566472664
S           -1.99356957258720        1.70750082344069       -1.17678661494100
O           -1.66894907783610        0.40763487401984        1.44019390592275
C           -1.25892677275627       -0.65598189396153        2.37234825203377
C           -2.43295520183441       -1.37601173843830        2.98613092936814
O           -3.82261301667639       -0.18772727259379        0.35077552182898
C           -4.85858991027663       -0.26164211826131       -0.69452497491398
C           -5.92620177843981        0.75605714325489       -0.38688335544710
H            4.95048649209144       -2.40551352496452       -0.23561356415281
H            4.47838188670139       -1.60266867165982       -1.75538785410783
H            6.16817139508961       -1.57440925337052       -1.22354087812912
H            5.04611996648925        0.62711719088423       -0.76208380670212
H            5.59087221378985       -0.17102704929517        0.73317095471789
H            1.13731306300181        2.78770210879150        0.17940570510154
H            0.40277014462283        2.35648519269710        1.74258872651806
H            3.42546069541403        2.60128207131768        1.18913730868611
H            2.42953094565173        3.73308398985907        2.12004312050932
H            2.70622931926844        2.09157615587330        2.73789708890135
H           -0.05423024065762       -1.96471618780836       -2.50101438566410
H           -0.06776038848181       -0.27883218470414       -1.93642527118923
H           -0.58986730302009       -1.33759392623951        1.83870982788303
H           -0.68245590642760       -0.11377373840861        3.12466923534486
H           -2.97757204118337       -1.97422803837324        2.25024438181513
H           -2.05237086767719       -2.05327997188060        3.75793708718040
H           -3.12449032462631       -0.67162292247328        3.45709859435155
H           -4.40315209664096       -0.08486616110993       -1.67380220135188
H           -5.24096181211423       -1.28501527087754       -0.65985856683725
H           -5.51908304376958        1.77065898339572       -0.42464373491131
H           -6.72316736444893        0.67334147420597       -1.13283721883524
H           -6.35964947942531        0.58126167562174        0.60197694461118
41
 energy: -2932.482420433289 gnorm: 0.001471252221 xtb: 6.7.1 (edcfbbe)
C            5.12927199508036       -1.53876321268921       -0.87885290272983
C            4.91698453175129       -0.25134554358293       -0.12282878472837
O            3.58021640680742       -0.18920124558657        0.48474988719221
P            2.25537416599410        0.20465174580734       -0.34127789861419
S            2.49168842303274        1.30167636208562       -1.93290637054780
O            1.30929734900359        0.80330964696556        0.81078089027336
C            1.28933580526768        2.24337251854745        1.11513293530029
C            2.54303937832887        2.68184832775080        1.83185283805898
S            1.41567781828448       -1.71788981363262       -0.61464176347830
C           -0.08697311142425       -1.32679152660936       -1.61462418097643
S           -1.67569436163289       -1.70745761805226       -0.77885296201040
P           -2.29527790439634        0.17947097779752       -0.01378614053489
S           -1.99387859074776        1.71348713432466       -1.17078929313062
O           -1.66669877852213        0.40794374410778        1.43900168073457
C           -1.25887133044111       -0.65612398230071        2.37190160315772
C           -2.43357668308459       -1.37497950251807        2.98580360043602
O           -3.81969544715254       -0.18654511009232        0.35020321679519
C           -4.85619027835540       -0.26116654513480       -0.69475140833290
C           -5.92520336694919        0.75501819393531       -0.38698079460389
H            4.94954111587407       -2.40565025865584       -0.23630677031993
H            4.47900780189114       -1.60221312062177       -1.75630435380186
H            6.16822492295086       -1.57428873284702       -1.22265848386685
H            5.04544815105247        0.62702677025181       -0.76205063627660
H            5.58975638654687       -0.17109423529346        0.73339883254263
H            1.13729193985886        2.78918789638372        0.17934727822504
H            0.40278914584187        2.35766977766291        1.74201153431707
H            3.42517431476282        2.60089061762933        1.18923898243785
H            2.42942640269341        3.73163295551703        2.12158338528143
H            2.70523163168378        2.08945152190892        2.73680805688019
H           -0.05647275420235       -1.96746194057887       -2.49918064804270
H           -0.07058450770629       -0.27969273639471       -1.93879871301411
H           -0.59051034197945       -1.33868214944294        1.83879297187996
H           -0.68196611012308       -0.11517084033537        3.12469506387493
H           -2.97804358915165       -1.97399754417942        2.25067068218855
H           -2.05361921677551       -2.05122055700921        3.75883345107991
H           -3.12508779581736       -0.66978993288381        3.45550274059992
H           -4.40118932529680       -0.08385770465267       -1.67400560624556
H           -5.23724521807470       -1.28483620838866       -0.65985060636581
H           -5.52020654203222        1.77027976065508       -0.42549573070048
H           -6.72233121314759        0.67046024475191       -1.13254110785816
H           -6.35787518423696        0.57994583474450        0.60213018976618
41
 energy: -2932.482431297371 gnorm: 0.000412657293 xtb: 6.7.1 (edcfbbe)
C            5.12918532976795       -1.53860830303803       -0.87884132477869
C            4.91696466890314       -0.25135289244185       -0.12258317573537
O            3.57989398508172       -0.18929579738929        0.48516079980304
P            2.25536500432812        0.20548989265717       -0.34146016704355
S            2.49240343003832        1.30197465370861       -1.93337476865114
O            1.30819010474828        0.80388629350023        0.80980076797614
C            1.28905462011069        2.24394328478355        1.11482314583297
C            2.54282074938502        2.68107501212557        1.83194816757744
S            1.41670665917163       -1.71701705422465       -0.61681391670608
C           -0.08599384706799       -1.32786282358349       -1.61740992439516
S           -1.67532892443118       -1.70338180136774       -0.78034542720975
P           -2.29571671827320        0.18088315059347       -0.01134628560372
S           -1.99116076844895        1.71125158710795       -1.17223357261189
O           -1.66617305473965        0.40869022131406        1.44106161706838
C           -1.25886527813000       -0.65644982736414        2.37291410863059
C           -2.43429707474220       -1.37450686942956        2.98630462278875
O           -3.82054400358220       -0.18444853833394        0.35247334213388
C           -4.85556828884205       -0.26080432305460       -0.69379820588108
C           -5.92570351639780        0.75436137875859       -0.38697788148624
H            4.94885894012750       -2.40569543366777       -0.23674184186270
H            4.47954800024050       -1.60160531091786       -1.75679651679940
H            6.16837976593361       -1.57430640782165       -1.22197538556114
H            5.04521472781492        0.62710360907384       -0.76166233376680
H            5.58948403521914       -0.17120760789918        0.73381306065985
H            1.13730790198843        2.79020809080740        0.17934179638181
H            0.40253829034101        2.35841061982721        1.74169877333494
H            3.42502101402501        2.60060847224125        1.18942156957175
H            2.42940758970038        3.73050853168019        2.12295445592403
H            2.70461437831336        2.08764503609307        2.73620654626011
H           -0.05657246882466       -1.97019997768175       -2.50080459907587
H           -0.06960041395548       -0.28126782650482       -1.94309117612034
H           -0.59125779783887       -1.33923005822408        1.83917205017238
H           -0.68135428767437       -0.11660424161833        3.12599384398462
H           -2.97856529194123       -1.97380103467282        2.25131115261239
H           -2.05490325704764       -2.05024317346665        3.76003471298008
H           -3.12580245914239       -0.66873883468035        3.45512098470141
H           -4.39985310543394       -0.08303591163811       -1.67263613743381
H           -5.23544412267392       -1.28484976367706       -0.65915098925232
H           -5.52197769586809        1.77006585719929       -0.42609890297242
H           -6.72253161763495        0.66821842199392       -1.13265525460730
H           -6.35816018875660        0.57929371585090        0.60220299438809
41
 energy: -2932.482433759192 gnorm: 0.000577666856 xtb: 6.7.1 (edcfbbe)
C            5.12910570793816       -1.53820721393786       -0.87890793592251
C            4.91667758530965       -0.25123074246040       -0.12234671398305
O            3.57922956041431       -0.18932052554418        0.48495975210789
P            2.25549582877069        0.20662419734271       -0.34275202060231
S            2.49293854120010        1.30216490585447       -1.93525165493900
O            1.30717917960646        0.80431279764995        0.80781340680889
C            1.28875493676882        2.24422715563664        1.11429945299348
C            2.54267332762241        2.67960847471148        1.83227143480337
S            1.41721443196673       -1.71545149257501       -0.61928737383215
C           -0.08737256824428       -1.32789256439276       -1.61751862864485
S           -1.67745530612911       -1.70157735363715       -0.78043201131673
P           -2.29402673180542        0.18313928547973       -0.01021116962950
S           -1.98798462521822        1.71152897797844       -1.17358261444926
O           -1.66425311819567        0.40923214655836        1.44241592517232
C           -1.25870894038478       -0.65706474415137        2.37376005099814
C           -2.43537857224045       -1.37350003017144        2.98677311935530
O           -3.81903605424645       -0.18191380015961        0.35372047725015
C           -4.85328421250851       -0.26035655672121       -0.69319988034553
C           -5.92572836824876        0.75259513100119       -0.38699338438535
H            4.94769320329401       -2.40549027592861       -0.23737859421334
H            4.48039044867960       -1.60046992099944       -1.75758113078462
H            6.16866695357961       -1.57421797010299       -1.22090597463312
H            5.04482760718198        0.62757830145339       -0.76095928638694
H            5.58862198469071       -0.17135738413214        0.73452660217416
H            1.13770764907900        2.79130281112025        0.17907693956872
H            0.40202888561726        2.35853374307833        1.74095296309739
H            3.42502976654077        2.60006095301431        1.18977633584113
H            2.42953942996854        3.72860640707367        2.12512080684529
H            2.70405008458410        2.08443690580106        2.73560553364351
H           -0.05904080787328       -1.97182595485439       -2.49981763982719
H           -0.07080821669663       -0.28209670411657       -1.94558530449397
H           -0.59201618407030       -1.34049124848802        1.83965243083646
H           -0.68051471926407       -0.11822135817373        3.12708005648281
H           -2.97938541499660       -1.97325315182954        2.25189769908959
H           -2.05730630955657       -2.04857244112737        3.76173424460527
H           -3.12678497042480       -0.66660853151702        3.45410513757170
H           -4.39725084729986       -0.08134064515828       -1.67169763833768
H           -5.23137441265250       -1.28516983463148       -0.65919520233181
H           -5.52421467508911        1.76920975436896       -0.42689743733791
H           -6.72253921060988        0.66422253661670       -1.13245548370441
H           -6.35777659223917        0.57735437187890        0.60234779258592
41
 energy: -2932.482433759192 gnorm: 0.000577666856 xtb: 6.7.1 (edcfbbe)
C            5.12910570793816       -1.53820721393786       -0.87890793592251
C            4.91667758530965       -0.25123074246040       -0.12234671398305
O            3.57922956041431       -0.18932052554418        0.48495975210789
P            2.25549582877069        0.20662419734271       -0.34275202060231
S            2.49293854120010        1.30216490585447       -1.93525165493900
O            1.30717917960646        0.80431279764995        0.80781340680889
C            1.28875493676882        2.24422715563664        1.11429945299348
C            2.54267332762241        2.67960847471148        1.83227143480337
S            1.41721443196673       -1.71545149257501       -0.61928737383215
C           -0.08737256824428       -1.32789256439276       -1.61751862864485
S           -1.67745530612911       -1.70157735363715       -0.78043201131673
P           -2.29402673180542        0.18313928547973       -0.01021116962950
S           -1.98798462521822        1.71152897797844       -1.17358261444926
O           -1.66425311819567        0.40923214655836        1.44241592517232
C           -1.25870894038478       -0.65706474415137        2.37376005099814
C           -2.43537857224045       -1.37350003017144        2.98677311935530
O           -3.81903605424645       -0.18191380015961        0.35372047725015
C           -4.85328421250851       -0.26035655672121       -0.69319988034553
C           -5.92572836824876        0.75259513100119       -0.38699338438535
H            4.94769320329401       -2.40549027592861       -0.23737859421334
H            4.48039044867960       -1.60046992099944       -1.75758113078462
H            6.16866695357961       -1.57421797010299       -1.22090597463312
H            5.04482760718198        0.62757830145339       -0.76095928638694
H            5.58862198469071       -0.17135738413214        0.73452660217416
H            1.13770764907900        2.79130281112025        0.17907693956872
H            0.40202888561726        2.35853374307833        1.74095296309739
H            3.42502976654077        2.60006095301431        1.18977633584113
H            2.42953942996854        3.72860640707367        2.12512080684529
H            2.70405008458410        2.08443690580106        2.73560553364351
H           -0.05904080787328       -1.97182595485439       -2.49981763982719
H           -0.07080821669663       -0.28209670411657       -1.94558530449397
H           -0.59201618407030       -1.34049124848802        1.83965243083646
H           -0.68051471926407       -0.11822135817373        3.12708005648281
H           -2.97938541499660       -1.97325315182954        2.25189769908959
H           -2.05730630955657       -2.04857244112737        3.76173424460527
H           -3.12678497042480       -0.66660853151702        3.45410513757170
H           -4.39725084729986       -0.08134064515828       -1.67169763833768
H           -5.23137441265250       -1.28516983463148       -0.65919520233181
H           -5.52421467508911        1.76920975436896       -0.42689743733791
H           -6.72253921060988        0.66422253661670       -1.13245548370441
H           -6.35777659223917        0.57735437187890        0.60234779258592
