----------------------------------------------- 
  Element       SASA      Sigma Z        Total  
     Z         Ang**2 cal/Ang**2/mol   kcal/mol 
----------------------------------------------- 
      H        254.645      48.690      12.399
      C         58.428     129.740       7.580
      O         30.507       0.000       0.000
      P          1.124       0.000       0.000
      S        110.514      -9.100      -1.006

 Subtotal:     455.218                  18.973
 -----------------------------------------------

  Elements    COT*SASA   Sigma Z,Z'     Total   
    Z,Z'       Ang**2  cal/Ang**2/mol kcal/mol  
 ---------------------------------------------- 
  H   C        171.241     -60.770     -10.406
  H   O          0.000       0.000       0.000
  C   C         34.005     -72.950      -2.481
  O   C          0.000      68.690       0.000
  O   O          0.000       0.000       0.000
  O   P         20.878      68.850       1.437

 Subtotal:                             -11.450
 ---------------------------------------------- 

 NONAQUEOUS SOLVENT CONTRIBUTION (kcal/mol):
 (proportional to SASA, atomic number independent)
 ---------------------------------------------- 
 Subtotal:                               0.000
 ---------------------------------------------- 

 CDS TOTAL (kcal/mol):                   7.524
...............................................................................
